2025-06-11 16:39:39 - INFO - train_GIN_demo.py
2025-06-11 16:39:39 - INFO - train data: 11904
2025-06-11 16:39:39 - INFO - valid data: 1000
2025-06-11 16:39:39 - INFO - test2013 data: 107
2025-06-11 16:39:39 - INFO - test2016 data: 285
2025-06-11 16:39:39 - INFO - test2019 data: 4366
2025-06-11 16:39:44 - INFO - epoch-0, train_loss-40.4264, train_rmse-6.3582, valid_rmse-5.6716, valid_pr-0.4760
2025-06-11 16:39:47 - INFO - epoch-1, train_loss-25.2235, train_rmse-5.0223, valid_rmse-4.0077, valid_pr-0.4282
2025-06-11 16:39:50 - INFO - epoch-2, train_loss-7.7268, train_rmse-2.7797, valid_rmse-1.7461, valid_pr-0.4679
2025-06-11 16:39:53 - INFO - epoch-3, train_loss-3.7384, train_rmse-1.9335, valid_rmse-1.6206, valid_pr-0.4835
2025-06-11 16:39:56 - INFO - epoch-4, train_loss-3.4270, train_rmse-1.8512, valid_rmse-1.6281, valid_pr-0.4847
2025-06-11 16:39:59 - INFO - epoch-5, train_loss-3.3417, train_rmse-1.8280, valid_rmse-1.6547, valid_pr-0.4665
2025-06-11 16:40:02 - INFO - epoch-6, train_loss-3.3389, train_rmse-1.8273, valid_rmse-1.6360, valid_pr-0.4825
2025-06-11 16:40:05 - INFO - epoch-7, train_loss-3.2653, train_rmse-1.8070, valid_rmse-1.6076, valid_pr-0.4988
2025-06-11 16:40:08 - INFO - epoch-8, train_loss-3.2539, train_rmse-1.8039, valid_rmse-1.6413, valid_pr-0.5090
2025-06-11 16:40:11 - INFO - epoch-9, train_loss-3.1497, train_rmse-1.7747, valid_rmse-1.6595, valid_pr-0.4987
2025-06-11 16:40:14 - INFO - epoch-10, train_loss-3.2331, train_rmse-1.7981, valid_rmse-1.6469, valid_pr-0.4935
2025-06-11 16:40:17 - INFO - epoch-11, train_loss-3.1394, train_rmse-1.7718, valid_rmse-1.6155, valid_pr-0.4969
2025-06-11 16:40:20 - INFO - epoch-12, train_loss-3.1110, train_rmse-1.7638, valid_rmse-1.5940, valid_pr-0.5058
2025-06-11 16:40:24 - INFO - epoch-13, train_loss-3.0503, train_rmse-1.7465, valid_rmse-1.5831, valid_pr-0.5144
2025-06-11 16:40:27 - INFO - epoch-14, train_loss-3.0300, train_rmse-1.7407, valid_rmse-1.5838, valid_pr-0.5165
2025-06-11 16:40:30 - INFO - epoch-15, train_loss-2.9923, train_rmse-1.7298, valid_rmse-1.6031, valid_pr-0.5145
2025-06-11 16:40:33 - INFO - epoch-16, train_loss-2.9192, train_rmse-1.7086, valid_rmse-1.5928, valid_pr-0.5103
2025-06-11 16:40:36 - INFO - epoch-17, train_loss-2.8918, train_rmse-1.7005, valid_rmse-1.5781, valid_pr-0.5191
2025-06-11 16:40:39 - INFO - epoch-18, train_loss-2.8720, train_rmse-1.6947, valid_rmse-1.5935, valid_pr-0.5112
2025-06-11 16:40:42 - INFO - epoch-19, train_loss-2.8698, train_rmse-1.6940, valid_rmse-1.5819, valid_pr-0.5190
2025-06-11 16:40:45 - INFO - epoch-20, train_loss-2.8496, train_rmse-1.6881, valid_rmse-1.6023, valid_pr-0.5241
2025-06-11 16:40:48 - INFO - epoch-21, train_loss-2.8197, train_rmse-1.6792, valid_rmse-1.6123, valid_pr-0.5238
2025-06-11 16:40:51 - INFO - epoch-22, train_loss-2.7491, train_rmse-1.6580, valid_rmse-1.5883, valid_pr-0.5353
2025-06-11 16:40:54 - INFO - epoch-23, train_loss-2.7287, train_rmse-1.6519, valid_rmse-1.5829, valid_pr-0.5282
2025-06-11 16:40:57 - INFO - epoch-24, train_loss-2.7330, train_rmse-1.6532, valid_rmse-1.5863, valid_pr-0.5382
2025-06-11 16:41:00 - INFO - epoch-25, train_loss-2.7005, train_rmse-1.6433, valid_rmse-1.5846, valid_pr-0.5394
2025-06-11 16:41:04 - INFO - epoch-26, train_loss-2.6932, train_rmse-1.6411, valid_rmse-1.5513, valid_pr-0.5495
2025-06-11 16:41:07 - INFO - epoch-27, train_loss-2.7081, train_rmse-1.6456, valid_rmse-1.5631, valid_pr-0.5462
2025-06-11 16:41:10 - INFO - epoch-28, train_loss-2.6446, train_rmse-1.6262, valid_rmse-1.6131, valid_pr-0.5256
2025-06-11 16:41:13 - INFO - epoch-29, train_loss-2.6303, train_rmse-1.6218, valid_rmse-1.5432, valid_pr-0.5495
2025-06-11 16:41:16 - INFO - epoch-30, train_loss-2.5954, train_rmse-1.6110, valid_rmse-1.5596, valid_pr-0.5481
2025-06-11 16:41:19 - INFO - epoch-31, train_loss-2.5533, train_rmse-1.5979, valid_rmse-1.5415, valid_pr-0.5509
2025-06-11 16:41:22 - INFO - epoch-32, train_loss-2.5633, train_rmse-1.6010, valid_rmse-1.5994, valid_pr-0.5352
2025-06-11 16:41:26 - INFO - epoch-33, train_loss-2.5716, train_rmse-1.6036, valid_rmse-1.5538, valid_pr-0.5501
2025-06-11 16:41:29 - INFO - epoch-34, train_loss-2.5506, train_rmse-1.5971, valid_rmse-1.5543, valid_pr-0.5507
2025-06-11 16:41:32 - INFO - epoch-35, train_loss-2.5223, train_rmse-1.5882, valid_rmse-1.5618, valid_pr-0.5492
2025-06-11 16:41:35 - INFO - epoch-36, train_loss-2.5175, train_rmse-1.5867, valid_rmse-1.5532, valid_pr-0.5522
2025-06-11 16:41:38 - INFO - epoch-37, train_loss-2.4798, train_rmse-1.5747, valid_rmse-1.5409, valid_pr-0.5632
2025-06-11 16:41:41 - INFO - epoch-38, train_loss-2.5036, train_rmse-1.5823, valid_rmse-1.5376, valid_pr-0.5547
2025-06-11 16:41:44 - INFO - epoch-39, train_loss-2.5040, train_rmse-1.5824, valid_rmse-1.5305, valid_pr-0.5604
2025-06-11 16:41:47 - INFO - epoch-40, train_loss-2.4713, train_rmse-1.5720, valid_rmse-1.5374, valid_pr-0.5549
2025-06-11 16:41:51 - INFO - epoch-41, train_loss-2.4427, train_rmse-1.5629, valid_rmse-1.5182, valid_pr-0.5702
2025-06-11 16:41:54 - INFO - epoch-42, train_loss-2.4551, train_rmse-1.5669, valid_rmse-1.5574, valid_pr-0.5531
2025-06-11 16:41:57 - INFO - epoch-43, train_loss-2.4239, train_rmse-1.5569, valid_rmse-1.5130, valid_pr-0.5758
2025-06-11 16:42:00 - INFO - epoch-44, train_loss-2.4263, train_rmse-1.5577, valid_rmse-1.5273, valid_pr-0.5676
2025-06-11 16:42:04 - INFO - epoch-45, train_loss-2.3996, train_rmse-1.5491, valid_rmse-1.5504, valid_pr-0.5660
2025-06-11 16:42:07 - INFO - epoch-46, train_loss-2.3884, train_rmse-1.5454, valid_rmse-1.5110, valid_pr-0.5756
2025-06-11 16:42:10 - INFO - epoch-47, train_loss-2.3591, train_rmse-1.5359, valid_rmse-1.5312, valid_pr-0.5601
2025-06-11 16:42:13 - INFO - epoch-48, train_loss-2.3551, train_rmse-1.5346, valid_rmse-1.5491, valid_pr-0.5577
2025-06-11 16:42:16 - INFO - epoch-49, train_loss-2.3489, train_rmse-1.5326, valid_rmse-1.5300, valid_pr-0.5719
2025-06-11 16:42:19 - INFO - epoch-50, train_loss-2.3714, train_rmse-1.5399, valid_rmse-1.5263, valid_pr-0.5726
2025-06-11 16:42:22 - INFO - epoch-51, train_loss-2.3240, train_rmse-1.5245, valid_rmse-1.5424, valid_pr-0.5620
2025-06-11 16:42:25 - INFO - epoch-52, train_loss-2.3107, train_rmse-1.5201, valid_rmse-1.5334, valid_pr-0.5668
2025-06-11 16:42:28 - INFO - epoch-53, train_loss-2.3154, train_rmse-1.5216, valid_rmse-1.4982, valid_pr-0.5850
2025-06-11 16:42:31 - INFO - epoch-54, train_loss-2.3059, train_rmse-1.5185, valid_rmse-1.5572, valid_pr-0.5504
2025-06-11 16:42:34 - INFO - epoch-55, train_loss-2.2892, train_rmse-1.5130, valid_rmse-1.5314, valid_pr-0.5680
2025-06-11 16:42:37 - INFO - epoch-56, train_loss-2.2887, train_rmse-1.5128, valid_rmse-1.5065, valid_pr-0.5831
2025-06-11 16:42:40 - INFO - epoch-57, train_loss-2.2526, train_rmse-1.5009, valid_rmse-1.5028, valid_pr-0.5854
2025-06-11 16:42:43 - INFO - epoch-58, train_loss-2.2680, train_rmse-1.5060, valid_rmse-1.4989, valid_pr-0.5861
2025-06-11 16:42:46 - INFO - epoch-59, train_loss-2.2348, train_rmse-1.4949, valid_rmse-1.4944, valid_pr-0.5879
2025-06-11 16:42:49 - INFO - epoch-60, train_loss-2.2047, train_rmse-1.4848, valid_rmse-1.4988, valid_pr-0.5920
2025-06-11 16:42:53 - INFO - epoch-61, train_loss-2.2407, train_rmse-1.4969, valid_rmse-1.5123, valid_pr-0.5741
2025-06-11 16:42:56 - INFO - epoch-62, train_loss-2.2047, train_rmse-1.4848, valid_rmse-1.5827, valid_pr-0.5628
2025-06-11 16:42:59 - INFO - epoch-63, train_loss-2.2428, train_rmse-1.4976, valid_rmse-1.5160, valid_pr-0.5725
2025-06-11 16:43:02 - INFO - epoch-64, train_loss-2.1758, train_rmse-1.4751, valid_rmse-1.4818, valid_pr-0.6014
2025-06-11 16:43:05 - INFO - epoch-65, train_loss-2.1614, train_rmse-1.4702, valid_rmse-1.4797, valid_pr-0.6000
2025-06-11 16:43:08 - INFO - epoch-66, train_loss-2.1408, train_rmse-1.4631, valid_rmse-1.4815, valid_pr-0.5968
2025-06-11 16:43:11 - INFO - epoch-67, train_loss-2.1504, train_rmse-1.4664, valid_rmse-1.4926, valid_pr-0.5962
2025-06-11 16:43:15 - INFO - epoch-68, train_loss-2.1288, train_rmse-1.4591, valid_rmse-1.5631, valid_pr-0.5741
2025-06-11 16:43:18 - INFO - epoch-69, train_loss-2.1352, train_rmse-1.4612, valid_rmse-1.4750, valid_pr-0.6051
2025-06-11 16:43:21 - INFO - epoch-70, train_loss-2.1259, train_rmse-1.4580, valid_rmse-1.4764, valid_pr-0.6026
2025-06-11 16:43:24 - INFO - epoch-71, train_loss-2.1157, train_rmse-1.4546, valid_rmse-1.4909, valid_pr-0.5939
2025-06-11 16:43:27 - INFO - epoch-72, train_loss-2.1069, train_rmse-1.4515, valid_rmse-1.4667, valid_pr-0.6088
2025-06-11 16:43:30 - INFO - epoch-73, train_loss-2.0933, train_rmse-1.4468, valid_rmse-1.4788, valid_pr-0.6030
2025-06-11 16:43:33 - INFO - epoch-74, train_loss-2.0784, train_rmse-1.4417, valid_rmse-1.5418, valid_pr-0.5915
2025-06-11 16:43:36 - INFO - epoch-75, train_loss-2.0692, train_rmse-1.4385, valid_rmse-1.4789, valid_pr-0.6045
2025-06-11 16:43:39 - INFO - epoch-76, train_loss-2.0662, train_rmse-1.4374, valid_rmse-1.4639, valid_pr-0.6106
2025-06-11 16:43:42 - INFO - epoch-77, train_loss-2.0788, train_rmse-1.4418, valid_rmse-1.5141, valid_pr-0.5833
2025-06-11 16:43:45 - INFO - epoch-78, train_loss-2.0758, train_rmse-1.4408, valid_rmse-1.4902, valid_pr-0.6114
2025-06-11 16:43:48 - INFO - epoch-79, train_loss-2.0369, train_rmse-1.4272, valid_rmse-1.5005, valid_pr-0.5953
2025-06-11 16:43:51 - INFO - epoch-80, train_loss-2.0213, train_rmse-1.4217, valid_rmse-1.4620, valid_pr-0.6106
2025-06-11 16:43:54 - INFO - epoch-81, train_loss-2.0159, train_rmse-1.4198, valid_rmse-1.5229, valid_pr-0.5828
2025-06-11 16:43:57 - INFO - epoch-82, train_loss-2.0346, train_rmse-1.4264, valid_rmse-1.4688, valid_pr-0.6154
2025-06-11 16:44:00 - INFO - epoch-83, train_loss-2.0257, train_rmse-1.4233, valid_rmse-1.4671, valid_pr-0.6074
2025-06-11 16:44:03 - INFO - epoch-84, train_loss-2.0097, train_rmse-1.4176, valid_rmse-1.4603, valid_pr-0.6153
2025-06-11 16:44:07 - INFO - epoch-85, train_loss-1.9574, train_rmse-1.3991, valid_rmse-1.4749, valid_pr-0.6033
2025-06-11 16:44:10 - INFO - epoch-86, train_loss-1.9782, train_rmse-1.4065, valid_rmse-1.4741, valid_pr-0.6022
2025-06-11 16:44:13 - INFO - epoch-87, train_loss-1.9716, train_rmse-1.4041, valid_rmse-1.4791, valid_pr-0.6081
2025-06-11 16:44:16 - INFO - epoch-88, train_loss-1.9597, train_rmse-1.3999, valid_rmse-1.4580, valid_pr-0.6173
2025-06-11 16:44:19 - INFO - epoch-89, train_loss-1.9308, train_rmse-1.3895, valid_rmse-1.4595, valid_pr-0.6125
2025-06-11 16:44:22 - INFO - epoch-90, train_loss-1.9298, train_rmse-1.3892, valid_rmse-1.4610, valid_pr-0.6136
2025-06-11 16:44:25 - INFO - epoch-91, train_loss-1.9469, train_rmse-1.3953, valid_rmse-1.5504, valid_pr-0.5917
2025-06-11 16:44:27 - INFO - epoch-92, train_loss-1.9258, train_rmse-1.3877, valid_rmse-1.4629, valid_pr-0.6138
2025-06-11 16:44:31 - INFO - epoch-93, train_loss-1.9047, train_rmse-1.3801, valid_rmse-1.4650, valid_pr-0.6089
2025-06-11 16:44:34 - INFO - epoch-94, train_loss-1.9238, train_rmse-1.3870, valid_rmse-1.4627, valid_pr-0.6125
2025-06-11 16:44:37 - INFO - epoch-95, train_loss-1.9112, train_rmse-1.3824, valid_rmse-1.4442, valid_pr-0.6279
2025-06-11 16:44:40 - INFO - epoch-96, train_loss-1.8917, train_rmse-1.3754, valid_rmse-1.4398, valid_pr-0.6284
2025-06-11 16:44:43 - INFO - epoch-97, train_loss-1.8868, train_rmse-1.3736, valid_rmse-1.4484, valid_pr-0.6228
2025-06-11 16:44:46 - INFO - epoch-98, train_loss-1.8746, train_rmse-1.3692, valid_rmse-1.5196, valid_pr-0.5978
2025-06-11 16:44:49 - INFO - epoch-99, train_loss-1.8925, train_rmse-1.3757, valid_rmse-1.4539, valid_pr-0.6167
2025-06-11 16:44:52 - INFO - epoch-100, train_loss-1.8610, train_rmse-1.3642, valid_rmse-1.5018, valid_pr-0.5922
2025-06-11 16:44:55 - INFO - epoch-101, train_loss-1.8638, train_rmse-1.3652, valid_rmse-1.4693, valid_pr-0.6126
2025-06-11 16:44:58 - INFO - epoch-102, train_loss-1.8488, train_rmse-1.3597, valid_rmse-1.4443, valid_pr-0.6249
2025-06-11 16:45:01 - INFO - epoch-103, train_loss-1.8514, train_rmse-1.3607, valid_rmse-1.4553, valid_pr-0.6157
2025-06-11 16:45:04 - INFO - epoch-104, train_loss-1.8643, train_rmse-1.3654, valid_rmse-1.4805, valid_pr-0.6031
2025-06-11 16:45:07 - INFO - epoch-105, train_loss-1.8442, train_rmse-1.3580, valid_rmse-1.4598, valid_pr-0.6284
2025-06-11 16:45:10 - INFO - epoch-106, train_loss-1.8195, train_rmse-1.3489, valid_rmse-1.4266, valid_pr-0.6358
2025-06-11 16:45:13 - INFO - epoch-107, train_loss-1.8201, train_rmse-1.3491, valid_rmse-1.5046, valid_pr-0.6153
2025-06-11 16:45:16 - INFO - epoch-108, train_loss-1.8264, train_rmse-1.3514, valid_rmse-1.4405, valid_pr-0.6351
2025-06-11 16:45:20 - INFO - epoch-109, train_loss-1.8003, train_rmse-1.3417, valid_rmse-1.4476, valid_pr-0.6307
2025-06-11 16:45:22 - INFO - epoch-110, train_loss-1.7869, train_rmse-1.3367, valid_rmse-1.4274, valid_pr-0.6371
2025-06-11 16:45:25 - INFO - epoch-111, train_loss-1.7925, train_rmse-1.3388, valid_rmse-1.4142, valid_pr-0.6481
2025-06-11 16:45:29 - INFO - epoch-112, train_loss-1.7660, train_rmse-1.3289, valid_rmse-1.4244, valid_pr-0.6383
2025-06-11 16:45:32 - INFO - epoch-113, train_loss-1.7922, train_rmse-1.3387, valid_rmse-1.4617, valid_pr-0.6113
2025-06-11 16:45:35 - INFO - epoch-114, train_loss-1.7566, train_rmse-1.3254, valid_rmse-1.4316, valid_pr-0.6348
2025-06-11 16:45:38 - INFO - epoch-115, train_loss-1.7487, train_rmse-1.3224, valid_rmse-1.4467, valid_pr-0.6331
2025-06-11 16:45:41 - INFO - epoch-116, train_loss-1.7480, train_rmse-1.3221, valid_rmse-1.4509, valid_pr-0.6302
2025-06-11 16:45:44 - INFO - epoch-117, train_loss-1.7582, train_rmse-1.3260, valid_rmse-1.4355, valid_pr-0.6405
2025-06-11 16:45:47 - INFO - epoch-118, train_loss-1.7643, train_rmse-1.3283, valid_rmse-1.4213, valid_pr-0.6441
2025-06-11 16:45:50 - INFO - epoch-119, train_loss-1.7410, train_rmse-1.3195, valid_rmse-1.4640, valid_pr-0.6212
2025-06-11 16:45:53 - INFO - epoch-120, train_loss-1.7447, train_rmse-1.3209, valid_rmse-1.4597, valid_pr-0.6290
2025-06-11 16:45:56 - INFO - epoch-121, train_loss-1.7404, train_rmse-1.3193, valid_rmse-1.4483, valid_pr-0.6270
2025-06-11 16:45:59 - INFO - epoch-122, train_loss-1.7265, train_rmse-1.3139, valid_rmse-1.4399, valid_pr-0.6293
2025-06-11 16:46:02 - INFO - epoch-123, train_loss-1.7299, train_rmse-1.3153, valid_rmse-1.5590, valid_pr-0.5695
2025-06-11 16:46:05 - INFO - epoch-124, train_loss-1.7099, train_rmse-1.3076, valid_rmse-1.4182, valid_pr-0.6454
2025-06-11 16:46:08 - INFO - epoch-125, train_loss-1.6902, train_rmse-1.3001, valid_rmse-1.4358, valid_pr-0.6326
2025-06-11 16:46:11 - INFO - epoch-126, train_loss-1.6866, train_rmse-1.2987, valid_rmse-1.4475, valid_pr-0.6264
2025-06-11 16:46:14 - INFO - epoch-127, train_loss-1.6615, train_rmse-1.2890, valid_rmse-1.4199, valid_pr-0.6411
2025-06-11 16:46:17 - INFO - epoch-128, train_loss-1.6822, train_rmse-1.2970, valid_rmse-1.4737, valid_pr-0.6256
2025-06-11 16:46:21 - INFO - epoch-129, train_loss-1.6846, train_rmse-1.2979, valid_rmse-1.4677, valid_pr-0.6153
2025-06-11 16:46:24 - INFO - epoch-130, train_loss-1.6680, train_rmse-1.2915, valid_rmse-1.4309, valid_pr-0.6377
2025-06-11 16:46:27 - INFO - epoch-131, train_loss-1.6693, train_rmse-1.2920, valid_rmse-1.4191, valid_pr-0.6437
2025-06-11 16:46:30 - INFO - epoch-132, train_loss-1.6529, train_rmse-1.2857, valid_rmse-1.4426, valid_pr-0.6304
2025-06-11 16:46:33 - INFO - epoch-133, train_loss-1.6666, train_rmse-1.2910, valid_rmse-1.4236, valid_pr-0.6410
2025-06-11 16:46:36 - INFO - epoch-134, train_loss-1.6154, train_rmse-1.2710, valid_rmse-1.4047, valid_pr-0.6519
2025-06-11 16:46:39 - INFO - epoch-135, train_loss-1.6247, train_rmse-1.2747, valid_rmse-1.4200, valid_pr-0.6418
2025-06-11 16:46:42 - INFO - epoch-136, train_loss-1.6198, train_rmse-1.2727, valid_rmse-1.4159, valid_pr-0.6428
2025-06-11 16:46:45 - INFO - epoch-137, train_loss-1.6574, train_rmse-1.2874, valid_rmse-1.4246, valid_pr-0.6463
2025-06-11 16:46:48 - INFO - epoch-138, train_loss-1.6373, train_rmse-1.2796, valid_rmse-1.4107, valid_pr-0.6556
2025-06-11 16:46:51 - INFO - epoch-139, train_loss-1.6260, train_rmse-1.2751, valid_rmse-1.4581, valid_pr-0.6308
2025-06-11 16:46:54 - INFO - epoch-140, train_loss-1.6173, train_rmse-1.2717, valid_rmse-1.4623, valid_pr-0.6315
2025-06-11 16:46:58 - INFO - epoch-141, train_loss-1.6097, train_rmse-1.2687, valid_rmse-1.4036, valid_pr-0.6516
2025-06-11 16:47:01 - INFO - epoch-142, train_loss-1.5836, train_rmse-1.2584, valid_rmse-1.4377, valid_pr-0.6361
2025-06-11 16:47:04 - INFO - epoch-143, train_loss-1.6038, train_rmse-1.2664, valid_rmse-1.3937, valid_pr-0.6569
2025-06-11 16:47:07 - INFO - epoch-144, train_loss-1.5828, train_rmse-1.2581, valid_rmse-1.4817, valid_pr-0.6343
2025-06-11 16:47:10 - INFO - epoch-145, train_loss-1.5636, train_rmse-1.2504, valid_rmse-1.4348, valid_pr-0.6429
2025-06-11 16:47:13 - INFO - epoch-146, train_loss-1.5797, train_rmse-1.2568, valid_rmse-1.4481, valid_pr-0.6328
2025-06-11 16:47:17 - INFO - epoch-147, train_loss-1.5816, train_rmse-1.2576, valid_rmse-1.4387, valid_pr-0.6274
2025-06-11 16:47:20 - INFO - epoch-148, train_loss-1.5731, train_rmse-1.2542, valid_rmse-1.4318, valid_pr-0.6400
2025-06-11 16:47:23 - INFO - epoch-149, train_loss-1.5650, train_rmse-1.2510, valid_rmse-1.4751, valid_pr-0.6159
2025-06-11 16:47:26 - INFO - epoch-150, train_loss-1.5839, train_rmse-1.2585, valid_rmse-1.4148, valid_pr-0.6444
2025-06-11 16:47:29 - INFO - epoch-151, train_loss-1.5670, train_rmse-1.2518, valid_rmse-1.4253, valid_pr-0.6386
2025-06-11 16:47:32 - INFO - epoch-152, train_loss-1.5196, train_rmse-1.2327, valid_rmse-1.4314, valid_pr-0.6354
2025-06-11 16:47:35 - INFO - epoch-153, train_loss-1.5329, train_rmse-1.2381, valid_rmse-1.4173, valid_pr-0.6532
2025-06-11 16:47:38 - INFO - epoch-154, train_loss-1.5523, train_rmse-1.2459, valid_rmse-1.3980, valid_pr-0.6552
2025-06-11 16:47:41 - INFO - epoch-155, train_loss-1.5460, train_rmse-1.2434, valid_rmse-1.4244, valid_pr-0.6439
2025-06-11 16:47:44 - INFO - epoch-156, train_loss-1.5443, train_rmse-1.2427, valid_rmse-1.3993, valid_pr-0.6569
2025-06-11 16:47:47 - INFO - epoch-157, train_loss-1.5240, train_rmse-1.2345, valid_rmse-1.4369, valid_pr-0.6386
2025-06-11 16:47:50 - INFO - epoch-158, train_loss-1.5210, train_rmse-1.2333, valid_rmse-1.4227, valid_pr-0.6457
2025-06-11 16:47:53 - INFO - epoch-159, train_loss-1.5120, train_rmse-1.2296, valid_rmse-1.4207, valid_pr-0.6411
2025-06-11 16:47:56 - INFO - epoch-160, train_loss-1.4941, train_rmse-1.2223, valid_rmse-1.4360, valid_pr-0.6334
2025-06-11 16:47:59 - INFO - epoch-161, train_loss-1.4957, train_rmse-1.2230, valid_rmse-1.4289, valid_pr-0.6477
2025-06-11 16:48:02 - INFO - epoch-162, train_loss-1.5048, train_rmse-1.2267, valid_rmse-1.4052, valid_pr-0.6544
2025-06-11 16:48:05 - INFO - epoch-163, train_loss-1.4875, train_rmse-1.2196, valid_rmse-1.3946, valid_pr-0.6583
2025-06-11 16:48:08 - INFO - epoch-164, train_loss-1.4796, train_rmse-1.2164, valid_rmse-1.4479, valid_pr-0.6332
2025-06-11 16:48:11 - INFO - epoch-165, train_loss-1.4757, train_rmse-1.2148, valid_rmse-1.4402, valid_pr-0.6279
2025-06-11 16:48:15 - INFO - epoch-166, train_loss-1.5064, train_rmse-1.2274, valid_rmse-1.4130, valid_pr-0.6468
2025-06-11 16:48:18 - INFO - epoch-167, train_loss-1.4651, train_rmse-1.2104, valid_rmse-1.3974, valid_pr-0.6563
2025-06-11 16:48:21 - INFO - epoch-168, train_loss-1.4564, train_rmse-1.2068, valid_rmse-1.4129, valid_pr-0.6553
2025-06-11 16:48:24 - INFO - epoch-169, train_loss-1.4367, train_rmse-1.1986, valid_rmse-1.3902, valid_pr-0.6601
2025-06-11 16:48:27 - INFO - epoch-170, train_loss-1.4731, train_rmse-1.2137, valid_rmse-1.4245, valid_pr-0.6424
2025-06-11 16:48:31 - INFO - epoch-171, train_loss-1.4351, train_rmse-1.1979, valid_rmse-1.3879, valid_pr-0.6622
2025-06-11 16:48:34 - INFO - epoch-172, train_loss-1.4469, train_rmse-1.2029, valid_rmse-1.4666, valid_pr-0.6320
2025-06-11 16:48:37 - INFO - epoch-173, train_loss-1.4341, train_rmse-1.1976, valid_rmse-1.4064, valid_pr-0.6533
2025-06-11 16:48:40 - INFO - epoch-174, train_loss-1.4441, train_rmse-1.2017, valid_rmse-1.3987, valid_pr-0.6567
2025-06-11 16:48:43 - INFO - epoch-175, train_loss-1.4349, train_rmse-1.1979, valid_rmse-1.4238, valid_pr-0.6442
2025-06-11 16:48:46 - INFO - epoch-176, train_loss-1.4479, train_rmse-1.2033, valid_rmse-1.3864, valid_pr-0.6644
2025-06-11 16:48:49 - INFO - epoch-177, train_loss-1.4179, train_rmse-1.1907, valid_rmse-1.4078, valid_pr-0.6517
2025-06-11 16:48:53 - INFO - epoch-178, train_loss-1.4481, train_rmse-1.2034, valid_rmse-1.3938, valid_pr-0.6614
2025-06-11 16:48:55 - INFO - epoch-179, train_loss-1.4157, train_rmse-1.1898, valid_rmse-1.3944, valid_pr-0.6588
2025-06-11 16:48:58 - INFO - epoch-180, train_loss-1.4110, train_rmse-1.1879, valid_rmse-1.4655, valid_pr-0.6414
2025-06-11 16:49:02 - INFO - epoch-181, train_loss-1.4313, train_rmse-1.1964, valid_rmse-1.3941, valid_pr-0.6597
2025-06-11 16:49:05 - INFO - epoch-182, train_loss-1.4298, train_rmse-1.1958, valid_rmse-1.3906, valid_pr-0.6636
2025-06-11 16:49:08 - INFO - epoch-183, train_loss-1.4218, train_rmse-1.1924, valid_rmse-1.4099, valid_pr-0.6496
2025-06-11 16:49:11 - INFO - epoch-184, train_loss-1.3897, train_rmse-1.1789, valid_rmse-1.3977, valid_pr-0.6647
2025-06-11 16:49:14 - INFO - epoch-185, train_loss-1.3987, train_rmse-1.1827, valid_rmse-1.3895, valid_pr-0.6617
2025-06-11 16:49:17 - INFO - epoch-186, train_loss-1.3927, train_rmse-1.1801, valid_rmse-1.3872, valid_pr-0.6639
2025-06-11 16:49:20 - INFO - epoch-187, train_loss-1.3760, train_rmse-1.1730, valid_rmse-1.4177, valid_pr-0.6445
2025-06-11 16:49:23 - INFO - epoch-188, train_loss-1.3779, train_rmse-1.1738, valid_rmse-1.4032, valid_pr-0.6533
2025-06-11 16:49:26 - INFO - epoch-189, train_loss-1.3931, train_rmse-1.1803, valid_rmse-1.4082, valid_pr-0.6549
2025-06-11 16:49:29 - INFO - epoch-190, train_loss-1.3771, train_rmse-1.1735, valid_rmse-1.4811, valid_pr-0.6448
2025-06-11 16:49:32 - INFO - epoch-191, train_loss-1.3642, train_rmse-1.1680, valid_rmse-1.3918, valid_pr-0.6624
2025-06-11 16:49:35 - INFO - epoch-192, train_loss-1.3670, train_rmse-1.1692, valid_rmse-1.4269, valid_pr-0.6416
2025-06-11 16:49:38 - INFO - epoch-193, train_loss-1.3662, train_rmse-1.1688, valid_rmse-1.4122, valid_pr-0.6512
2025-06-11 16:49:41 - INFO - epoch-194, train_loss-1.3324, train_rmse-1.1543, valid_rmse-1.4090, valid_pr-0.6558
2025-06-11 16:49:44 - INFO - epoch-195, train_loss-1.3675, train_rmse-1.1694, valid_rmse-1.4152, valid_pr-0.6481
2025-06-11 16:49:48 - INFO - epoch-196, train_loss-1.3557, train_rmse-1.1644, valid_rmse-1.3894, valid_pr-0.6602
2025-06-11 16:49:51 - INFO - epoch-197, train_loss-1.3441, train_rmse-1.1593, valid_rmse-1.4034, valid_pr-0.6529
2025-06-11 16:49:54 - INFO - epoch-198, train_loss-1.3707, train_rmse-1.1708, valid_rmse-1.4039, valid_pr-0.6530
2025-06-11 16:49:57 - INFO - epoch-199, train_loss-1.3393, train_rmse-1.1573, valid_rmse-1.3777, valid_pr-0.6679
2025-06-11 16:50:00 - INFO - epoch-200, train_loss-1.3293, train_rmse-1.1530, valid_rmse-1.3941, valid_pr-0.6588
2025-06-11 16:50:03 - INFO - epoch-201, train_loss-1.3206, train_rmse-1.1492, valid_rmse-1.4078, valid_pr-0.6530
2025-06-11 16:50:06 - INFO - epoch-202, train_loss-1.3313, train_rmse-1.1538, valid_rmse-1.3815, valid_pr-0.6686
2025-06-11 16:50:09 - INFO - epoch-203, train_loss-1.3198, train_rmse-1.1488, valid_rmse-1.3962, valid_pr-0.6569
2025-06-11 16:50:12 - INFO - epoch-204, train_loss-1.3196, train_rmse-1.1487, valid_rmse-1.3794, valid_pr-0.6680
2025-06-11 16:50:15 - INFO - epoch-205, train_loss-1.3196, train_rmse-1.1487, valid_rmse-1.4058, valid_pr-0.6677
2025-06-11 16:50:18 - INFO - epoch-206, train_loss-1.3471, train_rmse-1.1606, valid_rmse-1.3921, valid_pr-0.6699
2025-06-11 16:50:22 - INFO - epoch-207, train_loss-1.3066, train_rmse-1.1431, valid_rmse-1.4192, valid_pr-0.6521
2025-06-11 16:50:25 - INFO - epoch-208, train_loss-1.3082, train_rmse-1.1438, valid_rmse-1.3817, valid_pr-0.6679
2025-06-11 16:50:28 - INFO - epoch-209, train_loss-1.3121, train_rmse-1.1455, valid_rmse-1.3762, valid_pr-0.6684
2025-06-11 16:50:31 - INFO - epoch-210, train_loss-1.3115, train_rmse-1.1452, valid_rmse-1.4118, valid_pr-0.6519
2025-06-11 16:50:34 - INFO - epoch-211, train_loss-1.3292, train_rmse-1.1529, valid_rmse-1.3889, valid_pr-0.6649
2025-06-11 16:50:37 - INFO - epoch-212, train_loss-1.2872, train_rmse-1.1346, valid_rmse-1.3735, valid_pr-0.6740
2025-06-11 16:50:40 - INFO - epoch-213, train_loss-1.2953, train_rmse-1.1381, valid_rmse-1.4067, valid_pr-0.6593
2025-06-11 16:50:43 - INFO - epoch-214, train_loss-1.2926, train_rmse-1.1369, valid_rmse-1.3773, valid_pr-0.6693
2025-06-11 16:50:46 - INFO - epoch-215, train_loss-1.3019, train_rmse-1.1410, valid_rmse-1.3887, valid_pr-0.6618
2025-06-11 16:50:49 - INFO - epoch-216, train_loss-1.2975, train_rmse-1.1391, valid_rmse-1.3945, valid_pr-0.6595
2025-06-11 16:50:52 - INFO - epoch-217, train_loss-1.3009, train_rmse-1.1406, valid_rmse-1.3932, valid_pr-0.6608
2025-06-11 16:50:55 - INFO - epoch-218, train_loss-1.2768, train_rmse-1.1300, valid_rmse-1.3964, valid_pr-0.6574
2025-06-11 16:50:58 - INFO - epoch-219, train_loss-1.2764, train_rmse-1.1298, valid_rmse-1.3735, valid_pr-0.6751
2025-06-11 16:51:01 - INFO - epoch-220, train_loss-1.2884, train_rmse-1.1351, valid_rmse-1.3859, valid_pr-0.6629
2025-06-11 16:51:04 - INFO - epoch-221, train_loss-1.2743, train_rmse-1.1289, valid_rmse-1.3915, valid_pr-0.6650
2025-06-11 16:51:07 - INFO - epoch-222, train_loss-1.2666, train_rmse-1.1255, valid_rmse-1.4200, valid_pr-0.6500
2025-06-11 16:51:10 - INFO - epoch-223, train_loss-1.2644, train_rmse-1.1244, valid_rmse-1.4115, valid_pr-0.6551
2025-06-11 16:51:14 - INFO - epoch-224, train_loss-1.2902, train_rmse-1.1359, valid_rmse-1.3901, valid_pr-0.6639
2025-06-11 16:51:17 - INFO - epoch-225, train_loss-1.2647, train_rmse-1.1246, valid_rmse-1.3882, valid_pr-0.6652
2025-06-11 16:51:20 - INFO - epoch-226, train_loss-1.2602, train_rmse-1.1226, valid_rmse-1.3967, valid_pr-0.6568
2025-06-11 16:51:23 - INFO - epoch-227, train_loss-1.2545, train_rmse-1.1200, valid_rmse-1.4242, valid_pr-0.6446
2025-06-11 16:51:26 - INFO - epoch-228, train_loss-1.2660, train_rmse-1.1252, valid_rmse-1.3938, valid_pr-0.6628
2025-06-11 16:51:29 - INFO - epoch-229, train_loss-1.2524, train_rmse-1.1191, valid_rmse-1.4150, valid_pr-0.6476
2025-06-11 16:51:32 - INFO - epoch-230, train_loss-1.2423, train_rmse-1.1146, valid_rmse-1.4065, valid_pr-0.6579
2025-06-11 16:51:35 - INFO - epoch-231, train_loss-1.2239, train_rmse-1.1063, valid_rmse-1.4040, valid_pr-0.6601
2025-06-11 16:51:38 - INFO - epoch-232, train_loss-1.2198, train_rmse-1.1044, valid_rmse-1.4914, valid_pr-0.6367
2025-06-11 16:51:41 - INFO - epoch-233, train_loss-1.2386, train_rmse-1.1129, valid_rmse-1.4116, valid_pr-0.6490
2025-06-11 16:51:44 - INFO - epoch-234, train_loss-1.2442, train_rmse-1.1154, valid_rmse-1.4079, valid_pr-0.6608
2025-06-11 16:51:47 - INFO - epoch-235, train_loss-1.2418, train_rmse-1.1144, valid_rmse-1.4160, valid_pr-0.6501
2025-06-11 16:51:50 - INFO - epoch-236, train_loss-1.2634, train_rmse-1.1240, valid_rmse-1.4034, valid_pr-0.6602
2025-06-11 16:51:53 - INFO - epoch-237, train_loss-1.2048, train_rmse-1.0976, valid_rmse-1.4346, valid_pr-0.6376
2025-06-11 16:51:56 - INFO - epoch-238, train_loss-1.2114, train_rmse-1.1006, valid_rmse-1.3806, valid_pr-0.6694
2025-06-11 16:52:00 - INFO - epoch-239, train_loss-1.2368, train_rmse-1.1121, valid_rmse-1.3983, valid_pr-0.6606
2025-06-11 16:52:03 - INFO - epoch-240, train_loss-1.2042, train_rmse-1.0974, valid_rmse-1.4072, valid_pr-0.6523
2025-06-11 16:52:06 - INFO - epoch-241, train_loss-1.2078, train_rmse-1.0990, valid_rmse-1.4141, valid_pr-0.6552
2025-06-11 16:52:09 - INFO - epoch-242, train_loss-1.2214, train_rmse-1.1052, valid_rmse-1.3828, valid_pr-0.6671
2025-06-11 16:52:12 - INFO - epoch-243, train_loss-1.2047, train_rmse-1.0976, valid_rmse-1.4126, valid_pr-0.6570
2025-06-11 16:52:15 - INFO - epoch-244, train_loss-1.2013, train_rmse-1.0960, valid_rmse-1.3949, valid_pr-0.6645
2025-06-11 16:52:18 - INFO - epoch-245, train_loss-1.1668, train_rmse-1.0802, valid_rmse-1.4105, valid_pr-0.6532
2025-06-11 16:52:21 - INFO - epoch-246, train_loss-1.2075, train_rmse-1.0989, valid_rmse-1.3936, valid_pr-0.6604
2025-06-11 16:52:24 - INFO - epoch-247, train_loss-1.1968, train_rmse-1.0940, valid_rmse-1.3807, valid_pr-0.6702
2025-06-11 16:52:28 - INFO - epoch-248, train_loss-1.2132, train_rmse-1.1015, valid_rmse-1.3845, valid_pr-0.6677
2025-06-11 16:52:31 - INFO - epoch-249, train_loss-1.2128, train_rmse-1.1013, valid_rmse-1.3766, valid_pr-0.6704
2025-06-11 16:52:34 - INFO - epoch-250, train_loss-1.2023, train_rmse-1.0965, valid_rmse-1.3884, valid_pr-0.6628
2025-06-11 16:52:37 - INFO - epoch-251, train_loss-1.1716, train_rmse-1.0824, valid_rmse-1.4320, valid_pr-0.6435
2025-06-11 16:52:40 - INFO - epoch-252, train_loss-1.1943, train_rmse-1.0929, valid_rmse-1.3952, valid_pr-0.6629
2025-06-11 16:52:43 - INFO - epoch-253, train_loss-1.1934, train_rmse-1.0924, valid_rmse-1.3785, valid_pr-0.6699
2025-06-11 16:52:46 - INFO - epoch-254, train_loss-1.1953, train_rmse-1.0933, valid_rmse-1.3699, valid_pr-0.6736
2025-06-11 16:52:49 - INFO - epoch-255, train_loss-1.1823, train_rmse-1.0873, valid_rmse-1.4203, valid_pr-0.6547
2025-06-11 16:52:53 - INFO - epoch-256, train_loss-1.1602, train_rmse-1.0771, valid_rmse-1.3944, valid_pr-0.6596
2025-06-11 16:52:56 - INFO - epoch-257, train_loss-1.1909, train_rmse-1.0913, valid_rmse-1.3742, valid_pr-0.6728
2025-06-11 16:52:59 - INFO - epoch-258, train_loss-1.1718, train_rmse-1.0825, valid_rmse-1.3896, valid_pr-0.6612
2025-06-11 16:53:02 - INFO - epoch-259, train_loss-1.1756, train_rmse-1.0843, valid_rmse-1.4051, valid_pr-0.6618
2025-06-11 16:53:05 - INFO - epoch-260, train_loss-1.1858, train_rmse-1.0889, valid_rmse-1.3768, valid_pr-0.6701
2025-06-11 16:53:08 - INFO - epoch-261, train_loss-1.1903, train_rmse-1.0910, valid_rmse-1.3970, valid_pr-0.6601
2025-06-11 16:53:11 - INFO - epoch-262, train_loss-1.1714, train_rmse-1.0823, valid_rmse-1.3888, valid_pr-0.6671
2025-06-11 16:53:14 - INFO - epoch-263, train_loss-1.1632, train_rmse-1.0785, valid_rmse-1.3974, valid_pr-0.6567
2025-06-11 16:53:17 - INFO - epoch-264, train_loss-1.1340, train_rmse-1.0649, valid_rmse-1.3796, valid_pr-0.6738
2025-06-11 16:53:20 - INFO - epoch-265, train_loss-1.1503, train_rmse-1.0725, valid_rmse-1.4083, valid_pr-0.6650
2025-06-11 16:53:23 - INFO - epoch-266, train_loss-1.1696, train_rmse-1.0815, valid_rmse-1.4029, valid_pr-0.6588
2025-06-11 16:53:26 - INFO - epoch-267, train_loss-1.1471, train_rmse-1.0710, valid_rmse-1.3943, valid_pr-0.6663
2025-06-11 16:53:29 - INFO - epoch-268, train_loss-1.1578, train_rmse-1.0760, valid_rmse-1.3944, valid_pr-0.6645
2025-06-11 16:53:32 - INFO - epoch-269, train_loss-1.1845, train_rmse-1.0883, valid_rmse-1.4243, valid_pr-0.6498
2025-06-11 16:53:36 - INFO - epoch-270, train_loss-1.1393, train_rmse-1.0674, valid_rmse-1.3983, valid_pr-0.6548
2025-06-11 16:53:39 - INFO - epoch-271, train_loss-1.1337, train_rmse-1.0648, valid_rmse-1.3986, valid_pr-0.6605
2025-06-11 16:53:42 - INFO - epoch-272, train_loss-1.1577, train_rmse-1.0760, valid_rmse-1.3831, valid_pr-0.6686
2025-06-11 16:53:45 - INFO - epoch-273, train_loss-1.1420, train_rmse-1.0687, valid_rmse-1.3614, valid_pr-0.6784
2025-06-11 16:53:48 - INFO - epoch-274, train_loss-1.1357, train_rmse-1.0657, valid_rmse-1.3894, valid_pr-0.6707
2025-06-11 16:53:51 - INFO - epoch-275, train_loss-1.1510, train_rmse-1.0729, valid_rmse-1.3826, valid_pr-0.6694
2025-06-11 16:53:54 - INFO - epoch-276, train_loss-1.1419, train_rmse-1.0686, valid_rmse-1.3870, valid_pr-0.6649
2025-06-11 16:53:57 - INFO - epoch-277, train_loss-1.1369, train_rmse-1.0663, valid_rmse-1.3790, valid_pr-0.6707
2025-06-11 16:54:00 - INFO - epoch-278, train_loss-1.0906, train_rmse-1.0443, valid_rmse-1.3898, valid_pr-0.6676
2025-06-11 16:54:03 - INFO - epoch-279, train_loss-1.1249, train_rmse-1.0606, valid_rmse-1.3864, valid_pr-0.6668
2025-06-11 16:54:06 - INFO - epoch-280, train_loss-1.1023, train_rmse-1.0499, valid_rmse-1.3862, valid_pr-0.6696
2025-06-11 16:54:09 - INFO - epoch-281, train_loss-1.1172, train_rmse-1.0570, valid_rmse-1.3651, valid_pr-0.6789
2025-06-11 16:54:12 - INFO - epoch-282, train_loss-1.1047, train_rmse-1.0511, valid_rmse-1.3953, valid_pr-0.6618
2025-06-11 16:54:15 - INFO - epoch-283, train_loss-1.1099, train_rmse-1.0535, valid_rmse-1.3736, valid_pr-0.6725
2025-06-11 16:54:19 - INFO - epoch-284, train_loss-1.1126, train_rmse-1.0548, valid_rmse-1.3776, valid_pr-0.6719
2025-06-11 16:54:22 - INFO - epoch-285, train_loss-1.1029, train_rmse-1.0502, valid_rmse-1.3662, valid_pr-0.6827
2025-06-11 16:54:25 - INFO - epoch-286, train_loss-1.1072, train_rmse-1.0522, valid_rmse-1.3762, valid_pr-0.6719
2025-06-11 16:54:28 - INFO - epoch-287, train_loss-1.1014, train_rmse-1.0495, valid_rmse-1.3927, valid_pr-0.6654
2025-06-11 16:54:31 - INFO - epoch-288, train_loss-1.1194, train_rmse-1.0580, valid_rmse-1.4022, valid_pr-0.6693
2025-06-11 16:54:34 - INFO - epoch-289, train_loss-1.1138, train_rmse-1.0554, valid_rmse-1.3693, valid_pr-0.6776
2025-06-11 16:54:37 - INFO - epoch-290, train_loss-1.1505, train_rmse-1.0726, valid_rmse-1.3871, valid_pr-0.6680
2025-06-11 16:54:40 - INFO - epoch-291, train_loss-1.1222, train_rmse-1.0593, valid_rmse-1.3809, valid_pr-0.6677
2025-06-11 16:54:43 - INFO - epoch-292, train_loss-1.1306, train_rmse-1.0633, valid_rmse-1.3811, valid_pr-0.6691
2025-06-11 16:54:46 - INFO - epoch-293, train_loss-1.1145, train_rmse-1.0557, valid_rmse-1.3922, valid_pr-0.6686
2025-06-11 16:54:49 - INFO - epoch-294, train_loss-1.0730, train_rmse-1.0358, valid_rmse-1.3997, valid_pr-0.6630
2025-06-11 16:54:52 - INFO - epoch-295, train_loss-1.0893, train_rmse-1.0437, valid_rmse-1.3756, valid_pr-0.6770
2025-06-11 16:54:55 - INFO - epoch-296, train_loss-1.0805, train_rmse-1.0395, valid_rmse-1.3740, valid_pr-0.6747
2025-06-11 16:54:58 - INFO - epoch-297, train_loss-1.0834, train_rmse-1.0409, valid_rmse-1.3587, valid_pr-0.6808
2025-06-11 16:55:01 - INFO - epoch-298, train_loss-1.0761, train_rmse-1.0374, valid_rmse-1.3897, valid_pr-0.6666
2025-06-11 16:55:05 - INFO - epoch-299, train_loss-1.0729, train_rmse-1.0358, valid_rmse-1.3684, valid_pr-0.6790
2025-06-11 16:55:08 - INFO - epoch-300, train_loss-1.0729, train_rmse-1.0358, valid_rmse-1.3635, valid_pr-0.6776
2025-06-11 16:55:11 - INFO - epoch-301, train_loss-1.0879, train_rmse-1.0430, valid_rmse-1.3867, valid_pr-0.6691
2025-06-11 16:55:14 - INFO - epoch-302, train_loss-1.0634, train_rmse-1.0312, valid_rmse-1.3937, valid_pr-0.6598
2025-06-11 16:55:16 - INFO - epoch-303, train_loss-1.0728, train_rmse-1.0358, valid_rmse-1.3693, valid_pr-0.6759
2025-06-11 16:55:19 - INFO - epoch-304, train_loss-1.0652, train_rmse-1.0321, valid_rmse-1.3889, valid_pr-0.6655
2025-06-11 16:55:22 - INFO - epoch-305, train_loss-1.0650, train_rmse-1.0320, valid_rmse-1.3914, valid_pr-0.6651
2025-06-11 16:55:26 - INFO - epoch-306, train_loss-1.0780, train_rmse-1.0383, valid_rmse-1.3956, valid_pr-0.6644
2025-06-11 16:55:29 - INFO - epoch-307, train_loss-1.0695, train_rmse-1.0342, valid_rmse-1.3871, valid_pr-0.6677
2025-06-11 16:55:32 - INFO - epoch-308, train_loss-1.0788, train_rmse-1.0386, valid_rmse-1.3814, valid_pr-0.6738
2025-06-11 16:55:35 - INFO - epoch-309, train_loss-1.0750, train_rmse-1.0368, valid_rmse-1.3904, valid_pr-0.6643
2025-06-11 16:55:38 - INFO - epoch-310, train_loss-1.0809, train_rmse-1.0397, valid_rmse-1.3720, valid_pr-0.6767
2025-06-11 16:55:41 - INFO - epoch-311, train_loss-1.0500, train_rmse-1.0247, valid_rmse-1.3861, valid_pr-0.6677
2025-06-11 16:55:44 - INFO - epoch-312, train_loss-1.0448, train_rmse-1.0222, valid_rmse-1.3700, valid_pr-0.6764
2025-06-11 16:55:47 - INFO - epoch-313, train_loss-1.0698, train_rmse-1.0343, valid_rmse-1.3609, valid_pr-0.6816
2025-06-11 16:55:50 - INFO - epoch-314, train_loss-1.0508, train_rmse-1.0251, valid_rmse-1.3729, valid_pr-0.6771
2025-06-11 16:55:54 - INFO - epoch-315, train_loss-1.0516, train_rmse-1.0255, valid_rmse-1.3613, valid_pr-0.6846
2025-06-11 16:55:57 - INFO - epoch-316, train_loss-1.0397, train_rmse-1.0197, valid_rmse-1.4096, valid_pr-0.6589
2025-06-11 16:56:00 - INFO - epoch-317, train_loss-1.0379, train_rmse-1.0188, valid_rmse-1.3783, valid_pr-0.6693
2025-06-11 16:56:03 - INFO - epoch-318, train_loss-1.0388, train_rmse-1.0192, valid_rmse-1.3793, valid_pr-0.6734
2025-06-11 16:56:06 - INFO - epoch-319, train_loss-1.0555, train_rmse-1.0274, valid_rmse-1.3685, valid_pr-0.6758
2025-06-11 16:56:09 - INFO - epoch-320, train_loss-1.0378, train_rmse-1.0187, valid_rmse-1.3624, valid_pr-0.6773
2025-06-11 16:56:12 - INFO - epoch-321, train_loss-1.0379, train_rmse-1.0188, valid_rmse-1.3923, valid_pr-0.6659
2025-06-11 16:56:15 - INFO - epoch-322, train_loss-1.0237, train_rmse-1.0118, valid_rmse-1.3728, valid_pr-0.6797
2025-06-11 16:56:18 - INFO - epoch-323, train_loss-1.0215, train_rmse-1.0107, valid_rmse-1.4027, valid_pr-0.6556
2025-06-11 16:56:21 - INFO - epoch-324, train_loss-1.0345, train_rmse-1.0171, valid_rmse-1.3741, valid_pr-0.6750
2025-06-11 16:56:24 - INFO - epoch-325, train_loss-1.0505, train_rmse-1.0249, valid_rmse-1.3649, valid_pr-0.6784
2025-06-11 16:56:28 - INFO - epoch-326, train_loss-1.0560, train_rmse-1.0276, valid_rmse-1.3754, valid_pr-0.6784
2025-06-11 16:56:30 - INFO - epoch-327, train_loss-1.0215, train_rmse-1.0107, valid_rmse-1.3727, valid_pr-0.6749
2025-06-11 16:56:33 - INFO - epoch-328, train_loss-1.0475, train_rmse-1.0235, valid_rmse-1.3927, valid_pr-0.6641
2025-06-11 16:56:36 - INFO - epoch-329, train_loss-1.0261, train_rmse-1.0130, valid_rmse-1.4071, valid_pr-0.6566
2025-06-11 16:56:39 - INFO - epoch-330, train_loss-1.0267, train_rmse-1.0133, valid_rmse-1.4017, valid_pr-0.6651
2025-06-11 16:56:42 - INFO - epoch-331, train_loss-1.0164, train_rmse-1.0082, valid_rmse-1.3768, valid_pr-0.6708
2025-06-11 16:56:45 - INFO - epoch-332, train_loss-1.0249, train_rmse-1.0124, valid_rmse-1.4028, valid_pr-0.6611
2025-06-11 16:56:48 - INFO - epoch-333, train_loss-1.0139, train_rmse-1.0069, valid_rmse-1.3758, valid_pr-0.6738
2025-06-11 16:56:51 - INFO - epoch-334, train_loss-1.0153, train_rmse-1.0076, valid_rmse-1.3929, valid_pr-0.6622
2025-06-11 16:56:54 - INFO - epoch-335, train_loss-1.0266, train_rmse-1.0132, valid_rmse-1.3751, valid_pr-0.6729
2025-06-11 16:56:57 - INFO - epoch-336, train_loss-1.0089, train_rmse-1.0045, valid_rmse-1.3763, valid_pr-0.6711
2025-06-11 16:57:00 - INFO - epoch-337, train_loss-1.0026, train_rmse-1.0013, valid_rmse-1.3895, valid_pr-0.6699
2025-06-11 16:57:04 - INFO - epoch-338, train_loss-1.0468, train_rmse-1.0231, valid_rmse-1.3967, valid_pr-0.6632
2025-06-11 16:57:06 - INFO - epoch-339, train_loss-0.9853, train_rmse-0.9926, valid_rmse-1.3754, valid_pr-0.6764
2025-06-11 16:57:10 - INFO - epoch-340, train_loss-1.0083, train_rmse-1.0041, valid_rmse-1.3723, valid_pr-0.6752
2025-06-11 16:57:13 - INFO - epoch-341, train_loss-1.0086, train_rmse-1.0043, valid_rmse-1.3954, valid_pr-0.6707
2025-06-11 16:57:16 - INFO - epoch-342, train_loss-1.0130, train_rmse-1.0065, valid_rmse-1.3901, valid_pr-0.6723
2025-06-11 16:57:19 - INFO - epoch-343, train_loss-1.0033, train_rmse-1.0016, valid_rmse-1.3697, valid_pr-0.6805
2025-06-11 16:57:22 - INFO - epoch-344, train_loss-1.0164, train_rmse-1.0082, valid_rmse-1.3763, valid_pr-0.6705
2025-06-11 16:57:25 - INFO - epoch-345, train_loss-1.0072, train_rmse-1.0036, valid_rmse-1.3566, valid_pr-0.6852
2025-06-11 16:57:28 - INFO - epoch-346, train_loss-0.9974, train_rmse-0.9987, valid_rmse-1.3980, valid_pr-0.6675
2025-06-11 16:57:32 - INFO - epoch-347, train_loss-1.0200, train_rmse-1.0100, valid_rmse-1.3821, valid_pr-0.6752
2025-06-11 16:57:34 - INFO - epoch-348, train_loss-1.0223, train_rmse-1.0111, valid_rmse-1.3710, valid_pr-0.6768
2025-06-11 16:57:37 - INFO - epoch-349, train_loss-1.0010, train_rmse-1.0005, valid_rmse-1.3680, valid_pr-0.6775
2025-06-11 16:57:41 - INFO - epoch-350, train_loss-0.9999, train_rmse-0.9999, valid_rmse-1.3987, valid_pr-0.6611
2025-06-11 16:57:44 - INFO - epoch-351, train_loss-0.9886, train_rmse-0.9943, valid_rmse-1.3982, valid_pr-0.6584
2025-06-11 16:57:46 - INFO - epoch-352, train_loss-0.9836, train_rmse-0.9917, valid_rmse-1.3708, valid_pr-0.6791
2025-06-11 16:57:49 - INFO - epoch-353, train_loss-0.9837, train_rmse-0.9918, valid_rmse-1.3800, valid_pr-0.6708
2025-06-11 16:57:52 - INFO - epoch-354, train_loss-0.9811, train_rmse-0.9905, valid_rmse-1.3834, valid_pr-0.6693
2025-06-11 16:57:56 - INFO - epoch-355, train_loss-0.9889, train_rmse-0.9944, valid_rmse-1.3850, valid_pr-0.6740
2025-06-11 16:57:59 - INFO - epoch-356, train_loss-0.9818, train_rmse-0.9908, valid_rmse-1.3546, valid_pr-0.6864
2025-06-11 16:58:02 - INFO - epoch-357, train_loss-1.0036, train_rmse-1.0018, valid_rmse-1.3671, valid_pr-0.6777
2025-06-11 16:58:05 - INFO - epoch-358, train_loss-0.9649, train_rmse-0.9823, valid_rmse-1.3881, valid_pr-0.6690
2025-06-11 16:58:08 - INFO - epoch-359, train_loss-0.9798, train_rmse-0.9899, valid_rmse-1.4183, valid_pr-0.6672
2025-06-11 16:58:11 - INFO - epoch-360, train_loss-0.9904, train_rmse-0.9952, valid_rmse-1.3686, valid_pr-0.6798
2025-06-11 16:58:15 - INFO - epoch-361, train_loss-0.9716, train_rmse-0.9857, valid_rmse-1.3759, valid_pr-0.6723
2025-06-11 16:58:18 - INFO - epoch-362, train_loss-0.9659, train_rmse-0.9828, valid_rmse-1.3567, valid_pr-0.6820
2025-06-11 16:58:21 - INFO - epoch-363, train_loss-1.0014, train_rmse-1.0007, valid_rmse-1.3894, valid_pr-0.6762
2025-06-11 16:58:24 - INFO - epoch-364, train_loss-0.9620, train_rmse-0.9808, valid_rmse-1.3724, valid_pr-0.6760
2025-06-11 16:58:27 - INFO - epoch-365, train_loss-0.9723, train_rmse-0.9861, valid_rmse-1.3854, valid_pr-0.6686
2025-06-11 16:58:30 - INFO - epoch-366, train_loss-0.9740, train_rmse-0.9869, valid_rmse-1.3657, valid_pr-0.6810
2025-06-11 16:58:33 - INFO - epoch-367, train_loss-0.9704, train_rmse-0.9851, valid_rmse-1.3715, valid_pr-0.6754
2025-06-11 16:58:36 - INFO - epoch-368, train_loss-0.9852, train_rmse-0.9926, valid_rmse-1.3586, valid_pr-0.6832
2025-06-11 16:58:39 - INFO - epoch-369, train_loss-0.9473, train_rmse-0.9733, valid_rmse-1.3629, valid_pr-0.6816
2025-06-11 16:58:42 - INFO - epoch-370, train_loss-0.9560, train_rmse-0.9777, valid_rmse-1.3636, valid_pr-0.6789
2025-06-11 16:58:45 - INFO - epoch-371, train_loss-0.9667, train_rmse-0.9832, valid_rmse-1.3708, valid_pr-0.6807
2025-06-11 16:58:48 - INFO - epoch-372, train_loss-0.9379, train_rmse-0.9685, valid_rmse-1.3738, valid_pr-0.6744
2025-06-11 16:58:51 - INFO - epoch-373, train_loss-0.9712, train_rmse-0.9855, valid_rmse-1.3603, valid_pr-0.6809
2025-06-11 16:58:54 - INFO - epoch-374, train_loss-0.9573, train_rmse-0.9784, valid_rmse-1.4014, valid_pr-0.6710
2025-06-11 16:58:57 - INFO - epoch-375, train_loss-0.9498, train_rmse-0.9746, valid_rmse-1.3690, valid_pr-0.6854
2025-06-11 16:59:00 - INFO - epoch-376, train_loss-0.9454, train_rmse-0.9723, valid_rmse-1.3720, valid_pr-0.6769
2025-06-11 16:59:03 - INFO - epoch-377, train_loss-0.9621, train_rmse-0.9809, valid_rmse-1.3655, valid_pr-0.6809
2025-06-11 16:59:06 - INFO - epoch-378, train_loss-0.9567, train_rmse-0.9781, valid_rmse-1.3555, valid_pr-0.6847
2025-06-11 16:59:09 - INFO - epoch-379, train_loss-0.9383, train_rmse-0.9687, valid_rmse-1.3626, valid_pr-0.6821
2025-06-11 16:59:12 - INFO - epoch-380, train_loss-0.9503, train_rmse-0.9748, valid_rmse-1.3790, valid_pr-0.6815
2025-06-11 16:59:15 - INFO - epoch-381, train_loss-0.9643, train_rmse-0.9820, valid_rmse-1.3780, valid_pr-0.6749
2025-06-11 16:59:18 - INFO - epoch-382, train_loss-0.9620, train_rmse-0.9808, valid_rmse-1.3655, valid_pr-0.6799
2025-06-11 16:59:21 - INFO - epoch-383, train_loss-0.9464, train_rmse-0.9728, valid_rmse-1.3819, valid_pr-0.6713
2025-06-11 16:59:24 - INFO - epoch-384, train_loss-0.9613, train_rmse-0.9805, valid_rmse-1.3566, valid_pr-0.6853
2025-06-11 16:59:27 - INFO - epoch-385, train_loss-0.9659, train_rmse-0.9828, valid_rmse-1.3946, valid_pr-0.6718
2025-06-11 16:59:30 - INFO - epoch-386, train_loss-0.9355, train_rmse-0.9672, valid_rmse-1.3820, valid_pr-0.6699
2025-06-11 16:59:34 - INFO - epoch-387, train_loss-0.9214, train_rmse-0.9599, valid_rmse-1.3656, valid_pr-0.6817
2025-06-11 16:59:37 - INFO - epoch-388, train_loss-0.9363, train_rmse-0.9676, valid_rmse-1.3569, valid_pr-0.6812
2025-06-11 16:59:40 - INFO - epoch-389, train_loss-0.9550, train_rmse-0.9772, valid_rmse-1.3919, valid_pr-0.6682
2025-06-11 16:59:43 - INFO - epoch-390, train_loss-0.9700, train_rmse-0.9849, valid_rmse-1.3639, valid_pr-0.6797
2025-06-11 16:59:46 - INFO - epoch-391, train_loss-0.9289, train_rmse-0.9638, valid_rmse-1.3654, valid_pr-0.6806
2025-06-11 16:59:49 - INFO - epoch-392, train_loss-0.9702, train_rmse-0.9850, valid_rmse-1.3680, valid_pr-0.6789
2025-06-11 16:59:52 - INFO - epoch-393, train_loss-0.9437, train_rmse-0.9714, valid_rmse-1.3828, valid_pr-0.6716
2025-06-11 16:59:55 - INFO - epoch-394, train_loss-0.9489, train_rmse-0.9741, valid_rmse-1.3823, valid_pr-0.6715
2025-06-11 16:59:58 - INFO - epoch-395, train_loss-0.9148, train_rmse-0.9565, valid_rmse-1.3886, valid_pr-0.6679
2025-06-11 17:00:01 - INFO - epoch-396, train_loss-0.9465, train_rmse-0.9729, valid_rmse-1.3975, valid_pr-0.6698
2025-06-11 17:00:04 - INFO - epoch-397, train_loss-0.9603, train_rmse-0.9799, valid_rmse-1.3780, valid_pr-0.6729
2025-06-11 17:00:07 - INFO - epoch-398, train_loss-0.9045, train_rmse-0.9510, valid_rmse-1.3749, valid_pr-0.6760
2025-06-11 17:00:10 - INFO - epoch-399, train_loss-0.9243, train_rmse-0.9614, valid_rmse-1.3720, valid_pr-0.6769
2025-06-11 17:00:13 - INFO - epoch-400, train_loss-0.9263, train_rmse-0.9624, valid_rmse-1.3717, valid_pr-0.6792
2025-06-11 17:00:16 - INFO - epoch-401, train_loss-0.9404, train_rmse-0.9697, valid_rmse-1.3568, valid_pr-0.6835
2025-06-11 17:00:19 - INFO - epoch-402, train_loss-0.9101, train_rmse-0.9540, valid_rmse-1.3590, valid_pr-0.6863
2025-06-11 17:00:22 - INFO - epoch-403, train_loss-0.9068, train_rmse-0.9522, valid_rmse-1.3724, valid_pr-0.6824
2025-06-11 17:00:25 - INFO - epoch-404, train_loss-0.9255, train_rmse-0.9620, valid_rmse-1.3537, valid_pr-0.6847
2025-06-11 17:00:28 - INFO - epoch-405, train_loss-0.9218, train_rmse-0.9601, valid_rmse-1.3617, valid_pr-0.6819
2025-06-11 17:00:31 - INFO - epoch-406, train_loss-0.9340, train_rmse-0.9665, valid_rmse-1.3737, valid_pr-0.6745
2025-06-11 17:00:34 - INFO - epoch-407, train_loss-0.9386, train_rmse-0.9688, valid_rmse-1.3856, valid_pr-0.6728
2025-06-11 17:00:37 - INFO - epoch-408, train_loss-0.9258, train_rmse-0.9622, valid_rmse-1.3495, valid_pr-0.6910
2025-06-11 17:00:41 - INFO - epoch-409, train_loss-0.9115, train_rmse-0.9548, valid_rmse-1.3732, valid_pr-0.6799
2025-06-11 17:00:44 - INFO - epoch-410, train_loss-0.9108, train_rmse-0.9543, valid_rmse-1.3702, valid_pr-0.6821
2025-06-11 17:00:47 - INFO - epoch-411, train_loss-0.9294, train_rmse-0.9641, valid_rmse-1.3589, valid_pr-0.6844
2025-06-11 17:00:50 - INFO - epoch-412, train_loss-0.8924, train_rmse-0.9447, valid_rmse-1.3675, valid_pr-0.6791
2025-06-11 17:00:53 - INFO - epoch-413, train_loss-0.9148, train_rmse-0.9565, valid_rmse-1.3763, valid_pr-0.6750
2025-06-11 17:00:56 - INFO - epoch-414, train_loss-0.9218, train_rmse-0.9601, valid_rmse-1.3737, valid_pr-0.6758
2025-06-11 17:00:59 - INFO - epoch-415, train_loss-0.9111, train_rmse-0.9545, valid_rmse-1.3634, valid_pr-0.6830
2025-06-11 17:01:02 - INFO - epoch-416, train_loss-0.8898, train_rmse-0.9433, valid_rmse-1.3645, valid_pr-0.6785
2025-06-11 17:01:05 - INFO - epoch-417, train_loss-0.9059, train_rmse-0.9518, valid_rmse-1.3719, valid_pr-0.6750
2025-06-11 17:01:08 - INFO - epoch-418, train_loss-0.9007, train_rmse-0.9491, valid_rmse-1.3909, valid_pr-0.6687
2025-06-11 17:01:11 - INFO - epoch-419, train_loss-0.9091, train_rmse-0.9535, valid_rmse-1.3722, valid_pr-0.6813
2025-06-11 17:01:14 - INFO - epoch-420, train_loss-0.9167, train_rmse-0.9574, valid_rmse-1.3741, valid_pr-0.6722
2025-06-11 17:01:18 - INFO - epoch-421, train_loss-0.9135, train_rmse-0.9558, valid_rmse-1.3678, valid_pr-0.6788
2025-06-11 17:01:20 - INFO - epoch-422, train_loss-0.8835, train_rmse-0.9400, valid_rmse-1.3713, valid_pr-0.6806
2025-06-11 17:01:23 - INFO - epoch-423, train_loss-0.9011, train_rmse-0.9492, valid_rmse-1.3696, valid_pr-0.6792
2025-06-11 17:01:26 - INFO - epoch-424, train_loss-0.9038, train_rmse-0.9507, valid_rmse-1.3663, valid_pr-0.6829
2025-06-11 17:01:30 - INFO - epoch-425, train_loss-0.9016, train_rmse-0.9495, valid_rmse-1.4069, valid_pr-0.6590
2025-06-11 17:01:33 - INFO - epoch-426, train_loss-0.8893, train_rmse-0.9430, valid_rmse-1.3801, valid_pr-0.6727
2025-06-11 17:01:36 - INFO - epoch-427, train_loss-0.8988, train_rmse-0.9481, valid_rmse-1.3515, valid_pr-0.6870
2025-06-11 17:01:39 - INFO - epoch-428, train_loss-0.9016, train_rmse-0.9495, valid_rmse-1.3618, valid_pr-0.6805
2025-06-11 17:01:42 - INFO - epoch-429, train_loss-0.9034, train_rmse-0.9505, valid_rmse-1.3664, valid_pr-0.6760
2025-06-11 17:01:45 - INFO - epoch-430, train_loss-0.8773, train_rmse-0.9367, valid_rmse-1.3496, valid_pr-0.6911
2025-06-11 17:01:49 - INFO - epoch-431, train_loss-0.9093, train_rmse-0.9536, valid_rmse-1.3712, valid_pr-0.6760
2025-06-11 17:01:52 - INFO - epoch-432, train_loss-0.8981, train_rmse-0.9477, valid_rmse-1.3801, valid_pr-0.6715
2025-06-11 17:01:55 - INFO - epoch-433, train_loss-0.8842, train_rmse-0.9403, valid_rmse-1.3757, valid_pr-0.6746
2025-06-11 17:01:58 - INFO - epoch-434, train_loss-0.8947, train_rmse-0.9459, valid_rmse-1.3662, valid_pr-0.6819
2025-06-11 17:02:01 - INFO - epoch-435, train_loss-0.8941, train_rmse-0.9456, valid_rmse-1.3776, valid_pr-0.6751
2025-06-11 17:02:04 - INFO - epoch-436, train_loss-0.8948, train_rmse-0.9460, valid_rmse-1.3536, valid_pr-0.6894
2025-06-11 17:02:07 - INFO - epoch-437, train_loss-0.8844, train_rmse-0.9404, valid_rmse-1.3500, valid_pr-0.6893
2025-06-11 17:02:10 - INFO - epoch-438, train_loss-0.8863, train_rmse-0.9414, valid_rmse-1.3623, valid_pr-0.6885
2025-06-11 17:02:13 - INFO - epoch-439, train_loss-0.8840, train_rmse-0.9402, valid_rmse-1.3527, valid_pr-0.6845
2025-06-11 17:02:16 - INFO - epoch-440, train_loss-0.9021, train_rmse-0.9498, valid_rmse-1.3682, valid_pr-0.6791
2025-06-11 17:02:20 - INFO - epoch-441, train_loss-0.8860, train_rmse-0.9413, valid_rmse-1.3844, valid_pr-0.6837
2025-06-11 17:02:23 - INFO - epoch-442, train_loss-0.8652, train_rmse-0.9301, valid_rmse-1.3658, valid_pr-0.6794
2025-06-11 17:02:25 - INFO - epoch-443, train_loss-0.8872, train_rmse-0.9419, valid_rmse-1.3540, valid_pr-0.6840
2025-06-11 17:02:28 - INFO - epoch-444, train_loss-0.8943, train_rmse-0.9457, valid_rmse-1.3664, valid_pr-0.6836
2025-06-11 17:02:31 - INFO - epoch-445, train_loss-0.8937, train_rmse-0.9454, valid_rmse-1.3652, valid_pr-0.6776
2025-06-11 17:02:35 - INFO - epoch-446, train_loss-0.8965, train_rmse-0.9468, valid_rmse-1.3795, valid_pr-0.6803
2025-06-11 17:02:38 - INFO - epoch-447, train_loss-0.8929, train_rmse-0.9450, valid_rmse-1.3637, valid_pr-0.6826
2025-06-11 17:02:41 - INFO - epoch-448, train_loss-0.8487, train_rmse-0.9212, valid_rmse-1.3685, valid_pr-0.6848
2025-06-11 17:02:44 - INFO - epoch-449, train_loss-0.8776, train_rmse-0.9368, valid_rmse-1.3771, valid_pr-0.6821
2025-06-11 17:02:47 - INFO - epoch-450, train_loss-0.8845, train_rmse-0.9405, valid_rmse-1.3567, valid_pr-0.6852
2025-06-11 17:02:50 - INFO - epoch-451, train_loss-0.8713, train_rmse-0.9335, valid_rmse-1.3418, valid_pr-0.6923
2025-06-11 17:02:53 - INFO - epoch-452, train_loss-0.8809, train_rmse-0.9386, valid_rmse-1.3813, valid_pr-0.6713
2025-06-11 17:02:56 - INFO - epoch-453, train_loss-0.8894, train_rmse-0.9431, valid_rmse-1.3667, valid_pr-0.6796
2025-06-11 17:02:59 - INFO - epoch-454, train_loss-0.8732, train_rmse-0.9344, valid_rmse-1.3690, valid_pr-0.6782
2025-06-11 17:03:02 - INFO - epoch-455, train_loss-0.9046, train_rmse-0.9511, valid_rmse-1.3862, valid_pr-0.6704
2025-06-11 17:03:05 - INFO - epoch-456, train_loss-0.8707, train_rmse-0.9331, valid_rmse-1.3569, valid_pr-0.6907
2025-06-11 17:03:09 - INFO - epoch-457, train_loss-0.8738, train_rmse-0.9348, valid_rmse-1.3573, valid_pr-0.6877
2025-06-11 17:03:12 - INFO - epoch-458, train_loss-0.8754, train_rmse-0.9356, valid_rmse-1.3582, valid_pr-0.6838
2025-06-11 17:03:14 - INFO - epoch-459, train_loss-0.8554, train_rmse-0.9249, valid_rmse-1.3710, valid_pr-0.6768
2025-06-11 17:03:18 - INFO - epoch-460, train_loss-0.8652, train_rmse-0.9301, valid_rmse-1.3693, valid_pr-0.6845
2025-06-11 17:03:21 - INFO - epoch-461, train_loss-0.8499, train_rmse-0.9219, valid_rmse-1.3778, valid_pr-0.6720
2025-06-11 17:03:24 - INFO - epoch-462, train_loss-0.8503, train_rmse-0.9221, valid_rmse-1.3826, valid_pr-0.6751
2025-06-11 17:03:27 - INFO - epoch-463, train_loss-0.8724, train_rmse-0.9340, valid_rmse-1.3666, valid_pr-0.6787
2025-06-11 17:03:30 - INFO - epoch-464, train_loss-0.8780, train_rmse-0.9370, valid_rmse-1.3563, valid_pr-0.6838
2025-06-11 17:03:33 - INFO - epoch-465, train_loss-0.8787, train_rmse-0.9374, valid_rmse-1.3676, valid_pr-0.6775
2025-06-11 17:03:36 - INFO - epoch-466, train_loss-0.8741, train_rmse-0.9349, valid_rmse-1.3623, valid_pr-0.6833
2025-06-11 17:03:39 - INFO - epoch-467, train_loss-0.8459, train_rmse-0.9197, valid_rmse-1.3749, valid_pr-0.6758
2025-06-11 17:03:42 - INFO - epoch-468, train_loss-0.8684, train_rmse-0.9319, valid_rmse-1.3897, valid_pr-0.6705
2025-06-11 17:03:45 - INFO - epoch-469, train_loss-0.8498, train_rmse-0.9219, valid_rmse-1.3696, valid_pr-0.6794
2025-06-11 17:03:48 - INFO - epoch-470, train_loss-0.8482, train_rmse-0.9210, valid_rmse-1.3758, valid_pr-0.6720
2025-06-11 17:03:51 - INFO - epoch-471, train_loss-0.8601, train_rmse-0.9274, valid_rmse-1.3525, valid_pr-0.6877
2025-06-11 17:03:54 - INFO - epoch-472, train_loss-0.8460, train_rmse-0.9198, valid_rmse-1.3622, valid_pr-0.6817
2025-06-11 17:03:57 - INFO - epoch-473, train_loss-0.8619, train_rmse-0.9284, valid_rmse-1.3770, valid_pr-0.6768
2025-06-11 17:04:00 - INFO - epoch-474, train_loss-0.8834, train_rmse-0.9399, valid_rmse-1.3540, valid_pr-0.6850
2025-06-11 17:04:03 - INFO - epoch-475, train_loss-0.8558, train_rmse-0.9251, valid_rmse-1.3589, valid_pr-0.6794
2025-06-11 17:04:06 - INFO - epoch-476, train_loss-0.8503, train_rmse-0.9221, valid_rmse-1.3738, valid_pr-0.6725
2025-06-11 17:04:09 - INFO - epoch-477, train_loss-0.8394, train_rmse-0.9162, valid_rmse-1.3876, valid_pr-0.6737
2025-06-11 17:04:13 - INFO - epoch-478, train_loss-0.8279, train_rmse-0.9099, valid_rmse-1.3606, valid_pr-0.6849
2025-06-11 17:04:16 - INFO - epoch-479, train_loss-0.8661, train_rmse-0.9306, valid_rmse-1.3709, valid_pr-0.6786
2025-06-11 17:04:19 - INFO - epoch-480, train_loss-0.8568, train_rmse-0.9257, valid_rmse-1.3516, valid_pr-0.6883
2025-06-11 17:04:22 - INFO - epoch-481, train_loss-0.8628, train_rmse-0.9289, valid_rmse-1.3682, valid_pr-0.6791
2025-06-11 17:04:25 - INFO - epoch-482, train_loss-0.8387, train_rmse-0.9158, valid_rmse-1.3583, valid_pr-0.6835
2025-06-11 17:04:28 - INFO - epoch-483, train_loss-0.8658, train_rmse-0.9305, valid_rmse-1.3610, valid_pr-0.6796
2025-06-11 17:04:31 - INFO - epoch-484, train_loss-0.8473, train_rmse-0.9205, valid_rmse-1.3776, valid_pr-0.6798
2025-06-11 17:04:33 - INFO - epoch-485, train_loss-0.8689, train_rmse-0.9322, valid_rmse-1.3659, valid_pr-0.6791
2025-06-11 17:04:37 - INFO - epoch-486, train_loss-0.8511, train_rmse-0.9225, valid_rmse-1.3766, valid_pr-0.6823
2025-06-11 17:04:40 - INFO - epoch-487, train_loss-0.8610, train_rmse-0.9279, valid_rmse-1.3640, valid_pr-0.6807
2025-06-11 17:04:43 - INFO - epoch-488, train_loss-0.8416, train_rmse-0.9174, valid_rmse-1.3629, valid_pr-0.6836
2025-06-11 17:04:46 - INFO - epoch-489, train_loss-0.8514, train_rmse-0.9227, valid_rmse-1.3420, valid_pr-0.6920
2025-06-11 17:04:49 - INFO - epoch-490, train_loss-0.8618, train_rmse-0.9283, valid_rmse-1.3537, valid_pr-0.6842
2025-06-11 17:04:52 - INFO - epoch-491, train_loss-0.8240, train_rmse-0.9078, valid_rmse-1.3390, valid_pr-0.6916
2025-06-11 17:04:55 - INFO - epoch-492, train_loss-0.8412, train_rmse-0.9171, valid_rmse-1.3549, valid_pr-0.6836
2025-06-11 17:04:58 - INFO - epoch-493, train_loss-0.8241, train_rmse-0.9078, valid_rmse-1.3414, valid_pr-0.6943
2025-06-11 17:05:01 - INFO - epoch-494, train_loss-0.8648, train_rmse-0.9299, valid_rmse-1.3490, valid_pr-0.6877
2025-06-11 17:05:04 - INFO - epoch-495, train_loss-0.8441, train_rmse-0.9187, valid_rmse-1.3434, valid_pr-0.6899
2025-06-11 17:05:07 - INFO - epoch-496, train_loss-0.8278, train_rmse-0.9098, valid_rmse-1.3654, valid_pr-0.6810
2025-06-11 17:05:10 - INFO - epoch-497, train_loss-0.8371, train_rmse-0.9149, valid_rmse-1.3531, valid_pr-0.6849
2025-06-11 17:05:13 - INFO - epoch-498, train_loss-0.8438, train_rmse-0.9186, valid_rmse-1.3620, valid_pr-0.6789
2025-06-11 17:05:16 - INFO - epoch-499, train_loss-0.8116, train_rmse-0.9009, valid_rmse-1.3831, valid_pr-0.6723
2025-06-11 17:05:19 - INFO - epoch-500, train_loss-0.8311, train_rmse-0.9117, valid_rmse-1.3668, valid_pr-0.6782
2025-06-11 17:05:22 - INFO - epoch-501, train_loss-0.8383, train_rmse-0.9156, valid_rmse-1.3444, valid_pr-0.6910
2025-06-11 17:05:25 - INFO - epoch-502, train_loss-0.8481, train_rmse-0.9209, valid_rmse-1.3489, valid_pr-0.6869
2025-06-11 17:05:28 - INFO - epoch-503, train_loss-0.8455, train_rmse-0.9195, valid_rmse-1.3431, valid_pr-0.6911
2025-06-11 17:05:31 - INFO - epoch-504, train_loss-0.8211, train_rmse-0.9061, valid_rmse-1.3490, valid_pr-0.6893
2025-06-11 17:05:34 - INFO - epoch-505, train_loss-0.8388, train_rmse-0.9158, valid_rmse-1.3584, valid_pr-0.6833
2025-06-11 17:05:37 - INFO - epoch-506, train_loss-0.8300, train_rmse-0.9110, valid_rmse-1.3551, valid_pr-0.6862
2025-06-11 17:05:40 - INFO - epoch-507, train_loss-0.8346, train_rmse-0.9136, valid_rmse-1.3326, valid_pr-0.6968
2025-06-11 17:05:43 - INFO - epoch-508, train_loss-0.8539, train_rmse-0.9241, valid_rmse-1.3672, valid_pr-0.6779
2025-06-11 17:05:46 - INFO - epoch-509, train_loss-0.8277, train_rmse-0.9098, valid_rmse-1.3643, valid_pr-0.6834
2025-06-11 17:05:49 - INFO - epoch-510, train_loss-0.8001, train_rmse-0.8945, valid_rmse-1.3551, valid_pr-0.6856
2025-06-11 17:05:52 - INFO - epoch-511, train_loss-0.8173, train_rmse-0.9040, valid_rmse-1.3424, valid_pr-0.6934
2025-06-11 17:05:55 - INFO - epoch-512, train_loss-0.8298, train_rmse-0.9109, valid_rmse-1.3621, valid_pr-0.6822
2025-06-11 17:05:58 - INFO - epoch-513, train_loss-0.8286, train_rmse-0.9102, valid_rmse-1.3477, valid_pr-0.6897
2025-06-11 17:06:01 - INFO - epoch-514, train_loss-0.8275, train_rmse-0.9097, valid_rmse-1.3467, valid_pr-0.6884
2025-06-11 17:06:04 - INFO - epoch-515, train_loss-0.8164, train_rmse-0.9036, valid_rmse-1.3524, valid_pr-0.6883
2025-06-11 17:06:07 - INFO - epoch-516, train_loss-0.8227, train_rmse-0.9070, valid_rmse-1.3364, valid_pr-0.6945
2025-06-11 17:06:10 - INFO - epoch-517, train_loss-0.8182, train_rmse-0.9046, valid_rmse-1.3393, valid_pr-0.6916
2025-06-11 17:06:13 - INFO - epoch-518, train_loss-0.8323, train_rmse-0.9123, valid_rmse-1.3402, valid_pr-0.6920
2025-06-11 17:06:16 - INFO - epoch-519, train_loss-0.8258, train_rmse-0.9087, valid_rmse-1.3532, valid_pr-0.6889
2025-06-11 17:06:19 - INFO - epoch-520, train_loss-0.8135, train_rmse-0.9019, valid_rmse-1.3578, valid_pr-0.6816
2025-06-11 17:06:22 - INFO - epoch-521, train_loss-0.8156, train_rmse-0.9031, valid_rmse-1.3269, valid_pr-0.6997
2025-06-11 17:06:25 - INFO - epoch-522, train_loss-0.8232, train_rmse-0.9073, valid_rmse-1.3296, valid_pr-0.6970
2025-06-11 17:06:28 - INFO - epoch-523, train_loss-0.8145, train_rmse-0.9025, valid_rmse-1.3466, valid_pr-0.6893
2025-06-11 17:06:31 - INFO - epoch-524, train_loss-0.7957, train_rmse-0.8920, valid_rmse-1.3554, valid_pr-0.6842
2025-06-11 17:06:34 - INFO - epoch-525, train_loss-0.8228, train_rmse-0.9071, valid_rmse-1.3699, valid_pr-0.6819
2025-06-11 17:06:37 - INFO - epoch-526, train_loss-0.8239, train_rmse-0.9077, valid_rmse-1.3488, valid_pr-0.6931
2025-06-11 17:06:40 - INFO - epoch-527, train_loss-0.8213, train_rmse-0.9063, valid_rmse-1.3645, valid_pr-0.6806
2025-06-11 17:06:43 - INFO - epoch-528, train_loss-0.8196, train_rmse-0.9053, valid_rmse-1.3443, valid_pr-0.6922
2025-06-11 17:06:46 - INFO - epoch-529, train_loss-0.8063, train_rmse-0.8979, valid_rmse-1.3625, valid_pr-0.6789
2025-06-11 17:06:49 - INFO - epoch-530, train_loss-0.8317, train_rmse-0.9120, valid_rmse-1.3407, valid_pr-0.6956
2025-06-11 17:06:52 - INFO - epoch-531, train_loss-0.8009, train_rmse-0.8950, valid_rmse-1.3246, valid_pr-0.7019
2025-06-11 17:06:55 - INFO - epoch-532, train_loss-0.8237, train_rmse-0.9076, valid_rmse-1.3338, valid_pr-0.6982
2025-06-11 17:06:59 - INFO - epoch-533, train_loss-0.8211, train_rmse-0.9061, valid_rmse-1.3611, valid_pr-0.6838
2025-06-11 17:07:01 - INFO - epoch-534, train_loss-0.8058, train_rmse-0.8976, valid_rmse-1.3550, valid_pr-0.6877
2025-06-11 17:07:04 - INFO - epoch-535, train_loss-0.7879, train_rmse-0.8877, valid_rmse-1.3677, valid_pr-0.6798
2025-06-11 17:07:07 - INFO - epoch-536, train_loss-0.8224, train_rmse-0.9069, valid_rmse-1.3654, valid_pr-0.6820
2025-06-11 17:07:10 - INFO - epoch-537, train_loss-0.7858, train_rmse-0.8865, valid_rmse-1.3603, valid_pr-0.6863
2025-06-11 17:07:14 - INFO - epoch-538, train_loss-0.8064, train_rmse-0.8980, valid_rmse-1.3654, valid_pr-0.6813
2025-06-11 17:07:17 - INFO - epoch-539, train_loss-0.8062, train_rmse-0.8979, valid_rmse-1.3668, valid_pr-0.6775
2025-06-11 17:07:20 - INFO - epoch-540, train_loss-0.7700, train_rmse-0.8775, valid_rmse-1.3612, valid_pr-0.6821
2025-06-11 17:07:23 - INFO - epoch-541, train_loss-0.8047, train_rmse-0.8971, valid_rmse-1.3664, valid_pr-0.6794
2025-06-11 17:07:26 - INFO - epoch-542, train_loss-0.8059, train_rmse-0.8977, valid_rmse-1.3586, valid_pr-0.6829
2025-06-11 17:07:29 - INFO - epoch-543, train_loss-0.8396, train_rmse-0.9163, valid_rmse-1.3508, valid_pr-0.6851
2025-06-11 17:07:32 - INFO - epoch-544, train_loss-0.7962, train_rmse-0.8923, valid_rmse-1.3731, valid_pr-0.6777
2025-06-11 17:07:35 - INFO - epoch-545, train_loss-0.8050, train_rmse-0.8972, valid_rmse-1.3527, valid_pr-0.6889
2025-06-11 17:07:38 - INFO - epoch-546, train_loss-0.8187, train_rmse-0.9048, valid_rmse-1.3515, valid_pr-0.6910
2025-06-11 17:07:41 - INFO - epoch-547, train_loss-0.7889, train_rmse-0.8882, valid_rmse-1.3513, valid_pr-0.6852
2025-06-11 17:07:44 - INFO - epoch-548, train_loss-0.8065, train_rmse-0.8981, valid_rmse-1.3614, valid_pr-0.6848
2025-06-11 17:07:47 - INFO - epoch-549, train_loss-0.7983, train_rmse-0.8935, valid_rmse-1.3553, valid_pr-0.6834
2025-06-11 17:07:50 - INFO - epoch-550, train_loss-0.8029, train_rmse-0.8961, valid_rmse-1.3512, valid_pr-0.6859
2025-06-11 17:07:53 - INFO - epoch-551, train_loss-0.7992, train_rmse-0.8940, valid_rmse-1.3620, valid_pr-0.6811
2025-06-11 17:07:56 - INFO - epoch-552, train_loss-0.7757, train_rmse-0.8807, valid_rmse-1.3473, valid_pr-0.6918
2025-06-11 17:07:59 - INFO - epoch-553, train_loss-0.7919, train_rmse-0.8899, valid_rmse-1.3773, valid_pr-0.6765
2025-06-11 17:08:02 - INFO - epoch-554, train_loss-0.7881, train_rmse-0.8878, valid_rmse-1.3591, valid_pr-0.6808
2025-06-11 17:08:05 - INFO - epoch-555, train_loss-0.8057, train_rmse-0.8976, valid_rmse-1.3542, valid_pr-0.6842
2025-06-11 17:08:08 - INFO - epoch-556, train_loss-0.7860, train_rmse-0.8865, valid_rmse-1.3464, valid_pr-0.6921
2025-06-11 17:08:11 - INFO - epoch-557, train_loss-0.7935, train_rmse-0.8908, valid_rmse-1.3492, valid_pr-0.6881
2025-06-11 17:08:15 - INFO - epoch-558, train_loss-0.7979, train_rmse-0.8933, valid_rmse-1.3477, valid_pr-0.6898
2025-06-11 17:08:18 - INFO - epoch-559, train_loss-0.7817, train_rmse-0.8842, valid_rmse-1.3567, valid_pr-0.6829
2025-06-11 17:08:21 - INFO - epoch-560, train_loss-0.8011, train_rmse-0.8951, valid_rmse-1.3763, valid_pr-0.6756
2025-06-11 17:08:24 - INFO - epoch-561, train_loss-0.8182, train_rmse-0.9046, valid_rmse-1.3582, valid_pr-0.6847
2025-06-11 17:08:27 - INFO - epoch-562, train_loss-0.7869, train_rmse-0.8871, valid_rmse-1.3710, valid_pr-0.6781
2025-06-11 17:08:30 - INFO - epoch-563, train_loss-0.7737, train_rmse-0.8796, valid_rmse-1.3562, valid_pr-0.6836
2025-06-11 17:08:33 - INFO - epoch-564, train_loss-0.7667, train_rmse-0.8756, valid_rmse-1.3649, valid_pr-0.6838
2025-06-11 17:08:36 - INFO - epoch-565, train_loss-0.7930, train_rmse-0.8905, valid_rmse-1.3600, valid_pr-0.6818
2025-06-11 17:08:39 - INFO - epoch-566, train_loss-0.7857, train_rmse-0.8864, valid_rmse-1.3662, valid_pr-0.6805
2025-06-11 17:08:42 - INFO - epoch-567, train_loss-0.7864, train_rmse-0.8868, valid_rmse-1.3656, valid_pr-0.6800
2025-06-11 17:08:46 - INFO - epoch-568, train_loss-0.7982, train_rmse-0.8934, valid_rmse-1.3649, valid_pr-0.6809
2025-06-11 17:08:54 - INFO - epoch-569, train_loss-0.7858, train_rmse-0.8864, valid_rmse-1.3645, valid_pr-0.6848
2025-06-11 17:08:58 - INFO - epoch-570, train_loss-0.7870, train_rmse-0.8871, valid_rmse-1.3564, valid_pr-0.6861
2025-06-11 17:09:01 - INFO - epoch-571, train_loss-0.8012, train_rmse-0.8951, valid_rmse-1.3627, valid_pr-0.6801
2025-06-11 17:09:05 - INFO - epoch-572, train_loss-0.8229, train_rmse-0.9071, valid_rmse-1.3640, valid_pr-0.6805
2025-06-11 17:09:09 - INFO - epoch-573, train_loss-0.7582, train_rmse-0.8708, valid_rmse-1.3628, valid_pr-0.6845
2025-06-11 17:09:12 - INFO - epoch-574, train_loss-0.7919, train_rmse-0.8899, valid_rmse-1.3522, valid_pr-0.6926
2025-06-11 17:09:16 - INFO - epoch-575, train_loss-0.7993, train_rmse-0.8941, valid_rmse-1.3521, valid_pr-0.6861
2025-06-11 17:09:19 - INFO - epoch-576, train_loss-0.7878, train_rmse-0.8876, valid_rmse-1.3579, valid_pr-0.6850
2025-06-11 17:09:22 - INFO - epoch-577, train_loss-0.7497, train_rmse-0.8659, valid_rmse-1.3436, valid_pr-0.6905
2025-06-11 17:09:26 - INFO - epoch-578, train_loss-0.7786, train_rmse-0.8824, valid_rmse-1.3675, valid_pr-0.6801
2025-06-11 17:09:29 - INFO - epoch-579, train_loss-0.7836, train_rmse-0.8852, valid_rmse-1.3448, valid_pr-0.6914
2025-06-11 17:09:32 - INFO - epoch-580, train_loss-0.7792, train_rmse-0.8827, valid_rmse-1.3356, valid_pr-0.6928
2025-06-11 17:09:36 - INFO - epoch-581, train_loss-0.7843, train_rmse-0.8856, valid_rmse-1.3478, valid_pr-0.6919
2025-06-11 17:09:39 - INFO - epoch-582, train_loss-0.7602, train_rmse-0.8719, valid_rmse-1.3778, valid_pr-0.6832
2025-06-11 17:09:43 - INFO - epoch-583, train_loss-0.7933, train_rmse-0.8907, valid_rmse-1.3432, valid_pr-0.6927
2025-06-11 17:09:46 - INFO - epoch-584, train_loss-0.7620, train_rmse-0.8729, valid_rmse-1.3458, valid_pr-0.6905
2025-06-11 17:09:50 - INFO - epoch-585, train_loss-0.7703, train_rmse-0.8777, valid_rmse-1.3382, valid_pr-0.6919
2025-06-11 17:09:53 - INFO - epoch-586, train_loss-0.7764, train_rmse-0.8811, valid_rmse-1.3496, valid_pr-0.6878
2025-06-11 17:09:56 - INFO - epoch-587, train_loss-0.7805, train_rmse-0.8835, valid_rmse-1.3544, valid_pr-0.6888
2025-06-11 17:10:00 - INFO - epoch-588, train_loss-0.7727, train_rmse-0.8790, valid_rmse-1.3567, valid_pr-0.6855
2025-06-11 17:10:03 - INFO - epoch-589, train_loss-0.7791, train_rmse-0.8827, valid_rmse-1.3446, valid_pr-0.6924
2025-06-11 17:10:07 - INFO - epoch-590, train_loss-0.7837, train_rmse-0.8852, valid_rmse-1.3726, valid_pr-0.6787
2025-06-11 17:10:11 - INFO - epoch-591, train_loss-0.7777, train_rmse-0.8819, valid_rmse-1.3589, valid_pr-0.6830
2025-06-11 17:10:15 - INFO - epoch-592, train_loss-0.7744, train_rmse-0.8800, valid_rmse-1.3545, valid_pr-0.6853
2025-06-11 17:10:18 - INFO - epoch-593, train_loss-0.7867, train_rmse-0.8870, valid_rmse-1.3521, valid_pr-0.6882
2025-06-11 17:10:22 - INFO - epoch-594, train_loss-0.7745, train_rmse-0.8801, valid_rmse-1.3621, valid_pr-0.6821
2025-06-11 17:10:25 - INFO - epoch-595, train_loss-0.7647, train_rmse-0.8745, valid_rmse-1.3574, valid_pr-0.6862
2025-06-11 17:10:29 - INFO - epoch-596, train_loss-0.7686, train_rmse-0.8767, valid_rmse-1.3467, valid_pr-0.6883
2025-06-11 17:10:32 - INFO - epoch-597, train_loss-0.7815, train_rmse-0.8840, valid_rmse-1.3544, valid_pr-0.6855
2025-06-11 17:10:36 - INFO - epoch-598, train_loss-0.7685, train_rmse-0.8767, valid_rmse-1.3525, valid_pr-0.6861
2025-06-11 17:10:40 - INFO - epoch-599, train_loss-0.7638, train_rmse-0.8740, valid_rmse-1.3493, valid_pr-0.6904
2025-06-11 17:10:44 - INFO - epoch-600, train_loss-0.7566, train_rmse-0.8698, valid_rmse-1.3571, valid_pr-0.6848
2025-06-11 17:10:47 - INFO - epoch-601, train_loss-0.7505, train_rmse-0.8663, valid_rmse-1.3655, valid_pr-0.6795
2025-06-11 17:10:51 - INFO - epoch-602, train_loss-0.7572, train_rmse-0.8702, valid_rmse-1.3640, valid_pr-0.6804
2025-06-11 17:10:54 - INFO - epoch-603, train_loss-0.7333, train_rmse-0.8563, valid_rmse-1.3638, valid_pr-0.6825
2025-06-11 17:10:58 - INFO - epoch-604, train_loss-0.7605, train_rmse-0.8720, valid_rmse-1.3569, valid_pr-0.6839
2025-06-11 17:11:02 - INFO - epoch-605, train_loss-0.7532, train_rmse-0.8678, valid_rmse-1.3529, valid_pr-0.6864
2025-06-11 17:11:06 - INFO - epoch-606, train_loss-0.7630, train_rmse-0.8735, valid_rmse-1.3934, valid_pr-0.6771
2025-06-11 17:11:09 - INFO - epoch-607, train_loss-0.7689, train_rmse-0.8769, valid_rmse-1.3487, valid_pr-0.6869
2025-06-11 17:11:13 - INFO - epoch-608, train_loss-0.7520, train_rmse-0.8672, valid_rmse-1.3579, valid_pr-0.6851
2025-06-11 17:11:16 - INFO - epoch-609, train_loss-0.7671, train_rmse-0.8758, valid_rmse-1.3506, valid_pr-0.6878
2025-06-11 17:11:20 - INFO - epoch-610, train_loss-0.7359, train_rmse-0.8579, valid_rmse-1.3536, valid_pr-0.6845
2025-06-11 17:11:23 - INFO - epoch-611, train_loss-0.7716, train_rmse-0.8784, valid_rmse-1.3465, valid_pr-0.6907
2025-06-11 17:11:27 - INFO - epoch-612, train_loss-0.7644, train_rmse-0.8743, valid_rmse-1.3406, valid_pr-0.6914
2025-06-11 17:11:30 - INFO - epoch-613, train_loss-0.7515, train_rmse-0.8669, valid_rmse-1.3504, valid_pr-0.6888
2025-06-11 17:11:34 - INFO - epoch-614, train_loss-0.7747, train_rmse-0.8802, valid_rmse-1.3445, valid_pr-0.6941
2025-06-11 17:11:38 - INFO - epoch-615, train_loss-0.7666, train_rmse-0.8755, valid_rmse-1.3266, valid_pr-0.6981
2025-06-11 17:11:41 - INFO - epoch-616, train_loss-0.7608, train_rmse-0.8723, valid_rmse-1.3372, valid_pr-0.6921
2025-06-11 17:11:45 - INFO - epoch-617, train_loss-0.7676, train_rmse-0.8761, valid_rmse-1.3569, valid_pr-0.6867
2025-06-11 17:11:48 - INFO - epoch-618, train_loss-0.7486, train_rmse-0.8652, valid_rmse-1.3413, valid_pr-0.6914
2025-06-11 17:11:51 - INFO - epoch-619, train_loss-0.7630, train_rmse-0.8735, valid_rmse-1.3519, valid_pr-0.6886
2025-06-11 17:11:55 - INFO - epoch-620, train_loss-0.7379, train_rmse-0.8590, valid_rmse-1.3574, valid_pr-0.6860
2025-06-11 17:11:58 - INFO - epoch-621, train_loss-0.7472, train_rmse-0.8644, valid_rmse-1.3631, valid_pr-0.6859
2025-06-11 17:12:01 - INFO - epoch-622, train_loss-0.7345, train_rmse-0.8570, valid_rmse-1.3487, valid_pr-0.6891
2025-06-11 17:12:05 - INFO - epoch-623, train_loss-0.7469, train_rmse-0.8643, valid_rmse-1.3454, valid_pr-0.6894
2025-06-11 17:12:08 - INFO - epoch-624, train_loss-0.7356, train_rmse-0.8577, valid_rmse-1.3368, valid_pr-0.6952
2025-06-11 17:12:11 - INFO - epoch-625, train_loss-0.7529, train_rmse-0.8677, valid_rmse-1.3419, valid_pr-0.6947
2025-06-11 17:12:14 - INFO - epoch-626, train_loss-0.7511, train_rmse-0.8666, valid_rmse-1.3490, valid_pr-0.6861
2025-06-11 17:12:17 - INFO - epoch-627, train_loss-0.7398, train_rmse-0.8601, valid_rmse-1.3406, valid_pr-0.6936
2025-06-11 17:12:20 - INFO - epoch-628, train_loss-0.7412, train_rmse-0.8609, valid_rmse-1.3609, valid_pr-0.6842
2025-06-11 17:12:24 - INFO - epoch-629, train_loss-0.7361, train_rmse-0.8580, valid_rmse-1.3455, valid_pr-0.6912
2025-06-11 17:12:27 - INFO - epoch-630, train_loss-0.7408, train_rmse-0.8607, valid_rmse-1.3545, valid_pr-0.6877
2025-06-11 17:12:30 - INFO - epoch-631, train_loss-0.7313, train_rmse-0.8552, valid_rmse-1.3419, valid_pr-0.6917
2025-06-11 17:12:33 - INFO - epoch-632, train_loss-0.7585, train_rmse-0.8709, valid_rmse-1.3666, valid_pr-0.6768
2025-06-11 17:12:33 - INFO - early stop in epoch 632
2025-06-11 17:12:33 - INFO - best_rmse: 1.3246
2025-06-11 17:12:36 - INFO - valid_rmse-1.3246, valid_pr-0.7019, test2013_rmse-1.5690, test2013_pr-0.7564, test2016_rmse-1.4031, test2016_pr-0.7682, test2019_rmse-1.4781, test2019_pr-0.5898,
