2025-06-11 15:55:13 - INFO - train_GAT_demo.py
2025-06-11 15:55:13 - INFO - train data: 11904
2025-06-11 15:55:13 - INFO - valid data: 1000
2025-06-11 15:55:13 - INFO - test2013 data: 107
2025-06-11 15:55:13 - INFO - test2016 data: 285
2025-06-11 15:55:13 - INFO - test2019 data: 4366
2025-06-11 15:55:17 - INFO - epoch-0, train_loss-40.2094, train_rmse-6.3411, valid_rmse-6.0837, valid_pr-0.4748
2025-06-11 15:55:21 - INFO - epoch-1, train_loss-24.9156, train_rmse-4.9915, valid_rmse-2.9320, valid_pr-0.4838
2025-06-11 15:55:25 - INFO - epoch-2, train_loss-7.8177, train_rmse-2.7960, valid_rmse-2.1534, valid_pr-0.4763
2025-06-11 15:55:29 - INFO - epoch-3, train_loss-3.6213, train_rmse-1.9030, valid_rmse-2.1865, valid_pr-0.4999
2025-06-11 15:55:32 - INFO - epoch-4, train_loss-3.4265, train_rmse-1.8511, valid_rmse-1.5762, valid_pr-0.5209
2025-06-11 15:55:36 - INFO - epoch-5, train_loss-3.2991, train_rmse-1.8163, valid_rmse-2.1833, valid_pr-0.5017
2025-06-11 15:55:40 - INFO - epoch-6, train_loss-3.1948, train_rmse-1.7874, valid_rmse-1.7437, valid_pr-0.5590
2025-06-11 15:55:44 - INFO - epoch-7, train_loss-3.1369, train_rmse-1.7711, valid_rmse-1.5454, valid_pr-0.5667
2025-06-11 15:55:48 - INFO - epoch-8, train_loss-3.0025, train_rmse-1.7328, valid_rmse-1.5504, valid_pr-0.5536
2025-06-11 15:55:52 - INFO - epoch-9, train_loss-3.0006, train_rmse-1.7322, valid_rmse-1.7875, valid_pr-0.5441
2025-06-11 15:55:55 - INFO - epoch-10, train_loss-2.9788, train_rmse-1.7259, valid_rmse-1.7787, valid_pr-0.4660
2025-06-11 15:55:59 - INFO - epoch-11, train_loss-2.9559, train_rmse-1.7193, valid_rmse-1.5203, valid_pr-0.5692
2025-06-11 15:56:03 - INFO - epoch-12, train_loss-2.8351, train_rmse-1.6838, valid_rmse-1.5200, valid_pr-0.5691
2025-06-11 15:56:07 - INFO - epoch-13, train_loss-2.8354, train_rmse-1.6839, valid_rmse-1.5603, valid_pr-0.5773
2025-06-11 15:56:11 - INFO - epoch-14, train_loss-2.7964, train_rmse-1.6722, valid_rmse-2.0983, valid_pr-0.4710
2025-06-11 15:56:15 - INFO - epoch-15, train_loss-2.7762, train_rmse-1.6662, valid_rmse-1.6934, valid_pr-0.5754
2025-06-11 15:56:18 - INFO - epoch-16, train_loss-2.7949, train_rmse-1.6718, valid_rmse-1.6047, valid_pr-0.5277
2025-06-11 15:56:22 - INFO - epoch-17, train_loss-2.6950, train_rmse-1.6417, valid_rmse-1.5203, valid_pr-0.5683
2025-06-11 15:56:26 - INFO - epoch-18, train_loss-2.6749, train_rmse-1.6355, valid_rmse-1.5870, valid_pr-0.5298
2025-06-11 15:56:30 - INFO - epoch-19, train_loss-2.6116, train_rmse-1.6160, valid_rmse-1.8420, valid_pr-0.5396
2025-06-11 15:56:34 - INFO - epoch-20, train_loss-2.5899, train_rmse-1.6093, valid_rmse-1.5596, valid_pr-0.5696
2025-06-11 15:56:38 - INFO - epoch-21, train_loss-2.5863, train_rmse-1.6082, valid_rmse-1.8127, valid_pr-0.5777
2025-06-11 15:56:42 - INFO - epoch-22, train_loss-2.5063, train_rmse-1.5831, valid_rmse-1.5184, valid_pr-0.6136
2025-06-11 15:56:46 - INFO - epoch-23, train_loss-2.4780, train_rmse-1.5742, valid_rmse-1.4895, valid_pr-0.6035
2025-06-11 15:56:50 - INFO - epoch-24, train_loss-2.4729, train_rmse-1.5725, valid_rmse-1.5258, valid_pr-0.5814
2025-06-11 15:56:53 - INFO - epoch-25, train_loss-2.4380, train_rmse-1.5614, valid_rmse-1.4588, valid_pr-0.6129
2025-06-11 15:56:57 - INFO - epoch-26, train_loss-2.4659, train_rmse-1.5703, valid_rmse-1.6096, valid_pr-0.5111
2025-06-11 15:57:01 - INFO - epoch-27, train_loss-2.4454, train_rmse-1.5638, valid_rmse-1.4906, valid_pr-0.6185
2025-06-11 15:57:05 - INFO - epoch-28, train_loss-2.3816, train_rmse-1.5432, valid_rmse-1.6897, valid_pr-0.5806
2025-06-11 15:57:09 - INFO - epoch-29, train_loss-2.3613, train_rmse-1.5366, valid_rmse-1.7755, valid_pr-0.5056
2025-06-11 15:57:13 - INFO - epoch-30, train_loss-2.3522, train_rmse-1.5337, valid_rmse-1.5342, valid_pr-0.5879
2025-06-11 15:57:17 - INFO - epoch-31, train_loss-2.3243, train_rmse-1.5246, valid_rmse-1.5105, valid_pr-0.5926
2025-06-11 15:57:21 - INFO - epoch-32, train_loss-2.3105, train_rmse-1.5200, valid_rmse-1.4306, valid_pr-0.6335
2025-06-11 15:57:25 - INFO - epoch-33, train_loss-2.2841, train_rmse-1.5113, valid_rmse-1.4716, valid_pr-0.6327
2025-06-11 15:57:28 - INFO - epoch-34, train_loss-2.2304, train_rmse-1.4935, valid_rmse-1.4836, valid_pr-0.5958
2025-06-11 15:57:32 - INFO - epoch-35, train_loss-2.2572, train_rmse-1.5024, valid_rmse-1.4705, valid_pr-0.6188
2025-06-11 15:57:36 - INFO - epoch-36, train_loss-2.2303, train_rmse-1.4934, valid_rmse-1.4089, valid_pr-0.6536
2025-06-11 15:57:40 - INFO - epoch-37, train_loss-2.1678, train_rmse-1.4724, valid_rmse-1.5345, valid_pr-0.6166
2025-06-11 15:57:44 - INFO - epoch-38, train_loss-2.1898, train_rmse-1.4798, valid_rmse-1.4141, valid_pr-0.6431
2025-06-11 15:57:47 - INFO - epoch-39, train_loss-2.1719, train_rmse-1.4737, valid_rmse-1.4658, valid_pr-0.6341
2025-06-11 15:57:51 - INFO - epoch-40, train_loss-2.1471, train_rmse-1.4653, valid_rmse-1.6148, valid_pr-0.5515
2025-06-11 15:57:55 - INFO - epoch-41, train_loss-2.1117, train_rmse-1.4532, valid_rmse-1.4541, valid_pr-0.6272
2025-06-11 15:57:59 - INFO - epoch-42, train_loss-2.0902, train_rmse-1.4457, valid_rmse-1.4361, valid_pr-0.6323
2025-06-11 15:58:03 - INFO - epoch-43, train_loss-2.0672, train_rmse-1.4378, valid_rmse-1.4403, valid_pr-0.6419
2025-06-11 15:58:06 - INFO - epoch-44, train_loss-2.0315, train_rmse-1.4253, valid_rmse-1.5664, valid_pr-0.6176
2025-06-11 15:58:10 - INFO - epoch-45, train_loss-2.0811, train_rmse-1.4426, valid_rmse-1.4547, valid_pr-0.6366
2025-06-11 15:58:14 - INFO - epoch-46, train_loss-2.0415, train_rmse-1.4288, valid_rmse-1.4985, valid_pr-0.6056
2025-06-11 15:58:18 - INFO - epoch-47, train_loss-2.0294, train_rmse-1.4246, valid_rmse-1.5739, valid_pr-0.6051
2025-06-11 15:58:22 - INFO - epoch-48, train_loss-1.9748, train_rmse-1.4053, valid_rmse-1.4939, valid_pr-0.5939
2025-06-11 15:58:26 - INFO - epoch-49, train_loss-1.9615, train_rmse-1.4005, valid_rmse-1.4346, valid_pr-0.6529
2025-06-11 15:58:30 - INFO - epoch-50, train_loss-1.9560, train_rmse-1.3986, valid_rmse-1.4129, valid_pr-0.6476
2025-06-11 15:58:34 - INFO - epoch-51, train_loss-1.9648, train_rmse-1.4017, valid_rmse-1.4742, valid_pr-0.6059
2025-06-11 15:58:37 - INFO - epoch-52, train_loss-1.9607, train_rmse-1.4002, valid_rmse-1.5846, valid_pr-0.6275
2025-06-11 15:58:41 - INFO - epoch-53, train_loss-1.9495, train_rmse-1.3963, valid_rmse-1.6402, valid_pr-0.6229
2025-06-11 15:58:45 - INFO - epoch-54, train_loss-1.9094, train_rmse-1.3818, valid_rmse-1.4961, valid_pr-0.5987
2025-06-11 15:58:49 - INFO - epoch-55, train_loss-1.8939, train_rmse-1.3762, valid_rmse-1.4185, valid_pr-0.6696
2025-06-11 15:58:53 - INFO - epoch-56, train_loss-1.8823, train_rmse-1.3720, valid_rmse-1.6101, valid_pr-0.6336
2025-06-11 15:58:57 - INFO - epoch-57, train_loss-1.8703, train_rmse-1.3676, valid_rmse-1.4868, valid_pr-0.6430
2025-06-11 15:59:00 - INFO - epoch-58, train_loss-1.8544, train_rmse-1.3618, valid_rmse-1.5008, valid_pr-0.6235
2025-06-11 15:59:04 - INFO - epoch-59, train_loss-1.8472, train_rmse-1.3591, valid_rmse-1.4634, valid_pr-0.6270
2025-06-11 15:59:08 - INFO - epoch-60, train_loss-1.8373, train_rmse-1.3555, valid_rmse-1.4649, valid_pr-0.6593
2025-06-11 15:59:12 - INFO - epoch-61, train_loss-1.8097, train_rmse-1.3453, valid_rmse-1.3801, valid_pr-0.6688
2025-06-11 15:59:16 - INFO - epoch-62, train_loss-1.7932, train_rmse-1.3391, valid_rmse-1.3880, valid_pr-0.6678
2025-06-11 15:59:20 - INFO - epoch-63, train_loss-1.7687, train_rmse-1.3299, valid_rmse-1.5732, valid_pr-0.6529
2025-06-11 15:59:23 - INFO - epoch-64, train_loss-1.7661, train_rmse-1.3289, valid_rmse-1.4311, valid_pr-0.6555
2025-06-11 15:59:27 - INFO - epoch-65, train_loss-1.7396, train_rmse-1.3189, valid_rmse-1.4493, valid_pr-0.6517
2025-06-11 15:59:31 - INFO - epoch-66, train_loss-1.7278, train_rmse-1.3144, valid_rmse-1.3743, valid_pr-0.6816
2025-06-11 15:59:35 - INFO - epoch-67, train_loss-1.7246, train_rmse-1.3133, valid_rmse-1.5673, valid_pr-0.6123
2025-06-11 15:59:39 - INFO - epoch-68, train_loss-1.6992, train_rmse-1.3035, valid_rmse-1.5688, valid_pr-0.6104
2025-06-11 15:59:42 - INFO - epoch-69, train_loss-1.7128, train_rmse-1.3088, valid_rmse-1.4702, valid_pr-0.6237
2025-06-11 15:59:46 - INFO - epoch-70, train_loss-1.6984, train_rmse-1.3032, valid_rmse-1.6913, valid_pr-0.5531
2025-06-11 15:59:50 - INFO - epoch-71, train_loss-1.6788, train_rmse-1.2957, valid_rmse-1.4661, valid_pr-0.6821
2025-06-11 15:59:54 - INFO - epoch-72, train_loss-1.6513, train_rmse-1.2850, valid_rmse-1.4085, valid_pr-0.6505
2025-06-11 15:59:58 - INFO - epoch-73, train_loss-1.6394, train_rmse-1.2804, valid_rmse-1.3481, valid_pr-0.6833
2025-06-11 16:00:02 - INFO - epoch-74, train_loss-1.6244, train_rmse-1.2745, valid_rmse-1.6599, valid_pr-0.5896
2025-06-11 16:00:05 - INFO - epoch-75, train_loss-1.6250, train_rmse-1.2748, valid_rmse-1.3958, valid_pr-0.6593
2025-06-11 16:00:09 - INFO - epoch-76, train_loss-1.5974, train_rmse-1.2639, valid_rmse-1.4222, valid_pr-0.6701
2025-06-11 16:00:13 - INFO - epoch-77, train_loss-1.5684, train_rmse-1.2524, valid_rmse-1.4187, valid_pr-0.6627
2025-06-11 16:00:17 - INFO - epoch-78, train_loss-1.5698, train_rmse-1.2529, valid_rmse-1.3887, valid_pr-0.6855
2025-06-11 16:00:20 - INFO - epoch-79, train_loss-1.5566, train_rmse-1.2476, valid_rmse-1.6438, valid_pr-0.5828
2025-06-11 16:00:24 - INFO - epoch-80, train_loss-1.5290, train_rmse-1.2365, valid_rmse-1.5592, valid_pr-0.6524
2025-06-11 16:00:28 - INFO - epoch-81, train_loss-1.5344, train_rmse-1.2387, valid_rmse-1.4955, valid_pr-0.6233
2025-06-11 16:00:32 - INFO - epoch-82, train_loss-1.5284, train_rmse-1.2363, valid_rmse-1.4260, valid_pr-0.6687
2025-06-11 16:00:36 - INFO - epoch-83, train_loss-1.5065, train_rmse-1.2274, valid_rmse-1.4163, valid_pr-0.6543
2025-06-11 16:00:39 - INFO - epoch-84, train_loss-1.4731, train_rmse-1.2137, valid_rmse-1.3888, valid_pr-0.6725
2025-06-11 16:00:43 - INFO - epoch-85, train_loss-1.4891, train_rmse-1.2203, valid_rmse-1.4685, valid_pr-0.6566
2025-06-11 16:00:47 - INFO - epoch-86, train_loss-1.4600, train_rmse-1.2083, valid_rmse-1.3627, valid_pr-0.6865
2025-06-11 16:00:51 - INFO - epoch-87, train_loss-1.4258, train_rmse-1.1941, valid_rmse-1.4686, valid_pr-0.6276
2025-06-11 16:00:55 - INFO - epoch-88, train_loss-1.4326, train_rmse-1.1969, valid_rmse-1.4615, valid_pr-0.6554
2025-06-11 16:00:59 - INFO - epoch-89, train_loss-1.4177, train_rmse-1.1907, valid_rmse-1.3896, valid_pr-0.6713
2025-06-11 16:01:03 - INFO - epoch-90, train_loss-1.3985, train_rmse-1.1826, valid_rmse-1.3865, valid_pr-0.6754
2025-06-11 16:01:07 - INFO - epoch-91, train_loss-1.3756, train_rmse-1.1729, valid_rmse-1.4180, valid_pr-0.6725
2025-06-11 16:01:10 - INFO - epoch-92, train_loss-1.3746, train_rmse-1.1724, valid_rmse-1.3851, valid_pr-0.6854
2025-06-11 16:01:14 - INFO - epoch-93, train_loss-1.3594, train_rmse-1.1659, valid_rmse-1.5372, valid_pr-0.6509
2025-06-11 16:01:18 - INFO - epoch-94, train_loss-1.3550, train_rmse-1.1640, valid_rmse-1.5353, valid_pr-0.6096
2025-06-11 16:01:22 - INFO - epoch-95, train_loss-1.3483, train_rmse-1.1612, valid_rmse-1.4846, valid_pr-0.6150
2025-06-11 16:01:26 - INFO - epoch-96, train_loss-1.3309, train_rmse-1.1537, valid_rmse-1.4738, valid_pr-0.6342
2025-06-11 16:01:29 - INFO - epoch-97, train_loss-1.3028, train_rmse-1.1414, valid_rmse-1.3527, valid_pr-0.7040
2025-06-11 16:01:33 - INFO - epoch-98, train_loss-1.2949, train_rmse-1.1379, valid_rmse-1.3652, valid_pr-0.6820
2025-06-11 16:01:37 - INFO - epoch-99, train_loss-1.2851, train_rmse-1.1336, valid_rmse-1.3999, valid_pr-0.6671
2025-06-11 16:01:41 - INFO - epoch-100, train_loss-1.2425, train_rmse-1.1147, valid_rmse-1.4227, valid_pr-0.6584
2025-06-11 16:01:45 - INFO - epoch-101, train_loss-1.2624, train_rmse-1.1236, valid_rmse-1.4005, valid_pr-0.6589
2025-06-11 16:01:49 - INFO - epoch-102, train_loss-1.2374, train_rmse-1.1124, valid_rmse-1.4052, valid_pr-0.6668
2025-06-11 16:01:53 - INFO - epoch-103, train_loss-1.2199, train_rmse-1.1045, valid_rmse-1.3924, valid_pr-0.6775
2025-06-11 16:01:57 - INFO - epoch-104, train_loss-1.1977, train_rmse-1.0944, valid_rmse-1.4252, valid_pr-0.6669
2025-06-11 16:02:00 - INFO - epoch-105, train_loss-1.2100, train_rmse-1.1000, valid_rmse-1.4054, valid_pr-0.6510
2025-06-11 16:02:04 - INFO - epoch-106, train_loss-1.1626, train_rmse-1.0782, valid_rmse-1.4310, valid_pr-0.6336
2025-06-11 16:02:08 - INFO - epoch-107, train_loss-1.1778, train_rmse-1.0853, valid_rmse-1.3928, valid_pr-0.6812
2025-06-11 16:02:12 - INFO - epoch-108, train_loss-1.1506, train_rmse-1.0727, valid_rmse-1.4691, valid_pr-0.6467
2025-06-11 16:02:16 - INFO - epoch-109, train_loss-1.1576, train_rmse-1.0759, valid_rmse-1.4544, valid_pr-0.6525
2025-06-11 16:02:20 - INFO - epoch-110, train_loss-1.1402, train_rmse-1.0678, valid_rmse-1.4328, valid_pr-0.6404
2025-06-11 16:02:23 - INFO - epoch-111, train_loss-1.1140, train_rmse-1.0555, valid_rmse-1.3843, valid_pr-0.6669
2025-06-11 16:02:27 - INFO - epoch-112, train_loss-1.1072, train_rmse-1.0522, valid_rmse-1.5831, valid_pr-0.6219
2025-06-11 16:02:31 - INFO - epoch-113, train_loss-1.0949, train_rmse-1.0464, valid_rmse-1.4526, valid_pr-0.6668
2025-06-11 16:02:35 - INFO - epoch-114, train_loss-1.0925, train_rmse-1.0452, valid_rmse-1.4038, valid_pr-0.6934
2025-06-11 16:02:39 - INFO - epoch-115, train_loss-1.0454, train_rmse-1.0224, valid_rmse-1.3977, valid_pr-0.6631
2025-06-11 16:02:43 - INFO - epoch-116, train_loss-1.0629, train_rmse-1.0310, valid_rmse-1.5053, valid_pr-0.6547
2025-06-11 16:02:47 - INFO - epoch-117, train_loss-1.0101, train_rmse-1.0051, valid_rmse-1.3998, valid_pr-0.6838
2025-06-11 16:02:50 - INFO - epoch-118, train_loss-1.0289, train_rmse-1.0143, valid_rmse-1.5128, valid_pr-0.6019
2025-06-11 16:02:54 - INFO - epoch-119, train_loss-0.9909, train_rmse-0.9954, valid_rmse-1.5024, valid_pr-0.6707
2025-06-11 16:02:58 - INFO - epoch-120, train_loss-1.0155, train_rmse-1.0077, valid_rmse-1.4728, valid_pr-0.6684
2025-06-11 16:03:02 - INFO - epoch-121, train_loss-1.0005, train_rmse-1.0003, valid_rmse-1.4697, valid_pr-0.6819
2025-06-11 16:03:05 - INFO - epoch-122, train_loss-0.9763, train_rmse-0.9881, valid_rmse-1.4028, valid_pr-0.6691
2025-06-11 16:03:09 - INFO - epoch-123, train_loss-0.9820, train_rmse-0.9910, valid_rmse-1.4344, valid_pr-0.6329
2025-06-11 16:03:13 - INFO - epoch-124, train_loss-0.9594, train_rmse-0.9795, valid_rmse-1.4566, valid_pr-0.6417
2025-06-11 16:03:17 - INFO - epoch-125, train_loss-0.9334, train_rmse-0.9661, valid_rmse-1.3881, valid_pr-0.6761
2025-06-11 16:03:21 - INFO - epoch-126, train_loss-0.9452, train_rmse-0.9722, valid_rmse-1.4304, valid_pr-0.6603
2025-06-11 16:03:25 - INFO - epoch-127, train_loss-0.9598, train_rmse-0.9797, valid_rmse-1.4401, valid_pr-0.6664
2025-06-11 16:03:29 - INFO - epoch-128, train_loss-0.9112, train_rmse-0.9546, valid_rmse-1.3857, valid_pr-0.6808
2025-06-11 16:03:33 - INFO - epoch-129, train_loss-0.9025, train_rmse-0.9500, valid_rmse-1.3613, valid_pr-0.6808
2025-06-11 16:03:36 - INFO - epoch-130, train_loss-0.8871, train_rmse-0.9419, valid_rmse-1.4927, valid_pr-0.6714
2025-06-11 16:03:40 - INFO - epoch-131, train_loss-0.8779, train_rmse-0.9370, valid_rmse-1.4205, valid_pr-0.6546
2025-06-11 16:03:44 - INFO - epoch-132, train_loss-0.8846, train_rmse-0.9405, valid_rmse-1.4665, valid_pr-0.6630
2025-06-11 16:03:48 - INFO - epoch-133, train_loss-0.8783, train_rmse-0.9372, valid_rmse-1.5414, valid_pr-0.6573
2025-06-11 16:03:52 - INFO - epoch-134, train_loss-0.8368, train_rmse-0.9148, valid_rmse-1.4003, valid_pr-0.6759
2025-06-11 16:03:56 - INFO - epoch-135, train_loss-0.8637, train_rmse-0.9293, valid_rmse-1.4581, valid_pr-0.6540
2025-06-11 16:04:00 - INFO - epoch-136, train_loss-0.8237, train_rmse-0.9076, valid_rmse-1.4066, valid_pr-0.6773
2025-06-11 16:04:04 - INFO - epoch-137, train_loss-0.8515, train_rmse-0.9228, valid_rmse-1.4626, valid_pr-0.6871
2025-06-11 16:04:07 - INFO - epoch-138, train_loss-0.8313, train_rmse-0.9118, valid_rmse-1.5246, valid_pr-0.6289
2025-06-11 16:04:11 - INFO - epoch-139, train_loss-0.7930, train_rmse-0.8905, valid_rmse-1.5196, valid_pr-0.6560
2025-06-11 16:04:15 - INFO - epoch-140, train_loss-0.8053, train_rmse-0.8974, valid_rmse-1.3945, valid_pr-0.6851
2025-06-11 16:04:19 - INFO - epoch-141, train_loss-0.7853, train_rmse-0.8862, valid_rmse-1.4029, valid_pr-0.6930
2025-06-11 16:04:23 - INFO - epoch-142, train_loss-0.8247, train_rmse-0.9081, valid_rmse-1.4147, valid_pr-0.6633
2025-06-11 16:04:27 - INFO - epoch-143, train_loss-0.8013, train_rmse-0.8952, valid_rmse-1.3299, valid_pr-0.7066
2025-06-11 16:04:31 - INFO - epoch-144, train_loss-0.7876, train_rmse-0.8875, valid_rmse-1.4304, valid_pr-0.6804
2025-06-11 16:04:34 - INFO - epoch-145, train_loss-0.7757, train_rmse-0.8807, valid_rmse-1.4013, valid_pr-0.6633
2025-06-11 16:04:38 - INFO - epoch-146, train_loss-0.7385, train_rmse-0.8594, valid_rmse-1.4427, valid_pr-0.6602
2025-06-11 16:04:42 - INFO - epoch-147, train_loss-0.7605, train_rmse-0.8721, valid_rmse-1.4303, valid_pr-0.6608
2025-06-11 16:04:46 - INFO - epoch-148, train_loss-0.7582, train_rmse-0.8708, valid_rmse-1.4572, valid_pr-0.6747
2025-06-11 16:04:50 - INFO - epoch-149, train_loss-0.7201, train_rmse-0.8486, valid_rmse-1.5320, valid_pr-0.6441
2025-06-11 16:04:54 - INFO - epoch-150, train_loss-0.7351, train_rmse-0.8574, valid_rmse-1.6642, valid_pr-0.6539
2025-06-11 16:04:57 - INFO - epoch-151, train_loss-0.7294, train_rmse-0.8540, valid_rmse-1.5334, valid_pr-0.6461
2025-06-11 16:05:01 - INFO - epoch-152, train_loss-0.7068, train_rmse-0.8407, valid_rmse-1.4546, valid_pr-0.6271
2025-06-11 16:05:05 - INFO - epoch-153, train_loss-0.7283, train_rmse-0.8534, valid_rmse-1.5056, valid_pr-0.6928
2025-06-11 16:05:09 - INFO - epoch-154, train_loss-0.7249, train_rmse-0.8514, valid_rmse-1.4091, valid_pr-0.6731
2025-06-11 16:05:12 - INFO - epoch-155, train_loss-0.6761, train_rmse-0.8222, valid_rmse-1.4420, valid_pr-0.6518
2025-06-11 16:05:16 - INFO - epoch-156, train_loss-0.6661, train_rmse-0.8161, valid_rmse-1.3785, valid_pr-0.6983
2025-06-11 16:05:20 - INFO - epoch-157, train_loss-0.6881, train_rmse-0.8295, valid_rmse-1.4951, valid_pr-0.6656
2025-06-11 16:05:24 - INFO - epoch-158, train_loss-0.6864, train_rmse-0.8285, valid_rmse-1.4188, valid_pr-0.6708
2025-06-11 16:05:28 - INFO - epoch-159, train_loss-0.6625, train_rmse-0.8139, valid_rmse-1.4039, valid_pr-0.6913
2025-06-11 16:05:32 - INFO - epoch-160, train_loss-0.6478, train_rmse-0.8049, valid_rmse-1.4652, valid_pr-0.6737
2025-06-11 16:05:36 - INFO - epoch-161, train_loss-0.6666, train_rmse-0.8165, valid_rmse-1.5499, valid_pr-0.6298
2025-06-11 16:05:40 - INFO - epoch-162, train_loss-0.6615, train_rmse-0.8133, valid_rmse-1.4055, valid_pr-0.6801
2025-06-11 16:05:43 - INFO - epoch-163, train_loss-0.6405, train_rmse-0.8003, valid_rmse-1.4460, valid_pr-0.6591
2025-06-11 16:05:47 - INFO - epoch-164, train_loss-0.6563, train_rmse-0.8101, valid_rmse-1.4362, valid_pr-0.6653
2025-06-11 16:05:51 - INFO - epoch-165, train_loss-0.6455, train_rmse-0.8034, valid_rmse-1.3803, valid_pr-0.6898
2025-06-11 16:05:55 - INFO - epoch-166, train_loss-0.6240, train_rmse-0.7899, valid_rmse-1.4649, valid_pr-0.6373
2025-06-11 16:05:59 - INFO - epoch-167, train_loss-0.6056, train_rmse-0.7782, valid_rmse-1.4099, valid_pr-0.6697
2025-06-11 16:06:03 - INFO - epoch-168, train_loss-0.6313, train_rmse-0.7945, valid_rmse-1.4430, valid_pr-0.6431
2025-06-11 16:06:06 - INFO - epoch-169, train_loss-0.5959, train_rmse-0.7719, valid_rmse-1.5195, valid_pr-0.6803
2025-06-11 16:06:10 - INFO - epoch-170, train_loss-0.6012, train_rmse-0.7753, valid_rmse-1.4414, valid_pr-0.6670
2025-06-11 16:06:14 - INFO - epoch-171, train_loss-0.5821, train_rmse-0.7630, valid_rmse-1.4306, valid_pr-0.6678
2025-06-11 16:06:18 - INFO - epoch-172, train_loss-0.5701, train_rmse-0.7550, valid_rmse-1.5390, valid_pr-0.6116
2025-06-11 16:06:22 - INFO - epoch-173, train_loss-0.5975, train_rmse-0.7730, valid_rmse-1.4895, valid_pr-0.6455
2025-06-11 16:06:26 - INFO - epoch-174, train_loss-0.5776, train_rmse-0.7600, valid_rmse-1.4617, valid_pr-0.6667
2025-06-11 16:06:30 - INFO - epoch-175, train_loss-0.5692, train_rmse-0.7545, valid_rmse-1.4826, valid_pr-0.6350
2025-06-11 16:06:34 - INFO - epoch-176, train_loss-0.5763, train_rmse-0.7591, valid_rmse-1.3987, valid_pr-0.6728
2025-06-11 16:06:38 - INFO - epoch-177, train_loss-0.5652, train_rmse-0.7518, valid_rmse-1.3838, valid_pr-0.6810
2025-06-11 16:06:41 - INFO - epoch-178, train_loss-0.5600, train_rmse-0.7483, valid_rmse-1.3961, valid_pr-0.6909
2025-06-11 16:06:45 - INFO - epoch-179, train_loss-0.5452, train_rmse-0.7384, valid_rmse-1.4114, valid_pr-0.6691
2025-06-11 16:06:49 - INFO - epoch-180, train_loss-0.5561, train_rmse-0.7457, valid_rmse-1.4161, valid_pr-0.6795
2025-06-11 16:06:53 - INFO - epoch-181, train_loss-0.5575, train_rmse-0.7467, valid_rmse-1.4325, valid_pr-0.6615
2025-06-11 16:06:57 - INFO - epoch-182, train_loss-0.5251, train_rmse-0.7247, valid_rmse-1.4055, valid_pr-0.6887
2025-06-11 16:07:01 - INFO - epoch-183, train_loss-0.5202, train_rmse-0.7212, valid_rmse-1.4230, valid_pr-0.6604
2025-06-11 16:07:05 - INFO - epoch-184, train_loss-0.5334, train_rmse-0.7303, valid_rmse-1.4620, valid_pr-0.6582
2025-06-11 16:07:08 - INFO - epoch-185, train_loss-0.5202, train_rmse-0.7213, valid_rmse-1.4120, valid_pr-0.6670
2025-06-11 16:07:12 - INFO - epoch-186, train_loss-0.5255, train_rmse-0.7249, valid_rmse-1.4719, valid_pr-0.6373
2025-06-11 16:07:16 - INFO - epoch-187, train_loss-0.5361, train_rmse-0.7322, valid_rmse-1.5020, valid_pr-0.6563
2025-06-11 16:07:20 - INFO - epoch-188, train_loss-0.5389, train_rmse-0.7341, valid_rmse-1.4399, valid_pr-0.6833
2025-06-11 16:07:24 - INFO - epoch-189, train_loss-0.5070, train_rmse-0.7120, valid_rmse-1.4143, valid_pr-0.6794
2025-06-11 16:07:28 - INFO - epoch-190, train_loss-0.4998, train_rmse-0.7069, valid_rmse-1.4165, valid_pr-0.6555
2025-06-11 16:07:31 - INFO - epoch-191, train_loss-0.4761, train_rmse-0.6900, valid_rmse-1.3837, valid_pr-0.6786
2025-06-11 16:07:35 - INFO - epoch-192, train_loss-0.4805, train_rmse-0.6932, valid_rmse-1.5245, valid_pr-0.6540
2025-06-11 16:07:39 - INFO - epoch-193, train_loss-0.5011, train_rmse-0.7079, valid_rmse-1.5001, valid_pr-0.6713
2025-06-11 16:07:43 - INFO - epoch-194, train_loss-0.5074, train_rmse-0.7123, valid_rmse-1.4632, valid_pr-0.6634
2025-06-11 16:07:47 - INFO - epoch-195, train_loss-0.4931, train_rmse-0.7022, valid_rmse-1.4415, valid_pr-0.6580
2025-06-11 16:07:51 - INFO - epoch-196, train_loss-0.4677, train_rmse-0.6839, valid_rmse-1.3886, valid_pr-0.6769
2025-06-11 16:07:55 - INFO - epoch-197, train_loss-0.4894, train_rmse-0.6996, valid_rmse-1.4060, valid_pr-0.6731
2025-06-11 16:07:58 - INFO - epoch-198, train_loss-0.4985, train_rmse-0.7060, valid_rmse-1.4295, valid_pr-0.6831
2025-06-11 16:08:02 - INFO - epoch-199, train_loss-0.4913, train_rmse-0.7009, valid_rmse-1.3607, valid_pr-0.6963
2025-06-11 16:08:06 - INFO - epoch-200, train_loss-0.4756, train_rmse-0.6896, valid_rmse-1.4311, valid_pr-0.6776
2025-06-11 16:08:10 - INFO - epoch-201, train_loss-0.4691, train_rmse-0.6849, valid_rmse-1.4289, valid_pr-0.6560
2025-06-11 16:08:14 - INFO - epoch-202, train_loss-0.4646, train_rmse-0.6816, valid_rmse-1.4269, valid_pr-0.6835
2025-06-11 16:08:18 - INFO - epoch-203, train_loss-0.4705, train_rmse-0.6859, valid_rmse-1.4189, valid_pr-0.6795
2025-06-11 16:08:22 - INFO - epoch-204, train_loss-0.4380, train_rmse-0.6618, valid_rmse-1.4330, valid_pr-0.6468
2025-06-11 16:08:25 - INFO - epoch-205, train_loss-0.4455, train_rmse-0.6674, valid_rmse-1.3906, valid_pr-0.6802
2025-06-11 16:08:29 - INFO - epoch-206, train_loss-0.4556, train_rmse-0.6750, valid_rmse-1.4054, valid_pr-0.6662
2025-06-11 16:08:33 - INFO - epoch-207, train_loss-0.4403, train_rmse-0.6635, valid_rmse-1.4435, valid_pr-0.6447
2025-06-11 16:08:37 - INFO - epoch-208, train_loss-0.4686, train_rmse-0.6846, valid_rmse-1.4131, valid_pr-0.6729
2025-06-11 16:08:41 - INFO - epoch-209, train_loss-0.4466, train_rmse-0.6683, valid_rmse-1.3915, valid_pr-0.6936
2025-06-11 16:08:45 - INFO - epoch-210, train_loss-0.4553, train_rmse-0.6748, valid_rmse-1.4149, valid_pr-0.6725
2025-06-11 16:08:49 - INFO - epoch-211, train_loss-0.4369, train_rmse-0.6610, valid_rmse-1.4206, valid_pr-0.6750
2025-06-11 16:08:52 - INFO - epoch-212, train_loss-0.4435, train_rmse-0.6659, valid_rmse-1.4568, valid_pr-0.6640
2025-06-11 16:08:56 - INFO - epoch-213, train_loss-0.4332, train_rmse-0.6582, valid_rmse-1.4417, valid_pr-0.6524
2025-06-11 16:09:00 - INFO - epoch-214, train_loss-0.4305, train_rmse-0.6562, valid_rmse-1.4443, valid_pr-0.6630
2025-06-11 16:09:04 - INFO - epoch-215, train_loss-0.4192, train_rmse-0.6474, valid_rmse-1.4195, valid_pr-0.6618
2025-06-11 16:09:08 - INFO - epoch-216, train_loss-0.4294, train_rmse-0.6553, valid_rmse-1.5186, valid_pr-0.6781
2025-06-11 16:09:11 - INFO - epoch-217, train_loss-0.4206, train_rmse-0.6486, valid_rmse-1.4966, valid_pr-0.6775
2025-06-11 16:09:15 - INFO - epoch-218, train_loss-0.4201, train_rmse-0.6481, valid_rmse-1.4593, valid_pr-0.6492
2025-06-11 16:09:19 - INFO - epoch-219, train_loss-0.4245, train_rmse-0.6515, valid_rmse-1.4354, valid_pr-0.6835
2025-06-11 16:09:23 - INFO - epoch-220, train_loss-0.4184, train_rmse-0.6468, valid_rmse-1.5078, valid_pr-0.6538
2025-06-11 16:09:27 - INFO - epoch-221, train_loss-0.4097, train_rmse-0.6401, valid_rmse-1.3878, valid_pr-0.6696
2025-06-11 16:09:31 - INFO - epoch-222, train_loss-0.4031, train_rmse-0.6349, valid_rmse-1.4024, valid_pr-0.6845
2025-06-11 16:09:34 - INFO - epoch-223, train_loss-0.4148, train_rmse-0.6441, valid_rmse-1.4787, valid_pr-0.6703
2025-06-11 16:09:38 - INFO - epoch-224, train_loss-0.4259, train_rmse-0.6526, valid_rmse-1.4500, valid_pr-0.6483
2025-06-11 16:09:42 - INFO - epoch-225, train_loss-0.4000, train_rmse-0.6325, valid_rmse-1.4551, valid_pr-0.6569
2025-06-11 16:09:46 - INFO - epoch-226, train_loss-0.3913, train_rmse-0.6255, valid_rmse-1.4116, valid_pr-0.6657
2025-06-11 16:09:50 - INFO - epoch-227, train_loss-0.3867, train_rmse-0.6219, valid_rmse-1.4129, valid_pr-0.6613
2025-06-11 16:09:54 - INFO - epoch-228, train_loss-0.4082, train_rmse-0.6389, valid_rmse-1.4259, valid_pr-0.6494
2025-06-11 16:09:58 - INFO - epoch-229, train_loss-0.3861, train_rmse-0.6214, valid_rmse-1.3817, valid_pr-0.6859
2025-06-11 16:10:02 - INFO - epoch-230, train_loss-0.3774, train_rmse-0.6143, valid_rmse-1.4028, valid_pr-0.6664
2025-06-11 16:10:05 - INFO - epoch-231, train_loss-0.3914, train_rmse-0.6257, valid_rmse-1.3786, valid_pr-0.6852
2025-06-11 16:10:09 - INFO - epoch-232, train_loss-0.4065, train_rmse-0.6376, valid_rmse-1.4405, valid_pr-0.6686
2025-06-11 16:10:13 - INFO - epoch-233, train_loss-0.3778, train_rmse-0.6147, valid_rmse-1.4158, valid_pr-0.6574
2025-06-11 16:10:17 - INFO - epoch-234, train_loss-0.4066, train_rmse-0.6376, valid_rmse-1.4120, valid_pr-0.6700
2025-06-11 16:10:20 - INFO - epoch-235, train_loss-0.4024, train_rmse-0.6343, valid_rmse-1.4531, valid_pr-0.6604
2025-06-11 16:10:24 - INFO - epoch-236, train_loss-0.3902, train_rmse-0.6246, valid_rmse-1.3727, valid_pr-0.6922
2025-06-11 16:10:28 - INFO - epoch-237, train_loss-0.3688, train_rmse-0.6073, valid_rmse-1.3852, valid_pr-0.6895
2025-06-11 16:10:32 - INFO - epoch-238, train_loss-0.3672, train_rmse-0.6060, valid_rmse-1.3991, valid_pr-0.6662
2025-06-11 16:10:36 - INFO - epoch-239, train_loss-0.3774, train_rmse-0.6143, valid_rmse-1.4600, valid_pr-0.6463
2025-06-11 16:10:40 - INFO - epoch-240, train_loss-0.3668, train_rmse-0.6057, valid_rmse-1.4584, valid_pr-0.6534
2025-06-11 16:10:43 - INFO - epoch-241, train_loss-0.3680, train_rmse-0.6067, valid_rmse-1.3927, valid_pr-0.6864
2025-06-11 16:10:47 - INFO - epoch-242, train_loss-0.3666, train_rmse-0.6055, valid_rmse-1.4051, valid_pr-0.6728
2025-06-11 16:10:51 - INFO - epoch-243, train_loss-0.3566, train_rmse-0.5971, valid_rmse-1.3745, valid_pr-0.6804
2025-06-11 16:10:55 - INFO - epoch-244, train_loss-0.3588, train_rmse-0.5990, valid_rmse-1.4338, valid_pr-0.6893
2025-06-11 16:10:55 - INFO - early stop in epoch 244
2025-06-11 16:10:55 - INFO - best_rmse: 1.3299
2025-06-11 16:10:58 - INFO - valid_rmse-1.3299, valid_pr-0.7066, test2013_rmse-1.4489, test2013_pr-0.8012, test2016_rmse-1.3574, test2016_pr-0.7863, test2019_rmse-1.4886, test2019_pr-0.6043,
