2025-07-15 17:19:53 - INFO - train_GIGN.py
2025-07-15 17:19:53 - INFO - train data: 11904
2025-07-15 17:19:53 - INFO - valid data: 1000
2025-07-15 17:19:53 - INFO - test2013 data: 107
2025-07-15 17:19:53 - INFO - test2016 data: 285
2025-07-15 17:19:53 - INFO - test2019 data: 4366
2025-07-15 17:19:58 - INFO - epoch-0, train_loss-39.2952, train_rmse-6.2686, valid_rmse-5.2621, valid_pr-0.4449
2025-07-15 17:20:03 - INFO - epoch-1, train_loss-23.9319, train_rmse-4.8920, valid_rmse-3.0483, valid_pr-0.4335
2025-07-15 17:20:08 - INFO - epoch-2, train_loss-7.0660, train_rmse-2.6582, valid_rmse-1.6022, valid_pr-0.5770
2025-07-15 17:20:13 - INFO - epoch-3, train_loss-3.2534, train_rmse-1.8037, valid_rmse-1.6064, valid_pr-0.5996
2025-07-15 17:20:17 - INFO - epoch-4, train_loss-2.9122, train_rmse-1.7065, valid_rmse-1.4855, valid_pr-0.6089
2025-07-15 17:20:22 - INFO - epoch-5, train_loss-2.8021, train_rmse-1.6739, valid_rmse-1.4299, valid_pr-0.6464
2025-07-15 17:20:27 - INFO - epoch-6, train_loss-2.6066, train_rmse-1.6145, valid_rmse-1.4220, valid_pr-0.6531
2025-07-15 17:20:32 - INFO - epoch-7, train_loss-2.5671, train_rmse-1.6022, valid_rmse-1.4728, valid_pr-0.6254
2025-07-15 17:20:37 - INFO - epoch-8, train_loss-2.4849, train_rmse-1.5764, valid_rmse-1.4300, valid_pr-0.6335
2025-07-15 17:20:42 - INFO - epoch-9, train_loss-2.4693, train_rmse-1.5714, valid_rmse-1.4019, valid_pr-0.6529
2025-07-15 17:20:47 - INFO - epoch-10, train_loss-2.3820, train_rmse-1.5434, valid_rmse-1.4378, valid_pr-0.6365
2025-07-15 17:20:52 - INFO - epoch-11, train_loss-2.3289, train_rmse-1.5261, valid_rmse-1.3907, valid_pr-0.6678
2025-07-15 17:20:57 - INFO - epoch-12, train_loss-2.3446, train_rmse-1.5312, valid_rmse-1.3629, valid_pr-0.6771
2025-07-15 17:21:01 - INFO - epoch-13, train_loss-2.2311, train_rmse-1.4937, valid_rmse-1.3838, valid_pr-0.6712
2025-07-15 17:21:06 - INFO - epoch-14, train_loss-2.1591, train_rmse-1.4694, valid_rmse-1.3443, valid_pr-0.6882
2025-07-15 17:21:11 - INFO - epoch-15, train_loss-2.0983, train_rmse-1.4485, valid_rmse-1.3817, valid_pr-0.6728
2025-07-15 17:21:16 - INFO - epoch-16, train_loss-2.0852, train_rmse-1.4440, valid_rmse-1.3947, valid_pr-0.6819
2025-07-15 17:21:21 - INFO - epoch-17, train_loss-2.0375, train_rmse-1.4274, valid_rmse-1.3816, valid_pr-0.6796
2025-07-15 17:21:26 - INFO - epoch-18, train_loss-1.9991, train_rmse-1.4139, valid_rmse-1.3353, valid_pr-0.7056
2025-07-15 17:21:31 - INFO - epoch-19, train_loss-1.9648, train_rmse-1.4017, valid_rmse-1.3174, valid_pr-0.7061
2025-07-15 17:21:36 - INFO - epoch-20, train_loss-1.8919, train_rmse-1.3754, valid_rmse-1.4105, valid_pr-0.6658
2025-07-15 17:21:41 - INFO - epoch-21, train_loss-1.8900, train_rmse-1.3748, valid_rmse-1.3282, valid_pr-0.6993
2025-07-15 17:21:46 - INFO - epoch-22, train_loss-1.8000, train_rmse-1.3416, valid_rmse-1.3882, valid_pr-0.6739
2025-07-15 17:21:50 - INFO - epoch-23, train_loss-1.7914, train_rmse-1.3384, valid_rmse-1.3468, valid_pr-0.6906
2025-07-15 17:21:55 - INFO - epoch-24, train_loss-1.7446, train_rmse-1.3208, valid_rmse-1.3101, valid_pr-0.7085
2025-07-15 17:22:00 - INFO - epoch-25, train_loss-1.6991, train_rmse-1.3035, valid_rmse-1.3334, valid_pr-0.6953
2025-07-15 17:22:05 - INFO - epoch-26, train_loss-1.6576, train_rmse-1.2875, valid_rmse-1.2752, valid_pr-0.7250
2025-07-15 17:22:10 - INFO - epoch-27, train_loss-1.6172, train_rmse-1.2717, valid_rmse-1.3067, valid_pr-0.7110
2025-07-15 17:22:15 - INFO - epoch-28, train_loss-1.5582, train_rmse-1.2483, valid_rmse-1.2905, valid_pr-0.7209
2025-07-15 17:22:20 - INFO - epoch-29, train_loss-1.5841, train_rmse-1.2586, valid_rmse-1.3170, valid_pr-0.7110
2025-07-15 17:22:25 - INFO - epoch-30, train_loss-1.5316, train_rmse-1.2376, valid_rmse-1.3317, valid_pr-0.7171
2025-07-15 17:22:29 - INFO - epoch-31, train_loss-1.4800, train_rmse-1.2165, valid_rmse-1.2914, valid_pr-0.7244
2025-07-15 17:22:34 - INFO - epoch-32, train_loss-1.4621, train_rmse-1.2092, valid_rmse-1.3070, valid_pr-0.7245
2025-07-15 17:22:39 - INFO - epoch-33, train_loss-1.4662, train_rmse-1.2109, valid_rmse-1.2599, valid_pr-0.7344
2025-07-15 17:22:44 - INFO - epoch-34, train_loss-1.4154, train_rmse-1.1897, valid_rmse-1.2753, valid_pr-0.7263
2025-07-15 17:22:49 - INFO - epoch-35, train_loss-1.3711, train_rmse-1.1710, valid_rmse-1.3126, valid_pr-0.7106
2025-07-15 17:22:54 - INFO - epoch-36, train_loss-1.3614, train_rmse-1.1668, valid_rmse-1.2868, valid_pr-0.7223
2025-07-15 17:22:59 - INFO - epoch-37, train_loss-1.3461, train_rmse-1.1602, valid_rmse-1.2702, valid_pr-0.7301
2025-07-15 17:23:04 - INFO - epoch-38, train_loss-1.3183, train_rmse-1.1482, valid_rmse-1.2565, valid_pr-0.7402
2025-07-15 17:23:09 - INFO - epoch-39, train_loss-1.2498, train_rmse-1.1180, valid_rmse-1.2833, valid_pr-0.7314
2025-07-15 17:23:14 - INFO - epoch-40, train_loss-1.2122, train_rmse-1.1010, valid_rmse-1.2612, valid_pr-0.7433
2025-07-15 17:23:19 - INFO - epoch-41, train_loss-1.1620, train_rmse-1.0780, valid_rmse-1.3051, valid_pr-0.7241
2025-07-15 17:23:24 - INFO - epoch-42, train_loss-1.1868, train_rmse-1.0894, valid_rmse-1.2474, valid_pr-0.7443
2025-07-15 17:23:29 - INFO - epoch-43, train_loss-1.1758, train_rmse-1.0844, valid_rmse-1.2531, valid_pr-0.7529
2025-07-15 17:23:34 - INFO - epoch-44, train_loss-1.1053, train_rmse-1.0513, valid_rmse-1.2872, valid_pr-0.7394
2025-07-15 17:23:39 - INFO - epoch-45, train_loss-1.0800, train_rmse-1.0392, valid_rmse-1.2658, valid_pr-0.7377
2025-07-15 17:23:44 - INFO - epoch-46, train_loss-1.0429, train_rmse-1.0212, valid_rmse-1.2791, valid_pr-0.7323
2025-07-15 17:23:49 - INFO - epoch-47, train_loss-1.0586, train_rmse-1.0289, valid_rmse-1.2344, valid_pr-0.7490
2025-07-15 17:23:54 - INFO - epoch-48, train_loss-1.0243, train_rmse-1.0121, valid_rmse-1.2744, valid_pr-0.7340
2025-07-15 17:23:59 - INFO - epoch-49, train_loss-0.9961, train_rmse-0.9980, valid_rmse-1.2840, valid_pr-0.7295
2025-07-15 17:24:04 - INFO - epoch-50, train_loss-0.9959, train_rmse-0.9979, valid_rmse-1.2873, valid_pr-0.7260
2025-07-15 17:24:09 - INFO - epoch-51, train_loss-0.9615, train_rmse-0.9805, valid_rmse-1.2769, valid_pr-0.7399
2025-07-15 17:24:14 - INFO - epoch-52, train_loss-0.9493, train_rmse-0.9743, valid_rmse-1.2645, valid_pr-0.7362
2025-07-15 17:24:19 - INFO - epoch-53, train_loss-0.9256, train_rmse-0.9621, valid_rmse-1.2855, valid_pr-0.7344
2025-07-15 17:24:24 - INFO - epoch-54, train_loss-0.8771, train_rmse-0.9365, valid_rmse-1.2894, valid_pr-0.7285
2025-07-15 17:24:28 - INFO - epoch-55, train_loss-0.8916, train_rmse-0.9442, valid_rmse-1.2740, valid_pr-0.7323
2025-07-15 17:24:34 - INFO - epoch-56, train_loss-0.8627, train_rmse-0.9288, valid_rmse-1.2619, valid_pr-0.7418
2025-07-15 17:24:39 - INFO - epoch-57, train_loss-0.8355, train_rmse-0.9141, valid_rmse-1.2734, valid_pr-0.7338
2025-07-15 17:24:43 - INFO - epoch-58, train_loss-0.8202, train_rmse-0.9056, valid_rmse-1.3126, valid_pr-0.7206
2025-07-15 17:24:49 - INFO - epoch-59, train_loss-0.8089, train_rmse-0.8994, valid_rmse-1.2555, valid_pr-0.7393
2025-07-15 17:24:53 - INFO - epoch-60, train_loss-0.8137, train_rmse-0.9020, valid_rmse-1.2597, valid_pr-0.7455
2025-07-15 17:24:58 - INFO - epoch-61, train_loss-0.7713, train_rmse-0.8782, valid_rmse-1.2773, valid_pr-0.7333
2025-07-15 17:25:03 - INFO - epoch-62, train_loss-0.7901, train_rmse-0.8889, valid_rmse-1.2285, valid_pr-0.7552
2025-07-15 17:25:08 - INFO - epoch-63, train_loss-0.7652, train_rmse-0.8748, valid_rmse-1.3036, valid_pr-0.7280
2025-07-15 17:25:13 - INFO - epoch-64, train_loss-0.7427, train_rmse-0.8618, valid_rmse-1.3371, valid_pr-0.7166
2025-07-15 17:25:18 - INFO - epoch-65, train_loss-0.7518, train_rmse-0.8671, valid_rmse-1.3174, valid_pr-0.7165
2025-07-15 17:25:23 - INFO - epoch-66, train_loss-0.7242, train_rmse-0.8510, valid_rmse-1.3265, valid_pr-0.7226
2025-07-15 17:25:28 - INFO - epoch-67, train_loss-0.7160, train_rmse-0.8462, valid_rmse-1.2649, valid_pr-0.7392
2025-07-15 17:25:33 - INFO - epoch-68, train_loss-0.6925, train_rmse-0.8322, valid_rmse-1.2786, valid_pr-0.7355
2025-07-15 17:25:38 - INFO - epoch-69, train_loss-0.6855, train_rmse-0.8280, valid_rmse-1.2837, valid_pr-0.7257
2025-07-15 17:25:43 - INFO - epoch-70, train_loss-0.6614, train_rmse-0.8133, valid_rmse-1.3173, valid_pr-0.7201
2025-07-15 17:25:48 - INFO - epoch-71, train_loss-0.6622, train_rmse-0.8138, valid_rmse-1.3346, valid_pr-0.7255
2025-07-15 17:25:53 - INFO - epoch-72, train_loss-0.6471, train_rmse-0.8044, valid_rmse-1.2935, valid_pr-0.7272
2025-07-15 17:25:58 - INFO - epoch-73, train_loss-0.6476, train_rmse-0.8048, valid_rmse-1.3243, valid_pr-0.7180
2025-07-15 17:26:03 - INFO - epoch-74, train_loss-0.6511, train_rmse-0.8069, valid_rmse-1.2793, valid_pr-0.7348
2025-07-15 17:26:08 - INFO - epoch-75, train_loss-0.6341, train_rmse-0.7963, valid_rmse-1.2666, valid_pr-0.7377
2025-07-15 17:26:13 - INFO - epoch-76, train_loss-0.6222, train_rmse-0.7888, valid_rmse-1.2639, valid_pr-0.7449
2025-07-15 17:26:18 - INFO - epoch-77, train_loss-0.6004, train_rmse-0.7748, valid_rmse-1.2967, valid_pr-0.7307
2025-07-15 17:26:24 - INFO - epoch-78, train_loss-0.5897, train_rmse-0.7679, valid_rmse-1.2668, valid_pr-0.7379
2025-07-15 17:26:28 - INFO - epoch-79, train_loss-0.5810, train_rmse-0.7622, valid_rmse-1.2715, valid_pr-0.7387
2025-07-15 17:26:33 - INFO - epoch-80, train_loss-0.5584, train_rmse-0.7473, valid_rmse-1.2569, valid_pr-0.7465
2025-07-15 17:26:38 - INFO - epoch-81, train_loss-0.5510, train_rmse-0.7423, valid_rmse-1.2615, valid_pr-0.7416
2025-07-15 17:26:43 - INFO - epoch-82, train_loss-0.5437, train_rmse-0.7373, valid_rmse-1.2745, valid_pr-0.7441
2025-07-15 17:26:48 - INFO - epoch-83, train_loss-0.5463, train_rmse-0.7391, valid_rmse-1.2935, valid_pr-0.7344
2025-07-15 17:26:53 - INFO - epoch-84, train_loss-0.5495, train_rmse-0.7413, valid_rmse-1.2538, valid_pr-0.7510
2025-07-15 17:26:58 - INFO - epoch-85, train_loss-0.5394, train_rmse-0.7344, valid_rmse-1.2875, valid_pr-0.7352
2025-07-15 17:27:03 - INFO - epoch-86, train_loss-0.5138, train_rmse-0.7168, valid_rmse-1.2947, valid_pr-0.7208
2025-07-15 17:27:08 - INFO - epoch-87, train_loss-0.5146, train_rmse-0.7174, valid_rmse-1.2498, valid_pr-0.7512
2025-07-15 17:27:13 - INFO - epoch-88, train_loss-0.5128, train_rmse-0.7161, valid_rmse-1.2937, valid_pr-0.7318
2025-07-15 17:27:19 - INFO - epoch-89, train_loss-0.5073, train_rmse-0.7123, valid_rmse-1.2274, valid_pr-0.7546
2025-07-15 17:27:24 - INFO - epoch-90, train_loss-0.5050, train_rmse-0.7106, valid_rmse-1.2610, valid_pr-0.7362
2025-07-15 17:27:29 - INFO - epoch-91, train_loss-0.4956, train_rmse-0.7040, valid_rmse-1.2877, valid_pr-0.7357
2025-07-15 17:27:34 - INFO - epoch-92, train_loss-0.4979, train_rmse-0.7056, valid_rmse-1.2815, valid_pr-0.7319
2025-07-15 17:27:39 - INFO - epoch-93, train_loss-0.4848, train_rmse-0.6962, valid_rmse-1.2688, valid_pr-0.7324
2025-07-15 17:27:44 - INFO - epoch-94, train_loss-0.4829, train_rmse-0.6949, valid_rmse-1.2906, valid_pr-0.7334
2025-07-15 17:27:49 - INFO - epoch-95, train_loss-0.4724, train_rmse-0.6873, valid_rmse-1.2771, valid_pr-0.7373
2025-07-15 17:27:54 - INFO - epoch-96, train_loss-0.4724, train_rmse-0.6873, valid_rmse-1.2561, valid_pr-0.7447
2025-07-15 17:27:59 - INFO - epoch-97, train_loss-0.4632, train_rmse-0.6806, valid_rmse-1.2608, valid_pr-0.7499
2025-07-15 17:28:04 - INFO - epoch-98, train_loss-0.4553, train_rmse-0.6747, valid_rmse-1.2639, valid_pr-0.7430
2025-07-15 17:28:09 - INFO - epoch-99, train_loss-0.4615, train_rmse-0.6794, valid_rmse-1.2459, valid_pr-0.7494
2025-07-15 17:28:14 - INFO - epoch-100, train_loss-0.4583, train_rmse-0.6770, valid_rmse-1.2538, valid_pr-0.7408
2025-07-15 17:28:19 - INFO - epoch-101, train_loss-0.4419, train_rmse-0.6648, valid_rmse-1.2567, valid_pr-0.7458
2025-07-15 17:28:24 - INFO - epoch-102, train_loss-0.4438, train_rmse-0.6662, valid_rmse-1.2309, valid_pr-0.7509
2025-07-15 17:28:29 - INFO - epoch-103, train_loss-0.4286, train_rmse-0.6547, valid_rmse-1.2365, valid_pr-0.7506
2025-07-15 17:28:34 - INFO - epoch-104, train_loss-0.4427, train_rmse-0.6654, valid_rmse-1.2332, valid_pr-0.7544
2025-07-15 17:28:39 - INFO - epoch-105, train_loss-0.4437, train_rmse-0.6661, valid_rmse-1.2871, valid_pr-0.7262
2025-07-15 17:28:44 - INFO - epoch-106, train_loss-0.4244, train_rmse-0.6514, valid_rmse-1.2865, valid_pr-0.7413
2025-07-15 17:28:49 - INFO - epoch-107, train_loss-0.4275, train_rmse-0.6538, valid_rmse-1.2470, valid_pr-0.7466
2025-07-15 17:28:54 - INFO - epoch-108, train_loss-0.4159, train_rmse-0.6449, valid_rmse-1.2415, valid_pr-0.7473
2025-07-15 17:28:59 - INFO - epoch-109, train_loss-0.4058, train_rmse-0.6370, valid_rmse-1.2522, valid_pr-0.7476
2025-07-15 17:29:04 - INFO - epoch-110, train_loss-0.4199, train_rmse-0.6480, valid_rmse-1.2725, valid_pr-0.7382
2025-07-15 17:29:09 - INFO - epoch-111, train_loss-0.3935, train_rmse-0.6273, valid_rmse-1.2726, valid_pr-0.7385
2025-07-15 17:29:14 - INFO - epoch-112, train_loss-0.4073, train_rmse-0.6382, valid_rmse-1.2871, valid_pr-0.7369
2025-07-15 17:29:19 - INFO - epoch-113, train_loss-0.4082, train_rmse-0.6389, valid_rmse-1.2603, valid_pr-0.7406
2025-07-15 17:29:24 - INFO - epoch-114, train_loss-0.3908, train_rmse-0.6252, valid_rmse-1.2429, valid_pr-0.7487
2025-07-15 17:29:29 - INFO - epoch-115, train_loss-0.3832, train_rmse-0.6190, valid_rmse-1.2376, valid_pr-0.7499
2025-07-15 17:29:34 - INFO - epoch-116, train_loss-0.3832, train_rmse-0.6191, valid_rmse-1.2968, valid_pr-0.7405
2025-07-15 17:29:39 - INFO - epoch-117, train_loss-0.3659, train_rmse-0.6049, valid_rmse-1.2468, valid_pr-0.7490
2025-07-15 17:29:44 - INFO - epoch-118, train_loss-0.3911, train_rmse-0.6254, valid_rmse-1.2918, valid_pr-0.7287
2025-07-15 17:29:49 - INFO - epoch-119, train_loss-0.3755, train_rmse-0.6127, valid_rmse-1.2500, valid_pr-0.7478
2025-07-15 17:29:54 - INFO - epoch-120, train_loss-0.3624, train_rmse-0.6020, valid_rmse-1.2286, valid_pr-0.7568
2025-07-15 17:29:59 - INFO - epoch-121, train_loss-0.3548, train_rmse-0.5957, valid_rmse-1.2273, valid_pr-0.7559
2025-07-15 17:30:04 - INFO - epoch-122, train_loss-0.3680, train_rmse-0.6066, valid_rmse-1.2713, valid_pr-0.7390
2025-07-15 17:30:09 - INFO - epoch-123, train_loss-0.3596, train_rmse-0.5997, valid_rmse-1.2673, valid_pr-0.7479
2025-07-15 17:30:13 - INFO - epoch-124, train_loss-0.3605, train_rmse-0.6005, valid_rmse-1.2244, valid_pr-0.7557
2025-07-15 17:30:18 - INFO - epoch-125, train_loss-0.3554, train_rmse-0.5962, valid_rmse-1.2338, valid_pr-0.7552
2025-07-15 17:30:23 - INFO - epoch-126, train_loss-0.3433, train_rmse-0.5859, valid_rmse-1.2389, valid_pr-0.7515
2025-07-15 17:30:28 - INFO - epoch-127, train_loss-0.3512, train_rmse-0.5927, valid_rmse-1.2529, valid_pr-0.7455
2025-07-15 17:30:33 - INFO - epoch-128, train_loss-0.3329, train_rmse-0.5769, valid_rmse-1.2660, valid_pr-0.7436
2025-07-15 17:30:38 - INFO - epoch-129, train_loss-0.3399, train_rmse-0.5830, valid_rmse-1.2458, valid_pr-0.7485
2025-07-15 17:30:44 - INFO - epoch-130, train_loss-0.3407, train_rmse-0.5837, valid_rmse-1.2804, valid_pr-0.7351
2025-07-15 17:30:48 - INFO - epoch-131, train_loss-0.3418, train_rmse-0.5846, valid_rmse-1.2506, valid_pr-0.7493
2025-07-15 17:30:53 - INFO - epoch-132, train_loss-0.3335, train_rmse-0.5775, valid_rmse-1.2475, valid_pr-0.7458
2025-07-15 17:30:58 - INFO - epoch-133, train_loss-0.3409, train_rmse-0.5839, valid_rmse-1.2507, valid_pr-0.7460
2025-07-15 17:31:03 - INFO - epoch-134, train_loss-0.3352, train_rmse-0.5789, valid_rmse-1.2541, valid_pr-0.7419
2025-07-15 17:31:08 - INFO - epoch-135, train_loss-0.3352, train_rmse-0.5789, valid_rmse-1.2360, valid_pr-0.7501
2025-07-15 17:31:14 - INFO - epoch-136, train_loss-0.3217, train_rmse-0.5672, valid_rmse-1.2401, valid_pr-0.7494
2025-07-15 17:31:19 - INFO - epoch-137, train_loss-0.3276, train_rmse-0.5723, valid_rmse-1.2328, valid_pr-0.7568
2025-07-15 17:31:24 - INFO - epoch-138, train_loss-0.3140, train_rmse-0.5604, valid_rmse-1.2697, valid_pr-0.7417
2025-07-15 17:31:29 - INFO - epoch-139, train_loss-0.3252, train_rmse-0.5702, valid_rmse-1.2596, valid_pr-0.7419
2025-07-15 17:31:34 - INFO - epoch-140, train_loss-0.3041, train_rmse-0.5514, valid_rmse-1.2620, valid_pr-0.7432
2025-07-15 17:31:39 - INFO - epoch-141, train_loss-0.3063, train_rmse-0.5534, valid_rmse-1.2544, valid_pr-0.7451
2025-07-15 17:31:44 - INFO - epoch-142, train_loss-0.3043, train_rmse-0.5517, valid_rmse-1.2540, valid_pr-0.7440
2025-07-15 17:31:49 - INFO - epoch-143, train_loss-0.3102, train_rmse-0.5570, valid_rmse-1.2576, valid_pr-0.7412
2025-07-15 17:31:54 - INFO - epoch-144, train_loss-0.3013, train_rmse-0.5489, valid_rmse-1.2415, valid_pr-0.7482
2025-07-15 17:31:59 - INFO - epoch-145, train_loss-0.2932, train_rmse-0.5415, valid_rmse-1.2521, valid_pr-0.7467
2025-07-15 17:32:04 - INFO - epoch-146, train_loss-0.3008, train_rmse-0.5484, valid_rmse-1.2241, valid_pr-0.7540
2025-07-15 17:32:09 - INFO - epoch-147, train_loss-0.2956, train_rmse-0.5436, valid_rmse-1.2458, valid_pr-0.7501
2025-07-15 17:32:14 - INFO - epoch-148, train_loss-0.2946, train_rmse-0.5428, valid_rmse-1.2484, valid_pr-0.7522
2025-07-15 17:32:19 - INFO - epoch-149, train_loss-0.3058, train_rmse-0.5530, valid_rmse-1.2457, valid_pr-0.7497
2025-07-15 17:32:24 - INFO - epoch-150, train_loss-0.3040, train_rmse-0.5514, valid_rmse-1.2465, valid_pr-0.7457
2025-07-15 17:32:29 - INFO - epoch-151, train_loss-0.2913, train_rmse-0.5397, valid_rmse-1.2574, valid_pr-0.7479
2025-07-15 17:32:34 - INFO - epoch-152, train_loss-0.2901, train_rmse-0.5386, valid_rmse-1.2370, valid_pr-0.7510
2025-07-15 17:32:39 - INFO - epoch-153, train_loss-0.2844, train_rmse-0.5333, valid_rmse-1.2444, valid_pr-0.7483
2025-07-15 17:32:44 - INFO - epoch-154, train_loss-0.2948, train_rmse-0.5430, valid_rmse-1.2178, valid_pr-0.7578
2025-07-15 17:32:49 - INFO - epoch-155, train_loss-0.2792, train_rmse-0.5284, valid_rmse-1.2306, valid_pr-0.7557
2025-07-15 17:32:54 - INFO - epoch-156, train_loss-0.2795, train_rmse-0.5287, valid_rmse-1.2476, valid_pr-0.7504
2025-07-15 17:32:59 - INFO - epoch-157, train_loss-0.2860, train_rmse-0.5347, valid_rmse-1.2243, valid_pr-0.7568
2025-07-15 17:33:04 - INFO - epoch-158, train_loss-0.2827, train_rmse-0.5316, valid_rmse-1.2379, valid_pr-0.7507
2025-07-15 17:33:09 - INFO - epoch-159, train_loss-0.2803, train_rmse-0.5294, valid_rmse-1.2487, valid_pr-0.7464
2025-07-15 17:33:14 - INFO - epoch-160, train_loss-0.2944, train_rmse-0.5425, valid_rmse-1.2276, valid_pr-0.7574
2025-07-15 17:33:19 - INFO - epoch-161, train_loss-0.2755, train_rmse-0.5249, valid_rmse-1.2567, valid_pr-0.7384
2025-07-15 17:33:24 - INFO - epoch-162, train_loss-0.2745, train_rmse-0.5240, valid_rmse-1.2627, valid_pr-0.7537
2025-07-15 17:33:29 - INFO - epoch-163, train_loss-0.2685, train_rmse-0.5181, valid_rmse-1.2456, valid_pr-0.7485
2025-07-15 17:33:34 - INFO - epoch-164, train_loss-0.2791, train_rmse-0.5283, valid_rmse-1.2319, valid_pr-0.7510
2025-07-15 17:33:39 - INFO - epoch-165, train_loss-0.2673, train_rmse-0.5170, valid_rmse-1.2324, valid_pr-0.7574
2025-07-15 17:33:44 - INFO - epoch-166, train_loss-0.2573, train_rmse-0.5072, valid_rmse-1.2256, valid_pr-0.7591
2025-07-15 17:33:49 - INFO - epoch-167, train_loss-0.2810, train_rmse-0.5301, valid_rmse-1.2478, valid_pr-0.7458
2025-07-15 17:33:54 - INFO - epoch-168, train_loss-0.2747, train_rmse-0.5241, valid_rmse-1.2589, valid_pr-0.7467
2025-07-15 17:33:59 - INFO - epoch-169, train_loss-0.2538, train_rmse-0.5038, valid_rmse-1.2316, valid_pr-0.7540
2025-07-15 17:34:04 - INFO - epoch-170, train_loss-0.2569, train_rmse-0.5069, valid_rmse-1.2569, valid_pr-0.7503
2025-07-15 17:34:09 - INFO - epoch-171, train_loss-0.2659, train_rmse-0.5157, valid_rmse-1.2083, valid_pr-0.7611
2025-07-15 17:34:14 - INFO - epoch-172, train_loss-0.2660, train_rmse-0.5158, valid_rmse-1.2268, valid_pr-0.7555
2025-07-15 17:34:19 - INFO - epoch-173, train_loss-0.2614, train_rmse-0.5112, valid_rmse-1.2139, valid_pr-0.7575
2025-07-15 17:34:24 - INFO - epoch-174, train_loss-0.2584, train_rmse-0.5083, valid_rmse-1.2535, valid_pr-0.7447
2025-07-15 17:34:29 - INFO - epoch-175, train_loss-0.2546, train_rmse-0.5045, valid_rmse-1.2435, valid_pr-0.7502
2025-07-15 17:34:34 - INFO - epoch-176, train_loss-0.2588, train_rmse-0.5087, valid_rmse-1.2451, valid_pr-0.7475
2025-07-15 17:34:39 - INFO - epoch-177, train_loss-0.2491, train_rmse-0.4991, valid_rmse-1.2709, valid_pr-0.7428
2025-07-15 17:34:44 - INFO - epoch-178, train_loss-0.2493, train_rmse-0.4993, valid_rmse-1.2364, valid_pr-0.7537
2025-07-15 17:34:49 - INFO - epoch-179, train_loss-0.2468, train_rmse-0.4967, valid_rmse-1.2618, valid_pr-0.7455
2025-07-15 17:34:54 - INFO - epoch-180, train_loss-0.2459, train_rmse-0.4959, valid_rmse-1.2475, valid_pr-0.7445
2025-07-15 17:34:59 - INFO - epoch-181, train_loss-0.2454, train_rmse-0.4954, valid_rmse-1.2116, valid_pr-0.7641
2025-07-15 17:35:04 - INFO - epoch-182, train_loss-0.2360, train_rmse-0.4858, valid_rmse-1.2306, valid_pr-0.7559
2025-07-15 17:35:09 - INFO - epoch-183, train_loss-0.2416, train_rmse-0.4915, valid_rmse-1.2272, valid_pr-0.7562
2025-07-15 17:35:14 - INFO - epoch-184, train_loss-0.2278, train_rmse-0.4773, valid_rmse-1.2230, valid_pr-0.7627
2025-07-15 17:35:19 - INFO - epoch-185, train_loss-0.2355, train_rmse-0.4853, valid_rmse-1.2268, valid_pr-0.7570
2025-07-15 17:35:24 - INFO - epoch-186, train_loss-0.2429, train_rmse-0.4929, valid_rmse-1.2400, valid_pr-0.7497
2025-07-15 17:35:29 - INFO - epoch-187, train_loss-0.2388, train_rmse-0.4886, valid_rmse-1.2598, valid_pr-0.7415
2025-07-15 17:35:34 - INFO - epoch-188, train_loss-0.2363, train_rmse-0.4861, valid_rmse-1.2395, valid_pr-0.7532
2025-07-15 17:35:39 - INFO - epoch-189, train_loss-0.2294, train_rmse-0.4790, valid_rmse-1.2241, valid_pr-0.7559
2025-07-15 17:35:44 - INFO - epoch-190, train_loss-0.2257, train_rmse-0.4751, valid_rmse-1.2313, valid_pr-0.7583
2025-07-15 17:35:49 - INFO - epoch-191, train_loss-0.2165, train_rmse-0.4653, valid_rmse-1.2299, valid_pr-0.7572
2025-07-15 17:35:54 - INFO - epoch-192, train_loss-0.2367, train_rmse-0.4865, valid_rmse-1.2406, valid_pr-0.7555
2025-07-15 17:35:59 - INFO - epoch-193, train_loss-0.2412, train_rmse-0.4911, valid_rmse-1.2485, valid_pr-0.7482
2025-07-15 17:36:04 - INFO - epoch-194, train_loss-0.2511, train_rmse-0.5011, valid_rmse-1.2766, valid_pr-0.7428
2025-07-15 17:36:09 - INFO - epoch-195, train_loss-0.2241, train_rmse-0.4734, valid_rmse-1.2337, valid_pr-0.7545
2025-07-15 17:36:14 - INFO - epoch-196, train_loss-0.2353, train_rmse-0.4850, valid_rmse-1.2255, valid_pr-0.7546
2025-07-15 17:36:19 - INFO - epoch-197, train_loss-0.2329, train_rmse-0.4826, valid_rmse-1.2362, valid_pr-0.7531
2025-07-15 17:36:24 - INFO - epoch-198, train_loss-0.2324, train_rmse-0.4820, valid_rmse-1.2395, valid_pr-0.7541
2025-07-15 17:36:29 - INFO - epoch-199, train_loss-0.2183, train_rmse-0.4672, valid_rmse-1.2348, valid_pr-0.7550
2025-07-15 17:36:34 - INFO - epoch-200, train_loss-0.2255, train_rmse-0.4749, valid_rmse-1.2371, valid_pr-0.7520
2025-07-15 17:36:39 - INFO - epoch-201, train_loss-0.2296, train_rmse-0.4792, valid_rmse-1.2300, valid_pr-0.7533
2025-07-15 17:36:44 - INFO - epoch-202, train_loss-0.2236, train_rmse-0.4728, valid_rmse-1.2264, valid_pr-0.7547
2025-07-15 17:36:49 - INFO - epoch-203, train_loss-0.2284, train_rmse-0.4779, valid_rmse-1.2308, valid_pr-0.7533
2025-07-15 17:36:54 - INFO - epoch-204, train_loss-0.2279, train_rmse-0.4774, valid_rmse-1.2140, valid_pr-0.7620
2025-07-15 17:36:59 - INFO - epoch-205, train_loss-0.2150, train_rmse-0.4637, valid_rmse-1.2413, valid_pr-0.7511
2025-07-15 17:37:04 - INFO - epoch-206, train_loss-0.2203, train_rmse-0.4694, valid_rmse-1.2388, valid_pr-0.7485
2025-07-15 17:37:09 - INFO - epoch-207, train_loss-0.2168, train_rmse-0.4656, valid_rmse-1.2481, valid_pr-0.7490
2025-07-15 17:37:14 - INFO - epoch-208, train_loss-0.2281, train_rmse-0.4776, valid_rmse-1.2335, valid_pr-0.7507
2025-07-15 17:37:19 - INFO - epoch-209, train_loss-0.2223, train_rmse-0.4715, valid_rmse-1.2376, valid_pr-0.7559
2025-07-15 17:37:24 - INFO - epoch-210, train_loss-0.2155, train_rmse-0.4643, valid_rmse-1.2250, valid_pr-0.7540
2025-07-15 17:37:30 - INFO - epoch-211, train_loss-0.2246, train_rmse-0.4739, valid_rmse-1.2278, valid_pr-0.7545
2025-07-15 17:37:35 - INFO - epoch-212, train_loss-0.2112, train_rmse-0.4596, valid_rmse-1.2130, valid_pr-0.7581
2025-07-15 17:37:40 - INFO - epoch-213, train_loss-0.2026, train_rmse-0.4502, valid_rmse-1.2168, valid_pr-0.7578
2025-07-15 17:37:45 - INFO - epoch-214, train_loss-0.2086, train_rmse-0.4568, valid_rmse-1.2348, valid_pr-0.7487
2025-07-15 17:37:50 - INFO - epoch-215, train_loss-0.2200, train_rmse-0.4691, valid_rmse-1.2068, valid_pr-0.7695
2025-07-15 17:37:55 - INFO - epoch-216, train_loss-0.2156, train_rmse-0.4643, valid_rmse-1.2420, valid_pr-0.7454
2025-07-15 17:38:00 - INFO - epoch-217, train_loss-0.2066, train_rmse-0.4546, valid_rmse-1.2213, valid_pr-0.7596
2025-07-15 17:38:05 - INFO - epoch-218, train_loss-0.2061, train_rmse-0.4539, valid_rmse-1.2176, valid_pr-0.7640
2025-07-15 17:38:10 - INFO - epoch-219, train_loss-0.2021, train_rmse-0.4496, valid_rmse-1.2252, valid_pr-0.7533
2025-07-15 17:38:15 - INFO - epoch-220, train_loss-0.1997, train_rmse-0.4469, valid_rmse-1.2060, valid_pr-0.7626
2025-07-15 17:38:20 - INFO - epoch-221, train_loss-0.2168, train_rmse-0.4656, valid_rmse-1.2030, valid_pr-0.7613
2025-07-15 17:38:25 - INFO - epoch-222, train_loss-0.2127, train_rmse-0.4612, valid_rmse-1.2395, valid_pr-0.7505
2025-07-15 17:38:30 - INFO - epoch-223, train_loss-0.2127, train_rmse-0.4612, valid_rmse-1.2305, valid_pr-0.7560
2025-07-15 17:38:35 - INFO - epoch-224, train_loss-0.2085, train_rmse-0.4567, valid_rmse-1.2251, valid_pr-0.7529
2025-07-15 17:38:40 - INFO - epoch-225, train_loss-0.2104, train_rmse-0.4587, valid_rmse-1.2454, valid_pr-0.7471
2025-07-15 17:38:45 - INFO - epoch-226, train_loss-0.1965, train_rmse-0.4433, valid_rmse-1.2522, valid_pr-0.7506
2025-07-15 17:38:50 - INFO - epoch-227, train_loss-0.2080, train_rmse-0.4561, valid_rmse-1.2506, valid_pr-0.7470
2025-07-15 17:38:55 - INFO - epoch-228, train_loss-0.2023, train_rmse-0.4498, valid_rmse-1.2462, valid_pr-0.7435
2025-07-15 17:39:00 - INFO - epoch-229, train_loss-0.2130, train_rmse-0.4616, valid_rmse-1.2187, valid_pr-0.7557
2025-07-15 17:39:05 - INFO - epoch-230, train_loss-0.1996, train_rmse-0.4467, valid_rmse-1.2371, valid_pr-0.7516
2025-07-15 17:39:10 - INFO - epoch-231, train_loss-0.1966, train_rmse-0.4434, valid_rmse-1.2306, valid_pr-0.7520
2025-07-15 17:39:15 - INFO - epoch-232, train_loss-0.2209, train_rmse-0.4700, valid_rmse-1.2065, valid_pr-0.7640
2025-07-15 17:39:20 - INFO - epoch-233, train_loss-0.2004, train_rmse-0.4476, valid_rmse-1.2110, valid_pr-0.7591
2025-07-15 17:39:25 - INFO - epoch-234, train_loss-0.2003, train_rmse-0.4476, valid_rmse-1.2204, valid_pr-0.7592
2025-07-15 17:39:30 - INFO - epoch-235, train_loss-0.1948, train_rmse-0.4413, valid_rmse-1.2153, valid_pr-0.7601
2025-07-15 17:39:35 - INFO - epoch-236, train_loss-0.1996, train_rmse-0.4468, valid_rmse-1.2045, valid_pr-0.7628
2025-07-15 17:39:40 - INFO - epoch-237, train_loss-0.1966, train_rmse-0.4433, valid_rmse-1.2016, valid_pr-0.7638
2025-07-15 17:39:45 - INFO - epoch-238, train_loss-0.1917, train_rmse-0.4379, valid_rmse-1.2138, valid_pr-0.7584
2025-07-15 17:39:51 - INFO - epoch-239, train_loss-0.1950, train_rmse-0.4415, valid_rmse-1.2154, valid_pr-0.7608
2025-07-15 17:39:56 - INFO - epoch-240, train_loss-0.1917, train_rmse-0.4379, valid_rmse-1.2286, valid_pr-0.7542
2025-07-15 17:40:01 - INFO - epoch-241, train_loss-0.1932, train_rmse-0.4395, valid_rmse-1.2260, valid_pr-0.7554
2025-07-15 17:40:06 - INFO - epoch-242, train_loss-0.1938, train_rmse-0.4402, valid_rmse-1.2308, valid_pr-0.7535
2025-07-15 17:40:11 - INFO - epoch-243, train_loss-0.1885, train_rmse-0.4341, valid_rmse-1.2112, valid_pr-0.7575
2025-07-15 17:40:16 - INFO - epoch-244, train_loss-0.1839, train_rmse-0.4289, valid_rmse-1.2184, valid_pr-0.7576
2025-07-15 17:40:21 - INFO - epoch-245, train_loss-0.1981, train_rmse-0.4451, valid_rmse-1.2193, valid_pr-0.7617
2025-07-15 17:40:26 - INFO - epoch-246, train_loss-0.2004, train_rmse-0.4477, valid_rmse-1.2212, valid_pr-0.7540
2025-07-15 17:40:31 - INFO - epoch-247, train_loss-0.1891, train_rmse-0.4348, valid_rmse-1.2292, valid_pr-0.7527
2025-07-15 17:40:36 - INFO - epoch-248, train_loss-0.1820, train_rmse-0.4266, valid_rmse-1.2163, valid_pr-0.7567
2025-07-15 17:40:41 - INFO - epoch-249, train_loss-0.1978, train_rmse-0.4447, valid_rmse-1.2062, valid_pr-0.7617
2025-07-15 17:40:46 - INFO - epoch-250, train_loss-0.1887, train_rmse-0.4344, valid_rmse-1.2127, valid_pr-0.7607
2025-07-15 17:40:51 - INFO - epoch-251, train_loss-0.1803, train_rmse-0.4247, valid_rmse-1.2208, valid_pr-0.7591
2025-07-15 17:40:56 - INFO - epoch-252, train_loss-0.1896, train_rmse-0.4355, valid_rmse-1.2250, valid_pr-0.7573
2025-07-15 17:41:01 - INFO - epoch-253, train_loss-0.1862, train_rmse-0.4315, valid_rmse-1.1933, valid_pr-0.7675
2025-07-15 17:41:06 - INFO - epoch-254, train_loss-0.1883, train_rmse-0.4339, valid_rmse-1.2089, valid_pr-0.7635
2025-07-15 17:41:11 - INFO - epoch-255, train_loss-0.1958, train_rmse-0.4424, valid_rmse-1.2309, valid_pr-0.7609
2025-07-15 17:41:16 - INFO - epoch-256, train_loss-0.1851, train_rmse-0.4302, valid_rmse-1.2187, valid_pr-0.7562
2025-07-15 17:41:21 - INFO - epoch-257, train_loss-0.1853, train_rmse-0.4305, valid_rmse-1.2023, valid_pr-0.7622
2025-07-15 17:41:26 - INFO - epoch-258, train_loss-0.1978, train_rmse-0.4447, valid_rmse-1.2217, valid_pr-0.7553
2025-07-15 17:41:31 - INFO - epoch-259, train_loss-0.1793, train_rmse-0.4235, valid_rmse-1.2270, valid_pr-0.7530
2025-07-15 17:41:36 - INFO - epoch-260, train_loss-0.1905, train_rmse-0.4365, valid_rmse-1.2236, valid_pr-0.7547
2025-07-15 17:41:41 - INFO - epoch-261, train_loss-0.1837, train_rmse-0.4286, valid_rmse-1.2118, valid_pr-0.7588
2025-07-15 17:41:46 - INFO - epoch-262, train_loss-0.1747, train_rmse-0.4180, valid_rmse-1.2157, valid_pr-0.7592
2025-07-15 17:41:52 - INFO - epoch-263, train_loss-0.1796, train_rmse-0.4238, valid_rmse-1.2080, valid_pr-0.7624
2025-07-15 17:41:57 - INFO - epoch-264, train_loss-0.1880, train_rmse-0.4336, valid_rmse-1.1928, valid_pr-0.7661
2025-07-15 17:42:02 - INFO - epoch-265, train_loss-0.1801, train_rmse-0.4244, valid_rmse-1.2031, valid_pr-0.7641
2025-07-15 17:42:07 - INFO - epoch-266, train_loss-0.1766, train_rmse-0.4202, valid_rmse-1.1989, valid_pr-0.7703
2025-07-15 17:42:12 - INFO - epoch-267, train_loss-0.1753, train_rmse-0.4187, valid_rmse-1.2066, valid_pr-0.7622
2025-07-15 17:42:17 - INFO - epoch-268, train_loss-0.1726, train_rmse-0.4155, valid_rmse-1.2044, valid_pr-0.7622
2025-07-15 17:42:22 - INFO - epoch-269, train_loss-0.1712, train_rmse-0.4137, valid_rmse-1.2010, valid_pr-0.7640
2025-07-15 17:42:27 - INFO - epoch-270, train_loss-0.1788, train_rmse-0.4229, valid_rmse-1.1958, valid_pr-0.7663
2025-07-15 17:42:32 - INFO - epoch-271, train_loss-0.1718, train_rmse-0.4145, valid_rmse-1.2091, valid_pr-0.7643
2025-07-15 17:42:37 - INFO - epoch-272, train_loss-0.1777, train_rmse-0.4216, valid_rmse-1.2184, valid_pr-0.7601
2025-07-15 17:42:42 - INFO - epoch-273, train_loss-0.1764, train_rmse-0.4200, valid_rmse-1.2293, valid_pr-0.7573
2025-07-15 17:42:47 - INFO - epoch-274, train_loss-0.1745, train_rmse-0.4177, valid_rmse-1.2274, valid_pr-0.7551
2025-07-15 17:42:52 - INFO - epoch-275, train_loss-0.1800, train_rmse-0.4242, valid_rmse-1.2252, valid_pr-0.7577
2025-07-15 17:42:57 - INFO - epoch-276, train_loss-0.1700, train_rmse-0.4123, valid_rmse-1.2118, valid_pr-0.7598
2025-07-15 17:43:02 - INFO - epoch-277, train_loss-0.1732, train_rmse-0.4162, valid_rmse-1.1932, valid_pr-0.7691
2025-07-15 17:43:07 - INFO - epoch-278, train_loss-0.1769, train_rmse-0.4206, valid_rmse-1.2137, valid_pr-0.7618
2025-07-15 17:43:12 - INFO - epoch-279, train_loss-0.1812, train_rmse-0.4257, valid_rmse-1.2174, valid_pr-0.7592
2025-07-15 17:43:17 - INFO - epoch-280, train_loss-0.1935, train_rmse-0.4399, valid_rmse-1.2081, valid_pr-0.7626
2025-07-15 17:43:22 - INFO - epoch-281, train_loss-0.1736, train_rmse-0.4167, valid_rmse-1.1902, valid_pr-0.7677
2025-07-15 17:43:27 - INFO - epoch-282, train_loss-0.1716, train_rmse-0.4143, valid_rmse-1.2040, valid_pr-0.7636
2025-07-15 17:43:32 - INFO - epoch-283, train_loss-0.1624, train_rmse-0.4030, valid_rmse-1.2004, valid_pr-0.7693
2025-07-15 17:43:37 - INFO - epoch-284, train_loss-0.1677, train_rmse-0.4095, valid_rmse-1.2057, valid_pr-0.7641
2025-07-15 17:43:41 - INFO - epoch-285, train_loss-0.1643, train_rmse-0.4054, valid_rmse-1.2221, valid_pr-0.7538
2025-07-15 17:43:46 - INFO - epoch-286, train_loss-0.1749, train_rmse-0.4182, valid_rmse-1.2018, valid_pr-0.7611
2025-07-15 17:43:51 - INFO - epoch-287, train_loss-0.1650, train_rmse-0.4062, valid_rmse-1.1861, valid_pr-0.7709
2025-07-15 17:43:56 - INFO - epoch-288, train_loss-0.1619, train_rmse-0.4024, valid_rmse-1.1950, valid_pr-0.7665
2025-07-15 17:44:01 - INFO - epoch-289, train_loss-0.1754, train_rmse-0.4188, valid_rmse-1.2017, valid_pr-0.7613
2025-07-15 17:44:06 - INFO - epoch-290, train_loss-0.1659, train_rmse-0.4073, valid_rmse-1.2139, valid_pr-0.7596
2025-07-15 17:44:11 - INFO - epoch-291, train_loss-0.1603, train_rmse-0.4004, valid_rmse-1.2136, valid_pr-0.7602
2025-07-15 17:44:16 - INFO - epoch-292, train_loss-0.1707, train_rmse-0.4132, valid_rmse-1.2101, valid_pr-0.7603
2025-07-15 17:44:21 - INFO - epoch-293, train_loss-0.1649, train_rmse-0.4061, valid_rmse-1.2023, valid_pr-0.7623
2025-07-15 17:44:26 - INFO - epoch-294, train_loss-0.1745, train_rmse-0.4177, valid_rmse-1.1944, valid_pr-0.7633
2025-07-15 17:44:31 - INFO - epoch-295, train_loss-0.1681, train_rmse-0.4100, valid_rmse-1.2001, valid_pr-0.7660
2025-07-15 17:44:36 - INFO - epoch-296, train_loss-0.1675, train_rmse-0.4093, valid_rmse-1.2155, valid_pr-0.7591
2025-07-15 17:44:41 - INFO - epoch-297, train_loss-0.1566, train_rmse-0.3958, valid_rmse-1.2172, valid_pr-0.7608
2025-07-15 17:44:46 - INFO - epoch-298, train_loss-0.1660, train_rmse-0.4074, valid_rmse-1.2073, valid_pr-0.7614
2025-07-15 17:44:51 - INFO - epoch-299, train_loss-0.1605, train_rmse-0.4006, valid_rmse-1.1924, valid_pr-0.7674
2025-07-15 17:44:56 - INFO - epoch-300, train_loss-0.1638, train_rmse-0.4047, valid_rmse-1.2014, valid_pr-0.7642
2025-07-15 17:45:01 - INFO - epoch-301, train_loss-0.1730, train_rmse-0.4159, valid_rmse-1.1995, valid_pr-0.7678
2025-07-15 17:45:06 - INFO - epoch-302, train_loss-0.1706, train_rmse-0.4131, valid_rmse-1.1839, valid_pr-0.7735
2025-07-15 17:45:11 - INFO - epoch-303, train_loss-0.1572, train_rmse-0.3965, valid_rmse-1.2126, valid_pr-0.7600
2025-07-15 17:45:16 - INFO - epoch-304, train_loss-0.1669, train_rmse-0.4086, valid_rmse-1.1953, valid_pr-0.7694
2025-07-15 17:45:21 - INFO - epoch-305, train_loss-0.1620, train_rmse-0.4025, valid_rmse-1.2128, valid_pr-0.7574
2025-07-15 17:45:26 - INFO - epoch-306, train_loss-0.1688, train_rmse-0.4108, valid_rmse-1.2014, valid_pr-0.7615
2025-07-15 17:45:31 - INFO - epoch-307, train_loss-0.1686, train_rmse-0.4106, valid_rmse-1.2138, valid_pr-0.7563
2025-07-15 17:45:36 - INFO - epoch-308, train_loss-0.1569, train_rmse-0.3960, valid_rmse-1.1999, valid_pr-0.7652
2025-07-15 17:45:41 - INFO - epoch-309, train_loss-0.1665, train_rmse-0.4081, valid_rmse-1.2065, valid_pr-0.7598
2025-07-15 17:45:46 - INFO - epoch-310, train_loss-0.1556, train_rmse-0.3944, valid_rmse-1.1986, valid_pr-0.7627
2025-07-15 17:45:51 - INFO - epoch-311, train_loss-0.1639, train_rmse-0.4048, valid_rmse-1.2080, valid_pr-0.7636
2025-07-15 17:45:56 - INFO - epoch-312, train_loss-0.1553, train_rmse-0.3941, valid_rmse-1.2089, valid_pr-0.7629
2025-07-15 17:46:01 - INFO - epoch-313, train_loss-0.1579, train_rmse-0.3974, valid_rmse-1.1863, valid_pr-0.7689
2025-07-15 17:46:06 - INFO - epoch-314, train_loss-0.1619, train_rmse-0.4024, valid_rmse-1.1940, valid_pr-0.7701
2025-07-15 17:46:11 - INFO - epoch-315, train_loss-0.1574, train_rmse-0.3967, valid_rmse-1.1822, valid_pr-0.7720
2025-07-15 17:46:16 - INFO - epoch-316, train_loss-0.1465, train_rmse-0.3828, valid_rmse-1.2034, valid_pr-0.7630
2025-07-15 17:46:21 - INFO - epoch-317, train_loss-0.1588, train_rmse-0.3985, valid_rmse-1.2269, valid_pr-0.7599
2025-07-15 17:46:26 - INFO - epoch-318, train_loss-0.1587, train_rmse-0.3984, valid_rmse-1.2109, valid_pr-0.7593
2025-07-15 17:46:31 - INFO - epoch-319, train_loss-0.1558, train_rmse-0.3948, valid_rmse-1.2157, valid_pr-0.7584
2025-07-15 17:46:36 - INFO - epoch-320, train_loss-0.1659, train_rmse-0.4073, valid_rmse-1.2122, valid_pr-0.7625
2025-07-15 17:46:41 - INFO - epoch-321, train_loss-0.1509, train_rmse-0.3884, valid_rmse-1.1972, valid_pr-0.7693
2025-07-15 17:46:46 - INFO - epoch-322, train_loss-0.1548, train_rmse-0.3935, valid_rmse-1.2005, valid_pr-0.7659
2025-07-15 17:46:51 - INFO - epoch-323, train_loss-0.1452, train_rmse-0.3811, valid_rmse-1.1916, valid_pr-0.7698
2025-07-15 17:46:56 - INFO - epoch-324, train_loss-0.1485, train_rmse-0.3854, valid_rmse-1.1861, valid_pr-0.7693
2025-07-15 17:47:01 - INFO - epoch-325, train_loss-0.1543, train_rmse-0.3928, valid_rmse-1.2040, valid_pr-0.7604
2025-07-15 17:47:06 - INFO - epoch-326, train_loss-0.1601, train_rmse-0.4001, valid_rmse-1.1990, valid_pr-0.7648
2025-07-15 17:47:11 - INFO - epoch-327, train_loss-0.1513, train_rmse-0.3890, valid_rmse-1.2055, valid_pr-0.7639
2025-07-15 17:47:16 - INFO - epoch-328, train_loss-0.1630, train_rmse-0.4037, valid_rmse-1.1954, valid_pr-0.7634
2025-07-15 17:47:21 - INFO - epoch-329, train_loss-0.1488, train_rmse-0.3857, valid_rmse-1.2055, valid_pr-0.7616
2025-07-15 17:47:26 - INFO - epoch-330, train_loss-0.1602, train_rmse-0.4002, valid_rmse-1.1957, valid_pr-0.7680
2025-07-15 17:47:31 - INFO - epoch-331, train_loss-0.1537, train_rmse-0.3920, valid_rmse-1.2211, valid_pr-0.7595
2025-07-15 17:47:36 - INFO - epoch-332, train_loss-0.1607, train_rmse-0.4009, valid_rmse-1.2048, valid_pr-0.7632
2025-07-15 17:47:41 - INFO - epoch-333, train_loss-0.1561, train_rmse-0.3951, valid_rmse-1.2184, valid_pr-0.7601
2025-07-15 17:47:46 - INFO - epoch-334, train_loss-0.1535, train_rmse-0.3918, valid_rmse-1.2036, valid_pr-0.7630
2025-07-15 17:47:51 - INFO - epoch-335, train_loss-0.1704, train_rmse-0.4128, valid_rmse-1.1993, valid_pr-0.7626
2025-07-15 17:47:56 - INFO - epoch-336, train_loss-0.1599, train_rmse-0.3999, valid_rmse-1.2182, valid_pr-0.7604
2025-07-15 17:48:01 - INFO - epoch-337, train_loss-0.1545, train_rmse-0.3930, valid_rmse-1.1998, valid_pr-0.7639
2025-07-15 17:48:06 - INFO - epoch-338, train_loss-0.1517, train_rmse-0.3894, valid_rmse-1.1901, valid_pr-0.7693
2025-07-15 17:48:11 - INFO - epoch-339, train_loss-0.1456, train_rmse-0.3816, valid_rmse-1.2089, valid_pr-0.7626
2025-07-15 17:48:16 - INFO - epoch-340, train_loss-0.1501, train_rmse-0.3875, valid_rmse-1.2038, valid_pr-0.7623
2025-07-15 17:48:21 - INFO - epoch-341, train_loss-0.1625, train_rmse-0.4032, valid_rmse-1.2279, valid_pr-0.7618
2025-07-15 17:48:26 - INFO - epoch-342, train_loss-0.1415, train_rmse-0.3762, valid_rmse-1.1984, valid_pr-0.7640
2025-07-15 17:48:31 - INFO - epoch-343, train_loss-0.1611, train_rmse-0.4014, valid_rmse-1.1919, valid_pr-0.7672
2025-07-15 17:48:36 - INFO - epoch-344, train_loss-0.1524, train_rmse-0.3904, valid_rmse-1.2025, valid_pr-0.7616
2025-07-15 17:48:41 - INFO - epoch-345, train_loss-0.1453, train_rmse-0.3812, valid_rmse-1.2181, valid_pr-0.7653
2025-07-15 17:48:46 - INFO - epoch-346, train_loss-0.1661, train_rmse-0.4075, valid_rmse-1.1975, valid_pr-0.7678
2025-07-15 17:48:51 - INFO - epoch-347, train_loss-0.1510, train_rmse-0.3886, valid_rmse-1.2056, valid_pr-0.7625
2025-07-15 17:48:56 - INFO - epoch-348, train_loss-0.1389, train_rmse-0.3728, valid_rmse-1.1976, valid_pr-0.7646
2025-07-15 17:49:01 - INFO - epoch-349, train_loss-0.1423, train_rmse-0.3772, valid_rmse-1.2063, valid_pr-0.7621
2025-07-15 17:49:06 - INFO - epoch-350, train_loss-0.1465, train_rmse-0.3828, valid_rmse-1.2101, valid_pr-0.7594
2025-07-15 17:49:11 - INFO - epoch-351, train_loss-0.1426, train_rmse-0.3777, valid_rmse-1.2019, valid_pr-0.7634
2025-07-15 17:49:17 - INFO - epoch-352, train_loss-0.1492, train_rmse-0.3863, valid_rmse-1.1987, valid_pr-0.7657
2025-07-15 17:49:22 - INFO - epoch-353, train_loss-0.1462, train_rmse-0.3824, valid_rmse-1.1887, valid_pr-0.7673
2025-07-15 17:49:27 - INFO - epoch-354, train_loss-0.1452, train_rmse-0.3811, valid_rmse-1.2153, valid_pr-0.7591
2025-07-15 17:49:32 - INFO - epoch-355, train_loss-0.1451, train_rmse-0.3809, valid_rmse-1.1823, valid_pr-0.7715
2025-07-15 17:49:37 - INFO - epoch-356, train_loss-0.1506, train_rmse-0.3880, valid_rmse-1.2130, valid_pr-0.7599
2025-07-15 17:49:42 - INFO - epoch-357, train_loss-0.1458, train_rmse-0.3819, valid_rmse-1.1882, valid_pr-0.7705
2025-07-15 17:49:47 - INFO - epoch-358, train_loss-0.1457, train_rmse-0.3817, valid_rmse-1.1896, valid_pr-0.7697
2025-07-15 17:49:52 - INFO - epoch-359, train_loss-0.1387, train_rmse-0.3725, valid_rmse-1.2128, valid_pr-0.7565
2025-07-15 17:49:57 - INFO - epoch-360, train_loss-0.1535, train_rmse-0.3918, valid_rmse-1.1897, valid_pr-0.7704
2025-07-15 17:50:02 - INFO - epoch-361, train_loss-0.1512, train_rmse-0.3889, valid_rmse-1.1970, valid_pr-0.7686
2025-07-15 17:50:07 - INFO - epoch-362, train_loss-0.1419, train_rmse-0.3768, valid_rmse-1.1961, valid_pr-0.7628
2025-07-15 17:50:12 - INFO - epoch-363, train_loss-0.1488, train_rmse-0.3857, valid_rmse-1.1872, valid_pr-0.7696
2025-07-15 17:50:17 - INFO - epoch-364, train_loss-0.1339, train_rmse-0.3659, valid_rmse-1.1850, valid_pr-0.7719
2025-07-15 17:50:22 - INFO - epoch-365, train_loss-0.1524, train_rmse-0.3904, valid_rmse-1.1793, valid_pr-0.7719
2025-07-15 17:50:27 - INFO - epoch-366, train_loss-0.1389, train_rmse-0.3727, valid_rmse-1.1937, valid_pr-0.7664
2025-07-15 17:50:32 - INFO - epoch-367, train_loss-0.1553, train_rmse-0.3941, valid_rmse-1.1950, valid_pr-0.7633
2025-07-15 17:50:37 - INFO - epoch-368, train_loss-0.1473, train_rmse-0.3838, valid_rmse-1.2018, valid_pr-0.7659
2025-07-15 17:50:42 - INFO - epoch-369, train_loss-0.1416, train_rmse-0.3763, valid_rmse-1.1952, valid_pr-0.7644
2025-07-15 17:50:47 - INFO - epoch-370, train_loss-0.1430, train_rmse-0.3781, valid_rmse-1.1876, valid_pr-0.7738
2025-07-15 17:50:52 - INFO - epoch-371, train_loss-0.1402, train_rmse-0.3744, valid_rmse-1.2039, valid_pr-0.7649
2025-07-15 17:50:57 - INFO - epoch-372, train_loss-0.1321, train_rmse-0.3635, valid_rmse-1.1918, valid_pr-0.7688
2025-07-15 17:51:02 - INFO - epoch-373, train_loss-0.1439, train_rmse-0.3793, valid_rmse-1.1936, valid_pr-0.7708
2025-07-15 17:51:07 - INFO - epoch-374, train_loss-0.1439, train_rmse-0.3794, valid_rmse-1.1989, valid_pr-0.7625
2025-07-15 17:51:12 - INFO - epoch-375, train_loss-0.1435, train_rmse-0.3788, valid_rmse-1.2039, valid_pr-0.7656
2025-07-15 17:51:17 - INFO - epoch-376, train_loss-0.1413, train_rmse-0.3759, valid_rmse-1.1883, valid_pr-0.7737
2025-07-15 17:51:22 - INFO - epoch-377, train_loss-0.1408, train_rmse-0.3752, valid_rmse-1.2203, valid_pr-0.7591
2025-07-15 17:51:27 - INFO - epoch-378, train_loss-0.1470, train_rmse-0.3834, valid_rmse-1.1957, valid_pr-0.7720
2025-07-15 17:51:32 - INFO - epoch-379, train_loss-0.1439, train_rmse-0.3794, valid_rmse-1.1979, valid_pr-0.7626
2025-07-15 17:51:37 - INFO - epoch-380, train_loss-0.1432, train_rmse-0.3785, valid_rmse-1.1842, valid_pr-0.7731
2025-07-15 17:51:42 - INFO - epoch-381, train_loss-0.1347, train_rmse-0.3670, valid_rmse-1.1974, valid_pr-0.7670
2025-07-15 17:51:47 - INFO - epoch-382, train_loss-0.1514, train_rmse-0.3892, valid_rmse-1.1856, valid_pr-0.7691
2025-07-15 17:51:52 - INFO - epoch-383, train_loss-0.1393, train_rmse-0.3732, valid_rmse-1.2094, valid_pr-0.7593
2025-07-15 17:51:57 - INFO - epoch-384, train_loss-0.1496, train_rmse-0.3867, valid_rmse-1.1889, valid_pr-0.7677
2025-07-15 17:52:02 - INFO - epoch-385, train_loss-0.1428, train_rmse-0.3779, valid_rmse-1.1884, valid_pr-0.7716
2025-07-15 17:52:08 - INFO - epoch-386, train_loss-0.1324, train_rmse-0.3639, valid_rmse-1.2067, valid_pr-0.7650
2025-07-15 17:52:13 - INFO - epoch-387, train_loss-0.1495, train_rmse-0.3866, valid_rmse-1.2056, valid_pr-0.7600
2025-07-15 17:52:18 - INFO - epoch-388, train_loss-0.1554, train_rmse-0.3942, valid_rmse-1.1921, valid_pr-0.7660
2025-07-15 17:52:23 - INFO - epoch-389, train_loss-0.1287, train_rmse-0.3588, valid_rmse-1.1986, valid_pr-0.7645
2025-07-15 17:52:28 - INFO - epoch-390, train_loss-0.1345, train_rmse-0.3668, valid_rmse-1.1897, valid_pr-0.7676
2025-07-15 17:52:33 - INFO - epoch-391, train_loss-0.1359, train_rmse-0.3686, valid_rmse-1.2056, valid_pr-0.7610
2025-07-15 17:52:38 - INFO - epoch-392, train_loss-0.1283, train_rmse-0.3582, valid_rmse-1.2048, valid_pr-0.7617
2025-07-15 17:52:43 - INFO - epoch-393, train_loss-0.1366, train_rmse-0.3696, valid_rmse-1.1898, valid_pr-0.7662
2025-07-15 17:52:48 - INFO - epoch-394, train_loss-0.1387, train_rmse-0.3724, valid_rmse-1.1900, valid_pr-0.7673
2025-07-15 17:52:53 - INFO - epoch-395, train_loss-0.1383, train_rmse-0.3719, valid_rmse-1.2203, valid_pr-0.7629
2025-07-15 17:52:58 - INFO - epoch-396, train_loss-0.1503, train_rmse-0.3877, valid_rmse-1.1686, valid_pr-0.7774
2025-07-15 17:53:03 - INFO - epoch-397, train_loss-0.1449, train_rmse-0.3807, valid_rmse-1.1759, valid_pr-0.7723
2025-07-15 17:53:08 - INFO - epoch-398, train_loss-0.1312, train_rmse-0.3623, valid_rmse-1.2013, valid_pr-0.7706
2025-07-15 17:53:13 - INFO - epoch-399, train_loss-0.1380, train_rmse-0.3715, valid_rmse-1.1926, valid_pr-0.7703
2025-07-15 17:53:18 - INFO - epoch-400, train_loss-0.1390, train_rmse-0.3728, valid_rmse-1.1825, valid_pr-0.7710
2025-07-15 17:53:23 - INFO - epoch-401, train_loss-0.1395, train_rmse-0.3735, valid_rmse-1.1928, valid_pr-0.7733
2025-07-15 17:53:28 - INFO - epoch-402, train_loss-0.1459, train_rmse-0.3820, valid_rmse-1.1790, valid_pr-0.7736
2025-07-15 17:53:33 - INFO - epoch-403, train_loss-0.1308, train_rmse-0.3617, valid_rmse-1.1898, valid_pr-0.7699
2025-07-15 17:53:38 - INFO - epoch-404, train_loss-0.1298, train_rmse-0.3602, valid_rmse-1.1834, valid_pr-0.7693
2025-07-15 17:53:43 - INFO - epoch-405, train_loss-0.1419, train_rmse-0.3767, valid_rmse-1.1804, valid_pr-0.7713
2025-07-15 17:53:48 - INFO - epoch-406, train_loss-0.1398, train_rmse-0.3739, valid_rmse-1.1710, valid_pr-0.7759
2025-07-15 17:53:53 - INFO - epoch-407, train_loss-0.1228, train_rmse-0.3504, valid_rmse-1.1942, valid_pr-0.7692
2025-07-15 17:53:59 - INFO - epoch-408, train_loss-0.1297, train_rmse-0.3601, valid_rmse-1.1727, valid_pr-0.7771
2025-07-15 17:54:04 - INFO - epoch-409, train_loss-0.1286, train_rmse-0.3586, valid_rmse-1.1925, valid_pr-0.7670
2025-07-15 17:54:09 - INFO - epoch-410, train_loss-0.1339, train_rmse-0.3660, valid_rmse-1.2029, valid_pr-0.7650
2025-07-15 17:54:14 - INFO - epoch-411, train_loss-0.1394, train_rmse-0.3734, valid_rmse-1.1870, valid_pr-0.7670
2025-07-15 17:54:19 - INFO - epoch-412, train_loss-0.1402, train_rmse-0.3744, valid_rmse-1.1885, valid_pr-0.7672
2025-07-15 17:54:24 - INFO - epoch-413, train_loss-0.1433, train_rmse-0.3785, valid_rmse-1.1798, valid_pr-0.7712
2025-07-15 17:54:29 - INFO - epoch-414, train_loss-0.1330, train_rmse-0.3647, valid_rmse-1.1870, valid_pr-0.7703
2025-07-15 17:54:34 - INFO - epoch-415, train_loss-0.1402, train_rmse-0.3745, valid_rmse-1.1840, valid_pr-0.7730
2025-07-15 17:54:39 - INFO - epoch-416, train_loss-0.1357, train_rmse-0.3684, valid_rmse-1.1907, valid_pr-0.7670
2025-07-15 17:54:44 - INFO - epoch-417, train_loss-0.1403, train_rmse-0.3745, valid_rmse-1.1914, valid_pr-0.7686
2025-07-15 17:54:49 - INFO - epoch-418, train_loss-0.1342, train_rmse-0.3663, valid_rmse-1.1750, valid_pr-0.7731
2025-07-15 17:54:54 - INFO - epoch-419, train_loss-0.1526, train_rmse-0.3907, valid_rmse-1.1950, valid_pr-0.7668
2025-07-15 17:54:59 - INFO - epoch-420, train_loss-0.1400, train_rmse-0.3741, valid_rmse-1.1877, valid_pr-0.7705
2025-07-15 17:55:04 - INFO - epoch-421, train_loss-0.1357, train_rmse-0.3684, valid_rmse-1.1862, valid_pr-0.7694
2025-07-15 17:55:09 - INFO - epoch-422, train_loss-0.1289, train_rmse-0.3590, valid_rmse-1.1910, valid_pr-0.7709
2025-07-15 17:55:14 - INFO - epoch-423, train_loss-0.1336, train_rmse-0.3655, valid_rmse-1.1912, valid_pr-0.7673
2025-07-15 17:55:19 - INFO - epoch-424, train_loss-0.1297, train_rmse-0.3602, valid_rmse-1.1841, valid_pr-0.7732
2025-07-15 17:55:23 - INFO - epoch-425, train_loss-0.1331, train_rmse-0.3648, valid_rmse-1.1911, valid_pr-0.7720
2025-07-15 17:55:28 - INFO - epoch-426, train_loss-0.1457, train_rmse-0.3818, valid_rmse-1.1982, valid_pr-0.7680
2025-07-15 17:55:34 - INFO - epoch-427, train_loss-0.1337, train_rmse-0.3656, valid_rmse-1.2026, valid_pr-0.7627
2025-07-15 17:55:39 - INFO - epoch-428, train_loss-0.1377, train_rmse-0.3710, valid_rmse-1.1855, valid_pr-0.7711
2025-07-15 17:55:43 - INFO - epoch-429, train_loss-0.1290, train_rmse-0.3591, valid_rmse-1.1902, valid_pr-0.7679
2025-07-15 17:55:48 - INFO - epoch-430, train_loss-0.1299, train_rmse-0.3604, valid_rmse-1.2007, valid_pr-0.7674
2025-07-15 17:55:54 - INFO - epoch-431, train_loss-0.1335, train_rmse-0.3653, valid_rmse-1.1994, valid_pr-0.7627
2025-07-15 17:55:59 - INFO - epoch-432, train_loss-0.1258, train_rmse-0.3548, valid_rmse-1.2048, valid_pr-0.7608
2025-07-15 17:56:04 - INFO - epoch-433, train_loss-0.1295, train_rmse-0.3598, valid_rmse-1.2072, valid_pr-0.7617
2025-07-15 17:56:09 - INFO - epoch-434, train_loss-0.1297, train_rmse-0.3601, valid_rmse-1.2276, valid_pr-0.7595
2025-07-15 17:56:14 - INFO - epoch-435, train_loss-0.1227, train_rmse-0.3502, valid_rmse-1.2073, valid_pr-0.7617
2025-07-15 17:56:19 - INFO - epoch-436, train_loss-0.1240, train_rmse-0.3521, valid_rmse-1.1923, valid_pr-0.7654
2025-07-15 17:56:24 - INFO - epoch-437, train_loss-0.1311, train_rmse-0.3621, valid_rmse-1.2140, valid_pr-0.7594
2025-07-15 17:56:29 - INFO - epoch-438, train_loss-0.1212, train_rmse-0.3481, valid_rmse-1.2121, valid_pr-0.7583
2025-07-15 17:56:34 - INFO - epoch-439, train_loss-0.1250, train_rmse-0.3536, valid_rmse-1.2221, valid_pr-0.7559
2025-07-15 17:56:39 - INFO - epoch-440, train_loss-0.1292, train_rmse-0.3594, valid_rmse-1.2144, valid_pr-0.7586
2025-07-15 17:56:44 - INFO - epoch-441, train_loss-0.1278, train_rmse-0.3575, valid_rmse-1.1983, valid_pr-0.7629
2025-07-15 17:56:49 - INFO - epoch-442, train_loss-0.1222, train_rmse-0.3496, valid_rmse-1.2016, valid_pr-0.7615
2025-07-15 17:56:54 - INFO - epoch-443, train_loss-0.1288, train_rmse-0.3588, valid_rmse-1.2121, valid_pr-0.7585
2025-07-15 17:56:59 - INFO - epoch-444, train_loss-0.1313, train_rmse-0.3623, valid_rmse-1.1985, valid_pr-0.7660
2025-07-15 17:57:04 - INFO - epoch-445, train_loss-0.1179, train_rmse-0.3434, valid_rmse-1.2038, valid_pr-0.7628
2025-07-15 17:57:09 - INFO - epoch-446, train_loss-0.1377, train_rmse-0.3711, valid_rmse-1.2066, valid_pr-0.7643
2025-07-15 17:57:14 - INFO - epoch-447, train_loss-0.1252, train_rmse-0.3538, valid_rmse-1.2068, valid_pr-0.7630
2025-07-15 17:57:19 - INFO - epoch-448, train_loss-0.1235, train_rmse-0.3514, valid_rmse-1.2111, valid_pr-0.7611
2025-07-15 17:57:24 - INFO - epoch-449, train_loss-0.1189, train_rmse-0.3449, valid_rmse-1.2069, valid_pr-0.7614
2025-07-15 17:57:29 - INFO - epoch-450, train_loss-0.1328, train_rmse-0.3644, valid_rmse-1.2133, valid_pr-0.7595
2025-07-15 17:57:34 - INFO - epoch-451, train_loss-0.1218, train_rmse-0.3490, valid_rmse-1.2027, valid_pr-0.7627
2025-07-15 17:57:39 - INFO - epoch-452, train_loss-0.1323, train_rmse-0.3638, valid_rmse-1.2000, valid_pr-0.7643
2025-07-15 17:57:44 - INFO - epoch-453, train_loss-0.1269, train_rmse-0.3563, valid_rmse-1.1918, valid_pr-0.7674
2025-07-15 17:57:49 - INFO - epoch-454, train_loss-0.1295, train_rmse-0.3599, valid_rmse-1.2010, valid_pr-0.7616
2025-07-15 17:57:54 - INFO - epoch-455, train_loss-0.1317, train_rmse-0.3629, valid_rmse-1.2064, valid_pr-0.7629
2025-07-15 17:57:59 - INFO - epoch-456, train_loss-0.1168, train_rmse-0.3417, valid_rmse-1.1993, valid_pr-0.7638
2025-07-15 17:58:04 - INFO - epoch-457, train_loss-0.1366, train_rmse-0.3695, valid_rmse-1.1950, valid_pr-0.7649
2025-07-15 17:58:09 - INFO - epoch-458, train_loss-0.1214, train_rmse-0.3484, valid_rmse-1.1942, valid_pr-0.7687
2025-07-15 17:58:14 - INFO - epoch-459, train_loss-0.1255, train_rmse-0.3543, valid_rmse-1.2050, valid_pr-0.7637
2025-07-15 17:58:19 - INFO - epoch-460, train_loss-0.1269, train_rmse-0.3563, valid_rmse-1.2077, valid_pr-0.7639
2025-07-15 17:58:24 - INFO - epoch-461, train_loss-0.1186, train_rmse-0.3443, valid_rmse-1.1946, valid_pr-0.7663
2025-07-15 17:58:29 - INFO - epoch-462, train_loss-0.1249, train_rmse-0.3534, valid_rmse-1.2037, valid_pr-0.7605
2025-07-15 17:58:34 - INFO - epoch-463, train_loss-0.1311, train_rmse-0.3621, valid_rmse-1.1877, valid_pr-0.7667
2025-07-15 17:58:39 - INFO - epoch-464, train_loss-0.1207, train_rmse-0.3475, valid_rmse-1.1928, valid_pr-0.7667
2025-07-15 17:58:44 - INFO - epoch-465, train_loss-0.1200, train_rmse-0.3464, valid_rmse-1.1748, valid_pr-0.7738
2025-07-15 17:58:49 - INFO - epoch-466, train_loss-0.1208, train_rmse-0.3475, valid_rmse-1.1941, valid_pr-0.7673
2025-07-15 17:58:54 - INFO - epoch-467, train_loss-0.1204, train_rmse-0.3471, valid_rmse-1.1884, valid_pr-0.7665
2025-07-15 17:58:59 - INFO - epoch-468, train_loss-0.1232, train_rmse-0.3510, valid_rmse-1.1841, valid_pr-0.7692
2025-07-15 17:59:04 - INFO - epoch-469, train_loss-0.1361, train_rmse-0.3690, valid_rmse-1.1899, valid_pr-0.7696
2025-07-15 17:59:09 - INFO - epoch-470, train_loss-0.1285, train_rmse-0.3585, valid_rmse-1.1922, valid_pr-0.7699
2025-07-15 17:59:14 - INFO - epoch-471, train_loss-0.1226, train_rmse-0.3502, valid_rmse-1.1956, valid_pr-0.7641
2025-07-15 17:59:19 - INFO - epoch-472, train_loss-0.1173, train_rmse-0.3425, valid_rmse-1.2056, valid_pr-0.7637
2025-07-15 17:59:24 - INFO - epoch-473, train_loss-0.1271, train_rmse-0.3565, valid_rmse-1.1797, valid_pr-0.7735
2025-07-15 17:59:29 - INFO - epoch-474, train_loss-0.1213, train_rmse-0.3483, valid_rmse-1.2092, valid_pr-0.7583
2025-07-15 17:59:34 - INFO - epoch-475, train_loss-0.1173, train_rmse-0.3425, valid_rmse-1.1938, valid_pr-0.7660
2025-07-15 17:59:39 - INFO - epoch-476, train_loss-0.1202, train_rmse-0.3467, valid_rmse-1.1975, valid_pr-0.7643
2025-07-15 17:59:44 - INFO - epoch-477, train_loss-0.1300, train_rmse-0.3605, valid_rmse-1.1957, valid_pr-0.7676
2025-07-15 17:59:49 - INFO - epoch-478, train_loss-0.1191, train_rmse-0.3451, valid_rmse-1.1947, valid_pr-0.7668
2025-07-15 17:59:54 - INFO - epoch-479, train_loss-0.1249, train_rmse-0.3534, valid_rmse-1.1882, valid_pr-0.7702
2025-07-15 17:59:59 - INFO - epoch-480, train_loss-0.1285, train_rmse-0.3584, valid_rmse-1.1917, valid_pr-0.7683
2025-07-15 18:00:04 - INFO - epoch-481, train_loss-0.1199, train_rmse-0.3462, valid_rmse-1.1816, valid_pr-0.7710
2025-07-15 18:00:09 - INFO - epoch-482, train_loss-0.1229, train_rmse-0.3505, valid_rmse-1.2007, valid_pr-0.7616
2025-07-15 18:00:14 - INFO - epoch-483, train_loss-0.1192, train_rmse-0.3453, valid_rmse-1.2098, valid_pr-0.7633
2025-07-15 18:00:19 - INFO - epoch-484, train_loss-0.1203, train_rmse-0.3469, valid_rmse-1.1934, valid_pr-0.7639
2025-07-15 18:00:24 - INFO - epoch-485, train_loss-0.1196, train_rmse-0.3459, valid_rmse-1.1831, valid_pr-0.7694
2025-07-15 18:00:29 - INFO - epoch-486, train_loss-0.1186, train_rmse-0.3444, valid_rmse-1.1915, valid_pr-0.7683
2025-07-15 18:00:34 - INFO - epoch-487, train_loss-0.1212, train_rmse-0.3481, valid_rmse-1.2026, valid_pr-0.7602
2025-07-15 18:00:39 - INFO - epoch-488, train_loss-0.1197, train_rmse-0.3460, valid_rmse-1.1930, valid_pr-0.7673
2025-07-15 18:00:44 - INFO - epoch-489, train_loss-0.1211, train_rmse-0.3480, valid_rmse-1.2009, valid_pr-0.7655
2025-07-15 18:00:49 - INFO - epoch-490, train_loss-0.1175, train_rmse-0.3427, valid_rmse-1.1989, valid_pr-0.7653
2025-07-15 18:00:54 - INFO - epoch-491, train_loss-0.1182, train_rmse-0.3438, valid_rmse-1.2193, valid_pr-0.7600
2025-07-15 18:00:59 - INFO - epoch-492, train_loss-0.1341, train_rmse-0.3662, valid_rmse-1.2174, valid_pr-0.7570
2025-07-15 18:01:04 - INFO - epoch-493, train_loss-0.1215, train_rmse-0.3486, valid_rmse-1.2105, valid_pr-0.7609
2025-07-15 18:01:09 - INFO - epoch-494, train_loss-0.1208, train_rmse-0.3476, valid_rmse-1.1887, valid_pr-0.7703
2025-07-15 18:01:14 - INFO - epoch-495, train_loss-0.1229, train_rmse-0.3506, valid_rmse-1.1802, valid_pr-0.7746
2025-07-15 18:01:19 - INFO - epoch-496, train_loss-0.1318, train_rmse-0.3630, valid_rmse-1.1885, valid_pr-0.7716
2025-07-15 18:01:24 - INFO - epoch-497, train_loss-0.1159, train_rmse-0.3405, valid_rmse-1.2035, valid_pr-0.7656
2025-07-15 18:01:24 - INFO - early stop in epoch 497
2025-07-15 18:01:24 - INFO - best_rmse: 1.1686
2025-07-15 18:01:27 - INFO - valid_rmse-1.1686, valid_pr-0.7774, test2013_rmse-1.4054, test2013_pr-0.8041, test2016_rmse-1.2429, test2016_pr-0.8206, test2019_rmse-1.3936, test2019_pr-0.6420,
