2025-06-09 17:26:10 - INFO - train_IGN.py
2025-06-09 17:26:10 - INFO - train data: 11904
2025-06-09 17:26:10 - INFO - valid data: 1000
2025-06-09 17:26:10 - INFO - test2013 data: 107
2025-06-09 17:26:10 - INFO - test2016 data: 285
2025-06-09 17:26:10 - INFO - test2019 data: 4366
2025-06-09 17:26:37 - INFO - epoch-0, train_loss-39.8822, train_rmse-6.3152, valid_rmse-6.9096, valid_pr-0.3833
2025-06-09 17:26:56 - INFO - epoch-1, train_loss-26.4524, train_rmse-5.1432, valid_rmse-4.2310, valid_pr-0.3928
2025-06-09 17:27:16 - INFO - epoch-2, train_loss-9.8795, train_rmse-3.1432, valid_rmse-1.8930, valid_pr-0.3783
2025-06-09 17:27:24 - INFO - epoch-3, train_loss-3.8764, train_rmse-1.9689, valid_rmse-1.7391, valid_pr-0.5195
2025-06-09 17:27:30 - INFO - epoch-4, train_loss-3.2546, train_rmse-1.8041, valid_rmse-1.5735, valid_pr-0.5493
2025-06-09 17:27:36 - INFO - epoch-5, train_loss-2.9632, train_rmse-1.7214, valid_rmse-1.5934, valid_pr-0.5940
2025-06-09 17:27:42 - INFO - epoch-6, train_loss-2.9153, train_rmse-1.7074, valid_rmse-1.6629, valid_pr-0.4801
2025-06-09 17:27:48 - INFO - epoch-7, train_loss-2.8920, train_rmse-1.7006, valid_rmse-1.5454, valid_pr-0.6003
2025-06-09 17:27:54 - INFO - epoch-8, train_loss-2.7032, train_rmse-1.6441, valid_rmse-1.5012, valid_pr-0.5945
2025-06-09 17:28:00 - INFO - epoch-9, train_loss-2.6668, train_rmse-1.6330, valid_rmse-1.5045, valid_pr-0.6070
2025-06-09 17:28:06 - INFO - epoch-10, train_loss-2.6121, train_rmse-1.6162, valid_rmse-1.5276, valid_pr-0.5888
2025-06-09 17:28:12 - INFO - epoch-11, train_loss-2.5509, train_rmse-1.5972, valid_rmse-1.5282, valid_pr-0.5857
2025-06-09 17:28:18 - INFO - epoch-12, train_loss-2.5166, train_rmse-1.5864, valid_rmse-1.4550, valid_pr-0.6288
2025-06-09 17:28:24 - INFO - epoch-13, train_loss-2.4709, train_rmse-1.5719, valid_rmse-1.4770, valid_pr-0.6165
2025-06-09 17:28:30 - INFO - epoch-14, train_loss-2.3434, train_rmse-1.5308, valid_rmse-1.4492, valid_pr-0.6343
2025-06-09 17:28:37 - INFO - epoch-15, train_loss-2.3770, train_rmse-1.5418, valid_rmse-1.4942, valid_pr-0.5927
2025-06-09 17:28:43 - INFO - epoch-16, train_loss-2.3283, train_rmse-1.5259, valid_rmse-1.4137, valid_pr-0.6460
2025-06-09 17:28:50 - INFO - epoch-17, train_loss-2.2694, train_rmse-1.5064, valid_rmse-1.4266, valid_pr-0.6451
2025-06-09 17:28:56 - INFO - epoch-18, train_loss-2.2413, train_rmse-1.4971, valid_rmse-1.4795, valid_pr-0.6583
2025-06-09 17:29:03 - INFO - epoch-19, train_loss-2.1906, train_rmse-1.4801, valid_rmse-1.3891, valid_pr-0.6667
2025-06-09 17:29:09 - INFO - epoch-20, train_loss-2.1284, train_rmse-1.4589, valid_rmse-1.3742, valid_pr-0.6682
2025-06-09 17:29:16 - INFO - epoch-21, train_loss-2.0921, train_rmse-1.4464, valid_rmse-1.4930, valid_pr-0.6299
2025-06-09 17:29:22 - INFO - epoch-22, train_loss-2.0696, train_rmse-1.4386, valid_rmse-1.3641, valid_pr-0.6786
2025-06-09 17:29:29 - INFO - epoch-23, train_loss-2.0286, train_rmse-1.4243, valid_rmse-1.4646, valid_pr-0.6336
2025-06-09 17:29:35 - INFO - epoch-24, train_loss-2.0000, train_rmse-1.4142, valid_rmse-1.3475, valid_pr-0.6900
2025-06-09 17:29:41 - INFO - epoch-25, train_loss-1.9704, train_rmse-1.4037, valid_rmse-1.4040, valid_pr-0.6566
2025-06-09 17:29:48 - INFO - epoch-26, train_loss-1.9407, train_rmse-1.3931, valid_rmse-1.4719, valid_pr-0.6551
2025-06-09 17:29:54 - INFO - epoch-27, train_loss-1.8802, train_rmse-1.3712, valid_rmse-1.3744, valid_pr-0.6687
2025-06-09 17:30:01 - INFO - epoch-28, train_loss-1.9046, train_rmse-1.3801, valid_rmse-1.3508, valid_pr-0.6876
2025-06-09 17:30:07 - INFO - epoch-29, train_loss-1.8393, train_rmse-1.3562, valid_rmse-1.3678, valid_pr-0.6802
2025-06-09 17:30:13 - INFO - epoch-30, train_loss-1.7985, train_rmse-1.3411, valid_rmse-1.3750, valid_pr-0.6809
2025-06-09 17:30:19 - INFO - epoch-31, train_loss-1.7864, train_rmse-1.3366, valid_rmse-1.3420, valid_pr-0.6890
2025-06-09 17:30:27 - INFO - epoch-32, train_loss-1.7619, train_rmse-1.3273, valid_rmse-1.3472, valid_pr-0.6876
2025-06-09 17:30:34 - INFO - epoch-33, train_loss-1.6965, train_rmse-1.3025, valid_rmse-1.3738, valid_pr-0.6803
2025-06-09 17:30:40 - INFO - epoch-34, train_loss-1.6715, train_rmse-1.2929, valid_rmse-1.4005, valid_pr-0.6805
2025-06-09 17:30:46 - INFO - epoch-35, train_loss-1.6753, train_rmse-1.2944, valid_rmse-1.3481, valid_pr-0.6841
2025-06-09 17:30:52 - INFO - epoch-36, train_loss-1.6008, train_rmse-1.2652, valid_rmse-1.3868, valid_pr-0.6845
2025-06-09 17:30:59 - INFO - epoch-37, train_loss-1.5846, train_rmse-1.2588, valid_rmse-1.3245, valid_pr-0.7007
2025-06-09 17:31:05 - INFO - epoch-38, train_loss-1.5292, train_rmse-1.2366, valid_rmse-1.3684, valid_pr-0.6857
2025-06-09 17:31:11 - INFO - epoch-39, train_loss-1.5306, train_rmse-1.2372, valid_rmse-1.3504, valid_pr-0.6857
2025-06-09 17:31:17 - INFO - epoch-40, train_loss-1.5032, train_rmse-1.2261, valid_rmse-1.3590, valid_pr-0.6979
2025-06-09 17:31:24 - INFO - epoch-41, train_loss-1.4250, train_rmse-1.1937, valid_rmse-1.3607, valid_pr-0.6916
2025-06-09 17:31:30 - INFO - epoch-42, train_loss-1.4448, train_rmse-1.2020, valid_rmse-1.3035, valid_pr-0.7138
2025-06-09 17:31:36 - INFO - epoch-43, train_loss-1.3928, train_rmse-1.1802, valid_rmse-1.3379, valid_pr-0.7053
2025-06-09 17:31:43 - INFO - epoch-44, train_loss-1.3339, train_rmse-1.1549, valid_rmse-1.2995, valid_pr-0.7169
2025-06-09 17:31:49 - INFO - epoch-45, train_loss-1.2925, train_rmse-1.1369, valid_rmse-1.3419, valid_pr-0.6949
2025-06-09 17:31:55 - INFO - epoch-46, train_loss-1.2484, train_rmse-1.1173, valid_rmse-1.3058, valid_pr-0.7169
2025-06-09 17:32:01 - INFO - epoch-47, train_loss-1.2527, train_rmse-1.1192, valid_rmse-1.3526, valid_pr-0.7169
2025-06-09 17:32:08 - INFO - epoch-48, train_loss-1.2537, train_rmse-1.1197, valid_rmse-1.2800, valid_pr-0.7223
2025-06-09 17:32:14 - INFO - epoch-49, train_loss-1.2145, train_rmse-1.1020, valid_rmse-1.3143, valid_pr-0.7101
2025-06-09 17:32:20 - INFO - epoch-50, train_loss-1.1986, train_rmse-1.0948, valid_rmse-1.3197, valid_pr-0.7095
2025-06-09 17:32:26 - INFO - epoch-51, train_loss-1.1575, train_rmse-1.0759, valid_rmse-1.3135, valid_pr-0.7198
2025-06-09 17:32:33 - INFO - epoch-52, train_loss-1.1634, train_rmse-1.0786, valid_rmse-1.3143, valid_pr-0.7122
2025-06-09 17:32:39 - INFO - epoch-53, train_loss-1.0931, train_rmse-1.0455, valid_rmse-1.3780, valid_pr-0.6901
2025-06-09 17:32:50 - INFO - epoch-54, train_loss-1.0742, train_rmse-1.0364, valid_rmse-1.2810, valid_pr-0.7337
2025-06-09 17:33:04 - INFO - epoch-55, train_loss-1.0424, train_rmse-1.0210, valid_rmse-1.2722, valid_pr-0.7372
2025-06-09 17:33:19 - INFO - epoch-56, train_loss-1.0127, train_rmse-1.0063, valid_rmse-1.3455, valid_pr-0.7117
2025-06-09 17:33:35 - INFO - epoch-57, train_loss-1.0056, train_rmse-1.0028, valid_rmse-1.3320, valid_pr-0.7110
2025-06-09 17:33:53 - INFO - epoch-58, train_loss-0.9688, train_rmse-0.9843, valid_rmse-1.2833, valid_pr-0.7290
2025-06-09 17:34:11 - INFO - epoch-59, train_loss-0.9616, train_rmse-0.9806, valid_rmse-1.3111, valid_pr-0.7151
2025-06-09 17:34:29 - INFO - epoch-60, train_loss-0.9383, train_rmse-0.9686, valid_rmse-1.3239, valid_pr-0.7142
2025-06-09 17:34:47 - INFO - epoch-61, train_loss-0.9178, train_rmse-0.9580, valid_rmse-1.2910, valid_pr-0.7198
2025-06-09 17:35:04 - INFO - epoch-62, train_loss-0.8982, train_rmse-0.9477, valid_rmse-1.2819, valid_pr-0.7342
2025-06-09 17:35:20 - INFO - epoch-63, train_loss-0.8859, train_rmse-0.9412, valid_rmse-1.3145, valid_pr-0.7140
2025-06-09 17:35:36 - INFO - epoch-64, train_loss-0.8540, train_rmse-0.9241, valid_rmse-1.3167, valid_pr-0.7151
2025-06-09 17:35:51 - INFO - epoch-65, train_loss-0.8439, train_rmse-0.9186, valid_rmse-1.3583, valid_pr-0.7120
2025-06-09 17:36:05 - INFO - epoch-66, train_loss-0.7957, train_rmse-0.8920, valid_rmse-1.3172, valid_pr-0.7156
2025-06-09 17:36:21 - INFO - epoch-67, train_loss-0.8035, train_rmse-0.8964, valid_rmse-1.3081, valid_pr-0.7206
2025-06-09 17:36:36 - INFO - epoch-68, train_loss-0.7883, train_rmse-0.8879, valid_rmse-1.3353, valid_pr-0.7211
2025-06-09 17:36:50 - INFO - epoch-69, train_loss-0.7894, train_rmse-0.8885, valid_rmse-1.2883, valid_pr-0.7315
2025-06-09 17:37:06 - INFO - epoch-70, train_loss-0.7573, train_rmse-0.8702, valid_rmse-1.3113, valid_pr-0.7133
2025-06-09 17:37:23 - INFO - epoch-71, train_loss-0.7477, train_rmse-0.8647, valid_rmse-1.2829, valid_pr-0.7292
2025-06-09 17:37:39 - INFO - epoch-72, train_loss-0.7386, train_rmse-0.8594, valid_rmse-1.3442, valid_pr-0.7201
2025-06-09 17:37:54 - INFO - epoch-73, train_loss-0.7238, train_rmse-0.8508, valid_rmse-1.2789, valid_pr-0.7303
2025-06-09 17:38:10 - INFO - epoch-74, train_loss-0.6937, train_rmse-0.8329, valid_rmse-1.2610, valid_pr-0.7424
2025-06-09 17:38:26 - INFO - epoch-75, train_loss-0.6950, train_rmse-0.8337, valid_rmse-1.2560, valid_pr-0.7414
2025-06-09 17:38:41 - INFO - epoch-76, train_loss-0.6751, train_rmse-0.8217, valid_rmse-1.3037, valid_pr-0.7261
2025-06-09 17:38:56 - INFO - epoch-77, train_loss-0.6598, train_rmse-0.8123, valid_rmse-1.3166, valid_pr-0.7186
2025-06-09 17:39:10 - INFO - epoch-78, train_loss-0.6529, train_rmse-0.8080, valid_rmse-1.2915, valid_pr-0.7385
2025-06-09 17:39:26 - INFO - epoch-79, train_loss-0.6388, train_rmse-0.7992, valid_rmse-1.2835, valid_pr-0.7265
2025-06-09 17:39:41 - INFO - epoch-80, train_loss-0.6298, train_rmse-0.7936, valid_rmse-1.3535, valid_pr-0.7172
2025-06-09 17:39:57 - INFO - epoch-81, train_loss-0.5939, train_rmse-0.7707, valid_rmse-1.2952, valid_pr-0.7295
2025-06-09 17:40:13 - INFO - epoch-82, train_loss-0.5981, train_rmse-0.7733, valid_rmse-1.2989, valid_pr-0.7224
2025-06-09 17:40:27 - INFO - epoch-83, train_loss-0.5839, train_rmse-0.7641, valid_rmse-1.2779, valid_pr-0.7315
2025-06-09 17:40:42 - INFO - epoch-84, train_loss-0.5630, train_rmse-0.7503, valid_rmse-1.2887, valid_pr-0.7281
2025-06-09 17:40:58 - INFO - epoch-85, train_loss-0.5751, train_rmse-0.7584, valid_rmse-1.2879, valid_pr-0.7281
2025-06-09 17:41:14 - INFO - epoch-86, train_loss-0.5420, train_rmse-0.7362, valid_rmse-1.3035, valid_pr-0.7304
2025-06-09 17:41:31 - INFO - epoch-87, train_loss-0.5525, train_rmse-0.7433, valid_rmse-1.3111, valid_pr-0.7404
2025-06-09 17:41:47 - INFO - epoch-88, train_loss-0.5373, train_rmse-0.7330, valid_rmse-1.2866, valid_pr-0.7423
2025-06-09 17:42:04 - INFO - epoch-89, train_loss-0.5331, train_rmse-0.7302, valid_rmse-1.2873, valid_pr-0.7386
2025-06-09 17:42:23 - INFO - epoch-90, train_loss-0.5228, train_rmse-0.7230, valid_rmse-1.2910, valid_pr-0.7370
2025-06-09 17:42:41 - INFO - epoch-91, train_loss-0.4997, train_rmse-0.7069, valid_rmse-1.3149, valid_pr-0.7263
2025-06-09 17:43:02 - INFO - epoch-92, train_loss-0.5041, train_rmse-0.7100, valid_rmse-1.2585, valid_pr-0.7429
2025-06-09 17:43:23 - INFO - epoch-93, train_loss-0.5120, train_rmse-0.7155, valid_rmse-1.3054, valid_pr-0.7378
2025-06-09 17:43:43 - INFO - epoch-94, train_loss-0.4917, train_rmse-0.7012, valid_rmse-1.2645, valid_pr-0.7445
2025-06-09 17:44:03 - INFO - epoch-95, train_loss-0.4793, train_rmse-0.6923, valid_rmse-1.2713, valid_pr-0.7403
2025-06-09 17:44:13 - INFO - epoch-96, train_loss-0.4832, train_rmse-0.6951, valid_rmse-1.2940, valid_pr-0.7422
2025-06-09 17:44:19 - INFO - epoch-97, train_loss-0.4808, train_rmse-0.6934, valid_rmse-1.2902, valid_pr-0.7267
2025-06-09 17:44:25 - INFO - epoch-98, train_loss-0.4788, train_rmse-0.6920, valid_rmse-1.2672, valid_pr-0.7400
2025-06-09 17:44:31 - INFO - epoch-99, train_loss-0.4550, train_rmse-0.6745, valid_rmse-1.3005, valid_pr-0.7169
2025-06-09 17:44:37 - INFO - epoch-100, train_loss-0.4734, train_rmse-0.6880, valid_rmse-1.2567, valid_pr-0.7448
2025-06-09 17:44:43 - INFO - epoch-101, train_loss-0.4568, train_rmse-0.6758, valid_rmse-1.2759, valid_pr-0.7361
2025-06-09 17:44:49 - INFO - epoch-102, train_loss-0.4471, train_rmse-0.6687, valid_rmse-1.3199, valid_pr-0.7182
2025-06-09 17:44:56 - INFO - epoch-103, train_loss-0.4348, train_rmse-0.6594, valid_rmse-1.3105, valid_pr-0.7295
2025-06-09 17:45:02 - INFO - epoch-104, train_loss-0.4536, train_rmse-0.6735, valid_rmse-1.2768, valid_pr-0.7368
2025-06-09 17:45:08 - INFO - epoch-105, train_loss-0.4346, train_rmse-0.6592, valid_rmse-1.2823, valid_pr-0.7370
2025-06-09 17:45:14 - INFO - epoch-106, train_loss-0.4224, train_rmse-0.6499, valid_rmse-1.2847, valid_pr-0.7389
2025-06-09 17:45:20 - INFO - epoch-107, train_loss-0.4156, train_rmse-0.6446, valid_rmse-1.2380, valid_pr-0.7511
2025-06-09 17:45:26 - INFO - epoch-108, train_loss-0.4165, train_rmse-0.6454, valid_rmse-1.3117, valid_pr-0.7475
2025-06-09 17:45:32 - INFO - epoch-109, train_loss-0.4089, train_rmse-0.6394, valid_rmse-1.2543, valid_pr-0.7413
2025-06-09 17:45:38 - INFO - epoch-110, train_loss-0.4084, train_rmse-0.6391, valid_rmse-1.2676, valid_pr-0.7336
2025-06-09 17:45:44 - INFO - epoch-111, train_loss-0.3980, train_rmse-0.6309, valid_rmse-1.2711, valid_pr-0.7358
2025-06-09 17:45:50 - INFO - epoch-112, train_loss-0.4019, train_rmse-0.6339, valid_rmse-1.2619, valid_pr-0.7458
2025-06-09 17:45:56 - INFO - epoch-113, train_loss-0.3965, train_rmse-0.6297, valid_rmse-1.3079, valid_pr-0.7337
2025-06-09 17:46:02 - INFO - epoch-114, train_loss-0.3925, train_rmse-0.6265, valid_rmse-1.2886, valid_pr-0.7325
2025-06-09 17:46:09 - INFO - epoch-115, train_loss-0.3958, train_rmse-0.6292, valid_rmse-1.2760, valid_pr-0.7385
2025-06-09 17:46:15 - INFO - epoch-116, train_loss-0.3784, train_rmse-0.6151, valid_rmse-1.2838, valid_pr-0.7363
2025-06-09 17:46:21 - INFO - epoch-117, train_loss-0.3660, train_rmse-0.6050, valid_rmse-1.2522, valid_pr-0.7449
2025-06-09 17:46:27 - INFO - epoch-118, train_loss-0.3698, train_rmse-0.6081, valid_rmse-1.2956, valid_pr-0.7319
2025-06-09 17:46:35 - INFO - epoch-119, train_loss-0.3665, train_rmse-0.6054, valid_rmse-1.2444, valid_pr-0.7478
2025-06-09 17:46:42 - INFO - epoch-120, train_loss-0.3629, train_rmse-0.6024, valid_rmse-1.2873, valid_pr-0.7279
2025-06-09 17:46:48 - INFO - epoch-121, train_loss-0.3686, train_rmse-0.6071, valid_rmse-1.2784, valid_pr-0.7333
2025-06-09 17:46:55 - INFO - epoch-122, train_loss-0.3584, train_rmse-0.5987, valid_rmse-1.2768, valid_pr-0.7366
2025-06-09 17:47:01 - INFO - epoch-123, train_loss-0.3513, train_rmse-0.5927, valid_rmse-1.2797, valid_pr-0.7355
2025-06-09 17:47:08 - INFO - epoch-124, train_loss-0.3505, train_rmse-0.5920, valid_rmse-1.2881, valid_pr-0.7304
2025-06-09 17:47:14 - INFO - epoch-125, train_loss-0.3432, train_rmse-0.5858, valid_rmse-1.2459, valid_pr-0.7480
2025-06-09 17:47:21 - INFO - epoch-126, train_loss-0.3656, train_rmse-0.6046, valid_rmse-1.2479, valid_pr-0.7459
2025-06-09 17:47:27 - INFO - epoch-127, train_loss-0.3403, train_rmse-0.5834, valid_rmse-1.2547, valid_pr-0.7434
2025-06-09 17:47:34 - INFO - epoch-128, train_loss-0.3389, train_rmse-0.5821, valid_rmse-1.2747, valid_pr-0.7370
2025-06-09 17:47:40 - INFO - epoch-129, train_loss-0.3308, train_rmse-0.5752, valid_rmse-1.2732, valid_pr-0.7364
2025-06-09 17:47:46 - INFO - epoch-130, train_loss-0.3221, train_rmse-0.5676, valid_rmse-1.2763, valid_pr-0.7346
2025-06-09 17:47:53 - INFO - epoch-131, train_loss-0.3275, train_rmse-0.5722, valid_rmse-1.2576, valid_pr-0.7407
2025-06-09 17:47:59 - INFO - epoch-132, train_loss-0.3190, train_rmse-0.5648, valid_rmse-1.2371, valid_pr-0.7528
2025-06-09 17:48:05 - INFO - epoch-133, train_loss-0.3180, train_rmse-0.5639, valid_rmse-1.2562, valid_pr-0.7458
2025-06-09 17:48:12 - INFO - epoch-134, train_loss-0.3151, train_rmse-0.5614, valid_rmse-1.2802, valid_pr-0.7385
2025-06-09 17:48:18 - INFO - epoch-135, train_loss-0.3219, train_rmse-0.5673, valid_rmse-1.3005, valid_pr-0.7189
2025-06-09 17:48:24 - INFO - epoch-136, train_loss-0.3128, train_rmse-0.5593, valid_rmse-1.2466, valid_pr-0.7446
2025-06-09 17:48:31 - INFO - epoch-137, train_loss-0.3138, train_rmse-0.5602, valid_rmse-1.2833, valid_pr-0.7440
2025-06-09 17:48:37 - INFO - epoch-138, train_loss-0.3068, train_rmse-0.5539, valid_rmse-1.2437, valid_pr-0.7473
2025-06-09 17:48:43 - INFO - epoch-139, train_loss-0.3000, train_rmse-0.5478, valid_rmse-1.2631, valid_pr-0.7370
2025-06-09 17:48:49 - INFO - epoch-140, train_loss-0.3003, train_rmse-0.5480, valid_rmse-1.2613, valid_pr-0.7434
2025-06-09 17:48:55 - INFO - epoch-141, train_loss-0.3262, train_rmse-0.5712, valid_rmse-1.2754, valid_pr-0.7449
2025-06-09 17:49:02 - INFO - epoch-142, train_loss-0.3052, train_rmse-0.5525, valid_rmse-1.2520, valid_pr-0.7548
2025-06-09 17:49:08 - INFO - epoch-143, train_loss-0.3072, train_rmse-0.5542, valid_rmse-1.2615, valid_pr-0.7417
2025-06-09 17:49:14 - INFO - epoch-144, train_loss-0.3007, train_rmse-0.5484, valid_rmse-1.2502, valid_pr-0.7466
2025-06-09 17:49:20 - INFO - epoch-145, train_loss-0.2898, train_rmse-0.5383, valid_rmse-1.2645, valid_pr-0.7520
2025-06-09 17:49:26 - INFO - epoch-146, train_loss-0.2880, train_rmse-0.5367, valid_rmse-1.2473, valid_pr-0.7445
2025-06-09 17:49:32 - INFO - epoch-147, train_loss-0.2878, train_rmse-0.5365, valid_rmse-1.2548, valid_pr-0.7439
2025-06-09 17:49:38 - INFO - epoch-148, train_loss-0.2871, train_rmse-0.5358, valid_rmse-1.2637, valid_pr-0.7382
2025-06-09 17:49:45 - INFO - epoch-149, train_loss-0.2875, train_rmse-0.5362, valid_rmse-1.2527, valid_pr-0.7502
2025-06-09 17:49:51 - INFO - epoch-150, train_loss-0.2985, train_rmse-0.5464, valid_rmse-1.2466, valid_pr-0.7444
2025-06-09 17:49:57 - INFO - epoch-151, train_loss-0.2795, train_rmse-0.5287, valid_rmse-1.2740, valid_pr-0.7357
2025-06-09 17:50:04 - INFO - epoch-152, train_loss-0.2763, train_rmse-0.5257, valid_rmse-1.2419, valid_pr-0.7487
2025-06-09 17:50:10 - INFO - epoch-153, train_loss-0.2813, train_rmse-0.5304, valid_rmse-1.2455, valid_pr-0.7475
2025-06-09 17:50:16 - INFO - epoch-154, train_loss-0.2985, train_rmse-0.5463, valid_rmse-1.2661, valid_pr-0.7484
2025-06-09 17:50:22 - INFO - epoch-155, train_loss-0.2902, train_rmse-0.5387, valid_rmse-1.2593, valid_pr-0.7411
2025-06-09 17:50:28 - INFO - epoch-156, train_loss-0.2794, train_rmse-0.5286, valid_rmse-1.2613, valid_pr-0.7373
2025-06-09 17:50:34 - INFO - epoch-157, train_loss-0.2731, train_rmse-0.5226, valid_rmse-1.2691, valid_pr-0.7513
2025-06-09 17:50:41 - INFO - epoch-158, train_loss-0.2735, train_rmse-0.5229, valid_rmse-1.2528, valid_pr-0.7438
2025-06-09 17:50:47 - INFO - epoch-159, train_loss-0.2757, train_rmse-0.5251, valid_rmse-1.2324, valid_pr-0.7556
2025-06-09 17:50:53 - INFO - epoch-160, train_loss-0.2597, train_rmse-0.5096, valid_rmse-1.2398, valid_pr-0.7506
2025-06-09 17:50:59 - INFO - epoch-161, train_loss-0.2560, train_rmse-0.5060, valid_rmse-1.2772, valid_pr-0.7415
2025-06-09 17:51:06 - INFO - epoch-162, train_loss-0.2634, train_rmse-0.5132, valid_rmse-1.2396, valid_pr-0.7517
2025-06-09 17:51:12 - INFO - epoch-163, train_loss-0.2521, train_rmse-0.5021, valid_rmse-1.2544, valid_pr-0.7390
2025-06-09 17:51:18 - INFO - epoch-164, train_loss-0.2674, train_rmse-0.5171, valid_rmse-1.2735, valid_pr-0.7463
2025-06-09 17:51:24 - INFO - epoch-165, train_loss-0.2534, train_rmse-0.5034, valid_rmse-1.2444, valid_pr-0.7436
2025-06-09 17:51:31 - INFO - epoch-166, train_loss-0.2564, train_rmse-0.5064, valid_rmse-1.2663, valid_pr-0.7414
2025-06-09 17:51:37 - INFO - epoch-167, train_loss-0.2553, train_rmse-0.5053, valid_rmse-1.2514, valid_pr-0.7451
2025-06-09 17:51:43 - INFO - epoch-168, train_loss-0.2634, train_rmse-0.5133, valid_rmse-1.2538, valid_pr-0.7448
2025-06-09 17:51:49 - INFO - epoch-169, train_loss-0.2460, train_rmse-0.4960, valid_rmse-1.2420, valid_pr-0.7550
2025-06-09 17:51:56 - INFO - epoch-170, train_loss-0.2565, train_rmse-0.5065, valid_rmse-1.2387, valid_pr-0.7525
2025-06-09 17:52:02 - INFO - epoch-171, train_loss-0.2529, train_rmse-0.5029, valid_rmse-1.2255, valid_pr-0.7535
2025-06-09 17:52:08 - INFO - epoch-172, train_loss-0.2580, train_rmse-0.5079, valid_rmse-1.2749, valid_pr-0.7341
2025-06-09 17:52:15 - INFO - epoch-173, train_loss-0.2551, train_rmse-0.5051, valid_rmse-1.2711, valid_pr-0.7439
2025-06-09 17:52:21 - INFO - epoch-174, train_loss-0.2499, train_rmse-0.4999, valid_rmse-1.2465, valid_pr-0.7517
2025-06-09 17:52:27 - INFO - epoch-175, train_loss-0.2363, train_rmse-0.4861, valid_rmse-1.2395, valid_pr-0.7437
2025-06-09 17:52:33 - INFO - epoch-176, train_loss-0.2344, train_rmse-0.4841, valid_rmse-1.2771, valid_pr-0.7521
2025-06-09 17:52:40 - INFO - epoch-177, train_loss-0.2522, train_rmse-0.5022, valid_rmse-1.2624, valid_pr-0.7397
2025-06-09 17:52:46 - INFO - epoch-178, train_loss-0.2575, train_rmse-0.5075, valid_rmse-1.2410, valid_pr-0.7478
2025-06-09 17:52:52 - INFO - epoch-179, train_loss-0.2375, train_rmse-0.4873, valid_rmse-1.2568, valid_pr-0.7437
2025-06-09 17:52:58 - INFO - epoch-180, train_loss-0.2436, train_rmse-0.4936, valid_rmse-1.2453, valid_pr-0.7526
2025-06-09 17:53:05 - INFO - epoch-181, train_loss-0.2409, train_rmse-0.4908, valid_rmse-1.2567, valid_pr-0.7418
2025-06-09 17:53:11 - INFO - epoch-182, train_loss-0.2376, train_rmse-0.4874, valid_rmse-1.2357, valid_pr-0.7487
2025-06-09 17:53:17 - INFO - epoch-183, train_loss-0.2331, train_rmse-0.4828, valid_rmse-1.2391, valid_pr-0.7491
2025-06-09 17:53:23 - INFO - epoch-184, train_loss-0.2375, train_rmse-0.4873, valid_rmse-1.2469, valid_pr-0.7430
2025-06-09 17:53:29 - INFO - epoch-185, train_loss-0.2244, train_rmse-0.4737, valid_rmse-1.2748, valid_pr-0.7415
2025-06-09 17:53:36 - INFO - epoch-186, train_loss-0.2327, train_rmse-0.4824, valid_rmse-1.2637, valid_pr-0.7453
2025-06-09 17:53:42 - INFO - epoch-187, train_loss-0.2241, train_rmse-0.4734, valid_rmse-1.2650, valid_pr-0.7404
2025-06-09 17:53:48 - INFO - epoch-188, train_loss-0.2255, train_rmse-0.4748, valid_rmse-1.2265, valid_pr-0.7534
2025-06-09 17:53:55 - INFO - epoch-189, train_loss-0.2194, train_rmse-0.4684, valid_rmse-1.2154, valid_pr-0.7603
2025-06-09 17:54:01 - INFO - epoch-190, train_loss-0.2223, train_rmse-0.4715, valid_rmse-1.2238, valid_pr-0.7576
2025-06-09 17:54:07 - INFO - epoch-191, train_loss-0.2179, train_rmse-0.4668, valid_rmse-1.2164, valid_pr-0.7596
2025-06-09 17:54:14 - INFO - epoch-192, train_loss-0.2193, train_rmse-0.4683, valid_rmse-1.2220, valid_pr-0.7592
2025-06-09 17:54:20 - INFO - epoch-193, train_loss-0.2151, train_rmse-0.4638, valid_rmse-1.2628, valid_pr-0.7451
2025-06-09 17:54:26 - INFO - epoch-194, train_loss-0.2232, train_rmse-0.4724, valid_rmse-1.2313, valid_pr-0.7554
2025-06-09 17:54:33 - INFO - epoch-195, train_loss-0.2105, train_rmse-0.4588, valid_rmse-1.2236, valid_pr-0.7530
2025-06-09 17:54:39 - INFO - epoch-196, train_loss-0.2078, train_rmse-0.4559, valid_rmse-1.2234, valid_pr-0.7557
2025-06-09 17:54:45 - INFO - epoch-197, train_loss-0.2021, train_rmse-0.4496, valid_rmse-1.2377, valid_pr-0.7463
2025-06-09 17:54:51 - INFO - epoch-198, train_loss-0.2200, train_rmse-0.4691, valid_rmse-1.2631, valid_pr-0.7449
2025-06-09 17:54:58 - INFO - epoch-199, train_loss-0.2249, train_rmse-0.4742, valid_rmse-1.2453, valid_pr-0.7504
2025-06-09 17:55:04 - INFO - epoch-200, train_loss-0.2142, train_rmse-0.4629, valid_rmse-1.2240, valid_pr-0.7508
2025-06-09 17:55:10 - INFO - epoch-201, train_loss-0.2233, train_rmse-0.4725, valid_rmse-1.2471, valid_pr-0.7451
2025-06-09 17:55:16 - INFO - epoch-202, train_loss-0.2191, train_rmse-0.4681, valid_rmse-1.2900, valid_pr-0.7435
2025-06-09 17:55:23 - INFO - epoch-203, train_loss-0.2175, train_rmse-0.4664, valid_rmse-1.2532, valid_pr-0.7453
2025-06-09 17:55:29 - INFO - epoch-204, train_loss-0.2083, train_rmse-0.4564, valid_rmse-1.2483, valid_pr-0.7482
2025-06-09 17:55:35 - INFO - epoch-205, train_loss-0.2198, train_rmse-0.4689, valid_rmse-1.2338, valid_pr-0.7501
2025-06-09 17:55:42 - INFO - epoch-206, train_loss-0.2141, train_rmse-0.4627, valid_rmse-1.2607, valid_pr-0.7472
2025-06-09 17:55:48 - INFO - epoch-207, train_loss-0.2110, train_rmse-0.4594, valid_rmse-1.2347, valid_pr-0.7562
2025-06-09 17:55:54 - INFO - epoch-208, train_loss-0.1961, train_rmse-0.4429, valid_rmse-1.2289, valid_pr-0.7567
2025-06-09 17:56:01 - INFO - epoch-209, train_loss-0.2026, train_rmse-0.4501, valid_rmse-1.2409, valid_pr-0.7535
2025-06-09 17:56:07 - INFO - epoch-210, train_loss-0.2147, train_rmse-0.4634, valid_rmse-1.2278, valid_pr-0.7526
2025-06-09 17:56:14 - INFO - epoch-211, train_loss-0.2122, train_rmse-0.4607, valid_rmse-1.2332, valid_pr-0.7462
2025-06-09 17:56:20 - INFO - epoch-212, train_loss-0.2074, train_rmse-0.4554, valid_rmse-1.2454, valid_pr-0.7511
2025-06-09 17:56:26 - INFO - epoch-213, train_loss-0.1976, train_rmse-0.4445, valid_rmse-1.2442, valid_pr-0.7496
2025-06-09 17:56:33 - INFO - epoch-214, train_loss-0.2026, train_rmse-0.4502, valid_rmse-1.2547, valid_pr-0.7514
2025-06-09 17:56:39 - INFO - epoch-215, train_loss-0.2068, train_rmse-0.4548, valid_rmse-1.2246, valid_pr-0.7504
2025-06-09 17:56:45 - INFO - epoch-216, train_loss-0.2030, train_rmse-0.4505, valid_rmse-1.2234, valid_pr-0.7603
2025-06-09 17:56:52 - INFO - epoch-217, train_loss-0.1898, train_rmse-0.4356, valid_rmse-1.2281, valid_pr-0.7538
2025-06-09 17:56:58 - INFO - epoch-218, train_loss-0.2031, train_rmse-0.4507, valid_rmse-1.2490, valid_pr-0.7515
2025-06-09 17:57:05 - INFO - epoch-219, train_loss-0.1911, train_rmse-0.4372, valid_rmse-1.2449, valid_pr-0.7478
2025-06-09 17:57:11 - INFO - epoch-220, train_loss-0.1957, train_rmse-0.4424, valid_rmse-1.2097, valid_pr-0.7597
2025-06-09 17:57:18 - INFO - epoch-221, train_loss-0.2053, train_rmse-0.4531, valid_rmse-1.2418, valid_pr-0.7528
2025-06-09 17:57:24 - INFO - epoch-222, train_loss-0.1993, train_rmse-0.4465, valid_rmse-1.2212, valid_pr-0.7546
2025-06-09 17:57:31 - INFO - epoch-223, train_loss-0.1925, train_rmse-0.4388, valid_rmse-1.2633, valid_pr-0.7518
2025-06-09 17:57:37 - INFO - epoch-224, train_loss-0.1883, train_rmse-0.4340, valid_rmse-1.2326, valid_pr-0.7546
2025-06-09 17:57:44 - INFO - epoch-225, train_loss-0.1991, train_rmse-0.4462, valid_rmse-1.2515, valid_pr-0.7547
2025-06-09 17:57:50 - INFO - epoch-226, train_loss-0.1986, train_rmse-0.4457, valid_rmse-1.2366, valid_pr-0.7469
2025-06-09 17:57:57 - INFO - epoch-227, train_loss-0.2007, train_rmse-0.4480, valid_rmse-1.2308, valid_pr-0.7519
2025-06-09 17:58:03 - INFO - epoch-228, train_loss-0.1982, train_rmse-0.4451, valid_rmse-1.2335, valid_pr-0.7512
2025-06-09 17:58:10 - INFO - epoch-229, train_loss-0.1990, train_rmse-0.4461, valid_rmse-1.2287, valid_pr-0.7540
2025-06-09 17:58:16 - INFO - epoch-230, train_loss-0.1998, train_rmse-0.4470, valid_rmse-1.2383, valid_pr-0.7544
2025-06-09 17:58:22 - INFO - epoch-231, train_loss-0.1890, train_rmse-0.4348, valid_rmse-1.2593, valid_pr-0.7589
2025-06-09 17:58:28 - INFO - epoch-232, train_loss-0.1904, train_rmse-0.4363, valid_rmse-1.2291, valid_pr-0.7539
2025-06-09 17:58:35 - INFO - epoch-233, train_loss-0.1993, train_rmse-0.4464, valid_rmse-1.2264, valid_pr-0.7566
2025-06-09 17:58:41 - INFO - epoch-234, train_loss-0.1758, train_rmse-0.4193, valid_rmse-1.2504, valid_pr-0.7545
2025-06-09 17:58:47 - INFO - epoch-235, train_loss-0.1901, train_rmse-0.4360, valid_rmse-1.2222, valid_pr-0.7526
2025-06-09 17:58:54 - INFO - epoch-236, train_loss-0.1882, train_rmse-0.4338, valid_rmse-1.2620, valid_pr-0.7469
2025-06-09 17:59:00 - INFO - epoch-237, train_loss-0.1941, train_rmse-0.4406, valid_rmse-1.2251, valid_pr-0.7530
2025-06-09 17:59:06 - INFO - epoch-238, train_loss-0.1840, train_rmse-0.4289, valid_rmse-1.2273, valid_pr-0.7548
2025-06-09 17:59:12 - INFO - epoch-239, train_loss-0.1811, train_rmse-0.4256, valid_rmse-1.2060, valid_pr-0.7651
2025-06-09 17:59:18 - INFO - epoch-240, train_loss-0.1801, train_rmse-0.4243, valid_rmse-1.2325, valid_pr-0.7555
2025-06-09 17:59:25 - INFO - epoch-241, train_loss-0.1759, train_rmse-0.4194, valid_rmse-1.2303, valid_pr-0.7585
2025-06-09 17:59:31 - INFO - epoch-242, train_loss-0.1817, train_rmse-0.4263, valid_rmse-1.2384, valid_pr-0.7527
2025-06-09 17:59:37 - INFO - epoch-243, train_loss-0.1990, train_rmse-0.4460, valid_rmse-1.2022, valid_pr-0.7617
2025-06-09 17:59:43 - INFO - epoch-244, train_loss-0.1797, train_rmse-0.4239, valid_rmse-1.2262, valid_pr-0.7588
2025-06-09 17:59:50 - INFO - epoch-245, train_loss-0.1869, train_rmse-0.4323, valid_rmse-1.2190, valid_pr-0.7554
2025-06-09 17:59:56 - INFO - epoch-246, train_loss-0.1807, train_rmse-0.4251, valid_rmse-1.2478, valid_pr-0.7536
2025-06-09 18:00:02 - INFO - epoch-247, train_loss-0.1773, train_rmse-0.4210, valid_rmse-1.2448, valid_pr-0.7553
2025-06-09 18:00:08 - INFO - epoch-248, train_loss-0.1841, train_rmse-0.4290, valid_rmse-1.2427, valid_pr-0.7477
2025-06-09 18:00:14 - INFO - epoch-249, train_loss-0.1673, train_rmse-0.4090, valid_rmse-1.2454, valid_pr-0.7487
2025-06-09 18:00:21 - INFO - epoch-250, train_loss-0.1954, train_rmse-0.4421, valid_rmse-1.2393, valid_pr-0.7518
2025-06-09 18:00:27 - INFO - epoch-251, train_loss-0.1815, train_rmse-0.4261, valid_rmse-1.2362, valid_pr-0.7548
2025-06-09 18:00:33 - INFO - epoch-252, train_loss-0.1736, train_rmse-0.4166, valid_rmse-1.2286, valid_pr-0.7537
2025-06-09 18:00:40 - INFO - epoch-253, train_loss-0.1765, train_rmse-0.4202, valid_rmse-1.2483, valid_pr-0.7563
2025-06-09 18:00:46 - INFO - epoch-254, train_loss-0.1748, train_rmse-0.4181, valid_rmse-1.2316, valid_pr-0.7592
2025-06-09 18:00:52 - INFO - epoch-255, train_loss-0.1692, train_rmse-0.4113, valid_rmse-1.2385, valid_pr-0.7557
2025-06-09 18:00:58 - INFO - epoch-256, train_loss-0.1735, train_rmse-0.4166, valid_rmse-1.2301, valid_pr-0.7530
2025-06-09 18:01:04 - INFO - epoch-257, train_loss-0.1736, train_rmse-0.4167, valid_rmse-1.2429, valid_pr-0.7489
2025-06-09 18:01:11 - INFO - epoch-258, train_loss-0.1692, train_rmse-0.4114, valid_rmse-1.2369, valid_pr-0.7560
2025-06-09 18:01:17 - INFO - epoch-259, train_loss-0.1768, train_rmse-0.4205, valid_rmse-1.2190, valid_pr-0.7548
2025-06-09 18:01:23 - INFO - epoch-260, train_loss-0.1783, train_rmse-0.4222, valid_rmse-1.2324, valid_pr-0.7496
2025-06-09 18:01:29 - INFO - epoch-261, train_loss-0.1723, train_rmse-0.4151, valid_rmse-1.2433, valid_pr-0.7534
2025-06-09 18:01:36 - INFO - epoch-262, train_loss-0.1708, train_rmse-0.4133, valid_rmse-1.2334, valid_pr-0.7474
2025-06-09 18:01:42 - INFO - epoch-263, train_loss-0.1782, train_rmse-0.4221, valid_rmse-1.2323, valid_pr-0.7526
2025-06-09 18:01:48 - INFO - epoch-264, train_loss-0.1826, train_rmse-0.4273, valid_rmse-1.2397, valid_pr-0.7476
2025-06-09 18:01:55 - INFO - epoch-265, train_loss-0.1661, train_rmse-0.4076, valid_rmse-1.2365, valid_pr-0.7521
2025-06-09 18:02:01 - INFO - epoch-266, train_loss-0.1851, train_rmse-0.4302, valid_rmse-1.2604, valid_pr-0.7512
2025-06-09 18:02:07 - INFO - epoch-267, train_loss-0.1670, train_rmse-0.4086, valid_rmse-1.2424, valid_pr-0.7492
2025-06-09 18:02:13 - INFO - epoch-268, train_loss-0.1789, train_rmse-0.4230, valid_rmse-1.2257, valid_pr-0.7545
2025-06-09 18:02:20 - INFO - epoch-269, train_loss-0.1816, train_rmse-0.4261, valid_rmse-1.2230, valid_pr-0.7569
2025-06-09 18:02:26 - INFO - epoch-270, train_loss-0.1620, train_rmse-0.4025, valid_rmse-1.2236, valid_pr-0.7578
2025-06-09 18:02:32 - INFO - epoch-271, train_loss-0.1740, train_rmse-0.4172, valid_rmse-1.2538, valid_pr-0.7490
2025-06-09 18:02:38 - INFO - epoch-272, train_loss-0.1656, train_rmse-0.4070, valid_rmse-1.2208, valid_pr-0.7517
2025-06-09 18:02:45 - INFO - epoch-273, train_loss-0.1552, train_rmse-0.3939, valid_rmse-1.2116, valid_pr-0.7613
2025-06-09 18:02:51 - INFO - epoch-274, train_loss-0.1575, train_rmse-0.3969, valid_rmse-1.2331, valid_pr-0.7515
2025-06-09 18:02:57 - INFO - epoch-275, train_loss-0.1607, train_rmse-0.4009, valid_rmse-1.2327, valid_pr-0.7550
2025-06-09 18:03:03 - INFO - epoch-276, train_loss-0.1685, train_rmse-0.4104, valid_rmse-1.2234, valid_pr-0.7600
2025-06-09 18:03:09 - INFO - epoch-277, train_loss-0.1636, train_rmse-0.4044, valid_rmse-1.2188, valid_pr-0.7592
2025-06-09 18:03:15 - INFO - epoch-278, train_loss-0.1722, train_rmse-0.4149, valid_rmse-1.2416, valid_pr-0.7556
2025-06-09 18:03:22 - INFO - epoch-279, train_loss-0.1635, train_rmse-0.4043, valid_rmse-1.2157, valid_pr-0.7557
2025-06-09 18:03:28 - INFO - epoch-280, train_loss-0.1724, train_rmse-0.4152, valid_rmse-1.2296, valid_pr-0.7499
2025-06-09 18:03:34 - INFO - epoch-281, train_loss-0.1659, train_rmse-0.4073, valid_rmse-1.2200, valid_pr-0.7552
2025-06-09 18:03:40 - INFO - epoch-282, train_loss-0.1646, train_rmse-0.4057, valid_rmse-1.2285, valid_pr-0.7504
2025-06-09 18:03:46 - INFO - epoch-283, train_loss-0.1541, train_rmse-0.3926, valid_rmse-1.2295, valid_pr-0.7546
2025-06-09 18:03:52 - INFO - epoch-284, train_loss-0.1636, train_rmse-0.4045, valid_rmse-1.2460, valid_pr-0.7488
2025-06-09 18:03:59 - INFO - epoch-285, train_loss-0.1557, train_rmse-0.3946, valid_rmse-1.2418, valid_pr-0.7493
2025-06-09 18:04:05 - INFO - epoch-286, train_loss-0.1696, train_rmse-0.4118, valid_rmse-1.2250, valid_pr-0.7547
2025-06-09 18:04:11 - INFO - epoch-287, train_loss-0.1643, train_rmse-0.4053, valid_rmse-1.2288, valid_pr-0.7560
2025-06-09 18:04:17 - INFO - epoch-288, train_loss-0.1701, train_rmse-0.4124, valid_rmse-1.2189, valid_pr-0.7559
2025-06-09 18:04:24 - INFO - epoch-289, train_loss-0.1577, train_rmse-0.3972, valid_rmse-1.2457, valid_pr-0.7517
2025-06-09 18:04:30 - INFO - epoch-290, train_loss-0.1670, train_rmse-0.4086, valid_rmse-1.2219, valid_pr-0.7591
2025-06-09 18:04:36 - INFO - epoch-291, train_loss-0.1651, train_rmse-0.4063, valid_rmse-1.2472, valid_pr-0.7539
2025-06-09 18:04:42 - INFO - epoch-292, train_loss-0.1467, train_rmse-0.3830, valid_rmse-1.2510, valid_pr-0.7500
2025-06-09 18:04:48 - INFO - epoch-293, train_loss-0.1574, train_rmse-0.3967, valid_rmse-1.2238, valid_pr-0.7566
2025-06-09 18:04:54 - INFO - epoch-294, train_loss-0.1629, train_rmse-0.4036, valid_rmse-1.2202, valid_pr-0.7548
2025-06-09 18:05:01 - INFO - epoch-295, train_loss-0.1681, train_rmse-0.4101, valid_rmse-1.2120, valid_pr-0.7579
2025-06-09 18:05:07 - INFO - epoch-296, train_loss-0.1609, train_rmse-0.4012, valid_rmse-1.2479, valid_pr-0.7504
2025-06-09 18:05:13 - INFO - epoch-297, train_loss-0.1617, train_rmse-0.4021, valid_rmse-1.2246, valid_pr-0.7605
2025-06-09 18:05:19 - INFO - epoch-298, train_loss-0.1663, train_rmse-0.4078, valid_rmse-1.2450, valid_pr-0.7524
2025-06-09 18:05:26 - INFO - epoch-299, train_loss-0.1535, train_rmse-0.3918, valid_rmse-1.2433, valid_pr-0.7513
2025-06-09 18:05:32 - INFO - epoch-300, train_loss-0.1600, train_rmse-0.4000, valid_rmse-1.2308, valid_pr-0.7585
2025-06-09 18:05:38 - INFO - epoch-301, train_loss-0.1694, train_rmse-0.4116, valid_rmse-1.2262, valid_pr-0.7592
2025-06-09 18:05:45 - INFO - epoch-302, train_loss-0.1567, train_rmse-0.3958, valid_rmse-1.2395, valid_pr-0.7434
2025-06-09 18:05:51 - INFO - epoch-303, train_loss-0.1575, train_rmse-0.3969, valid_rmse-1.2710, valid_pr-0.7429
2025-06-09 18:05:57 - INFO - epoch-304, train_loss-0.1645, train_rmse-0.4055, valid_rmse-1.2621, valid_pr-0.7457
2025-06-09 18:06:03 - INFO - epoch-305, train_loss-0.1577, train_rmse-0.3972, valid_rmse-1.2270, valid_pr-0.7601
2025-06-09 18:06:09 - INFO - epoch-306, train_loss-0.1486, train_rmse-0.3854, valid_rmse-1.2315, valid_pr-0.7504
2025-06-09 18:06:15 - INFO - epoch-307, train_loss-0.1588, train_rmse-0.3985, valid_rmse-1.2367, valid_pr-0.7565
2025-06-09 18:06:21 - INFO - epoch-308, train_loss-0.1475, train_rmse-0.3840, valid_rmse-1.2471, valid_pr-0.7515
2025-06-09 18:06:27 - INFO - epoch-309, train_loss-0.1532, train_rmse-0.3914, valid_rmse-1.2415, valid_pr-0.7488
2025-06-09 18:06:34 - INFO - epoch-310, train_loss-0.1692, train_rmse-0.4114, valid_rmse-1.2480, valid_pr-0.7574
2025-06-09 18:06:40 - INFO - epoch-311, train_loss-0.1490, train_rmse-0.3860, valid_rmse-1.2371, valid_pr-0.7542
2025-06-09 18:06:47 - INFO - epoch-312, train_loss-0.1439, train_rmse-0.3793, valid_rmse-1.2160, valid_pr-0.7579
2025-06-09 18:06:53 - INFO - epoch-313, train_loss-0.1459, train_rmse-0.3819, valid_rmse-1.2079, valid_pr-0.7585
2025-06-09 18:06:59 - INFO - epoch-314, train_loss-0.1541, train_rmse-0.3926, valid_rmse-1.2177, valid_pr-0.7534
2025-06-09 18:07:06 - INFO - epoch-315, train_loss-0.1567, train_rmse-0.3958, valid_rmse-1.2018, valid_pr-0.7619
2025-06-09 18:07:12 - INFO - epoch-316, train_loss-0.1580, train_rmse-0.3975, valid_rmse-1.2125, valid_pr-0.7614
2025-06-09 18:07:19 - INFO - epoch-317, train_loss-0.1554, train_rmse-0.3942, valid_rmse-1.2239, valid_pr-0.7530
2025-06-09 18:07:25 - INFO - epoch-318, train_loss-0.1431, train_rmse-0.3783, valid_rmse-1.2365, valid_pr-0.7590
2025-06-09 18:07:32 - INFO - epoch-319, train_loss-0.1485, train_rmse-0.3854, valid_rmse-1.2188, valid_pr-0.7597
2025-06-09 18:07:38 - INFO - epoch-320, train_loss-0.1631, train_rmse-0.4039, valid_rmse-1.2275, valid_pr-0.7610
2025-06-09 18:07:44 - INFO - epoch-321, train_loss-0.1471, train_rmse-0.3835, valid_rmse-1.2444, valid_pr-0.7517
2025-06-09 18:07:51 - INFO - epoch-322, train_loss-0.1500, train_rmse-0.3873, valid_rmse-1.2240, valid_pr-0.7585
2025-06-09 18:07:57 - INFO - epoch-323, train_loss-0.1478, train_rmse-0.3844, valid_rmse-1.2432, valid_pr-0.7471
2025-06-09 18:08:03 - INFO - epoch-324, train_loss-0.1561, train_rmse-0.3950, valid_rmse-1.2188, valid_pr-0.7553
2025-06-09 18:08:10 - INFO - epoch-325, train_loss-0.1550, train_rmse-0.3937, valid_rmse-1.2346, valid_pr-0.7558
2025-06-09 18:08:16 - INFO - epoch-326, train_loss-0.1450, train_rmse-0.3808, valid_rmse-1.2242, valid_pr-0.7586
2025-06-09 18:08:22 - INFO - epoch-327, train_loss-0.1387, train_rmse-0.3724, valid_rmse-1.2120, valid_pr-0.7567
2025-06-09 18:08:29 - INFO - epoch-328, train_loss-0.1486, train_rmse-0.3855, valid_rmse-1.2131, valid_pr-0.7543
2025-06-09 18:08:35 - INFO - epoch-329, train_loss-0.1492, train_rmse-0.3863, valid_rmse-1.2568, valid_pr-0.7491
2025-06-09 18:08:41 - INFO - epoch-330, train_loss-0.1442, train_rmse-0.3798, valid_rmse-1.2371, valid_pr-0.7473
2025-06-09 18:08:47 - INFO - epoch-331, train_loss-0.1404, train_rmse-0.3747, valid_rmse-1.2269, valid_pr-0.7570
2025-06-09 18:08:54 - INFO - epoch-332, train_loss-0.1523, train_rmse-0.3903, valid_rmse-1.2352, valid_pr-0.7574
2025-06-09 18:09:00 - INFO - epoch-333, train_loss-0.1510, train_rmse-0.3886, valid_rmse-1.2242, valid_pr-0.7583
2025-06-09 18:09:06 - INFO - epoch-334, train_loss-0.1466, train_rmse-0.3828, valid_rmse-1.2187, valid_pr-0.7560
2025-06-09 18:09:12 - INFO - epoch-335, train_loss-0.1367, train_rmse-0.3698, valid_rmse-1.2281, valid_pr-0.7563
2025-06-09 18:09:19 - INFO - epoch-336, train_loss-0.1432, train_rmse-0.3784, valid_rmse-1.2142, valid_pr-0.7571
2025-06-09 18:09:25 - INFO - epoch-337, train_loss-0.1508, train_rmse-0.3883, valid_rmse-1.2156, valid_pr-0.7593
2025-06-09 18:09:31 - INFO - epoch-338, train_loss-0.1369, train_rmse-0.3700, valid_rmse-1.2364, valid_pr-0.7510
2025-06-09 18:09:38 - INFO - epoch-339, train_loss-0.1484, train_rmse-0.3853, valid_rmse-1.2318, valid_pr-0.7520
2025-06-09 18:09:44 - INFO - epoch-340, train_loss-0.1539, train_rmse-0.3923, valid_rmse-1.2378, valid_pr-0.7610
2025-06-09 18:09:50 - INFO - epoch-341, train_loss-0.1511, train_rmse-0.3887, valid_rmse-1.2498, valid_pr-0.7504
2025-06-09 18:09:56 - INFO - epoch-342, train_loss-0.1512, train_rmse-0.3889, valid_rmse-1.2133, valid_pr-0.7561
2025-06-09 18:10:03 - INFO - epoch-343, train_loss-0.1388, train_rmse-0.3726, valid_rmse-1.2451, valid_pr-0.7500
2025-06-09 18:10:09 - INFO - epoch-344, train_loss-0.1474, train_rmse-0.3840, valid_rmse-1.2361, valid_pr-0.7564
2025-06-09 18:10:15 - INFO - epoch-345, train_loss-0.1418, train_rmse-0.3765, valid_rmse-1.2213, valid_pr-0.7543
2025-06-09 18:10:21 - INFO - epoch-346, train_loss-0.1478, train_rmse-0.3844, valid_rmse-1.2403, valid_pr-0.7525
2025-06-09 18:10:28 - INFO - epoch-347, train_loss-0.1470, train_rmse-0.3835, valid_rmse-1.2122, valid_pr-0.7562
2025-06-09 18:10:34 - INFO - epoch-348, train_loss-0.1502, train_rmse-0.3875, valid_rmse-1.2174, valid_pr-0.7564
2025-06-09 18:10:40 - INFO - epoch-349, train_loss-0.1479, train_rmse-0.3846, valid_rmse-1.2283, valid_pr-0.7530
2025-06-09 18:10:46 - INFO - epoch-350, train_loss-0.1451, train_rmse-0.3809, valid_rmse-1.2294, valid_pr-0.7562
2025-06-09 18:10:52 - INFO - epoch-351, train_loss-0.1464, train_rmse-0.3826, valid_rmse-1.2356, valid_pr-0.7543
2025-06-09 18:10:59 - INFO - epoch-352, train_loss-0.1361, train_rmse-0.3689, valid_rmse-1.2331, valid_pr-0.7542
2025-06-09 18:11:05 - INFO - epoch-353, train_loss-0.1378, train_rmse-0.3712, valid_rmse-1.2058, valid_pr-0.7610
2025-06-09 18:11:11 - INFO - epoch-354, train_loss-0.1404, train_rmse-0.3747, valid_rmse-1.2524, valid_pr-0.7440
2025-06-09 18:11:17 - INFO - epoch-355, train_loss-0.1460, train_rmse-0.3821, valid_rmse-1.2500, valid_pr-0.7549
2025-06-09 18:11:24 - INFO - epoch-356, train_loss-0.1346, train_rmse-0.3669, valid_rmse-1.2403, valid_pr-0.7488
2025-06-09 18:11:30 - INFO - epoch-357, train_loss-0.1373, train_rmse-0.3706, valid_rmse-1.2207, valid_pr-0.7580
2025-06-09 18:11:36 - INFO - epoch-358, train_loss-0.1382, train_rmse-0.3718, valid_rmse-1.2360, valid_pr-0.7504
2025-06-09 18:11:42 - INFO - epoch-359, train_loss-0.1419, train_rmse-0.3767, valid_rmse-1.2483, valid_pr-0.7483
2025-06-09 18:11:49 - INFO - epoch-360, train_loss-0.1341, train_rmse-0.3661, valid_rmse-1.2262, valid_pr-0.7568
2025-06-09 18:11:55 - INFO - epoch-361, train_loss-0.1367, train_rmse-0.3697, valid_rmse-1.2351, valid_pr-0.7500
2025-06-09 18:12:01 - INFO - epoch-362, train_loss-0.1340, train_rmse-0.3660, valid_rmse-1.2413, valid_pr-0.7501
2025-06-09 18:12:07 - INFO - epoch-363, train_loss-0.1266, train_rmse-0.3558, valid_rmse-1.2209, valid_pr-0.7563
2025-06-09 18:12:14 - INFO - epoch-364, train_loss-0.1387, train_rmse-0.3725, valid_rmse-1.2578, valid_pr-0.7426
2025-06-09 18:12:20 - INFO - epoch-365, train_loss-0.1417, train_rmse-0.3764, valid_rmse-1.2529, valid_pr-0.7470
2025-06-09 18:12:26 - INFO - epoch-366, train_loss-0.1480, train_rmse-0.3847, valid_rmse-1.2462, valid_pr-0.7534
2025-06-09 18:12:32 - INFO - epoch-367, train_loss-0.1474, train_rmse-0.3839, valid_rmse-1.2212, valid_pr-0.7547
2025-06-09 18:12:39 - INFO - epoch-368, train_loss-0.1438, train_rmse-0.3792, valid_rmse-1.2425, valid_pr-0.7479
2025-06-09 18:12:45 - INFO - epoch-369, train_loss-0.1392, train_rmse-0.3731, valid_rmse-1.2397, valid_pr-0.7489
2025-06-09 18:12:51 - INFO - epoch-370, train_loss-0.1396, train_rmse-0.3736, valid_rmse-1.2269, valid_pr-0.7514
2025-06-09 18:12:57 - INFO - epoch-371, train_loss-0.1299, train_rmse-0.3604, valid_rmse-1.2303, valid_pr-0.7519
2025-06-09 18:13:04 - INFO - epoch-372, train_loss-0.1345, train_rmse-0.3668, valid_rmse-1.2270, valid_pr-0.7524
2025-06-09 18:13:10 - INFO - epoch-373, train_loss-0.1294, train_rmse-0.3597, valid_rmse-1.2765, valid_pr-0.7478
2025-06-09 18:13:16 - INFO - epoch-374, train_loss-0.1267, train_rmse-0.3560, valid_rmse-1.2111, valid_pr-0.7577
2025-06-09 18:13:22 - INFO - epoch-375, train_loss-0.1365, train_rmse-0.3694, valid_rmse-1.2491, valid_pr-0.7421
2025-06-09 18:13:29 - INFO - epoch-376, train_loss-0.1327, train_rmse-0.3643, valid_rmse-1.2447, valid_pr-0.7569
2025-06-09 18:13:35 - INFO - epoch-377, train_loss-0.1360, train_rmse-0.3688, valid_rmse-1.2226, valid_pr-0.7553
2025-06-09 18:13:41 - INFO - epoch-378, train_loss-0.1371, train_rmse-0.3702, valid_rmse-1.2319, valid_pr-0.7573
2025-06-09 18:13:47 - INFO - epoch-379, train_loss-0.1359, train_rmse-0.3686, valid_rmse-1.2266, valid_pr-0.7607
2025-06-09 18:13:53 - INFO - epoch-380, train_loss-0.1423, train_rmse-0.3772, valid_rmse-1.2353, valid_pr-0.7529
2025-06-09 18:14:00 - INFO - epoch-381, train_loss-0.1356, train_rmse-0.3682, valid_rmse-1.2259, valid_pr-0.7537
2025-06-09 18:14:06 - INFO - epoch-382, train_loss-0.1393, train_rmse-0.3732, valid_rmse-1.2569, valid_pr-0.7542
2025-06-09 18:14:12 - INFO - epoch-383, train_loss-0.1366, train_rmse-0.3696, valid_rmse-1.2436, valid_pr-0.7552
2025-06-09 18:14:19 - INFO - epoch-384, train_loss-0.1325, train_rmse-0.3640, valid_rmse-1.2469, valid_pr-0.7540
2025-06-09 18:14:25 - INFO - epoch-385, train_loss-0.1335, train_rmse-0.3654, valid_rmse-1.2489, valid_pr-0.7532
2025-06-09 18:14:31 - INFO - epoch-386, train_loss-0.1392, train_rmse-0.3731, valid_rmse-1.2271, valid_pr-0.7574
2025-06-09 18:14:37 - INFO - epoch-387, train_loss-0.1247, train_rmse-0.3531, valid_rmse-1.2356, valid_pr-0.7542
2025-06-09 18:14:44 - INFO - epoch-388, train_loss-0.1310, train_rmse-0.3620, valid_rmse-1.2249, valid_pr-0.7574
2025-06-09 18:14:50 - INFO - epoch-389, train_loss-0.1304, train_rmse-0.3611, valid_rmse-1.2239, valid_pr-0.7562
2025-06-09 18:14:56 - INFO - epoch-390, train_loss-0.1270, train_rmse-0.3563, valid_rmse-1.2360, valid_pr-0.7565
2025-06-09 18:15:03 - INFO - epoch-391, train_loss-0.1217, train_rmse-0.3489, valid_rmse-1.2318, valid_pr-0.7564
2025-06-09 18:15:09 - INFO - epoch-392, train_loss-0.1389, train_rmse-0.3727, valid_rmse-1.2359, valid_pr-0.7614
2025-06-09 18:15:15 - INFO - epoch-393, train_loss-0.1250, train_rmse-0.3536, valid_rmse-1.2065, valid_pr-0.7632
2025-06-09 18:15:22 - INFO - epoch-394, train_loss-0.1389, train_rmse-0.3726, valid_rmse-1.2214, valid_pr-0.7579
2025-06-09 18:15:28 - INFO - epoch-395, train_loss-0.1263, train_rmse-0.3554, valid_rmse-1.2134, valid_pr-0.7573
2025-06-09 18:15:34 - INFO - epoch-396, train_loss-0.1337, train_rmse-0.3657, valid_rmse-1.2407, valid_pr-0.7521
2025-06-09 18:15:41 - INFO - epoch-397, train_loss-0.1363, train_rmse-0.3692, valid_rmse-1.2262, valid_pr-0.7547
2025-06-09 18:15:47 - INFO - epoch-398, train_loss-0.1331, train_rmse-0.3649, valid_rmse-1.2383, valid_pr-0.7539
2025-06-09 18:15:54 - INFO - epoch-399, train_loss-0.1303, train_rmse-0.3610, valid_rmse-1.2376, valid_pr-0.7498
2025-06-09 18:16:00 - INFO - epoch-400, train_loss-0.1433, train_rmse-0.3786, valid_rmse-1.2233, valid_pr-0.7577
2025-06-09 18:16:07 - INFO - epoch-401, train_loss-0.1348, train_rmse-0.3672, valid_rmse-1.2349, valid_pr-0.7572
2025-06-09 18:16:13 - INFO - epoch-402, train_loss-0.1226, train_rmse-0.3501, valid_rmse-1.2571, valid_pr-0.7492
2025-06-09 18:16:19 - INFO - epoch-403, train_loss-0.1253, train_rmse-0.3540, valid_rmse-1.2232, valid_pr-0.7562
2025-06-09 18:16:25 - INFO - epoch-404, train_loss-0.1220, train_rmse-0.3493, valid_rmse-1.2337, valid_pr-0.7514
2025-06-09 18:16:32 - INFO - epoch-405, train_loss-0.1312, train_rmse-0.3622, valid_rmse-1.2291, valid_pr-0.7569
2025-06-09 18:16:38 - INFO - epoch-406, train_loss-0.1263, train_rmse-0.3554, valid_rmse-1.2302, valid_pr-0.7544
2025-06-09 18:16:44 - INFO - epoch-407, train_loss-0.1225, train_rmse-0.3500, valid_rmse-1.2466, valid_pr-0.7530
2025-06-09 18:16:51 - INFO - epoch-408, train_loss-0.1226, train_rmse-0.3502, valid_rmse-1.2338, valid_pr-0.7505
2025-06-09 18:16:57 - INFO - epoch-409, train_loss-0.1258, train_rmse-0.3546, valid_rmse-1.2412, valid_pr-0.7518
2025-06-09 18:17:03 - INFO - epoch-410, train_loss-0.1327, train_rmse-0.3643, valid_rmse-1.2366, valid_pr-0.7518
2025-06-09 18:17:10 - INFO - epoch-411, train_loss-0.1290, train_rmse-0.3592, valid_rmse-1.2432, valid_pr-0.7506
2025-06-09 18:17:16 - INFO - epoch-412, train_loss-0.1275, train_rmse-0.3571, valid_rmse-1.2237, valid_pr-0.7566
2025-06-09 18:17:23 - INFO - epoch-413, train_loss-0.1323, train_rmse-0.3637, valid_rmse-1.2471, valid_pr-0.7551
2025-06-09 18:17:29 - INFO - epoch-414, train_loss-0.1394, train_rmse-0.3734, valid_rmse-1.2322, valid_pr-0.7536
2025-06-09 18:17:36 - INFO - epoch-415, train_loss-0.1151, train_rmse-0.3392, valid_rmse-1.2466, valid_pr-0.7500
2025-06-09 18:17:42 - INFO - epoch-416, train_loss-0.1240, train_rmse-0.3521, valid_rmse-1.2351, valid_pr-0.7527
2025-06-09 18:17:42 - INFO - early stop in epoch 416
2025-06-09 18:17:42 - INFO - best_rmse: 1.2018
2025-06-09 18:17:46 - INFO - valid_rmse-1.2018, valid_pr-0.7619, test2013_rmse-1.5088, test2013_pr-0.7760, test2016_rmse-1.2819, test2016_pr-0.8142, test2019_rmse-1.4100, test2019_pr-0.6301,
