2025-06-09 10:49:08 - INFO - train_SchNet.py
2025-06-09 10:49:08 - INFO - train data: 11904
2025-06-09 10:49:08 - INFO - valid data: 1000
2025-06-09 10:49:08 - INFO - test2013 data: 107
2025-06-09 10:49:08 - INFO - test2016 data: 285
2025-06-09 10:49:08 - INFO - test2019 data: 4366
2025-06-09 10:49:20 - INFO - epoch-0, train_loss-40.3113, train_rmse-6.3491, valid_rmse-6.6507, valid_pr-0.4906
2025-06-09 10:49:29 - INFO - epoch-1, train_loss-30.5853, train_rmse-5.5304, valid_rmse-4.9418, valid_pr-0.5316
2025-06-09 10:49:38 - INFO - epoch-2, train_loss-15.2574, train_rmse-3.9061, valid_rmse-3.2208, valid_pr-0.4681
2025-06-09 10:49:48 - INFO - epoch-3, train_loss-5.8407, train_rmse-2.4168, valid_rmse-1.6846, valid_pr-0.4429
2025-06-09 10:49:57 - INFO - epoch-4, train_loss-3.6452, train_rmse-1.9093, valid_rmse-1.7442, valid_pr-0.4972
2025-06-09 10:50:06 - INFO - epoch-5, train_loss-3.3606, train_rmse-1.8332, valid_rmse-1.5665, valid_pr-0.5377
2025-06-09 10:50:16 - INFO - epoch-6, train_loss-3.2389, train_rmse-1.7997, valid_rmse-1.7181, valid_pr-0.4891
2025-06-09 10:50:25 - INFO - epoch-7, train_loss-3.0942, train_rmse-1.7590, valid_rmse-1.5362, valid_pr-0.5635
2025-06-09 10:50:34 - INFO - epoch-8, train_loss-3.0482, train_rmse-1.7459, valid_rmse-1.5368, valid_pr-0.5554
2025-06-09 10:50:44 - INFO - epoch-9, train_loss-2.9795, train_rmse-1.7261, valid_rmse-1.5184, valid_pr-0.5735
2025-06-09 10:50:53 - INFO - epoch-10, train_loss-2.9100, train_rmse-1.7059, valid_rmse-1.5214, valid_pr-0.5751
2025-06-09 10:51:02 - INFO - epoch-11, train_loss-2.8642, train_rmse-1.6924, valid_rmse-1.4852, valid_pr-0.5970
2025-06-09 10:51:11 - INFO - epoch-12, train_loss-2.8355, train_rmse-1.6839, valid_rmse-1.4900, valid_pr-0.5952
2025-06-09 10:51:21 - INFO - epoch-13, train_loss-2.8032, train_rmse-1.6743, valid_rmse-1.5233, valid_pr-0.5895
2025-06-09 10:51:30 - INFO - epoch-14, train_loss-2.7456, train_rmse-1.6570, valid_rmse-1.5363, valid_pr-0.5759
2025-06-09 10:51:39 - INFO - epoch-15, train_loss-2.6918, train_rmse-1.6407, valid_rmse-1.4722, valid_pr-0.6050
2025-06-09 10:51:49 - INFO - epoch-16, train_loss-2.6374, train_rmse-1.6240, valid_rmse-1.4746, valid_pr-0.6121
2025-06-09 10:51:58 - INFO - epoch-17, train_loss-2.5963, train_rmse-1.6113, valid_rmse-1.5089, valid_pr-0.6161
2025-06-09 10:52:07 - INFO - epoch-18, train_loss-2.5134, train_rmse-1.5854, valid_rmse-1.5999, valid_pr-0.5876
2025-06-09 10:52:17 - INFO - epoch-19, train_loss-2.4755, train_rmse-1.5734, valid_rmse-1.4408, valid_pr-0.6288
2025-06-09 10:52:26 - INFO - epoch-20, train_loss-2.4505, train_rmse-1.5654, valid_rmse-1.4706, valid_pr-0.6277
2025-06-09 10:52:36 - INFO - epoch-21, train_loss-2.4069, train_rmse-1.5514, valid_rmse-1.5120, valid_pr-0.6189
2025-06-09 10:52:45 - INFO - epoch-22, train_loss-2.3678, train_rmse-1.5388, valid_rmse-1.4395, valid_pr-0.6277
2025-06-09 10:52:54 - INFO - epoch-23, train_loss-2.3465, train_rmse-1.5318, valid_rmse-1.5881, valid_pr-0.6208
2025-06-09 10:53:03 - INFO - epoch-24, train_loss-2.2930, train_rmse-1.5143, valid_rmse-1.4701, valid_pr-0.6392
2025-06-09 10:53:13 - INFO - epoch-25, train_loss-2.2175, train_rmse-1.4891, valid_rmse-1.4353, valid_pr-0.6488
2025-06-09 10:53:22 - INFO - epoch-26, train_loss-2.2082, train_rmse-1.4860, valid_rmse-1.3977, valid_pr-0.6543
2025-06-09 10:53:31 - INFO - epoch-27, train_loss-2.1780, train_rmse-1.4758, valid_rmse-1.3885, valid_pr-0.6663
2025-06-09 10:53:41 - INFO - epoch-28, train_loss-2.0954, train_rmse-1.4476, valid_rmse-1.3789, valid_pr-0.6656
2025-06-09 10:53:50 - INFO - epoch-29, train_loss-2.0503, train_rmse-1.4319, valid_rmse-1.4514, valid_pr-0.6716
2025-06-09 10:54:00 - INFO - epoch-30, train_loss-2.0288, train_rmse-1.4243, valid_rmse-1.4902, valid_pr-0.6601
2025-06-09 10:54:09 - INFO - epoch-31, train_loss-1.9505, train_rmse-1.3966, valid_rmse-1.4123, valid_pr-0.6551
2025-06-09 10:54:19 - INFO - epoch-32, train_loss-1.8868, train_rmse-1.3736, valid_rmse-1.3970, valid_pr-0.6676
2025-06-09 10:54:28 - INFO - epoch-33, train_loss-1.8420, train_rmse-1.3572, valid_rmse-1.3644, valid_pr-0.6751
2025-06-09 10:54:37 - INFO - epoch-34, train_loss-1.7998, train_rmse-1.3416, valid_rmse-1.3577, valid_pr-0.6797
2025-06-09 10:54:47 - INFO - epoch-35, train_loss-1.7453, train_rmse-1.3211, valid_rmse-1.3870, valid_pr-0.6634
2025-06-09 10:54:56 - INFO - epoch-36, train_loss-1.6658, train_rmse-1.2906, valid_rmse-1.3761, valid_pr-0.6818
2025-06-09 10:55:06 - INFO - epoch-37, train_loss-1.6332, train_rmse-1.2780, valid_rmse-1.4551, valid_pr-0.6701
2025-06-09 10:55:15 - INFO - epoch-38, train_loss-1.5586, train_rmse-1.2485, valid_rmse-1.3607, valid_pr-0.6872
2025-06-09 10:55:25 - INFO - epoch-39, train_loss-1.4941, train_rmse-1.2223, valid_rmse-1.3673, valid_pr-0.6820
2025-06-09 10:55:34 - INFO - epoch-40, train_loss-1.4394, train_rmse-1.1997, valid_rmse-1.3683, valid_pr-0.6773
2025-06-09 10:55:44 - INFO - epoch-41, train_loss-1.3959, train_rmse-1.1815, valid_rmse-1.4254, valid_pr-0.6893
2025-06-09 10:55:53 - INFO - epoch-42, train_loss-1.3502, train_rmse-1.1620, valid_rmse-1.3899, valid_pr-0.6851
2025-06-09 10:56:03 - INFO - epoch-43, train_loss-1.2946, train_rmse-1.1378, valid_rmse-1.4997, valid_pr-0.6719
2025-06-09 10:56:13 - INFO - epoch-44, train_loss-1.2371, train_rmse-1.1123, valid_rmse-1.3650, valid_pr-0.6876
2025-06-09 10:56:34 - INFO - epoch-45, train_loss-1.1683, train_rmse-1.0809, valid_rmse-1.3927, valid_pr-0.7002
2025-06-09 10:56:49 - INFO - epoch-46, train_loss-1.1199, train_rmse-1.0582, valid_rmse-1.3560, valid_pr-0.6957
2025-06-09 10:57:00 - INFO - epoch-47, train_loss-1.0795, train_rmse-1.0390, valid_rmse-1.3702, valid_pr-0.6888
2025-06-09 10:57:12 - INFO - epoch-48, train_loss-1.0179, train_rmse-1.0089, valid_rmse-1.3760, valid_pr-0.6672
2025-06-09 10:57:24 - INFO - epoch-49, train_loss-1.0191, train_rmse-1.0095, valid_rmse-1.4237, valid_pr-0.6562
2025-06-09 10:57:36 - INFO - epoch-50, train_loss-0.9483, train_rmse-0.9738, valid_rmse-1.3715, valid_pr-0.6803
2025-06-09 10:57:47 - INFO - epoch-51, train_loss-0.9319, train_rmse-0.9653, valid_rmse-1.3697, valid_pr-0.6946
2025-06-09 10:57:59 - INFO - epoch-52, train_loss-0.8544, train_rmse-0.9243, valid_rmse-1.4163, valid_pr-0.6829
2025-06-09 10:58:11 - INFO - epoch-53, train_loss-0.8057, train_rmse-0.8976, valid_rmse-1.4558, valid_pr-0.6770
2025-06-09 10:58:23 - INFO - epoch-54, train_loss-0.7882, train_rmse-0.8878, valid_rmse-1.4648, valid_pr-0.6768
2025-06-09 10:58:34 - INFO - epoch-55, train_loss-0.7576, train_rmse-0.8704, valid_rmse-1.3833, valid_pr-0.6942
2025-06-09 10:58:46 - INFO - epoch-56, train_loss-0.7203, train_rmse-0.8487, valid_rmse-1.4872, valid_pr-0.6904
2025-06-09 10:58:58 - INFO - epoch-57, train_loss-0.6935, train_rmse-0.8327, valid_rmse-1.4699, valid_pr-0.6671
2025-06-09 10:59:10 - INFO - epoch-58, train_loss-0.6916, train_rmse-0.8316, valid_rmse-1.6608, valid_pr-0.6772
2025-06-09 10:59:21 - INFO - epoch-59, train_loss-0.6367, train_rmse-0.7979, valid_rmse-1.4150, valid_pr-0.6858
2025-06-09 10:59:33 - INFO - epoch-60, train_loss-0.6145, train_rmse-0.7839, valid_rmse-1.4958, valid_pr-0.6768
2025-06-09 10:59:44 - INFO - epoch-61, train_loss-0.5807, train_rmse-0.7620, valid_rmse-1.3971, valid_pr-0.6798
2025-06-09 10:59:56 - INFO - epoch-62, train_loss-0.5705, train_rmse-0.7553, valid_rmse-1.4526, valid_pr-0.6717
2025-06-09 11:00:08 - INFO - epoch-63, train_loss-0.5576, train_rmse-0.7467, valid_rmse-1.4308, valid_pr-0.6817
2025-06-09 11:00:20 - INFO - epoch-64, train_loss-0.5067, train_rmse-0.7119, valid_rmse-1.4411, valid_pr-0.6777
2025-06-09 11:00:32 - INFO - epoch-65, train_loss-0.5133, train_rmse-0.7165, valid_rmse-1.4170, valid_pr-0.6937
2025-06-09 11:00:44 - INFO - epoch-66, train_loss-0.4775, train_rmse-0.6910, valid_rmse-1.3777, valid_pr-0.6887
2025-06-09 11:00:56 - INFO - epoch-67, train_loss-0.4756, train_rmse-0.6897, valid_rmse-1.4195, valid_pr-0.6915
2025-06-09 11:01:07 - INFO - epoch-68, train_loss-0.4451, train_rmse-0.6671, valid_rmse-1.4453, valid_pr-0.6797
2025-06-09 11:01:18 - INFO - epoch-69, train_loss-0.4317, train_rmse-0.6571, valid_rmse-1.3900, valid_pr-0.6648
2025-06-09 11:01:30 - INFO - epoch-70, train_loss-0.4350, train_rmse-0.6596, valid_rmse-1.4481, valid_pr-0.6694
2025-06-09 11:01:41 - INFO - epoch-71, train_loss-0.4173, train_rmse-0.6460, valid_rmse-1.5025, valid_pr-0.6801
2025-06-09 11:01:53 - INFO - epoch-72, train_loss-0.4108, train_rmse-0.6409, valid_rmse-1.4362, valid_pr-0.6873
2025-06-09 11:02:05 - INFO - epoch-73, train_loss-0.3756, train_rmse-0.6128, valid_rmse-1.4326, valid_pr-0.6787
2025-06-09 11:02:17 - INFO - epoch-74, train_loss-0.3687, train_rmse-0.6072, valid_rmse-1.4408, valid_pr-0.6493
2025-06-09 11:02:28 - INFO - epoch-75, train_loss-0.3685, train_rmse-0.6071, valid_rmse-1.3733, valid_pr-0.6918
2025-06-09 11:02:39 - INFO - epoch-76, train_loss-0.3542, train_rmse-0.5951, valid_rmse-1.4659, valid_pr-0.6835
2025-06-09 11:02:51 - INFO - epoch-77, train_loss-0.3590, train_rmse-0.5992, valid_rmse-1.3902, valid_pr-0.6763
2025-06-09 11:03:04 - INFO - epoch-78, train_loss-0.3461, train_rmse-0.5883, valid_rmse-1.4041, valid_pr-0.6800
2025-06-09 11:03:15 - INFO - epoch-79, train_loss-0.3333, train_rmse-0.5773, valid_rmse-1.4957, valid_pr-0.6731
2025-06-09 11:03:26 - INFO - epoch-80, train_loss-0.3313, train_rmse-0.5756, valid_rmse-1.4060, valid_pr-0.6886
2025-06-09 11:03:38 - INFO - epoch-81, train_loss-0.3201, train_rmse-0.5658, valid_rmse-1.4188, valid_pr-0.6883
2025-06-09 11:03:49 - INFO - epoch-82, train_loss-0.3034, train_rmse-0.5508, valid_rmse-1.3866, valid_pr-0.6743
2025-06-09 11:04:01 - INFO - epoch-83, train_loss-0.2959, train_rmse-0.5440, valid_rmse-1.3975, valid_pr-0.6743
2025-06-09 11:04:12 - INFO - epoch-84, train_loss-0.2906, train_rmse-0.5390, valid_rmse-1.3876, valid_pr-0.6837
2025-06-09 11:04:24 - INFO - epoch-85, train_loss-0.2875, train_rmse-0.5362, valid_rmse-1.4180, valid_pr-0.6933
2025-06-09 11:04:35 - INFO - epoch-86, train_loss-0.2972, train_rmse-0.5452, valid_rmse-1.3855, valid_pr-0.6872
2025-06-09 11:04:47 - INFO - epoch-87, train_loss-0.2837, train_rmse-0.5326, valid_rmse-1.3602, valid_pr-0.6918
2025-06-09 11:04:58 - INFO - epoch-88, train_loss-0.2864, train_rmse-0.5352, valid_rmse-1.3931, valid_pr-0.6866
2025-06-09 11:05:10 - INFO - epoch-89, train_loss-0.2667, train_rmse-0.5165, valid_rmse-1.3820, valid_pr-0.6792
2025-06-09 11:05:21 - INFO - epoch-90, train_loss-0.2601, train_rmse-0.5100, valid_rmse-1.4909, valid_pr-0.6795
2025-06-09 11:05:32 - INFO - epoch-91, train_loss-0.2664, train_rmse-0.5162, valid_rmse-1.4819, valid_pr-0.6828
2025-06-09 11:05:44 - INFO - epoch-92, train_loss-0.2597, train_rmse-0.5096, valid_rmse-1.3945, valid_pr-0.6876
2025-06-09 11:05:55 - INFO - epoch-93, train_loss-0.2421, train_rmse-0.4921, valid_rmse-1.4101, valid_pr-0.6862
2025-06-09 11:06:07 - INFO - epoch-94, train_loss-0.2446, train_rmse-0.4946, valid_rmse-1.3924, valid_pr-0.6869
2025-06-09 11:06:18 - INFO - epoch-95, train_loss-0.2426, train_rmse-0.4925, valid_rmse-1.4062, valid_pr-0.6715
2025-06-09 11:06:29 - INFO - epoch-96, train_loss-0.2380, train_rmse-0.4879, valid_rmse-1.4028, valid_pr-0.6816
2025-06-09 11:06:40 - INFO - epoch-97, train_loss-0.2193, train_rmse-0.4683, valid_rmse-1.4533, valid_pr-0.6777
2025-06-09 11:06:51 - INFO - epoch-98, train_loss-0.2228, train_rmse-0.4721, valid_rmse-1.4382, valid_pr-0.6702
2025-06-09 11:07:02 - INFO - epoch-99, train_loss-0.2161, train_rmse-0.4648, valid_rmse-1.4439, valid_pr-0.6893
2025-06-09 11:07:13 - INFO - epoch-100, train_loss-0.2278, train_rmse-0.4772, valid_rmse-1.4515, valid_pr-0.6943
2025-06-09 11:07:24 - INFO - epoch-101, train_loss-0.2192, train_rmse-0.4682, valid_rmse-1.4016, valid_pr-0.6785
2025-06-09 11:07:35 - INFO - epoch-102, train_loss-0.2183, train_rmse-0.4672, valid_rmse-1.4348, valid_pr-0.6905
2025-06-09 11:07:47 - INFO - epoch-103, train_loss-0.2091, train_rmse-0.4573, valid_rmse-1.3969, valid_pr-0.6839
2025-06-09 11:07:58 - INFO - epoch-104, train_loss-0.2082, train_rmse-0.4563, valid_rmse-1.3599, valid_pr-0.6894
2025-06-09 11:08:09 - INFO - epoch-105, train_loss-0.1998, train_rmse-0.4470, valid_rmse-1.3920, valid_pr-0.6832
2025-06-09 11:08:20 - INFO - epoch-106, train_loss-0.2122, train_rmse-0.4607, valid_rmse-1.4304, valid_pr-0.6802
2025-06-09 11:08:30 - INFO - epoch-107, train_loss-0.2220, train_rmse-0.4712, valid_rmse-1.3817, valid_pr-0.6806
2025-06-09 11:08:41 - INFO - epoch-108, train_loss-0.1961, train_rmse-0.4428, valid_rmse-1.3693, valid_pr-0.6875
2025-06-09 11:08:51 - INFO - epoch-109, train_loss-0.2046, train_rmse-0.4524, valid_rmse-1.4058, valid_pr-0.6796
2025-06-09 11:09:00 - INFO - epoch-110, train_loss-0.2014, train_rmse-0.4487, valid_rmse-1.3644, valid_pr-0.6885
2025-06-09 11:09:10 - INFO - epoch-111, train_loss-0.1906, train_rmse-0.4365, valid_rmse-1.3634, valid_pr-0.6890
2025-06-09 11:09:19 - INFO - epoch-112, train_loss-0.1888, train_rmse-0.4345, valid_rmse-1.3793, valid_pr-0.6881
2025-06-09 11:09:29 - INFO - epoch-113, train_loss-0.1843, train_rmse-0.4293, valid_rmse-1.4116, valid_pr-0.6968
2025-06-09 11:09:38 - INFO - epoch-114, train_loss-0.1778, train_rmse-0.4217, valid_rmse-1.3973, valid_pr-0.6824
2025-06-09 11:09:48 - INFO - epoch-115, train_loss-0.1974, train_rmse-0.4443, valid_rmse-1.3504, valid_pr-0.6957
2025-06-09 11:09:57 - INFO - epoch-116, train_loss-0.1860, train_rmse-0.4313, valid_rmse-1.4468, valid_pr-0.6823
2025-06-09 11:10:06 - INFO - epoch-117, train_loss-0.1763, train_rmse-0.4199, valid_rmse-1.3887, valid_pr-0.6889
2025-06-09 11:10:16 - INFO - epoch-118, train_loss-0.1760, train_rmse-0.4195, valid_rmse-1.4600, valid_pr-0.6907
2025-06-09 11:10:25 - INFO - epoch-119, train_loss-0.1936, train_rmse-0.4400, valid_rmse-1.3704, valid_pr-0.6869
2025-06-09 11:10:34 - INFO - epoch-120, train_loss-0.1712, train_rmse-0.4137, valid_rmse-1.3908, valid_pr-0.6869
2025-06-09 11:10:44 - INFO - epoch-121, train_loss-0.1674, train_rmse-0.4092, valid_rmse-1.3655, valid_pr-0.6947
2025-06-09 11:10:53 - INFO - epoch-122, train_loss-0.1663, train_rmse-0.4078, valid_rmse-1.4618, valid_pr-0.6751
2025-06-09 11:11:03 - INFO - epoch-123, train_loss-0.1699, train_rmse-0.4122, valid_rmse-1.4244, valid_pr-0.6982
2025-06-09 11:11:13 - INFO - epoch-124, train_loss-0.1698, train_rmse-0.4121, valid_rmse-1.3990, valid_pr-0.6989
2025-06-09 11:11:22 - INFO - epoch-125, train_loss-0.1682, train_rmse-0.4101, valid_rmse-1.3605, valid_pr-0.6927
2025-06-09 11:11:32 - INFO - epoch-126, train_loss-0.1790, train_rmse-0.4231, valid_rmse-1.3902, valid_pr-0.6881
2025-06-09 11:11:42 - INFO - epoch-127, train_loss-0.1669, train_rmse-0.4086, valid_rmse-1.3929, valid_pr-0.6840
2025-06-09 11:11:51 - INFO - epoch-128, train_loss-0.1590, train_rmse-0.3987, valid_rmse-1.4065, valid_pr-0.6897
2025-06-09 11:12:01 - INFO - epoch-129, train_loss-0.1774, train_rmse-0.4212, valid_rmse-1.3548, valid_pr-0.6918
2025-06-09 11:12:11 - INFO - epoch-130, train_loss-0.1721, train_rmse-0.4148, valid_rmse-1.3704, valid_pr-0.6934
2025-06-09 11:12:20 - INFO - epoch-131, train_loss-0.1684, train_rmse-0.4104, valid_rmse-1.3792, valid_pr-0.6946
2025-06-09 11:12:30 - INFO - epoch-132, train_loss-0.1640, train_rmse-0.4049, valid_rmse-1.3798, valid_pr-0.6850
2025-06-09 11:12:40 - INFO - epoch-133, train_loss-0.1501, train_rmse-0.3874, valid_rmse-1.3671, valid_pr-0.6875
2025-06-09 11:12:50 - INFO - epoch-134, train_loss-0.1463, train_rmse-0.3825, valid_rmse-1.4202, valid_pr-0.6893
2025-06-09 11:12:59 - INFO - epoch-135, train_loss-0.1605, train_rmse-0.4006, valid_rmse-1.3866, valid_pr-0.6869
2025-06-09 11:13:09 - INFO - epoch-136, train_loss-0.1490, train_rmse-0.3861, valid_rmse-1.3921, valid_pr-0.6855
2025-06-09 11:13:19 - INFO - epoch-137, train_loss-0.1426, train_rmse-0.3776, valid_rmse-1.4820, valid_pr-0.6750
2025-06-09 11:13:28 - INFO - epoch-138, train_loss-0.1540, train_rmse-0.3925, valid_rmse-1.3591, valid_pr-0.6953
2025-06-09 11:13:38 - INFO - epoch-139, train_loss-0.1579, train_rmse-0.3974, valid_rmse-1.3733, valid_pr-0.6861
2025-06-09 11:13:47 - INFO - epoch-140, train_loss-0.1496, train_rmse-0.3868, valid_rmse-1.3652, valid_pr-0.6890
2025-06-09 11:13:57 - INFO - epoch-141, train_loss-0.1511, train_rmse-0.3888, valid_rmse-1.3611, valid_pr-0.6884
2025-06-09 11:14:07 - INFO - epoch-142, train_loss-0.1446, train_rmse-0.3802, valid_rmse-1.3842, valid_pr-0.6901
2025-06-09 11:14:16 - INFO - epoch-143, train_loss-0.1505, train_rmse-0.3880, valid_rmse-1.3910, valid_pr-0.6913
2025-06-09 11:14:26 - INFO - epoch-144, train_loss-0.1513, train_rmse-0.3889, valid_rmse-1.3665, valid_pr-0.6865
2025-06-09 11:14:36 - INFO - epoch-145, train_loss-0.1402, train_rmse-0.3744, valid_rmse-1.3844, valid_pr-0.6932
2025-06-09 11:14:45 - INFO - epoch-146, train_loss-0.1365, train_rmse-0.3694, valid_rmse-1.4356, valid_pr-0.6740
2025-06-09 11:14:55 - INFO - epoch-147, train_loss-0.1325, train_rmse-0.3640, valid_rmse-1.3799, valid_pr-0.6843
2025-06-09 11:15:05 - INFO - epoch-148, train_loss-0.1402, train_rmse-0.3744, valid_rmse-1.3618, valid_pr-0.6849
2025-06-09 11:15:14 - INFO - epoch-149, train_loss-0.1368, train_rmse-0.3699, valid_rmse-1.3847, valid_pr-0.6876
2025-06-09 11:15:24 - INFO - epoch-150, train_loss-0.1274, train_rmse-0.3570, valid_rmse-1.3740, valid_pr-0.6834
2025-06-09 11:15:34 - INFO - epoch-151, train_loss-0.1399, train_rmse-0.3741, valid_rmse-1.3808, valid_pr-0.6827
2025-06-09 11:15:43 - INFO - epoch-152, train_loss-0.1404, train_rmse-0.3747, valid_rmse-1.3721, valid_pr-0.6895
2025-06-09 11:15:53 - INFO - epoch-153, train_loss-0.1391, train_rmse-0.3730, valid_rmse-1.3806, valid_pr-0.6777
2025-06-09 11:16:03 - INFO - epoch-154, train_loss-0.1347, train_rmse-0.3670, valid_rmse-1.3608, valid_pr-0.6909
2025-06-09 11:16:12 - INFO - epoch-155, train_loss-0.1336, train_rmse-0.3655, valid_rmse-1.3671, valid_pr-0.6992
2025-06-09 11:16:22 - INFO - epoch-156, train_loss-0.1276, train_rmse-0.3572, valid_rmse-1.3805, valid_pr-0.6985
2025-06-09 11:16:31 - INFO - epoch-157, train_loss-0.1354, train_rmse-0.3680, valid_rmse-1.3554, valid_pr-0.6895
2025-06-09 11:16:41 - INFO - epoch-158, train_loss-0.1324, train_rmse-0.3638, valid_rmse-1.3943, valid_pr-0.6859
2025-06-09 11:16:51 - INFO - epoch-159, train_loss-0.1299, train_rmse-0.3605, valid_rmse-1.4463, valid_pr-0.6903
2025-06-09 11:17:00 - INFO - epoch-160, train_loss-0.1471, train_rmse-0.3835, valid_rmse-1.3669, valid_pr-0.6870
2025-06-09 11:17:10 - INFO - epoch-161, train_loss-0.1268, train_rmse-0.3562, valid_rmse-1.3811, valid_pr-0.6963
2025-06-09 11:17:19 - INFO - epoch-162, train_loss-0.1416, train_rmse-0.3763, valid_rmse-1.3890, valid_pr-0.6877
2025-06-09 11:17:29 - INFO - epoch-163, train_loss-0.1330, train_rmse-0.3646, valid_rmse-1.3738, valid_pr-0.6867
2025-06-09 11:17:39 - INFO - epoch-164, train_loss-0.1400, train_rmse-0.3742, valid_rmse-1.3914, valid_pr-0.6928
2025-06-09 11:17:49 - INFO - epoch-165, train_loss-0.1330, train_rmse-0.3647, valid_rmse-1.3437, valid_pr-0.7002
2025-06-09 11:17:58 - INFO - epoch-166, train_loss-0.1214, train_rmse-0.3484, valid_rmse-1.3907, valid_pr-0.6858
2025-06-09 11:18:08 - INFO - epoch-167, train_loss-0.1259, train_rmse-0.3548, valid_rmse-1.3595, valid_pr-0.6931
2025-06-09 11:18:18 - INFO - epoch-168, train_loss-0.1260, train_rmse-0.3549, valid_rmse-1.3728, valid_pr-0.6885
2025-06-09 11:18:27 - INFO - epoch-169, train_loss-0.1267, train_rmse-0.3559, valid_rmse-1.3567, valid_pr-0.6978
2025-06-09 11:18:37 - INFO - epoch-170, train_loss-0.1272, train_rmse-0.3567, valid_rmse-1.4259, valid_pr-0.7021
2025-06-09 11:18:46 - INFO - epoch-171, train_loss-0.1245, train_rmse-0.3529, valid_rmse-1.4125, valid_pr-0.6847
2025-06-09 11:18:56 - INFO - epoch-172, train_loss-0.1170, train_rmse-0.3420, valid_rmse-1.3880, valid_pr-0.6877
2025-06-09 11:19:05 - INFO - epoch-173, train_loss-0.1214, train_rmse-0.3484, valid_rmse-1.3461, valid_pr-0.6881
2025-06-09 11:19:15 - INFO - epoch-174, train_loss-0.1320, train_rmse-0.3633, valid_rmse-1.3582, valid_pr-0.6928
2025-06-09 11:19:25 - INFO - epoch-175, train_loss-0.1297, train_rmse-0.3602, valid_rmse-1.3526, valid_pr-0.6970
2025-06-09 11:19:34 - INFO - epoch-176, train_loss-0.1228, train_rmse-0.3504, valid_rmse-1.4263, valid_pr-0.6933
2025-06-09 11:19:44 - INFO - epoch-177, train_loss-0.1162, train_rmse-0.3408, valid_rmse-1.3413, valid_pr-0.6938
2025-06-09 11:19:53 - INFO - epoch-178, train_loss-0.1241, train_rmse-0.3523, valid_rmse-1.3863, valid_pr-0.6891
2025-06-09 11:20:03 - INFO - epoch-179, train_loss-0.1191, train_rmse-0.3451, valid_rmse-1.3789, valid_pr-0.6941
2025-06-09 11:20:13 - INFO - epoch-180, train_loss-0.1161, train_rmse-0.3407, valid_rmse-1.4010, valid_pr-0.6854
2025-06-09 11:20:23 - INFO - epoch-181, train_loss-0.1123, train_rmse-0.3351, valid_rmse-1.3985, valid_pr-0.6845
2025-06-09 11:20:33 - INFO - epoch-182, train_loss-0.1151, train_rmse-0.3393, valid_rmse-1.3572, valid_pr-0.6856
2025-06-09 11:20:42 - INFO - epoch-183, train_loss-0.1171, train_rmse-0.3422, valid_rmse-1.3595, valid_pr-0.6994
2025-06-09 11:20:52 - INFO - epoch-184, train_loss-0.1120, train_rmse-0.3347, valid_rmse-1.3769, valid_pr-0.6904
2025-06-09 11:21:01 - INFO - epoch-185, train_loss-0.1135, train_rmse-0.3368, valid_rmse-1.4710, valid_pr-0.6962
2025-06-09 11:21:11 - INFO - epoch-186, train_loss-0.1204, train_rmse-0.3470, valid_rmse-1.3346, valid_pr-0.6962
2025-06-09 11:21:47 - INFO - epoch-187, train_loss-0.1138, train_rmse-0.3374, valid_rmse-1.3675, valid_pr-0.6915
2025-06-09 11:22:01 - INFO - epoch-188, train_loss-0.1005, train_rmse-0.3170, valid_rmse-1.3841, valid_pr-0.6924
2025-06-09 11:22:13 - INFO - epoch-189, train_loss-0.1066, train_rmse-0.3266, valid_rmse-1.3901, valid_pr-0.6967
2025-06-09 11:22:26 - INFO - epoch-190, train_loss-0.1038, train_rmse-0.3222, valid_rmse-1.3850, valid_pr-0.6965
2025-06-09 11:22:39 - INFO - epoch-191, train_loss-0.1144, train_rmse-0.3382, valid_rmse-1.3725, valid_pr-0.6925
2025-06-09 11:22:51 - INFO - epoch-192, train_loss-0.1194, train_rmse-0.3455, valid_rmse-1.3809, valid_pr-0.6943
2025-06-09 11:23:03 - INFO - epoch-193, train_loss-0.1078, train_rmse-0.3284, valid_rmse-1.3465, valid_pr-0.7007
2025-06-09 11:23:15 - INFO - epoch-194, train_loss-0.1048, train_rmse-0.3238, valid_rmse-1.3598, valid_pr-0.6948
2025-06-09 11:23:28 - INFO - epoch-195, train_loss-0.1127, train_rmse-0.3358, valid_rmse-1.3529, valid_pr-0.6926
2025-06-09 11:23:41 - INFO - epoch-196, train_loss-0.1031, train_rmse-0.3211, valid_rmse-1.3722, valid_pr-0.6924
2025-06-09 11:23:53 - INFO - epoch-197, train_loss-0.1146, train_rmse-0.3385, valid_rmse-1.3967, valid_pr-0.6869
2025-06-09 11:24:06 - INFO - epoch-198, train_loss-0.1106, train_rmse-0.3325, valid_rmse-1.3543, valid_pr-0.6886
2025-06-09 11:24:18 - INFO - epoch-199, train_loss-0.1080, train_rmse-0.3286, valid_rmse-1.3516, valid_pr-0.6891
2025-06-09 11:24:31 - INFO - epoch-200, train_loss-0.1205, train_rmse-0.3472, valid_rmse-1.3389, valid_pr-0.6910
2025-06-09 11:24:44 - INFO - epoch-201, train_loss-0.1140, train_rmse-0.3377, valid_rmse-1.3385, valid_pr-0.6936
2025-06-09 11:24:56 - INFO - epoch-202, train_loss-0.1118, train_rmse-0.3343, valid_rmse-1.3541, valid_pr-0.6997
2025-06-09 11:25:09 - INFO - epoch-203, train_loss-0.1153, train_rmse-0.3396, valid_rmse-1.3803, valid_pr-0.6904
2025-06-09 11:25:22 - INFO - epoch-204, train_loss-0.1124, train_rmse-0.3353, valid_rmse-1.3543, valid_pr-0.6935
2025-06-09 11:25:34 - INFO - epoch-205, train_loss-0.1145, train_rmse-0.3384, valid_rmse-1.3832, valid_pr-0.6936
2025-06-09 11:25:47 - INFO - epoch-206, train_loss-0.1142, train_rmse-0.3380, valid_rmse-1.3482, valid_pr-0.6941
2025-06-09 11:25:59 - INFO - epoch-207, train_loss-0.1177, train_rmse-0.3430, valid_rmse-1.3557, valid_pr-0.6897
2025-06-09 11:26:13 - INFO - epoch-208, train_loss-0.1090, train_rmse-0.3301, valid_rmse-1.3610, valid_pr-0.6957
2025-06-09 11:26:26 - INFO - epoch-209, train_loss-0.0993, train_rmse-0.3152, valid_rmse-1.3590, valid_pr-0.6891
2025-06-09 11:26:39 - INFO - epoch-210, train_loss-0.1022, train_rmse-0.3197, valid_rmse-1.3586, valid_pr-0.6978
2025-06-09 11:26:51 - INFO - epoch-211, train_loss-0.1105, train_rmse-0.3323, valid_rmse-1.3618, valid_pr-0.6943
2025-06-09 11:27:04 - INFO - epoch-212, train_loss-0.1076, train_rmse-0.3280, valid_rmse-1.3839, valid_pr-0.6978
2025-06-09 11:27:16 - INFO - epoch-213, train_loss-0.1053, train_rmse-0.3244, valid_rmse-1.3864, valid_pr-0.6872
2025-06-09 11:27:28 - INFO - epoch-214, train_loss-0.1145, train_rmse-0.3384, valid_rmse-1.3416, valid_pr-0.6971
2025-06-09 11:27:41 - INFO - epoch-215, train_loss-0.1000, train_rmse-0.3163, valid_rmse-1.3478, valid_pr-0.6920
2025-06-09 11:27:53 - INFO - epoch-216, train_loss-0.1096, train_rmse-0.3310, valid_rmse-1.3565, valid_pr-0.6950
2025-06-09 11:28:06 - INFO - epoch-217, train_loss-0.1017, train_rmse-0.3188, valid_rmse-1.3427, valid_pr-0.6946
2025-06-09 11:28:19 - INFO - epoch-218, train_loss-0.1001, train_rmse-0.3163, valid_rmse-1.3568, valid_pr-0.6905
2025-06-09 11:28:31 - INFO - epoch-219, train_loss-0.1078, train_rmse-0.3283, valid_rmse-1.4160, valid_pr-0.6906
2025-06-09 11:28:44 - INFO - epoch-220, train_loss-0.1122, train_rmse-0.3350, valid_rmse-1.3943, valid_pr-0.6886
2025-06-09 11:28:56 - INFO - epoch-221, train_loss-0.0994, train_rmse-0.3152, valid_rmse-1.3494, valid_pr-0.6956
2025-06-09 11:29:09 - INFO - epoch-222, train_loss-0.0997, train_rmse-0.3157, valid_rmse-1.3619, valid_pr-0.6929
2025-06-09 11:29:22 - INFO - epoch-223, train_loss-0.0984, train_rmse-0.3136, valid_rmse-1.3544, valid_pr-0.7004
2025-06-09 11:29:35 - INFO - epoch-224, train_loss-0.1040, train_rmse-0.3224, valid_rmse-1.3753, valid_pr-0.6949
2025-06-09 11:29:47 - INFO - epoch-225, train_loss-0.1013, train_rmse-0.3182, valid_rmse-1.3615, valid_pr-0.6903
2025-06-09 11:30:01 - INFO - epoch-226, train_loss-0.1018, train_rmse-0.3191, valid_rmse-1.3646, valid_pr-0.6990
2025-06-09 11:30:14 - INFO - epoch-227, train_loss-0.1049, train_rmse-0.3239, valid_rmse-1.3748, valid_pr-0.6945
2025-06-09 11:30:27 - INFO - epoch-228, train_loss-0.0975, train_rmse-0.3123, valid_rmse-1.3427, valid_pr-0.6938
2025-06-09 11:30:40 - INFO - epoch-229, train_loss-0.1055, train_rmse-0.3248, valid_rmse-1.4344, valid_pr-0.6855
2025-06-09 11:30:54 - INFO - epoch-230, train_loss-0.1109, train_rmse-0.3330, valid_rmse-1.3412, valid_pr-0.7011
2025-06-09 11:31:07 - INFO - epoch-231, train_loss-0.1056, train_rmse-0.3250, valid_rmse-1.3290, valid_pr-0.6962
2025-06-09 11:31:21 - INFO - epoch-232, train_loss-0.1061, train_rmse-0.3258, valid_rmse-1.3537, valid_pr-0.6923
2025-06-09 11:31:34 - INFO - epoch-233, train_loss-0.0901, train_rmse-0.3002, valid_rmse-1.3555, valid_pr-0.6917
2025-06-09 11:31:48 - INFO - epoch-234, train_loss-0.0966, train_rmse-0.3107, valid_rmse-1.3607, valid_pr-0.6938
2025-06-09 11:32:01 - INFO - epoch-235, train_loss-0.0992, train_rmse-0.3150, valid_rmse-1.3437, valid_pr-0.6954
2025-06-09 11:32:14 - INFO - epoch-236, train_loss-0.0930, train_rmse-0.3050, valid_rmse-1.3288, valid_pr-0.7016
2025-06-09 11:32:28 - INFO - epoch-237, train_loss-0.1034, train_rmse-0.3215, valid_rmse-1.3433, valid_pr-0.6960
2025-06-09 11:32:42 - INFO - epoch-238, train_loss-0.1070, train_rmse-0.3271, valid_rmse-1.3438, valid_pr-0.6995
2025-06-09 11:32:55 - INFO - epoch-239, train_loss-0.0953, train_rmse-0.3086, valid_rmse-1.4010, valid_pr-0.6825
2025-06-09 11:33:09 - INFO - epoch-240, train_loss-0.1004, train_rmse-0.3169, valid_rmse-1.3956, valid_pr-0.6956
2025-06-09 11:33:22 - INFO - epoch-241, train_loss-0.0941, train_rmse-0.3068, valid_rmse-1.3429, valid_pr-0.6992
2025-06-09 11:33:35 - INFO - epoch-242, train_loss-0.1005, train_rmse-0.3169, valid_rmse-1.3811, valid_pr-0.6841
2025-06-09 11:33:48 - INFO - epoch-243, train_loss-0.0929, train_rmse-0.3048, valid_rmse-1.3294, valid_pr-0.6995
2025-06-09 11:34:02 - INFO - epoch-244, train_loss-0.0942, train_rmse-0.3068, valid_rmse-1.3527, valid_pr-0.6976
2025-06-09 11:34:14 - INFO - epoch-245, train_loss-0.0989, train_rmse-0.3145, valid_rmse-1.3931, valid_pr-0.6886
2025-06-09 11:34:27 - INFO - epoch-246, train_loss-0.0851, train_rmse-0.2917, valid_rmse-1.3385, valid_pr-0.7006
2025-06-09 11:34:40 - INFO - epoch-247, train_loss-0.1005, train_rmse-0.3170, valid_rmse-1.3229, valid_pr-0.6999
2025-06-09 11:34:53 - INFO - epoch-248, train_loss-0.1009, train_rmse-0.3177, valid_rmse-1.3554, valid_pr-0.6930
2025-06-09 11:35:05 - INFO - epoch-249, train_loss-0.0937, train_rmse-0.3061, valid_rmse-1.3596, valid_pr-0.6982
2025-06-09 11:35:16 - INFO - epoch-250, train_loss-0.0959, train_rmse-0.3097, valid_rmse-1.3576, valid_pr-0.6926
2025-06-09 11:35:28 - INFO - epoch-251, train_loss-0.0911, train_rmse-0.3018, valid_rmse-1.3462, valid_pr-0.6967
2025-06-09 11:35:39 - INFO - epoch-252, train_loss-0.0917, train_rmse-0.3028, valid_rmse-1.3360, valid_pr-0.6975
2025-06-09 11:35:50 - INFO - epoch-253, train_loss-0.0898, train_rmse-0.2997, valid_rmse-1.3274, valid_pr-0.6980
2025-06-09 11:36:00 - INFO - epoch-254, train_loss-0.0934, train_rmse-0.3057, valid_rmse-1.3471, valid_pr-0.6961
2025-06-09 11:36:10 - INFO - epoch-255, train_loss-0.0974, train_rmse-0.3121, valid_rmse-1.3461, valid_pr-0.6915
2025-06-09 11:36:19 - INFO - epoch-256, train_loss-0.0927, train_rmse-0.3044, valid_rmse-1.3407, valid_pr-0.6999
2025-06-09 11:36:29 - INFO - epoch-257, train_loss-0.0889, train_rmse-0.2981, valid_rmse-1.3397, valid_pr-0.6983
2025-06-09 11:36:39 - INFO - epoch-258, train_loss-0.0915, train_rmse-0.3025, valid_rmse-1.3424, valid_pr-0.6999
2025-06-09 11:36:48 - INFO - epoch-259, train_loss-0.0924, train_rmse-0.3040, valid_rmse-1.3380, valid_pr-0.6966
2025-06-09 11:36:58 - INFO - epoch-260, train_loss-0.0994, train_rmse-0.3153, valid_rmse-1.3351, valid_pr-0.6969
2025-06-09 11:37:08 - INFO - epoch-261, train_loss-0.0982, train_rmse-0.3133, valid_rmse-1.3533, valid_pr-0.7012
2025-06-09 11:37:17 - INFO - epoch-262, train_loss-0.0957, train_rmse-0.3093, valid_rmse-1.3305, valid_pr-0.7018
2025-06-09 11:37:27 - INFO - epoch-263, train_loss-0.0967, train_rmse-0.3110, valid_rmse-1.3349, valid_pr-0.6968
2025-06-09 11:37:36 - INFO - epoch-264, train_loss-0.0944, train_rmse-0.3072, valid_rmse-1.3326, valid_pr-0.7056
2025-06-09 11:37:46 - INFO - epoch-265, train_loss-0.0953, train_rmse-0.3088, valid_rmse-1.3506, valid_pr-0.6991
2025-06-09 11:37:55 - INFO - epoch-266, train_loss-0.0941, train_rmse-0.3067, valid_rmse-1.3400, valid_pr-0.6991
2025-06-09 11:38:04 - INFO - epoch-267, train_loss-0.1015, train_rmse-0.3185, valid_rmse-1.3538, valid_pr-0.6940
2025-06-09 11:38:14 - INFO - epoch-268, train_loss-0.0856, train_rmse-0.2926, valid_rmse-1.3526, valid_pr-0.6956
2025-06-09 11:38:23 - INFO - epoch-269, train_loss-0.0952, train_rmse-0.3086, valid_rmse-1.3602, valid_pr-0.6951
2025-06-09 11:38:32 - INFO - epoch-270, train_loss-0.0966, train_rmse-0.3108, valid_rmse-1.3481, valid_pr-0.6999
2025-06-09 11:38:42 - INFO - epoch-271, train_loss-0.0934, train_rmse-0.3056, valid_rmse-1.3339, valid_pr-0.7024
2025-06-09 11:38:51 - INFO - epoch-272, train_loss-0.0972, train_rmse-0.3118, valid_rmse-1.3578, valid_pr-0.7024
2025-06-09 11:39:01 - INFO - epoch-273, train_loss-0.1003, train_rmse-0.3167, valid_rmse-1.3310, valid_pr-0.7042
2025-06-09 11:39:10 - INFO - epoch-274, train_loss-0.0965, train_rmse-0.3106, valid_rmse-1.3316, valid_pr-0.7078
2025-06-09 11:39:20 - INFO - epoch-275, train_loss-0.0885, train_rmse-0.2975, valid_rmse-1.3210, valid_pr-0.7014
2025-06-09 11:39:29 - INFO - epoch-276, train_loss-0.0892, train_rmse-0.2987, valid_rmse-1.3615, valid_pr-0.6992
2025-06-09 11:39:39 - INFO - epoch-277, train_loss-0.0762, train_rmse-0.2760, valid_rmse-1.3392, valid_pr-0.6955
2025-06-09 11:39:48 - INFO - epoch-278, train_loss-0.0905, train_rmse-0.3008, valid_rmse-1.3368, valid_pr-0.7026
2025-06-09 11:39:57 - INFO - epoch-279, train_loss-0.0862, train_rmse-0.2936, valid_rmse-1.3307, valid_pr-0.6973
2025-06-09 11:40:07 - INFO - epoch-280, train_loss-0.0955, train_rmse-0.3090, valid_rmse-1.3540, valid_pr-0.7015
2025-06-09 11:40:16 - INFO - epoch-281, train_loss-0.0797, train_rmse-0.2823, valid_rmse-1.3443, valid_pr-0.6960
2025-06-09 11:40:25 - INFO - epoch-282, train_loss-0.0823, train_rmse-0.2869, valid_rmse-1.3378, valid_pr-0.7013
2025-06-09 11:40:35 - INFO - epoch-283, train_loss-0.0858, train_rmse-0.2929, valid_rmse-1.3475, valid_pr-0.6978
2025-06-09 11:40:44 - INFO - epoch-284, train_loss-0.0873, train_rmse-0.2955, valid_rmse-1.3434, valid_pr-0.6985
2025-06-09 11:40:54 - INFO - epoch-285, train_loss-0.0876, train_rmse-0.2959, valid_rmse-1.3341, valid_pr-0.7042
2025-06-09 11:41:03 - INFO - epoch-286, train_loss-0.0952, train_rmse-0.3086, valid_rmse-1.3486, valid_pr-0.6902
2025-06-09 11:41:12 - INFO - epoch-287, train_loss-0.1067, train_rmse-0.3267, valid_rmse-1.3265, valid_pr-0.6992
2025-06-09 11:41:22 - INFO - epoch-288, train_loss-0.0990, train_rmse-0.3146, valid_rmse-1.3634, valid_pr-0.6914
2025-06-09 11:41:31 - INFO - epoch-289, train_loss-0.1010, train_rmse-0.3178, valid_rmse-1.3470, valid_pr-0.6975
2025-06-09 11:41:41 - INFO - epoch-290, train_loss-0.0956, train_rmse-0.3093, valid_rmse-1.3274, valid_pr-0.6978
2025-06-09 11:41:50 - INFO - epoch-291, train_loss-0.0919, train_rmse-0.3031, valid_rmse-1.4055, valid_pr-0.6994
2025-06-09 11:41:59 - INFO - epoch-292, train_loss-0.0945, train_rmse-0.3073, valid_rmse-1.3390, valid_pr-0.6993
2025-06-09 11:42:09 - INFO - epoch-293, train_loss-0.0875, train_rmse-0.2959, valid_rmse-1.3476, valid_pr-0.7003
2025-06-09 11:42:18 - INFO - epoch-294, train_loss-0.0916, train_rmse-0.3027, valid_rmse-1.3446, valid_pr-0.6936
2025-06-09 11:42:28 - INFO - epoch-295, train_loss-0.0917, train_rmse-0.3027, valid_rmse-1.3377, valid_pr-0.7001
2025-06-09 11:42:37 - INFO - epoch-296, train_loss-0.0908, train_rmse-0.3014, valid_rmse-1.3651, valid_pr-0.6985
2025-06-09 11:42:47 - INFO - epoch-297, train_loss-0.0877, train_rmse-0.2961, valid_rmse-1.3203, valid_pr-0.7040
2025-06-09 11:42:56 - INFO - epoch-298, train_loss-0.0849, train_rmse-0.2913, valid_rmse-1.3293, valid_pr-0.6970
2025-06-09 11:43:05 - INFO - epoch-299, train_loss-0.0909, train_rmse-0.3015, valid_rmse-1.3384, valid_pr-0.7015
2025-06-09 11:43:15 - INFO - epoch-300, train_loss-0.0912, train_rmse-0.3020, valid_rmse-1.3671, valid_pr-0.6933
2025-06-09 11:43:24 - INFO - epoch-301, train_loss-0.0959, train_rmse-0.3097, valid_rmse-1.3495, valid_pr-0.6937
2025-06-09 11:43:34 - INFO - epoch-302, train_loss-0.0855, train_rmse-0.2925, valid_rmse-1.3316, valid_pr-0.6973
2025-06-09 11:43:43 - INFO - epoch-303, train_loss-0.0930, train_rmse-0.3049, valid_rmse-1.3357, valid_pr-0.7010
2025-06-09 11:43:53 - INFO - epoch-304, train_loss-0.0886, train_rmse-0.2977, valid_rmse-1.3137, valid_pr-0.7090
2025-06-09 11:44:02 - INFO - epoch-305, train_loss-0.0961, train_rmse-0.3100, valid_rmse-1.4047, valid_pr-0.6908
2025-06-09 11:44:12 - INFO - epoch-306, train_loss-0.0886, train_rmse-0.2976, valid_rmse-1.3595, valid_pr-0.6970
2025-06-09 11:44:21 - INFO - epoch-307, train_loss-0.0989, train_rmse-0.3145, valid_rmse-1.3226, valid_pr-0.7006
2025-06-09 11:44:31 - INFO - epoch-308, train_loss-0.0859, train_rmse-0.2931, valid_rmse-1.3229, valid_pr-0.7016
2025-06-09 11:44:40 - INFO - epoch-309, train_loss-0.0831, train_rmse-0.2883, valid_rmse-1.3209, valid_pr-0.7046
2025-06-09 11:44:50 - INFO - epoch-310, train_loss-0.0906, train_rmse-0.3010, valid_rmse-1.3227, valid_pr-0.7027
2025-06-09 11:44:59 - INFO - epoch-311, train_loss-0.0913, train_rmse-0.3021, valid_rmse-1.3098, valid_pr-0.7073
2025-06-09 11:45:09 - INFO - epoch-312, train_loss-0.0753, train_rmse-0.2744, valid_rmse-1.3438, valid_pr-0.7014
2025-06-09 11:45:19 - INFO - epoch-313, train_loss-0.0834, train_rmse-0.2888, valid_rmse-1.3345, valid_pr-0.7018
2025-06-09 11:45:28 - INFO - epoch-314, train_loss-0.0953, train_rmse-0.3086, valid_rmse-1.3446, valid_pr-0.6960
2025-06-09 11:45:52 - INFO - epoch-315, train_loss-0.0856, train_rmse-0.2926, valid_rmse-1.3360, valid_pr-0.7096
2025-06-09 11:46:23 - INFO - epoch-316, train_loss-0.0833, train_rmse-0.2886, valid_rmse-1.3376, valid_pr-0.6969
2025-06-09 11:46:38 - INFO - epoch-317, train_loss-0.0874, train_rmse-0.2956, valid_rmse-1.3276, valid_pr-0.7009
2025-06-09 11:46:51 - INFO - epoch-318, train_loss-0.0867, train_rmse-0.2944, valid_rmse-1.3662, valid_pr-0.7085
2025-06-09 11:47:06 - INFO - epoch-319, train_loss-0.0959, train_rmse-0.3097, valid_rmse-1.3389, valid_pr-0.7021
2025-06-09 11:47:19 - INFO - epoch-320, train_loss-0.0911, train_rmse-0.3018, valid_rmse-1.3456, valid_pr-0.7019
2025-06-09 11:47:33 - INFO - epoch-321, train_loss-0.0849, train_rmse-0.2913, valid_rmse-1.3398, valid_pr-0.6922
2025-06-09 11:47:46 - INFO - epoch-322, train_loss-0.0895, train_rmse-0.2992, valid_rmse-1.3273, valid_pr-0.7046
2025-06-09 11:48:00 - INFO - epoch-323, train_loss-0.0950, train_rmse-0.3082, valid_rmse-1.3499, valid_pr-0.6937
2025-06-09 11:48:15 - INFO - epoch-324, train_loss-0.0858, train_rmse-0.2929, valid_rmse-1.3363, valid_pr-0.6974
2025-06-09 11:48:28 - INFO - epoch-325, train_loss-0.0969, train_rmse-0.3113, valid_rmse-1.3237, valid_pr-0.7022
2025-06-09 11:48:43 - INFO - epoch-326, train_loss-0.0923, train_rmse-0.3039, valid_rmse-1.3386, valid_pr-0.6984
2025-06-09 11:48:56 - INFO - epoch-327, train_loss-0.0804, train_rmse-0.2835, valid_rmse-1.3392, valid_pr-0.6991
2025-06-09 11:49:11 - INFO - epoch-328, train_loss-0.0789, train_rmse-0.2808, valid_rmse-1.3552, valid_pr-0.6925
2025-06-09 11:49:25 - INFO - epoch-329, train_loss-0.0800, train_rmse-0.2828, valid_rmse-1.3143, valid_pr-0.7047
2025-06-09 11:49:39 - INFO - epoch-330, train_loss-0.0877, train_rmse-0.2961, valid_rmse-1.3327, valid_pr-0.6985
2025-06-09 11:49:53 - INFO - epoch-331, train_loss-0.0830, train_rmse-0.2881, valid_rmse-1.3324, valid_pr-0.7069
2025-06-09 11:50:07 - INFO - epoch-332, train_loss-0.0886, train_rmse-0.2976, valid_rmse-1.3238, valid_pr-0.7054
2025-06-09 11:50:21 - INFO - epoch-333, train_loss-0.0847, train_rmse-0.2910, valid_rmse-1.3622, valid_pr-0.6977
2025-06-09 11:50:35 - INFO - epoch-334, train_loss-0.0820, train_rmse-0.2864, valid_rmse-1.3562, valid_pr-0.7046
2025-06-09 11:50:50 - INFO - epoch-335, train_loss-0.0862, train_rmse-0.2935, valid_rmse-1.3171, valid_pr-0.7036
2025-06-09 11:51:03 - INFO - epoch-336, train_loss-0.0810, train_rmse-0.2846, valid_rmse-1.3335, valid_pr-0.6997
2025-06-09 11:51:16 - INFO - epoch-337, train_loss-0.0822, train_rmse-0.2867, valid_rmse-1.3505, valid_pr-0.6932
2025-06-09 11:51:30 - INFO - epoch-338, train_loss-0.0826, train_rmse-0.2874, valid_rmse-1.3194, valid_pr-0.7053
2025-06-09 11:51:44 - INFO - epoch-339, train_loss-0.0901, train_rmse-0.3001, valid_rmse-1.3374, valid_pr-0.6958
2025-06-09 11:51:58 - INFO - epoch-340, train_loss-0.0790, train_rmse-0.2811, valid_rmse-1.3660, valid_pr-0.7005
2025-06-09 11:52:12 - INFO - epoch-341, train_loss-0.0883, train_rmse-0.2972, valid_rmse-1.3429, valid_pr-0.7158
2025-06-09 11:52:26 - INFO - epoch-342, train_loss-0.0927, train_rmse-0.3045, valid_rmse-1.3068, valid_pr-0.7093
2025-06-09 11:52:40 - INFO - epoch-343, train_loss-0.0799, train_rmse-0.2827, valid_rmse-1.3431, valid_pr-0.6984
2025-06-09 11:52:53 - INFO - epoch-344, train_loss-0.0796, train_rmse-0.2821, valid_rmse-1.3173, valid_pr-0.7069
2025-06-09 11:53:07 - INFO - epoch-345, train_loss-0.0792, train_rmse-0.2814, valid_rmse-1.3477, valid_pr-0.7063
2025-06-09 11:53:22 - INFO - epoch-346, train_loss-0.0810, train_rmse-0.2846, valid_rmse-1.3382, valid_pr-0.6985
2025-06-09 11:53:36 - INFO - epoch-347, train_loss-0.0854, train_rmse-0.2922, valid_rmse-1.3354, valid_pr-0.6980
2025-06-09 11:53:49 - INFO - epoch-348, train_loss-0.0853, train_rmse-0.2921, valid_rmse-1.3506, valid_pr-0.6964
2025-06-09 11:54:05 - INFO - epoch-349, train_loss-0.0944, train_rmse-0.3072, valid_rmse-1.3453, valid_pr-0.6913
2025-06-09 11:54:19 - INFO - epoch-350, train_loss-0.0840, train_rmse-0.2898, valid_rmse-1.3179, valid_pr-0.7076
2025-06-09 11:54:33 - INFO - epoch-351, train_loss-0.0862, train_rmse-0.2935, valid_rmse-1.3285, valid_pr-0.7001
2025-06-09 11:54:47 - INFO - epoch-352, train_loss-0.0752, train_rmse-0.2742, valid_rmse-1.3579, valid_pr-0.7001
2025-06-09 11:55:01 - INFO - epoch-353, train_loss-0.0808, train_rmse-0.2843, valid_rmse-1.3675, valid_pr-0.6996
2025-06-09 11:55:15 - INFO - epoch-354, train_loss-0.0808, train_rmse-0.2843, valid_rmse-1.3200, valid_pr-0.6999
2025-06-09 11:55:29 - INFO - epoch-355, train_loss-0.0833, train_rmse-0.2887, valid_rmse-1.3468, valid_pr-0.6984
2025-06-09 11:55:44 - INFO - epoch-356, train_loss-0.0897, train_rmse-0.2995, valid_rmse-1.3404, valid_pr-0.7008
2025-06-09 11:55:58 - INFO - epoch-357, train_loss-0.0784, train_rmse-0.2801, valid_rmse-1.3308, valid_pr-0.7079
2025-06-09 11:56:12 - INFO - epoch-358, train_loss-0.0816, train_rmse-0.2856, valid_rmse-1.3381, valid_pr-0.6985
2025-06-09 11:56:26 - INFO - epoch-359, train_loss-0.0778, train_rmse-0.2788, valid_rmse-1.3367, valid_pr-0.7001
2025-06-09 11:56:40 - INFO - epoch-360, train_loss-0.0785, train_rmse-0.2801, valid_rmse-1.3333, valid_pr-0.6981
2025-06-09 11:56:54 - INFO - epoch-361, train_loss-0.0854, train_rmse-0.2922, valid_rmse-1.3285, valid_pr-0.7050
2025-06-09 11:57:09 - INFO - epoch-362, train_loss-0.0794, train_rmse-0.2818, valid_rmse-1.3243, valid_pr-0.7026
2025-06-09 11:57:22 - INFO - epoch-363, train_loss-0.0862, train_rmse-0.2935, valid_rmse-1.3553, valid_pr-0.7052
2025-06-09 11:57:37 - INFO - epoch-364, train_loss-0.0801, train_rmse-0.2829, valid_rmse-1.3544, valid_pr-0.6928
2025-06-09 11:57:51 - INFO - epoch-365, train_loss-0.0797, train_rmse-0.2823, valid_rmse-1.3497, valid_pr-0.6986
2025-06-09 11:58:05 - INFO - epoch-366, train_loss-0.0822, train_rmse-0.2867, valid_rmse-1.3115, valid_pr-0.7049
2025-06-09 11:58:19 - INFO - epoch-367, train_loss-0.0764, train_rmse-0.2765, valid_rmse-1.3657, valid_pr-0.7021
2025-06-09 11:58:33 - INFO - epoch-368, train_loss-0.0905, train_rmse-0.3009, valid_rmse-1.3312, valid_pr-0.6949
2025-06-09 11:58:47 - INFO - epoch-369, train_loss-0.0829, train_rmse-0.2880, valid_rmse-1.3207, valid_pr-0.7027
2025-06-09 11:59:02 - INFO - epoch-370, train_loss-0.0818, train_rmse-0.2860, valid_rmse-1.3349, valid_pr-0.7020
2025-06-09 11:59:16 - INFO - epoch-371, train_loss-0.0773, train_rmse-0.2780, valid_rmse-1.3354, valid_pr-0.6995
2025-06-09 11:59:30 - INFO - epoch-372, train_loss-0.0778, train_rmse-0.2789, valid_rmse-1.3306, valid_pr-0.6992
2025-06-09 11:59:44 - INFO - epoch-373, train_loss-0.0669, train_rmse-0.2586, valid_rmse-1.3363, valid_pr-0.6981
2025-06-09 11:59:58 - INFO - epoch-374, train_loss-0.0782, train_rmse-0.2797, valid_rmse-1.3233, valid_pr-0.7025
2025-06-09 12:00:12 - INFO - epoch-375, train_loss-0.0768, train_rmse-0.2772, valid_rmse-1.3433, valid_pr-0.6977
2025-06-09 12:00:24 - INFO - epoch-376, train_loss-0.0756, train_rmse-0.2749, valid_rmse-1.3176, valid_pr-0.7032
2025-06-09 12:00:38 - INFO - epoch-377, train_loss-0.0647, train_rmse-0.2543, valid_rmse-1.3398, valid_pr-0.6985
2025-06-09 12:00:49 - INFO - epoch-378, train_loss-0.0767, train_rmse-0.2770, valid_rmse-1.3213, valid_pr-0.7014
2025-06-09 12:01:01 - INFO - epoch-379, train_loss-0.0852, train_rmse-0.2919, valid_rmse-1.3094, valid_pr-0.7057
2025-06-09 12:01:14 - INFO - epoch-380, train_loss-0.0832, train_rmse-0.2884, valid_rmse-1.3459, valid_pr-0.7020
2025-06-09 12:01:26 - INFO - epoch-381, train_loss-0.0804, train_rmse-0.2835, valid_rmse-1.3281, valid_pr-0.7038
2025-06-09 12:01:38 - INFO - epoch-382, train_loss-0.0797, train_rmse-0.2823, valid_rmse-1.3176, valid_pr-0.7084
2025-06-09 12:01:50 - INFO - epoch-383, train_loss-0.0815, train_rmse-0.2855, valid_rmse-1.3252, valid_pr-0.7032
2025-06-09 12:02:02 - INFO - epoch-384, train_loss-0.0750, train_rmse-0.2739, valid_rmse-1.3092, valid_pr-0.7105
2025-06-09 12:02:14 - INFO - epoch-385, train_loss-0.0779, train_rmse-0.2790, valid_rmse-1.3283, valid_pr-0.7020
2025-06-09 12:02:26 - INFO - epoch-386, train_loss-0.0808, train_rmse-0.2842, valid_rmse-1.3119, valid_pr-0.7063
2025-06-09 12:02:37 - INFO - epoch-387, train_loss-0.0775, train_rmse-0.2784, valid_rmse-1.3133, valid_pr-0.7097
2025-06-09 12:02:47 - INFO - epoch-388, train_loss-0.0819, train_rmse-0.2862, valid_rmse-1.3280, valid_pr-0.7030
2025-06-09 12:02:57 - INFO - epoch-389, train_loss-0.0810, train_rmse-0.2846, valid_rmse-1.3209, valid_pr-0.7048
2025-06-09 12:03:07 - INFO - epoch-390, train_loss-0.0785, train_rmse-0.2801, valid_rmse-1.3017, valid_pr-0.7110
2025-06-09 12:03:17 - INFO - epoch-391, train_loss-0.0837, train_rmse-0.2894, valid_rmse-1.3290, valid_pr-0.7060
2025-06-09 12:03:27 - INFO - epoch-392, train_loss-0.0768, train_rmse-0.2771, valid_rmse-1.3319, valid_pr-0.7075
2025-06-09 12:03:36 - INFO - epoch-393, train_loss-0.0761, train_rmse-0.2758, valid_rmse-1.3209, valid_pr-0.7058
2025-06-09 12:03:46 - INFO - epoch-394, train_loss-0.0765, train_rmse-0.2767, valid_rmse-1.3318, valid_pr-0.7040
2025-06-09 12:03:56 - INFO - epoch-395, train_loss-0.0672, train_rmse-0.2592, valid_rmse-1.3134, valid_pr-0.7031
2025-06-09 12:04:06 - INFO - epoch-396, train_loss-0.0676, train_rmse-0.2601, valid_rmse-1.3234, valid_pr-0.7095
2025-06-09 12:04:16 - INFO - epoch-397, train_loss-0.0808, train_rmse-0.2842, valid_rmse-1.3329, valid_pr-0.6963
2025-06-09 12:04:26 - INFO - epoch-398, train_loss-0.0823, train_rmse-0.2868, valid_rmse-1.3220, valid_pr-0.7059
2025-06-09 12:04:35 - INFO - epoch-399, train_loss-0.0694, train_rmse-0.2635, valid_rmse-1.3145, valid_pr-0.7090
2025-06-09 12:04:45 - INFO - epoch-400, train_loss-0.0704, train_rmse-0.2653, valid_rmse-1.3224, valid_pr-0.7040
2025-06-09 12:04:54 - INFO - epoch-401, train_loss-0.0759, train_rmse-0.2755, valid_rmse-1.3685, valid_pr-0.6954
2025-06-09 12:05:04 - INFO - epoch-402, train_loss-0.0775, train_rmse-0.2784, valid_rmse-1.3131, valid_pr-0.7105
2025-06-09 12:05:13 - INFO - epoch-403, train_loss-0.0852, train_rmse-0.2920, valid_rmse-1.3115, valid_pr-0.7103
2025-06-09 12:05:23 - INFO - epoch-404, train_loss-0.0806, train_rmse-0.2840, valid_rmse-1.3309, valid_pr-0.7090
2025-06-09 12:05:33 - INFO - epoch-405, train_loss-0.0891, train_rmse-0.2984, valid_rmse-1.3590, valid_pr-0.6953
2025-06-09 12:05:42 - INFO - epoch-406, train_loss-0.0901, train_rmse-0.3002, valid_rmse-1.3128, valid_pr-0.7095
2025-06-09 12:05:52 - INFO - epoch-407, train_loss-0.0776, train_rmse-0.2785, valid_rmse-1.4214, valid_pr-0.6859
2025-06-09 12:06:02 - INFO - epoch-408, train_loss-0.0882, train_rmse-0.2969, valid_rmse-1.3385, valid_pr-0.6940
2025-06-09 12:06:11 - INFO - epoch-409, train_loss-0.0799, train_rmse-0.2827, valid_rmse-1.3370, valid_pr-0.6986
2025-06-09 12:06:21 - INFO - epoch-410, train_loss-0.0754, train_rmse-0.2746, valid_rmse-1.3165, valid_pr-0.7055
2025-06-09 12:06:31 - INFO - epoch-411, train_loss-0.0730, train_rmse-0.2702, valid_rmse-1.3150, valid_pr-0.7097
2025-06-09 12:06:40 - INFO - epoch-412, train_loss-0.0801, train_rmse-0.2830, valid_rmse-1.3330, valid_pr-0.6922
2025-06-09 12:06:50 - INFO - epoch-413, train_loss-0.0908, train_rmse-0.3013, valid_rmse-1.3623, valid_pr-0.6936
2025-06-09 12:07:00 - INFO - epoch-414, train_loss-0.0758, train_rmse-0.2753, valid_rmse-1.3272, valid_pr-0.7041
2025-06-09 12:07:09 - INFO - epoch-415, train_loss-0.0812, train_rmse-0.2850, valid_rmse-1.3146, valid_pr-0.7051
2025-06-09 12:07:19 - INFO - epoch-416, train_loss-0.0897, train_rmse-0.2995, valid_rmse-1.3201, valid_pr-0.7020
2025-06-09 12:07:28 - INFO - epoch-417, train_loss-0.0787, train_rmse-0.2806, valid_rmse-1.3805, valid_pr-0.6979
2025-06-09 12:07:38 - INFO - epoch-418, train_loss-0.0715, train_rmse-0.2674, valid_rmse-1.3459, valid_pr-0.7125
2025-06-09 12:07:48 - INFO - epoch-419, train_loss-0.0725, train_rmse-0.2692, valid_rmse-1.3487, valid_pr-0.7018
2025-06-09 12:07:57 - INFO - epoch-420, train_loss-0.0770, train_rmse-0.2776, valid_rmse-1.3154, valid_pr-0.7051
2025-06-09 12:08:07 - INFO - epoch-421, train_loss-0.0805, train_rmse-0.2836, valid_rmse-1.3363, valid_pr-0.7008
2025-06-09 12:08:17 - INFO - epoch-422, train_loss-0.0766, train_rmse-0.2768, valid_rmse-1.3114, valid_pr-0.7063
2025-06-09 12:08:26 - INFO - epoch-423, train_loss-0.0738, train_rmse-0.2716, valid_rmse-1.3384, valid_pr-0.7018
2025-06-09 12:08:36 - INFO - epoch-424, train_loss-0.0825, train_rmse-0.2873, valid_rmse-1.3126, valid_pr-0.7037
2025-06-09 12:08:45 - INFO - epoch-425, train_loss-0.0723, train_rmse-0.2689, valid_rmse-1.3246, valid_pr-0.7032
2025-06-09 12:08:55 - INFO - epoch-426, train_loss-0.0804, train_rmse-0.2836, valid_rmse-1.3419, valid_pr-0.7007
2025-06-09 12:09:05 - INFO - epoch-427, train_loss-0.0815, train_rmse-0.2855, valid_rmse-1.3134, valid_pr-0.7043
2025-06-09 12:09:14 - INFO - epoch-428, train_loss-0.0696, train_rmse-0.2638, valid_rmse-1.3130, valid_pr-0.7042
2025-06-09 12:09:24 - INFO - epoch-429, train_loss-0.0661, train_rmse-0.2571, valid_rmse-1.3237, valid_pr-0.7029
2025-06-09 12:09:34 - INFO - epoch-430, train_loss-0.0715, train_rmse-0.2673, valid_rmse-1.3102, valid_pr-0.7073
2025-06-09 12:09:43 - INFO - epoch-431, train_loss-0.0681, train_rmse-0.2609, valid_rmse-1.3385, valid_pr-0.6964
2025-06-09 12:09:53 - INFO - epoch-432, train_loss-0.0704, train_rmse-0.2652, valid_rmse-1.3338, valid_pr-0.7013
2025-06-09 12:10:03 - INFO - epoch-433, train_loss-0.0755, train_rmse-0.2748, valid_rmse-1.3593, valid_pr-0.6979
2025-06-09 12:10:12 - INFO - epoch-434, train_loss-0.0887, train_rmse-0.2979, valid_rmse-1.3286, valid_pr-0.7029
2025-06-09 12:10:22 - INFO - epoch-435, train_loss-0.0754, train_rmse-0.2746, valid_rmse-1.3127, valid_pr-0.7046
2025-06-09 12:10:32 - INFO - epoch-436, train_loss-0.0670, train_rmse-0.2588, valid_rmse-1.3159, valid_pr-0.7110
2025-06-09 12:10:41 - INFO - epoch-437, train_loss-0.0741, train_rmse-0.2723, valid_rmse-1.3216, valid_pr-0.6996
2025-06-09 12:10:51 - INFO - epoch-438, train_loss-0.0662, train_rmse-0.2573, valid_rmse-1.3360, valid_pr-0.7015
2025-06-09 12:11:00 - INFO - epoch-439, train_loss-0.0769, train_rmse-0.2774, valid_rmse-1.3275, valid_pr-0.6985
2025-06-09 12:11:10 - INFO - epoch-440, train_loss-0.0754, train_rmse-0.2746, valid_rmse-1.3302, valid_pr-0.7021
2025-06-09 12:11:19 - INFO - epoch-441, train_loss-0.0724, train_rmse-0.2690, valid_rmse-1.3431, valid_pr-0.6923
2025-06-09 12:11:29 - INFO - epoch-442, train_loss-0.0806, train_rmse-0.2840, valid_rmse-1.3324, valid_pr-0.6970
2025-06-09 12:11:38 - INFO - epoch-443, train_loss-0.0751, train_rmse-0.2740, valid_rmse-1.3526, valid_pr-0.6914
2025-06-09 12:11:48 - INFO - epoch-444, train_loss-0.0645, train_rmse-0.2539, valid_rmse-1.3242, valid_pr-0.6992
2025-06-09 12:11:58 - INFO - epoch-445, train_loss-0.0735, train_rmse-0.2711, valid_rmse-1.3117, valid_pr-0.7058
2025-06-09 12:12:07 - INFO - epoch-446, train_loss-0.0737, train_rmse-0.2716, valid_rmse-1.3322, valid_pr-0.6997
2025-06-09 12:12:17 - INFO - epoch-447, train_loss-0.0798, train_rmse-0.2825, valid_rmse-1.3358, valid_pr-0.7004
2025-06-09 12:12:26 - INFO - epoch-448, train_loss-0.0735, train_rmse-0.2711, valid_rmse-1.3148, valid_pr-0.7033
2025-06-09 12:12:36 - INFO - epoch-449, train_loss-0.0683, train_rmse-0.2613, valid_rmse-1.3270, valid_pr-0.6990
2025-06-09 12:12:45 - INFO - epoch-450, train_loss-0.0716, train_rmse-0.2675, valid_rmse-1.3424, valid_pr-0.6898
2025-06-09 12:12:55 - INFO - epoch-451, train_loss-0.0773, train_rmse-0.2781, valid_rmse-1.3168, valid_pr-0.7029
2025-06-09 12:13:05 - INFO - epoch-452, train_loss-0.0801, train_rmse-0.2831, valid_rmse-1.3312, valid_pr-0.7040
2025-06-09 12:13:14 - INFO - epoch-453, train_loss-0.0738, train_rmse-0.2716, valid_rmse-1.3273, valid_pr-0.7008
2025-06-09 12:13:24 - INFO - epoch-454, train_loss-0.0725, train_rmse-0.2693, valid_rmse-1.3371, valid_pr-0.7009
2025-06-09 12:13:34 - INFO - epoch-455, train_loss-0.0694, train_rmse-0.2634, valid_rmse-1.3487, valid_pr-0.6975
2025-06-09 12:13:43 - INFO - epoch-456, train_loss-0.0665, train_rmse-0.2579, valid_rmse-1.3240, valid_pr-0.7002
2025-06-09 12:13:53 - INFO - epoch-457, train_loss-0.0713, train_rmse-0.2671, valid_rmse-1.3305, valid_pr-0.6975
2025-06-09 12:14:03 - INFO - epoch-458, train_loss-0.0659, train_rmse-0.2567, valid_rmse-1.3245, valid_pr-0.7023
2025-06-09 12:14:12 - INFO - epoch-459, train_loss-0.0772, train_rmse-0.2779, valid_rmse-1.3212, valid_pr-0.7039
2025-06-09 12:14:22 - INFO - epoch-460, train_loss-0.0645, train_rmse-0.2539, valid_rmse-1.3256, valid_pr-0.7026
2025-06-09 12:14:32 - INFO - epoch-461, train_loss-0.0780, train_rmse-0.2793, valid_rmse-1.3187, valid_pr-0.7078
2025-06-09 12:14:41 - INFO - epoch-462, train_loss-0.0707, train_rmse-0.2658, valid_rmse-1.3472, valid_pr-0.7009
2025-06-09 12:14:51 - INFO - epoch-463, train_loss-0.0761, train_rmse-0.2758, valid_rmse-1.3598, valid_pr-0.6924
2025-06-09 12:15:00 - INFO - epoch-464, train_loss-0.0857, train_rmse-0.2928, valid_rmse-1.3340, valid_pr-0.6983
2025-06-09 12:15:10 - INFO - epoch-465, train_loss-0.0774, train_rmse-0.2781, valid_rmse-1.3282, valid_pr-0.6977
2025-06-09 12:15:20 - INFO - epoch-466, train_loss-0.0936, train_rmse-0.3060, valid_rmse-1.3366, valid_pr-0.6950
2025-06-09 12:15:29 - INFO - epoch-467, train_loss-0.0833, train_rmse-0.2887, valid_rmse-1.3411, valid_pr-0.6943
2025-06-09 12:15:39 - INFO - epoch-468, train_loss-0.0726, train_rmse-0.2695, valid_rmse-1.3608, valid_pr-0.6958
2025-06-09 12:15:49 - INFO - epoch-469, train_loss-0.0813, train_rmse-0.2852, valid_rmse-1.3280, valid_pr-0.6969
2025-06-09 12:15:58 - INFO - epoch-470, train_loss-0.0838, train_rmse-0.2895, valid_rmse-1.3580, valid_pr-0.6958
2025-06-09 12:16:08 - INFO - epoch-471, train_loss-0.0805, train_rmse-0.2837, valid_rmse-1.3545, valid_pr-0.6898
2025-06-09 12:16:17 - INFO - epoch-472, train_loss-0.0776, train_rmse-0.2786, valid_rmse-1.3411, valid_pr-0.7014
2025-06-09 12:16:27 - INFO - epoch-473, train_loss-0.0679, train_rmse-0.2606, valid_rmse-1.3302, valid_pr-0.6981
2025-06-09 12:16:37 - INFO - epoch-474, train_loss-0.0630, train_rmse-0.2510, valid_rmse-1.3481, valid_pr-0.6957
2025-06-09 12:16:46 - INFO - epoch-475, train_loss-0.0637, train_rmse-0.2523, valid_rmse-1.3693, valid_pr-0.6898
2025-06-09 12:16:56 - INFO - epoch-476, train_loss-0.0741, train_rmse-0.2723, valid_rmse-1.3658, valid_pr-0.6937
2025-06-09 12:17:05 - INFO - epoch-477, train_loss-0.0811, train_rmse-0.2847, valid_rmse-1.3560, valid_pr-0.6951
2025-06-09 12:17:15 - INFO - epoch-478, train_loss-0.0897, train_rmse-0.2995, valid_rmse-1.3356, valid_pr-0.6977
2025-06-09 12:17:25 - INFO - epoch-479, train_loss-0.0697, train_rmse-0.2639, valid_rmse-1.3310, valid_pr-0.6980
2025-06-09 12:17:34 - INFO - epoch-480, train_loss-0.0657, train_rmse-0.2563, valid_rmse-1.3280, valid_pr-0.7004
2025-06-09 12:17:44 - INFO - epoch-481, train_loss-0.0767, train_rmse-0.2769, valid_rmse-1.3166, valid_pr-0.7055
2025-06-09 12:17:54 - INFO - epoch-482, train_loss-0.0707, train_rmse-0.2659, valid_rmse-1.3297, valid_pr-0.7016
2025-06-09 12:18:03 - INFO - epoch-483, train_loss-0.0672, train_rmse-0.2592, valid_rmse-1.3827, valid_pr-0.6871
2025-06-09 12:18:13 - INFO - epoch-484, train_loss-0.0700, train_rmse-0.2646, valid_rmse-1.3213, valid_pr-0.7065
2025-06-09 12:18:23 - INFO - epoch-485, train_loss-0.0768, train_rmse-0.2771, valid_rmse-1.3503, valid_pr-0.6990
2025-06-09 12:18:32 - INFO - epoch-486, train_loss-0.0850, train_rmse-0.2916, valid_rmse-1.3638, valid_pr-0.6953
2025-06-09 12:18:42 - INFO - epoch-487, train_loss-0.0633, train_rmse-0.2516, valid_rmse-1.3501, valid_pr-0.6968
2025-06-09 12:18:51 - INFO - epoch-488, train_loss-0.0715, train_rmse-0.2674, valid_rmse-1.3493, valid_pr-0.6990
2025-06-09 12:19:01 - INFO - epoch-489, train_loss-0.0694, train_rmse-0.2635, valid_rmse-1.3245, valid_pr-0.6998
2025-06-09 12:19:11 - INFO - epoch-490, train_loss-0.0770, train_rmse-0.2775, valid_rmse-1.3389, valid_pr-0.6977
2025-06-09 12:19:20 - INFO - epoch-491, train_loss-0.0745, train_rmse-0.2729, valid_rmse-1.3393, valid_pr-0.6939
2025-06-09 12:19:20 - INFO - early stop in epoch 491
2025-06-09 12:19:20 - INFO - best_rmse: 1.3017
2025-06-09 12:19:24 - INFO - valid_rmse-1.3017, valid_pr-0.7110, test2013_rmse-1.6091, test2013_pr-0.7287, test2016_rmse-1.4219, test2016_pr-0.7597, test2019_rmse-1.5801, test2019_pr-0.5120,
