2025-06-11 15:21:28 - INFO - train_GAT_demo.py
2025-06-11 15:21:28 - INFO - train data: 11904
2025-06-11 15:21:28 - INFO - valid data: 1000
2025-06-11 15:21:28 - INFO - test2013 data: 107
2025-06-11 15:21:28 - INFO - test2016 data: 285
2025-06-11 15:21:28 - INFO - test2019 data: 4366
2025-06-11 15:21:44 - INFO - epoch-0, train_loss-40.3333, train_rmse-6.3508, valid_rmse-5.2580, valid_pr-0.4356
2025-06-11 15:21:48 - INFO - epoch-1, train_loss-24.9117, train_rmse-4.9912, valid_rmse-3.8943, valid_pr-0.5154
2025-06-11 15:21:52 - INFO - epoch-2, train_loss-7.7127, train_rmse-2.7772, valid_rmse-2.5453, valid_pr-0.5335
2025-06-11 15:21:56 - INFO - epoch-3, train_loss-3.6784, train_rmse-1.9179, valid_rmse-1.6602, valid_pr-0.4854
2025-06-11 15:22:00 - INFO - epoch-4, train_loss-3.4150, train_rmse-1.8480, valid_rmse-1.8415, valid_pr-0.3264
2025-06-11 15:22:04 - INFO - epoch-5, train_loss-3.2746, train_rmse-1.8096, valid_rmse-1.5998, valid_pr-0.5274
2025-06-11 15:22:08 - INFO - epoch-6, train_loss-3.1692, train_rmse-1.7802, valid_rmse-1.5902, valid_pr-0.5131
2025-06-11 15:22:12 - INFO - epoch-7, train_loss-3.1570, train_rmse-1.7768, valid_rmse-1.7990, valid_pr-0.4218
2025-06-11 15:22:15 - INFO - epoch-8, train_loss-3.0782, train_rmse-1.7545, valid_rmse-1.5859, valid_pr-0.5367
2025-06-11 15:22:19 - INFO - epoch-9, train_loss-3.0677, train_rmse-1.7515, valid_rmse-1.5310, valid_pr-0.5610
2025-06-11 15:22:23 - INFO - epoch-10, train_loss-3.0114, train_rmse-1.7353, valid_rmse-1.6556, valid_pr-0.5720
2025-06-11 15:22:27 - INFO - epoch-11, train_loss-2.9790, train_rmse-1.7260, valid_rmse-1.5556, valid_pr-0.5636
2025-06-11 15:22:31 - INFO - epoch-12, train_loss-2.8711, train_rmse-1.6944, valid_rmse-1.5946, valid_pr-0.5795
2025-06-11 15:22:35 - INFO - epoch-13, train_loss-2.8122, train_rmse-1.6770, valid_rmse-1.5622, valid_pr-0.5528
2025-06-11 15:22:39 - INFO - epoch-14, train_loss-2.8099, train_rmse-1.6763, valid_rmse-1.9323, valid_pr-0.4208
2025-06-11 15:22:43 - INFO - epoch-15, train_loss-2.8270, train_rmse-1.6814, valid_rmse-1.5257, valid_pr-0.5763
2025-06-11 15:22:47 - INFO - epoch-16, train_loss-2.7623, train_rmse-1.6620, valid_rmse-1.6217, valid_pr-0.5129
2025-06-11 15:22:51 - INFO - epoch-17, train_loss-2.6827, train_rmse-1.6379, valid_rmse-1.5987, valid_pr-0.5571
2025-06-11 15:22:55 - INFO - epoch-18, train_loss-2.6758, train_rmse-1.6358, valid_rmse-1.6260, valid_pr-0.5407
2025-06-11 15:22:59 - INFO - epoch-19, train_loss-2.6346, train_rmse-1.6231, valid_rmse-1.5534, valid_pr-0.5672
2025-06-11 15:23:02 - INFO - epoch-20, train_loss-2.5922, train_rmse-1.6100, valid_rmse-1.5691, valid_pr-0.6053
2025-06-11 15:23:07 - INFO - epoch-21, train_loss-2.5585, train_rmse-1.5995, valid_rmse-1.5341, valid_pr-0.5830
2025-06-11 15:23:11 - INFO - epoch-22, train_loss-2.4801, train_rmse-1.5748, valid_rmse-1.5398, valid_pr-0.5828
2025-06-11 15:23:15 - INFO - epoch-23, train_loss-2.4689, train_rmse-1.5713, valid_rmse-1.5074, valid_pr-0.5968
2025-06-11 15:23:19 - INFO - epoch-24, train_loss-2.4940, train_rmse-1.5792, valid_rmse-1.5298, valid_pr-0.5731
2025-06-11 15:23:23 - INFO - epoch-25, train_loss-2.4655, train_rmse-1.5702, valid_rmse-1.8682, valid_pr-0.5238
2025-06-11 15:23:26 - INFO - epoch-26, train_loss-2.4474, train_rmse-1.5644, valid_rmse-1.5702, valid_pr-0.5590
2025-06-11 15:23:30 - INFO - epoch-27, train_loss-2.4007, train_rmse-1.5494, valid_rmse-1.5814, valid_pr-0.5910
2025-06-11 15:23:34 - INFO - epoch-28, train_loss-2.4195, train_rmse-1.5555, valid_rmse-1.4522, valid_pr-0.6192
2025-06-11 15:23:38 - INFO - epoch-29, train_loss-2.3627, train_rmse-1.5371, valid_rmse-1.4785, valid_pr-0.6221
2025-06-11 15:23:42 - INFO - epoch-30, train_loss-2.3443, train_rmse-1.5311, valid_rmse-1.5398, valid_pr-0.5922
2025-06-11 15:23:46 - INFO - epoch-31, train_loss-2.2993, train_rmse-1.5164, valid_rmse-1.5457, valid_pr-0.5898
2025-06-11 15:23:50 - INFO - epoch-32, train_loss-2.2958, train_rmse-1.5152, valid_rmse-1.4821, valid_pr-0.6228
2025-06-11 15:23:54 - INFO - epoch-33, train_loss-2.2624, train_rmse-1.5041, valid_rmse-1.5448, valid_pr-0.6136
2025-06-11 15:23:58 - INFO - epoch-34, train_loss-2.2604, train_rmse-1.5035, valid_rmse-1.5295, valid_pr-0.5753
2025-06-11 15:24:02 - INFO - epoch-35, train_loss-2.2313, train_rmse-1.4937, valid_rmse-1.4294, valid_pr-0.6527
2025-06-11 15:24:06 - INFO - epoch-36, train_loss-2.1962, train_rmse-1.4820, valid_rmse-1.5832, valid_pr-0.5502
2025-06-11 15:24:10 - INFO - epoch-37, train_loss-2.1958, train_rmse-1.4818, valid_rmse-1.4179, valid_pr-0.6471
2025-06-11 15:24:14 - INFO - epoch-38, train_loss-2.1534, train_rmse-1.4675, valid_rmse-1.4494, valid_pr-0.6294
2025-06-11 15:24:18 - INFO - epoch-39, train_loss-2.1577, train_rmse-1.4689, valid_rmse-1.8278, valid_pr-0.5921
2025-06-11 15:24:22 - INFO - epoch-40, train_loss-2.1391, train_rmse-1.4626, valid_rmse-1.4210, valid_pr-0.6396
2025-06-11 15:24:26 - INFO - epoch-41, train_loss-2.1486, train_rmse-1.4658, valid_rmse-1.4371, valid_pr-0.6391
2025-06-11 15:24:30 - INFO - epoch-42, train_loss-2.1398, train_rmse-1.4628, valid_rmse-1.4276, valid_pr-0.6403
2025-06-11 15:24:34 - INFO - epoch-43, train_loss-2.1079, train_rmse-1.4519, valid_rmse-1.4451, valid_pr-0.6289
2025-06-11 15:24:38 - INFO - epoch-44, train_loss-2.0766, train_rmse-1.4411, valid_rmse-1.4445, valid_pr-0.6433
2025-06-11 15:24:41 - INFO - epoch-45, train_loss-2.0588, train_rmse-1.4349, valid_rmse-1.6021, valid_pr-0.6245
2025-06-11 15:24:45 - INFO - epoch-46, train_loss-2.0207, train_rmse-1.4215, valid_rmse-1.3794, valid_pr-0.6670
2025-06-11 15:24:49 - INFO - epoch-47, train_loss-2.0322, train_rmse-1.4255, valid_rmse-1.5725, valid_pr-0.6275
2025-06-11 15:24:53 - INFO - epoch-48, train_loss-2.0141, train_rmse-1.4192, valid_rmse-1.5619, valid_pr-0.6169
2025-06-11 15:24:57 - INFO - epoch-49, train_loss-2.0084, train_rmse-1.4172, valid_rmse-1.4560, valid_pr-0.6529
2025-06-11 15:25:01 - INFO - epoch-50, train_loss-1.9758, train_rmse-1.4056, valid_rmse-1.4614, valid_pr-0.6383
2025-06-11 15:25:05 - INFO - epoch-51, train_loss-2.0164, train_rmse-1.4200, valid_rmse-1.4971, valid_pr-0.6192
2025-06-11 15:25:09 - INFO - epoch-52, train_loss-1.9283, train_rmse-1.3886, valid_rmse-1.4221, valid_pr-0.6636
2025-06-11 15:25:13 - INFO - epoch-53, train_loss-1.9170, train_rmse-1.3846, valid_rmse-1.4198, valid_pr-0.6398
2025-06-11 15:25:18 - INFO - epoch-54, train_loss-1.9530, train_rmse-1.3975, valid_rmse-1.5630, valid_pr-0.6182
2025-06-11 15:25:22 - INFO - epoch-55, train_loss-1.9168, train_rmse-1.3845, valid_rmse-1.4002, valid_pr-0.6668
2025-06-11 15:25:26 - INFO - epoch-56, train_loss-1.8926, train_rmse-1.3757, valid_rmse-1.5063, valid_pr-0.5843
2025-06-11 15:25:31 - INFO - epoch-57, train_loss-1.9017, train_rmse-1.3790, valid_rmse-1.4755, valid_pr-0.6294
2025-06-11 15:25:35 - INFO - epoch-58, train_loss-1.8698, train_rmse-1.3674, valid_rmse-1.3792, valid_pr-0.6737
2025-06-11 15:25:39 - INFO - epoch-59, train_loss-1.8451, train_rmse-1.3583, valid_rmse-1.4564, valid_pr-0.6240
2025-06-11 15:25:43 - INFO - epoch-60, train_loss-1.8447, train_rmse-1.3582, valid_rmse-1.4678, valid_pr-0.6225
2025-06-11 15:25:48 - INFO - epoch-61, train_loss-1.8385, train_rmse-1.3559, valid_rmse-1.4545, valid_pr-0.6271
2025-06-11 15:25:52 - INFO - epoch-62, train_loss-1.8092, train_rmse-1.3450, valid_rmse-1.4588, valid_pr-0.6140
2025-06-11 15:25:56 - INFO - epoch-63, train_loss-1.7951, train_rmse-1.3398, valid_rmse-1.5302, valid_pr-0.6083
2025-06-11 15:26:01 - INFO - epoch-64, train_loss-1.8131, train_rmse-1.3465, valid_rmse-1.4868, valid_pr-0.6501
2025-06-11 15:26:05 - INFO - epoch-65, train_loss-1.7940, train_rmse-1.3394, valid_rmse-1.4812, valid_pr-0.6532
2025-06-11 15:26:09 - INFO - epoch-66, train_loss-1.7395, train_rmse-1.3189, valid_rmse-1.5052, valid_pr-0.6553
2025-06-11 15:26:14 - INFO - epoch-67, train_loss-1.7466, train_rmse-1.3216, valid_rmse-1.4038, valid_pr-0.6540
2025-06-11 15:26:18 - INFO - epoch-68, train_loss-1.6988, train_rmse-1.3034, valid_rmse-1.4023, valid_pr-0.6815
2025-06-11 15:26:22 - INFO - epoch-69, train_loss-1.6983, train_rmse-1.3032, valid_rmse-1.3653, valid_pr-0.6741
2025-06-11 15:26:26 - INFO - epoch-70, train_loss-1.7059, train_rmse-1.3061, valid_rmse-1.4383, valid_pr-0.6523
2025-06-11 15:26:31 - INFO - epoch-71, train_loss-1.6508, train_rmse-1.2849, valid_rmse-1.3863, valid_pr-0.6779
2025-06-11 15:26:36 - INFO - epoch-72, train_loss-1.6563, train_rmse-1.2870, valid_rmse-1.3798, valid_pr-0.6786
2025-06-11 15:26:40 - INFO - epoch-73, train_loss-1.6337, train_rmse-1.2782, valid_rmse-1.4815, valid_pr-0.6508
2025-06-11 15:26:44 - INFO - epoch-74, train_loss-1.6225, train_rmse-1.2738, valid_rmse-1.6540, valid_pr-0.6583
2025-06-11 15:26:48 - INFO - epoch-75, train_loss-1.6118, train_rmse-1.2696, valid_rmse-1.4138, valid_pr-0.6898
2025-06-11 15:26:52 - INFO - epoch-76, train_loss-1.6064, train_rmse-1.2674, valid_rmse-1.3321, valid_pr-0.6933
2025-06-11 15:26:55 - INFO - epoch-77, train_loss-1.5710, train_rmse-1.2534, valid_rmse-1.6190, valid_pr-0.5192
2025-06-11 15:26:59 - INFO - epoch-78, train_loss-1.5501, train_rmse-1.2450, valid_rmse-1.3715, valid_pr-0.6879
2025-06-11 15:27:03 - INFO - epoch-79, train_loss-1.5452, train_rmse-1.2431, valid_rmse-1.4730, valid_pr-0.6298
2025-06-11 15:27:07 - INFO - epoch-80, train_loss-1.5471, train_rmse-1.2438, valid_rmse-1.5680, valid_pr-0.6248
2025-06-11 15:27:11 - INFO - epoch-81, train_loss-1.5478, train_rmse-1.2441, valid_rmse-1.4053, valid_pr-0.6620
2025-06-11 15:27:15 - INFO - epoch-82, train_loss-1.5110, train_rmse-1.2292, valid_rmse-1.5064, valid_pr-0.6492
2025-06-11 15:27:19 - INFO - epoch-83, train_loss-1.4744, train_rmse-1.2143, valid_rmse-1.4763, valid_pr-0.6701
2025-06-11 15:27:23 - INFO - epoch-84, train_loss-1.4680, train_rmse-1.2116, valid_rmse-1.4181, valid_pr-0.6590
2025-06-11 15:27:27 - INFO - epoch-85, train_loss-1.4847, train_rmse-1.2185, valid_rmse-1.3477, valid_pr-0.6897
2025-06-11 15:27:31 - INFO - epoch-86, train_loss-1.4730, train_rmse-1.2137, valid_rmse-1.3649, valid_pr-0.6893
2025-06-11 15:27:35 - INFO - epoch-87, train_loss-1.4521, train_rmse-1.2050, valid_rmse-1.5131, valid_pr-0.6209
2025-06-11 15:27:39 - INFO - epoch-88, train_loss-1.4107, train_rmse-1.1877, valid_rmse-1.3843, valid_pr-0.6859
2025-06-11 15:27:43 - INFO - epoch-89, train_loss-1.3922, train_rmse-1.1799, valid_rmse-1.5803, valid_pr-0.5969
2025-06-11 15:27:47 - INFO - epoch-90, train_loss-1.4214, train_rmse-1.1922, valid_rmse-1.3748, valid_pr-0.6917
2025-06-11 15:27:51 - INFO - epoch-91, train_loss-1.3494, train_rmse-1.1617, valid_rmse-1.5023, valid_pr-0.6605
2025-06-11 15:27:55 - INFO - epoch-92, train_loss-1.3575, train_rmse-1.1651, valid_rmse-1.3854, valid_pr-0.6613
2025-06-11 15:27:59 - INFO - epoch-93, train_loss-1.3665, train_rmse-1.1690, valid_rmse-1.4251, valid_pr-0.6497
2025-06-11 15:28:03 - INFO - epoch-94, train_loss-1.3010, train_rmse-1.1406, valid_rmse-1.4939, valid_pr-0.6038
2025-06-11 15:28:06 - INFO - epoch-95, train_loss-1.3142, train_rmse-1.1464, valid_rmse-1.4707, valid_pr-0.6696
2025-06-11 15:28:10 - INFO - epoch-96, train_loss-1.3236, train_rmse-1.1505, valid_rmse-1.4684, valid_pr-0.6792
2025-06-11 15:28:14 - INFO - epoch-97, train_loss-1.2865, train_rmse-1.1342, valid_rmse-1.3823, valid_pr-0.6956
2025-06-11 15:28:18 - INFO - epoch-98, train_loss-1.2731, train_rmse-1.1283, valid_rmse-1.4110, valid_pr-0.6833
2025-06-11 15:28:22 - INFO - epoch-99, train_loss-1.2389, train_rmse-1.1131, valid_rmse-1.3500, valid_pr-0.7022
2025-06-11 15:28:26 - INFO - epoch-100, train_loss-1.2688, train_rmse-1.1264, valid_rmse-1.5531, valid_pr-0.5810
2025-06-11 15:28:30 - INFO - epoch-101, train_loss-1.2240, train_rmse-1.1064, valid_rmse-1.4319, valid_pr-0.6772
2025-06-11 15:28:34 - INFO - epoch-102, train_loss-1.2147, train_rmse-1.1022, valid_rmse-1.4088, valid_pr-0.6859
2025-06-11 15:28:38 - INFO - epoch-103, train_loss-1.1907, train_rmse-1.0912, valid_rmse-1.4315, valid_pr-0.6582
2025-06-11 15:28:41 - INFO - epoch-104, train_loss-1.1833, train_rmse-1.0878, valid_rmse-1.3945, valid_pr-0.6669
2025-06-11 15:28:45 - INFO - epoch-105, train_loss-1.1906, train_rmse-1.0911, valid_rmse-1.4567, valid_pr-0.6516
2025-06-11 15:28:49 - INFO - epoch-106, train_loss-1.1756, train_rmse-1.0842, valid_rmse-1.4936, valid_pr-0.6191
2025-06-11 15:28:53 - INFO - epoch-107, train_loss-1.1469, train_rmse-1.0709, valid_rmse-1.5470, valid_pr-0.6847
2025-06-11 15:28:57 - INFO - epoch-108, train_loss-1.1578, train_rmse-1.0760, valid_rmse-1.4149, valid_pr-0.6673
2025-06-11 15:29:01 - INFO - epoch-109, train_loss-1.1494, train_rmse-1.0721, valid_rmse-1.3913, valid_pr-0.6774
2025-06-11 15:29:05 - INFO - epoch-110, train_loss-1.1054, train_rmse-1.0514, valid_rmse-1.3812, valid_pr-0.6940
2025-06-11 15:29:09 - INFO - epoch-111, train_loss-1.1148, train_rmse-1.0558, valid_rmse-1.4340, valid_pr-0.6426
2025-06-11 15:29:13 - INFO - epoch-112, train_loss-1.0989, train_rmse-1.0483, valid_rmse-1.4278, valid_pr-0.6626
2025-06-11 15:29:17 - INFO - epoch-113, train_loss-1.0696, train_rmse-1.0342, valid_rmse-1.3245, valid_pr-0.6973
2025-06-11 15:29:21 - INFO - epoch-114, train_loss-1.0750, train_rmse-1.0368, valid_rmse-1.4246, valid_pr-0.6860
2025-06-11 15:29:25 - INFO - epoch-115, train_loss-1.0677, train_rmse-1.0333, valid_rmse-1.4438, valid_pr-0.6888
2025-06-11 15:29:29 - INFO - epoch-116, train_loss-1.0741, train_rmse-1.0364, valid_rmse-1.3728, valid_pr-0.6762
2025-06-11 15:29:33 - INFO - epoch-117, train_loss-1.0431, train_rmse-1.0213, valid_rmse-1.5954, valid_pr-0.6402
2025-06-11 15:29:37 - INFO - epoch-118, train_loss-1.0336, train_rmse-1.0166, valid_rmse-1.3841, valid_pr-0.6946
2025-06-11 15:29:40 - INFO - epoch-119, train_loss-1.0050, train_rmse-1.0025, valid_rmse-1.3737, valid_pr-0.6967
2025-06-11 15:29:44 - INFO - epoch-120, train_loss-1.0008, train_rmse-1.0004, valid_rmse-1.4674, valid_pr-0.6708
2025-06-11 15:29:48 - INFO - epoch-121, train_loss-0.9933, train_rmse-0.9966, valid_rmse-1.6837, valid_pr-0.6604
2025-06-11 15:29:52 - INFO - epoch-122, train_loss-0.9635, train_rmse-0.9816, valid_rmse-1.4681, valid_pr-0.6314
2025-06-11 15:29:56 - INFO - epoch-123, train_loss-0.9421, train_rmse-0.9706, valid_rmse-1.3633, valid_pr-0.6944
2025-06-11 15:30:00 - INFO - epoch-124, train_loss-0.9594, train_rmse-0.9795, valid_rmse-1.3727, valid_pr-0.6749
2025-06-11 15:30:04 - INFO - epoch-125, train_loss-0.9779, train_rmse-0.9889, valid_rmse-1.3658, valid_pr-0.6945
2025-06-11 15:30:08 - INFO - epoch-126, train_loss-0.9487, train_rmse-0.9740, valid_rmse-1.3489, valid_pr-0.7112
2025-06-11 15:30:12 - INFO - epoch-127, train_loss-0.9486, train_rmse-0.9740, valid_rmse-1.3735, valid_pr-0.7084
2025-06-11 15:30:16 - INFO - epoch-128, train_loss-0.9020, train_rmse-0.9497, valid_rmse-1.4198, valid_pr-0.6767
2025-06-11 15:30:20 - INFO - epoch-129, train_loss-0.9138, train_rmse-0.9559, valid_rmse-1.4099, valid_pr-0.7028
2025-06-11 15:30:24 - INFO - epoch-130, train_loss-0.9031, train_rmse-0.9503, valid_rmse-1.4441, valid_pr-0.6401
2025-06-11 15:30:27 - INFO - epoch-131, train_loss-0.8555, train_rmse-0.9249, valid_rmse-1.4117, valid_pr-0.6965
2025-06-11 15:30:31 - INFO - epoch-132, train_loss-0.8871, train_rmse-0.9419, valid_rmse-1.4259, valid_pr-0.6512
2025-06-11 15:30:35 - INFO - epoch-133, train_loss-0.8742, train_rmse-0.9350, valid_rmse-1.3875, valid_pr-0.6689
2025-06-11 15:30:39 - INFO - epoch-134, train_loss-0.8550, train_rmse-0.9247, valid_rmse-1.4580, valid_pr-0.6458
2025-06-11 15:30:43 - INFO - epoch-135, train_loss-0.8444, train_rmse-0.9189, valid_rmse-1.4287, valid_pr-0.6624
2025-06-11 15:30:47 - INFO - epoch-136, train_loss-0.8468, train_rmse-0.9202, valid_rmse-1.4964, valid_pr-0.6707
2025-06-11 15:30:51 - INFO - epoch-137, train_loss-0.8464, train_rmse-0.9200, valid_rmse-1.4068, valid_pr-0.6691
2025-06-11 15:30:55 - INFO - epoch-138, train_loss-0.8265, train_rmse-0.9091, valid_rmse-1.3645, valid_pr-0.6962
2025-06-11 15:30:59 - INFO - epoch-139, train_loss-0.8055, train_rmse-0.8975, valid_rmse-1.3988, valid_pr-0.6729
2025-06-11 15:31:03 - INFO - epoch-140, train_loss-0.8191, train_rmse-0.9050, valid_rmse-1.6040, valid_pr-0.6442
2025-06-11 15:31:06 - INFO - epoch-141, train_loss-0.8293, train_rmse-0.9107, valid_rmse-1.3649, valid_pr-0.7133
2025-06-11 15:31:10 - INFO - epoch-142, train_loss-0.7873, train_rmse-0.8873, valid_rmse-1.3776, valid_pr-0.6757
2025-06-11 15:31:14 - INFO - epoch-143, train_loss-0.7668, train_rmse-0.8757, valid_rmse-1.3647, valid_pr-0.6806
2025-06-11 15:31:18 - INFO - epoch-144, train_loss-0.7475, train_rmse-0.8646, valid_rmse-1.3754, valid_pr-0.6756
2025-06-11 15:31:22 - INFO - epoch-145, train_loss-0.7488, train_rmse-0.8653, valid_rmse-1.4850, valid_pr-0.6627
2025-06-11 15:31:26 - INFO - epoch-146, train_loss-0.7507, train_rmse-0.8664, valid_rmse-1.3323, valid_pr-0.7092
2025-06-11 15:31:30 - INFO - epoch-147, train_loss-0.7418, train_rmse-0.8613, valid_rmse-1.4898, valid_pr-0.6294
2025-06-11 15:31:34 - INFO - epoch-148, train_loss-0.7353, train_rmse-0.8575, valid_rmse-1.3980, valid_pr-0.6754
2025-06-11 15:31:38 - INFO - epoch-149, train_loss-0.7053, train_rmse-0.8398, valid_rmse-1.3632, valid_pr-0.6889
2025-06-11 15:31:42 - INFO - epoch-150, train_loss-0.6961, train_rmse-0.8343, valid_rmse-1.4426, valid_pr-0.6837
2025-06-11 15:31:46 - INFO - epoch-151, train_loss-0.7222, train_rmse-0.8498, valid_rmse-1.4879, valid_pr-0.6926
2025-06-11 15:31:50 - INFO - epoch-152, train_loss-0.7355, train_rmse-0.8576, valid_rmse-1.6241, valid_pr-0.6584
2025-06-11 15:31:53 - INFO - epoch-153, train_loss-0.6791, train_rmse-0.8240, valid_rmse-1.4007, valid_pr-0.6826
2025-06-11 15:31:57 - INFO - epoch-154, train_loss-0.6929, train_rmse-0.8324, valid_rmse-1.4135, valid_pr-0.7009
2025-06-11 15:32:01 - INFO - epoch-155, train_loss-0.7318, train_rmse-0.8555, valid_rmse-1.4581, valid_pr-0.6635
2025-06-11 15:32:05 - INFO - epoch-156, train_loss-0.7045, train_rmse-0.8394, valid_rmse-1.3965, valid_pr-0.6990
2025-06-11 15:32:09 - INFO - epoch-157, train_loss-0.6611, train_rmse-0.8131, valid_rmse-1.3973, valid_pr-0.6842
2025-06-11 15:32:13 - INFO - epoch-158, train_loss-0.6701, train_rmse-0.8186, valid_rmse-1.3974, valid_pr-0.6887
2025-06-11 15:32:17 - INFO - epoch-159, train_loss-0.6613, train_rmse-0.8132, valid_rmse-1.4101, valid_pr-0.6731
2025-06-11 15:32:21 - INFO - epoch-160, train_loss-0.6439, train_rmse-0.8024, valid_rmse-1.3350, valid_pr-0.7155
2025-06-11 15:32:25 - INFO - epoch-161, train_loss-0.6441, train_rmse-0.8025, valid_rmse-1.3873, valid_pr-0.6888
2025-06-11 15:32:29 - INFO - epoch-162, train_loss-0.6582, train_rmse-0.8113, valid_rmse-1.3918, valid_pr-0.6891
2025-06-11 15:32:33 - INFO - epoch-163, train_loss-0.6287, train_rmse-0.7929, valid_rmse-1.3895, valid_pr-0.7079
2025-06-11 15:32:37 - INFO - epoch-164, train_loss-0.6240, train_rmse-0.7899, valid_rmse-1.6003, valid_pr-0.6638
2025-06-11 15:32:41 - INFO - epoch-165, train_loss-0.6356, train_rmse-0.7972, valid_rmse-1.4282, valid_pr-0.6867
2025-06-11 15:32:45 - INFO - epoch-166, train_loss-0.6148, train_rmse-0.7841, valid_rmse-1.4509, valid_pr-0.6926
2025-06-11 15:32:49 - INFO - epoch-167, train_loss-0.6285, train_rmse-0.7928, valid_rmse-1.3602, valid_pr-0.7002
2025-06-11 15:32:52 - INFO - epoch-168, train_loss-0.6194, train_rmse-0.7870, valid_rmse-1.3568, valid_pr-0.7029
2025-06-11 15:32:56 - INFO - epoch-169, train_loss-0.6066, train_rmse-0.7789, valid_rmse-1.3742, valid_pr-0.6736
2025-06-11 15:33:00 - INFO - epoch-170, train_loss-0.5882, train_rmse-0.7669, valid_rmse-1.3615, valid_pr-0.6990
2025-06-11 15:33:04 - INFO - epoch-171, train_loss-0.5708, train_rmse-0.7555, valid_rmse-1.3466, valid_pr-0.7166
2025-06-11 15:33:08 - INFO - epoch-172, train_loss-0.5775, train_rmse-0.7600, valid_rmse-1.3451, valid_pr-0.7060
2025-06-11 15:33:12 - INFO - epoch-173, train_loss-0.5746, train_rmse-0.7580, valid_rmse-1.3356, valid_pr-0.7085
2025-06-11 15:33:16 - INFO - epoch-174, train_loss-0.5684, train_rmse-0.7539, valid_rmse-1.4013, valid_pr-0.6823
2025-06-11 15:33:19 - INFO - epoch-175, train_loss-0.5720, train_rmse-0.7563, valid_rmse-1.4172, valid_pr-0.6628
2025-06-11 15:33:23 - INFO - epoch-176, train_loss-0.5734, train_rmse-0.7573, valid_rmse-1.3634, valid_pr-0.6942
2025-06-11 15:33:27 - INFO - epoch-177, train_loss-0.5526, train_rmse-0.7434, valid_rmse-1.3399, valid_pr-0.7066
2025-06-11 15:33:31 - INFO - epoch-178, train_loss-0.5352, train_rmse-0.7316, valid_rmse-1.4221, valid_pr-0.6618
2025-06-11 15:33:35 - INFO - epoch-179, train_loss-0.5444, train_rmse-0.7378, valid_rmse-1.4341, valid_pr-0.6723
2025-06-11 15:33:39 - INFO - epoch-180, train_loss-0.5492, train_rmse-0.7411, valid_rmse-1.3601, valid_pr-0.7016
2025-06-11 15:33:43 - INFO - epoch-181, train_loss-0.5440, train_rmse-0.7375, valid_rmse-1.4021, valid_pr-0.6895
2025-06-11 15:33:46 - INFO - epoch-182, train_loss-0.5406, train_rmse-0.7352, valid_rmse-1.4590, valid_pr-0.6576
2025-06-11 15:33:50 - INFO - epoch-183, train_loss-0.5393, train_rmse-0.7344, valid_rmse-1.3600, valid_pr-0.6851
2025-06-11 15:33:54 - INFO - epoch-184, train_loss-0.5394, train_rmse-0.7345, valid_rmse-1.3889, valid_pr-0.7086
2025-06-11 15:33:58 - INFO - epoch-185, train_loss-0.5359, train_rmse-0.7321, valid_rmse-1.3467, valid_pr-0.7076
2025-06-11 15:34:02 - INFO - epoch-186, train_loss-0.5180, train_rmse-0.7197, valid_rmse-1.4527, valid_pr-0.6976
2025-06-11 15:34:06 - INFO - epoch-187, train_loss-0.4952, train_rmse-0.7037, valid_rmse-1.4068, valid_pr-0.6796
2025-06-11 15:34:10 - INFO - epoch-188, train_loss-0.5152, train_rmse-0.7178, valid_rmse-1.3570, valid_pr-0.6909
2025-06-11 15:34:14 - INFO - epoch-189, train_loss-0.5030, train_rmse-0.7092, valid_rmse-1.4740, valid_pr-0.6987
2025-06-11 15:34:18 - INFO - epoch-190, train_loss-0.5165, train_rmse-0.7187, valid_rmse-1.3672, valid_pr-0.6885
2025-06-11 15:34:22 - INFO - epoch-191, train_loss-0.4964, train_rmse-0.7046, valid_rmse-1.4971, valid_pr-0.6435
2025-06-11 15:34:25 - INFO - epoch-192, train_loss-0.5005, train_rmse-0.7075, valid_rmse-1.3555, valid_pr-0.7102
2025-06-11 15:34:29 - INFO - epoch-193, train_loss-0.4765, train_rmse-0.6903, valid_rmse-1.4179, valid_pr-0.7003
2025-06-11 15:34:33 - INFO - epoch-194, train_loss-0.4667, train_rmse-0.6832, valid_rmse-1.3913, valid_pr-0.6715
2025-06-11 15:34:37 - INFO - epoch-195, train_loss-0.4716, train_rmse-0.6867, valid_rmse-1.3753, valid_pr-0.6921
2025-06-11 15:34:41 - INFO - epoch-196, train_loss-0.4480, train_rmse-0.6693, valid_rmse-1.3701, valid_pr-0.6934
2025-06-11 15:34:44 - INFO - epoch-197, train_loss-0.4607, train_rmse-0.6788, valid_rmse-1.3745, valid_pr-0.7097
2025-06-11 15:34:48 - INFO - epoch-198, train_loss-0.4783, train_rmse-0.6916, valid_rmse-1.4188, valid_pr-0.6871
2025-06-11 15:34:52 - INFO - epoch-199, train_loss-0.4695, train_rmse-0.6852, valid_rmse-1.3648, valid_pr-0.6960
2025-06-11 15:34:56 - INFO - epoch-200, train_loss-0.4728, train_rmse-0.6876, valid_rmse-1.3583, valid_pr-0.6875
2025-06-11 15:35:00 - INFO - epoch-201, train_loss-0.4677, train_rmse-0.6839, valid_rmse-1.4237, valid_pr-0.6716
2025-06-11 15:35:03 - INFO - epoch-202, train_loss-0.4463, train_rmse-0.6680, valid_rmse-1.3954, valid_pr-0.7041
2025-06-11 15:35:07 - INFO - epoch-203, train_loss-0.4423, train_rmse-0.6651, valid_rmse-1.3676, valid_pr-0.6887
2025-06-11 15:35:11 - INFO - epoch-204, train_loss-0.4379, train_rmse-0.6618, valid_rmse-1.4176, valid_pr-0.7009
2025-06-11 15:35:15 - INFO - epoch-205, train_loss-0.4631, train_rmse-0.6805, valid_rmse-1.4204, valid_pr-0.6703
2025-06-11 15:35:18 - INFO - epoch-206, train_loss-0.4414, train_rmse-0.6644, valid_rmse-1.5052, valid_pr-0.6924
2025-06-11 15:35:22 - INFO - epoch-207, train_loss-0.4358, train_rmse-0.6602, valid_rmse-1.3642, valid_pr-0.7086
2025-06-11 15:35:26 - INFO - epoch-208, train_loss-0.4598, train_rmse-0.6781, valid_rmse-1.3728, valid_pr-0.6838
2025-06-11 15:35:30 - INFO - epoch-209, train_loss-0.4319, train_rmse-0.6572, valid_rmse-1.3565, valid_pr-0.7093
2025-06-11 15:35:33 - INFO - epoch-210, train_loss-0.4322, train_rmse-0.6574, valid_rmse-1.4561, valid_pr-0.6667
2025-06-11 15:35:37 - INFO - epoch-211, train_loss-0.4482, train_rmse-0.6695, valid_rmse-1.3828, valid_pr-0.6925
2025-06-11 15:35:41 - INFO - epoch-212, train_loss-0.4348, train_rmse-0.6594, valid_rmse-1.3105, valid_pr-0.7196
2025-06-11 15:35:45 - INFO - epoch-213, train_loss-0.4150, train_rmse-0.6442, valid_rmse-1.3409, valid_pr-0.7137
2025-06-11 15:35:48 - INFO - epoch-214, train_loss-0.4140, train_rmse-0.6434, valid_rmse-1.3479, valid_pr-0.6999
2025-06-11 15:35:52 - INFO - epoch-215, train_loss-0.4099, train_rmse-0.6402, valid_rmse-1.3073, valid_pr-0.7169
2025-06-11 15:35:56 - INFO - epoch-216, train_loss-0.4120, train_rmse-0.6419, valid_rmse-1.3664, valid_pr-0.7143
2025-06-11 15:36:00 - INFO - epoch-217, train_loss-0.4082, train_rmse-0.6389, valid_rmse-1.3582, valid_pr-0.7107
2025-06-11 15:36:03 - INFO - epoch-218, train_loss-0.4225, train_rmse-0.6500, valid_rmse-1.4627, valid_pr-0.6611
2025-06-11 15:36:07 - INFO - epoch-219, train_loss-0.4445, train_rmse-0.6667, valid_rmse-1.3307, valid_pr-0.6975
2025-06-11 15:36:11 - INFO - epoch-220, train_loss-0.4132, train_rmse-0.6428, valid_rmse-1.3666, valid_pr-0.6986
2025-06-11 15:36:15 - INFO - epoch-221, train_loss-0.4014, train_rmse-0.6336, valid_rmse-1.3825, valid_pr-0.6885
2025-06-11 15:36:19 - INFO - epoch-222, train_loss-0.4037, train_rmse-0.6354, valid_rmse-1.3454, valid_pr-0.7015
2025-06-11 15:36:23 - INFO - epoch-223, train_loss-0.3849, train_rmse-0.6204, valid_rmse-1.3332, valid_pr-0.7126
2025-06-11 15:36:27 - INFO - epoch-224, train_loss-0.3711, train_rmse-0.6092, valid_rmse-1.3662, valid_pr-0.6864
2025-06-11 15:36:31 - INFO - epoch-225, train_loss-0.3968, train_rmse-0.6299, valid_rmse-1.4146, valid_pr-0.6867
2025-06-11 15:36:35 - INFO - epoch-226, train_loss-0.4060, train_rmse-0.6372, valid_rmse-1.4235, valid_pr-0.6901
2025-06-11 15:36:38 - INFO - epoch-227, train_loss-0.4023, train_rmse-0.6343, valid_rmse-1.3829, valid_pr-0.6970
2025-06-11 15:36:42 - INFO - epoch-228, train_loss-0.3893, train_rmse-0.6239, valid_rmse-1.3777, valid_pr-0.6866
2025-06-11 15:36:46 - INFO - epoch-229, train_loss-0.3809, train_rmse-0.6172, valid_rmse-1.3333, valid_pr-0.7085
2025-06-11 15:36:50 - INFO - epoch-230, train_loss-0.3825, train_rmse-0.6184, valid_rmse-1.4477, valid_pr-0.6621
2025-06-11 15:36:54 - INFO - epoch-231, train_loss-0.3867, train_rmse-0.6218, valid_rmse-1.3922, valid_pr-0.6965
2025-06-11 15:36:58 - INFO - epoch-232, train_loss-0.3958, train_rmse-0.6291, valid_rmse-1.3513, valid_pr-0.7045
2025-06-11 15:37:01 - INFO - epoch-233, train_loss-0.3771, train_rmse-0.6140, valid_rmse-1.3984, valid_pr-0.6840
2025-06-11 15:37:05 - INFO - epoch-234, train_loss-0.3577, train_rmse-0.5981, valid_rmse-1.3282, valid_pr-0.7071
2025-06-11 15:37:09 - INFO - epoch-235, train_loss-0.3548, train_rmse-0.5957, valid_rmse-1.4103, valid_pr-0.6980
2025-06-11 15:37:13 - INFO - epoch-236, train_loss-0.3593, train_rmse-0.5994, valid_rmse-1.4188, valid_pr-0.6977
2025-06-11 15:37:16 - INFO - epoch-237, train_loss-0.3728, train_rmse-0.6106, valid_rmse-1.3428, valid_pr-0.7084
2025-06-11 15:37:20 - INFO - epoch-238, train_loss-0.3633, train_rmse-0.6027, valid_rmse-1.4075, valid_pr-0.6926
2025-06-11 15:37:24 - INFO - epoch-239, train_loss-0.3686, train_rmse-0.6071, valid_rmse-1.3747, valid_pr-0.6935
2025-06-11 15:37:28 - INFO - epoch-240, train_loss-0.3674, train_rmse-0.6061, valid_rmse-1.3458, valid_pr-0.7026
2025-06-11 15:37:31 - INFO - epoch-241, train_loss-0.3602, train_rmse-0.6002, valid_rmse-1.3399, valid_pr-0.7057
2025-06-11 15:37:35 - INFO - epoch-242, train_loss-0.3321, train_rmse-0.5763, valid_rmse-1.3150, valid_pr-0.7111
2025-06-11 15:37:39 - INFO - epoch-243, train_loss-0.3499, train_rmse-0.5916, valid_rmse-1.3801, valid_pr-0.7072
2025-06-11 15:37:43 - INFO - epoch-244, train_loss-0.3511, train_rmse-0.5925, valid_rmse-1.4018, valid_pr-0.6892
2025-06-11 15:37:47 - INFO - epoch-245, train_loss-0.3512, train_rmse-0.5927, valid_rmse-1.4639, valid_pr-0.6908
2025-06-11 15:37:50 - INFO - epoch-246, train_loss-0.3400, train_rmse-0.5831, valid_rmse-1.3410, valid_pr-0.7023
2025-06-11 15:37:54 - INFO - epoch-247, train_loss-0.3523, train_rmse-0.5935, valid_rmse-1.3423, valid_pr-0.6991
2025-06-11 15:37:58 - INFO - epoch-248, train_loss-0.3464, train_rmse-0.5885, valid_rmse-1.3834, valid_pr-0.7043
2025-06-11 15:38:02 - INFO - epoch-249, train_loss-0.3540, train_rmse-0.5950, valid_rmse-1.3581, valid_pr-0.7126
2025-06-11 15:38:06 - INFO - epoch-250, train_loss-0.3563, train_rmse-0.5969, valid_rmse-1.4019, valid_pr-0.6955
2025-06-11 15:38:10 - INFO - epoch-251, train_loss-0.3524, train_rmse-0.5936, valid_rmse-1.4354, valid_pr-0.6717
2025-06-11 15:38:14 - INFO - epoch-252, train_loss-0.3627, train_rmse-0.6023, valid_rmse-1.3887, valid_pr-0.6985
2025-06-11 15:38:18 - INFO - epoch-253, train_loss-0.3305, train_rmse-0.5749, valid_rmse-1.3991, valid_pr-0.7040
2025-06-11 15:38:21 - INFO - epoch-254, train_loss-0.3484, train_rmse-0.5903, valid_rmse-1.3787, valid_pr-0.6930
2025-06-11 15:38:25 - INFO - epoch-255, train_loss-0.3376, train_rmse-0.5810, valid_rmse-1.3932, valid_pr-0.6849
2025-06-11 15:38:29 - INFO - epoch-256, train_loss-0.3401, train_rmse-0.5832, valid_rmse-1.3902, valid_pr-0.6873
2025-06-11 15:38:33 - INFO - epoch-257, train_loss-0.3553, train_rmse-0.5961, valid_rmse-1.3281, valid_pr-0.7133
2025-06-11 15:38:37 - INFO - epoch-258, train_loss-0.3366, train_rmse-0.5801, valid_rmse-1.3822, valid_pr-0.6828
2025-06-11 15:38:41 - INFO - epoch-259, train_loss-0.3369, train_rmse-0.5804, valid_rmse-1.3254, valid_pr-0.7070
2025-06-11 15:38:45 - INFO - epoch-260, train_loss-0.3286, train_rmse-0.5732, valid_rmse-1.3667, valid_pr-0.7030
2025-06-11 15:38:48 - INFO - epoch-261, train_loss-0.3183, train_rmse-0.5642, valid_rmse-1.4021, valid_pr-0.7105
2025-06-11 15:38:52 - INFO - epoch-262, train_loss-0.3188, train_rmse-0.5646, valid_rmse-1.3957, valid_pr-0.6802
2025-06-11 15:38:56 - INFO - epoch-263, train_loss-0.3264, train_rmse-0.5714, valid_rmse-1.4053, valid_pr-0.7064
2025-06-11 15:39:00 - INFO - epoch-264, train_loss-0.3264, train_rmse-0.5714, valid_rmse-1.4331, valid_pr-0.6720
2025-06-11 15:39:04 - INFO - epoch-265, train_loss-0.3136, train_rmse-0.5600, valid_rmse-1.3801, valid_pr-0.6859
2025-06-11 15:39:07 - INFO - epoch-266, train_loss-0.3272, train_rmse-0.5720, valid_rmse-1.3712, valid_pr-0.7028
2025-06-11 15:39:11 - INFO - epoch-267, train_loss-0.3281, train_rmse-0.5728, valid_rmse-1.3796, valid_pr-0.6980
2025-06-11 15:39:15 - INFO - epoch-268, train_loss-0.3340, train_rmse-0.5780, valid_rmse-1.4322, valid_pr-0.7065
2025-06-11 15:39:19 - INFO - epoch-269, train_loss-0.3229, train_rmse-0.5682, valid_rmse-1.3437, valid_pr-0.7029
2025-06-11 15:39:22 - INFO - epoch-270, train_loss-0.3132, train_rmse-0.5596, valid_rmse-1.3506, valid_pr-0.7067
2025-06-11 15:39:26 - INFO - epoch-271, train_loss-0.3163, train_rmse-0.5624, valid_rmse-1.3940, valid_pr-0.6841
2025-06-11 15:39:30 - INFO - epoch-272, train_loss-0.3228, train_rmse-0.5682, valid_rmse-1.3612, valid_pr-0.6815
2025-06-11 15:39:34 - INFO - epoch-273, train_loss-0.3194, train_rmse-0.5651, valid_rmse-1.3872, valid_pr-0.6954
2025-06-11 15:39:38 - INFO - epoch-274, train_loss-0.3061, train_rmse-0.5533, valid_rmse-1.3463, valid_pr-0.7017
2025-06-11 15:39:41 - INFO - epoch-275, train_loss-0.3299, train_rmse-0.5744, valid_rmse-1.4246, valid_pr-0.6863
2025-06-11 15:39:45 - INFO - epoch-276, train_loss-0.3022, train_rmse-0.5498, valid_rmse-1.3384, valid_pr-0.6993
2025-06-11 15:39:49 - INFO - epoch-277, train_loss-0.3036, train_rmse-0.5510, valid_rmse-1.3519, valid_pr-0.7008
2025-06-11 15:39:53 - INFO - epoch-278, train_loss-0.3016, train_rmse-0.5492, valid_rmse-1.4230, valid_pr-0.7035
2025-06-11 15:39:57 - INFO - epoch-279, train_loss-0.3003, train_rmse-0.5480, valid_rmse-1.3511, valid_pr-0.6911
2025-06-11 15:40:00 - INFO - epoch-280, train_loss-0.3043, train_rmse-0.5517, valid_rmse-1.3738, valid_pr-0.6987
2025-06-11 15:40:04 - INFO - epoch-281, train_loss-0.2940, train_rmse-0.5423, valid_rmse-1.3572, valid_pr-0.7014
2025-06-11 15:40:08 - INFO - epoch-282, train_loss-0.3095, train_rmse-0.5564, valid_rmse-1.3565, valid_pr-0.7010
2025-06-11 15:40:12 - INFO - epoch-283, train_loss-0.3041, train_rmse-0.5515, valid_rmse-1.3542, valid_pr-0.7022
2025-06-11 15:40:15 - INFO - epoch-284, train_loss-0.3083, train_rmse-0.5552, valid_rmse-1.3616, valid_pr-0.6994
2025-06-11 15:40:19 - INFO - epoch-285, train_loss-0.2932, train_rmse-0.5415, valid_rmse-1.3609, valid_pr-0.7108
2025-06-11 15:40:23 - INFO - epoch-286, train_loss-0.2873, train_rmse-0.5360, valid_rmse-1.3838, valid_pr-0.6916
2025-06-11 15:40:26 - INFO - epoch-287, train_loss-0.2923, train_rmse-0.5407, valid_rmse-1.3636, valid_pr-0.6958
2025-06-11 15:40:30 - INFO - epoch-288, train_loss-0.2971, train_rmse-0.5451, valid_rmse-1.3521, valid_pr-0.7025
2025-06-11 15:40:34 - INFO - epoch-289, train_loss-0.2963, train_rmse-0.5443, valid_rmse-1.4488, valid_pr-0.6930
2025-06-11 15:40:38 - INFO - epoch-290, train_loss-0.3027, train_rmse-0.5502, valid_rmse-1.3820, valid_pr-0.6924
2025-06-11 15:40:42 - INFO - epoch-291, train_loss-0.3117, train_rmse-0.5583, valid_rmse-1.3520, valid_pr-0.7017
2025-06-11 15:40:45 - INFO - epoch-292, train_loss-0.2850, train_rmse-0.5338, valid_rmse-1.3619, valid_pr-0.7053
2025-06-11 15:40:49 - INFO - epoch-293, train_loss-0.2814, train_rmse-0.5304, valid_rmse-1.3593, valid_pr-0.7070
2025-06-11 15:40:53 - INFO - epoch-294, train_loss-0.2815, train_rmse-0.5306, valid_rmse-1.3527, valid_pr-0.7152
2025-06-11 15:40:57 - INFO - epoch-295, train_loss-0.2725, train_rmse-0.5220, valid_rmse-1.3779, valid_pr-0.6973
2025-06-11 15:41:01 - INFO - epoch-296, train_loss-0.2903, train_rmse-0.5388, valid_rmse-1.3848, valid_pr-0.6870
2025-06-11 15:41:04 - INFO - epoch-297, train_loss-0.2868, train_rmse-0.5356, valid_rmse-1.3740, valid_pr-0.6896
2025-06-11 15:41:08 - INFO - epoch-298, train_loss-0.2904, train_rmse-0.5389, valid_rmse-1.3252, valid_pr-0.7075
2025-06-11 15:41:12 - INFO - epoch-299, train_loss-0.2884, train_rmse-0.5370, valid_rmse-1.3502, valid_pr-0.6982
2025-06-11 15:41:16 - INFO - epoch-300, train_loss-0.2792, train_rmse-0.5284, valid_rmse-1.3375, valid_pr-0.7013
2025-06-11 15:41:19 - INFO - epoch-301, train_loss-0.3017, train_rmse-0.5492, valid_rmse-1.3446, valid_pr-0.6990
2025-06-11 15:41:23 - INFO - epoch-302, train_loss-0.2727, train_rmse-0.5222, valid_rmse-1.3581, valid_pr-0.7003
2025-06-11 15:41:27 - INFO - epoch-303, train_loss-0.2959, train_rmse-0.5439, valid_rmse-1.4101, valid_pr-0.6998
2025-06-11 15:41:31 - INFO - epoch-304, train_loss-0.2663, train_rmse-0.5160, valid_rmse-1.3783, valid_pr-0.6932
2025-06-11 15:41:35 - INFO - epoch-305, train_loss-0.2703, train_rmse-0.5199, valid_rmse-1.3367, valid_pr-0.7005
2025-06-11 15:41:38 - INFO - epoch-306, train_loss-0.2732, train_rmse-0.5227, valid_rmse-1.3617, valid_pr-0.6865
2025-06-11 15:41:42 - INFO - epoch-307, train_loss-0.2853, train_rmse-0.5341, valid_rmse-1.3823, valid_pr-0.7010
2025-06-11 15:41:46 - INFO - epoch-308, train_loss-0.2679, train_rmse-0.5176, valid_rmse-1.3664, valid_pr-0.7120
2025-06-11 15:41:50 - INFO - epoch-309, train_loss-0.2762, train_rmse-0.5256, valid_rmse-1.3473, valid_pr-0.7013
2025-06-11 15:41:54 - INFO - epoch-310, train_loss-0.2678, train_rmse-0.5174, valid_rmse-1.3509, valid_pr-0.6983
2025-06-11 15:41:57 - INFO - epoch-311, train_loss-0.2738, train_rmse-0.5233, valid_rmse-1.3404, valid_pr-0.7082
2025-06-11 15:42:01 - INFO - epoch-312, train_loss-0.2697, train_rmse-0.5194, valid_rmse-1.4405, valid_pr-0.6930
2025-06-11 15:42:05 - INFO - epoch-313, train_loss-0.2752, train_rmse-0.5246, valid_rmse-1.3405, valid_pr-0.7001
2025-06-11 15:42:09 - INFO - epoch-314, train_loss-0.2688, train_rmse-0.5185, valid_rmse-1.3960, valid_pr-0.6978
2025-06-11 15:42:13 - INFO - epoch-315, train_loss-0.2865, train_rmse-0.5353, valid_rmse-1.3531, valid_pr-0.6979
2025-06-11 15:42:17 - INFO - epoch-316, train_loss-0.2678, train_rmse-0.5175, valid_rmse-1.3381, valid_pr-0.7031
2025-06-11 15:42:17 - INFO - early stop in epoch 316
2025-06-11 15:42:17 - INFO - best_rmse: 1.3073
2025-06-11 15:42:19 - INFO - valid_rmse-1.3073, valid_pr-0.7169, test2013_rmse-1.3799, test2013_pr-0.8315, test2016_rmse-1.3337, test2016_pr-0.7979, test2019_rmse-1.5270, test2019_pr-0.5835,
