2025-06-11 10:27:16 - INFO - train_GCN_demo.py
2025-06-11 10:27:16 - INFO - train data: 11904
2025-06-11 10:27:16 - INFO - valid data: 1000
2025-06-11 10:27:16 - INFO - test2013 data: 107
2025-06-11 10:27:16 - INFO - test2016 data: 285
2025-06-11 10:27:16 - INFO - test2019 data: 4366
2025-06-11 10:27:22 - INFO - epoch-0, train_loss-39.8522, train_rmse-6.3129, valid_rmse-5.5242, valid_pr-0.4375
2025-06-11 10:27:25 - INFO - epoch-1, train_loss-24.8669, train_rmse-4.9867, valid_rmse-3.7216, valid_pr-0.2773
2025-06-11 10:27:29 - INFO - epoch-2, train_loss-8.1552, train_rmse-2.8557, valid_rmse-2.4368, valid_pr-0.1048
2025-06-11 10:27:32 - INFO - epoch-3, train_loss-3.8843, train_rmse-1.9709, valid_rmse-1.6695, valid_pr-0.4596
2025-06-11 10:27:36 - INFO - epoch-4, train_loss-3.5523, train_rmse-1.8847, valid_rmse-1.6045, valid_pr-0.5073
2025-06-11 10:27:39 - INFO - epoch-5, train_loss-3.3774, train_rmse-1.8378, valid_rmse-1.7490, valid_pr-0.5300
2025-06-11 10:27:43 - INFO - epoch-6, train_loss-3.2442, train_rmse-1.8012, valid_rmse-1.6995, valid_pr-0.5408
2025-06-11 10:27:46 - INFO - epoch-7, train_loss-3.0979, train_rmse-1.7601, valid_rmse-1.5641, valid_pr-0.5463
2025-06-11 10:27:50 - INFO - epoch-8, train_loss-3.0878, train_rmse-1.7572, valid_rmse-1.5542, valid_pr-0.5447
2025-06-11 10:27:53 - INFO - epoch-9, train_loss-3.0971, train_rmse-1.7599, valid_rmse-1.6286, valid_pr-0.5130
2025-06-11 10:27:57 - INFO - epoch-10, train_loss-2.9854, train_rmse-1.7278, valid_rmse-1.6737, valid_pr-0.5143
2025-06-11 10:28:00 - INFO - epoch-11, train_loss-2.9242, train_rmse-1.7100, valid_rmse-1.5973, valid_pr-0.5611
2025-06-11 10:28:04 - INFO - epoch-12, train_loss-2.9730, train_rmse-1.7242, valid_rmse-1.6666, valid_pr-0.5561
2025-06-11 10:28:07 - INFO - epoch-13, train_loss-2.8904, train_rmse-1.7001, valid_rmse-1.7602, valid_pr-0.5151
2025-06-11 10:28:11 - INFO - epoch-14, train_loss-2.8478, train_rmse-1.6876, valid_rmse-1.5862, valid_pr-0.5468
2025-06-11 10:28:14 - INFO - epoch-15, train_loss-2.8233, train_rmse-1.6803, valid_rmse-1.8487, valid_pr-0.5232
2025-06-11 10:28:18 - INFO - epoch-16, train_loss-2.7475, train_rmse-1.6576, valid_rmse-1.7437, valid_pr-0.5412
2025-06-11 10:28:22 - INFO - epoch-17, train_loss-2.7139, train_rmse-1.6474, valid_rmse-1.8612, valid_pr-0.5463
2025-06-11 10:28:25 - INFO - epoch-18, train_loss-2.7367, train_rmse-1.6543, valid_rmse-1.5961, valid_pr-0.5631
2025-06-11 10:28:28 - INFO - epoch-19, train_loss-2.6603, train_rmse-1.6311, valid_rmse-1.5304, valid_pr-0.5847
2025-06-11 10:28:32 - INFO - epoch-20, train_loss-2.6166, train_rmse-1.6176, valid_rmse-1.5171, valid_pr-0.5987
2025-06-11 10:28:35 - INFO - epoch-21, train_loss-2.5997, train_rmse-1.6124, valid_rmse-1.6027, valid_pr-0.5297
2025-06-11 10:28:39 - INFO - epoch-22, train_loss-2.6008, train_rmse-1.6127, valid_rmse-1.7578, valid_pr-0.5446
2025-06-11 10:28:42 - INFO - epoch-23, train_loss-2.5961, train_rmse-1.6112, valid_rmse-2.0588, valid_pr-0.4968
2025-06-11 10:28:46 - INFO - epoch-24, train_loss-2.5714, train_rmse-1.6036, valid_rmse-1.5083, valid_pr-0.5946
2025-06-11 10:28:49 - INFO - epoch-25, train_loss-2.5430, train_rmse-1.5947, valid_rmse-1.5596, valid_pr-0.5896
2025-06-11 10:28:53 - INFO - epoch-26, train_loss-2.5418, train_rmse-1.5943, valid_rmse-1.5265, valid_pr-0.5742
2025-06-11 10:28:56 - INFO - epoch-27, train_loss-2.5101, train_rmse-1.5843, valid_rmse-1.5445, valid_pr-0.5875
2025-06-11 10:29:00 - INFO - epoch-28, train_loss-2.4429, train_rmse-1.5630, valid_rmse-1.5096, valid_pr-0.5811
2025-06-11 10:29:03 - INFO - epoch-29, train_loss-2.4440, train_rmse-1.5633, valid_rmse-1.6419, valid_pr-0.5422
2025-06-11 10:29:06 - INFO - epoch-30, train_loss-2.4604, train_rmse-1.5686, valid_rmse-1.9396, valid_pr-0.4257
2025-06-11 10:29:10 - INFO - epoch-31, train_loss-2.3955, train_rmse-1.5477, valid_rmse-1.5263, valid_pr-0.6029
2025-06-11 10:29:13 - INFO - epoch-32, train_loss-2.3976, train_rmse-1.5484, valid_rmse-1.5320, valid_pr-0.6047
2025-06-11 10:29:17 - INFO - epoch-33, train_loss-2.3658, train_rmse-1.5381, valid_rmse-1.5256, valid_pr-0.5671
2025-06-11 10:29:20 - INFO - epoch-34, train_loss-2.3654, train_rmse-1.5380, valid_rmse-1.6443, valid_pr-0.6037
2025-06-11 10:29:24 - INFO - epoch-35, train_loss-2.3436, train_rmse-1.5309, valid_rmse-1.6427, valid_pr-0.6316
2025-06-11 10:29:27 - INFO - epoch-36, train_loss-2.3297, train_rmse-1.5263, valid_rmse-1.6496, valid_pr-0.5842
2025-06-11 10:29:30 - INFO - epoch-37, train_loss-2.2587, train_rmse-1.5029, valid_rmse-1.5293, valid_pr-0.5644
2025-06-11 10:29:34 - INFO - epoch-38, train_loss-2.2660, train_rmse-1.5053, valid_rmse-1.5412, valid_pr-0.5798
2025-06-11 10:29:37 - INFO - epoch-39, train_loss-2.2421, train_rmse-1.4974, valid_rmse-1.6116, valid_pr-0.5644
2025-06-11 10:29:40 - INFO - epoch-40, train_loss-2.2100, train_rmse-1.4866, valid_rmse-1.6456, valid_pr-0.5916
2025-06-11 10:29:44 - INFO - epoch-41, train_loss-2.2766, train_rmse-1.5088, valid_rmse-1.5903, valid_pr-0.5775
2025-06-11 10:29:47 - INFO - epoch-42, train_loss-2.1905, train_rmse-1.4800, valid_rmse-1.6425, valid_pr-0.5101
2025-06-11 10:29:51 - INFO - epoch-43, train_loss-2.2001, train_rmse-1.4833, valid_rmse-1.8933, valid_pr-0.5291
2025-06-11 10:29:54 - INFO - epoch-44, train_loss-2.2208, train_rmse-1.4902, valid_rmse-1.4336, valid_pr-0.6436
2025-06-11 10:29:58 - INFO - epoch-45, train_loss-2.1608, train_rmse-1.4700, valid_rmse-1.4835, valid_pr-0.6085
2025-06-11 10:30:01 - INFO - epoch-46, train_loss-2.2172, train_rmse-1.4890, valid_rmse-1.4061, valid_pr-0.6534
2025-06-11 10:30:05 - INFO - epoch-47, train_loss-2.1524, train_rmse-1.4671, valid_rmse-1.4180, valid_pr-0.6460
2025-06-11 10:30:08 - INFO - epoch-48, train_loss-2.1279, train_rmse-1.4587, valid_rmse-1.4321, valid_pr-0.6391
2025-06-11 10:30:11 - INFO - epoch-49, train_loss-2.1167, train_rmse-1.4549, valid_rmse-1.6808, valid_pr-0.6325
2025-06-11 10:30:15 - INFO - epoch-50, train_loss-2.0986, train_rmse-1.4487, valid_rmse-1.3922, valid_pr-0.6582
2025-06-11 10:30:18 - INFO - epoch-51, train_loss-2.1012, train_rmse-1.4496, valid_rmse-1.5487, valid_pr-0.6072
2025-06-11 10:30:22 - INFO - epoch-52, train_loss-2.0687, train_rmse-1.4383, valid_rmse-1.4698, valid_pr-0.6172
2025-06-11 10:30:25 - INFO - epoch-53, train_loss-2.0859, train_rmse-1.4443, valid_rmse-1.5912, valid_pr-0.6276
2025-06-11 10:30:28 - INFO - epoch-54, train_loss-2.0749, train_rmse-1.4405, valid_rmse-1.4298, valid_pr-0.6435
2025-06-11 10:30:32 - INFO - epoch-55, train_loss-2.0535, train_rmse-1.4330, valid_rmse-1.5733, valid_pr-0.6132
2025-06-11 10:30:35 - INFO - epoch-56, train_loss-2.0158, train_rmse-1.4198, valid_rmse-1.5404, valid_pr-0.6583
2025-06-11 10:30:39 - INFO - epoch-57, train_loss-2.0178, train_rmse-1.4205, valid_rmse-1.3758, valid_pr-0.6730
2025-06-11 10:30:42 - INFO - epoch-58, train_loss-2.0279, train_rmse-1.4240, valid_rmse-1.5827, valid_pr-0.6372
2025-06-11 10:30:45 - INFO - epoch-59, train_loss-2.0027, train_rmse-1.4152, valid_rmse-1.4583, valid_pr-0.6495
2025-06-11 10:30:49 - INFO - epoch-60, train_loss-1.9878, train_rmse-1.4099, valid_rmse-1.5075, valid_pr-0.6301
2025-06-11 10:30:52 - INFO - epoch-61, train_loss-1.9667, train_rmse-1.4024, valid_rmse-1.4598, valid_pr-0.6656
2025-06-11 10:30:56 - INFO - epoch-62, train_loss-1.9361, train_rmse-1.3915, valid_rmse-1.3770, valid_pr-0.6685
2025-06-11 10:30:59 - INFO - epoch-63, train_loss-1.9203, train_rmse-1.3857, valid_rmse-1.4171, valid_pr-0.6663
2025-06-11 10:31:02 - INFO - epoch-64, train_loss-1.9320, train_rmse-1.3900, valid_rmse-1.5832, valid_pr-0.5490
2025-06-11 10:31:06 - INFO - epoch-65, train_loss-1.9295, train_rmse-1.3891, valid_rmse-1.5120, valid_pr-0.6188
2025-06-11 10:31:09 - INFO - epoch-66, train_loss-1.8735, train_rmse-1.3688, valid_rmse-1.4460, valid_pr-0.6377
2025-06-11 10:31:13 - INFO - epoch-67, train_loss-1.8641, train_rmse-1.3653, valid_rmse-1.3891, valid_pr-0.6679
2025-06-11 10:31:16 - INFO - epoch-68, train_loss-1.8700, train_rmse-1.3675, valid_rmse-1.3792, valid_pr-0.6680
2025-06-11 10:31:20 - INFO - epoch-69, train_loss-1.8595, train_rmse-1.3636, valid_rmse-1.5135, valid_pr-0.5737
2025-06-11 10:31:23 - INFO - epoch-70, train_loss-1.8675, train_rmse-1.3666, valid_rmse-1.4200, valid_pr-0.6590
2025-06-11 10:31:27 - INFO - epoch-71, train_loss-1.8723, train_rmse-1.3683, valid_rmse-1.6572, valid_pr-0.6249
2025-06-11 10:31:30 - INFO - epoch-72, train_loss-1.8397, train_rmse-1.3564, valid_rmse-1.4819, valid_pr-0.6018
2025-06-11 10:31:34 - INFO - epoch-73, train_loss-1.8083, train_rmse-1.3447, valid_rmse-1.6860, valid_pr-0.6433
2025-06-11 10:31:37 - INFO - epoch-74, train_loss-1.8269, train_rmse-1.3516, valid_rmse-1.5872, valid_pr-0.6248
2025-06-11 10:31:41 - INFO - epoch-75, train_loss-1.7892, train_rmse-1.3376, valid_rmse-1.5516, valid_pr-0.6399
2025-06-11 10:31:44 - INFO - epoch-76, train_loss-1.7698, train_rmse-1.3303, valid_rmse-1.4648, valid_pr-0.6552
2025-06-11 10:31:47 - INFO - epoch-77, train_loss-1.7689, train_rmse-1.3300, valid_rmse-1.4997, valid_pr-0.6554
2025-06-11 10:31:51 - INFO - epoch-78, train_loss-1.7556, train_rmse-1.3250, valid_rmse-1.4696, valid_pr-0.6529
2025-06-11 10:31:54 - INFO - epoch-79, train_loss-1.7566, train_rmse-1.3254, valid_rmse-1.9833, valid_pr-0.6265
2025-06-11 10:31:58 - INFO - epoch-80, train_loss-1.7195, train_rmse-1.3113, valid_rmse-1.5664, valid_pr-0.6073
2025-06-11 10:32:01 - INFO - epoch-81, train_loss-1.6971, train_rmse-1.3027, valid_rmse-1.3746, valid_pr-0.6879
2025-06-11 10:32:05 - INFO - epoch-82, train_loss-1.6890, train_rmse-1.2996, valid_rmse-1.6188, valid_pr-0.6461
2025-06-11 10:32:08 - INFO - epoch-83, train_loss-1.6565, train_rmse-1.2870, valid_rmse-1.4484, valid_pr-0.6923
2025-06-11 10:32:12 - INFO - epoch-84, train_loss-1.7125, train_rmse-1.3086, valid_rmse-1.4425, valid_pr-0.6758
2025-06-11 10:32:15 - INFO - epoch-85, train_loss-1.6685, train_rmse-1.2917, valid_rmse-1.3733, valid_pr-0.6817
2025-06-11 10:32:19 - INFO - epoch-86, train_loss-1.6561, train_rmse-1.2869, valid_rmse-1.4110, valid_pr-0.6734
2025-06-11 10:32:22 - INFO - epoch-87, train_loss-1.6267, train_rmse-1.2754, valid_rmse-1.4577, valid_pr-0.6660
2025-06-11 10:32:25 - INFO - epoch-88, train_loss-1.6439, train_rmse-1.2822, valid_rmse-1.8413, valid_pr-0.3967
2025-06-11 10:32:29 - INFO - epoch-89, train_loss-1.6335, train_rmse-1.2781, valid_rmse-1.4023, valid_pr-0.6747
2025-06-11 10:32:32 - INFO - epoch-90, train_loss-1.5996, train_rmse-1.2647, valid_rmse-1.4543, valid_pr-0.6551
2025-06-11 10:32:35 - INFO - epoch-91, train_loss-1.6044, train_rmse-1.2666, valid_rmse-1.6040, valid_pr-0.6445
2025-06-11 10:32:39 - INFO - epoch-92, train_loss-1.6193, train_rmse-1.2725, valid_rmse-1.3909, valid_pr-0.6683
2025-06-11 10:32:42 - INFO - epoch-93, train_loss-1.6031, train_rmse-1.2661, valid_rmse-1.7654, valid_pr-0.5849
2025-06-11 10:32:45 - INFO - epoch-94, train_loss-1.6001, train_rmse-1.2650, valid_rmse-2.0151, valid_pr-0.6261
2025-06-11 10:32:49 - INFO - epoch-95, train_loss-1.5751, train_rmse-1.2550, valid_rmse-1.3421, valid_pr-0.6938
2025-06-11 10:32:52 - INFO - epoch-96, train_loss-1.5910, train_rmse-1.2614, valid_rmse-1.8825, valid_pr-0.6496
2025-06-11 10:32:56 - INFO - epoch-97, train_loss-1.5959, train_rmse-1.2633, valid_rmse-1.3471, valid_pr-0.6885
2025-06-11 10:32:59 - INFO - epoch-98, train_loss-1.5508, train_rmse-1.2453, valid_rmse-1.3813, valid_pr-0.6797
2025-06-11 10:33:02 - INFO - epoch-99, train_loss-1.5463, train_rmse-1.2435, valid_rmse-1.4032, valid_pr-0.6742
2025-06-11 10:33:06 - INFO - epoch-100, train_loss-1.5261, train_rmse-1.2353, valid_rmse-1.4808, valid_pr-0.6140
2025-06-11 10:33:09 - INFO - epoch-101, train_loss-1.5168, train_rmse-1.2316, valid_rmse-1.4038, valid_pr-0.6529
2025-06-11 10:33:13 - INFO - epoch-102, train_loss-1.4828, train_rmse-1.2177, valid_rmse-1.4187, valid_pr-0.6569
2025-06-11 10:33:16 - INFO - epoch-103, train_loss-1.4885, train_rmse-1.2200, valid_rmse-1.4059, valid_pr-0.6720
2025-06-11 10:33:19 - INFO - epoch-104, train_loss-1.4650, train_rmse-1.2104, valid_rmse-1.5032, valid_pr-0.5995
2025-06-11 10:33:23 - INFO - epoch-105, train_loss-1.4308, train_rmse-1.1961, valid_rmse-1.3906, valid_pr-0.7001
2025-06-11 10:33:26 - INFO - epoch-106, train_loss-1.4260, train_rmse-1.1942, valid_rmse-1.5061, valid_pr-0.6458
2025-06-11 10:33:30 - INFO - epoch-107, train_loss-1.4378, train_rmse-1.1991, valid_rmse-1.6073, valid_pr-0.5602
2025-06-11 10:33:33 - INFO - epoch-108, train_loss-1.4292, train_rmse-1.1955, valid_rmse-1.6612, valid_pr-0.6678
2025-06-11 10:33:36 - INFO - epoch-109, train_loss-1.4012, train_rmse-1.1837, valid_rmse-1.5739, valid_pr-0.6507
2025-06-11 10:33:40 - INFO - epoch-110, train_loss-1.3753, train_rmse-1.1727, valid_rmse-1.7570, valid_pr-0.5542
2025-06-11 10:33:43 - INFO - epoch-111, train_loss-1.3953, train_rmse-1.1812, valid_rmse-1.3674, valid_pr-0.6990
2025-06-11 10:33:46 - INFO - epoch-112, train_loss-1.3817, train_rmse-1.1755, valid_rmse-1.3782, valid_pr-0.6917
2025-06-11 10:33:50 - INFO - epoch-113, train_loss-1.3805, train_rmse-1.1749, valid_rmse-1.3655, valid_pr-0.7078
2025-06-11 10:33:53 - INFO - epoch-114, train_loss-1.3838, train_rmse-1.1764, valid_rmse-1.4573, valid_pr-0.6557
2025-06-11 10:33:57 - INFO - epoch-115, train_loss-1.3588, train_rmse-1.1657, valid_rmse-1.7200, valid_pr-0.6452
2025-06-11 10:34:00 - INFO - epoch-116, train_loss-1.3179, train_rmse-1.1480, valid_rmse-1.6340, valid_pr-0.6698
2025-06-11 10:34:03 - INFO - epoch-117, train_loss-1.3833, train_rmse-1.1762, valid_rmse-1.4099, valid_pr-0.6537
2025-06-11 10:34:07 - INFO - epoch-118, train_loss-1.3292, train_rmse-1.1529, valid_rmse-1.4107, valid_pr-0.6672
2025-06-11 10:34:10 - INFO - epoch-119, train_loss-1.3164, train_rmse-1.1474, valid_rmse-1.7865, valid_pr-0.5137
2025-06-11 10:34:13 - INFO - epoch-120, train_loss-1.2966, train_rmse-1.1387, valid_rmse-1.4174, valid_pr-0.6936
2025-06-11 10:34:17 - INFO - epoch-121, train_loss-1.2505, train_rmse-1.1183, valid_rmse-1.3770, valid_pr-0.6767
2025-06-11 10:34:20 - INFO - epoch-122, train_loss-1.2634, train_rmse-1.1240, valid_rmse-1.3744, valid_pr-0.6767
2025-06-11 10:34:24 - INFO - epoch-123, train_loss-1.2399, train_rmse-1.1135, valid_rmse-1.4247, valid_pr-0.6426
2025-06-11 10:34:27 - INFO - epoch-124, train_loss-1.2562, train_rmse-1.1208, valid_rmse-1.7307, valid_pr-0.6361
2025-06-11 10:34:31 - INFO - epoch-125, train_loss-1.2558, train_rmse-1.1206, valid_rmse-1.4746, valid_pr-0.6443
2025-06-11 10:34:34 - INFO - epoch-126, train_loss-1.2373, train_rmse-1.1124, valid_rmse-1.4653, valid_pr-0.6942
2025-06-11 10:34:37 - INFO - epoch-127, train_loss-1.2352, train_rmse-1.1114, valid_rmse-1.3828, valid_pr-0.6731
2025-06-11 10:34:41 - INFO - epoch-128, train_loss-1.2274, train_rmse-1.1079, valid_rmse-1.5378, valid_pr-0.5795
2025-06-11 10:34:44 - INFO - epoch-129, train_loss-1.2169, train_rmse-1.1031, valid_rmse-1.6317, valid_pr-0.6522
2025-06-11 10:34:48 - INFO - epoch-130, train_loss-1.1791, train_rmse-1.0859, valid_rmse-1.6097, valid_pr-0.6444
2025-06-11 10:34:51 - INFO - epoch-131, train_loss-1.2046, train_rmse-1.0975, valid_rmse-1.5128, valid_pr-0.6637
2025-06-11 10:34:55 - INFO - epoch-132, train_loss-1.1886, train_rmse-1.0902, valid_rmse-1.3556, valid_pr-0.7022
2025-06-11 10:34:58 - INFO - epoch-133, train_loss-1.1921, train_rmse-1.0918, valid_rmse-1.5839, valid_pr-0.6259
2025-06-11 10:35:01 - INFO - epoch-134, train_loss-1.1583, train_rmse-1.0763, valid_rmse-1.4989, valid_pr-0.6402
2025-06-11 10:35:05 - INFO - epoch-135, train_loss-1.1570, train_rmse-1.0756, valid_rmse-1.4037, valid_pr-0.6910
2025-06-11 10:35:08 - INFO - epoch-136, train_loss-1.1335, train_rmse-1.0647, valid_rmse-1.4476, valid_pr-0.6780
2025-06-11 10:35:12 - INFO - epoch-137, train_loss-1.0911, train_rmse-1.0446, valid_rmse-1.5875, valid_pr-0.6147
2025-06-11 10:35:15 - INFO - epoch-138, train_loss-1.1343, train_rmse-1.0650, valid_rmse-1.3352, valid_pr-0.7018
2025-06-11 10:35:19 - INFO - epoch-139, train_loss-1.1246, train_rmse-1.0605, valid_rmse-1.7269, valid_pr-0.6838
2025-06-11 10:35:22 - INFO - epoch-140, train_loss-1.1419, train_rmse-1.0686, valid_rmse-1.8037, valid_pr-0.6471
2025-06-11 10:35:25 - INFO - epoch-141, train_loss-1.1042, train_rmse-1.0508, valid_rmse-1.4712, valid_pr-0.6713
2025-06-11 10:35:29 - INFO - epoch-142, train_loss-1.1329, train_rmse-1.0644, valid_rmse-1.4880, valid_pr-0.6100
2025-06-11 10:35:32 - INFO - epoch-143, train_loss-1.1033, train_rmse-1.0504, valid_rmse-1.4083, valid_pr-0.6503
2025-06-11 10:35:36 - INFO - epoch-144, train_loss-1.0671, train_rmse-1.0330, valid_rmse-1.4544, valid_pr-0.6965
2025-06-11 10:35:40 - INFO - epoch-145, train_loss-1.0768, train_rmse-1.0377, valid_rmse-1.4135, valid_pr-0.6888
2025-06-11 10:35:43 - INFO - epoch-146, train_loss-1.0714, train_rmse-1.0351, valid_rmse-1.8661, valid_pr-0.6081
2025-06-11 10:35:47 - INFO - epoch-147, train_loss-1.0437, train_rmse-1.0216, valid_rmse-1.3378, valid_pr-0.7178
2025-06-11 10:35:50 - INFO - epoch-148, train_loss-1.0475, train_rmse-1.0235, valid_rmse-1.6774, valid_pr-0.6204
2025-06-11 10:35:54 - INFO - epoch-149, train_loss-1.0390, train_rmse-1.0193, valid_rmse-1.4820, valid_pr-0.6983
2025-06-11 10:35:57 - INFO - epoch-150, train_loss-1.0237, train_rmse-1.0118, valid_rmse-1.4988, valid_pr-0.6134
2025-06-11 10:36:00 - INFO - epoch-151, train_loss-0.9824, train_rmse-0.9911, valid_rmse-1.4318, valid_pr-0.6441
2025-06-11 10:36:04 - INFO - epoch-152, train_loss-1.0277, train_rmse-1.0138, valid_rmse-1.5157, valid_pr-0.7155
2025-06-11 10:36:07 - INFO - epoch-153, train_loss-1.0002, train_rmse-1.0001, valid_rmse-1.5169, valid_pr-0.6325
2025-06-11 10:36:11 - INFO - epoch-154, train_loss-0.9694, train_rmse-0.9846, valid_rmse-1.4834, valid_pr-0.6806
2025-06-11 10:36:14 - INFO - epoch-155, train_loss-0.9943, train_rmse-0.9971, valid_rmse-1.7044, valid_pr-0.6918
2025-06-11 10:36:18 - INFO - epoch-156, train_loss-0.9581, train_rmse-0.9788, valid_rmse-1.4419, valid_pr-0.6738
2025-06-11 10:36:21 - INFO - epoch-157, train_loss-0.9724, train_rmse-0.9861, valid_rmse-1.3623, valid_pr-0.7019
2025-06-11 10:36:24 - INFO - epoch-158, train_loss-0.9387, train_rmse-0.9689, valid_rmse-1.4195, valid_pr-0.7056
2025-06-11 10:36:28 - INFO - epoch-159, train_loss-0.9204, train_rmse-0.9594, valid_rmse-1.5743, valid_pr-0.5591
2025-06-11 10:36:31 - INFO - epoch-160, train_loss-0.9514, train_rmse-0.9754, valid_rmse-1.4067, valid_pr-0.6842
2025-06-11 10:36:35 - INFO - epoch-161, train_loss-0.9116, train_rmse-0.9548, valid_rmse-1.3835, valid_pr-0.6927
2025-06-11 10:36:38 - INFO - epoch-162, train_loss-0.9142, train_rmse-0.9561, valid_rmse-1.5588, valid_pr-0.6519
2025-06-11 10:36:42 - INFO - epoch-163, train_loss-0.9270, train_rmse-0.9628, valid_rmse-1.6717, valid_pr-0.6331
2025-06-11 10:36:45 - INFO - epoch-164, train_loss-0.8952, train_rmse-0.9462, valid_rmse-1.3544, valid_pr-0.7135
2025-06-11 10:36:48 - INFO - epoch-165, train_loss-0.9134, train_rmse-0.9557, valid_rmse-1.4917, valid_pr-0.7071
2025-06-11 10:36:52 - INFO - epoch-166, train_loss-0.8898, train_rmse-0.9433, valid_rmse-1.3658, valid_pr-0.6828
2025-06-11 10:36:55 - INFO - epoch-167, train_loss-0.8999, train_rmse-0.9487, valid_rmse-1.4586, valid_pr-0.6450
2025-06-11 10:36:59 - INFO - epoch-168, train_loss-0.8674, train_rmse-0.9313, valid_rmse-1.8221, valid_pr-0.5946
2025-06-11 10:37:02 - INFO - epoch-169, train_loss-0.8866, train_rmse-0.9416, valid_rmse-1.3649, valid_pr-0.6893
2025-06-11 10:37:06 - INFO - epoch-170, train_loss-0.8681, train_rmse-0.9317, valid_rmse-1.5166, valid_pr-0.6940
2025-06-11 10:37:09 - INFO - epoch-171, train_loss-0.8390, train_rmse-0.9160, valid_rmse-1.4128, valid_pr-0.6669
2025-06-11 10:37:13 - INFO - epoch-172, train_loss-0.8372, train_rmse-0.9150, valid_rmse-1.3679, valid_pr-0.6928
2025-06-11 10:37:16 - INFO - epoch-173, train_loss-0.8278, train_rmse-0.9098, valid_rmse-1.4245, valid_pr-0.6849
2025-06-11 10:37:19 - INFO - epoch-174, train_loss-0.8536, train_rmse-0.9239, valid_rmse-1.5521, valid_pr-0.5494
2025-06-11 10:37:23 - INFO - epoch-175, train_loss-0.8854, train_rmse-0.9410, valid_rmse-1.6096, valid_pr-0.6285
2025-06-11 10:37:26 - INFO - epoch-176, train_loss-0.8227, train_rmse-0.9070, valid_rmse-1.5365, valid_pr-0.6442
2025-06-11 10:37:29 - INFO - epoch-177, train_loss-0.8137, train_rmse-0.9021, valid_rmse-1.4701, valid_pr-0.7127
2025-06-11 10:37:33 - INFO - epoch-178, train_loss-0.7881, train_rmse-0.8878, valid_rmse-1.3533, valid_pr-0.6975
2025-06-11 10:37:36 - INFO - epoch-179, train_loss-0.7847, train_rmse-0.8859, valid_rmse-1.4495, valid_pr-0.7130
2025-06-11 10:37:40 - INFO - epoch-180, train_loss-0.7770, train_rmse-0.8815, valid_rmse-1.5513, valid_pr-0.5811
2025-06-11 10:37:43 - INFO - epoch-181, train_loss-0.7687, train_rmse-0.8767, valid_rmse-1.4882, valid_pr-0.6317
2025-06-11 10:37:47 - INFO - epoch-182, train_loss-0.7862, train_rmse-0.8867, valid_rmse-1.5680, valid_pr-0.6921
2025-06-11 10:37:50 - INFO - epoch-183, train_loss-0.7487, train_rmse-0.8653, valid_rmse-1.4973, valid_pr-0.6424
2025-06-11 10:37:54 - INFO - epoch-184, train_loss-0.7595, train_rmse-0.8715, valid_rmse-1.3782, valid_pr-0.6693
2025-06-11 10:37:57 - INFO - epoch-185, train_loss-0.7366, train_rmse-0.8583, valid_rmse-1.3521, valid_pr-0.6858
2025-06-11 10:38:01 - INFO - epoch-186, train_loss-0.7669, train_rmse-0.8757, valid_rmse-1.4357, valid_pr-0.6439
2025-06-11 10:38:04 - INFO - epoch-187, train_loss-0.7275, train_rmse-0.8530, valid_rmse-1.4279, valid_pr-0.6681
2025-06-11 10:38:07 - INFO - epoch-188, train_loss-0.7265, train_rmse-0.8523, valid_rmse-1.8436, valid_pr-0.6513
2025-06-11 10:38:11 - INFO - epoch-189, train_loss-0.7270, train_rmse-0.8527, valid_rmse-1.4000, valid_pr-0.6688
2025-06-11 10:38:14 - INFO - epoch-190, train_loss-0.7428, train_rmse-0.8619, valid_rmse-1.3880, valid_pr-0.6980
2025-06-11 10:38:18 - INFO - epoch-191, train_loss-0.7519, train_rmse-0.8671, valid_rmse-1.3285, valid_pr-0.7099
2025-06-11 10:38:21 - INFO - epoch-192, train_loss-0.7207, train_rmse-0.8490, valid_rmse-1.6549, valid_pr-0.6447
2025-06-11 10:38:25 - INFO - epoch-193, train_loss-0.7189, train_rmse-0.8479, valid_rmse-1.3236, valid_pr-0.7161
2025-06-11 10:38:28 - INFO - epoch-194, train_loss-0.7025, train_rmse-0.8381, valid_rmse-1.3509, valid_pr-0.7014
2025-06-11 10:38:32 - INFO - epoch-195, train_loss-0.7071, train_rmse-0.8409, valid_rmse-1.4998, valid_pr-0.7208
2025-06-11 10:38:35 - INFO - epoch-196, train_loss-0.7204, train_rmse-0.8488, valid_rmse-1.4020, valid_pr-0.6689
2025-06-11 10:38:39 - INFO - epoch-197, train_loss-0.6904, train_rmse-0.8309, valid_rmse-1.3675, valid_pr-0.7155
2025-06-11 10:38:42 - INFO - epoch-198, train_loss-0.6765, train_rmse-0.8225, valid_rmse-1.4714, valid_pr-0.6608
2025-06-11 10:38:45 - INFO - epoch-199, train_loss-0.6845, train_rmse-0.8273, valid_rmse-1.4424, valid_pr-0.6619
2025-06-11 10:38:49 - INFO - epoch-200, train_loss-0.6883, train_rmse-0.8297, valid_rmse-1.4599, valid_pr-0.6849
2025-06-11 10:38:52 - INFO - epoch-201, train_loss-0.6722, train_rmse-0.8199, valid_rmse-1.4685, valid_pr-0.6913
2025-06-11 10:38:56 - INFO - epoch-202, train_loss-0.6558, train_rmse-0.8098, valid_rmse-1.3379, valid_pr-0.6982
2025-06-11 10:38:59 - INFO - epoch-203, train_loss-0.6368, train_rmse-0.7980, valid_rmse-1.5641, valid_pr-0.6882
2025-06-11 10:39:02 - INFO - epoch-204, train_loss-0.6642, train_rmse-0.8150, valid_rmse-1.7320, valid_pr-0.6143
2025-06-11 10:39:06 - INFO - epoch-205, train_loss-0.6373, train_rmse-0.7983, valid_rmse-1.3364, valid_pr-0.7094
2025-06-11 10:39:09 - INFO - epoch-206, train_loss-0.6269, train_rmse-0.7918, valid_rmse-1.5183, valid_pr-0.6935
2025-06-11 10:39:13 - INFO - epoch-207, train_loss-0.6471, train_rmse-0.8044, valid_rmse-1.6580, valid_pr-0.5148
2025-06-11 10:39:16 - INFO - epoch-208, train_loss-0.6671, train_rmse-0.8168, valid_rmse-1.4122, valid_pr-0.6562
2025-06-11 10:39:20 - INFO - epoch-209, train_loss-0.6285, train_rmse-0.7928, valid_rmse-1.4118, valid_pr-0.6538
2025-06-11 10:39:23 - INFO - epoch-210, train_loss-0.6255, train_rmse-0.7909, valid_rmse-1.3802, valid_pr-0.6749
2025-06-11 10:39:27 - INFO - epoch-211, train_loss-0.6110, train_rmse-0.7817, valid_rmse-1.3685, valid_pr-0.6938
2025-06-11 10:39:30 - INFO - epoch-212, train_loss-0.6105, train_rmse-0.7814, valid_rmse-1.4040, valid_pr-0.6840
2025-06-11 10:39:34 - INFO - epoch-213, train_loss-0.6049, train_rmse-0.7778, valid_rmse-1.3314, valid_pr-0.7048
2025-06-11 10:39:37 - INFO - epoch-214, train_loss-0.6098, train_rmse-0.7809, valid_rmse-1.4672, valid_pr-0.6545
2025-06-11 10:39:41 - INFO - epoch-215, train_loss-0.6308, train_rmse-0.7942, valid_rmse-1.5111, valid_pr-0.6761
2025-06-11 10:39:45 - INFO - epoch-216, train_loss-0.5970, train_rmse-0.7726, valid_rmse-1.3121, valid_pr-0.7234
2025-06-11 10:39:48 - INFO - epoch-217, train_loss-0.5674, train_rmse-0.7533, valid_rmse-1.4753, valid_pr-0.6574
2025-06-11 10:39:52 - INFO - epoch-218, train_loss-0.5924, train_rmse-0.7696, valid_rmse-1.3960, valid_pr-0.6942
2025-06-11 10:39:55 - INFO - epoch-219, train_loss-0.5986, train_rmse-0.7737, valid_rmse-1.4118, valid_pr-0.6916
2025-06-11 10:39:58 - INFO - epoch-220, train_loss-0.5724, train_rmse-0.7566, valid_rmse-1.4116, valid_pr-0.7160
2025-06-11 10:40:02 - INFO - epoch-221, train_loss-0.5739, train_rmse-0.7576, valid_rmse-1.3486, valid_pr-0.6967
2025-06-11 10:40:06 - INFO - epoch-222, train_loss-0.5752, train_rmse-0.7584, valid_rmse-1.3199, valid_pr-0.7143
2025-06-11 10:40:15 - INFO - epoch-223, train_loss-0.5691, train_rmse-0.7544, valid_rmse-1.3396, valid_pr-0.7177
2025-06-11 10:40:25 - INFO - epoch-224, train_loss-0.5621, train_rmse-0.7498, valid_rmse-1.3706, valid_pr-0.6971
2025-06-11 10:40:35 - INFO - epoch-225, train_loss-0.5600, train_rmse-0.7483, valid_rmse-1.4439, valid_pr-0.6986
2025-06-11 10:40:45 - INFO - epoch-226, train_loss-0.5442, train_rmse-0.7377, valid_rmse-1.3748, valid_pr-0.6977
2025-06-11 10:40:57 - INFO - epoch-227, train_loss-0.5511, train_rmse-0.7423, valid_rmse-1.4433, valid_pr-0.6656
2025-06-11 10:41:08 - INFO - epoch-228, train_loss-0.5620, train_rmse-0.7497, valid_rmse-1.4644, valid_pr-0.6906
2025-06-11 10:41:18 - INFO - epoch-229, train_loss-0.5448, train_rmse-0.7381, valid_rmse-1.3632, valid_pr-0.6821
2025-06-11 10:41:29 - INFO - epoch-230, train_loss-0.5214, train_rmse-0.7221, valid_rmse-1.4263, valid_pr-0.6695
2025-06-11 10:41:39 - INFO - epoch-231, train_loss-0.5513, train_rmse-0.7425, valid_rmse-1.4337, valid_pr-0.6726
2025-06-11 10:41:49 - INFO - epoch-232, train_loss-0.5455, train_rmse-0.7386, valid_rmse-1.3505, valid_pr-0.7051
2025-06-11 10:41:59 - INFO - epoch-233, train_loss-0.5281, train_rmse-0.7267, valid_rmse-1.3544, valid_pr-0.6960
2025-06-11 10:42:10 - INFO - epoch-234, train_loss-0.5228, train_rmse-0.7231, valid_rmse-1.3939, valid_pr-0.7087
2025-06-11 10:42:20 - INFO - epoch-235, train_loss-0.5125, train_rmse-0.7159, valid_rmse-1.6230, valid_pr-0.6721
2025-06-11 10:42:31 - INFO - epoch-236, train_loss-0.5225, train_rmse-0.7228, valid_rmse-1.3836, valid_pr-0.6813
2025-06-11 10:42:41 - INFO - epoch-237, train_loss-0.5300, train_rmse-0.7280, valid_rmse-1.3758, valid_pr-0.6759
2025-06-11 10:42:51 - INFO - epoch-238, train_loss-0.5153, train_rmse-0.7179, valid_rmse-1.3709, valid_pr-0.6980
2025-06-11 10:43:01 - INFO - epoch-239, train_loss-0.5150, train_rmse-0.7176, valid_rmse-1.4439, valid_pr-0.6943
2025-06-11 10:43:11 - INFO - epoch-240, train_loss-0.5131, train_rmse-0.7163, valid_rmse-1.3427, valid_pr-0.7126
2025-06-11 10:43:22 - INFO - epoch-241, train_loss-0.5097, train_rmse-0.7140, valid_rmse-1.3955, valid_pr-0.7042
2025-06-11 10:43:33 - INFO - epoch-242, train_loss-0.5034, train_rmse-0.7095, valid_rmse-1.3472, valid_pr-0.6957
2025-06-11 10:43:44 - INFO - epoch-243, train_loss-0.5157, train_rmse-0.7181, valid_rmse-1.5259, valid_pr-0.6517
2025-06-11 10:43:55 - INFO - epoch-244, train_loss-0.5120, train_rmse-0.7156, valid_rmse-1.4810, valid_pr-0.6889
2025-06-11 10:44:05 - INFO - epoch-245, train_loss-0.4676, train_rmse-0.6838, valid_rmse-1.6611, valid_pr-0.5789
2025-06-11 10:44:15 - INFO - epoch-246, train_loss-0.5006, train_rmse-0.7075, valid_rmse-1.3920, valid_pr-0.6844
2025-06-11 10:44:26 - INFO - epoch-247, train_loss-0.5226, train_rmse-0.7229, valid_rmse-1.3697, valid_pr-0.6961
2025-06-11 10:44:37 - INFO - epoch-248, train_loss-0.4864, train_rmse-0.6975, valid_rmse-1.4128, valid_pr-0.6808
2025-06-11 10:44:48 - INFO - epoch-249, train_loss-0.4814, train_rmse-0.6938, valid_rmse-1.4114, valid_pr-0.6664
2025-06-11 10:44:58 - INFO - epoch-250, train_loss-0.4518, train_rmse-0.6722, valid_rmse-1.3454, valid_pr-0.7114
2025-06-11 10:45:09 - INFO - epoch-251, train_loss-0.4731, train_rmse-0.6878, valid_rmse-1.3747, valid_pr-0.6726
2025-06-11 10:45:20 - INFO - epoch-252, train_loss-0.4761, train_rmse-0.6900, valid_rmse-1.3806, valid_pr-0.6773
2025-06-11 10:45:30 - INFO - epoch-253, train_loss-0.4575, train_rmse-0.6764, valid_rmse-1.4080, valid_pr-0.7011
2025-06-11 10:45:41 - INFO - epoch-254, train_loss-0.4821, train_rmse-0.6944, valid_rmse-1.5003, valid_pr-0.6666
2025-06-11 10:45:51 - INFO - epoch-255, train_loss-0.4568, train_rmse-0.6759, valid_rmse-1.3695, valid_pr-0.7049
2025-06-11 10:46:02 - INFO - epoch-256, train_loss-0.4775, train_rmse-0.6910, valid_rmse-1.5669, valid_pr-0.6678
2025-06-11 10:46:12 - INFO - epoch-257, train_loss-0.4668, train_rmse-0.6832, valid_rmse-1.4717, valid_pr-0.6875
2025-06-11 10:46:23 - INFO - epoch-258, train_loss-0.4523, train_rmse-0.6725, valid_rmse-1.3800, valid_pr-0.7262
2025-06-11 10:46:34 - INFO - epoch-259, train_loss-0.4477, train_rmse-0.6691, valid_rmse-1.4420, valid_pr-0.6702
2025-06-11 10:46:44 - INFO - epoch-260, train_loss-0.4486, train_rmse-0.6697, valid_rmse-1.4662, valid_pr-0.6620
2025-06-11 10:46:54 - INFO - epoch-261, train_loss-0.4515, train_rmse-0.6720, valid_rmse-1.5834, valid_pr-0.7016
2025-06-11 10:47:05 - INFO - epoch-262, train_loss-0.4442, train_rmse-0.6665, valid_rmse-1.4716, valid_pr-0.6716
2025-06-11 10:47:15 - INFO - epoch-263, train_loss-0.4215, train_rmse-0.6493, valid_rmse-1.3162, valid_pr-0.7214
2025-06-11 10:47:26 - INFO - epoch-264, train_loss-0.4437, train_rmse-0.6661, valid_rmse-1.3580, valid_pr-0.6899
2025-06-11 10:47:37 - INFO - epoch-265, train_loss-0.4322, train_rmse-0.6574, valid_rmse-1.3175, valid_pr-0.7113
2025-06-11 10:47:49 - INFO - epoch-266, train_loss-0.4381, train_rmse-0.6619, valid_rmse-1.3733, valid_pr-0.6922
2025-06-11 10:48:00 - INFO - epoch-267, train_loss-0.4287, train_rmse-0.6548, valid_rmse-1.3406, valid_pr-0.7108
2025-06-11 10:48:10 - INFO - epoch-268, train_loss-0.4380, train_rmse-0.6618, valid_rmse-1.4180, valid_pr-0.6713
2025-06-11 10:48:21 - INFO - epoch-269, train_loss-0.4578, train_rmse-0.6766, valid_rmse-1.4167, valid_pr-0.6852
2025-06-11 10:48:32 - INFO - epoch-270, train_loss-0.4313, train_rmse-0.6567, valid_rmse-1.4080, valid_pr-0.6836
2025-06-11 10:48:43 - INFO - epoch-271, train_loss-0.4162, train_rmse-0.6452, valid_rmse-1.3984, valid_pr-0.6866
2025-06-11 10:48:53 - INFO - epoch-272, train_loss-0.4214, train_rmse-0.6491, valid_rmse-1.4399, valid_pr-0.6446
2025-06-11 10:49:04 - INFO - epoch-273, train_loss-0.4265, train_rmse-0.6531, valid_rmse-1.4292, valid_pr-0.6855
2025-06-11 10:49:14 - INFO - epoch-274, train_loss-0.3931, train_rmse-0.6269, valid_rmse-1.3458, valid_pr-0.7172
2025-06-11 10:49:25 - INFO - epoch-275, train_loss-0.4032, train_rmse-0.6350, valid_rmse-1.4039, valid_pr-0.6837
2025-06-11 10:49:37 - INFO - epoch-276, train_loss-0.4207, train_rmse-0.6486, valid_rmse-1.3226, valid_pr-0.7172
2025-06-11 10:49:47 - INFO - epoch-277, train_loss-0.4021, train_rmse-0.6341, valid_rmse-1.3849, valid_pr-0.6751
2025-06-11 10:49:58 - INFO - epoch-278, train_loss-0.4058, train_rmse-0.6370, valid_rmse-1.3452, valid_pr-0.7044
2025-06-11 10:50:09 - INFO - epoch-279, train_loss-0.4102, train_rmse-0.6405, valid_rmse-1.3920, valid_pr-0.7119
2025-06-11 10:50:20 - INFO - epoch-280, train_loss-0.3862, train_rmse-0.6214, valid_rmse-1.3791, valid_pr-0.6928
2025-06-11 10:50:31 - INFO - epoch-281, train_loss-0.4088, train_rmse-0.6393, valid_rmse-1.3751, valid_pr-0.7018
2025-06-11 10:50:42 - INFO - epoch-282, train_loss-0.3862, train_rmse-0.6214, valid_rmse-1.3508, valid_pr-0.7165
2025-06-11 10:50:53 - INFO - epoch-283, train_loss-0.4111, train_rmse-0.6412, valid_rmse-1.5546, valid_pr-0.6440
2025-06-11 10:51:03 - INFO - epoch-284, train_loss-0.4178, train_rmse-0.6464, valid_rmse-1.5098, valid_pr-0.6422
2025-06-11 10:51:10 - INFO - epoch-285, train_loss-0.3891, train_rmse-0.6238, valid_rmse-1.3458, valid_pr-0.7085
2025-06-11 10:51:13 - INFO - epoch-286, train_loss-0.3800, train_rmse-0.6164, valid_rmse-1.4912, valid_pr-0.6225
2025-06-11 10:51:17 - INFO - epoch-287, train_loss-0.4008, train_rmse-0.6330, valid_rmse-1.4917, valid_pr-0.6791
2025-06-11 10:51:21 - INFO - epoch-288, train_loss-0.3981, train_rmse-0.6310, valid_rmse-1.4388, valid_pr-0.6775
2025-06-11 10:51:24 - INFO - epoch-289, train_loss-0.3657, train_rmse-0.6047, valid_rmse-1.3512, valid_pr-0.6955
2025-06-11 10:51:27 - INFO - epoch-290, train_loss-0.3861, train_rmse-0.6214, valid_rmse-1.3696, valid_pr-0.6968
2025-06-11 10:51:31 - INFO - epoch-291, train_loss-0.3890, train_rmse-0.6237, valid_rmse-1.3760, valid_pr-0.6941
2025-06-11 10:51:35 - INFO - epoch-292, train_loss-0.3906, train_rmse-0.6250, valid_rmse-1.3770, valid_pr-0.7005
2025-06-11 10:51:39 - INFO - epoch-293, train_loss-0.3934, train_rmse-0.6272, valid_rmse-1.3810, valid_pr-0.7122
2025-06-11 10:51:42 - INFO - epoch-294, train_loss-0.3817, train_rmse-0.6178, valid_rmse-1.4085, valid_pr-0.6851
2025-06-11 10:51:46 - INFO - epoch-295, train_loss-0.3878, train_rmse-0.6227, valid_rmse-1.3826, valid_pr-0.6985
2025-06-11 10:51:49 - INFO - epoch-296, train_loss-0.3847, train_rmse-0.6202, valid_rmse-1.4137, valid_pr-0.6786
2025-06-11 10:51:53 - INFO - epoch-297, train_loss-0.3766, train_rmse-0.6136, valid_rmse-1.3862, valid_pr-0.6918
2025-06-11 10:51:57 - INFO - epoch-298, train_loss-0.3796, train_rmse-0.6161, valid_rmse-1.4387, valid_pr-0.6729
2025-06-11 10:52:01 - INFO - epoch-299, train_loss-0.3644, train_rmse-0.6037, valid_rmse-1.3610, valid_pr-0.7006
2025-06-11 10:52:04 - INFO - epoch-300, train_loss-0.3656, train_rmse-0.6047, valid_rmse-1.4705, valid_pr-0.6709
2025-06-11 10:52:08 - INFO - epoch-301, train_loss-0.3964, train_rmse-0.6296, valid_rmse-1.3478, valid_pr-0.7015
2025-06-11 10:52:12 - INFO - epoch-302, train_loss-0.3622, train_rmse-0.6018, valid_rmse-1.3507, valid_pr-0.7160
2025-06-11 10:52:16 - INFO - epoch-303, train_loss-0.3669, train_rmse-0.6057, valid_rmse-1.3786, valid_pr-0.6906
2025-06-11 10:52:20 - INFO - epoch-304, train_loss-0.3734, train_rmse-0.6111, valid_rmse-1.3645, valid_pr-0.7005
2025-06-11 10:52:23 - INFO - epoch-305, train_loss-0.3631, train_rmse-0.6026, valid_rmse-1.3572, valid_pr-0.6837
2025-06-11 10:52:27 - INFO - epoch-306, train_loss-0.3635, train_rmse-0.6029, valid_rmse-1.4260, valid_pr-0.7103
2025-06-11 10:52:31 - INFO - epoch-307, train_loss-0.3713, train_rmse-0.6093, valid_rmse-1.3645, valid_pr-0.7063
2025-06-11 10:52:35 - INFO - epoch-308, train_loss-0.3668, train_rmse-0.6057, valid_rmse-1.4097, valid_pr-0.6938
2025-06-11 10:52:38 - INFO - epoch-309, train_loss-0.3555, train_rmse-0.5963, valid_rmse-1.3981, valid_pr-0.6980
2025-06-11 10:52:42 - INFO - epoch-310, train_loss-0.3591, train_rmse-0.5993, valid_rmse-1.3292, valid_pr-0.7104
2025-06-11 10:52:45 - INFO - epoch-311, train_loss-0.3593, train_rmse-0.5994, valid_rmse-1.5069, valid_pr-0.6401
2025-06-11 10:52:49 - INFO - epoch-312, train_loss-0.3581, train_rmse-0.5984, valid_rmse-1.3502, valid_pr-0.6934
2025-06-11 10:52:52 - INFO - epoch-313, train_loss-0.3699, train_rmse-0.6082, valid_rmse-1.3352, valid_pr-0.7253
2025-06-11 10:52:55 - INFO - epoch-314, train_loss-0.3387, train_rmse-0.5820, valid_rmse-1.4019, valid_pr-0.6696
2025-06-11 10:52:59 - INFO - epoch-315, train_loss-0.3412, train_rmse-0.5841, valid_rmse-1.3730, valid_pr-0.7089
2025-06-11 10:53:03 - INFO - epoch-316, train_loss-0.3511, train_rmse-0.5925, valid_rmse-1.3726, valid_pr-0.6975
2025-06-11 10:53:06 - INFO - epoch-317, train_loss-0.3470, train_rmse-0.5890, valid_rmse-1.3427, valid_pr-0.7063
2025-06-11 10:53:06 - INFO - early stop in epoch 317
2025-06-11 10:53:06 - INFO - best_rmse: 1.3121
2025-06-11 10:53:10 - INFO - valid_rmse-1.3121, valid_pr-0.7234, test2013_rmse-1.3634, test2013_pr-0.8213, test2016_rmse-1.3715, test2016_pr-0.7770, test2019_rmse-1.5075, test2019_pr-0.5994,
