2025-06-11 17:12:37 - INFO - train_GIN_demo.py
2025-06-11 17:12:37 - INFO - train data: 11904
2025-06-11 17:12:37 - INFO - valid data: 1000
2025-06-11 17:12:37 - INFO - test2013 data: 107
2025-06-11 17:12:37 - INFO - test2016 data: 285
2025-06-11 17:12:37 - INFO - test2019 data: 4366
2025-06-11 17:12:41 - INFO - epoch-0, train_loss-40.6137, train_rmse-6.3729, valid_rmse-5.9215, valid_pr-0.4918
2025-06-11 17:12:44 - INFO - epoch-1, train_loss-25.5477, train_rmse-5.0545, valid_rmse-3.7208, valid_pr-0.2363
2025-06-11 17:12:47 - INFO - epoch-2, train_loss-8.2129, train_rmse-2.8658, valid_rmse-2.3193, valid_pr-0.4692
2025-06-11 17:12:51 - INFO - epoch-3, train_loss-3.7668, train_rmse-1.9408, valid_rmse-1.7941, valid_pr-0.4476
2025-06-11 17:12:55 - INFO - epoch-4, train_loss-3.5013, train_rmse-1.8712, valid_rmse-1.7124, valid_pr-0.4582
2025-06-11 17:12:58 - INFO - epoch-5, train_loss-3.4406, train_rmse-1.8549, valid_rmse-1.6808, valid_pr-0.4729
2025-06-11 17:13:02 - INFO - epoch-6, train_loss-3.3141, train_rmse-1.8205, valid_rmse-1.7388, valid_pr-0.4550
2025-06-11 17:13:05 - INFO - epoch-7, train_loss-3.2761, train_rmse-1.8100, valid_rmse-1.6606, valid_pr-0.4738
2025-06-11 17:13:08 - INFO - epoch-8, train_loss-3.2878, train_rmse-1.8132, valid_rmse-1.6312, valid_pr-0.4901
2025-06-11 17:13:12 - INFO - epoch-9, train_loss-3.1628, train_rmse-1.7784, valid_rmse-1.5933, valid_pr-0.5079
2025-06-11 17:13:15 - INFO - epoch-10, train_loss-3.1489, train_rmse-1.7745, valid_rmse-1.6159, valid_pr-0.4986
2025-06-11 17:13:19 - INFO - epoch-11, train_loss-3.1210, train_rmse-1.7666, valid_rmse-1.6366, valid_pr-0.5095
2025-06-11 17:13:22 - INFO - epoch-12, train_loss-3.0940, train_rmse-1.7590, valid_rmse-1.6147, valid_pr-0.5107
2025-06-11 17:13:26 - INFO - epoch-13, train_loss-3.0635, train_rmse-1.7503, valid_rmse-1.6473, valid_pr-0.4982
2025-06-11 17:13:29 - INFO - epoch-14, train_loss-2.9777, train_rmse-1.7256, valid_rmse-1.7071, valid_pr-0.4507
2025-06-11 17:13:33 - INFO - epoch-15, train_loss-2.9571, train_rmse-1.7196, valid_rmse-1.5883, valid_pr-0.5143
2025-06-11 17:13:36 - INFO - epoch-16, train_loss-2.8966, train_rmse-1.7019, valid_rmse-1.6085, valid_pr-0.5090
2025-06-11 17:13:40 - INFO - epoch-17, train_loss-2.9092, train_rmse-1.7056, valid_rmse-1.5808, valid_pr-0.5185
2025-06-11 17:13:43 - INFO - epoch-18, train_loss-2.9231, train_rmse-1.7097, valid_rmse-1.5993, valid_pr-0.5116
2025-06-11 17:13:47 - INFO - epoch-19, train_loss-2.8298, train_rmse-1.6822, valid_rmse-1.6356, valid_pr-0.5118
2025-06-11 17:13:51 - INFO - epoch-20, train_loss-2.8010, train_rmse-1.6736, valid_rmse-1.5782, valid_pr-0.5301
2025-06-11 17:13:54 - INFO - epoch-21, train_loss-2.8378, train_rmse-1.6846, valid_rmse-1.6025, valid_pr-0.5069
2025-06-11 17:13:57 - INFO - epoch-22, train_loss-2.7695, train_rmse-1.6642, valid_rmse-1.6067, valid_pr-0.5276
2025-06-11 17:14:01 - INFO - epoch-23, train_loss-2.7303, train_rmse-1.6524, valid_rmse-1.5865, valid_pr-0.5256
2025-06-11 17:14:05 - INFO - epoch-24, train_loss-2.6709, train_rmse-1.6343, valid_rmse-1.5788, valid_pr-0.5264
2025-06-11 17:14:08 - INFO - epoch-25, train_loss-2.6767, train_rmse-1.6361, valid_rmse-1.5720, valid_pr-0.5271
2025-06-11 17:14:12 - INFO - epoch-26, train_loss-2.6765, train_rmse-1.6360, valid_rmse-1.5588, valid_pr-0.5358
2025-06-11 17:14:15 - INFO - epoch-27, train_loss-2.6726, train_rmse-1.6348, valid_rmse-1.5597, valid_pr-0.5394
2025-06-11 17:14:18 - INFO - epoch-28, train_loss-2.6437, train_rmse-1.6259, valid_rmse-1.5706, valid_pr-0.5352
2025-06-11 17:14:22 - INFO - epoch-29, train_loss-2.6139, train_rmse-1.6168, valid_rmse-1.5604, valid_pr-0.5436
2025-06-11 17:14:25 - INFO - epoch-30, train_loss-2.6064, train_rmse-1.6144, valid_rmse-1.5519, valid_pr-0.5471
2025-06-11 17:14:28 - INFO - epoch-31, train_loss-2.5841, train_rmse-1.6075, valid_rmse-1.5584, valid_pr-0.5391
2025-06-11 17:14:31 - INFO - epoch-32, train_loss-2.6003, train_rmse-1.6125, valid_rmse-1.5933, valid_pr-0.5322
2025-06-11 17:14:34 - INFO - epoch-33, train_loss-2.5607, train_rmse-1.6002, valid_rmse-1.5601, valid_pr-0.5367
2025-06-11 17:14:38 - INFO - epoch-34, train_loss-2.5507, train_rmse-1.5971, valid_rmse-1.5707, valid_pr-0.5462
2025-06-11 17:14:41 - INFO - epoch-35, train_loss-2.5501, train_rmse-1.5969, valid_rmse-1.5697, valid_pr-0.5531
2025-06-11 17:14:44 - INFO - epoch-36, train_loss-2.4956, train_rmse-1.5797, valid_rmse-1.5494, valid_pr-0.5548
2025-06-11 17:14:47 - INFO - epoch-37, train_loss-2.4932, train_rmse-1.5790, valid_rmse-1.5515, valid_pr-0.5449
2025-06-11 17:14:50 - INFO - epoch-38, train_loss-2.4499, train_rmse-1.5652, valid_rmse-1.5875, valid_pr-0.5448
2025-06-11 17:14:53 - INFO - epoch-39, train_loss-2.5092, train_rmse-1.5840, valid_rmse-1.5494, valid_pr-0.5452
2025-06-11 17:14:56 - INFO - epoch-40, train_loss-2.4799, train_rmse-1.5748, valid_rmse-1.5558, valid_pr-0.5450
2025-06-11 17:14:59 - INFO - epoch-41, train_loss-2.4601, train_rmse-1.5685, valid_rmse-1.5623, valid_pr-0.5455
2025-06-11 17:15:03 - INFO - epoch-42, train_loss-2.4529, train_rmse-1.5662, valid_rmse-1.5892, valid_pr-0.5518
2025-06-11 17:15:06 - INFO - epoch-43, train_loss-2.3925, train_rmse-1.5468, valid_rmse-1.6134, valid_pr-0.5281
2025-06-11 17:15:09 - INFO - epoch-44, train_loss-2.4000, train_rmse-1.5492, valid_rmse-1.5548, valid_pr-0.5493
2025-06-11 17:15:12 - INFO - epoch-45, train_loss-2.3832, train_rmse-1.5438, valid_rmse-1.5170, valid_pr-0.5740
2025-06-11 17:15:15 - INFO - epoch-46, train_loss-2.4172, train_rmse-1.5547, valid_rmse-1.5240, valid_pr-0.5693
2025-06-11 17:15:18 - INFO - epoch-47, train_loss-2.3721, train_rmse-1.5402, valid_rmse-1.5685, valid_pr-0.5421
2025-06-11 17:15:22 - INFO - epoch-48, train_loss-2.3570, train_rmse-1.5353, valid_rmse-1.5312, valid_pr-0.5647
2025-06-11 17:15:25 - INFO - epoch-49, train_loss-2.3144, train_rmse-1.5213, valid_rmse-1.5204, valid_pr-0.5679
2025-06-11 17:15:29 - INFO - epoch-50, train_loss-2.3319, train_rmse-1.5271, valid_rmse-1.5283, valid_pr-0.5617
2025-06-11 17:15:32 - INFO - epoch-51, train_loss-2.3392, train_rmse-1.5295, valid_rmse-1.5083, valid_pr-0.5799
2025-06-11 17:15:35 - INFO - epoch-52, train_loss-2.2978, train_rmse-1.5159, valid_rmse-1.5547, valid_pr-0.5577
2025-06-11 17:15:37 - INFO - epoch-53, train_loss-2.2750, train_rmse-1.5083, valid_rmse-1.5135, valid_pr-0.5753
2025-06-11 17:15:40 - INFO - epoch-54, train_loss-2.2816, train_rmse-1.5105, valid_rmse-1.5119, valid_pr-0.5776
2025-06-11 17:15:43 - INFO - epoch-55, train_loss-2.2983, train_rmse-1.5160, valid_rmse-1.5518, valid_pr-0.5767
2025-06-11 17:15:47 - INFO - epoch-56, train_loss-2.2377, train_rmse-1.4959, valid_rmse-1.5095, valid_pr-0.5795
2025-06-11 17:15:50 - INFO - epoch-57, train_loss-2.2335, train_rmse-1.4945, valid_rmse-1.5000, valid_pr-0.5932
2025-06-11 17:15:53 - INFO - epoch-58, train_loss-2.2685, train_rmse-1.5062, valid_rmse-1.5193, valid_pr-0.5710
2025-06-11 17:15:56 - INFO - epoch-59, train_loss-2.2561, train_rmse-1.5020, valid_rmse-1.5193, valid_pr-0.5822
2025-06-11 17:15:59 - INFO - epoch-60, train_loss-2.2557, train_rmse-1.5019, valid_rmse-1.4924, valid_pr-0.5906
2025-06-11 17:16:02 - INFO - epoch-61, train_loss-2.2279, train_rmse-1.4926, valid_rmse-1.4962, valid_pr-0.5917
2025-06-11 17:16:05 - INFO - epoch-62, train_loss-2.1878, train_rmse-1.4791, valid_rmse-1.4979, valid_pr-0.5952
2025-06-11 17:16:08 - INFO - epoch-63, train_loss-2.2036, train_rmse-1.4845, valid_rmse-1.5075, valid_pr-0.5890
2025-06-11 17:16:12 - INFO - epoch-64, train_loss-2.1972, train_rmse-1.4823, valid_rmse-1.4961, valid_pr-0.5912
2025-06-11 17:16:15 - INFO - epoch-65, train_loss-2.2069, train_rmse-1.4856, valid_rmse-1.5159, valid_pr-0.5831
2025-06-11 17:16:18 - INFO - epoch-66, train_loss-2.1647, train_rmse-1.4713, valid_rmse-1.4905, valid_pr-0.5903
2025-06-11 17:16:21 - INFO - epoch-67, train_loss-2.1690, train_rmse-1.4728, valid_rmse-1.5227, valid_pr-0.5994
2025-06-11 17:16:24 - INFO - epoch-68, train_loss-2.1314, train_rmse-1.4599, valid_rmse-1.5241, valid_pr-0.5816
2025-06-11 17:16:27 - INFO - epoch-69, train_loss-2.1266, train_rmse-1.4583, valid_rmse-1.4808, valid_pr-0.5986
2025-06-11 17:16:30 - INFO - epoch-70, train_loss-2.1294, train_rmse-1.4593, valid_rmse-1.5000, valid_pr-0.5836
2025-06-11 17:16:33 - INFO - epoch-71, train_loss-2.1309, train_rmse-1.4598, valid_rmse-1.4807, valid_pr-0.5975
2025-06-11 17:16:36 - INFO - epoch-72, train_loss-2.1028, train_rmse-1.4501, valid_rmse-1.4751, valid_pr-0.6024
2025-06-11 17:16:39 - INFO - epoch-73, train_loss-2.0814, train_rmse-1.4427, valid_rmse-1.4838, valid_pr-0.6017
2025-06-11 17:16:42 - INFO - epoch-74, train_loss-2.1139, train_rmse-1.4539, valid_rmse-1.4725, valid_pr-0.6033
2025-06-11 17:16:45 - INFO - epoch-75, train_loss-2.0842, train_rmse-1.4437, valid_rmse-1.5094, valid_pr-0.5868
2025-06-11 17:16:48 - INFO - epoch-76, train_loss-2.0641, train_rmse-1.4367, valid_rmse-1.4752, valid_pr-0.6026
2025-06-11 17:16:51 - INFO - epoch-77, train_loss-2.0843, train_rmse-1.4437, valid_rmse-1.4860, valid_pr-0.6003
2025-06-11 17:16:54 - INFO - epoch-78, train_loss-2.0799, train_rmse-1.4422, valid_rmse-1.4683, valid_pr-0.6075
2025-06-11 17:16:58 - INFO - epoch-79, train_loss-2.0371, train_rmse-1.4273, valid_rmse-1.4506, valid_pr-0.6194
2025-06-11 17:17:01 - INFO - epoch-80, train_loss-2.0181, train_rmse-1.4206, valid_rmse-1.4854, valid_pr-0.6015
2025-06-11 17:17:04 - INFO - epoch-81, train_loss-2.0286, train_rmse-1.4243, valid_rmse-1.4709, valid_pr-0.6091
2025-06-11 17:17:07 - INFO - epoch-82, train_loss-2.0343, train_rmse-1.4263, valid_rmse-1.4707, valid_pr-0.6056
2025-06-11 17:17:10 - INFO - epoch-83, train_loss-2.0092, train_rmse-1.4175, valid_rmse-1.4746, valid_pr-0.6090
2025-06-11 17:17:13 - INFO - epoch-84, train_loss-2.0099, train_rmse-1.4177, valid_rmse-1.4950, valid_pr-0.5926
2025-06-11 17:17:16 - INFO - epoch-85, train_loss-2.0215, train_rmse-1.4218, valid_rmse-1.4549, valid_pr-0.6170
2025-06-11 17:17:20 - INFO - epoch-86, train_loss-2.0047, train_rmse-1.4159, valid_rmse-1.4928, valid_pr-0.5979
2025-06-11 17:17:23 - INFO - epoch-87, train_loss-1.9807, train_rmse-1.4074, valid_rmse-1.4558, valid_pr-0.6189
2025-06-11 17:17:26 - INFO - epoch-88, train_loss-1.9268, train_rmse-1.3881, valid_rmse-1.4640, valid_pr-0.6148
2025-06-11 17:17:29 - INFO - epoch-89, train_loss-1.9640, train_rmse-1.4014, valid_rmse-1.4707, valid_pr-0.6046
2025-06-11 17:17:38 - INFO - epoch-90, train_loss-1.9488, train_rmse-1.3960, valid_rmse-1.4953, valid_pr-0.6041
2025-06-11 17:17:45 - INFO - epoch-91, train_loss-1.9397, train_rmse-1.3927, valid_rmse-1.4768, valid_pr-0.6068
2025-06-11 17:17:53 - INFO - epoch-92, train_loss-1.9246, train_rmse-1.3873, valid_rmse-1.4815, valid_pr-0.5989
2025-06-11 17:18:03 - INFO - epoch-93, train_loss-1.9441, train_rmse-1.3943, valid_rmse-1.5030, valid_pr-0.6034
2025-06-11 17:18:11 - INFO - epoch-94, train_loss-1.9206, train_rmse-1.3859, valid_rmse-1.4505, valid_pr-0.6262
2025-06-11 17:18:18 - INFO - epoch-95, train_loss-1.9167, train_rmse-1.3844, valid_rmse-1.4446, valid_pr-0.6264
2025-06-11 17:18:25 - INFO - epoch-96, train_loss-1.9435, train_rmse-1.3941, valid_rmse-1.4636, valid_pr-0.6147
2025-06-11 17:18:32 - INFO - epoch-97, train_loss-1.9096, train_rmse-1.3819, valid_rmse-1.4554, valid_pr-0.6276
2025-06-11 17:18:39 - INFO - epoch-98, train_loss-1.9019, train_rmse-1.3791, valid_rmse-1.4771, valid_pr-0.6132
2025-06-11 17:18:47 - INFO - epoch-99, train_loss-1.8718, train_rmse-1.3681, valid_rmse-1.4363, valid_pr-0.6287
2025-06-11 17:18:54 - INFO - epoch-100, train_loss-1.8715, train_rmse-1.3680, valid_rmse-1.4800, valid_pr-0.6166
2025-06-11 17:19:02 - INFO - epoch-101, train_loss-1.8919, train_rmse-1.3755, valid_rmse-1.4241, valid_pr-0.6372
2025-06-11 17:19:10 - INFO - epoch-102, train_loss-1.8682, train_rmse-1.3668, valid_rmse-1.4626, valid_pr-0.6130
2025-06-11 17:19:17 - INFO - epoch-103, train_loss-1.8703, train_rmse-1.3676, valid_rmse-1.4395, valid_pr-0.6312
2025-06-11 17:19:25 - INFO - epoch-104, train_loss-1.8354, train_rmse-1.3548, valid_rmse-1.4330, valid_pr-0.6320
2025-06-11 17:19:33 - INFO - epoch-105, train_loss-1.8311, train_rmse-1.3532, valid_rmse-1.4340, valid_pr-0.6305
2025-06-11 17:19:41 - INFO - epoch-106, train_loss-1.8443, train_rmse-1.3580, valid_rmse-1.4641, valid_pr-0.6105
2025-06-11 17:19:49 - INFO - epoch-107, train_loss-1.8309, train_rmse-1.3531, valid_rmse-1.4408, valid_pr-0.6325
2025-06-11 17:19:57 - INFO - epoch-108, train_loss-1.8097, train_rmse-1.3453, valid_rmse-1.4301, valid_pr-0.6384
2025-06-11 17:20:05 - INFO - epoch-109, train_loss-1.8011, train_rmse-1.3420, valid_rmse-1.4509, valid_pr-0.6254
2025-06-11 17:20:13 - INFO - epoch-110, train_loss-1.7838, train_rmse-1.3356, valid_rmse-1.4497, valid_pr-0.6271
2025-06-11 17:20:21 - INFO - epoch-111, train_loss-1.7647, train_rmse-1.3284, valid_rmse-1.4439, valid_pr-0.6303
2025-06-11 17:20:30 - INFO - epoch-112, train_loss-1.7666, train_rmse-1.3292, valid_rmse-1.4444, valid_pr-0.6265
2025-06-11 17:20:38 - INFO - epoch-113, train_loss-1.7840, train_rmse-1.3357, valid_rmse-1.4205, valid_pr-0.6401
2025-06-11 17:20:46 - INFO - epoch-114, train_loss-1.7426, train_rmse-1.3201, valid_rmse-1.4296, valid_pr-0.6354
2025-06-11 17:20:54 - INFO - epoch-115, train_loss-1.7875, train_rmse-1.3370, valid_rmse-1.4574, valid_pr-0.6201
2025-06-11 17:21:01 - INFO - epoch-116, train_loss-1.7422, train_rmse-1.3199, valid_rmse-1.4268, valid_pr-0.6370
2025-06-11 17:21:09 - INFO - epoch-117, train_loss-1.7195, train_rmse-1.3113, valid_rmse-1.4337, valid_pr-0.6372
2025-06-11 17:21:16 - INFO - epoch-118, train_loss-1.7331, train_rmse-1.3165, valid_rmse-1.4253, valid_pr-0.6442
2025-06-11 17:21:24 - INFO - epoch-119, train_loss-1.7351, train_rmse-1.3172, valid_rmse-1.4238, valid_pr-0.6426
2025-06-11 17:21:32 - INFO - epoch-120, train_loss-1.7192, train_rmse-1.3112, valid_rmse-1.4087, valid_pr-0.6476
2025-06-11 17:21:40 - INFO - epoch-121, train_loss-1.7140, train_rmse-1.3092, valid_rmse-1.4156, valid_pr-0.6457
2025-06-11 17:21:48 - INFO - epoch-122, train_loss-1.7242, train_rmse-1.3131, valid_rmse-1.4399, valid_pr-0.6446
2025-06-11 17:21:56 - INFO - epoch-123, train_loss-1.7286, train_rmse-1.3148, valid_rmse-1.4128, valid_pr-0.6453
2025-06-11 17:22:03 - INFO - epoch-124, train_loss-1.7058, train_rmse-1.3061, valid_rmse-1.4167, valid_pr-0.6473
2025-06-11 17:22:11 - INFO - epoch-125, train_loss-1.6784, train_rmse-1.2955, valid_rmse-1.4131, valid_pr-0.6478
2025-06-11 17:22:19 - INFO - epoch-126, train_loss-1.6876, train_rmse-1.2991, valid_rmse-1.4263, valid_pr-0.6385
2025-06-11 17:22:26 - INFO - epoch-127, train_loss-1.6730, train_rmse-1.2934, valid_rmse-1.4363, valid_pr-0.6395
2025-06-11 17:22:34 - INFO - epoch-128, train_loss-1.6793, train_rmse-1.2959, valid_rmse-1.4187, valid_pr-0.6416
2025-06-11 17:22:42 - INFO - epoch-129, train_loss-1.6738, train_rmse-1.2937, valid_rmse-1.4582, valid_pr-0.6349
2025-06-11 17:22:50 - INFO - epoch-130, train_loss-1.6921, train_rmse-1.3008, valid_rmse-1.4103, valid_pr-0.6501
2025-06-11 17:22:57 - INFO - epoch-131, train_loss-1.6536, train_rmse-1.2859, valid_rmse-1.4112, valid_pr-0.6527
2025-06-11 17:23:06 - INFO - epoch-132, train_loss-1.6571, train_rmse-1.2873, valid_rmse-1.3897, valid_pr-0.6593
2025-06-11 17:23:14 - INFO - epoch-133, train_loss-1.6295, train_rmse-1.2765, valid_rmse-1.3967, valid_pr-0.6560
2025-06-11 17:23:22 - INFO - epoch-134, train_loss-1.6341, train_rmse-1.2783, valid_rmse-1.4119, valid_pr-0.6532
2025-06-11 17:23:30 - INFO - epoch-135, train_loss-1.6235, train_rmse-1.2742, valid_rmse-1.3946, valid_pr-0.6572
2025-06-11 17:23:38 - INFO - epoch-136, train_loss-1.6045, train_rmse-1.2667, valid_rmse-1.3987, valid_pr-0.6554
2025-06-11 17:23:46 - INFO - epoch-137, train_loss-1.6105, train_rmse-1.2690, valid_rmse-1.4084, valid_pr-0.6632
2025-06-11 17:23:54 - INFO - epoch-138, train_loss-1.5827, train_rmse-1.2580, valid_rmse-1.4233, valid_pr-0.6472
2025-06-11 17:24:01 - INFO - epoch-139, train_loss-1.6216, train_rmse-1.2734, valid_rmse-1.3980, valid_pr-0.6581
2025-06-11 17:24:08 - INFO - epoch-140, train_loss-1.6015, train_rmse-1.2655, valid_rmse-1.3859, valid_pr-0.6612
2025-06-11 17:24:16 - INFO - epoch-141, train_loss-1.5933, train_rmse-1.2623, valid_rmse-1.4129, valid_pr-0.6489
2025-06-11 17:24:24 - INFO - epoch-142, train_loss-1.5788, train_rmse-1.2565, valid_rmse-1.3894, valid_pr-0.6631
2025-06-11 17:24:31 - INFO - epoch-143, train_loss-1.5580, train_rmse-1.2482, valid_rmse-1.4638, valid_pr-0.6478
2025-06-11 17:24:39 - INFO - epoch-144, train_loss-1.5705, train_rmse-1.2532, valid_rmse-1.4060, valid_pr-0.6519
2025-06-11 17:24:47 - INFO - epoch-145, train_loss-1.5533, train_rmse-1.2463, valid_rmse-1.3945, valid_pr-0.6577
2025-06-11 17:24:54 - INFO - epoch-146, train_loss-1.5750, train_rmse-1.2550, valid_rmse-1.4023, valid_pr-0.6558
2025-06-11 17:25:02 - INFO - epoch-147, train_loss-1.5711, train_rmse-1.2534, valid_rmse-1.4078, valid_pr-0.6486
2025-06-11 17:25:10 - INFO - epoch-148, train_loss-1.5722, train_rmse-1.2539, valid_rmse-1.4070, valid_pr-0.6576
2025-06-11 17:25:17 - INFO - epoch-149, train_loss-1.5408, train_rmse-1.2413, valid_rmse-1.4009, valid_pr-0.6593
2025-06-11 17:25:26 - INFO - epoch-150, train_loss-1.5578, train_rmse-1.2481, valid_rmse-1.3968, valid_pr-0.6597
2025-06-11 17:25:33 - INFO - epoch-151, train_loss-1.5529, train_rmse-1.2462, valid_rmse-1.4199, valid_pr-0.6537
2025-06-11 17:25:41 - INFO - epoch-152, train_loss-1.5561, train_rmse-1.2474, valid_rmse-1.3859, valid_pr-0.6633
2025-06-11 17:25:48 - INFO - epoch-153, train_loss-1.5703, train_rmse-1.2531, valid_rmse-1.3932, valid_pr-0.6622
2025-06-11 17:25:56 - INFO - epoch-154, train_loss-1.5361, train_rmse-1.2394, valid_rmse-1.4129, valid_pr-0.6495
2025-06-11 17:26:04 - INFO - epoch-155, train_loss-1.5128, train_rmse-1.2300, valid_rmse-1.4014, valid_pr-0.6555
2025-06-11 17:26:12 - INFO - epoch-156, train_loss-1.5400, train_rmse-1.2410, valid_rmse-1.4240, valid_pr-0.6371
2025-06-11 17:26:19 - INFO - epoch-157, train_loss-1.5110, train_rmse-1.2292, valid_rmse-1.3654, valid_pr-0.6760
2025-06-11 17:26:28 - INFO - epoch-158, train_loss-1.4981, train_rmse-1.2239, valid_rmse-1.4326, valid_pr-0.6527
2025-06-11 17:26:36 - INFO - epoch-159, train_loss-1.4968, train_rmse-1.2234, valid_rmse-1.3921, valid_pr-0.6580
2025-06-11 17:26:43 - INFO - epoch-160, train_loss-1.4822, train_rmse-1.2175, valid_rmse-1.3896, valid_pr-0.6642
2025-06-11 17:26:51 - INFO - epoch-161, train_loss-1.4785, train_rmse-1.2159, valid_rmse-1.4018, valid_pr-0.6607
2025-06-11 17:26:58 - INFO - epoch-162, train_loss-1.4946, train_rmse-1.2225, valid_rmse-1.4513, valid_pr-0.6401
2025-06-11 17:27:07 - INFO - epoch-163, train_loss-1.4913, train_rmse-1.2212, valid_rmse-1.4059, valid_pr-0.6524
2025-06-11 17:27:15 - INFO - epoch-164, train_loss-1.4822, train_rmse-1.2175, valid_rmse-1.4037, valid_pr-0.6501
2025-06-11 17:27:23 - INFO - epoch-165, train_loss-1.4737, train_rmse-1.2140, valid_rmse-1.3847, valid_pr-0.6623
2025-06-11 17:27:30 - INFO - epoch-166, train_loss-1.4492, train_rmse-1.2038, valid_rmse-1.3882, valid_pr-0.6618
2025-06-11 17:27:37 - INFO - epoch-167, train_loss-1.4779, train_rmse-1.2157, valid_rmse-1.3828, valid_pr-0.6666
2025-06-11 17:27:45 - INFO - epoch-168, train_loss-1.4540, train_rmse-1.2058, valid_rmse-1.4026, valid_pr-0.6618
2025-06-11 17:27:53 - INFO - epoch-169, train_loss-1.4440, train_rmse-1.2017, valid_rmse-1.3863, valid_pr-0.6616
2025-06-11 17:28:01 - INFO - epoch-170, train_loss-1.4514, train_rmse-1.2048, valid_rmse-1.3844, valid_pr-0.6632
2025-06-11 17:28:09 - INFO - epoch-171, train_loss-1.4536, train_rmse-1.2057, valid_rmse-1.3886, valid_pr-0.6611
2025-06-11 17:28:17 - INFO - epoch-172, train_loss-1.4325, train_rmse-1.1969, valid_rmse-1.3836, valid_pr-0.6649
2025-06-11 17:28:24 - INFO - epoch-173, train_loss-1.4217, train_rmse-1.1924, valid_rmse-1.3945, valid_pr-0.6586
2025-06-11 17:28:32 - INFO - epoch-174, train_loss-1.4367, train_rmse-1.1986, valid_rmse-1.3862, valid_pr-0.6614
2025-06-11 17:28:40 - INFO - epoch-175, train_loss-1.4198, train_rmse-1.1916, valid_rmse-1.3881, valid_pr-0.6606
2025-06-11 17:28:48 - INFO - epoch-176, train_loss-1.4053, train_rmse-1.1855, valid_rmse-1.3688, valid_pr-0.6716
2025-06-11 17:28:56 - INFO - epoch-177, train_loss-1.4078, train_rmse-1.1865, valid_rmse-1.4768, valid_pr-0.6337
2025-06-11 17:29:04 - INFO - epoch-178, train_loss-1.4009, train_rmse-1.1836, valid_rmse-1.3668, valid_pr-0.6740
2025-06-11 17:29:11 - INFO - epoch-179, train_loss-1.4268, train_rmse-1.1945, valid_rmse-1.3823, valid_pr-0.6672
2025-06-11 17:29:19 - INFO - epoch-180, train_loss-1.4296, train_rmse-1.1957, valid_rmse-1.4104, valid_pr-0.6570
2025-06-11 17:29:27 - INFO - epoch-181, train_loss-1.4106, train_rmse-1.1877, valid_rmse-1.4084, valid_pr-0.6518
2025-06-11 17:29:35 - INFO - epoch-182, train_loss-1.4095, train_rmse-1.1872, valid_rmse-1.3796, valid_pr-0.6673
2025-06-11 17:29:43 - INFO - epoch-183, train_loss-1.4051, train_rmse-1.1854, valid_rmse-1.4102, valid_pr-0.6530
2025-06-11 17:29:51 - INFO - epoch-184, train_loss-1.4183, train_rmse-1.1909, valid_rmse-1.4032, valid_pr-0.6547
2025-06-11 17:29:59 - INFO - epoch-185, train_loss-1.3679, train_rmse-1.1696, valid_rmse-1.3711, valid_pr-0.6703
2025-06-11 17:30:07 - INFO - epoch-186, train_loss-1.3583, train_rmse-1.1655, valid_rmse-1.3754, valid_pr-0.6697
2025-06-11 17:30:15 - INFO - epoch-187, train_loss-1.3718, train_rmse-1.1713, valid_rmse-1.3815, valid_pr-0.6660
2025-06-11 17:30:23 - INFO - epoch-188, train_loss-1.3604, train_rmse-1.1664, valid_rmse-1.3978, valid_pr-0.6594
2025-06-11 17:30:31 - INFO - epoch-189, train_loss-1.3603, train_rmse-1.1663, valid_rmse-1.4238, valid_pr-0.6589
2025-06-11 17:30:40 - INFO - epoch-190, train_loss-1.3561, train_rmse-1.1645, valid_rmse-1.3599, valid_pr-0.6789
2025-06-11 17:30:48 - INFO - epoch-191, train_loss-1.3625, train_rmse-1.1673, valid_rmse-1.4232, valid_pr-0.6540
2025-06-11 17:30:56 - INFO - epoch-192, train_loss-1.3593, train_rmse-1.1659, valid_rmse-1.4196, valid_pr-0.6494
2025-06-11 17:31:04 - INFO - epoch-193, train_loss-1.3630, train_rmse-1.1675, valid_rmse-1.3907, valid_pr-0.6612
2025-06-11 17:31:12 - INFO - epoch-194, train_loss-1.3482, train_rmse-1.1611, valid_rmse-1.3888, valid_pr-0.6636
2025-06-11 17:31:20 - INFO - epoch-195, train_loss-1.3543, train_rmse-1.1637, valid_rmse-1.3814, valid_pr-0.6676
2025-06-11 17:31:28 - INFO - epoch-196, train_loss-1.3444, train_rmse-1.1595, valid_rmse-1.3798, valid_pr-0.6754
2025-06-11 17:31:36 - INFO - epoch-197, train_loss-1.3517, train_rmse-1.1626, valid_rmse-1.3805, valid_pr-0.6674
2025-06-11 17:31:45 - INFO - epoch-198, train_loss-1.3279, train_rmse-1.1523, valid_rmse-1.3973, valid_pr-0.6614
2025-06-11 17:31:52 - INFO - epoch-199, train_loss-1.3245, train_rmse-1.1509, valid_rmse-1.4049, valid_pr-0.6745
2025-06-11 17:32:00 - INFO - epoch-200, train_loss-1.3440, train_rmse-1.1593, valid_rmse-1.3832, valid_pr-0.6683
2025-06-11 17:32:07 - INFO - epoch-201, train_loss-1.3349, train_rmse-1.1554, valid_rmse-1.4008, valid_pr-0.6597
2025-06-11 17:32:15 - INFO - epoch-202, train_loss-1.2952, train_rmse-1.1381, valid_rmse-1.4197, valid_pr-0.6653
2025-06-11 17:32:23 - INFO - epoch-203, train_loss-1.3487, train_rmse-1.1613, valid_rmse-1.3873, valid_pr-0.6724
2025-06-11 17:32:31 - INFO - epoch-204, train_loss-1.3142, train_rmse-1.1464, valid_rmse-1.3919, valid_pr-0.6610
2025-06-11 17:32:38 - INFO - epoch-205, train_loss-1.2879, train_rmse-1.1349, valid_rmse-1.3620, valid_pr-0.6780
2025-06-11 17:32:45 - INFO - epoch-206, train_loss-1.3240, train_rmse-1.1507, valid_rmse-1.3824, valid_pr-0.6656
2025-06-11 17:32:52 - INFO - epoch-207, train_loss-1.2875, train_rmse-1.1347, valid_rmse-1.3916, valid_pr-0.6670
2025-06-11 17:33:00 - INFO - epoch-208, train_loss-1.3016, train_rmse-1.1409, valid_rmse-1.3700, valid_pr-0.6790
2025-06-11 17:33:07 - INFO - epoch-209, train_loss-1.2932, train_rmse-1.1372, valid_rmse-1.3710, valid_pr-0.6726
2025-06-11 17:33:15 - INFO - epoch-210, train_loss-1.2851, train_rmse-1.1336, valid_rmse-1.3977, valid_pr-0.6689
2025-06-11 17:33:24 - INFO - epoch-211, train_loss-1.2974, train_rmse-1.1390, valid_rmse-1.4202, valid_pr-0.6549
2025-06-11 17:33:32 - INFO - epoch-212, train_loss-1.2875, train_rmse-1.1347, valid_rmse-1.4288, valid_pr-0.6540
2025-06-11 17:33:40 - INFO - epoch-213, train_loss-1.2703, train_rmse-1.1271, valid_rmse-1.3860, valid_pr-0.6669
2025-06-11 17:33:48 - INFO - epoch-214, train_loss-1.2707, train_rmse-1.1273, valid_rmse-1.3856, valid_pr-0.6676
2025-06-11 17:33:56 - INFO - epoch-215, train_loss-1.2761, train_rmse-1.1296, valid_rmse-1.3916, valid_pr-0.6653
2025-06-11 17:34:04 - INFO - epoch-216, train_loss-1.2528, train_rmse-1.1193, valid_rmse-1.4029, valid_pr-0.6605
2025-06-11 17:34:12 - INFO - epoch-217, train_loss-1.2572, train_rmse-1.1213, valid_rmse-1.3765, valid_pr-0.6694
2025-06-11 17:34:20 - INFO - epoch-218, train_loss-1.2974, train_rmse-1.1390, valid_rmse-1.3786, valid_pr-0.6694
2025-06-11 17:34:28 - INFO - epoch-219, train_loss-1.2726, train_rmse-1.1281, valid_rmse-1.3945, valid_pr-0.6640
2025-06-11 17:34:32 - INFO - epoch-220, train_loss-1.2486, train_rmse-1.1174, valid_rmse-1.3738, valid_pr-0.6726
2025-06-11 17:34:35 - INFO - epoch-221, train_loss-1.2476, train_rmse-1.1170, valid_rmse-1.3797, valid_pr-0.6733
2025-06-11 17:34:38 - INFO - epoch-222, train_loss-1.2707, train_rmse-1.1273, valid_rmse-1.3919, valid_pr-0.6581
2025-06-11 17:34:41 - INFO - epoch-223, train_loss-1.2380, train_rmse-1.1126, valid_rmse-1.3764, valid_pr-0.6705
2025-06-11 17:34:45 - INFO - epoch-224, train_loss-1.2072, train_rmse-1.0987, valid_rmse-1.3888, valid_pr-0.6634
2025-06-11 17:34:48 - INFO - epoch-225, train_loss-1.2449, train_rmse-1.1157, valid_rmse-1.3739, valid_pr-0.6757
2025-06-11 17:34:51 - INFO - epoch-226, train_loss-1.2399, train_rmse-1.1135, valid_rmse-1.3654, valid_pr-0.6759
2025-06-11 17:34:55 - INFO - epoch-227, train_loss-1.2290, train_rmse-1.1086, valid_rmse-1.3809, valid_pr-0.6710
2025-06-11 17:34:58 - INFO - epoch-228, train_loss-1.2190, train_rmse-1.1041, valid_rmse-1.3745, valid_pr-0.6730
2025-06-11 17:35:01 - INFO - epoch-229, train_loss-1.2452, train_rmse-1.1159, valid_rmse-1.3681, valid_pr-0.6753
2025-06-11 17:35:04 - INFO - epoch-230, train_loss-1.2344, train_rmse-1.1111, valid_rmse-1.3481, valid_pr-0.6871
2025-06-11 17:35:08 - INFO - epoch-231, train_loss-1.2205, train_rmse-1.1048, valid_rmse-1.3659, valid_pr-0.6777
2025-06-11 17:35:11 - INFO - epoch-232, train_loss-1.1933, train_rmse-1.0924, valid_rmse-1.4065, valid_pr-0.6630
2025-06-11 17:35:14 - INFO - epoch-233, train_loss-1.2488, train_rmse-1.1175, valid_rmse-1.3920, valid_pr-0.6618
2025-06-11 17:35:18 - INFO - epoch-234, train_loss-1.2294, train_rmse-1.1088, valid_rmse-1.3547, valid_pr-0.6828
2025-06-11 17:35:21 - INFO - epoch-235, train_loss-1.2239, train_rmse-1.1063, valid_rmse-1.3791, valid_pr-0.6675
2025-06-11 17:35:24 - INFO - epoch-236, train_loss-1.2083, train_rmse-1.0992, valid_rmse-1.3660, valid_pr-0.6774
2025-06-11 17:35:28 - INFO - epoch-237, train_loss-1.1803, train_rmse-1.0864, valid_rmse-1.4019, valid_pr-0.6679
2025-06-11 17:35:31 - INFO - epoch-238, train_loss-1.2040, train_rmse-1.0973, valid_rmse-1.3790, valid_pr-0.6699
2025-06-11 17:35:34 - INFO - epoch-239, train_loss-1.2176, train_rmse-1.1034, valid_rmse-1.3861, valid_pr-0.6742
2025-06-11 17:35:38 - INFO - epoch-240, train_loss-1.1977, train_rmse-1.0944, valid_rmse-1.3938, valid_pr-0.6631
2025-06-11 17:35:42 - INFO - epoch-241, train_loss-1.2173, train_rmse-1.1033, valid_rmse-1.4047, valid_pr-0.6575
2025-06-11 17:35:45 - INFO - epoch-242, train_loss-1.1968, train_rmse-1.0940, valid_rmse-1.3713, valid_pr-0.6706
2025-06-11 17:35:49 - INFO - epoch-243, train_loss-1.1861, train_rmse-1.0891, valid_rmse-1.3671, valid_pr-0.6792
2025-06-11 17:35:53 - INFO - epoch-244, train_loss-1.1964, train_rmse-1.0938, valid_rmse-1.3734, valid_pr-0.6740
2025-06-11 17:35:56 - INFO - epoch-245, train_loss-1.1897, train_rmse-1.0907, valid_rmse-1.3794, valid_pr-0.6743
2025-06-11 17:35:59 - INFO - epoch-246, train_loss-1.1835, train_rmse-1.0879, valid_rmse-1.3754, valid_pr-0.6717
2025-06-11 17:36:02 - INFO - epoch-247, train_loss-1.1460, train_rmse-1.0705, valid_rmse-1.3817, valid_pr-0.6716
2025-06-11 17:36:06 - INFO - epoch-248, train_loss-1.1737, train_rmse-1.0834, valid_rmse-1.3731, valid_pr-0.6738
2025-06-11 17:36:09 - INFO - epoch-249, train_loss-1.1791, train_rmse-1.0859, valid_rmse-1.3857, valid_pr-0.6664
2025-06-11 17:36:13 - INFO - epoch-250, train_loss-1.2082, train_rmse-1.0992, valid_rmse-1.3379, valid_pr-0.6908
2025-06-11 17:36:16 - INFO - epoch-251, train_loss-1.1785, train_rmse-1.0856, valid_rmse-1.3476, valid_pr-0.6882
2025-06-11 17:36:20 - INFO - epoch-252, train_loss-1.1820, train_rmse-1.0872, valid_rmse-1.3887, valid_pr-0.6672
2025-06-11 17:36:23 - INFO - epoch-253, train_loss-1.1386, train_rmse-1.0671, valid_rmse-1.3673, valid_pr-0.6779
2025-06-11 17:36:27 - INFO - epoch-254, train_loss-1.1545, train_rmse-1.0745, valid_rmse-1.3726, valid_pr-0.6787
2025-06-11 17:36:31 - INFO - epoch-255, train_loss-1.1792, train_rmse-1.0859, valid_rmse-1.4254, valid_pr-0.6634
2025-06-11 17:36:34 - INFO - epoch-256, train_loss-1.1602, train_rmse-1.0771, valid_rmse-1.3829, valid_pr-0.6685
2025-06-11 17:36:38 - INFO - epoch-257, train_loss-1.1815, train_rmse-1.0870, valid_rmse-1.3805, valid_pr-0.6695
2025-06-11 17:36:41 - INFO - epoch-258, train_loss-1.1556, train_rmse-1.0750, valid_rmse-1.4007, valid_pr-0.6638
2025-06-11 17:36:45 - INFO - epoch-259, train_loss-1.1689, train_rmse-1.0812, valid_rmse-1.4220, valid_pr-0.6586
2025-06-11 17:36:48 - INFO - epoch-260, train_loss-1.1641, train_rmse-1.0789, valid_rmse-1.3644, valid_pr-0.6769
2025-06-11 17:36:52 - INFO - epoch-261, train_loss-1.1439, train_rmse-1.0695, valid_rmse-1.3736, valid_pr-0.6747
2025-06-11 17:36:55 - INFO - epoch-262, train_loss-1.1360, train_rmse-1.0658, valid_rmse-1.3788, valid_pr-0.6719
2025-06-11 17:36:59 - INFO - epoch-263, train_loss-1.1370, train_rmse-1.0663, valid_rmse-1.3675, valid_pr-0.6833
2025-06-11 17:37:04 - INFO - epoch-264, train_loss-1.1529, train_rmse-1.0737, valid_rmse-1.3525, valid_pr-0.6854
2025-06-11 17:37:13 - INFO - epoch-265, train_loss-1.1703, train_rmse-1.0818, valid_rmse-1.3622, valid_pr-0.6787
2025-06-11 17:37:21 - INFO - epoch-266, train_loss-1.1402, train_rmse-1.0678, valid_rmse-1.4170, valid_pr-0.6570
2025-06-11 17:37:27 - INFO - epoch-267, train_loss-1.1545, train_rmse-1.0745, valid_rmse-1.3505, valid_pr-0.6849
2025-06-11 17:37:33 - INFO - epoch-268, train_loss-1.1463, train_rmse-1.0706, valid_rmse-1.3732, valid_pr-0.6766
2025-06-11 17:37:36 - INFO - epoch-269, train_loss-1.1407, train_rmse-1.0680, valid_rmse-1.3609, valid_pr-0.6824
2025-06-11 17:37:39 - INFO - epoch-270, train_loss-1.1200, train_rmse-1.0583, valid_rmse-1.3635, valid_pr-0.6831
2025-06-11 17:37:43 - INFO - epoch-271, train_loss-1.1171, train_rmse-1.0569, valid_rmse-1.3615, valid_pr-0.6802
2025-06-11 17:37:46 - INFO - epoch-272, train_loss-1.1404, train_rmse-1.0679, valid_rmse-1.3873, valid_pr-0.6739
2025-06-11 17:37:49 - INFO - epoch-273, train_loss-1.1394, train_rmse-1.0674, valid_rmse-1.3717, valid_pr-0.6832
2025-06-11 17:37:52 - INFO - epoch-274, train_loss-1.1326, train_rmse-1.0642, valid_rmse-1.3677, valid_pr-0.6765
2025-06-11 17:37:55 - INFO - epoch-275, train_loss-1.1037, train_rmse-1.0506, valid_rmse-1.3561, valid_pr-0.6813
2025-06-11 17:37:59 - INFO - epoch-276, train_loss-1.1104, train_rmse-1.0538, valid_rmse-1.3684, valid_pr-0.6735
2025-06-11 17:38:02 - INFO - epoch-277, train_loss-1.1398, train_rmse-1.0676, valid_rmse-1.3518, valid_pr-0.6835
2025-06-11 17:38:05 - INFO - epoch-278, train_loss-1.0984, train_rmse-1.0480, valid_rmse-1.3779, valid_pr-0.6725
2025-06-11 17:38:08 - INFO - epoch-279, train_loss-1.0847, train_rmse-1.0415, valid_rmse-1.3604, valid_pr-0.6843
2025-06-11 17:38:11 - INFO - epoch-280, train_loss-1.0806, train_rmse-1.0395, valid_rmse-1.3591, valid_pr-0.6853
2025-06-11 17:38:14 - INFO - epoch-281, train_loss-1.0872, train_rmse-1.0427, valid_rmse-1.3542, valid_pr-0.6899
2025-06-11 17:38:17 - INFO - epoch-282, train_loss-1.0946, train_rmse-1.0463, valid_rmse-1.4036, valid_pr-0.6625
2025-06-11 17:38:20 - INFO - epoch-283, train_loss-1.1091, train_rmse-1.0531, valid_rmse-1.3859, valid_pr-0.6790
2025-06-11 17:38:23 - INFO - epoch-284, train_loss-1.0967, train_rmse-1.0472, valid_rmse-1.3716, valid_pr-0.6773
2025-06-11 17:38:26 - INFO - epoch-285, train_loss-1.0730, train_rmse-1.0359, valid_rmse-1.3869, valid_pr-0.6659
2025-06-11 17:38:29 - INFO - epoch-286, train_loss-1.0883, train_rmse-1.0432, valid_rmse-1.3718, valid_pr-0.6754
2025-06-11 17:38:33 - INFO - epoch-287, train_loss-1.0939, train_rmse-1.0459, valid_rmse-1.3851, valid_pr-0.6681
2025-06-11 17:38:36 - INFO - epoch-288, train_loss-1.1041, train_rmse-1.0508, valid_rmse-1.3784, valid_pr-0.6746
2025-06-11 17:38:39 - INFO - epoch-289, train_loss-1.1144, train_rmse-1.0557, valid_rmse-1.3656, valid_pr-0.6776
2025-06-11 17:38:42 - INFO - epoch-290, train_loss-1.1129, train_rmse-1.0549, valid_rmse-1.3785, valid_pr-0.6701
2025-06-11 17:38:45 - INFO - epoch-291, train_loss-1.0780, train_rmse-1.0383, valid_rmse-1.3912, valid_pr-0.6636
2025-06-11 17:38:48 - INFO - epoch-292, train_loss-1.0905, train_rmse-1.0442, valid_rmse-1.3824, valid_pr-0.6702
2025-06-11 17:38:51 - INFO - epoch-293, train_loss-1.0621, train_rmse-1.0306, valid_rmse-1.3590, valid_pr-0.6842
2025-06-11 17:38:54 - INFO - epoch-294, train_loss-1.1061, train_rmse-1.0517, valid_rmse-1.3819, valid_pr-0.6758
2025-06-11 17:38:57 - INFO - epoch-295, train_loss-1.0712, train_rmse-1.0350, valid_rmse-1.4028, valid_pr-0.6658
2025-06-11 17:39:01 - INFO - epoch-296, train_loss-1.0699, train_rmse-1.0343, valid_rmse-1.3739, valid_pr-0.6743
2025-06-11 17:39:04 - INFO - epoch-297, train_loss-1.0699, train_rmse-1.0344, valid_rmse-1.3698, valid_pr-0.6756
2025-06-11 17:39:07 - INFO - epoch-298, train_loss-1.0471, train_rmse-1.0233, valid_rmse-1.4032, valid_pr-0.6683
2025-06-11 17:39:10 - INFO - epoch-299, train_loss-1.0748, train_rmse-1.0367, valid_rmse-1.3726, valid_pr-0.6801
2025-06-11 17:39:13 - INFO - epoch-300, train_loss-1.0886, train_rmse-1.0433, valid_rmse-1.3726, valid_pr-0.6726
2025-06-11 17:39:16 - INFO - epoch-301, train_loss-1.0756, train_rmse-1.0371, valid_rmse-1.3968, valid_pr-0.6595
2025-06-11 17:39:20 - INFO - epoch-302, train_loss-1.0732, train_rmse-1.0359, valid_rmse-1.3582, valid_pr-0.6820
2025-06-11 17:39:23 - INFO - epoch-303, train_loss-1.0626, train_rmse-1.0308, valid_rmse-1.3739, valid_pr-0.6744
2025-06-11 17:39:25 - INFO - epoch-304, train_loss-1.0868, train_rmse-1.0425, valid_rmse-1.3893, valid_pr-0.6626
2025-06-11 17:39:28 - INFO - epoch-305, train_loss-1.0465, train_rmse-1.0230, valid_rmse-1.3929, valid_pr-0.6689
2025-06-11 17:39:32 - INFO - epoch-306, train_loss-1.0470, train_rmse-1.0232, valid_rmse-1.3797, valid_pr-0.6684
2025-06-11 17:39:35 - INFO - epoch-307, train_loss-1.0598, train_rmse-1.0295, valid_rmse-1.3662, valid_pr-0.6787
2025-06-11 17:39:38 - INFO - epoch-308, train_loss-1.0463, train_rmse-1.0229, valid_rmse-1.3742, valid_pr-0.6743
2025-06-11 17:39:41 - INFO - epoch-309, train_loss-1.0615, train_rmse-1.0303, valid_rmse-1.3705, valid_pr-0.6770
2025-06-11 17:39:44 - INFO - epoch-310, train_loss-1.0432, train_rmse-1.0214, valid_rmse-1.3641, valid_pr-0.6853
2025-06-11 17:39:47 - INFO - epoch-311, train_loss-1.0616, train_rmse-1.0303, valid_rmse-1.3688, valid_pr-0.6784
2025-06-11 17:39:50 - INFO - epoch-312, train_loss-1.0372, train_rmse-1.0184, valid_rmse-1.3840, valid_pr-0.6677
2025-06-11 17:39:53 - INFO - epoch-313, train_loss-1.0356, train_rmse-1.0176, valid_rmse-1.3769, valid_pr-0.6708
2025-06-11 17:39:56 - INFO - epoch-314, train_loss-1.0529, train_rmse-1.0261, valid_rmse-1.3515, valid_pr-0.6841
2025-06-11 17:40:00 - INFO - epoch-315, train_loss-1.0450, train_rmse-1.0223, valid_rmse-1.3701, valid_pr-0.6798
2025-06-11 17:40:03 - INFO - epoch-316, train_loss-1.0158, train_rmse-1.0079, valid_rmse-1.3575, valid_pr-0.6839
2025-06-11 17:40:06 - INFO - epoch-317, train_loss-1.0450, train_rmse-1.0223, valid_rmse-1.3534, valid_pr-0.6842
2025-06-11 17:40:09 - INFO - epoch-318, train_loss-1.0245, train_rmse-1.0122, valid_rmse-1.3792, valid_pr-0.6701
2025-06-11 17:40:12 - INFO - epoch-319, train_loss-1.0528, train_rmse-1.0261, valid_rmse-1.3589, valid_pr-0.6830
2025-06-11 17:40:15 - INFO - epoch-320, train_loss-1.0381, train_rmse-1.0188, valid_rmse-1.3696, valid_pr-0.6792
2025-06-11 17:40:19 - INFO - epoch-321, train_loss-1.0244, train_rmse-1.0121, valid_rmse-1.4094, valid_pr-0.6581
2025-06-11 17:40:21 - INFO - epoch-322, train_loss-1.0345, train_rmse-1.0171, valid_rmse-1.3367, valid_pr-0.6927
2025-06-11 17:40:25 - INFO - epoch-323, train_loss-1.0216, train_rmse-1.0107, valid_rmse-1.3493, valid_pr-0.6879
2025-06-11 17:40:28 - INFO - epoch-324, train_loss-1.0378, train_rmse-1.0187, valid_rmse-1.3623, valid_pr-0.6818
2025-06-11 17:40:31 - INFO - epoch-325, train_loss-1.0062, train_rmse-1.0031, valid_rmse-1.3713, valid_pr-0.6766
2025-06-11 17:40:34 - INFO - epoch-326, train_loss-1.0151, train_rmse-1.0075, valid_rmse-1.3963, valid_pr-0.6689
2025-06-11 17:40:37 - INFO - epoch-327, train_loss-1.0310, train_rmse-1.0154, valid_rmse-1.3870, valid_pr-0.6734
2025-06-11 17:40:41 - INFO - epoch-328, train_loss-1.0186, train_rmse-1.0092, valid_rmse-1.3418, valid_pr-0.6894
2025-06-11 17:40:44 - INFO - epoch-329, train_loss-1.0194, train_rmse-1.0097, valid_rmse-1.3601, valid_pr-0.6805
2025-06-11 17:40:47 - INFO - epoch-330, train_loss-1.0338, train_rmse-1.0168, valid_rmse-1.3585, valid_pr-0.6821
2025-06-11 17:40:50 - INFO - epoch-331, train_loss-1.0111, train_rmse-1.0055, valid_rmse-1.3475, valid_pr-0.6853
2025-06-11 17:40:53 - INFO - epoch-332, train_loss-1.0121, train_rmse-1.0061, valid_rmse-1.3552, valid_pr-0.6847
2025-06-11 17:40:56 - INFO - epoch-333, train_loss-1.0341, train_rmse-1.0169, valid_rmse-1.3531, valid_pr-0.6842
2025-06-11 17:40:59 - INFO - epoch-334, train_loss-1.0378, train_rmse-1.0187, valid_rmse-1.3815, valid_pr-0.6679
2025-06-11 17:41:03 - INFO - epoch-335, train_loss-1.0120, train_rmse-1.0060, valid_rmse-1.3698, valid_pr-0.6773
2025-06-11 17:41:06 - INFO - epoch-336, train_loss-0.9968, train_rmse-0.9984, valid_rmse-1.3664, valid_pr-0.6773
2025-06-11 17:41:09 - INFO - epoch-337, train_loss-1.0036, train_rmse-1.0018, valid_rmse-1.3628, valid_pr-0.6821
2025-06-11 17:41:12 - INFO - epoch-338, train_loss-1.0085, train_rmse-1.0042, valid_rmse-1.3515, valid_pr-0.6864
2025-06-11 17:41:15 - INFO - epoch-339, train_loss-1.0143, train_rmse-1.0071, valid_rmse-1.3575, valid_pr-0.6842
2025-06-11 17:41:18 - INFO - epoch-340, train_loss-0.9877, train_rmse-0.9938, valid_rmse-1.3549, valid_pr-0.6832
2025-06-11 17:41:21 - INFO - epoch-341, train_loss-0.9940, train_rmse-0.9970, valid_rmse-1.3549, valid_pr-0.6817
2025-06-11 17:41:24 - INFO - epoch-342, train_loss-0.9891, train_rmse-0.9946, valid_rmse-1.3558, valid_pr-0.6851
2025-06-11 17:41:27 - INFO - epoch-343, train_loss-1.0056, train_rmse-1.0028, valid_rmse-1.3595, valid_pr-0.6817
2025-06-11 17:41:30 - INFO - epoch-344, train_loss-0.9877, train_rmse-0.9938, valid_rmse-1.3563, valid_pr-0.6829
2025-06-11 17:41:33 - INFO - epoch-345, train_loss-0.9772, train_rmse-0.9885, valid_rmse-1.3446, valid_pr-0.6878
2025-06-11 17:41:36 - INFO - epoch-346, train_loss-0.9753, train_rmse-0.9876, valid_rmse-1.3598, valid_pr-0.6815
2025-06-11 17:41:39 - INFO - epoch-347, train_loss-1.0019, train_rmse-1.0010, valid_rmse-1.3571, valid_pr-0.6823
2025-06-11 17:41:43 - INFO - epoch-348, train_loss-0.9494, train_rmse-0.9744, valid_rmse-1.3623, valid_pr-0.6830
2025-06-11 17:41:46 - INFO - epoch-349, train_loss-0.9909, train_rmse-0.9954, valid_rmse-1.3597, valid_pr-0.6870
2025-06-11 17:41:49 - INFO - epoch-350, train_loss-0.9808, train_rmse-0.9903, valid_rmse-1.3465, valid_pr-0.6921
2025-06-11 17:41:52 - INFO - epoch-351, train_loss-0.9684, train_rmse-0.9841, valid_rmse-1.3423, valid_pr-0.6904
2025-06-11 17:41:55 - INFO - epoch-352, train_loss-0.9855, train_rmse-0.9927, valid_rmse-1.3541, valid_pr-0.6846
2025-06-11 17:41:59 - INFO - epoch-353, train_loss-0.9958, train_rmse-0.9979, valid_rmse-1.3542, valid_pr-0.6843
2025-06-11 17:42:02 - INFO - epoch-354, train_loss-0.9663, train_rmse-0.9830, valid_rmse-1.3582, valid_pr-0.6828
2025-06-11 17:42:05 - INFO - epoch-355, train_loss-0.9879, train_rmse-0.9939, valid_rmse-1.3583, valid_pr-0.6800
2025-06-11 17:42:08 - INFO - epoch-356, train_loss-0.9657, train_rmse-0.9827, valid_rmse-1.3470, valid_pr-0.6948
2025-06-11 17:42:11 - INFO - epoch-357, train_loss-0.9723, train_rmse-0.9860, valid_rmse-1.3450, valid_pr-0.6935
2025-06-11 17:42:14 - INFO - epoch-358, train_loss-0.9701, train_rmse-0.9849, valid_rmse-1.3636, valid_pr-0.6796
2025-06-11 17:42:17 - INFO - epoch-359, train_loss-0.9735, train_rmse-0.9866, valid_rmse-1.3754, valid_pr-0.6769
2025-06-11 17:42:20 - INFO - epoch-360, train_loss-0.9800, train_rmse-0.9899, valid_rmse-1.3502, valid_pr-0.6889
2025-06-11 17:42:23 - INFO - epoch-361, train_loss-0.9440, train_rmse-0.9716, valid_rmse-1.3514, valid_pr-0.6855
2025-06-11 17:42:26 - INFO - epoch-362, train_loss-0.9592, train_rmse-0.9794, valid_rmse-1.3610, valid_pr-0.6834
2025-06-11 17:42:29 - INFO - epoch-363, train_loss-0.9730, train_rmse-0.9864, valid_rmse-1.3528, valid_pr-0.6860
2025-06-11 17:42:32 - INFO - epoch-364, train_loss-0.9627, train_rmse-0.9812, valid_rmse-1.3383, valid_pr-0.6912
2025-06-11 17:42:36 - INFO - epoch-365, train_loss-0.9718, train_rmse-0.9858, valid_rmse-1.3437, valid_pr-0.6926
2025-06-11 17:42:39 - INFO - epoch-366, train_loss-0.9787, train_rmse-0.9893, valid_rmse-1.3557, valid_pr-0.6839
2025-06-11 17:42:42 - INFO - epoch-367, train_loss-0.9600, train_rmse-0.9798, valid_rmse-1.3563, valid_pr-0.6859
2025-06-11 17:42:45 - INFO - epoch-368, train_loss-0.9746, train_rmse-0.9872, valid_rmse-1.3658, valid_pr-0.6777
2025-06-11 17:42:48 - INFO - epoch-369, train_loss-0.9532, train_rmse-0.9763, valid_rmse-1.3722, valid_pr-0.6779
2025-06-11 17:42:52 - INFO - epoch-370, train_loss-0.9514, train_rmse-0.9754, valid_rmse-1.3510, valid_pr-0.6870
2025-06-11 17:42:55 - INFO - epoch-371, train_loss-0.9498, train_rmse-0.9746, valid_rmse-1.3556, valid_pr-0.6864
2025-06-11 17:42:58 - INFO - epoch-372, train_loss-0.9581, train_rmse-0.9788, valid_rmse-1.3578, valid_pr-0.6814
2025-06-11 17:43:01 - INFO - epoch-373, train_loss-0.9462, train_rmse-0.9727, valid_rmse-1.3587, valid_pr-0.6800
2025-06-11 17:43:04 - INFO - epoch-374, train_loss-0.9696, train_rmse-0.9847, valid_rmse-1.3564, valid_pr-0.6885
2025-06-11 17:43:08 - INFO - epoch-375, train_loss-0.9641, train_rmse-0.9819, valid_rmse-1.3666, valid_pr-0.6810
2025-06-11 17:43:11 - INFO - epoch-376, train_loss-0.9353, train_rmse-0.9671, valid_rmse-1.3702, valid_pr-0.6765
2025-06-11 17:43:14 - INFO - epoch-377, train_loss-0.9445, train_rmse-0.9719, valid_rmse-1.3530, valid_pr-0.6853
2025-06-11 17:43:17 - INFO - epoch-378, train_loss-0.9507, train_rmse-0.9750, valid_rmse-1.3526, valid_pr-0.6824
2025-06-11 17:43:20 - INFO - epoch-379, train_loss-0.9726, train_rmse-0.9862, valid_rmse-1.3610, valid_pr-0.6821
2025-06-11 17:43:23 - INFO - epoch-380, train_loss-0.9476, train_rmse-0.9735, valid_rmse-1.3728, valid_pr-0.6778
2025-06-11 17:43:26 - INFO - epoch-381, train_loss-0.9449, train_rmse-0.9721, valid_rmse-1.3712, valid_pr-0.6774
2025-06-11 17:43:29 - INFO - epoch-382, train_loss-0.9403, train_rmse-0.9697, valid_rmse-1.3596, valid_pr-0.6865
2025-06-11 17:43:32 - INFO - epoch-383, train_loss-0.9712, train_rmse-0.9855, valid_rmse-1.3799, valid_pr-0.6731
2025-06-11 17:43:38 - INFO - epoch-384, train_loss-0.9337, train_rmse-0.9663, valid_rmse-1.3485, valid_pr-0.6847
2025-06-11 17:43:47 - INFO - epoch-385, train_loss-0.9334, train_rmse-0.9661, valid_rmse-1.3569, valid_pr-0.6865
2025-06-11 17:43:57 - INFO - epoch-386, train_loss-0.9503, train_rmse-0.9748, valid_rmse-1.3440, valid_pr-0.6875
2025-06-11 17:44:07 - INFO - epoch-387, train_loss-0.9206, train_rmse-0.9595, valid_rmse-1.3516, valid_pr-0.6846
2025-06-11 17:44:16 - INFO - epoch-388, train_loss-0.9166, train_rmse-0.9574, valid_rmse-1.3442, valid_pr-0.6901
2025-06-11 17:44:25 - INFO - epoch-389, train_loss-0.9344, train_rmse-0.9667, valid_rmse-1.3509, valid_pr-0.6862
2025-06-11 17:44:35 - INFO - epoch-390, train_loss-0.9351, train_rmse-0.9670, valid_rmse-1.3649, valid_pr-0.6814
2025-06-11 17:44:45 - INFO - epoch-391, train_loss-0.9664, train_rmse-0.9831, valid_rmse-1.3428, valid_pr-0.6894
2025-06-11 17:44:55 - INFO - epoch-392, train_loss-0.9359, train_rmse-0.9674, valid_rmse-1.3460, valid_pr-0.6878
2025-06-11 17:45:04 - INFO - epoch-393, train_loss-0.9499, train_rmse-0.9746, valid_rmse-1.3506, valid_pr-0.6908
2025-06-11 17:45:13 - INFO - epoch-394, train_loss-0.9482, train_rmse-0.9738, valid_rmse-1.3631, valid_pr-0.6870
2025-06-11 17:45:23 - INFO - epoch-395, train_loss-0.9142, train_rmse-0.9561, valid_rmse-1.3282, valid_pr-0.6977
2025-06-11 17:45:32 - INFO - epoch-396, train_loss-0.9128, train_rmse-0.9554, valid_rmse-1.3519, valid_pr-0.6874
2025-06-11 17:45:42 - INFO - epoch-397, train_loss-0.9024, train_rmse-0.9499, valid_rmse-1.3862, valid_pr-0.6808
2025-06-11 17:45:52 - INFO - epoch-398, train_loss-0.9184, train_rmse-0.9583, valid_rmse-1.3597, valid_pr-0.6834
2025-06-11 17:46:02 - INFO - epoch-399, train_loss-0.9228, train_rmse-0.9606, valid_rmse-1.3762, valid_pr-0.6701
2025-06-11 17:46:12 - INFO - epoch-400, train_loss-0.9156, train_rmse-0.9569, valid_rmse-1.3524, valid_pr-0.6845
2025-06-11 17:46:23 - INFO - epoch-401, train_loss-0.9103, train_rmse-0.9541, valid_rmse-1.3426, valid_pr-0.6888
2025-06-11 17:46:33 - INFO - epoch-402, train_loss-0.9010, train_rmse-0.9492, valid_rmse-1.3708, valid_pr-0.6859
2025-06-11 17:46:43 - INFO - epoch-403, train_loss-0.9247, train_rmse-0.9616, valid_rmse-1.3483, valid_pr-0.6874
2025-06-11 17:46:53 - INFO - epoch-404, train_loss-0.9233, train_rmse-0.9609, valid_rmse-1.3585, valid_pr-0.6806
2025-06-11 17:47:03 - INFO - epoch-405, train_loss-0.9174, train_rmse-0.9578, valid_rmse-1.3642, valid_pr-0.6815
2025-06-11 17:47:13 - INFO - epoch-406, train_loss-0.8834, train_rmse-0.9399, valid_rmse-1.3447, valid_pr-0.6917
2025-06-11 17:47:23 - INFO - epoch-407, train_loss-0.9138, train_rmse-0.9559, valid_rmse-1.3469, valid_pr-0.6894
2025-06-11 17:47:34 - INFO - epoch-408, train_loss-0.9382, train_rmse-0.9686, valid_rmse-1.3485, valid_pr-0.6877
2025-06-11 17:47:44 - INFO - epoch-409, train_loss-0.8942, train_rmse-0.9456, valid_rmse-1.3701, valid_pr-0.6807
2025-06-11 17:47:54 - INFO - epoch-410, train_loss-0.9159, train_rmse-0.9570, valid_rmse-1.3513, valid_pr-0.6872
2025-06-11 17:48:04 - INFO - epoch-411, train_loss-0.9092, train_rmse-0.9535, valid_rmse-1.3448, valid_pr-0.6876
2025-06-11 17:48:15 - INFO - epoch-412, train_loss-0.9226, train_rmse-0.9605, valid_rmse-1.3566, valid_pr-0.6881
2025-06-11 17:48:25 - INFO - epoch-413, train_loss-0.8944, train_rmse-0.9457, valid_rmse-1.3730, valid_pr-0.6779
2025-06-11 17:48:36 - INFO - epoch-414, train_loss-0.9150, train_rmse-0.9566, valid_rmse-1.3601, valid_pr-0.6823
2025-06-11 17:48:47 - INFO - epoch-415, train_loss-0.9105, train_rmse-0.9542, valid_rmse-1.3542, valid_pr-0.6829
2025-06-11 17:48:57 - INFO - epoch-416, train_loss-0.8947, train_rmse-0.9459, valid_rmse-1.3658, valid_pr-0.6813
2025-06-11 17:49:07 - INFO - epoch-417, train_loss-0.9022, train_rmse-0.9499, valid_rmse-1.3721, valid_pr-0.6747
2025-06-11 17:49:18 - INFO - epoch-418, train_loss-0.9132, train_rmse-0.9556, valid_rmse-1.3705, valid_pr-0.6783
2025-06-11 17:49:28 - INFO - epoch-419, train_loss-0.9132, train_rmse-0.9556, valid_rmse-1.3656, valid_pr-0.6815
2025-06-11 17:49:38 - INFO - epoch-420, train_loss-0.9008, train_rmse-0.9491, valid_rmse-1.3935, valid_pr-0.6653
2025-06-11 17:49:49 - INFO - epoch-421, train_loss-0.8826, train_rmse-0.9395, valid_rmse-1.3681, valid_pr-0.6771
2025-06-11 17:50:00 - INFO - epoch-422, train_loss-0.9146, train_rmse-0.9563, valid_rmse-1.3728, valid_pr-0.6769
2025-06-11 17:50:10 - INFO - epoch-423, train_loss-0.9025, train_rmse-0.9500, valid_rmse-1.3716, valid_pr-0.6769
2025-06-11 17:50:22 - INFO - epoch-424, train_loss-0.8756, train_rmse-0.9357, valid_rmse-1.3396, valid_pr-0.6954
2025-06-11 17:50:34 - INFO - epoch-425, train_loss-0.8892, train_rmse-0.9430, valid_rmse-1.3642, valid_pr-0.6779
2025-06-11 17:50:45 - INFO - epoch-426, train_loss-0.9245, train_rmse-0.9615, valid_rmse-1.3684, valid_pr-0.6822
2025-06-11 17:50:56 - INFO - epoch-427, train_loss-0.8939, train_rmse-0.9455, valid_rmse-1.3470, valid_pr-0.6898
2025-06-11 17:51:07 - INFO - epoch-428, train_loss-0.8941, train_rmse-0.9456, valid_rmse-1.3581, valid_pr-0.6833
2025-06-11 17:51:18 - INFO - epoch-429, train_loss-0.8758, train_rmse-0.9358, valid_rmse-1.3540, valid_pr-0.6869
2025-06-11 17:51:30 - INFO - epoch-430, train_loss-0.8789, train_rmse-0.9375, valid_rmse-1.3521, valid_pr-0.6867
2025-06-11 17:51:40 - INFO - epoch-431, train_loss-0.8871, train_rmse-0.9419, valid_rmse-1.3481, valid_pr-0.6899
2025-06-11 17:51:52 - INFO - epoch-432, train_loss-0.8998, train_rmse-0.9486, valid_rmse-1.3481, valid_pr-0.6866
2025-06-11 17:52:03 - INFO - epoch-433, train_loss-0.8794, train_rmse-0.9378, valid_rmse-1.3502, valid_pr-0.6905
2025-06-11 17:52:15 - INFO - epoch-434, train_loss-0.8930, train_rmse-0.9450, valid_rmse-1.3586, valid_pr-0.6828
2025-06-11 17:52:26 - INFO - epoch-435, train_loss-0.8776, train_rmse-0.9368, valid_rmse-1.3664, valid_pr-0.6790
2025-06-11 17:52:36 - INFO - epoch-436, train_loss-0.9055, train_rmse-0.9516, valid_rmse-1.3381, valid_pr-0.6941
2025-06-11 17:52:47 - INFO - epoch-437, train_loss-0.8868, train_rmse-0.9417, valid_rmse-1.3472, valid_pr-0.6870
2025-06-11 17:52:59 - INFO - epoch-438, train_loss-0.8689, train_rmse-0.9322, valid_rmse-1.3657, valid_pr-0.6812
2025-06-11 17:53:09 - INFO - epoch-439, train_loss-0.9016, train_rmse-0.9495, valid_rmse-1.3417, valid_pr-0.6894
2025-06-11 17:53:20 - INFO - epoch-440, train_loss-0.9152, train_rmse-0.9567, valid_rmse-1.3867, valid_pr-0.6777
2025-06-11 17:53:32 - INFO - epoch-441, train_loss-0.8698, train_rmse-0.9326, valid_rmse-1.3568, valid_pr-0.6824
2025-06-11 17:53:43 - INFO - epoch-442, train_loss-0.8946, train_rmse-0.9458, valid_rmse-1.3629, valid_pr-0.6796
2025-06-11 17:53:54 - INFO - epoch-443, train_loss-0.9149, train_rmse-0.9565, valid_rmse-1.3601, valid_pr-0.6794
2025-06-11 17:54:06 - INFO - epoch-444, train_loss-0.8717, train_rmse-0.9336, valid_rmse-1.3428, valid_pr-0.6913
2025-06-11 17:54:18 - INFO - epoch-445, train_loss-0.8828, train_rmse-0.9396, valid_rmse-1.3439, valid_pr-0.6922
2025-06-11 17:54:29 - INFO - epoch-446, train_loss-0.8755, train_rmse-0.9357, valid_rmse-1.3929, valid_pr-0.6729
2025-06-11 17:54:40 - INFO - epoch-447, train_loss-0.8978, train_rmse-0.9475, valid_rmse-1.3575, valid_pr-0.6832
2025-06-11 17:54:51 - INFO - epoch-448, train_loss-0.8642, train_rmse-0.9296, valid_rmse-1.3536, valid_pr-0.6832
2025-06-11 17:55:02 - INFO - epoch-449, train_loss-0.8817, train_rmse-0.9390, valid_rmse-1.3369, valid_pr-0.6932
2025-06-11 17:55:13 - INFO - epoch-450, train_loss-0.8631, train_rmse-0.9290, valid_rmse-1.3591, valid_pr-0.6857
2025-06-11 17:55:24 - INFO - epoch-451, train_loss-0.8740, train_rmse-0.9349, valid_rmse-1.3653, valid_pr-0.6766
2025-06-11 17:55:35 - INFO - epoch-452, train_loss-0.8721, train_rmse-0.9339, valid_rmse-1.3613, valid_pr-0.6823
2025-06-11 17:55:46 - INFO - epoch-453, train_loss-0.8461, train_rmse-0.9198, valid_rmse-1.3646, valid_pr-0.6783
2025-06-11 17:55:56 - INFO - epoch-454, train_loss-0.8587, train_rmse-0.9266, valid_rmse-1.3461, valid_pr-0.6959
2025-06-11 17:56:06 - INFO - epoch-455, train_loss-0.8793, train_rmse-0.9377, valid_rmse-1.3579, valid_pr-0.6903
2025-06-11 17:56:17 - INFO - epoch-456, train_loss-0.8709, train_rmse-0.9332, valid_rmse-1.3506, valid_pr-0.6886
2025-06-11 17:56:28 - INFO - epoch-457, train_loss-0.8773, train_rmse-0.9366, valid_rmse-1.3613, valid_pr-0.6808
2025-06-11 17:56:39 - INFO - epoch-458, train_loss-0.8663, train_rmse-0.9307, valid_rmse-1.3432, valid_pr-0.6913
2025-06-11 17:56:50 - INFO - epoch-459, train_loss-0.8640, train_rmse-0.9295, valid_rmse-1.3785, valid_pr-0.6748
2025-06-11 17:57:01 - INFO - epoch-460, train_loss-0.8779, train_rmse-0.9370, valid_rmse-1.3572, valid_pr-0.6840
2025-06-11 17:57:13 - INFO - epoch-461, train_loss-0.8536, train_rmse-0.9239, valid_rmse-1.3416, valid_pr-0.6911
2025-06-11 17:57:23 - INFO - epoch-462, train_loss-0.8686, train_rmse-0.9320, valid_rmse-1.3535, valid_pr-0.6863
2025-06-11 17:57:34 - INFO - epoch-463, train_loss-0.8495, train_rmse-0.9217, valid_rmse-1.3437, valid_pr-0.6936
2025-06-11 17:57:45 - INFO - epoch-464, train_loss-0.8635, train_rmse-0.9293, valid_rmse-1.3470, valid_pr-0.6872
2025-06-11 17:57:56 - INFO - epoch-465, train_loss-0.8775, train_rmse-0.9368, valid_rmse-1.3659, valid_pr-0.6800
2025-06-11 17:58:07 - INFO - epoch-466, train_loss-0.8511, train_rmse-0.9225, valid_rmse-1.3723, valid_pr-0.6812
2025-06-11 17:58:18 - INFO - epoch-467, train_loss-0.8724, train_rmse-0.9340, valid_rmse-1.3529, valid_pr-0.6840
2025-06-11 17:58:28 - INFO - epoch-468, train_loss-0.8480, train_rmse-0.9209, valid_rmse-1.3577, valid_pr-0.6882
2025-06-11 17:58:39 - INFO - epoch-469, train_loss-0.8578, train_rmse-0.9262, valid_rmse-1.3521, valid_pr-0.6841
2025-06-11 17:58:50 - INFO - epoch-470, train_loss-0.8393, train_rmse-0.9161, valid_rmse-1.3325, valid_pr-0.6955
2025-06-11 17:59:01 - INFO - epoch-471, train_loss-0.8448, train_rmse-0.9191, valid_rmse-1.3485, valid_pr-0.6870
2025-06-11 17:59:11 - INFO - epoch-472, train_loss-0.8352, train_rmse-0.9139, valid_rmse-1.3349, valid_pr-0.6965
2025-06-11 17:59:21 - INFO - epoch-473, train_loss-0.8851, train_rmse-0.9408, valid_rmse-1.3531, valid_pr-0.6875
2025-06-11 17:59:31 - INFO - epoch-474, train_loss-0.8379, train_rmse-0.9154, valid_rmse-1.3523, valid_pr-0.6831
2025-06-11 17:59:42 - INFO - epoch-475, train_loss-0.8356, train_rmse-0.9141, valid_rmse-1.3536, valid_pr-0.6889
2025-06-11 17:59:54 - INFO - epoch-476, train_loss-0.8663, train_rmse-0.9308, valid_rmse-1.3528, valid_pr-0.6853
2025-06-11 18:00:06 - INFO - epoch-477, train_loss-0.8544, train_rmse-0.9243, valid_rmse-1.3425, valid_pr-0.6898
2025-06-11 18:00:16 - INFO - epoch-478, train_loss-0.8444, train_rmse-0.9189, valid_rmse-1.3415, valid_pr-0.6911
2025-06-11 18:00:27 - INFO - epoch-479, train_loss-0.8384, train_rmse-0.9156, valid_rmse-1.3529, valid_pr-0.6856
2025-06-11 18:00:37 - INFO - epoch-480, train_loss-0.8323, train_rmse-0.9123, valid_rmse-1.3602, valid_pr-0.6841
2025-06-11 18:00:48 - INFO - epoch-481, train_loss-0.8415, train_rmse-0.9173, valid_rmse-1.3672, valid_pr-0.6830
2025-06-11 18:01:00 - INFO - epoch-482, train_loss-0.8437, train_rmse-0.9185, valid_rmse-1.3430, valid_pr-0.6914
2025-06-11 18:01:11 - INFO - epoch-483, train_loss-0.8388, train_rmse-0.9159, valid_rmse-1.3397, valid_pr-0.6909
2025-06-11 18:01:23 - INFO - epoch-484, train_loss-0.8463, train_rmse-0.9200, valid_rmse-1.3403, valid_pr-0.6931
2025-06-11 18:01:34 - INFO - epoch-485, train_loss-0.8576, train_rmse-0.9260, valid_rmse-1.3462, valid_pr-0.6873
2025-06-11 18:01:44 - INFO - epoch-486, train_loss-0.8388, train_rmse-0.9159, valid_rmse-1.3564, valid_pr-0.6850
2025-06-11 18:01:54 - INFO - epoch-487, train_loss-0.8310, train_rmse-0.9116, valid_rmse-1.3778, valid_pr-0.6790
2025-06-11 18:02:04 - INFO - epoch-488, train_loss-0.8275, train_rmse-0.9096, valid_rmse-1.3455, valid_pr-0.6871
2025-06-11 18:02:15 - INFO - epoch-489, train_loss-0.8564, train_rmse-0.9254, valid_rmse-1.3735, valid_pr-0.6811
2025-06-11 18:02:26 - INFO - epoch-490, train_loss-0.8560, train_rmse-0.9252, valid_rmse-1.3430, valid_pr-0.6901
2025-06-11 18:02:36 - INFO - epoch-491, train_loss-0.8416, train_rmse-0.9174, valid_rmse-1.3351, valid_pr-0.6943
2025-06-11 18:02:47 - INFO - epoch-492, train_loss-0.8344, train_rmse-0.9135, valid_rmse-1.3400, valid_pr-0.6914
2025-06-11 18:02:56 - INFO - epoch-493, train_loss-0.8297, train_rmse-0.9109, valid_rmse-1.3582, valid_pr-0.6843
2025-06-11 18:03:07 - INFO - epoch-494, train_loss-0.8185, train_rmse-0.9047, valid_rmse-1.3299, valid_pr-0.6991
2025-06-11 18:03:17 - INFO - epoch-495, train_loss-0.8140, train_rmse-0.9022, valid_rmse-1.3467, valid_pr-0.6891
2025-06-11 18:03:28 - INFO - epoch-496, train_loss-0.8398, train_rmse-0.9164, valid_rmse-1.3537, valid_pr-0.6904
2025-06-11 18:03:28 - INFO - early stop in epoch 496
2025-06-11 18:03:28 - INFO - best_rmse: 1.3282
2025-06-11 18:03:37 - INFO - valid_rmse-1.3282, valid_pr-0.6977, test2013_rmse-1.5319, test2013_pr-0.7655, test2016_rmse-1.3870, test2016_pr-0.7754, test2019_rmse-1.4746, test2019_pr-0.5890,
