2025-06-04 10:22:19 - INFO - train_HoloGNN.py
2025-06-04 10:22:19 - INFO - train data: 11904
2025-06-04 10:22:19 - INFO - valid data: 1000
2025-06-04 10:22:19 - INFO - test2013 data: 107
2025-06-04 10:22:19 - INFO - test2016 data: 285
2025-06-04 10:22:19 - INFO - test2019 data: 4366
2025-06-04 10:22:34 - INFO - epoch-0, train_loss-33.5095, train_rmse-5.7887, valid_rmse-3.9509, valid_pr-0.4836
2025-06-04 10:22:38 - INFO - Validation : valid_rmse-3.9509, valid_pr-0.4836, 
test2013_rmse-4.0891, test2013_pr-0.6015, test2016_rmse-4.0200, test2016_pr-0.6099, test2019_rmse-3.6973, test2019_pr-0.5427
2025-06-04 10:22:50 - INFO - epoch-1, train_loss-6.4211, train_rmse-2.5340, valid_rmse-1.6439, valid_pr-0.5157
2025-06-04 10:22:54 - INFO - Validation : valid_rmse-1.6439, valid_pr-0.5157, 
test2013_rmse-1.5782, test2013_pr-0.7684, test2016_rmse-1.5722, test2016_pr-0.7242, test2019_rmse-1.5477, test2019_pr-0.5478
2025-06-04 10:23:06 - INFO - epoch-2, train_loss-3.0954, train_rmse-1.7594, valid_rmse-1.6277, valid_pr-0.5017
2025-06-04 10:23:10 - INFO - Validation : valid_rmse-1.6277, valid_pr-0.5017, 
test2013_rmse-1.8699, test2013_pr-0.5938, test2016_rmse-1.8412, test2016_pr-0.5415, test2019_rmse-1.5390, test2019_pr-0.5286
2025-06-04 10:23:22 - INFO - epoch-3, train_loss-2.9331, train_rmse-1.7126, valid_rmse-1.4918, valid_pr-0.6075
2025-06-04 10:23:26 - INFO - Validation : valid_rmse-1.4918, valid_pr-0.6075, 
test2013_rmse-1.5731, test2013_pr-0.7670, test2016_rmse-1.4729, test2016_pr-0.7534, test2019_rmse-1.4523, test2019_pr-0.6145
2025-06-04 10:23:38 - INFO - epoch-4, train_loss-2.7849, train_rmse-1.6688, valid_rmse-1.6085, valid_pr-0.5545
2025-06-04 10:23:51 - INFO - epoch-5, train_loss-2.6685, train_rmse-1.6336, valid_rmse-1.4648, valid_pr-0.6383
2025-06-04 10:23:54 - INFO - Validation : valid_rmse-1.4648, valid_pr-0.6383, 
test2013_rmse-1.5786, test2013_pr-0.7770, test2016_rmse-1.4493, test2016_pr-0.7877, test2019_rmse-1.4388, test2019_pr-0.6255
2025-06-04 10:24:07 - INFO - epoch-6, train_loss-2.6074, train_rmse-1.6147, valid_rmse-1.6561, valid_pr-0.5738
2025-06-04 10:24:19 - INFO - epoch-7, train_loss-2.4889, train_rmse-1.5776, valid_rmse-1.4183, valid_pr-0.6443
2025-06-04 10:24:23 - INFO - Validation : valid_rmse-1.4183, valid_pr-0.6443, 
test2013_rmse-1.5967, test2013_pr-0.7671, test2016_rmse-1.4376, test2016_pr-0.7770, test2019_rmse-1.4085, test2019_pr-0.6279
2025-06-04 10:24:35 - INFO - epoch-8, train_loss-2.4616, train_rmse-1.5689, valid_rmse-1.4312, valid_pr-0.6656
2025-06-04 10:24:48 - INFO - epoch-9, train_loss-2.4298, train_rmse-1.5588, valid_rmse-1.4018, valid_pr-0.6551
2025-06-04 10:24:51 - INFO - Validation : valid_rmse-1.4018, valid_pr-0.6551, 
test2013_rmse-1.5033, test2013_pr-0.7863, test2016_rmse-1.3714, test2016_pr-0.7887, test2019_rmse-1.3860, test2019_pr-0.6479
2025-06-04 10:25:04 - INFO - epoch-10, train_loss-2.3500, train_rmse-1.5330, valid_rmse-1.4004, valid_pr-0.6699
2025-06-04 10:25:07 - INFO - Validation : valid_rmse-1.4004, valid_pr-0.6699, 
test2013_rmse-1.5447, test2013_pr-0.7989, test2016_rmse-1.4292, test2016_pr-0.7863, test2019_rmse-1.3707, test2019_pr-0.6468
2025-06-04 10:25:20 - INFO - epoch-11, train_loss-2.2478, train_rmse-1.4993, valid_rmse-1.3895, valid_pr-0.6692
2025-06-04 10:25:23 - INFO - Validation : valid_rmse-1.3895, valid_pr-0.6692, 
test2013_rmse-1.5978, test2013_pr-0.7702, test2016_rmse-1.4477, test2016_pr-0.7790, test2019_rmse-1.3827, test2019_pr-0.6387
2025-06-04 10:25:36 - INFO - epoch-12, train_loss-2.2114, train_rmse-1.4871, valid_rmse-1.4619, valid_pr-0.6790
2025-06-04 10:25:48 - INFO - epoch-13, train_loss-2.1714, train_rmse-1.4736, valid_rmse-1.3907, valid_pr-0.6586
2025-06-04 10:26:01 - INFO - epoch-14, train_loss-2.0934, train_rmse-1.4469, valid_rmse-1.3639, valid_pr-0.6800
2025-06-04 10:26:04 - INFO - Validation : valid_rmse-1.3639, valid_pr-0.6800, 
test2013_rmse-1.5097, test2013_pr-0.7807, test2016_rmse-1.3971, test2016_pr-0.7725, test2019_rmse-1.3906, test2019_pr-0.6366
2025-06-04 10:26:17 - INFO - epoch-15, train_loss-2.1133, train_rmse-1.4537, valid_rmse-1.3378, valid_pr-0.6904
2025-06-04 10:26:20 - INFO - Validation : valid_rmse-1.3378, valid_pr-0.6904, 
test2013_rmse-1.5436, test2013_pr-0.7863, test2016_rmse-1.3847, test2016_pr-0.7885, test2019_rmse-1.3832, test2019_pr-0.6441
2025-06-04 10:26:33 - INFO - epoch-16, train_loss-2.0158, train_rmse-1.4198, valid_rmse-1.3544, valid_pr-0.6808
2025-06-04 10:26:45 - INFO - epoch-17, train_loss-2.0333, train_rmse-1.4259, valid_rmse-1.3586, valid_pr-0.6931
2025-06-04 10:26:58 - INFO - epoch-18, train_loss-1.9619, train_rmse-1.4007, valid_rmse-1.3585, valid_pr-0.6902
2025-06-04 10:27:10 - INFO - epoch-19, train_loss-1.9177, train_rmse-1.3848, valid_rmse-1.3161, valid_pr-0.7033
2025-06-04 10:27:14 - INFO - Validation : valid_rmse-1.3161, valid_pr-0.7033, 
test2013_rmse-1.5817, test2013_pr-0.7555, test2016_rmse-1.4222, test2016_pr-0.7650, test2019_rmse-1.3662, test2019_pr-0.6458
2025-06-04 10:27:26 - INFO - epoch-20, train_loss-1.8743, train_rmse-1.3691, valid_rmse-1.2857, valid_pr-0.7196
2025-06-04 10:27:30 - INFO - Validation : valid_rmse-1.2857, valid_pr-0.7196, 
test2013_rmse-1.4506, test2013_pr-0.8072, test2016_rmse-1.3215, test2016_pr-0.8081, test2019_rmse-1.3730, test2019_pr-0.6438
2025-06-04 10:27:42 - INFO - epoch-21, train_loss-1.8170, train_rmse-1.3480, valid_rmse-1.3498, valid_pr-0.6971
2025-06-04 10:27:55 - INFO - epoch-22, train_loss-1.7917, train_rmse-1.3385, valid_rmse-1.3135, valid_pr-0.7058
2025-06-04 10:28:07 - INFO - epoch-23, train_loss-1.7750, train_rmse-1.3323, valid_rmse-1.3510, valid_pr-0.7206
2025-06-04 10:28:19 - INFO - epoch-24, train_loss-1.7074, train_rmse-1.3067, valid_rmse-1.3312, valid_pr-0.7067
2025-06-04 10:28:32 - INFO - epoch-25, train_loss-1.6622, train_rmse-1.2893, valid_rmse-1.3477, valid_pr-0.7205
2025-06-04 10:28:44 - INFO - epoch-26, train_loss-1.6227, train_rmse-1.2739, valid_rmse-1.3723, valid_pr-0.7128
2025-06-04 10:28:57 - INFO - epoch-27, train_loss-1.5604, train_rmse-1.2492, valid_rmse-1.3448, valid_pr-0.7178
2025-06-04 10:29:10 - INFO - epoch-28, train_loss-1.5353, train_rmse-1.2391, valid_rmse-1.2592, valid_pr-0.7363
2025-06-04 10:29:13 - INFO - Validation : valid_rmse-1.2592, valid_pr-0.7363, 
test2013_rmse-1.4575, test2013_pr-0.7884, test2016_rmse-1.3335, test2016_pr-0.7913, test2019_rmse-1.4161, test2019_pr-0.6408
2025-06-04 10:29:25 - INFO - epoch-29, train_loss-1.5031, train_rmse-1.2260, valid_rmse-1.2756, valid_pr-0.7308
2025-06-04 10:29:38 - INFO - epoch-30, train_loss-1.4522, train_rmse-1.2051, valid_rmse-1.2849, valid_pr-0.7319
2025-06-04 10:29:50 - INFO - epoch-31, train_loss-1.4399, train_rmse-1.1999, valid_rmse-1.2803, valid_pr-0.7320
2025-06-04 10:30:03 - INFO - epoch-32, train_loss-1.4077, train_rmse-1.1865, valid_rmse-1.2387, valid_pr-0.7421
2025-06-04 10:30:06 - INFO - Validation : valid_rmse-1.2387, valid_pr-0.7421, 
test2013_rmse-1.4816, test2013_pr-0.7923, test2016_rmse-1.3446, test2016_pr-0.7865, test2019_rmse-1.4186, test2019_pr-0.6270
2025-06-04 10:30:19 - INFO - epoch-33, train_loss-1.3704, train_rmse-1.1706, valid_rmse-1.2880, valid_pr-0.7257
2025-06-04 10:30:31 - INFO - epoch-34, train_loss-1.3194, train_rmse-1.1486, valid_rmse-1.2917, valid_pr-0.7288
2025-06-04 10:30:43 - INFO - epoch-35, train_loss-1.2943, train_rmse-1.1377, valid_rmse-1.2459, valid_pr-0.7441
2025-06-04 10:30:56 - INFO - epoch-36, train_loss-1.2412, train_rmse-1.1141, valid_rmse-1.2592, valid_pr-0.7406
2025-06-04 10:31:08 - INFO - epoch-37, train_loss-1.2070, train_rmse-1.0986, valid_rmse-1.2417, valid_pr-0.7493
2025-06-04 10:31:21 - INFO - epoch-38, train_loss-1.1890, train_rmse-1.0904, valid_rmse-1.2367, valid_pr-0.7466
2025-06-04 10:31:24 - INFO - Validation : valid_rmse-1.2367, valid_pr-0.7466, 
test2013_rmse-1.4632, test2013_pr-0.7849, test2016_rmse-1.3612, test2016_pr-0.7800, test2019_rmse-1.4281, test2019_pr-0.6327
2025-06-04 10:31:37 - INFO - epoch-39, train_loss-1.1463, train_rmse-1.0706, valid_rmse-1.2915, valid_pr-0.7281
2025-06-04 10:31:49 - INFO - epoch-40, train_loss-1.0839, train_rmse-1.0411, valid_rmse-1.2512, valid_pr-0.7456
2025-06-04 10:32:02 - INFO - epoch-41, train_loss-1.0742, train_rmse-1.0364, valid_rmse-1.2555, valid_pr-0.7517
2025-06-04 10:32:14 - INFO - epoch-42, train_loss-1.0540, train_rmse-1.0267, valid_rmse-1.2873, valid_pr-0.7223
2025-06-04 10:32:26 - INFO - epoch-43, train_loss-1.0148, train_rmse-1.0074, valid_rmse-1.2575, valid_pr-0.7394
2025-06-04 10:32:39 - INFO - epoch-44, train_loss-1.0075, train_rmse-1.0038, valid_rmse-1.3100, valid_pr-0.7202
2025-06-04 10:32:51 - INFO - epoch-45, train_loss-0.9677, train_rmse-0.9837, valid_rmse-1.2908, valid_pr-0.7328
2025-06-04 10:33:04 - INFO - epoch-46, train_loss-0.9232, train_rmse-0.9608, valid_rmse-1.2578, valid_pr-0.7488
2025-06-04 10:33:16 - INFO - epoch-47, train_loss-0.9079, train_rmse-0.9528, valid_rmse-1.2225, valid_pr-0.7514
2025-06-04 10:33:20 - INFO - Validation : valid_rmse-1.2225, valid_pr-0.7514, 
test2013_rmse-1.4289, test2013_pr-0.8052, test2016_rmse-1.3116, test2016_pr-0.8004, test2019_rmse-1.4058, test2019_pr-0.6353
2025-06-04 10:33:32 - INFO - epoch-48, train_loss-0.8718, train_rmse-0.9337, valid_rmse-1.3058, valid_pr-0.7257
2025-06-04 10:33:44 - INFO - epoch-49, train_loss-0.8553, train_rmse-0.9248, valid_rmse-1.2708, valid_pr-0.7454
2025-06-04 10:33:57 - INFO - epoch-50, train_loss-0.8440, train_rmse-0.9187, valid_rmse-1.2583, valid_pr-0.7557
2025-06-04 10:34:09 - INFO - epoch-51, train_loss-0.8337, train_rmse-0.9130, valid_rmse-1.2496, valid_pr-0.7513
2025-06-04 10:34:22 - INFO - epoch-52, train_loss-0.8069, train_rmse-0.8983, valid_rmse-1.2563, valid_pr-0.7489
2025-06-04 10:34:34 - INFO - epoch-53, train_loss-0.7769, train_rmse-0.8814, valid_rmse-1.2645, valid_pr-0.7488
2025-06-04 10:34:47 - INFO - epoch-54, train_loss-0.7743, train_rmse-0.8800, valid_rmse-1.2311, valid_pr-0.7527
2025-06-04 10:34:59 - INFO - epoch-55, train_loss-0.7562, train_rmse-0.8696, valid_rmse-1.2248, valid_pr-0.7547
2025-06-04 10:35:12 - INFO - epoch-56, train_loss-0.7381, train_rmse-0.8591, valid_rmse-1.3301, valid_pr-0.7128
2025-06-04 10:35:24 - INFO - epoch-57, train_loss-0.6968, train_rmse-0.8348, valid_rmse-1.2669, valid_pr-0.7449
2025-06-04 10:35:36 - INFO - epoch-58, train_loss-0.6963, train_rmse-0.8345, valid_rmse-1.2800, valid_pr-0.7328
2025-06-04 10:35:49 - INFO - epoch-59, train_loss-0.6864, train_rmse-0.8285, valid_rmse-1.2406, valid_pr-0.7567
2025-06-04 10:36:01 - INFO - epoch-60, train_loss-0.6717, train_rmse-0.8196, valid_rmse-1.2893, valid_pr-0.7236
2025-06-04 10:36:14 - INFO - epoch-61, train_loss-0.6619, train_rmse-0.8136, valid_rmse-1.2592, valid_pr-0.7459
2025-06-04 10:36:26 - INFO - epoch-62, train_loss-0.6617, train_rmse-0.8135, valid_rmse-1.2365, valid_pr-0.7591
2025-06-04 10:36:38 - INFO - epoch-63, train_loss-0.6385, train_rmse-0.7990, valid_rmse-1.2822, valid_pr-0.7279
2025-06-04 10:36:51 - INFO - epoch-64, train_loss-0.6139, train_rmse-0.7835, valid_rmse-1.2526, valid_pr-0.7532
2025-06-04 10:37:04 - INFO - epoch-65, train_loss-0.6013, train_rmse-0.7754, valid_rmse-1.2405, valid_pr-0.7481
2025-06-04 10:37:16 - INFO - epoch-66, train_loss-0.5946, train_rmse-0.7711, valid_rmse-1.2535, valid_pr-0.7421
2025-06-04 10:37:28 - INFO - epoch-67, train_loss-0.5870, train_rmse-0.7662, valid_rmse-1.2914, valid_pr-0.7269
2025-06-04 10:37:41 - INFO - epoch-68, train_loss-0.5776, train_rmse-0.7600, valid_rmse-1.2530, valid_pr-0.7436
2025-06-04 10:37:53 - INFO - epoch-69, train_loss-0.5761, train_rmse-0.7590, valid_rmse-1.2550, valid_pr-0.7455
2025-06-04 10:38:06 - INFO - epoch-70, train_loss-0.5628, train_rmse-0.7502, valid_rmse-1.2553, valid_pr-0.7486
2025-06-04 10:38:18 - INFO - epoch-71, train_loss-0.5451, train_rmse-0.7383, valid_rmse-1.2609, valid_pr-0.7462
2025-06-04 10:38:31 - INFO - epoch-72, train_loss-0.5529, train_rmse-0.7436, valid_rmse-1.2615, valid_pr-0.7414
2025-06-04 10:38:43 - INFO - epoch-73, train_loss-0.5335, train_rmse-0.7304, valid_rmse-1.2177, valid_pr-0.7624
2025-06-04 10:38:46 - INFO - Validation : valid_rmse-1.2177, valid_pr-0.7624, 
test2013_rmse-1.3299, test2013_pr-0.8224, test2016_rmse-1.2404, test2016_pr-0.8217, test2019_rmse-1.4488, test2019_pr-0.6296
2025-06-04 10:38:59 - INFO - epoch-74, train_loss-0.5359, train_rmse-0.7321, valid_rmse-1.2342, valid_pr-0.7571
2025-06-04 10:39:11 - INFO - epoch-75, train_loss-0.5194, train_rmse-0.7207, valid_rmse-1.2389, valid_pr-0.7608
2025-06-04 10:39:23 - INFO - epoch-76, train_loss-0.5124, train_rmse-0.7158, valid_rmse-1.2189, valid_pr-0.7569
2025-06-04 10:39:36 - INFO - epoch-77, train_loss-0.4887, train_rmse-0.6991, valid_rmse-1.2341, valid_pr-0.7532
2025-06-04 10:39:48 - INFO - epoch-78, train_loss-0.4939, train_rmse-0.7028, valid_rmse-1.2615, valid_pr-0.7361
2025-06-04 10:40:01 - INFO - epoch-79, train_loss-0.4963, train_rmse-0.7045, valid_rmse-1.2664, valid_pr-0.7444
2025-06-04 10:40:13 - INFO - epoch-80, train_loss-0.4957, train_rmse-0.7040, valid_rmse-1.2485, valid_pr-0.7502
2025-06-04 10:40:26 - INFO - epoch-81, train_loss-0.4825, train_rmse-0.6946, valid_rmse-1.2507, valid_pr-0.7465
2025-06-04 10:40:38 - INFO - epoch-82, train_loss-0.4664, train_rmse-0.6829, valid_rmse-1.2426, valid_pr-0.7510
2025-06-04 10:40:51 - INFO - epoch-83, train_loss-0.4661, train_rmse-0.6827, valid_rmse-1.2360, valid_pr-0.7495
2025-06-04 10:41:03 - INFO - epoch-84, train_loss-0.4787, train_rmse-0.6919, valid_rmse-1.2492, valid_pr-0.7476
2025-06-04 10:41:16 - INFO - epoch-85, train_loss-0.4659, train_rmse-0.6826, valid_rmse-1.2580, valid_pr-0.7501
2025-06-04 10:41:28 - INFO - epoch-86, train_loss-0.4595, train_rmse-0.6778, valid_rmse-1.2328, valid_pr-0.7533
2025-06-04 10:41:40 - INFO - epoch-87, train_loss-0.4521, train_rmse-0.6724, valid_rmse-1.2577, valid_pr-0.7438
2025-06-04 10:41:53 - INFO - epoch-88, train_loss-0.4371, train_rmse-0.6612, valid_rmse-1.2648, valid_pr-0.7375
2025-06-04 10:42:05 - INFO - epoch-89, train_loss-0.4515, train_rmse-0.6719, valid_rmse-1.2989, valid_pr-0.7434
2025-06-04 10:42:18 - INFO - epoch-90, train_loss-0.4309, train_rmse-0.6564, valid_rmse-1.2231, valid_pr-0.7531
2025-06-04 10:42:30 - INFO - epoch-91, train_loss-0.4355, train_rmse-0.6599, valid_rmse-1.2551, valid_pr-0.7476
2025-06-04 10:42:43 - INFO - epoch-92, train_loss-0.4112, train_rmse-0.6412, valid_rmse-1.2369, valid_pr-0.7517
2025-06-04 10:42:55 - INFO - epoch-93, train_loss-0.4155, train_rmse-0.6446, valid_rmse-1.2392, valid_pr-0.7550
2025-06-04 10:43:08 - INFO - epoch-94, train_loss-0.4098, train_rmse-0.6401, valid_rmse-1.3023, valid_pr-0.7312
2025-06-04 10:43:20 - INFO - epoch-95, train_loss-0.4022, train_rmse-0.6342, valid_rmse-1.2463, valid_pr-0.7593
2025-06-04 10:43:33 - INFO - epoch-96, train_loss-0.4295, train_rmse-0.6554, valid_rmse-1.2627, valid_pr-0.7463
2025-06-04 10:43:45 - INFO - epoch-97, train_loss-0.4025, train_rmse-0.6344, valid_rmse-1.2307, valid_pr-0.7571
2025-06-04 10:43:57 - INFO - epoch-98, train_loss-0.4049, train_rmse-0.6363, valid_rmse-1.2205, valid_pr-0.7522
2025-06-04 10:44:10 - INFO - epoch-99, train_loss-0.3773, train_rmse-0.6142, valid_rmse-1.2228, valid_pr-0.7589
2025-06-04 10:44:22 - INFO - epoch-100, train_loss-0.3888, train_rmse-0.6236, valid_rmse-1.2438, valid_pr-0.7501
2025-06-04 10:44:35 - INFO - epoch-101, train_loss-0.3782, train_rmse-0.6150, valid_rmse-1.2180, valid_pr-0.7632
2025-06-04 10:44:48 - INFO - epoch-102, train_loss-0.3931, train_rmse-0.6270, valid_rmse-1.2277, valid_pr-0.7498
2025-06-04 10:45:00 - INFO - epoch-103, train_loss-0.3817, train_rmse-0.6178, valid_rmse-1.2420, valid_pr-0.7503
2025-06-04 10:45:12 - INFO - epoch-104, train_loss-0.3807, train_rmse-0.6170, valid_rmse-1.2563, valid_pr-0.7528
2025-06-04 10:45:25 - INFO - epoch-105, train_loss-0.3587, train_rmse-0.5990, valid_rmse-1.2505, valid_pr-0.7475
2025-06-04 10:45:37 - INFO - epoch-106, train_loss-0.3681, train_rmse-0.6067, valid_rmse-1.2372, valid_pr-0.7489
2025-06-04 10:45:50 - INFO - epoch-107, train_loss-0.3824, train_rmse-0.6184, valid_rmse-1.2403, valid_pr-0.7503
2025-06-04 10:46:02 - INFO - epoch-108, train_loss-0.3603, train_rmse-0.6002, valid_rmse-1.2237, valid_pr-0.7546
2025-06-04 10:46:15 - INFO - epoch-109, train_loss-0.3479, train_rmse-0.5898, valid_rmse-1.2160, valid_pr-0.7555
2025-06-04 10:46:18 - INFO - Validation : valid_rmse-1.2160, valid_pr-0.7555, 
test2013_rmse-1.4406, test2013_pr-0.7949, test2016_rmse-1.2543, test2016_pr-0.8179, test2019_rmse-1.3905, test2019_pr-0.6392
2025-06-04 10:46:31 - INFO - epoch-110, train_loss-0.3751, train_rmse-0.6125, valid_rmse-1.2301, valid_pr-0.7500
2025-06-04 10:46:43 - INFO - epoch-111, train_loss-0.3715, train_rmse-0.6095, valid_rmse-1.2378, valid_pr-0.7546
2025-06-04 10:46:56 - INFO - epoch-112, train_loss-0.3744, train_rmse-0.6119, valid_rmse-1.2560, valid_pr-0.7458
2025-06-04 10:47:08 - INFO - epoch-113, train_loss-0.3545, train_rmse-0.5954, valid_rmse-1.2253, valid_pr-0.7567
2025-06-04 10:47:21 - INFO - epoch-114, train_loss-0.3425, train_rmse-0.5853, valid_rmse-1.2073, valid_pr-0.7648
2025-06-04 10:47:24 - INFO - Validation : valid_rmse-1.2073, valid_pr-0.7648, 
test2013_rmse-1.4255, test2013_pr-0.8049, test2016_rmse-1.2178, test2016_pr-0.8307, test2019_rmse-1.4187, test2019_pr-0.6306
2025-06-04 10:47:36 - INFO - epoch-115, train_loss-0.3466, train_rmse-0.5887, valid_rmse-1.2229, valid_pr-0.7610
2025-06-04 10:47:49 - INFO - epoch-116, train_loss-0.3413, train_rmse-0.5842, valid_rmse-1.2389, valid_pr-0.7612
2025-06-04 10:48:02 - INFO - epoch-117, train_loss-0.3462, train_rmse-0.5884, valid_rmse-1.2579, valid_pr-0.7582
2025-06-04 10:48:14 - INFO - epoch-118, train_loss-0.3363, train_rmse-0.5799, valid_rmse-1.2459, valid_pr-0.7544
2025-06-04 10:48:26 - INFO - epoch-119, train_loss-0.3507, train_rmse-0.5922, valid_rmse-1.1959, valid_pr-0.7661
2025-06-04 10:48:30 - INFO - Validation : valid_rmse-1.1959, valid_pr-0.7661, 
test2013_rmse-1.3928, test2013_pr-0.8155, test2016_rmse-1.2003, test2016_pr-0.8342, test2019_rmse-1.3855, test2019_pr-0.6459
2025-06-04 10:48:42 - INFO - epoch-120, train_loss-0.3191, train_rmse-0.5648, valid_rmse-1.2268, valid_pr-0.7596
2025-06-04 10:48:55 - INFO - epoch-121, train_loss-0.3512, train_rmse-0.5926, valid_rmse-1.2182, valid_pr-0.7624
2025-06-04 10:49:07 - INFO - epoch-122, train_loss-0.3210, train_rmse-0.5666, valid_rmse-1.2377, valid_pr-0.7531
2025-06-04 10:49:20 - INFO - epoch-123, train_loss-0.3398, train_rmse-0.5830, valid_rmse-1.2465, valid_pr-0.7499
2025-06-04 10:49:32 - INFO - epoch-124, train_loss-0.3319, train_rmse-0.5761, valid_rmse-1.1943, valid_pr-0.7687
2025-06-04 10:49:35 - INFO - Validation : valid_rmse-1.1943, valid_pr-0.7687, 
test2013_rmse-1.4255, test2013_pr-0.7946, test2016_rmse-1.2410, test2016_pr-0.8205, test2019_rmse-1.4037, test2019_pr-0.6380
2025-06-04 10:49:48 - INFO - epoch-125, train_loss-0.3310, train_rmse-0.5753, valid_rmse-1.2420, valid_pr-0.7495
2025-06-04 10:50:00 - INFO - epoch-126, train_loss-0.3355, train_rmse-0.5792, valid_rmse-1.2144, valid_pr-0.7567
2025-06-04 10:50:13 - INFO - epoch-127, train_loss-0.3177, train_rmse-0.5637, valid_rmse-1.2140, valid_pr-0.7598
2025-06-04 10:50:25 - INFO - epoch-128, train_loss-0.3139, train_rmse-0.5603, valid_rmse-1.2139, valid_pr-0.7567
2025-06-04 10:50:37 - INFO - epoch-129, train_loss-0.3221, train_rmse-0.5675, valid_rmse-1.2504, valid_pr-0.7470
2025-06-04 10:50:50 - INFO - epoch-130, train_loss-0.3151, train_rmse-0.5614, valid_rmse-1.2352, valid_pr-0.7498
2025-06-04 10:51:02 - INFO - epoch-131, train_loss-0.3043, train_rmse-0.5516, valid_rmse-1.2410, valid_pr-0.7572
2025-06-04 10:51:15 - INFO - epoch-132, train_loss-0.3054, train_rmse-0.5526, valid_rmse-1.2124, valid_pr-0.7615
2025-06-04 10:51:27 - INFO - epoch-133, train_loss-0.3071, train_rmse-0.5541, valid_rmse-1.2388, valid_pr-0.7491
2025-06-04 10:51:40 - INFO - epoch-134, train_loss-0.3205, train_rmse-0.5661, valid_rmse-1.2263, valid_pr-0.7575
2025-06-04 10:51:52 - INFO - epoch-135, train_loss-0.3063, train_rmse-0.5534, valid_rmse-1.2134, valid_pr-0.7636
2025-06-04 10:52:05 - INFO - epoch-136, train_loss-0.2993, train_rmse-0.5471, valid_rmse-1.2433, valid_pr-0.7627
2025-06-04 10:52:17 - INFO - epoch-137, train_loss-0.2983, train_rmse-0.5462, valid_rmse-1.1990, valid_pr-0.7667
2025-06-04 10:52:29 - INFO - epoch-138, train_loss-0.3031, train_rmse-0.5506, valid_rmse-1.2232, valid_pr-0.7574
2025-06-04 10:52:42 - INFO - epoch-139, train_loss-0.2861, train_rmse-0.5349, valid_rmse-1.2197, valid_pr-0.7583
2025-06-04 10:52:54 - INFO - epoch-140, train_loss-0.3020, train_rmse-0.5496, valid_rmse-1.2144, valid_pr-0.7593
2025-06-04 10:53:07 - INFO - epoch-141, train_loss-0.3010, train_rmse-0.5486, valid_rmse-1.2394, valid_pr-0.7588
2025-06-04 10:53:19 - INFO - epoch-142, train_loss-0.3092, train_rmse-0.5561, valid_rmse-1.2167, valid_pr-0.7566
2025-06-04 10:53:31 - INFO - epoch-143, train_loss-0.2927, train_rmse-0.5411, valid_rmse-1.2188, valid_pr-0.7595
2025-06-04 10:53:44 - INFO - epoch-144, train_loss-0.2908, train_rmse-0.5392, valid_rmse-1.2252, valid_pr-0.7612
2025-06-04 10:53:56 - INFO - epoch-145, train_loss-0.2935, train_rmse-0.5418, valid_rmse-1.2180, valid_pr-0.7581
2025-06-04 10:54:09 - INFO - epoch-146, train_loss-0.2965, train_rmse-0.5446, valid_rmse-1.1984, valid_pr-0.7651
2025-06-04 10:54:21 - INFO - epoch-147, train_loss-0.2874, train_rmse-0.5361, valid_rmse-1.2168, valid_pr-0.7578
2025-06-04 10:54:34 - INFO - epoch-148, train_loss-0.2806, train_rmse-0.5297, valid_rmse-1.2118, valid_pr-0.7563
2025-06-04 10:54:46 - INFO - epoch-149, train_loss-0.2984, train_rmse-0.5463, valid_rmse-1.2141, valid_pr-0.7588
2025-06-04 10:54:58 - INFO - epoch-150, train_loss-0.2857, train_rmse-0.5345, valid_rmse-1.2447, valid_pr-0.7523
2025-06-04 10:55:11 - INFO - epoch-151, train_loss-0.2886, train_rmse-0.5372, valid_rmse-1.2104, valid_pr-0.7604
2025-06-04 10:55:23 - INFO - epoch-152, train_loss-0.2822, train_rmse-0.5312, valid_rmse-1.2183, valid_pr-0.7610
2025-06-04 10:55:36 - INFO - epoch-153, train_loss-0.2790, train_rmse-0.5282, valid_rmse-1.2230, valid_pr-0.7544
2025-06-04 10:55:48 - INFO - epoch-154, train_loss-0.2841, train_rmse-0.5330, valid_rmse-1.2147, valid_pr-0.7575
2025-06-04 10:56:01 - INFO - epoch-155, train_loss-0.2795, train_rmse-0.5287, valid_rmse-1.2189, valid_pr-0.7576
2025-06-04 10:56:13 - INFO - epoch-156, train_loss-0.2826, train_rmse-0.5316, valid_rmse-1.2204, valid_pr-0.7587
2025-06-04 10:56:26 - INFO - epoch-157, train_loss-0.2757, train_rmse-0.5250, valid_rmse-1.2145, valid_pr-0.7635
2025-06-04 10:56:38 - INFO - epoch-158, train_loss-0.2675, train_rmse-0.5172, valid_rmse-1.2306, valid_pr-0.7558
2025-06-04 10:56:51 - INFO - epoch-159, train_loss-0.2523, train_rmse-0.5023, valid_rmse-1.1996, valid_pr-0.7650
2025-06-04 10:57:03 - INFO - epoch-160, train_loss-0.2642, train_rmse-0.5140, valid_rmse-1.1911, valid_pr-0.7669
2025-06-04 10:57:07 - INFO - Validation : valid_rmse-1.1911, valid_pr-0.7669, 
test2013_rmse-1.3644, test2013_pr-0.8216, test2016_rmse-1.2119, test2016_pr-0.8316, test2019_rmse-1.3885, test2019_pr-0.6408
2025-06-04 10:57:19 - INFO - epoch-161, train_loss-0.2682, train_rmse-0.5178, valid_rmse-1.1965, valid_pr-0.7640
2025-06-04 10:57:32 - INFO - epoch-162, train_loss-0.2602, train_rmse-0.5101, valid_rmse-1.2020, valid_pr-0.7680
2025-06-04 10:57:44 - INFO - epoch-163, train_loss-0.2657, train_rmse-0.5155, valid_rmse-1.2152, valid_pr-0.7597
2025-06-04 10:57:56 - INFO - epoch-164, train_loss-0.2768, train_rmse-0.5262, valid_rmse-1.2122, valid_pr-0.7684
2025-06-04 10:58:09 - INFO - epoch-165, train_loss-0.2685, train_rmse-0.5182, valid_rmse-1.2320, valid_pr-0.7522
2025-06-04 10:58:21 - INFO - epoch-166, train_loss-0.2605, train_rmse-0.5104, valid_rmse-1.2382, valid_pr-0.7553
2025-06-04 10:58:34 - INFO - epoch-167, train_loss-0.2500, train_rmse-0.5000, valid_rmse-1.2394, valid_pr-0.7619
2025-06-04 10:58:46 - INFO - epoch-168, train_loss-0.2544, train_rmse-0.5044, valid_rmse-1.1967, valid_pr-0.7685
2025-06-04 10:58:59 - INFO - epoch-169, train_loss-0.2733, train_rmse-0.5228, valid_rmse-1.2305, valid_pr-0.7555
2025-06-04 10:59:11 - INFO - epoch-170, train_loss-0.2635, train_rmse-0.5134, valid_rmse-1.2087, valid_pr-0.7616
2025-06-04 10:59:24 - INFO - epoch-171, train_loss-0.2548, train_rmse-0.5047, valid_rmse-1.1919, valid_pr-0.7667
2025-06-04 10:59:36 - INFO - epoch-172, train_loss-0.2702, train_rmse-0.5198, valid_rmse-1.1953, valid_pr-0.7743
2025-06-04 10:59:48 - INFO - epoch-173, train_loss-0.2806, train_rmse-0.5297, valid_rmse-1.2040, valid_pr-0.7652
2025-06-04 11:00:01 - INFO - epoch-174, train_loss-0.2643, train_rmse-0.5141, valid_rmse-1.2042, valid_pr-0.7597
2025-06-04 11:00:13 - INFO - epoch-175, train_loss-0.2538, train_rmse-0.5037, valid_rmse-1.1909, valid_pr-0.7670
2025-06-04 11:00:17 - INFO - Validation : valid_rmse-1.1909, valid_pr-0.7670, 
test2013_rmse-1.3889, test2013_pr-0.8131, test2016_rmse-1.2055, test2016_pr-0.8345, test2019_rmse-1.3845, test2019_pr-0.6400
2025-06-04 11:00:29 - INFO - epoch-176, train_loss-0.2578, train_rmse-0.5078, valid_rmse-1.2004, valid_pr-0.7683
2025-06-04 11:00:42 - INFO - epoch-177, train_loss-0.2770, train_rmse-0.5263, valid_rmse-1.2126, valid_pr-0.7621
2025-06-04 11:00:54 - INFO - epoch-178, train_loss-0.2681, train_rmse-0.5178, valid_rmse-1.1973, valid_pr-0.7662
2025-06-04 11:01:07 - INFO - epoch-179, train_loss-0.2534, train_rmse-0.5034, valid_rmse-1.2056, valid_pr-0.7672
2025-06-04 11:01:19 - INFO - epoch-180, train_loss-0.2363, train_rmse-0.4862, valid_rmse-1.1837, valid_pr-0.7725
2025-06-04 11:01:22 - INFO - Validation : valid_rmse-1.1837, valid_pr-0.7725, 
test2013_rmse-1.3380, test2013_pr-0.8241, test2016_rmse-1.2028, test2016_pr-0.8324, test2019_rmse-1.3949, test2019_pr-0.6406
2025-06-04 11:01:35 - INFO - epoch-181, train_loss-0.2640, train_rmse-0.5138, valid_rmse-1.1930, valid_pr-0.7699
2025-06-04 11:01:47 - INFO - epoch-182, train_loss-0.2502, train_rmse-0.5002, valid_rmse-1.2166, valid_pr-0.7583
2025-06-04 11:02:00 - INFO - epoch-183, train_loss-0.2458, train_rmse-0.4958, valid_rmse-1.1900, valid_pr-0.7677
2025-06-04 11:02:12 - INFO - epoch-184, train_loss-0.2538, train_rmse-0.5038, valid_rmse-1.1917, valid_pr-0.7657
2025-06-04 11:02:24 - INFO - epoch-185, train_loss-0.2473, train_rmse-0.4973, valid_rmse-1.1946, valid_pr-0.7673
2025-06-04 11:02:37 - INFO - epoch-186, train_loss-0.2462, train_rmse-0.4962, valid_rmse-1.2365, valid_pr-0.7626
2025-06-04 11:02:49 - INFO - epoch-187, train_loss-0.2417, train_rmse-0.4916, valid_rmse-1.2079, valid_pr-0.7642
2025-06-04 11:03:02 - INFO - epoch-188, train_loss-0.2368, train_rmse-0.4866, valid_rmse-1.1978, valid_pr-0.7683
2025-06-04 11:03:14 - INFO - epoch-189, train_loss-0.2550, train_rmse-0.5049, valid_rmse-1.2005, valid_pr-0.7636
2025-06-04 11:03:27 - INFO - epoch-190, train_loss-0.2400, train_rmse-0.4899, valid_rmse-1.2051, valid_pr-0.7655
2025-06-04 11:03:39 - INFO - epoch-191, train_loss-0.2383, train_rmse-0.4881, valid_rmse-1.1965, valid_pr-0.7653
2025-06-04 11:03:52 - INFO - epoch-192, train_loss-0.2464, train_rmse-0.4964, valid_rmse-1.2086, valid_pr-0.7602
2025-06-04 11:04:05 - INFO - epoch-193, train_loss-0.2355, train_rmse-0.4853, valid_rmse-1.2247, valid_pr-0.7593
2025-06-04 11:04:17 - INFO - epoch-194, train_loss-0.2406, train_rmse-0.4905, valid_rmse-1.1963, valid_pr-0.7672
2025-06-04 11:04:30 - INFO - epoch-195, train_loss-0.2340, train_rmse-0.4837, valid_rmse-1.1926, valid_pr-0.7671
2025-06-04 11:04:42 - INFO - epoch-196, train_loss-0.2424, train_rmse-0.4924, valid_rmse-1.2117, valid_pr-0.7604
2025-06-04 11:04:54 - INFO - epoch-197, train_loss-0.2470, train_rmse-0.4970, valid_rmse-1.1907, valid_pr-0.7661
2025-06-04 11:05:07 - INFO - epoch-198, train_loss-0.2339, train_rmse-0.4836, valid_rmse-1.1867, valid_pr-0.7686
2025-06-04 11:05:19 - INFO - epoch-199, train_loss-0.2411, train_rmse-0.4910, valid_rmse-1.1953, valid_pr-0.7674
2025-06-04 11:05:32 - INFO - epoch-200, train_loss-0.2384, train_rmse-0.4883, valid_rmse-1.2008, valid_pr-0.7607
2025-06-04 11:05:44 - INFO - epoch-201, train_loss-0.2370, train_rmse-0.4869, valid_rmse-1.1972, valid_pr-0.7628
2025-06-04 11:05:57 - INFO - epoch-202, train_loss-0.2394, train_rmse-0.4893, valid_rmse-1.2007, valid_pr-0.7643
2025-06-04 11:06:09 - INFO - epoch-203, train_loss-0.2351, train_rmse-0.4849, valid_rmse-1.1981, valid_pr-0.7667
2025-06-04 11:06:22 - INFO - epoch-204, train_loss-0.2388, train_rmse-0.4886, valid_rmse-1.1884, valid_pr-0.7691
2025-06-04 11:06:34 - INFO - epoch-205, train_loss-0.2292, train_rmse-0.4787, valid_rmse-1.2013, valid_pr-0.7657
2025-06-04 11:06:46 - INFO - epoch-206, train_loss-0.2421, train_rmse-0.4920, valid_rmse-1.1828, valid_pr-0.7720
2025-06-04 11:06:50 - INFO - Validation : valid_rmse-1.1828, valid_pr-0.7720, 
test2013_rmse-1.3653, test2013_pr-0.8175, test2016_rmse-1.2099, test2016_pr-0.8303, test2019_rmse-1.3794, test2019_pr-0.6460
2025-06-04 11:07:02 - INFO - epoch-207, train_loss-0.2398, train_rmse-0.4897, valid_rmse-1.2054, valid_pr-0.7636
2025-06-04 11:07:15 - INFO - epoch-208, train_loss-0.2351, train_rmse-0.4849, valid_rmse-1.2073, valid_pr-0.7746
2025-06-04 11:07:27 - INFO - epoch-209, train_loss-0.2227, train_rmse-0.4720, valid_rmse-1.2109, valid_pr-0.7565
2025-06-04 11:07:40 - INFO - epoch-210, train_loss-0.2291, train_rmse-0.4786, valid_rmse-1.2244, valid_pr-0.7613
2025-06-04 11:07:52 - INFO - epoch-211, train_loss-0.2385, train_rmse-0.4883, valid_rmse-1.1903, valid_pr-0.7695
2025-06-04 11:08:05 - INFO - epoch-212, train_loss-0.2296, train_rmse-0.4792, valid_rmse-1.1927, valid_pr-0.7658
2025-06-04 11:08:17 - INFO - epoch-213, train_loss-0.2355, train_rmse-0.4853, valid_rmse-1.1939, valid_pr-0.7630
2025-06-04 11:08:30 - INFO - epoch-214, train_loss-0.2391, train_rmse-0.4890, valid_rmse-1.1919, valid_pr-0.7697
2025-06-04 11:08:42 - INFO - epoch-215, train_loss-0.2169, train_rmse-0.4658, valid_rmse-1.1846, valid_pr-0.7697
2025-06-04 11:08:55 - INFO - epoch-216, train_loss-0.2394, train_rmse-0.4893, valid_rmse-1.1888, valid_pr-0.7712
2025-06-04 11:09:07 - INFO - epoch-217, train_loss-0.2166, train_rmse-0.4654, valid_rmse-1.2257, valid_pr-0.7587
2025-06-04 11:09:20 - INFO - epoch-218, train_loss-0.2245, train_rmse-0.4738, valid_rmse-1.2081, valid_pr-0.7617
2025-06-04 11:09:32 - INFO - epoch-219, train_loss-0.2151, train_rmse-0.4638, valid_rmse-1.1888, valid_pr-0.7684
2025-06-04 11:09:44 - INFO - epoch-220, train_loss-0.2407, train_rmse-0.4907, valid_rmse-1.2029, valid_pr-0.7635
2025-06-04 11:09:57 - INFO - epoch-221, train_loss-0.2320, train_rmse-0.4817, valid_rmse-1.1920, valid_pr-0.7673
2025-06-04 11:10:09 - INFO - epoch-222, train_loss-0.2323, train_rmse-0.4819, valid_rmse-1.2000, valid_pr-0.7664
2025-06-04 11:10:22 - INFO - epoch-223, train_loss-0.2212, train_rmse-0.4704, valid_rmse-1.1978, valid_pr-0.7653
2025-06-04 11:10:34 - INFO - epoch-224, train_loss-0.2243, train_rmse-0.4736, valid_rmse-1.1976, valid_pr-0.7664
2025-06-04 11:10:47 - INFO - epoch-225, train_loss-0.2135, train_rmse-0.4620, valid_rmse-1.1970, valid_pr-0.7641
2025-06-04 11:10:59 - INFO - epoch-226, train_loss-0.2160, train_rmse-0.4648, valid_rmse-1.2027, valid_pr-0.7632
2025-06-04 11:11:11 - INFO - epoch-227, train_loss-0.2179, train_rmse-0.4668, valid_rmse-1.1815, valid_pr-0.7717
2025-06-04 11:11:15 - INFO - Validation : valid_rmse-1.1815, valid_pr-0.7717, 
test2013_rmse-1.3447, test2013_pr-0.8282, test2016_rmse-1.1952, test2016_pr-0.8366, test2019_rmse-1.3956, test2019_pr-0.6343
2025-06-04 11:11:27 - INFO - epoch-228, train_loss-0.2081, train_rmse-0.4562, valid_rmse-1.1883, valid_pr-0.7675
2025-06-04 11:11:40 - INFO - epoch-229, train_loss-0.2199, train_rmse-0.4690, valid_rmse-1.1928, valid_pr-0.7679
2025-06-04 11:11:52 - INFO - epoch-230, train_loss-0.2187, train_rmse-0.4676, valid_rmse-1.1758, valid_pr-0.7726
2025-06-04 11:11:55 - INFO - Validation : valid_rmse-1.1758, valid_pr-0.7726, 
test2013_rmse-1.3436, test2013_pr-0.8283, test2016_rmse-1.1838, test2016_pr-0.8393, test2019_rmse-1.3753, test2019_pr-0.6456
2025-06-04 11:12:08 - INFO - epoch-231, train_loss-0.2231, train_rmse-0.4723, valid_rmse-1.1838, valid_pr-0.7705
2025-06-04 11:12:20 - INFO - epoch-232, train_loss-0.2284, train_rmse-0.4780, valid_rmse-1.1950, valid_pr-0.7630
2025-06-04 11:12:33 - INFO - epoch-233, train_loss-0.2148, train_rmse-0.4635, valid_rmse-1.1929, valid_pr-0.7669
2025-06-04 11:12:45 - INFO - epoch-234, train_loss-0.2159, train_rmse-0.4647, valid_rmse-1.1889, valid_pr-0.7676
2025-06-04 11:12:57 - INFO - epoch-235, train_loss-0.2436, train_rmse-0.4935, valid_rmse-1.1992, valid_pr-0.7654
2025-06-04 11:13:10 - INFO - epoch-236, train_loss-0.2159, train_rmse-0.4646, valid_rmse-1.1976, valid_pr-0.7682
2025-06-04 11:13:22 - INFO - epoch-237, train_loss-0.2075, train_rmse-0.4555, valid_rmse-1.1959, valid_pr-0.7685
2025-06-04 11:13:35 - INFO - epoch-238, train_loss-0.2276, train_rmse-0.4771, valid_rmse-1.1830, valid_pr-0.7725
2025-06-04 11:13:47 - INFO - epoch-239, train_loss-0.2205, train_rmse-0.4696, valid_rmse-1.1958, valid_pr-0.7643
2025-06-04 11:14:00 - INFO - epoch-240, train_loss-0.2160, train_rmse-0.4648, valid_rmse-1.1957, valid_pr-0.7650
2025-06-04 11:14:12 - INFO - epoch-241, train_loss-0.2142, train_rmse-0.4629, valid_rmse-1.2275, valid_pr-0.7560
2025-06-04 11:14:25 - INFO - epoch-242, train_loss-0.2140, train_rmse-0.4626, valid_rmse-1.1894, valid_pr-0.7665
2025-06-04 11:14:37 - INFO - epoch-243, train_loss-0.2147, train_rmse-0.4633, valid_rmse-1.1942, valid_pr-0.7664
2025-06-04 11:14:49 - INFO - epoch-244, train_loss-0.2198, train_rmse-0.4689, valid_rmse-1.1868, valid_pr-0.7693
2025-06-04 11:15:02 - INFO - epoch-245, train_loss-0.2107, train_rmse-0.4590, valid_rmse-1.1862, valid_pr-0.7692
2025-06-04 11:15:14 - INFO - epoch-246, train_loss-0.2023, train_rmse-0.4498, valid_rmse-1.1846, valid_pr-0.7701
2025-06-04 11:15:27 - INFO - epoch-247, train_loss-0.2185, train_rmse-0.4675, valid_rmse-1.1853, valid_pr-0.7701
2025-06-04 11:15:39 - INFO - epoch-248, train_loss-0.1987, train_rmse-0.4458, valid_rmse-1.1939, valid_pr-0.7692
2025-06-04 11:15:52 - INFO - epoch-249, train_loss-0.2094, train_rmse-0.4576, valid_rmse-1.1742, valid_pr-0.7744
2025-06-04 11:15:55 - INFO - Validation : valid_rmse-1.1742, valid_pr-0.7744, 
test2013_rmse-1.3399, test2013_pr-0.8278, test2016_rmse-1.1732, test2016_pr-0.8432, test2019_rmse-1.3868, test2019_pr-0.6398
2025-06-04 11:16:07 - INFO - epoch-250, train_loss-0.2065, train_rmse-0.4544, valid_rmse-1.1669, valid_pr-0.7776
2025-06-04 11:16:11 - INFO - Validation : valid_rmse-1.1669, valid_pr-0.7776, 
test2013_rmse-1.3220, test2013_pr-0.8379, test2016_rmse-1.1521, test2016_pr-0.8527, test2019_rmse-1.3767, test2019_pr-0.6455
2025-06-04 11:16:23 - INFO - epoch-251, train_loss-0.2084, train_rmse-0.4565, valid_rmse-1.1828, valid_pr-0.7704
2025-06-04 11:16:36 - INFO - epoch-252, train_loss-0.2150, train_rmse-0.4636, valid_rmse-1.1797, valid_pr-0.7715
2025-06-04 11:16:48 - INFO - epoch-253, train_loss-0.2121, train_rmse-0.4605, valid_rmse-1.1649, valid_pr-0.7777
2025-06-04 11:16:51 - INFO - Validation : valid_rmse-1.1649, valid_pr-0.7777, 
test2013_rmse-1.3225, test2013_pr-0.8359, test2016_rmse-1.1768, test2016_pr-0.8423, test2019_rmse-1.3897, test2019_pr-0.6382
2025-06-04 11:17:04 - INFO - epoch-254, train_loss-0.2043, train_rmse-0.4520, valid_rmse-1.1822, valid_pr-0.7699
2025-06-04 11:17:16 - INFO - epoch-255, train_loss-0.2042, train_rmse-0.4519, valid_rmse-1.1827, valid_pr-0.7705
2025-06-04 11:17:29 - INFO - epoch-256, train_loss-0.2043, train_rmse-0.4520, valid_rmse-1.1803, valid_pr-0.7718
2025-06-04 11:17:41 - INFO - epoch-257, train_loss-0.2090, train_rmse-0.4571, valid_rmse-1.1894, valid_pr-0.7688
2025-06-04 11:17:53 - INFO - epoch-258, train_loss-0.2115, train_rmse-0.4599, valid_rmse-1.1757, valid_pr-0.7743
2025-06-04 11:18:06 - INFO - epoch-259, train_loss-0.2019, train_rmse-0.4493, valid_rmse-1.1992, valid_pr-0.7702
2025-06-04 11:18:18 - INFO - epoch-260, train_loss-0.2074, train_rmse-0.4554, valid_rmse-1.1898, valid_pr-0.7687
2025-06-04 11:18:31 - INFO - epoch-261, train_loss-0.2051, train_rmse-0.4529, valid_rmse-1.1814, valid_pr-0.7714
2025-06-04 11:18:43 - INFO - epoch-262, train_loss-0.1989, train_rmse-0.4460, valid_rmse-1.2138, valid_pr-0.7665
2025-06-04 11:18:55 - INFO - epoch-263, train_loss-0.2035, train_rmse-0.4512, valid_rmse-1.1726, valid_pr-0.7766
2025-06-04 11:19:08 - INFO - epoch-264, train_loss-0.2028, train_rmse-0.4504, valid_rmse-1.1910, valid_pr-0.7678
2025-06-04 11:19:20 - INFO - epoch-265, train_loss-0.2011, train_rmse-0.4485, valid_rmse-1.1893, valid_pr-0.7684
2025-06-04 11:19:33 - INFO - epoch-266, train_loss-0.2042, train_rmse-0.4519, valid_rmse-1.1748, valid_pr-0.7720
2025-06-04 11:19:45 - INFO - epoch-267, train_loss-0.2072, train_rmse-0.4551, valid_rmse-1.1869, valid_pr-0.7700
2025-06-04 11:19:57 - INFO - epoch-268, train_loss-0.1949, train_rmse-0.4415, valid_rmse-1.1810, valid_pr-0.7728
2025-06-04 11:20:10 - INFO - epoch-269, train_loss-0.1943, train_rmse-0.4408, valid_rmse-1.1870, valid_pr-0.7709
2025-06-04 11:20:22 - INFO - epoch-270, train_loss-0.2062, train_rmse-0.4541, valid_rmse-1.1586, valid_pr-0.7793
2025-06-04 11:20:26 - INFO - Validation : valid_rmse-1.1586, valid_pr-0.7793, 
test2013_rmse-1.3291, test2013_pr-0.8382, test2016_rmse-1.1760, test2016_pr-0.8451, test2019_rmse-1.3788, test2019_pr-0.6407
2025-06-04 11:20:38 - INFO - epoch-271, train_loss-0.2182, train_rmse-0.4671, valid_rmse-1.1666, valid_pr-0.7768
2025-06-04 11:20:51 - INFO - epoch-272, train_loss-0.1968, train_rmse-0.4436, valid_rmse-1.1978, valid_pr-0.7695
2025-06-04 11:21:03 - INFO - epoch-273, train_loss-0.1894, train_rmse-0.4352, valid_rmse-1.1766, valid_pr-0.7756
2025-06-04 11:21:15 - INFO - epoch-274, train_loss-0.1949, train_rmse-0.4415, valid_rmse-1.1806, valid_pr-0.7729
2025-06-04 11:21:28 - INFO - epoch-275, train_loss-0.2058, train_rmse-0.4536, valid_rmse-1.1886, valid_pr-0.7717
2025-06-04 11:21:40 - INFO - epoch-276, train_loss-0.1956, train_rmse-0.4423, valid_rmse-1.1564, valid_pr-0.7801
2025-06-04 11:21:44 - INFO - Validation : valid_rmse-1.1564, valid_pr-0.7801, 
test2013_rmse-1.3420, test2013_pr-0.8379, test2016_rmse-1.1561, test2016_pr-0.8514, test2019_rmse-1.3876, test2019_pr-0.6347
2025-06-04 11:21:56 - INFO - epoch-277, train_loss-0.2071, train_rmse-0.4550, valid_rmse-1.1854, valid_pr-0.7679
2025-06-04 11:22:09 - INFO - epoch-278, train_loss-0.1939, train_rmse-0.4404, valid_rmse-1.1921, valid_pr-0.7675
2025-06-04 11:22:21 - INFO - epoch-279, train_loss-0.2016, train_rmse-0.4490, valid_rmse-1.1907, valid_pr-0.7727
2025-06-04 11:22:34 - INFO - epoch-280, train_loss-0.2031, train_rmse-0.4507, valid_rmse-1.1754, valid_pr-0.7732
2025-06-04 11:22:46 - INFO - epoch-281, train_loss-0.1976, train_rmse-0.4445, valid_rmse-1.1637, valid_pr-0.7787
2025-06-04 11:22:58 - INFO - epoch-282, train_loss-0.1987, train_rmse-0.4457, valid_rmse-1.1660, valid_pr-0.7759
2025-06-04 11:23:11 - INFO - epoch-283, train_loss-0.1847, train_rmse-0.4297, valid_rmse-1.1657, valid_pr-0.7756
2025-06-04 11:23:23 - INFO - epoch-284, train_loss-0.1960, train_rmse-0.4428, valid_rmse-1.1772, valid_pr-0.7745
2025-06-04 11:23:36 - INFO - epoch-285, train_loss-0.2016, train_rmse-0.4491, valid_rmse-1.1923, valid_pr-0.7689
2025-06-04 11:23:48 - INFO - epoch-286, train_loss-0.1964, train_rmse-0.4432, valid_rmse-1.1862, valid_pr-0.7696
2025-06-04 11:24:01 - INFO - epoch-287, train_loss-0.2008, train_rmse-0.4481, valid_rmse-1.1826, valid_pr-0.7691
2025-06-04 11:24:13 - INFO - epoch-288, train_loss-0.2045, train_rmse-0.4522, valid_rmse-1.1796, valid_pr-0.7719
2025-06-04 11:24:26 - INFO - epoch-289, train_loss-0.2111, train_rmse-0.4595, valid_rmse-1.1881, valid_pr-0.7696
2025-06-04 11:24:38 - INFO - epoch-290, train_loss-0.1935, train_rmse-0.4399, valid_rmse-1.1742, valid_pr-0.7763
2025-06-04 11:24:51 - INFO - epoch-291, train_loss-0.2051, train_rmse-0.4529, valid_rmse-1.1688, valid_pr-0.7762
2025-06-04 11:25:03 - INFO - epoch-292, train_loss-0.1893, train_rmse-0.4350, valid_rmse-1.1923, valid_pr-0.7690
2025-06-04 11:25:15 - INFO - epoch-293, train_loss-0.1968, train_rmse-0.4437, valid_rmse-1.1827, valid_pr-0.7728
2025-06-04 11:25:28 - INFO - epoch-294, train_loss-0.1906, train_rmse-0.4366, valid_rmse-1.1968, valid_pr-0.7673
2025-06-04 11:25:40 - INFO - epoch-295, train_loss-0.1932, train_rmse-0.4395, valid_rmse-1.1756, valid_pr-0.7733
2025-06-04 11:25:53 - INFO - epoch-296, train_loss-0.1920, train_rmse-0.4382, valid_rmse-1.1762, valid_pr-0.7736
2025-06-04 11:26:05 - INFO - epoch-297, train_loss-0.1827, train_rmse-0.4274, valid_rmse-1.1864, valid_pr-0.7687
2025-06-04 11:26:18 - INFO - epoch-298, train_loss-0.1962, train_rmse-0.4430, valid_rmse-1.1801, valid_pr-0.7717
2025-06-04 11:26:30 - INFO - epoch-299, train_loss-0.1945, train_rmse-0.4410, valid_rmse-1.1801, valid_pr-0.7725
2025-06-04 11:26:43 - INFO - epoch-300, train_loss-0.1891, train_rmse-0.4348, valid_rmse-1.1819, valid_pr-0.7710
2025-06-04 11:26:55 - INFO - epoch-301, train_loss-0.1875, train_rmse-0.4330, valid_rmse-1.1785, valid_pr-0.7714
2025-06-04 11:27:08 - INFO - epoch-302, train_loss-0.1967, train_rmse-0.4436, valid_rmse-1.1913, valid_pr-0.7687
2025-06-04 11:27:20 - INFO - epoch-303, train_loss-0.1868, train_rmse-0.4322, valid_rmse-1.1712, valid_pr-0.7739
2025-06-04 11:27:33 - INFO - epoch-304, train_loss-0.1831, train_rmse-0.4279, valid_rmse-1.1689, valid_pr-0.7750
2025-06-04 11:27:45 - INFO - epoch-305, train_loss-0.1951, train_rmse-0.4418, valid_rmse-1.1743, valid_pr-0.7727
2025-06-04 11:27:58 - INFO - epoch-306, train_loss-0.1910, train_rmse-0.4370, valid_rmse-1.1846, valid_pr-0.7688
2025-06-04 11:28:10 - INFO - epoch-307, train_loss-0.1980, train_rmse-0.4450, valid_rmse-1.1867, valid_pr-0.7692
2025-06-04 11:28:23 - INFO - epoch-308, train_loss-0.1863, train_rmse-0.4317, valid_rmse-1.1935, valid_pr-0.7652
2025-06-04 11:28:35 - INFO - epoch-309, train_loss-0.1967, train_rmse-0.4435, valid_rmse-1.1857, valid_pr-0.7675
2025-06-04 11:28:48 - INFO - epoch-310, train_loss-0.1936, train_rmse-0.4400, valid_rmse-1.1959, valid_pr-0.7650
2025-06-04 11:29:00 - INFO - epoch-311, train_loss-0.1866, train_rmse-0.4319, valid_rmse-1.1993, valid_pr-0.7645
2025-06-04 11:29:13 - INFO - epoch-312, train_loss-0.1927, train_rmse-0.4389, valid_rmse-1.1912, valid_pr-0.7697
2025-06-04 11:29:25 - INFO - epoch-313, train_loss-0.1856, train_rmse-0.4308, valid_rmse-1.1968, valid_pr-0.7639
2025-06-04 11:29:38 - INFO - epoch-314, train_loss-0.1962, train_rmse-0.4429, valid_rmse-1.1935, valid_pr-0.7671
2025-06-04 11:29:50 - INFO - epoch-315, train_loss-0.1880, train_rmse-0.4336, valid_rmse-1.1896, valid_pr-0.7670
2025-06-04 11:30:03 - INFO - epoch-316, train_loss-0.1853, train_rmse-0.4305, valid_rmse-1.1886, valid_pr-0.7667
2025-06-04 11:30:15 - INFO - epoch-317, train_loss-0.1884, train_rmse-0.4341, valid_rmse-1.1844, valid_pr-0.7695
2025-06-04 11:30:28 - INFO - epoch-318, train_loss-0.1785, train_rmse-0.4225, valid_rmse-1.1950, valid_pr-0.7658
2025-06-04 11:30:40 - INFO - epoch-319, train_loss-0.1980, train_rmse-0.4450, valid_rmse-1.1803, valid_pr-0.7724
2025-06-04 11:30:53 - INFO - epoch-320, train_loss-0.1832, train_rmse-0.4280, valid_rmse-1.1830, valid_pr-0.7689
2025-06-04 11:31:05 - INFO - epoch-321, train_loss-0.1806, train_rmse-0.4249, valid_rmse-1.1950, valid_pr-0.7634
2025-06-04 11:31:18 - INFO - epoch-322, train_loss-0.1821, train_rmse-0.4268, valid_rmse-1.1690, valid_pr-0.7763
2025-06-04 11:31:30 - INFO - epoch-323, train_loss-0.1858, train_rmse-0.4311, valid_rmse-1.1875, valid_pr-0.7673
2025-06-04 11:31:43 - INFO - epoch-324, train_loss-0.1849, train_rmse-0.4300, valid_rmse-1.1777, valid_pr-0.7715
2025-06-04 11:31:55 - INFO - epoch-325, train_loss-0.1898, train_rmse-0.4357, valid_rmse-1.1794, valid_pr-0.7727
2025-06-04 11:32:08 - INFO - epoch-326, train_loss-0.1878, train_rmse-0.4333, valid_rmse-1.1771, valid_pr-0.7720
2025-06-04 11:32:21 - INFO - epoch-327, train_loss-0.1915, train_rmse-0.4376, valid_rmse-1.1775, valid_pr-0.7709
2025-06-04 11:32:36 - INFO - epoch-328, train_loss-0.1879, train_rmse-0.4335, valid_rmse-1.1988, valid_pr-0.7737
2025-06-04 11:32:50 - INFO - epoch-329, train_loss-0.1989, train_rmse-0.4460, valid_rmse-1.1830, valid_pr-0.7702
2025-06-04 11:33:03 - INFO - epoch-330, train_loss-0.1855, train_rmse-0.4307, valid_rmse-1.1788, valid_pr-0.7710
2025-06-04 11:33:16 - INFO - epoch-331, train_loss-0.1821, train_rmse-0.4267, valid_rmse-1.1685, valid_pr-0.7750
2025-06-04 11:33:29 - INFO - epoch-332, train_loss-0.1855, train_rmse-0.4307, valid_rmse-1.1854, valid_pr-0.7707
2025-06-04 11:33:42 - INFO - epoch-333, train_loss-0.1820, train_rmse-0.4266, valid_rmse-1.1858, valid_pr-0.7710
2025-06-04 11:33:55 - INFO - epoch-334, train_loss-0.1824, train_rmse-0.4271, valid_rmse-1.1878, valid_pr-0.7674
2025-06-04 11:34:08 - INFO - epoch-335, train_loss-0.1854, train_rmse-0.4305, valid_rmse-1.2074, valid_pr-0.7667
2025-06-04 11:34:22 - INFO - epoch-336, train_loss-0.1788, train_rmse-0.4229, valid_rmse-1.1772, valid_pr-0.7707
2025-06-04 11:34:35 - INFO - epoch-337, train_loss-0.1679, train_rmse-0.4097, valid_rmse-1.1879, valid_pr-0.7698
2025-06-04 11:34:48 - INFO - epoch-338, train_loss-0.1686, train_rmse-0.4106, valid_rmse-1.1781, valid_pr-0.7737
2025-06-04 11:35:01 - INFO - epoch-339, train_loss-0.1956, train_rmse-0.4423, valid_rmse-1.1877, valid_pr-0.7701
2025-06-04 11:35:14 - INFO - epoch-340, train_loss-0.1856, train_rmse-0.4309, valid_rmse-1.1904, valid_pr-0.7660
2025-06-04 11:35:28 - INFO - epoch-341, train_loss-0.1752, train_rmse-0.4185, valid_rmse-1.1920, valid_pr-0.7662
2025-06-04 11:35:40 - INFO - epoch-342, train_loss-0.1799, train_rmse-0.4241, valid_rmse-1.1714, valid_pr-0.7742
2025-06-04 11:35:53 - INFO - epoch-343, train_loss-0.1807, train_rmse-0.4250, valid_rmse-1.1745, valid_pr-0.7727
2025-06-04 11:36:05 - INFO - epoch-344, train_loss-0.1788, train_rmse-0.4228, valid_rmse-1.1780, valid_pr-0.7728
2025-06-04 11:36:18 - INFO - epoch-345, train_loss-0.1776, train_rmse-0.4215, valid_rmse-1.1847, valid_pr-0.7688
2025-06-04 11:36:31 - INFO - epoch-346, train_loss-0.1925, train_rmse-0.4388, valid_rmse-1.2111, valid_pr-0.7554
2025-06-04 11:36:43 - INFO - epoch-347, train_loss-0.1787, train_rmse-0.4227, valid_rmse-1.1749, valid_pr-0.7738
2025-06-04 11:36:56 - INFO - epoch-348, train_loss-0.1754, train_rmse-0.4188, valid_rmse-1.1865, valid_pr-0.7669
2025-06-04 11:37:09 - INFO - epoch-349, train_loss-0.1769, train_rmse-0.4206, valid_rmse-1.1697, valid_pr-0.7741
2025-06-04 11:37:22 - INFO - epoch-350, train_loss-0.1787, train_rmse-0.4227, valid_rmse-1.1847, valid_pr-0.7691
2025-06-04 11:37:35 - INFO - epoch-351, train_loss-0.1842, train_rmse-0.4292, valid_rmse-1.1810, valid_pr-0.7695
2025-06-04 11:37:48 - INFO - epoch-352, train_loss-0.1827, train_rmse-0.4275, valid_rmse-1.2082, valid_pr-0.7594
2025-06-04 11:38:02 - INFO - epoch-353, train_loss-0.1863, train_rmse-0.4316, valid_rmse-1.1812, valid_pr-0.7738
2025-06-04 11:38:15 - INFO - epoch-354, train_loss-0.1865, train_rmse-0.4319, valid_rmse-1.1831, valid_pr-0.7706
2025-06-04 11:38:27 - INFO - epoch-355, train_loss-0.1887, train_rmse-0.4344, valid_rmse-1.1795, valid_pr-0.7702
2025-06-04 11:38:40 - INFO - epoch-356, train_loss-0.1766, train_rmse-0.4203, valid_rmse-1.1878, valid_pr-0.7675
2025-06-04 11:38:52 - INFO - epoch-357, train_loss-0.1901, train_rmse-0.4360, valid_rmse-1.2110, valid_pr-0.7649
2025-06-04 11:39:05 - INFO - epoch-358, train_loss-0.1850, train_rmse-0.4302, valid_rmse-1.1885, valid_pr-0.7678
2025-06-04 11:39:18 - INFO - epoch-359, train_loss-0.1863, train_rmse-0.4316, valid_rmse-1.1957, valid_pr-0.7644
2025-06-04 11:39:30 - INFO - epoch-360, train_loss-0.1817, train_rmse-0.4263, valid_rmse-1.1957, valid_pr-0.7646
2025-06-04 11:39:43 - INFO - epoch-361, train_loss-0.1655, train_rmse-0.4068, valid_rmse-1.1907, valid_pr-0.7659
2025-06-04 11:39:55 - INFO - epoch-362, train_loss-0.1728, train_rmse-0.4157, valid_rmse-1.1819, valid_pr-0.7695
2025-06-04 11:40:08 - INFO - epoch-363, train_loss-0.1784, train_rmse-0.4224, valid_rmse-1.1977, valid_pr-0.7651
2025-06-04 11:40:20 - INFO - epoch-364, train_loss-0.1878, train_rmse-0.4333, valid_rmse-1.1866, valid_pr-0.7689
2025-06-04 11:40:33 - INFO - epoch-365, train_loss-0.1676, train_rmse-0.4094, valid_rmse-1.2242, valid_pr-0.7662
2025-06-04 11:40:45 - INFO - epoch-366, train_loss-0.1859, train_rmse-0.4312, valid_rmse-1.1820, valid_pr-0.7718
2025-06-04 11:40:58 - INFO - epoch-367, train_loss-0.1771, train_rmse-0.4208, valid_rmse-1.2209, valid_pr-0.7541
2025-06-04 11:41:10 - INFO - epoch-368, train_loss-0.1758, train_rmse-0.4192, valid_rmse-1.2046, valid_pr-0.7627
2025-06-04 11:41:23 - INFO - epoch-369, train_loss-0.1797, train_rmse-0.4239, valid_rmse-1.1990, valid_pr-0.7643
2025-06-04 11:41:35 - INFO - epoch-370, train_loss-0.1888, train_rmse-0.4345, valid_rmse-1.1992, valid_pr-0.7618
2025-06-04 11:41:48 - INFO - epoch-371, train_loss-0.1766, train_rmse-0.4202, valid_rmse-1.1880, valid_pr-0.7683
2025-06-04 11:42:01 - INFO - epoch-372, train_loss-0.1795, train_rmse-0.4237, valid_rmse-1.1848, valid_pr-0.7704
2025-06-04 11:42:13 - INFO - epoch-373, train_loss-0.1815, train_rmse-0.4261, valid_rmse-1.1959, valid_pr-0.7651
2025-06-04 11:42:26 - INFO - epoch-374, train_loss-0.1697, train_rmse-0.4120, valid_rmse-1.1958, valid_pr-0.7664
2025-06-04 11:42:39 - INFO - epoch-375, train_loss-0.1752, train_rmse-0.4186, valid_rmse-1.1948, valid_pr-0.7647
2025-06-04 11:42:52 - INFO - epoch-376, train_loss-0.1792, train_rmse-0.4233, valid_rmse-1.2092, valid_pr-0.7634
2025-06-04 11:43:04 - INFO - epoch-377, train_loss-0.1732, train_rmse-0.4162, valid_rmse-1.1774, valid_pr-0.7706
2025-06-04 11:43:04 - INFO - early stop in epoch 377
2025-06-04 11:43:04 - INFO - best_rmse: 1.1564
2025-06-04 11:43:08 - INFO - valid_rmse-1.1564, valid_pr-0.7801, test2013_rmse-1.3420, test2013_pr-0.8379, test2016_rmse-1.1561, test2016_pr-0.8514, test2019_rmse-1.3876, test2019_pr-0.6347,
