2025-06-09 19:22:12 - INFO - train_IGN.py
2025-06-09 19:22:12 - INFO - train data: 11904
2025-06-09 19:22:12 - INFO - valid data: 1000
2025-06-09 19:22:12 - INFO - test2013 data: 107
2025-06-09 19:22:12 - INFO - test2016 data: 285
2025-06-09 19:22:12 - INFO - test2019 data: 4366
2025-06-09 19:22:19 - INFO - epoch-0, train_loss-40.7379, train_rmse-6.3826, valid_rmse-6.1169, valid_pr-0.5255
2025-06-09 19:22:25 - INFO - epoch-1, train_loss-27.3107, train_rmse-5.2260, valid_rmse-3.6933, valid_pr-0.4893
2025-06-09 19:22:31 - INFO - epoch-2, train_loss-9.8022, train_rmse-3.1308, valid_rmse-2.5273, valid_pr-0.4813
2025-06-09 19:22:38 - INFO - epoch-3, train_loss-3.6272, train_rmse-1.9045, valid_rmse-1.6874, valid_pr-0.5600
2025-06-09 19:22:44 - INFO - epoch-4, train_loss-3.1442, train_rmse-1.7732, valid_rmse-1.5857, valid_pr-0.5396
2025-06-09 19:22:50 - INFO - epoch-5, train_loss-2.8930, train_rmse-1.7009, valid_rmse-1.4772, valid_pr-0.6009
2025-06-09 19:22:56 - INFO - epoch-6, train_loss-2.7859, train_rmse-1.6691, valid_rmse-1.5361, valid_pr-0.6203
2025-06-09 19:23:03 - INFO - epoch-7, train_loss-2.6993, train_rmse-1.6430, valid_rmse-1.5625, valid_pr-0.5632
2025-06-09 19:23:09 - INFO - epoch-8, train_loss-2.6712, train_rmse-1.6344, valid_rmse-1.5242, valid_pr-0.5849
2025-06-09 19:23:16 - INFO - epoch-9, train_loss-2.6589, train_rmse-1.6306, valid_rmse-1.4488, valid_pr-0.6213
2025-06-09 19:23:22 - INFO - epoch-10, train_loss-2.5518, train_rmse-1.5974, valid_rmse-1.4009, valid_pr-0.6543
2025-06-09 19:23:28 - INFO - epoch-11, train_loss-2.4820, train_rmse-1.5755, valid_rmse-1.4607, valid_pr-0.6347
2025-06-09 19:23:34 - INFO - epoch-12, train_loss-2.3900, train_rmse-1.5460, valid_rmse-1.4430, valid_pr-0.6319
2025-06-09 19:23:41 - INFO - epoch-13, train_loss-2.3696, train_rmse-1.5394, valid_rmse-1.4143, valid_pr-0.6547
2025-06-09 19:23:47 - INFO - epoch-14, train_loss-2.3307, train_rmse-1.5267, valid_rmse-1.4462, valid_pr-0.6475
2025-06-09 19:23:53 - INFO - epoch-15, train_loss-2.2246, train_rmse-1.4915, valid_rmse-1.4442, valid_pr-0.6419
2025-06-09 19:24:00 - INFO - epoch-16, train_loss-2.2763, train_rmse-1.5087, valid_rmse-1.3860, valid_pr-0.6622
2025-06-09 19:24:06 - INFO - epoch-17, train_loss-2.2029, train_rmse-1.4842, valid_rmse-1.3808, valid_pr-0.6719
2025-06-09 19:24:12 - INFO - epoch-18, train_loss-2.1472, train_rmse-1.4653, valid_rmse-1.4802, valid_pr-0.6468
2025-06-09 19:24:18 - INFO - epoch-19, train_loss-2.1180, train_rmse-1.4553, valid_rmse-1.3928, valid_pr-0.6661
2025-06-09 19:24:25 - INFO - epoch-20, train_loss-2.0833, train_rmse-1.4434, valid_rmse-1.4206, valid_pr-0.6565
2025-06-09 19:24:31 - INFO - epoch-21, train_loss-2.0672, train_rmse-1.4378, valid_rmse-1.4361, valid_pr-0.6409
2025-06-09 19:24:37 - INFO - epoch-22, train_loss-2.0409, train_rmse-1.4286, valid_rmse-1.3419, valid_pr-0.6882
2025-06-09 19:24:44 - INFO - epoch-23, train_loss-1.9573, train_rmse-1.3990, valid_rmse-1.3343, valid_pr-0.6918
2025-06-09 19:24:50 - INFO - epoch-24, train_loss-1.9516, train_rmse-1.3970, valid_rmse-1.3785, valid_pr-0.6803
2025-06-09 19:24:56 - INFO - epoch-25, train_loss-1.8846, train_rmse-1.3728, valid_rmse-1.4110, valid_pr-0.6769
2025-06-09 19:25:03 - INFO - epoch-26, train_loss-1.9082, train_rmse-1.3814, valid_rmse-1.3624, valid_pr-0.6849
2025-06-09 19:25:09 - INFO - epoch-27, train_loss-1.8334, train_rmse-1.3540, valid_rmse-1.3978, valid_pr-0.6819
2025-06-09 19:25:15 - INFO - epoch-28, train_loss-1.7875, train_rmse-1.3370, valid_rmse-1.3854, valid_pr-0.6914
2025-06-09 19:25:22 - INFO - epoch-29, train_loss-1.6996, train_rmse-1.3037, valid_rmse-1.3767, valid_pr-0.6816
2025-06-09 19:25:28 - INFO - epoch-30, train_loss-1.6589, train_rmse-1.2880, valid_rmse-1.3246, valid_pr-0.6995
2025-06-09 19:25:34 - INFO - epoch-31, train_loss-1.6416, train_rmse-1.2812, valid_rmse-1.3659, valid_pr-0.7049
2025-06-09 19:25:40 - INFO - epoch-32, train_loss-1.6384, train_rmse-1.2800, valid_rmse-1.3428, valid_pr-0.6898
2025-06-09 19:25:47 - INFO - epoch-33, train_loss-1.6167, train_rmse-1.2715, valid_rmse-1.4229, valid_pr-0.6768
2025-06-09 19:25:53 - INFO - epoch-34, train_loss-1.5204, train_rmse-1.2331, valid_rmse-1.2965, valid_pr-0.7171
2025-06-09 19:25:59 - INFO - epoch-35, train_loss-1.5192, train_rmse-1.2325, valid_rmse-1.3358, valid_pr-0.6975
2025-06-09 19:26:06 - INFO - epoch-36, train_loss-1.4961, train_rmse-1.2232, valid_rmse-1.4408, valid_pr-0.6955
2025-06-09 19:26:12 - INFO - epoch-37, train_loss-1.4147, train_rmse-1.1894, valid_rmse-1.3086, valid_pr-0.7120
2025-06-09 19:26:18 - INFO - epoch-38, train_loss-1.4277, train_rmse-1.1949, valid_rmse-1.3553, valid_pr-0.6889
2025-06-09 19:26:24 - INFO - epoch-39, train_loss-1.3730, train_rmse-1.1717, valid_rmse-1.3729, valid_pr-0.6801
2025-06-09 19:26:31 - INFO - epoch-40, train_loss-1.3734, train_rmse-1.1719, valid_rmse-1.3217, valid_pr-0.7020
2025-06-09 19:26:37 - INFO - epoch-41, train_loss-1.3641, train_rmse-1.1680, valid_rmse-1.3537, valid_pr-0.6896
2025-06-09 19:26:43 - INFO - epoch-42, train_loss-1.3189, train_rmse-1.1484, valid_rmse-1.3162, valid_pr-0.7094
2025-06-09 19:26:49 - INFO - epoch-43, train_loss-1.2685, train_rmse-1.1263, valid_rmse-1.3509, valid_pr-0.6992
2025-06-09 19:26:56 - INFO - epoch-44, train_loss-1.2498, train_rmse-1.1179, valid_rmse-1.3142, valid_pr-0.7146
2025-06-09 19:27:02 - INFO - epoch-45, train_loss-1.2031, train_rmse-1.0969, valid_rmse-1.3291, valid_pr-0.7094
2025-06-09 19:27:08 - INFO - epoch-46, train_loss-1.2305, train_rmse-1.1093, valid_rmse-1.3939, valid_pr-0.6633
2025-06-09 19:27:15 - INFO - epoch-47, train_loss-1.1683, train_rmse-1.0809, valid_rmse-1.2849, valid_pr-0.7271
2025-06-09 19:27:21 - INFO - epoch-48, train_loss-1.1298, train_rmse-1.0629, valid_rmse-1.3566, valid_pr-0.7026
2025-06-09 19:27:28 - INFO - epoch-49, train_loss-1.1169, train_rmse-1.0568, valid_rmse-1.3962, valid_pr-0.6879
2025-06-09 19:27:34 - INFO - epoch-50, train_loss-1.0734, train_rmse-1.0361, valid_rmse-1.3287, valid_pr-0.6996
2025-06-09 19:27:40 - INFO - epoch-51, train_loss-1.0701, train_rmse-1.0344, valid_rmse-1.3089, valid_pr-0.7074
2025-06-09 19:27:46 - INFO - epoch-52, train_loss-1.0329, train_rmse-1.0163, valid_rmse-1.3344, valid_pr-0.7011
2025-06-09 19:27:53 - INFO - epoch-53, train_loss-0.9687, train_rmse-0.9842, valid_rmse-1.3181, valid_pr-0.7026
2025-06-09 19:27:59 - INFO - epoch-54, train_loss-0.9595, train_rmse-0.9795, valid_rmse-1.3742, valid_pr-0.7081
2025-06-09 19:28:05 - INFO - epoch-55, train_loss-0.9884, train_rmse-0.9942, valid_rmse-1.3783, valid_pr-0.7162
2025-06-09 19:28:12 - INFO - epoch-56, train_loss-0.9571, train_rmse-0.9783, valid_rmse-1.3649, valid_pr-0.7053
2025-06-09 19:28:18 - INFO - epoch-57, train_loss-0.9163, train_rmse-0.9572, valid_rmse-1.2995, valid_pr-0.7205
2025-06-09 19:28:25 - INFO - epoch-58, train_loss-0.8618, train_rmse-0.9283, valid_rmse-1.3150, valid_pr-0.7203
2025-06-09 19:28:31 - INFO - epoch-59, train_loss-0.8698, train_rmse-0.9326, valid_rmse-1.3648, valid_pr-0.6928
2025-06-09 19:28:38 - INFO - epoch-60, train_loss-0.8618, train_rmse-0.9283, valid_rmse-1.3088, valid_pr-0.7256
2025-06-09 19:28:44 - INFO - epoch-61, train_loss-0.8248, train_rmse-0.9082, valid_rmse-1.3806, valid_pr-0.7074
2025-06-09 19:28:50 - INFO - epoch-62, train_loss-0.8416, train_rmse-0.9174, valid_rmse-1.3159, valid_pr-0.7215
2025-06-09 19:28:57 - INFO - epoch-63, train_loss-0.8058, train_rmse-0.8977, valid_rmse-1.3144, valid_pr-0.7174
2025-06-09 19:29:03 - INFO - epoch-64, train_loss-0.7916, train_rmse-0.8897, valid_rmse-1.3123, valid_pr-0.7177
2025-06-09 19:29:09 - INFO - epoch-65, train_loss-0.7555, train_rmse-0.8692, valid_rmse-1.3304, valid_pr-0.7164
2025-06-09 19:29:16 - INFO - epoch-66, train_loss-0.7592, train_rmse-0.8713, valid_rmse-1.3566, valid_pr-0.7149
2025-06-09 19:29:22 - INFO - epoch-67, train_loss-0.7251, train_rmse-0.8515, valid_rmse-1.3763, valid_pr-0.6892
2025-06-09 19:29:28 - INFO - epoch-68, train_loss-0.7292, train_rmse-0.8539, valid_rmse-1.3178, valid_pr-0.7130
2025-06-09 19:29:35 - INFO - epoch-69, train_loss-0.7108, train_rmse-0.8431, valid_rmse-1.3318, valid_pr-0.7034
2025-06-09 19:29:41 - INFO - epoch-70, train_loss-0.7159, train_rmse-0.8461, valid_rmse-1.2821, valid_pr-0.7291
2025-06-09 19:29:48 - INFO - epoch-71, train_loss-0.6979, train_rmse-0.8354, valid_rmse-1.3020, valid_pr-0.7322
2025-06-09 19:29:54 - INFO - epoch-72, train_loss-0.6957, train_rmse-0.8341, valid_rmse-1.3033, valid_pr-0.7144
2025-06-09 19:30:00 - INFO - epoch-73, train_loss-0.6720, train_rmse-0.8198, valid_rmse-1.3134, valid_pr-0.7324
2025-06-09 19:30:07 - INFO - epoch-74, train_loss-0.6507, train_rmse-0.8067, valid_rmse-1.3046, valid_pr-0.7247
2025-06-09 19:30:14 - INFO - epoch-75, train_loss-0.6351, train_rmse-0.7970, valid_rmse-1.3290, valid_pr-0.7222
2025-06-09 19:30:20 - INFO - epoch-76, train_loss-0.6357, train_rmse-0.7973, valid_rmse-1.2920, valid_pr-0.7220
2025-06-09 19:30:27 - INFO - epoch-77, train_loss-0.6485, train_rmse-0.8053, valid_rmse-1.3454, valid_pr-0.6962
2025-06-09 19:30:33 - INFO - epoch-78, train_loss-0.6213, train_rmse-0.7882, valid_rmse-1.3727, valid_pr-0.7012
2025-06-09 19:30:40 - INFO - epoch-79, train_loss-0.5950, train_rmse-0.7714, valid_rmse-1.3220, valid_pr-0.7242
2025-06-09 19:30:46 - INFO - epoch-80, train_loss-0.5836, train_rmse-0.7640, valid_rmse-1.3476, valid_pr-0.7099
2025-06-09 19:30:53 - INFO - epoch-81, train_loss-0.5643, train_rmse-0.7512, valid_rmse-1.3116, valid_pr-0.7237
2025-06-09 19:30:59 - INFO - epoch-82, train_loss-0.5534, train_rmse-0.7439, valid_rmse-1.3144, valid_pr-0.7206
2025-06-09 19:31:06 - INFO - epoch-83, train_loss-0.5683, train_rmse-0.7539, valid_rmse-1.3212, valid_pr-0.7154
2025-06-09 19:31:12 - INFO - epoch-84, train_loss-0.5310, train_rmse-0.7287, valid_rmse-1.2955, valid_pr-0.7241
2025-06-09 19:31:18 - INFO - epoch-85, train_loss-0.5469, train_rmse-0.7395, valid_rmse-1.3241, valid_pr-0.7117
2025-06-09 19:31:24 - INFO - epoch-86, train_loss-0.5431, train_rmse-0.7370, valid_rmse-1.2803, valid_pr-0.7333
2025-06-09 19:31:31 - INFO - epoch-87, train_loss-0.5464, train_rmse-0.7392, valid_rmse-1.2975, valid_pr-0.7257
2025-06-09 19:31:37 - INFO - epoch-88, train_loss-0.5335, train_rmse-0.7304, valid_rmse-1.3142, valid_pr-0.7319
2025-06-09 19:31:43 - INFO - epoch-89, train_loss-0.5137, train_rmse-0.7168, valid_rmse-1.2852, valid_pr-0.7323
2025-06-09 19:31:50 - INFO - epoch-90, train_loss-0.5056, train_rmse-0.7111, valid_rmse-1.3307, valid_pr-0.7271
2025-06-09 19:31:56 - INFO - epoch-91, train_loss-0.4777, train_rmse-0.6912, valid_rmse-1.3390, valid_pr-0.7210
2025-06-09 19:32:02 - INFO - epoch-92, train_loss-0.4891, train_rmse-0.6994, valid_rmse-1.3091, valid_pr-0.7235
2025-06-09 19:32:08 - INFO - epoch-93, train_loss-0.4796, train_rmse-0.6925, valid_rmse-1.2955, valid_pr-0.7357
2025-06-09 19:32:15 - INFO - epoch-94, train_loss-0.4806, train_rmse-0.6932, valid_rmse-1.3099, valid_pr-0.7288
2025-06-09 19:32:21 - INFO - epoch-95, train_loss-0.4806, train_rmse-0.6933, valid_rmse-1.3356, valid_pr-0.7336
2025-06-09 19:32:27 - INFO - epoch-96, train_loss-0.4539, train_rmse-0.6737, valid_rmse-1.2927, valid_pr-0.7279
2025-06-09 19:32:34 - INFO - epoch-97, train_loss-0.4525, train_rmse-0.6727, valid_rmse-1.3023, valid_pr-0.7156
2025-06-09 19:32:40 - INFO - epoch-98, train_loss-0.4538, train_rmse-0.6737, valid_rmse-1.2989, valid_pr-0.7231
2025-06-09 19:32:46 - INFO - epoch-99, train_loss-0.4606, train_rmse-0.6787, valid_rmse-1.2657, valid_pr-0.7396
2025-06-09 19:32:53 - INFO - epoch-100, train_loss-0.4387, train_rmse-0.6623, valid_rmse-1.2937, valid_pr-0.7299
2025-06-09 19:32:59 - INFO - epoch-101, train_loss-0.4286, train_rmse-0.6547, valid_rmse-1.3324, valid_pr-0.7340
2025-06-09 19:33:05 - INFO - epoch-102, train_loss-0.4268, train_rmse-0.6533, valid_rmse-1.2758, valid_pr-0.7408
2025-06-09 19:33:11 - INFO - epoch-103, train_loss-0.4322, train_rmse-0.6574, valid_rmse-1.2986, valid_pr-0.7236
2025-06-09 19:33:18 - INFO - epoch-104, train_loss-0.4285, train_rmse-0.6546, valid_rmse-1.2678, valid_pr-0.7320
2025-06-09 19:33:24 - INFO - epoch-105, train_loss-0.4138, train_rmse-0.6433, valid_rmse-1.2961, valid_pr-0.7254
2025-06-09 19:33:30 - INFO - epoch-106, train_loss-0.4065, train_rmse-0.6376, valid_rmse-1.3002, valid_pr-0.7266
2025-06-09 19:33:36 - INFO - epoch-107, train_loss-0.4275, train_rmse-0.6538, valid_rmse-1.2826, valid_pr-0.7344
2025-06-09 19:33:43 - INFO - epoch-108, train_loss-0.4049, train_rmse-0.6364, valid_rmse-1.2963, valid_pr-0.7342
2025-06-09 19:33:49 - INFO - epoch-109, train_loss-0.3897, train_rmse-0.6243, valid_rmse-1.2717, valid_pr-0.7339
2025-06-09 19:33:55 - INFO - epoch-110, train_loss-0.3941, train_rmse-0.6278, valid_rmse-1.2940, valid_pr-0.7312
2025-06-09 19:34:02 - INFO - epoch-111, train_loss-0.3867, train_rmse-0.6219, valid_rmse-1.2739, valid_pr-0.7283
2025-06-09 19:34:08 - INFO - epoch-112, train_loss-0.3857, train_rmse-0.6210, valid_rmse-1.3259, valid_pr-0.7297
2025-06-09 19:34:14 - INFO - epoch-113, train_loss-0.3790, train_rmse-0.6156, valid_rmse-1.2667, valid_pr-0.7406
2025-06-09 19:34:20 - INFO - epoch-114, train_loss-0.3695, train_rmse-0.6079, valid_rmse-1.2760, valid_pr-0.7351
2025-06-09 19:34:26 - INFO - epoch-115, train_loss-0.3665, train_rmse-0.6054, valid_rmse-1.2762, valid_pr-0.7321
2025-06-09 19:34:33 - INFO - epoch-116, train_loss-0.3719, train_rmse-0.6099, valid_rmse-1.2687, valid_pr-0.7306
2025-06-09 19:34:39 - INFO - epoch-117, train_loss-0.3706, train_rmse-0.6088, valid_rmse-1.2671, valid_pr-0.7322
2025-06-09 19:34:45 - INFO - epoch-118, train_loss-0.3514, train_rmse-0.5928, valid_rmse-1.3386, valid_pr-0.7240
2025-06-09 19:34:52 - INFO - epoch-119, train_loss-0.3596, train_rmse-0.5996, valid_rmse-1.3271, valid_pr-0.7162
2025-06-09 19:34:58 - INFO - epoch-120, train_loss-0.3593, train_rmse-0.5995, valid_rmse-1.2829, valid_pr-0.7385
2025-06-09 19:35:04 - INFO - epoch-121, train_loss-0.3649, train_rmse-0.6040, valid_rmse-1.2578, valid_pr-0.7501
2025-06-09 19:35:10 - INFO - epoch-122, train_loss-0.3404, train_rmse-0.5835, valid_rmse-1.2602, valid_pr-0.7430
2025-06-09 19:35:17 - INFO - epoch-123, train_loss-0.3416, train_rmse-0.5845, valid_rmse-1.3350, valid_pr-0.7365
2025-06-09 19:35:23 - INFO - epoch-124, train_loss-0.3540, train_rmse-0.5950, valid_rmse-1.2859, valid_pr-0.7374
2025-06-09 19:35:29 - INFO - epoch-125, train_loss-0.3521, train_rmse-0.5934, valid_rmse-1.2838, valid_pr-0.7284
2025-06-09 19:35:35 - INFO - epoch-126, train_loss-0.3294, train_rmse-0.5739, valid_rmse-1.2824, valid_pr-0.7239
2025-06-09 19:35:42 - INFO - epoch-127, train_loss-0.3286, train_rmse-0.5733, valid_rmse-1.2734, valid_pr-0.7393
2025-06-09 19:35:48 - INFO - epoch-128, train_loss-0.3286, train_rmse-0.5732, valid_rmse-1.2677, valid_pr-0.7406
2025-06-09 19:35:54 - INFO - epoch-129, train_loss-0.3255, train_rmse-0.5705, valid_rmse-1.2737, valid_pr-0.7326
2025-06-09 19:36:00 - INFO - epoch-130, train_loss-0.3350, train_rmse-0.5788, valid_rmse-1.2795, valid_pr-0.7279
2025-06-09 19:36:07 - INFO - epoch-131, train_loss-0.3141, train_rmse-0.5604, valid_rmse-1.2568, valid_pr-0.7431
2025-06-09 19:36:13 - INFO - epoch-132, train_loss-0.3188, train_rmse-0.5646, valid_rmse-1.2745, valid_pr-0.7369
2025-06-09 19:36:19 - INFO - epoch-133, train_loss-0.3290, train_rmse-0.5736, valid_rmse-1.2607, valid_pr-0.7426
2025-06-09 19:36:25 - INFO - epoch-134, train_loss-0.3161, train_rmse-0.5622, valid_rmse-1.2475, valid_pr-0.7485
2025-06-09 19:36:32 - INFO - epoch-135, train_loss-0.3197, train_rmse-0.5654, valid_rmse-1.2603, valid_pr-0.7418
2025-06-09 19:36:38 - INFO - epoch-136, train_loss-0.3095, train_rmse-0.5563, valid_rmse-1.2775, valid_pr-0.7338
2025-06-09 19:36:44 - INFO - epoch-137, train_loss-0.3086, train_rmse-0.5555, valid_rmse-1.3019, valid_pr-0.7288
2025-06-09 19:36:51 - INFO - epoch-138, train_loss-0.2977, train_rmse-0.5457, valid_rmse-1.2576, valid_pr-0.7378
2025-06-09 19:36:57 - INFO - epoch-139, train_loss-0.2997, train_rmse-0.5474, valid_rmse-1.2757, valid_pr-0.7353
2025-06-09 19:37:04 - INFO - epoch-140, train_loss-0.2945, train_rmse-0.5427, valid_rmse-1.2860, valid_pr-0.7355
2025-06-09 19:37:10 - INFO - epoch-141, train_loss-0.3061, train_rmse-0.5533, valid_rmse-1.2829, valid_pr-0.7373
2025-06-09 19:37:16 - INFO - epoch-142, train_loss-0.2928, train_rmse-0.5411, valid_rmse-1.2538, valid_pr-0.7442
2025-06-09 19:37:23 - INFO - epoch-143, train_loss-0.3129, train_rmse-0.5594, valid_rmse-1.2684, valid_pr-0.7411
2025-06-09 19:37:29 - INFO - epoch-144, train_loss-0.3014, train_rmse-0.5490, valid_rmse-1.2881, valid_pr-0.7379
2025-06-09 19:37:35 - INFO - epoch-145, train_loss-0.2801, train_rmse-0.5293, valid_rmse-1.2586, valid_pr-0.7459
2025-06-09 19:37:42 - INFO - epoch-146, train_loss-0.2929, train_rmse-0.5412, valid_rmse-1.2631, valid_pr-0.7435
2025-06-09 19:37:48 - INFO - epoch-147, train_loss-0.2815, train_rmse-0.5306, valid_rmse-1.2721, valid_pr-0.7375
2025-06-09 19:37:54 - INFO - epoch-148, train_loss-0.2791, train_rmse-0.5283, valid_rmse-1.2631, valid_pr-0.7401
2025-06-09 19:38:01 - INFO - epoch-149, train_loss-0.2760, train_rmse-0.5254, valid_rmse-1.2647, valid_pr-0.7463
2025-06-09 19:38:07 - INFO - epoch-150, train_loss-0.2670, train_rmse-0.5167, valid_rmse-1.2857, valid_pr-0.7301
2025-06-09 19:38:13 - INFO - epoch-151, train_loss-0.2692, train_rmse-0.5188, valid_rmse-1.2937, valid_pr-0.7392
2025-06-09 19:38:20 - INFO - epoch-152, train_loss-0.2868, train_rmse-0.5356, valid_rmse-1.2424, valid_pr-0.7451
2025-06-09 19:38:26 - INFO - epoch-153, train_loss-0.2605, train_rmse-0.5104, valid_rmse-1.2657, valid_pr-0.7398
2025-06-09 19:38:32 - INFO - epoch-154, train_loss-0.2678, train_rmse-0.5175, valid_rmse-1.2745, valid_pr-0.7433
2025-06-09 19:38:38 - INFO - epoch-155, train_loss-0.2825, train_rmse-0.5315, valid_rmse-1.2754, valid_pr-0.7408
2025-06-09 19:38:45 - INFO - epoch-156, train_loss-0.2723, train_rmse-0.5218, valid_rmse-1.2618, valid_pr-0.7390
2025-06-09 19:38:51 - INFO - epoch-157, train_loss-0.2767, train_rmse-0.5260, valid_rmse-1.2675, valid_pr-0.7389
2025-06-09 19:38:57 - INFO - epoch-158, train_loss-0.2580, train_rmse-0.5079, valid_rmse-1.2489, valid_pr-0.7463
2025-06-09 19:39:04 - INFO - epoch-159, train_loss-0.2565, train_rmse-0.5064, valid_rmse-1.2709, valid_pr-0.7313
2025-06-09 19:39:10 - INFO - epoch-160, train_loss-0.2670, train_rmse-0.5167, valid_rmse-1.2714, valid_pr-0.7398
2025-06-09 19:39:16 - INFO - epoch-161, train_loss-0.2609, train_rmse-0.5107, valid_rmse-1.2896, valid_pr-0.7275
2025-06-09 19:39:23 - INFO - epoch-162, train_loss-0.2699, train_rmse-0.5195, valid_rmse-1.2649, valid_pr-0.7440
2025-06-09 19:39:29 - INFO - epoch-163, train_loss-0.2612, train_rmse-0.5110, valid_rmse-1.2406, valid_pr-0.7534
2025-06-09 19:39:35 - INFO - epoch-164, train_loss-0.2488, train_rmse-0.4988, valid_rmse-1.2418, valid_pr-0.7523
2025-06-09 19:39:42 - INFO - epoch-165, train_loss-0.2479, train_rmse-0.4979, valid_rmse-1.2351, valid_pr-0.7526
2025-06-09 19:39:48 - INFO - epoch-166, train_loss-0.2543, train_rmse-0.5043, valid_rmse-1.2702, valid_pr-0.7387
2025-06-09 19:39:55 - INFO - epoch-167, train_loss-0.2562, train_rmse-0.5061, valid_rmse-1.2695, valid_pr-0.7320
2025-06-09 19:40:01 - INFO - epoch-168, train_loss-0.2528, train_rmse-0.5028, valid_rmse-1.2600, valid_pr-0.7458
2025-06-09 19:40:08 - INFO - epoch-169, train_loss-0.2407, train_rmse-0.4907, valid_rmse-1.2631, valid_pr-0.7400
2025-06-09 19:40:14 - INFO - epoch-170, train_loss-0.2436, train_rmse-0.4936, valid_rmse-1.2924, valid_pr-0.7412
2025-06-09 19:40:20 - INFO - epoch-171, train_loss-0.2403, train_rmse-0.4903, valid_rmse-1.2697, valid_pr-0.7433
2025-06-09 19:40:27 - INFO - epoch-172, train_loss-0.2454, train_rmse-0.4954, valid_rmse-1.2562, valid_pr-0.7392
2025-06-09 19:40:34 - INFO - epoch-173, train_loss-0.2449, train_rmse-0.4948, valid_rmse-1.2686, valid_pr-0.7428
2025-06-09 19:40:40 - INFO - epoch-174, train_loss-0.2447, train_rmse-0.4947, valid_rmse-1.2899, valid_pr-0.7372
2025-06-09 19:40:47 - INFO - epoch-175, train_loss-0.2439, train_rmse-0.4939, valid_rmse-1.2954, valid_pr-0.7431
2025-06-09 19:40:53 - INFO - epoch-176, train_loss-0.2231, train_rmse-0.4724, valid_rmse-1.2706, valid_pr-0.7467
2025-06-09 19:41:00 - INFO - epoch-177, train_loss-0.2273, train_rmse-0.4767, valid_rmse-1.2538, valid_pr-0.7444
2025-06-09 19:41:06 - INFO - epoch-178, train_loss-0.2407, train_rmse-0.4906, valid_rmse-1.2864, valid_pr-0.7367
2025-06-09 19:41:13 - INFO - epoch-179, train_loss-0.2323, train_rmse-0.4820, valid_rmse-1.2430, valid_pr-0.7490
2025-06-09 19:41:19 - INFO - epoch-180, train_loss-0.2428, train_rmse-0.4928, valid_rmse-1.2629, valid_pr-0.7440
2025-06-09 19:41:26 - INFO - epoch-181, train_loss-0.2469, train_rmse-0.4969, valid_rmse-1.2726, valid_pr-0.7354
2025-06-09 19:41:32 - INFO - epoch-182, train_loss-0.2258, train_rmse-0.4752, valid_rmse-1.2540, valid_pr-0.7437
2025-06-09 19:41:38 - INFO - epoch-183, train_loss-0.2292, train_rmse-0.4788, valid_rmse-1.2569, valid_pr-0.7421
2025-06-09 19:41:45 - INFO - epoch-184, train_loss-0.2390, train_rmse-0.4888, valid_rmse-1.2626, valid_pr-0.7360
2025-06-09 19:41:51 - INFO - epoch-185, train_loss-0.2262, train_rmse-0.4756, valid_rmse-1.2433, valid_pr-0.7487
2025-06-09 19:41:57 - INFO - epoch-186, train_loss-0.2259, train_rmse-0.4753, valid_rmse-1.2725, valid_pr-0.7395
2025-06-09 19:42:04 - INFO - epoch-187, train_loss-0.2167, train_rmse-0.4655, valid_rmse-1.2609, valid_pr-0.7407
2025-06-09 19:42:10 - INFO - epoch-188, train_loss-0.2352, train_rmse-0.4850, valid_rmse-1.2668, valid_pr-0.7360
2025-06-09 19:42:16 - INFO - epoch-189, train_loss-0.2281, train_rmse-0.4776, valid_rmse-1.2490, valid_pr-0.7390
2025-06-09 19:42:22 - INFO - epoch-190, train_loss-0.2136, train_rmse-0.4622, valid_rmse-1.2784, valid_pr-0.7375
2025-06-09 19:42:29 - INFO - epoch-191, train_loss-0.2276, train_rmse-0.4771, valid_rmse-1.2734, valid_pr-0.7367
2025-06-09 19:42:35 - INFO - epoch-192, train_loss-0.2173, train_rmse-0.4661, valid_rmse-1.2464, valid_pr-0.7481
2025-06-09 19:42:41 - INFO - epoch-193, train_loss-0.2260, train_rmse-0.4754, valid_rmse-1.2638, valid_pr-0.7448
2025-06-09 19:42:47 - INFO - epoch-194, train_loss-0.2154, train_rmse-0.4641, valid_rmse-1.2637, valid_pr-0.7501
2025-06-09 19:42:54 - INFO - epoch-195, train_loss-0.2113, train_rmse-0.4597, valid_rmse-1.2699, valid_pr-0.7451
2025-06-09 19:43:00 - INFO - epoch-196, train_loss-0.2081, train_rmse-0.4561, valid_rmse-1.2658, valid_pr-0.7395
2025-06-09 19:43:06 - INFO - epoch-197, train_loss-0.2199, train_rmse-0.4689, valid_rmse-1.2697, valid_pr-0.7372
2025-06-09 19:43:12 - INFO - epoch-198, train_loss-0.2054, train_rmse-0.4533, valid_rmse-1.2626, valid_pr-0.7449
2025-06-09 19:43:19 - INFO - epoch-199, train_loss-0.2074, train_rmse-0.4554, valid_rmse-1.2514, valid_pr-0.7414
2025-06-09 19:43:25 - INFO - epoch-200, train_loss-0.2039, train_rmse-0.4515, valid_rmse-1.2684, valid_pr-0.7369
2025-06-09 19:43:31 - INFO - epoch-201, train_loss-0.2179, train_rmse-0.4668, valid_rmse-1.2500, valid_pr-0.7394
2025-06-09 19:43:38 - INFO - epoch-202, train_loss-0.2131, train_rmse-0.4616, valid_rmse-1.2495, valid_pr-0.7486
2025-06-09 19:43:44 - INFO - epoch-203, train_loss-0.2152, train_rmse-0.4639, valid_rmse-1.2520, valid_pr-0.7501
2025-06-09 19:43:50 - INFO - epoch-204, train_loss-0.2167, train_rmse-0.4656, valid_rmse-1.2555, valid_pr-0.7416
2025-06-09 19:43:56 - INFO - epoch-205, train_loss-0.1979, train_rmse-0.4449, valid_rmse-1.2682, valid_pr-0.7439
2025-06-09 19:44:03 - INFO - epoch-206, train_loss-0.2123, train_rmse-0.4608, valid_rmse-1.2472, valid_pr-0.7467
2025-06-09 19:44:09 - INFO - epoch-207, train_loss-0.2061, train_rmse-0.4539, valid_rmse-1.2354, valid_pr-0.7491
2025-06-09 19:44:15 - INFO - epoch-208, train_loss-0.1979, train_rmse-0.4449, valid_rmse-1.2586, valid_pr-0.7455
2025-06-09 19:44:22 - INFO - epoch-209, train_loss-0.1908, train_rmse-0.4368, valid_rmse-1.2391, valid_pr-0.7447
2025-06-09 19:44:28 - INFO - epoch-210, train_loss-0.2029, train_rmse-0.4505, valid_rmse-1.2619, valid_pr-0.7465
2025-06-09 19:44:34 - INFO - epoch-211, train_loss-0.2027, train_rmse-0.4502, valid_rmse-1.2572, valid_pr-0.7399
2025-06-09 19:44:40 - INFO - epoch-212, train_loss-0.2020, train_rmse-0.4495, valid_rmse-1.2355, valid_pr-0.7535
2025-06-09 19:44:47 - INFO - epoch-213, train_loss-0.2015, train_rmse-0.4489, valid_rmse-1.2491, valid_pr-0.7408
2025-06-09 19:44:53 - INFO - epoch-214, train_loss-0.1972, train_rmse-0.4441, valid_rmse-1.2150, valid_pr-0.7593
2025-06-09 19:44:59 - INFO - epoch-215, train_loss-0.2027, train_rmse-0.4502, valid_rmse-1.2291, valid_pr-0.7520
2025-06-09 19:45:06 - INFO - epoch-216, train_loss-0.2165, train_rmse-0.4653, valid_rmse-1.2324, valid_pr-0.7462
2025-06-09 19:45:12 - INFO - epoch-217, train_loss-0.2071, train_rmse-0.4551, valid_rmse-1.2705, valid_pr-0.7414
2025-06-09 19:45:18 - INFO - epoch-218, train_loss-0.2032, train_rmse-0.4508, valid_rmse-1.2282, valid_pr-0.7535
2025-06-09 19:45:25 - INFO - epoch-219, train_loss-0.1953, train_rmse-0.4419, valid_rmse-1.2613, valid_pr-0.7576
2025-06-09 19:45:31 - INFO - epoch-220, train_loss-0.1898, train_rmse-0.4357, valid_rmse-1.2322, valid_pr-0.7517
2025-06-09 19:45:37 - INFO - epoch-221, train_loss-0.1954, train_rmse-0.4420, valid_rmse-1.2460, valid_pr-0.7465
2025-06-09 19:45:43 - INFO - epoch-222, train_loss-0.1983, train_rmse-0.4453, valid_rmse-1.2366, valid_pr-0.7564
2025-06-09 19:45:50 - INFO - epoch-223, train_loss-0.1901, train_rmse-0.4360, valid_rmse-1.2602, valid_pr-0.7428
2025-06-09 19:45:56 - INFO - epoch-224, train_loss-0.1979, train_rmse-0.4449, valid_rmse-1.2441, valid_pr-0.7500
2025-06-09 19:46:02 - INFO - epoch-225, train_loss-0.1932, train_rmse-0.4395, valid_rmse-1.2352, valid_pr-0.7501
2025-06-09 19:46:09 - INFO - epoch-226, train_loss-0.1940, train_rmse-0.4405, valid_rmse-1.2359, valid_pr-0.7538
2025-06-09 19:46:15 - INFO - epoch-227, train_loss-0.1897, train_rmse-0.4355, valid_rmse-1.2362, valid_pr-0.7489
2025-06-09 19:46:21 - INFO - epoch-228, train_loss-0.1915, train_rmse-0.4376, valid_rmse-1.2348, valid_pr-0.7479
2025-06-09 19:46:27 - INFO - epoch-229, train_loss-0.1958, train_rmse-0.4425, valid_rmse-1.2477, valid_pr-0.7507
2025-06-09 19:46:34 - INFO - epoch-230, train_loss-0.1867, train_rmse-0.4321, valid_rmse-1.2242, valid_pr-0.7561
2025-06-09 19:46:40 - INFO - epoch-231, train_loss-0.1832, train_rmse-0.4281, valid_rmse-1.2671, valid_pr-0.7537
2025-06-09 19:46:46 - INFO - epoch-232, train_loss-0.1879, train_rmse-0.4335, valid_rmse-1.2461, valid_pr-0.7536
2025-06-09 19:46:53 - INFO - epoch-233, train_loss-0.1909, train_rmse-0.4369, valid_rmse-1.2441, valid_pr-0.7444
2025-06-09 19:46:59 - INFO - epoch-234, train_loss-0.1859, train_rmse-0.4311, valid_rmse-1.2562, valid_pr-0.7451
2025-06-09 19:47:05 - INFO - epoch-235, train_loss-0.1916, train_rmse-0.4377, valid_rmse-1.2224, valid_pr-0.7518
2025-06-09 19:47:11 - INFO - epoch-236, train_loss-0.1821, train_rmse-0.4267, valid_rmse-1.2403, valid_pr-0.7513
2025-06-09 19:47:18 - INFO - epoch-237, train_loss-0.1857, train_rmse-0.4309, valid_rmse-1.2471, valid_pr-0.7486
2025-06-09 19:47:24 - INFO - epoch-238, train_loss-0.1838, train_rmse-0.4287, valid_rmse-1.2504, valid_pr-0.7530
2025-06-09 19:47:31 - INFO - epoch-239, train_loss-0.1778, train_rmse-0.4217, valid_rmse-1.2399, valid_pr-0.7483
2025-06-09 19:47:37 - INFO - epoch-240, train_loss-0.1764, train_rmse-0.4200, valid_rmse-1.2641, valid_pr-0.7501
2025-06-09 19:47:43 - INFO - epoch-241, train_loss-0.1689, train_rmse-0.4110, valid_rmse-1.2287, valid_pr-0.7597
2025-06-09 19:47:49 - INFO - epoch-242, train_loss-0.1820, train_rmse-0.4266, valid_rmse-1.2427, valid_pr-0.7468
2025-06-09 19:47:56 - INFO - epoch-243, train_loss-0.1705, train_rmse-0.4129, valid_rmse-1.2332, valid_pr-0.7513
2025-06-09 19:48:02 - INFO - epoch-244, train_loss-0.1716, train_rmse-0.4142, valid_rmse-1.2427, valid_pr-0.7516
2025-06-09 19:48:08 - INFO - epoch-245, train_loss-0.1746, train_rmse-0.4178, valid_rmse-1.2500, valid_pr-0.7464
2025-06-09 19:48:15 - INFO - epoch-246, train_loss-0.1929, train_rmse-0.4392, valid_rmse-1.2318, valid_pr-0.7515
2025-06-09 19:48:21 - INFO - epoch-247, train_loss-0.1829, train_rmse-0.4277, valid_rmse-1.2470, valid_pr-0.7549
2025-06-09 19:48:28 - INFO - epoch-248, train_loss-0.1746, train_rmse-0.4178, valid_rmse-1.2604, valid_pr-0.7514
2025-06-09 19:48:34 - INFO - epoch-249, train_loss-0.1780, train_rmse-0.4219, valid_rmse-1.2516, valid_pr-0.7477
2025-06-09 19:48:41 - INFO - epoch-250, train_loss-0.1756, train_rmse-0.4190, valid_rmse-1.2519, valid_pr-0.7569
2025-06-09 19:48:47 - INFO - epoch-251, train_loss-0.1722, train_rmse-0.4149, valid_rmse-1.2250, valid_pr-0.7515
2025-06-09 19:48:53 - INFO - epoch-252, train_loss-0.1801, train_rmse-0.4243, valid_rmse-1.2257, valid_pr-0.7562
2025-06-09 19:49:00 - INFO - epoch-253, train_loss-0.1758, train_rmse-0.4193, valid_rmse-1.2362, valid_pr-0.7560
2025-06-09 19:49:06 - INFO - epoch-254, train_loss-0.1712, train_rmse-0.4137, valid_rmse-1.2350, valid_pr-0.7491
2025-06-09 19:49:13 - INFO - epoch-255, train_loss-0.1661, train_rmse-0.4076, valid_rmse-1.2309, valid_pr-0.7554
2025-06-09 19:49:19 - INFO - epoch-256, train_loss-0.1722, train_rmse-0.4149, valid_rmse-1.2542, valid_pr-0.7528
2025-06-09 19:49:25 - INFO - epoch-257, train_loss-0.1664, train_rmse-0.4079, valid_rmse-1.2286, valid_pr-0.7502
2025-06-09 19:49:31 - INFO - epoch-258, train_loss-0.1726, train_rmse-0.4155, valid_rmse-1.2257, valid_pr-0.7544
2025-06-09 19:49:38 - INFO - epoch-259, train_loss-0.1763, train_rmse-0.4199, valid_rmse-1.2364, valid_pr-0.7527
2025-06-09 19:49:44 - INFO - epoch-260, train_loss-0.1791, train_rmse-0.4232, valid_rmse-1.2595, valid_pr-0.7549
2025-06-09 19:49:51 - INFO - epoch-261, train_loss-0.1613, train_rmse-0.4016, valid_rmse-1.2206, valid_pr-0.7567
2025-06-09 19:49:57 - INFO - epoch-262, train_loss-0.1690, train_rmse-0.4111, valid_rmse-1.2767, valid_pr-0.7466
2025-06-09 19:50:04 - INFO - epoch-263, train_loss-0.1681, train_rmse-0.4100, valid_rmse-1.2694, valid_pr-0.7500
2025-06-09 19:50:10 - INFO - epoch-264, train_loss-0.1654, train_rmse-0.4067, valid_rmse-1.2557, valid_pr-0.7473
2025-06-09 19:50:16 - INFO - epoch-265, train_loss-0.1659, train_rmse-0.4072, valid_rmse-1.2538, valid_pr-0.7520
2025-06-09 19:50:23 - INFO - epoch-266, train_loss-0.1707, train_rmse-0.4132, valid_rmse-1.2178, valid_pr-0.7571
2025-06-09 19:50:30 - INFO - epoch-267, train_loss-0.1753, train_rmse-0.4187, valid_rmse-1.2270, valid_pr-0.7579
2025-06-09 19:50:36 - INFO - epoch-268, train_loss-0.1581, train_rmse-0.3977, valid_rmse-1.2235, valid_pr-0.7538
2025-06-09 19:50:43 - INFO - epoch-269, train_loss-0.1617, train_rmse-0.4021, valid_rmse-1.2383, valid_pr-0.7535
2025-06-09 19:50:49 - INFO - epoch-270, train_loss-0.1666, train_rmse-0.4081, valid_rmse-1.2470, valid_pr-0.7550
2025-06-09 19:50:56 - INFO - epoch-271, train_loss-0.1684, train_rmse-0.4104, valid_rmse-1.2451, valid_pr-0.7535
2025-06-09 19:51:02 - INFO - epoch-272, train_loss-0.1710, train_rmse-0.4136, valid_rmse-1.2348, valid_pr-0.7573
2025-06-09 19:51:09 - INFO - epoch-273, train_loss-0.1657, train_rmse-0.4070, valid_rmse-1.2231, valid_pr-0.7567
2025-06-09 19:51:15 - INFO - epoch-274, train_loss-0.1579, train_rmse-0.3973, valid_rmse-1.2564, valid_pr-0.7442
2025-06-09 19:51:22 - INFO - epoch-275, train_loss-0.1583, train_rmse-0.3979, valid_rmse-1.2591, valid_pr-0.7458
2025-06-09 19:51:28 - INFO - epoch-276, train_loss-0.1666, train_rmse-0.4082, valid_rmse-1.2449, valid_pr-0.7555
2025-06-09 19:51:34 - INFO - epoch-277, train_loss-0.1603, train_rmse-0.4004, valid_rmse-1.2390, valid_pr-0.7501
2025-06-09 19:51:41 - INFO - epoch-278, train_loss-0.1665, train_rmse-0.4080, valid_rmse-1.2152, valid_pr-0.7545
2025-06-09 19:51:47 - INFO - epoch-279, train_loss-0.1646, train_rmse-0.4058, valid_rmse-1.2375, valid_pr-0.7526
2025-06-09 19:51:54 - INFO - epoch-280, train_loss-0.1730, train_rmse-0.4159, valid_rmse-1.2270, valid_pr-0.7562
2025-06-09 19:52:00 - INFO - epoch-281, train_loss-0.1552, train_rmse-0.3940, valid_rmse-1.2365, valid_pr-0.7460
2025-06-09 19:52:06 - INFO - epoch-282, train_loss-0.1550, train_rmse-0.3937, valid_rmse-1.2058, valid_pr-0.7632
2025-06-09 19:52:12 - INFO - epoch-283, train_loss-0.1583, train_rmse-0.3978, valid_rmse-1.2212, valid_pr-0.7552
2025-06-09 19:52:19 - INFO - epoch-284, train_loss-0.1668, train_rmse-0.4084, valid_rmse-1.2189, valid_pr-0.7583
2025-06-09 19:52:25 - INFO - epoch-285, train_loss-0.1560, train_rmse-0.3950, valid_rmse-1.2305, valid_pr-0.7599
2025-06-09 19:52:31 - INFO - epoch-286, train_loss-0.1705, train_rmse-0.4129, valid_rmse-1.2392, valid_pr-0.7534
2025-06-09 19:52:37 - INFO - epoch-287, train_loss-0.1502, train_rmse-0.3876, valid_rmse-1.2301, valid_pr-0.7523
2025-06-09 19:52:44 - INFO - epoch-288, train_loss-0.1602, train_rmse-0.4002, valid_rmse-1.2404, valid_pr-0.7576
2025-06-09 19:52:50 - INFO - epoch-289, train_loss-0.1554, train_rmse-0.3942, valid_rmse-1.2168, valid_pr-0.7576
2025-06-09 19:52:56 - INFO - epoch-290, train_loss-0.1681, train_rmse-0.4100, valid_rmse-1.2184, valid_pr-0.7576
2025-06-09 19:53:03 - INFO - epoch-291, train_loss-0.1625, train_rmse-0.4031, valid_rmse-1.2754, valid_pr-0.7442
2025-06-09 19:53:09 - INFO - epoch-292, train_loss-0.1615, train_rmse-0.4019, valid_rmse-1.2111, valid_pr-0.7589
2025-06-09 19:53:15 - INFO - epoch-293, train_loss-0.1550, train_rmse-0.3937, valid_rmse-1.2292, valid_pr-0.7553
2025-06-09 19:53:21 - INFO - epoch-294, train_loss-0.1742, train_rmse-0.4174, valid_rmse-1.2696, valid_pr-0.7484
2025-06-09 19:53:28 - INFO - epoch-295, train_loss-0.1662, train_rmse-0.4077, valid_rmse-1.2298, valid_pr-0.7534
2025-06-09 19:53:34 - INFO - epoch-296, train_loss-0.1515, train_rmse-0.3892, valid_rmse-1.2472, valid_pr-0.7459
2025-06-09 19:53:40 - INFO - epoch-297, train_loss-0.1605, train_rmse-0.4006, valid_rmse-1.2507, valid_pr-0.7583
2025-06-09 19:53:46 - INFO - epoch-298, train_loss-0.1591, train_rmse-0.3989, valid_rmse-1.2481, valid_pr-0.7603
2025-06-09 19:53:53 - INFO - epoch-299, train_loss-0.1617, train_rmse-0.4021, valid_rmse-1.2796, valid_pr-0.7530
2025-06-09 19:53:59 - INFO - epoch-300, train_loss-0.1582, train_rmse-0.3977, valid_rmse-1.2637, valid_pr-0.7486
2025-06-09 19:54:05 - INFO - epoch-301, train_loss-0.1530, train_rmse-0.3912, valid_rmse-1.2225, valid_pr-0.7598
2025-06-09 19:54:11 - INFO - epoch-302, train_loss-0.1513, train_rmse-0.3889, valid_rmse-1.2289, valid_pr-0.7492
2025-06-09 19:54:18 - INFO - epoch-303, train_loss-0.1467, train_rmse-0.3830, valid_rmse-1.2242, valid_pr-0.7531
2025-06-09 19:54:24 - INFO - epoch-304, train_loss-0.1593, train_rmse-0.3991, valid_rmse-1.2233, valid_pr-0.7556
2025-06-09 19:54:30 - INFO - epoch-305, train_loss-0.1505, train_rmse-0.3880, valid_rmse-1.2318, valid_pr-0.7544
2025-06-09 19:54:37 - INFO - epoch-306, train_loss-0.1533, train_rmse-0.3915, valid_rmse-1.2524, valid_pr-0.7503
2025-06-09 19:54:43 - INFO - epoch-307, train_loss-0.1617, train_rmse-0.4022, valid_rmse-1.2240, valid_pr-0.7510
2025-06-09 19:54:49 - INFO - epoch-308, train_loss-0.1461, train_rmse-0.3822, valid_rmse-1.2306, valid_pr-0.7523
2025-06-09 19:54:55 - INFO - epoch-309, train_loss-0.1583, train_rmse-0.3979, valid_rmse-1.2369, valid_pr-0.7444
2025-06-09 19:55:02 - INFO - epoch-310, train_loss-0.1501, train_rmse-0.3874, valid_rmse-1.2518, valid_pr-0.7503
2025-06-09 19:55:08 - INFO - epoch-311, train_loss-0.1484, train_rmse-0.3853, valid_rmse-1.2598, valid_pr-0.7488
2025-06-09 19:55:14 - INFO - epoch-312, train_loss-0.1455, train_rmse-0.3815, valid_rmse-1.2617, valid_pr-0.7479
2025-06-09 19:55:20 - INFO - epoch-313, train_loss-0.1567, train_rmse-0.3958, valid_rmse-1.2400, valid_pr-0.7583
2025-06-09 19:55:27 - INFO - epoch-314, train_loss-0.1426, train_rmse-0.3777, valid_rmse-1.2430, valid_pr-0.7483
2025-06-09 19:55:33 - INFO - epoch-315, train_loss-0.1379, train_rmse-0.3713, valid_rmse-1.2120, valid_pr-0.7605
2025-06-09 19:55:39 - INFO - epoch-316, train_loss-0.1460, train_rmse-0.3821, valid_rmse-1.2493, valid_pr-0.7503
2025-06-09 19:55:46 - INFO - epoch-317, train_loss-0.1553, train_rmse-0.3941, valid_rmse-1.2586, valid_pr-0.7480
2025-06-09 19:55:52 - INFO - epoch-318, train_loss-0.1448, train_rmse-0.3805, valid_rmse-1.2481, valid_pr-0.7501
2025-06-09 19:55:58 - INFO - epoch-319, train_loss-0.1466, train_rmse-0.3829, valid_rmse-1.2478, valid_pr-0.7562
2025-06-09 19:56:05 - INFO - epoch-320, train_loss-0.1532, train_rmse-0.3914, valid_rmse-1.2625, valid_pr-0.7512
2025-06-09 19:56:11 - INFO - epoch-321, train_loss-0.1421, train_rmse-0.3770, valid_rmse-1.2428, valid_pr-0.7559
2025-06-09 19:56:17 - INFO - epoch-322, train_loss-0.1442, train_rmse-0.3798, valid_rmse-1.2504, valid_pr-0.7550
2025-06-09 19:56:23 - INFO - epoch-323, train_loss-0.1401, train_rmse-0.3743, valid_rmse-1.2384, valid_pr-0.7540
2025-06-09 19:56:30 - INFO - epoch-324, train_loss-0.1470, train_rmse-0.3834, valid_rmse-1.2388, valid_pr-0.7554
2025-06-09 19:56:36 - INFO - epoch-325, train_loss-0.1442, train_rmse-0.3798, valid_rmse-1.2374, valid_pr-0.7518
2025-06-09 19:56:42 - INFO - epoch-326, train_loss-0.1352, train_rmse-0.3677, valid_rmse-1.2269, valid_pr-0.7553
2025-06-09 19:56:49 - INFO - epoch-327, train_loss-0.1527, train_rmse-0.3907, valid_rmse-1.2328, valid_pr-0.7563
2025-06-09 19:56:55 - INFO - epoch-328, train_loss-0.1529, train_rmse-0.3911, valid_rmse-1.2091, valid_pr-0.7565
2025-06-09 19:57:01 - INFO - epoch-329, train_loss-0.1466, train_rmse-0.3828, valid_rmse-1.2438, valid_pr-0.7541
2025-06-09 19:57:07 - INFO - epoch-330, train_loss-0.1579, train_rmse-0.3974, valid_rmse-1.2509, valid_pr-0.7498
2025-06-09 19:57:13 - INFO - epoch-331, train_loss-0.1462, train_rmse-0.3824, valid_rmse-1.2075, valid_pr-0.7593
2025-06-09 19:57:19 - INFO - epoch-332, train_loss-0.1449, train_rmse-0.3806, valid_rmse-1.2327, valid_pr-0.7529
2025-06-09 19:57:26 - INFO - epoch-333, train_loss-0.1336, train_rmse-0.3655, valid_rmse-1.2370, valid_pr-0.7551
2025-06-09 19:57:32 - INFO - epoch-334, train_loss-0.1432, train_rmse-0.3784, valid_rmse-1.2455, valid_pr-0.7559
2025-06-09 19:57:38 - INFO - epoch-335, train_loss-0.1403, train_rmse-0.3745, valid_rmse-1.2274, valid_pr-0.7585
2025-06-09 19:57:44 - INFO - epoch-336, train_loss-0.1362, train_rmse-0.3690, valid_rmse-1.2189, valid_pr-0.7561
2025-06-09 19:57:51 - INFO - epoch-337, train_loss-0.1554, train_rmse-0.3942, valid_rmse-1.2162, valid_pr-0.7525
2025-06-09 19:57:57 - INFO - epoch-338, train_loss-0.1432, train_rmse-0.3785, valid_rmse-1.2627, valid_pr-0.7521
2025-06-09 19:58:03 - INFO - epoch-339, train_loss-0.1503, train_rmse-0.3877, valid_rmse-1.2443, valid_pr-0.7550
2025-06-09 19:58:10 - INFO - epoch-340, train_loss-0.1501, train_rmse-0.3874, valid_rmse-1.2409, valid_pr-0.7575
2025-06-09 19:58:16 - INFO - epoch-341, train_loss-0.1486, train_rmse-0.3855, valid_rmse-1.2530, valid_pr-0.7547
2025-06-09 19:58:22 - INFO - epoch-342, train_loss-0.1334, train_rmse-0.3652, valid_rmse-1.2175, valid_pr-0.7626
2025-06-09 19:58:29 - INFO - epoch-343, train_loss-0.1365, train_rmse-0.3694, valid_rmse-1.2472, valid_pr-0.7560
2025-06-09 19:58:35 - INFO - epoch-344, train_loss-0.1418, train_rmse-0.3765, valid_rmse-1.2037, valid_pr-0.7600
2025-06-09 19:58:41 - INFO - epoch-345, train_loss-0.1396, train_rmse-0.3737, valid_rmse-1.2317, valid_pr-0.7601
2025-06-09 19:58:48 - INFO - epoch-346, train_loss-0.1358, train_rmse-0.3685, valid_rmse-1.2125, valid_pr-0.7640
2025-06-09 19:58:54 - INFO - epoch-347, train_loss-0.1408, train_rmse-0.3753, valid_rmse-1.2159, valid_pr-0.7621
2025-06-09 19:59:00 - INFO - epoch-348, train_loss-0.1388, train_rmse-0.3725, valid_rmse-1.2358, valid_pr-0.7570
2025-06-09 19:59:07 - INFO - epoch-349, train_loss-0.1323, train_rmse-0.3637, valid_rmse-1.2244, valid_pr-0.7548
2025-06-09 19:59:13 - INFO - epoch-350, train_loss-0.1394, train_rmse-0.3734, valid_rmse-1.2158, valid_pr-0.7629
2025-06-09 19:59:20 - INFO - epoch-351, train_loss-0.1275, train_rmse-0.3571, valid_rmse-1.2184, valid_pr-0.7628
2025-06-09 19:59:26 - INFO - epoch-352, train_loss-0.1390, train_rmse-0.3728, valid_rmse-1.2225, valid_pr-0.7564
2025-06-09 19:59:33 - INFO - epoch-353, train_loss-0.1456, train_rmse-0.3816, valid_rmse-1.2306, valid_pr-0.7548
2025-06-09 19:59:39 - INFO - epoch-354, train_loss-0.1322, train_rmse-0.3636, valid_rmse-1.2519, valid_pr-0.7512
2025-06-09 19:59:45 - INFO - epoch-355, train_loss-0.1423, train_rmse-0.3773, valid_rmse-1.2178, valid_pr-0.7569
2025-06-09 19:59:52 - INFO - epoch-356, train_loss-0.1367, train_rmse-0.3698, valid_rmse-1.2205, valid_pr-0.7586
2025-06-09 19:59:58 - INFO - epoch-357, train_loss-0.1381, train_rmse-0.3717, valid_rmse-1.2339, valid_pr-0.7595
2025-06-09 20:00:05 - INFO - epoch-358, train_loss-0.1367, train_rmse-0.3698, valid_rmse-1.2160, valid_pr-0.7585
2025-06-09 20:00:11 - INFO - epoch-359, train_loss-0.1348, train_rmse-0.3672, valid_rmse-1.2396, valid_pr-0.7623
2025-06-09 20:00:17 - INFO - epoch-360, train_loss-0.1372, train_rmse-0.3704, valid_rmse-1.2362, valid_pr-0.7545
2025-06-09 20:00:24 - INFO - epoch-361, train_loss-0.1408, train_rmse-0.3753, valid_rmse-1.2197, valid_pr-0.7579
2025-06-09 20:00:30 - INFO - epoch-362, train_loss-0.1425, train_rmse-0.3775, valid_rmse-1.2258, valid_pr-0.7560
2025-06-09 20:00:37 - INFO - epoch-363, train_loss-0.1335, train_rmse-0.3654, valid_rmse-1.2364, valid_pr-0.7582
2025-06-09 20:00:43 - INFO - epoch-364, train_loss-0.1438, train_rmse-0.3793, valid_rmse-1.2326, valid_pr-0.7533
2025-06-09 20:00:49 - INFO - epoch-365, train_loss-0.1374, train_rmse-0.3707, valid_rmse-1.2506, valid_pr-0.7558
2025-06-09 20:00:56 - INFO - epoch-366, train_loss-0.1330, train_rmse-0.3647, valid_rmse-1.2507, valid_pr-0.7516
2025-06-09 20:01:02 - INFO - epoch-367, train_loss-0.1318, train_rmse-0.3631, valid_rmse-1.2438, valid_pr-0.7573
2025-06-09 20:01:09 - INFO - epoch-368, train_loss-0.1347, train_rmse-0.3670, valid_rmse-1.2375, valid_pr-0.7543
2025-06-09 20:01:15 - INFO - epoch-369, train_loss-0.1365, train_rmse-0.3695, valid_rmse-1.2232, valid_pr-0.7526
2025-06-09 20:01:22 - INFO - epoch-370, train_loss-0.1338, train_rmse-0.3658, valid_rmse-1.2346, valid_pr-0.7547
2025-06-09 20:01:28 - INFO - epoch-371, train_loss-0.1370, train_rmse-0.3701, valid_rmse-1.2209, valid_pr-0.7555
2025-06-09 20:01:35 - INFO - epoch-372, train_loss-0.1336, train_rmse-0.3656, valid_rmse-1.2338, valid_pr-0.7587
2025-06-09 20:01:41 - INFO - epoch-373, train_loss-0.1305, train_rmse-0.3613, valid_rmse-1.2217, valid_pr-0.7579
2025-06-09 20:01:48 - INFO - epoch-374, train_loss-0.1451, train_rmse-0.3809, valid_rmse-1.2284, valid_pr-0.7600
2025-06-09 20:01:54 - INFO - epoch-375, train_loss-0.1340, train_rmse-0.3661, valid_rmse-1.2365, valid_pr-0.7551
2025-06-09 20:02:01 - INFO - epoch-376, train_loss-0.1371, train_rmse-0.3703, valid_rmse-1.2427, valid_pr-0.7527
2025-06-09 20:02:08 - INFO - epoch-377, train_loss-0.1326, train_rmse-0.3641, valid_rmse-1.2436, valid_pr-0.7548
2025-06-09 20:02:14 - INFO - epoch-378, train_loss-0.1374, train_rmse-0.3706, valid_rmse-1.2374, valid_pr-0.7531
2025-06-09 20:02:20 - INFO - epoch-379, train_loss-0.1480, train_rmse-0.3847, valid_rmse-1.2199, valid_pr-0.7587
2025-06-09 20:02:27 - INFO - epoch-380, train_loss-0.1374, train_rmse-0.3706, valid_rmse-1.2258, valid_pr-0.7589
2025-06-09 20:02:33 - INFO - epoch-381, train_loss-0.1334, train_rmse-0.3653, valid_rmse-1.2401, valid_pr-0.7531
2025-06-09 20:02:39 - INFO - epoch-382, train_loss-0.1288, train_rmse-0.3588, valid_rmse-1.2202, valid_pr-0.7575
2025-06-09 20:02:45 - INFO - epoch-383, train_loss-0.1390, train_rmse-0.3728, valid_rmse-1.2131, valid_pr-0.7639
2025-06-09 20:02:52 - INFO - epoch-384, train_loss-0.1311, train_rmse-0.3620, valid_rmse-1.2273, valid_pr-0.7585
2025-06-09 20:02:58 - INFO - epoch-385, train_loss-0.1196, train_rmse-0.3458, valid_rmse-1.1931, valid_pr-0.7652
2025-06-09 20:03:04 - INFO - epoch-386, train_loss-0.1366, train_rmse-0.3696, valid_rmse-1.2155, valid_pr-0.7612
2025-06-09 20:03:10 - INFO - epoch-387, train_loss-0.1283, train_rmse-0.3582, valid_rmse-1.2176, valid_pr-0.7578
2025-06-09 20:03:17 - INFO - epoch-388, train_loss-0.1265, train_rmse-0.3556, valid_rmse-1.2142, valid_pr-0.7564
2025-06-09 20:03:23 - INFO - epoch-389, train_loss-0.1508, train_rmse-0.3883, valid_rmse-1.1939, valid_pr-0.7699
2025-06-09 20:03:29 - INFO - epoch-390, train_loss-0.1251, train_rmse-0.3537, valid_rmse-1.2009, valid_pr-0.7646
2025-06-09 20:03:35 - INFO - epoch-391, train_loss-0.1253, train_rmse-0.3539, valid_rmse-1.2099, valid_pr-0.7623
2025-06-09 20:03:42 - INFO - epoch-392, train_loss-0.1310, train_rmse-0.3619, valid_rmse-1.2093, valid_pr-0.7595
2025-06-09 20:03:48 - INFO - epoch-393, train_loss-0.1371, train_rmse-0.3703, valid_rmse-1.2236, valid_pr-0.7536
2025-06-09 20:03:54 - INFO - epoch-394, train_loss-0.1376, train_rmse-0.3709, valid_rmse-1.2245, valid_pr-0.7548
2025-06-09 20:04:00 - INFO - epoch-395, train_loss-0.1355, train_rmse-0.3682, valid_rmse-1.2128, valid_pr-0.7588
2025-06-09 20:04:06 - INFO - epoch-396, train_loss-0.1379, train_rmse-0.3714, valid_rmse-1.2074, valid_pr-0.7614
2025-06-09 20:04:13 - INFO - epoch-397, train_loss-0.1290, train_rmse-0.3591, valid_rmse-1.2175, valid_pr-0.7581
2025-06-09 20:04:19 - INFO - epoch-398, train_loss-0.1419, train_rmse-0.3767, valid_rmse-1.2354, valid_pr-0.7561
2025-06-09 20:04:25 - INFO - epoch-399, train_loss-0.1247, train_rmse-0.3531, valid_rmse-1.2301, valid_pr-0.7610
2025-06-09 20:04:31 - INFO - epoch-400, train_loss-0.1237, train_rmse-0.3517, valid_rmse-1.2124, valid_pr-0.7622
2025-06-09 20:04:38 - INFO - epoch-401, train_loss-0.1250, train_rmse-0.3536, valid_rmse-1.2223, valid_pr-0.7609
2025-06-09 20:04:44 - INFO - epoch-402, train_loss-0.1323, train_rmse-0.3637, valid_rmse-1.2053, valid_pr-0.7614
2025-06-09 20:04:50 - INFO - epoch-403, train_loss-0.1256, train_rmse-0.3544, valid_rmse-1.2173, valid_pr-0.7557
2025-06-09 20:04:56 - INFO - epoch-404, train_loss-0.1298, train_rmse-0.3603, valid_rmse-1.2167, valid_pr-0.7619
2025-06-09 20:05:03 - INFO - epoch-405, train_loss-0.1319, train_rmse-0.3632, valid_rmse-1.2206, valid_pr-0.7584
2025-06-09 20:05:09 - INFO - epoch-406, train_loss-0.1313, train_rmse-0.3623, valid_rmse-1.2163, valid_pr-0.7612
2025-06-09 20:05:15 - INFO - epoch-407, train_loss-0.1241, train_rmse-0.3523, valid_rmse-1.2441, valid_pr-0.7528
2025-06-09 20:05:21 - INFO - epoch-408, train_loss-0.1252, train_rmse-0.3539, valid_rmse-1.2203, valid_pr-0.7556
2025-06-09 20:05:28 - INFO - epoch-409, train_loss-0.1302, train_rmse-0.3608, valid_rmse-1.2302, valid_pr-0.7574
2025-06-09 20:05:34 - INFO - epoch-410, train_loss-0.1248, train_rmse-0.3532, valid_rmse-1.2081, valid_pr-0.7596
2025-06-09 20:05:40 - INFO - epoch-411, train_loss-0.1238, train_rmse-0.3518, valid_rmse-1.2116, valid_pr-0.7602
2025-06-09 20:05:46 - INFO - epoch-412, train_loss-0.1294, train_rmse-0.3597, valid_rmse-1.2657, valid_pr-0.7532
2025-06-09 20:05:53 - INFO - epoch-413, train_loss-0.1156, train_rmse-0.3400, valid_rmse-1.2287, valid_pr-0.7555
2025-06-09 20:05:59 - INFO - epoch-414, train_loss-0.1231, train_rmse-0.3509, valid_rmse-1.2156, valid_pr-0.7589
2025-06-09 20:06:05 - INFO - epoch-415, train_loss-0.1196, train_rmse-0.3458, valid_rmse-1.2265, valid_pr-0.7573
2025-06-09 20:06:12 - INFO - epoch-416, train_loss-0.1252, train_rmse-0.3539, valid_rmse-1.2086, valid_pr-0.7647
2025-06-09 20:06:18 - INFO - epoch-417, train_loss-0.1278, train_rmse-0.3575, valid_rmse-1.2029, valid_pr-0.7660
2025-06-09 20:06:24 - INFO - epoch-418, train_loss-0.1242, train_rmse-0.3524, valid_rmse-1.2305, valid_pr-0.7602
2025-06-09 20:06:30 - INFO - epoch-419, train_loss-0.1165, train_rmse-0.3413, valid_rmse-1.2191, valid_pr-0.7600
2025-06-09 20:06:37 - INFO - epoch-420, train_loss-0.1343, train_rmse-0.3665, valid_rmse-1.2273, valid_pr-0.7590
2025-06-09 20:06:43 - INFO - epoch-421, train_loss-0.1203, train_rmse-0.3468, valid_rmse-1.2262, valid_pr-0.7562
2025-06-09 20:06:49 - INFO - epoch-422, train_loss-0.1264, train_rmse-0.3556, valid_rmse-1.2179, valid_pr-0.7549
2025-06-09 20:06:55 - INFO - epoch-423, train_loss-0.1284, train_rmse-0.3583, valid_rmse-1.2304, valid_pr-0.7567
2025-06-09 20:07:01 - INFO - epoch-424, train_loss-0.1219, train_rmse-0.3492, valid_rmse-1.2136, valid_pr-0.7635
2025-06-09 20:07:07 - INFO - epoch-425, train_loss-0.1190, train_rmse-0.3450, valid_rmse-1.2235, valid_pr-0.7611
2025-06-09 20:07:14 - INFO - epoch-426, train_loss-0.1250, train_rmse-0.3536, valid_rmse-1.2070, valid_pr-0.7646
2025-06-09 20:07:20 - INFO - epoch-427, train_loss-0.1265, train_rmse-0.3557, valid_rmse-1.1916, valid_pr-0.7682
2025-06-09 20:07:26 - INFO - epoch-428, train_loss-0.1193, train_rmse-0.3454, valid_rmse-1.1995, valid_pr-0.7657
2025-06-09 20:07:32 - INFO - epoch-429, train_loss-0.1250, train_rmse-0.3535, valid_rmse-1.2046, valid_pr-0.7685
2025-06-09 20:07:39 - INFO - epoch-430, train_loss-0.1181, train_rmse-0.3437, valid_rmse-1.2324, valid_pr-0.7561
2025-06-09 20:07:45 - INFO - epoch-431, train_loss-0.1208, train_rmse-0.3476, valid_rmse-1.2288, valid_pr-0.7596
2025-06-09 20:07:51 - INFO - epoch-432, train_loss-0.1244, train_rmse-0.3527, valid_rmse-1.2269, valid_pr-0.7567
2025-06-09 20:07:58 - INFO - epoch-433, train_loss-0.1181, train_rmse-0.3436, valid_rmse-1.2207, valid_pr-0.7563
2025-06-09 20:08:04 - INFO - epoch-434, train_loss-0.1159, train_rmse-0.3404, valid_rmse-1.2192, valid_pr-0.7647
2025-06-09 20:08:10 - INFO - epoch-435, train_loss-0.1220, train_rmse-0.3493, valid_rmse-1.2147, valid_pr-0.7643
2025-06-09 20:08:17 - INFO - epoch-436, train_loss-0.1301, train_rmse-0.3607, valid_rmse-1.2138, valid_pr-0.7647
2025-06-09 20:08:23 - INFO - epoch-437, train_loss-0.1310, train_rmse-0.3619, valid_rmse-1.2219, valid_pr-0.7616
2025-06-09 20:08:29 - INFO - epoch-438, train_loss-0.1353, train_rmse-0.3678, valid_rmse-1.2268, valid_pr-0.7548
2025-06-09 20:08:36 - INFO - epoch-439, train_loss-0.1115, train_rmse-0.3340, valid_rmse-1.2261, valid_pr-0.7552
2025-06-09 20:08:42 - INFO - epoch-440, train_loss-0.1218, train_rmse-0.3489, valid_rmse-1.2177, valid_pr-0.7604
2025-06-09 20:08:48 - INFO - epoch-441, train_loss-0.1251, train_rmse-0.3538, valid_rmse-1.2195, valid_pr-0.7632
2025-06-09 20:08:54 - INFO - epoch-442, train_loss-0.1172, train_rmse-0.3423, valid_rmse-1.2315, valid_pr-0.7633
2025-06-09 20:09:01 - INFO - epoch-443, train_loss-0.1172, train_rmse-0.3424, valid_rmse-1.2155, valid_pr-0.7573
2025-06-09 20:09:07 - INFO - epoch-444, train_loss-0.1288, train_rmse-0.3588, valid_rmse-1.2295, valid_pr-0.7582
2025-06-09 20:09:13 - INFO - epoch-445, train_loss-0.1234, train_rmse-0.3513, valid_rmse-1.2226, valid_pr-0.7618
2025-06-09 20:09:20 - INFO - epoch-446, train_loss-0.1243, train_rmse-0.3526, valid_rmse-1.2100, valid_pr-0.7662
2025-06-09 20:09:26 - INFO - epoch-447, train_loss-0.1131, train_rmse-0.3363, valid_rmse-1.2156, valid_pr-0.7627
2025-06-09 20:09:32 - INFO - epoch-448, train_loss-0.1194, train_rmse-0.3456, valid_rmse-1.2202, valid_pr-0.7561
2025-06-09 20:09:39 - INFO - epoch-449, train_loss-0.1209, train_rmse-0.3477, valid_rmse-1.2130, valid_pr-0.7647
2025-06-09 20:09:45 - INFO - epoch-450, train_loss-0.1156, train_rmse-0.3400, valid_rmse-1.2156, valid_pr-0.7679
2025-06-09 20:09:51 - INFO - epoch-451, train_loss-0.1294, train_rmse-0.3597, valid_rmse-1.2160, valid_pr-0.7590
2025-06-09 20:09:58 - INFO - epoch-452, train_loss-0.1197, train_rmse-0.3460, valid_rmse-1.2170, valid_pr-0.7644
2025-06-09 20:10:04 - INFO - epoch-453, train_loss-0.1242, train_rmse-0.3524, valid_rmse-1.2158, valid_pr-0.7622
2025-06-09 20:10:10 - INFO - epoch-454, train_loss-0.1284, train_rmse-0.3583, valid_rmse-1.2186, valid_pr-0.7603
2025-06-09 20:10:16 - INFO - epoch-455, train_loss-0.1160, train_rmse-0.3406, valid_rmse-1.2284, valid_pr-0.7560
2025-06-09 20:10:23 - INFO - epoch-456, train_loss-0.1133, train_rmse-0.3366, valid_rmse-1.2481, valid_pr-0.7562
2025-06-09 20:10:29 - INFO - epoch-457, train_loss-0.1318, train_rmse-0.3631, valid_rmse-1.2272, valid_pr-0.7578
2025-06-09 20:10:36 - INFO - epoch-458, train_loss-0.1102, train_rmse-0.3319, valid_rmse-1.2239, valid_pr-0.7622
2025-06-09 20:10:42 - INFO - epoch-459, train_loss-0.1219, train_rmse-0.3492, valid_rmse-1.2070, valid_pr-0.7620
2025-06-09 20:10:49 - INFO - epoch-460, train_loss-0.1153, train_rmse-0.3396, valid_rmse-1.2179, valid_pr-0.7650
2025-06-09 20:10:55 - INFO - epoch-461, train_loss-0.1179, train_rmse-0.3434, valid_rmse-1.2134, valid_pr-0.7662
2025-06-09 20:11:02 - INFO - epoch-462, train_loss-0.1124, train_rmse-0.3353, valid_rmse-1.2272, valid_pr-0.7598
2025-06-09 20:11:08 - INFO - epoch-463, train_loss-0.1141, train_rmse-0.3377, valid_rmse-1.2028, valid_pr-0.7626
2025-06-09 20:11:14 - INFO - epoch-464, train_loss-0.1217, train_rmse-0.3489, valid_rmse-1.2136, valid_pr-0.7650
2025-06-09 20:11:21 - INFO - epoch-465, train_loss-0.1166, train_rmse-0.3414, valid_rmse-1.2055, valid_pr-0.7622
2025-06-09 20:11:28 - INFO - epoch-466, train_loss-0.1226, train_rmse-0.3501, valid_rmse-1.2051, valid_pr-0.7657
2025-06-09 20:11:34 - INFO - epoch-467, train_loss-0.1240, train_rmse-0.3521, valid_rmse-1.2299, valid_pr-0.7573
2025-06-09 20:11:41 - INFO - epoch-468, train_loss-0.1205, train_rmse-0.3471, valid_rmse-1.1989, valid_pr-0.7643
2025-06-09 20:11:47 - INFO - epoch-469, train_loss-0.1135, train_rmse-0.3368, valid_rmse-1.2260, valid_pr-0.7654
2025-06-09 20:11:54 - INFO - epoch-470, train_loss-0.1301, train_rmse-0.3606, valid_rmse-1.2162, valid_pr-0.7592
2025-06-09 20:12:00 - INFO - epoch-471, train_loss-0.1120, train_rmse-0.3346, valid_rmse-1.2169, valid_pr-0.7587
2025-06-09 20:12:07 - INFO - epoch-472, train_loss-0.1161, train_rmse-0.3407, valid_rmse-1.2126, valid_pr-0.7607
2025-06-09 20:12:13 - INFO - epoch-473, train_loss-0.1239, train_rmse-0.3520, valid_rmse-1.2202, valid_pr-0.7620
2025-06-09 20:12:20 - INFO - epoch-474, train_loss-0.1225, train_rmse-0.3501, valid_rmse-1.2423, valid_pr-0.7514
2025-06-09 20:12:26 - INFO - epoch-475, train_loss-0.1231, train_rmse-0.3509, valid_rmse-1.2359, valid_pr-0.7601
2025-06-09 20:12:33 - INFO - epoch-476, train_loss-0.1244, train_rmse-0.3526, valid_rmse-1.2339, valid_pr-0.7539
2025-06-09 20:12:39 - INFO - epoch-477, train_loss-0.1203, train_rmse-0.3469, valid_rmse-1.2351, valid_pr-0.7587
2025-06-09 20:12:45 - INFO - epoch-478, train_loss-0.1048, train_rmse-0.3237, valid_rmse-1.2127, valid_pr-0.7587
2025-06-09 20:12:52 - INFO - epoch-479, train_loss-0.1196, train_rmse-0.3458, valid_rmse-1.2190, valid_pr-0.7618
2025-06-09 20:12:58 - INFO - epoch-480, train_loss-0.1180, train_rmse-0.3435, valid_rmse-1.2192, valid_pr-0.7573
2025-06-09 20:13:04 - INFO - epoch-481, train_loss-0.1158, train_rmse-0.3402, valid_rmse-1.2211, valid_pr-0.7590
2025-06-09 20:13:10 - INFO - epoch-482, train_loss-0.1143, train_rmse-0.3381, valid_rmse-1.2277, valid_pr-0.7563
2025-06-09 20:13:17 - INFO - epoch-483, train_loss-0.1221, train_rmse-0.3495, valid_rmse-1.2204, valid_pr-0.7618
2025-06-09 20:13:23 - INFO - epoch-484, train_loss-0.1120, train_rmse-0.3347, valid_rmse-1.2147, valid_pr-0.7593
2025-06-09 20:13:29 - INFO - epoch-485, train_loss-0.1116, train_rmse-0.3341, valid_rmse-1.2176, valid_pr-0.7624
2025-06-09 20:13:36 - INFO - epoch-486, train_loss-0.1140, train_rmse-0.3376, valid_rmse-1.2291, valid_pr-0.7617
2025-06-09 20:13:42 - INFO - epoch-487, train_loss-0.1129, train_rmse-0.3361, valid_rmse-1.2186, valid_pr-0.7579
2025-06-09 20:13:48 - INFO - epoch-488, train_loss-0.1169, train_rmse-0.3418, valid_rmse-1.2000, valid_pr-0.7656
2025-06-09 20:13:54 - INFO - epoch-489, train_loss-0.1148, train_rmse-0.3388, valid_rmse-1.2147, valid_pr-0.7660
2025-06-09 20:14:00 - INFO - epoch-490, train_loss-0.1139, train_rmse-0.3376, valid_rmse-1.2171, valid_pr-0.7612
2025-06-09 20:14:07 - INFO - epoch-491, train_loss-0.1164, train_rmse-0.3412, valid_rmse-1.2385, valid_pr-0.7569
2025-06-09 20:14:13 - INFO - epoch-492, train_loss-0.1199, train_rmse-0.3462, valid_rmse-1.2323, valid_pr-0.7611
2025-06-09 20:14:19 - INFO - epoch-493, train_loss-0.1134, train_rmse-0.3368, valid_rmse-1.2250, valid_pr-0.7597
2025-06-09 20:14:25 - INFO - epoch-494, train_loss-0.1206, train_rmse-0.3472, valid_rmse-1.2178, valid_pr-0.7650
2025-06-09 20:14:32 - INFO - epoch-495, train_loss-0.1079, train_rmse-0.3284, valid_rmse-1.2006, valid_pr-0.7630
2025-06-09 20:14:38 - INFO - epoch-496, train_loss-0.1136, train_rmse-0.3370, valid_rmse-1.2052, valid_pr-0.7640
2025-06-09 20:14:44 - INFO - epoch-497, train_loss-0.1217, train_rmse-0.3488, valid_rmse-1.2052, valid_pr-0.7634
2025-06-09 20:14:51 - INFO - epoch-498, train_loss-0.1138, train_rmse-0.3373, valid_rmse-1.2220, valid_pr-0.7531
2025-06-09 20:14:57 - INFO - epoch-499, train_loss-0.1044, train_rmse-0.3231, valid_rmse-1.2145, valid_pr-0.7693
2025-06-09 20:15:03 - INFO - epoch-500, train_loss-0.1053, train_rmse-0.3245, valid_rmse-1.2053, valid_pr-0.7641
2025-06-09 20:15:09 - INFO - epoch-501, train_loss-0.1110, train_rmse-0.3332, valid_rmse-1.2157, valid_pr-0.7592
2025-06-09 20:15:15 - INFO - epoch-502, train_loss-0.1237, train_rmse-0.3518, valid_rmse-1.2016, valid_pr-0.7656
2025-06-09 20:15:21 - INFO - epoch-503, train_loss-0.1108, train_rmse-0.3328, valid_rmse-1.2289, valid_pr-0.7599
2025-06-09 20:15:28 - INFO - epoch-504, train_loss-0.1111, train_rmse-0.3333, valid_rmse-1.2258, valid_pr-0.7644
2025-06-09 20:15:34 - INFO - epoch-505, train_loss-0.1145, train_rmse-0.3384, valid_rmse-1.1949, valid_pr-0.7667
2025-06-09 20:15:40 - INFO - epoch-506, train_loss-0.1077, train_rmse-0.3281, valid_rmse-1.2050, valid_pr-0.7692
2025-06-09 20:15:47 - INFO - epoch-507, train_loss-0.1169, train_rmse-0.3418, valid_rmse-1.1976, valid_pr-0.7632
2025-06-09 20:15:53 - INFO - epoch-508, train_loss-0.1067, train_rmse-0.3267, valid_rmse-1.2157, valid_pr-0.7592
2025-06-09 20:15:59 - INFO - epoch-509, train_loss-0.1136, train_rmse-0.3370, valid_rmse-1.1998, valid_pr-0.7628
2025-06-09 20:16:05 - INFO - epoch-510, train_loss-0.1085, train_rmse-0.3294, valid_rmse-1.2154, valid_pr-0.7644
2025-06-09 20:16:12 - INFO - epoch-511, train_loss-0.1139, train_rmse-0.3375, valid_rmse-1.2114, valid_pr-0.7618
2025-06-09 20:16:18 - INFO - epoch-512, train_loss-0.1132, train_rmse-0.3364, valid_rmse-1.2081, valid_pr-0.7625
2025-06-09 20:16:24 - INFO - epoch-513, train_loss-0.1127, train_rmse-0.3357, valid_rmse-1.1961, valid_pr-0.7699
2025-06-09 20:16:31 - INFO - epoch-514, train_loss-0.1190, train_rmse-0.3450, valid_rmse-1.1944, valid_pr-0.7649
2025-06-09 20:16:37 - INFO - epoch-515, train_loss-0.1053, train_rmse-0.3244, valid_rmse-1.2270, valid_pr-0.7628
2025-06-09 20:16:43 - INFO - epoch-516, train_loss-0.1280, train_rmse-0.3578, valid_rmse-1.2039, valid_pr-0.7659
2025-06-09 20:16:50 - INFO - epoch-517, train_loss-0.1139, train_rmse-0.3375, valid_rmse-1.1984, valid_pr-0.7654
2025-06-09 20:16:56 - INFO - epoch-518, train_loss-0.1131, train_rmse-0.3363, valid_rmse-1.1986, valid_pr-0.7663
2025-06-09 20:17:02 - INFO - epoch-519, train_loss-0.1057, train_rmse-0.3250, valid_rmse-1.1988, valid_pr-0.7647
2025-06-09 20:17:08 - INFO - epoch-520, train_loss-0.1175, train_rmse-0.3428, valid_rmse-1.2046, valid_pr-0.7691
2025-06-09 20:17:15 - INFO - epoch-521, train_loss-0.1124, train_rmse-0.3352, valid_rmse-1.1994, valid_pr-0.7655
2025-06-09 20:17:21 - INFO - epoch-522, train_loss-0.1201, train_rmse-0.3466, valid_rmse-1.1958, valid_pr-0.7707
2025-06-09 20:17:27 - INFO - epoch-523, train_loss-0.1311, train_rmse-0.3621, valid_rmse-1.1867, valid_pr-0.7724
2025-06-09 20:17:33 - INFO - epoch-524, train_loss-0.1150, train_rmse-0.3391, valid_rmse-1.1871, valid_pr-0.7685
2025-06-09 20:17:40 - INFO - epoch-525, train_loss-0.1168, train_rmse-0.3418, valid_rmse-1.2172, valid_pr-0.7655
2025-06-09 20:17:46 - INFO - epoch-526, train_loss-0.1173, train_rmse-0.3425, valid_rmse-1.2107, valid_pr-0.7636
2025-06-09 20:17:52 - INFO - epoch-527, train_loss-0.1076, train_rmse-0.3280, valid_rmse-1.2081, valid_pr-0.7622
2025-06-09 20:17:58 - INFO - epoch-528, train_loss-0.1152, train_rmse-0.3395, valid_rmse-1.2096, valid_pr-0.7610
2025-06-09 20:18:05 - INFO - epoch-529, train_loss-0.1175, train_rmse-0.3428, valid_rmse-1.2006, valid_pr-0.7651
2025-06-09 20:18:11 - INFO - epoch-530, train_loss-0.1193, train_rmse-0.3454, valid_rmse-1.1953, valid_pr-0.7715
2025-06-09 20:18:17 - INFO - epoch-531, train_loss-0.1213, train_rmse-0.3482, valid_rmse-1.2055, valid_pr-0.7627
2025-06-09 20:18:24 - INFO - epoch-532, train_loss-0.1176, train_rmse-0.3430, valid_rmse-1.1868, valid_pr-0.7716
2025-06-09 20:18:30 - INFO - epoch-533, train_loss-0.1066, train_rmse-0.3265, valid_rmse-1.1947, valid_pr-0.7667
2025-06-09 20:18:36 - INFO - epoch-534, train_loss-0.1125, train_rmse-0.3354, valid_rmse-1.1918, valid_pr-0.7661
2025-06-09 20:18:42 - INFO - epoch-535, train_loss-0.1199, train_rmse-0.3463, valid_rmse-1.1932, valid_pr-0.7680
2025-06-09 20:18:49 - INFO - epoch-536, train_loss-0.1095, train_rmse-0.3309, valid_rmse-1.2042, valid_pr-0.7625
2025-06-09 20:18:55 - INFO - epoch-537, train_loss-0.1070, train_rmse-0.3270, valid_rmse-1.2082, valid_pr-0.7658
2025-06-09 20:19:01 - INFO - epoch-538, train_loss-0.0987, train_rmse-0.3141, valid_rmse-1.2012, valid_pr-0.7651
2025-06-09 20:19:08 - INFO - epoch-539, train_loss-0.1053, train_rmse-0.3245, valid_rmse-1.2089, valid_pr-0.7659
2025-06-09 20:19:14 - INFO - epoch-540, train_loss-0.1109, train_rmse-0.3330, valid_rmse-1.2033, valid_pr-0.7662
2025-06-09 20:19:21 - INFO - epoch-541, train_loss-0.1029, train_rmse-0.3207, valid_rmse-1.2130, valid_pr-0.7720
2025-06-09 20:19:27 - INFO - epoch-542, train_loss-0.1019, train_rmse-0.3192, valid_rmse-1.1999, valid_pr-0.7725
2025-06-09 20:19:33 - INFO - epoch-543, train_loss-0.1159, train_rmse-0.3404, valid_rmse-1.1919, valid_pr-0.7699
2025-06-09 20:19:40 - INFO - epoch-544, train_loss-0.1113, train_rmse-0.3336, valid_rmse-1.2128, valid_pr-0.7653
2025-06-09 20:19:46 - INFO - epoch-545, train_loss-0.1171, train_rmse-0.3422, valid_rmse-1.2169, valid_pr-0.7645
2025-06-09 20:19:52 - INFO - epoch-546, train_loss-0.1138, train_rmse-0.3373, valid_rmse-1.2043, valid_pr-0.7718
2025-06-09 20:19:59 - INFO - epoch-547, train_loss-0.1179, train_rmse-0.3434, valid_rmse-1.1921, valid_pr-0.7671
2025-06-09 20:20:05 - INFO - epoch-548, train_loss-0.1067, train_rmse-0.3266, valid_rmse-1.1955, valid_pr-0.7690
2025-06-09 20:20:11 - INFO - epoch-549, train_loss-0.1069, train_rmse-0.3270, valid_rmse-1.1914, valid_pr-0.7698
2025-06-09 20:20:17 - INFO - epoch-550, train_loss-0.1057, train_rmse-0.3251, valid_rmse-1.2044, valid_pr-0.7704
2025-06-09 20:20:24 - INFO - epoch-551, train_loss-0.1156, train_rmse-0.3400, valid_rmse-1.2114, valid_pr-0.7673
2025-06-09 20:20:31 - INFO - epoch-552, train_loss-0.1078, train_rmse-0.3284, valid_rmse-1.1958, valid_pr-0.7689
2025-06-09 20:20:37 - INFO - epoch-553, train_loss-0.1050, train_rmse-0.3240, valid_rmse-1.2062, valid_pr-0.7663
2025-06-09 20:20:44 - INFO - epoch-554, train_loss-0.1133, train_rmse-0.3366, valid_rmse-1.2006, valid_pr-0.7692
2025-06-09 20:20:50 - INFO - epoch-555, train_loss-0.1125, train_rmse-0.3354, valid_rmse-1.2076, valid_pr-0.7631
2025-06-09 20:20:56 - INFO - epoch-556, train_loss-0.1138, train_rmse-0.3373, valid_rmse-1.1988, valid_pr-0.7662
2025-06-09 20:21:03 - INFO - epoch-557, train_loss-0.1067, train_rmse-0.3266, valid_rmse-1.2129, valid_pr-0.7648
2025-06-09 20:21:09 - INFO - epoch-558, train_loss-0.1115, train_rmse-0.3340, valid_rmse-1.2151, valid_pr-0.7682
2025-06-09 20:21:16 - INFO - epoch-559, train_loss-0.1019, train_rmse-0.3192, valid_rmse-1.1995, valid_pr-0.7684
2025-06-09 20:21:22 - INFO - epoch-560, train_loss-0.1138, train_rmse-0.3373, valid_rmse-1.2162, valid_pr-0.7617
2025-06-09 20:21:29 - INFO - epoch-561, train_loss-0.1042, train_rmse-0.3227, valid_rmse-1.2323, valid_pr-0.7618
2025-06-09 20:21:35 - INFO - epoch-562, train_loss-0.1122, train_rmse-0.3349, valid_rmse-1.1844, valid_pr-0.7704
2025-06-09 20:21:42 - INFO - epoch-563, train_loss-0.1152, train_rmse-0.3394, valid_rmse-1.1900, valid_pr-0.7673
2025-06-09 20:21:48 - INFO - epoch-564, train_loss-0.1011, train_rmse-0.3180, valid_rmse-1.2089, valid_pr-0.7687
2025-06-09 20:21:55 - INFO - epoch-565, train_loss-0.1038, train_rmse-0.3222, valid_rmse-1.2126, valid_pr-0.7699
2025-06-09 20:22:01 - INFO - epoch-566, train_loss-0.0965, train_rmse-0.3106, valid_rmse-1.1987, valid_pr-0.7667
2025-06-09 20:22:08 - INFO - epoch-567, train_loss-0.1025, train_rmse-0.3202, valid_rmse-1.2007, valid_pr-0.7656
2025-06-09 20:22:14 - INFO - epoch-568, train_loss-0.1003, train_rmse-0.3167, valid_rmse-1.1888, valid_pr-0.7713
2025-06-09 20:22:21 - INFO - epoch-569, train_loss-0.1035, train_rmse-0.3217, valid_rmse-1.1919, valid_pr-0.7701
2025-06-09 20:22:27 - INFO - epoch-570, train_loss-0.1108, train_rmse-0.3328, valid_rmse-1.2090, valid_pr-0.7634
2025-06-09 20:22:34 - INFO - epoch-571, train_loss-0.1142, train_rmse-0.3379, valid_rmse-1.1963, valid_pr-0.7670
2025-06-09 20:22:40 - INFO - epoch-572, train_loss-0.1172, train_rmse-0.3424, valid_rmse-1.1920, valid_pr-0.7648
2025-06-09 20:22:47 - INFO - epoch-573, train_loss-0.1129, train_rmse-0.3360, valid_rmse-1.1862, valid_pr-0.7720
2025-06-09 20:22:53 - INFO - epoch-574, train_loss-0.1093, train_rmse-0.3306, valid_rmse-1.1967, valid_pr-0.7670
2025-06-09 20:23:00 - INFO - epoch-575, train_loss-0.1084, train_rmse-0.3292, valid_rmse-1.2045, valid_pr-0.7650
2025-06-09 20:23:06 - INFO - epoch-576, train_loss-0.1047, train_rmse-0.3236, valid_rmse-1.2123, valid_pr-0.7579
2025-06-09 20:23:12 - INFO - epoch-577, train_loss-0.1043, train_rmse-0.3229, valid_rmse-1.1941, valid_pr-0.7677
2025-06-09 20:23:19 - INFO - epoch-578, train_loss-0.1006, train_rmse-0.3172, valid_rmse-1.2052, valid_pr-0.7653
2025-06-09 20:23:25 - INFO - epoch-579, train_loss-0.1041, train_rmse-0.3226, valid_rmse-1.1956, valid_pr-0.7685
2025-06-09 20:23:31 - INFO - epoch-580, train_loss-0.1066, train_rmse-0.3265, valid_rmse-1.2126, valid_pr-0.7661
2025-06-09 20:23:37 - INFO - epoch-581, train_loss-0.1023, train_rmse-0.3198, valid_rmse-1.2074, valid_pr-0.7633
2025-06-09 20:23:44 - INFO - epoch-582, train_loss-0.1211, train_rmse-0.3479, valid_rmse-1.2293, valid_pr-0.7621
2025-06-09 20:23:50 - INFO - epoch-583, train_loss-0.1041, train_rmse-0.3226, valid_rmse-1.2160, valid_pr-0.7579
2025-06-09 20:23:56 - INFO - epoch-584, train_loss-0.0967, train_rmse-0.3109, valid_rmse-1.2050, valid_pr-0.7641
2025-06-09 20:24:02 - INFO - epoch-585, train_loss-0.0972, train_rmse-0.3117, valid_rmse-1.2108, valid_pr-0.7669
2025-06-09 20:24:09 - INFO - epoch-586, train_loss-0.1070, train_rmse-0.3271, valid_rmse-1.2114, valid_pr-0.7666
2025-06-09 20:24:15 - INFO - epoch-587, train_loss-0.1006, train_rmse-0.3172, valid_rmse-1.1948, valid_pr-0.7698
2025-06-09 20:24:21 - INFO - epoch-588, train_loss-0.1064, train_rmse-0.3261, valid_rmse-1.2153, valid_pr-0.7658
2025-06-09 20:24:27 - INFO - epoch-589, train_loss-0.1112, train_rmse-0.3334, valid_rmse-1.2025, valid_pr-0.7634
2025-06-09 20:24:34 - INFO - epoch-590, train_loss-0.1195, train_rmse-0.3456, valid_rmse-1.2096, valid_pr-0.7618
2025-06-09 20:24:40 - INFO - epoch-591, train_loss-0.1090, train_rmse-0.3302, valid_rmse-1.2211, valid_pr-0.7671
2025-06-09 20:24:46 - INFO - epoch-592, train_loss-0.1013, train_rmse-0.3183, valid_rmse-1.1985, valid_pr-0.7670
2025-06-09 20:24:52 - INFO - epoch-593, train_loss-0.0998, train_rmse-0.3159, valid_rmse-1.2030, valid_pr-0.7690
2025-06-09 20:24:59 - INFO - epoch-594, train_loss-0.1058, train_rmse-0.3253, valid_rmse-1.1946, valid_pr-0.7683
2025-06-09 20:25:05 - INFO - epoch-595, train_loss-0.1005, train_rmse-0.3171, valid_rmse-1.2128, valid_pr-0.7629
2025-06-09 20:25:11 - INFO - epoch-596, train_loss-0.1103, train_rmse-0.3321, valid_rmse-1.2110, valid_pr-0.7630
2025-06-09 20:25:17 - INFO - epoch-597, train_loss-0.1137, train_rmse-0.3372, valid_rmse-1.2323, valid_pr-0.7594
2025-06-09 20:25:24 - INFO - epoch-598, train_loss-0.1277, train_rmse-0.3574, valid_rmse-1.2179, valid_pr-0.7652
2025-06-09 20:25:30 - INFO - epoch-599, train_loss-0.1008, train_rmse-0.3174, valid_rmse-1.2069, valid_pr-0.7671
2025-06-09 20:25:36 - INFO - epoch-600, train_loss-0.1136, train_rmse-0.3370, valid_rmse-1.1995, valid_pr-0.7712
2025-06-09 20:25:43 - INFO - epoch-601, train_loss-0.1024, train_rmse-0.3199, valid_rmse-1.1900, valid_pr-0.7698
2025-06-09 20:25:49 - INFO - epoch-602, train_loss-0.1086, train_rmse-0.3296, valid_rmse-1.2059, valid_pr-0.7665
2025-06-09 20:25:55 - INFO - epoch-603, train_loss-0.1033, train_rmse-0.3215, valid_rmse-1.2046, valid_pr-0.7700
2025-06-09 20:26:01 - INFO - epoch-604, train_loss-0.1009, train_rmse-0.3176, valid_rmse-1.2246, valid_pr-0.7677
2025-06-09 20:26:08 - INFO - epoch-605, train_loss-0.1123, train_rmse-0.3351, valid_rmse-1.1880, valid_pr-0.7724
2025-06-09 20:26:14 - INFO - epoch-606, train_loss-0.1031, train_rmse-0.3211, valid_rmse-1.2134, valid_pr-0.7663
2025-06-09 20:26:20 - INFO - epoch-607, train_loss-0.1057, train_rmse-0.3251, valid_rmse-1.2073, valid_pr-0.7645
2025-06-09 20:26:27 - INFO - epoch-608, train_loss-0.1133, train_rmse-0.3367, valid_rmse-1.2216, valid_pr-0.7658
2025-06-09 20:26:33 - INFO - epoch-609, train_loss-0.0995, train_rmse-0.3154, valid_rmse-1.2070, valid_pr-0.7640
2025-06-09 20:26:39 - INFO - epoch-610, train_loss-0.1121, train_rmse-0.3348, valid_rmse-1.2216, valid_pr-0.7607
2025-06-09 20:26:45 - INFO - epoch-611, train_loss-0.1034, train_rmse-0.3216, valid_rmse-1.1982, valid_pr-0.7659
2025-06-09 20:26:52 - INFO - epoch-612, train_loss-0.0971, train_rmse-0.3116, valid_rmse-1.1865, valid_pr-0.7683
2025-06-09 20:26:58 - INFO - epoch-613, train_loss-0.0987, train_rmse-0.3142, valid_rmse-1.2047, valid_pr-0.7728
2025-06-09 20:27:04 - INFO - epoch-614, train_loss-0.0990, train_rmse-0.3147, valid_rmse-1.2103, valid_pr-0.7676
2025-06-09 20:27:10 - INFO - epoch-615, train_loss-0.1035, train_rmse-0.3217, valid_rmse-1.2238, valid_pr-0.7655
2025-06-09 20:27:17 - INFO - epoch-616, train_loss-0.0979, train_rmse-0.3129, valid_rmse-1.1923, valid_pr-0.7670
2025-06-09 20:27:23 - INFO - epoch-617, train_loss-0.1094, train_rmse-0.3307, valid_rmse-1.1971, valid_pr-0.7659
2025-06-09 20:27:29 - INFO - epoch-618, train_loss-0.1011, train_rmse-0.3180, valid_rmse-1.2009, valid_pr-0.7623
2025-06-09 20:27:35 - INFO - epoch-619, train_loss-0.1060, train_rmse-0.3255, valid_rmse-1.1946, valid_pr-0.7707
2025-06-09 20:27:42 - INFO - epoch-620, train_loss-0.1113, train_rmse-0.3336, valid_rmse-1.2191, valid_pr-0.7657
2025-06-09 20:27:48 - INFO - epoch-621, train_loss-0.1014, train_rmse-0.3184, valid_rmse-1.2025, valid_pr-0.7663
2025-06-09 20:27:54 - INFO - epoch-622, train_loss-0.0989, train_rmse-0.3145, valid_rmse-1.1976, valid_pr-0.7626
2025-06-09 20:28:00 - INFO - epoch-623, train_loss-0.1026, train_rmse-0.3202, valid_rmse-1.2017, valid_pr-0.7658
2025-06-09 20:28:07 - INFO - epoch-624, train_loss-0.1077, train_rmse-0.3281, valid_rmse-1.1965, valid_pr-0.7637
2025-06-09 20:28:13 - INFO - epoch-625, train_loss-0.1051, train_rmse-0.3242, valid_rmse-1.2168, valid_pr-0.7611
2025-06-09 20:28:19 - INFO - epoch-626, train_loss-0.1011, train_rmse-0.3179, valid_rmse-1.2042, valid_pr-0.7656
2025-06-09 20:28:26 - INFO - epoch-627, train_loss-0.0989, train_rmse-0.3144, valid_rmse-1.2272, valid_pr-0.7631
2025-06-09 20:28:32 - INFO - epoch-628, train_loss-0.0972, train_rmse-0.3118, valid_rmse-1.2167, valid_pr-0.7640
2025-06-09 20:28:38 - INFO - epoch-629, train_loss-0.1037, train_rmse-0.3220, valid_rmse-1.1985, valid_pr-0.7659
2025-06-09 20:28:45 - INFO - epoch-630, train_loss-0.1053, train_rmse-0.3245, valid_rmse-1.1977, valid_pr-0.7634
2025-06-09 20:28:51 - INFO - epoch-631, train_loss-0.1120, train_rmse-0.3346, valid_rmse-1.2012, valid_pr-0.7647
2025-06-09 20:28:57 - INFO - epoch-632, train_loss-0.1071, train_rmse-0.3273, valid_rmse-1.2113, valid_pr-0.7645
2025-06-09 20:29:03 - INFO - epoch-633, train_loss-0.0974, train_rmse-0.3121, valid_rmse-1.2093, valid_pr-0.7634
2025-06-09 20:29:10 - INFO - epoch-634, train_loss-0.0947, train_rmse-0.3078, valid_rmse-1.1983, valid_pr-0.7661
2025-06-09 20:29:16 - INFO - epoch-635, train_loss-0.0982, train_rmse-0.3133, valid_rmse-1.2074, valid_pr-0.7634
2025-06-09 20:29:22 - INFO - epoch-636, train_loss-0.0987, train_rmse-0.3141, valid_rmse-1.2026, valid_pr-0.7651
2025-06-09 20:29:29 - INFO - epoch-637, train_loss-0.0993, train_rmse-0.3151, valid_rmse-1.1996, valid_pr-0.7692
2025-06-09 20:29:35 - INFO - epoch-638, train_loss-0.1099, train_rmse-0.3315, valid_rmse-1.2401, valid_pr-0.7591
2025-06-09 20:29:41 - INFO - epoch-639, train_loss-0.0952, train_rmse-0.3086, valid_rmse-1.2111, valid_pr-0.7597
2025-06-09 20:29:48 - INFO - epoch-640, train_loss-0.0961, train_rmse-0.3100, valid_rmse-1.2231, valid_pr-0.7633
2025-06-09 20:29:54 - INFO - epoch-641, train_loss-0.1051, train_rmse-0.3242, valid_rmse-1.2194, valid_pr-0.7660
2025-06-09 20:30:00 - INFO - epoch-642, train_loss-0.0995, train_rmse-0.3155, valid_rmse-1.2311, valid_pr-0.7639
2025-06-09 20:30:07 - INFO - epoch-643, train_loss-0.0990, train_rmse-0.3147, valid_rmse-1.2069, valid_pr-0.7707
2025-06-09 20:30:13 - INFO - epoch-644, train_loss-0.1002, train_rmse-0.3165, valid_rmse-1.2152, valid_pr-0.7644
2025-06-09 20:30:19 - INFO - epoch-645, train_loss-0.1031, train_rmse-0.3210, valid_rmse-1.2140, valid_pr-0.7682
2025-06-09 20:30:26 - INFO - epoch-646, train_loss-0.1127, train_rmse-0.3357, valid_rmse-1.2043, valid_pr-0.7620
2025-06-09 20:30:32 - INFO - epoch-647, train_loss-0.1019, train_rmse-0.3193, valid_rmse-1.2272, valid_pr-0.7587
2025-06-09 20:30:38 - INFO - epoch-648, train_loss-0.1059, train_rmse-0.3255, valid_rmse-1.1940, valid_pr-0.7660
2025-06-09 20:30:45 - INFO - epoch-649, train_loss-0.0963, train_rmse-0.3104, valid_rmse-1.1980, valid_pr-0.7672
2025-06-09 20:30:51 - INFO - epoch-650, train_loss-0.1108, train_rmse-0.3329, valid_rmse-1.2016, valid_pr-0.7618
2025-06-09 20:30:57 - INFO - epoch-651, train_loss-0.0990, train_rmse-0.3146, valid_rmse-1.2157, valid_pr-0.7618
2025-06-09 20:31:04 - INFO - epoch-652, train_loss-0.1052, train_rmse-0.3243, valid_rmse-1.1953, valid_pr-0.7674
2025-06-09 20:31:10 - INFO - epoch-653, train_loss-0.0966, train_rmse-0.3107, valid_rmse-1.2009, valid_pr-0.7647
2025-06-09 20:31:16 - INFO - epoch-654, train_loss-0.0940, train_rmse-0.3066, valid_rmse-1.2085, valid_pr-0.7680
2025-06-09 20:31:23 - INFO - epoch-655, train_loss-0.0850, train_rmse-0.2915, valid_rmse-1.2121, valid_pr-0.7650
2025-06-09 20:31:29 - INFO - epoch-656, train_loss-0.0900, train_rmse-0.3000, valid_rmse-1.2185, valid_pr-0.7648
2025-06-09 20:31:35 - INFO - epoch-657, train_loss-0.1000, train_rmse-0.3163, valid_rmse-1.2125, valid_pr-0.7635
2025-06-09 20:31:42 - INFO - epoch-658, train_loss-0.1075, train_rmse-0.3279, valid_rmse-1.2052, valid_pr-0.7645
2025-06-09 20:31:48 - INFO - epoch-659, train_loss-0.0961, train_rmse-0.3100, valid_rmse-1.2010, valid_pr-0.7621
2025-06-09 20:31:55 - INFO - epoch-660, train_loss-0.1046, train_rmse-0.3234, valid_rmse-1.2158, valid_pr-0.7551
2025-06-09 20:32:01 - INFO - epoch-661, train_loss-0.0980, train_rmse-0.3131, valid_rmse-1.2200, valid_pr-0.7658
2025-06-09 20:32:08 - INFO - epoch-662, train_loss-0.1130, train_rmse-0.3362, valid_rmse-1.2378, valid_pr-0.7606
2025-06-09 20:32:14 - INFO - epoch-663, train_loss-0.1013, train_rmse-0.3182, valid_rmse-1.2358, valid_pr-0.7562
2025-06-09 20:32:14 - INFO - early stop in epoch 663
2025-06-09 20:32:14 - INFO - best_rmse: 1.1844
2025-06-09 20:32:19 - INFO - valid_rmse-1.1844, valid_pr-0.7704, test2013_rmse-1.4795, test2013_pr-0.7859, test2016_rmse-1.2662, test2016_pr-0.8205, test2019_rmse-1.3965, test2019_pr-0.6351,
