2025-06-11 18:03:39 - INFO - train_GIN_demo.py
2025-06-11 18:03:39 - INFO - train data: 11904
2025-06-11 18:03:39 - INFO - valid data: 1000
2025-06-11 18:03:39 - INFO - test2013 data: 107
2025-06-11 18:03:39 - INFO - test2016 data: 285
2025-06-11 18:03:39 - INFO - test2019 data: 4366
2025-06-11 18:03:49 - INFO - epoch-0, train_loss-40.1349, train_rmse-6.3352, valid_rmse-6.4809, valid_pr-0.4673
2025-06-11 18:03:59 - INFO - epoch-1, train_loss-25.2593, train_rmse-5.0259, valid_rmse-3.2008, valid_pr-0.4493
2025-06-11 18:04:09 - INFO - epoch-2, train_loss-7.9728, train_rmse-2.8236, valid_rmse-1.8392, valid_pr-0.4586
2025-06-11 18:04:20 - INFO - epoch-3, train_loss-3.7556, train_rmse-1.9379, valid_rmse-1.9961, valid_pr-0.1578
2025-06-11 18:04:30 - INFO - epoch-4, train_loss-3.4975, train_rmse-1.8702, valid_rmse-1.6976, valid_pr-0.4661
2025-06-11 18:04:41 - INFO - epoch-5, train_loss-3.4971, train_rmse-1.8700, valid_rmse-1.6391, valid_pr-0.4852
2025-06-11 18:04:50 - INFO - epoch-6, train_loss-3.3800, train_rmse-1.8385, valid_rmse-1.6991, valid_pr-0.4700
2025-06-11 18:05:00 - INFO - epoch-7, train_loss-3.2834, train_rmse-1.8120, valid_rmse-1.6743, valid_pr-0.4682
2025-06-11 18:05:10 - INFO - epoch-8, train_loss-3.2292, train_rmse-1.7970, valid_rmse-1.7606, valid_pr-0.4950
2025-06-11 18:05:20 - INFO - epoch-9, train_loss-3.1945, train_rmse-1.7873, valid_rmse-1.6702, valid_pr-0.5006
2025-06-11 18:05:30 - INFO - epoch-10, train_loss-3.1803, train_rmse-1.7833, valid_rmse-1.6194, valid_pr-0.4969
2025-06-11 18:05:40 - INFO - epoch-11, train_loss-3.0800, train_rmse-1.7550, valid_rmse-1.6104, valid_pr-0.5035
2025-06-11 18:05:51 - INFO - epoch-12, train_loss-3.0953, train_rmse-1.7593, valid_rmse-1.5944, valid_pr-0.5115
2025-06-11 18:06:01 - INFO - epoch-13, train_loss-3.0023, train_rmse-1.7327, valid_rmse-1.6010, valid_pr-0.5048
2025-06-11 18:06:11 - INFO - epoch-14, train_loss-2.9927, train_rmse-1.7300, valid_rmse-1.6785, valid_pr-0.5183
2025-06-11 18:06:21 - INFO - epoch-15, train_loss-2.9590, train_rmse-1.7202, valid_rmse-1.5989, valid_pr-0.5131
2025-06-11 18:06:32 - INFO - epoch-16, train_loss-2.9272, train_rmse-1.7109, valid_rmse-1.5843, valid_pr-0.5193
2025-06-11 18:06:43 - INFO - epoch-17, train_loss-2.8705, train_rmse-1.6943, valid_rmse-1.5930, valid_pr-0.5111
2025-06-11 18:06:54 - INFO - epoch-18, train_loss-2.8860, train_rmse-1.6988, valid_rmse-1.5977, valid_pr-0.5026
2025-06-11 18:07:04 - INFO - epoch-19, train_loss-2.8297, train_rmse-1.6822, valid_rmse-1.5951, valid_pr-0.5213
2025-06-11 18:07:15 - INFO - epoch-20, train_loss-2.7593, train_rmse-1.6611, valid_rmse-1.6004, valid_pr-0.5388
2025-06-11 18:07:27 - INFO - epoch-21, train_loss-2.8143, train_rmse-1.6776, valid_rmse-1.5880, valid_pr-0.5235
2025-06-11 18:07:38 - INFO - epoch-22, train_loss-2.7662, train_rmse-1.6632, valid_rmse-1.5690, valid_pr-0.5410
2025-06-11 18:07:49 - INFO - epoch-23, train_loss-2.7217, train_rmse-1.6497, valid_rmse-1.5774, valid_pr-0.5251
2025-06-11 18:07:59 - INFO - epoch-24, train_loss-2.7302, train_rmse-1.6523, valid_rmse-1.5815, valid_pr-0.5364
2025-06-11 18:08:10 - INFO - epoch-25, train_loss-2.7082, train_rmse-1.6457, valid_rmse-1.5530, valid_pr-0.5472
2025-06-11 18:08:21 - INFO - epoch-26, train_loss-2.6281, train_rmse-1.6211, valid_rmse-1.6015, valid_pr-0.5401
2025-06-11 18:08:33 - INFO - epoch-27, train_loss-2.6674, train_rmse-1.6332, valid_rmse-1.5559, valid_pr-0.5428
2025-06-11 18:08:43 - INFO - epoch-28, train_loss-2.6042, train_rmse-1.6138, valid_rmse-1.5564, valid_pr-0.5402
2025-06-11 18:08:55 - INFO - epoch-29, train_loss-2.6015, train_rmse-1.6129, valid_rmse-1.5561, valid_pr-0.5409
2025-06-11 18:09:06 - INFO - epoch-30, train_loss-2.6023, train_rmse-1.6132, valid_rmse-1.5380, valid_pr-0.5567
2025-06-11 18:09:17 - INFO - epoch-31, train_loss-2.5797, train_rmse-1.6061, valid_rmse-1.6059, valid_pr-0.5376
2025-06-11 18:09:28 - INFO - epoch-32, train_loss-2.5445, train_rmse-1.5952, valid_rmse-1.5591, valid_pr-0.5473
2025-06-11 18:09:39 - INFO - epoch-33, train_loss-2.5461, train_rmse-1.5956, valid_rmse-1.5402, valid_pr-0.5556
2025-06-11 18:09:50 - INFO - epoch-34, train_loss-2.5213, train_rmse-1.5879, valid_rmse-1.5687, valid_pr-0.5366
2025-06-11 18:10:02 - INFO - epoch-35, train_loss-2.4932, train_rmse-1.5790, valid_rmse-1.5730, valid_pr-0.5566
2025-06-11 18:10:14 - INFO - epoch-36, train_loss-2.4772, train_rmse-1.5739, valid_rmse-1.5675, valid_pr-0.5460
2025-06-11 18:10:25 - INFO - epoch-37, train_loss-2.4647, train_rmse-1.5699, valid_rmse-1.5574, valid_pr-0.5508
2025-06-11 18:10:36 - INFO - epoch-38, train_loss-2.4803, train_rmse-1.5749, valid_rmse-1.5760, valid_pr-0.5426
2025-06-11 18:10:46 - INFO - epoch-39, train_loss-2.4650, train_rmse-1.5700, valid_rmse-1.5287, valid_pr-0.5649
2025-06-11 18:10:57 - INFO - epoch-40, train_loss-2.4499, train_rmse-1.5652, valid_rmse-1.5498, valid_pr-0.5530
2025-06-11 18:11:08 - INFO - epoch-41, train_loss-2.4274, train_rmse-1.5580, valid_rmse-1.5402, valid_pr-0.5516
2025-06-11 18:11:18 - INFO - epoch-42, train_loss-2.4058, train_rmse-1.5511, valid_rmse-1.5392, valid_pr-0.5546
2025-06-11 18:11:30 - INFO - epoch-43, train_loss-2.3876, train_rmse-1.5452, valid_rmse-1.5324, valid_pr-0.5591
2025-06-11 18:11:41 - INFO - epoch-44, train_loss-2.3711, train_rmse-1.5398, valid_rmse-1.5907, valid_pr-0.5288
2025-06-11 18:11:53 - INFO - epoch-45, train_loss-2.3947, train_rmse-1.5475, valid_rmse-1.5425, valid_pr-0.5555
2025-06-11 18:12:05 - INFO - epoch-46, train_loss-2.3603, train_rmse-1.5363, valid_rmse-1.5280, valid_pr-0.5637
2025-06-11 18:12:16 - INFO - epoch-47, train_loss-2.3728, train_rmse-1.5404, valid_rmse-1.5231, valid_pr-0.5688
2025-06-11 18:12:29 - INFO - epoch-48, train_loss-2.3684, train_rmse-1.5390, valid_rmse-1.5240, valid_pr-0.5696
2025-06-11 18:12:40 - INFO - epoch-49, train_loss-2.3458, train_rmse-1.5316, valid_rmse-1.5399, valid_pr-0.5566
2025-06-11 18:12:51 - INFO - epoch-50, train_loss-2.3502, train_rmse-1.5330, valid_rmse-1.5166, valid_pr-0.5735
2025-06-11 18:13:01 - INFO - epoch-51, train_loss-2.3355, train_rmse-1.5282, valid_rmse-1.5048, valid_pr-0.5800
2025-06-11 18:13:12 - INFO - epoch-52, train_loss-2.3164, train_rmse-1.5220, valid_rmse-1.5197, valid_pr-0.5812
2025-06-11 18:13:24 - INFO - epoch-53, train_loss-2.3015, train_rmse-1.5171, valid_rmse-1.5146, valid_pr-0.5779
2025-06-11 18:13:36 - INFO - epoch-54, train_loss-2.2796, train_rmse-1.5098, valid_rmse-1.5162, valid_pr-0.5764
2025-06-11 18:13:46 - INFO - epoch-55, train_loss-2.2816, train_rmse-1.5105, valid_rmse-1.5157, valid_pr-0.5824
2025-06-11 18:13:57 - INFO - epoch-56, train_loss-2.2470, train_rmse-1.4990, valid_rmse-1.5089, valid_pr-0.5842
2025-06-11 18:14:08 - INFO - epoch-57, train_loss-2.2657, train_rmse-1.5052, valid_rmse-1.5257, valid_pr-0.5697
2025-06-11 18:14:20 - INFO - epoch-58, train_loss-2.2606, train_rmse-1.5035, valid_rmse-1.5154, valid_pr-0.5760
2025-06-11 18:14:31 - INFO - epoch-59, train_loss-2.2750, train_rmse-1.5083, valid_rmse-1.5328, valid_pr-0.5713
2025-06-11 18:14:42 - INFO - epoch-60, train_loss-2.2364, train_rmse-1.4955, valid_rmse-1.5113, valid_pr-0.5781
2025-06-11 18:14:53 - INFO - epoch-61, train_loss-2.2301, train_rmse-1.4933, valid_rmse-1.5296, valid_pr-0.5822
2025-06-11 18:15:04 - INFO - epoch-62, train_loss-2.2284, train_rmse-1.4928, valid_rmse-1.5538, valid_pr-0.5461
2025-06-11 18:15:15 - INFO - epoch-63, train_loss-2.1775, train_rmse-1.4756, valid_rmse-1.4991, valid_pr-0.5844
2025-06-11 18:15:26 - INFO - epoch-64, train_loss-2.1773, train_rmse-1.4756, valid_rmse-1.5235, valid_pr-0.5723
2025-06-11 18:15:36 - INFO - epoch-65, train_loss-2.1851, train_rmse-1.4782, valid_rmse-1.5341, valid_pr-0.5793
2025-06-11 18:15:48 - INFO - epoch-66, train_loss-2.1958, train_rmse-1.4818, valid_rmse-1.5292, valid_pr-0.5729
2025-06-11 18:15:59 - INFO - epoch-67, train_loss-2.1850, train_rmse-1.4782, valid_rmse-1.5122, valid_pr-0.5765
2025-06-11 18:16:09 - INFO - epoch-68, train_loss-2.1535, train_rmse-1.4675, valid_rmse-1.4933, valid_pr-0.5940
2025-06-11 18:16:20 - INFO - epoch-69, train_loss-2.1846, train_rmse-1.4780, valid_rmse-1.4855, valid_pr-0.5964
2025-06-11 18:16:31 - INFO - epoch-70, train_loss-2.1334, train_rmse-1.4606, valid_rmse-1.4752, valid_pr-0.6035
2025-06-11 18:16:42 - INFO - epoch-71, train_loss-2.1109, train_rmse-1.4529, valid_rmse-1.4866, valid_pr-0.5984
2025-06-11 18:16:52 - INFO - epoch-72, train_loss-2.1121, train_rmse-1.4533, valid_rmse-1.4853, valid_pr-0.5985
2025-06-11 18:17:02 - INFO - epoch-73, train_loss-2.1135, train_rmse-1.4538, valid_rmse-1.5143, valid_pr-0.5857
2025-06-11 18:17:14 - INFO - epoch-74, train_loss-2.1093, train_rmse-1.4523, valid_rmse-1.4682, valid_pr-0.6086
2025-06-11 18:17:25 - INFO - epoch-75, train_loss-2.0874, train_rmse-1.4448, valid_rmse-1.5217, valid_pr-0.5819
2025-06-11 18:17:37 - INFO - epoch-76, train_loss-2.0922, train_rmse-1.4464, valid_rmse-1.4773, valid_pr-0.6061
2025-06-11 18:17:48 - INFO - epoch-77, train_loss-2.0675, train_rmse-1.4379, valid_rmse-1.4885, valid_pr-0.5976
2025-06-11 18:17:59 - INFO - epoch-78, train_loss-2.0840, train_rmse-1.4436, valid_rmse-1.4831, valid_pr-0.5998
2025-06-11 18:18:10 - INFO - epoch-79, train_loss-2.0835, train_rmse-1.4434, valid_rmse-1.4792, valid_pr-0.6011
2025-06-11 18:18:20 - INFO - epoch-80, train_loss-2.0886, train_rmse-1.4452, valid_rmse-1.5343, valid_pr-0.5799
2025-06-11 18:18:32 - INFO - epoch-81, train_loss-2.0646, train_rmse-1.4369, valid_rmse-1.4955, valid_pr-0.6019
2025-06-11 18:18:43 - INFO - epoch-82, train_loss-2.0175, train_rmse-1.4204, valid_rmse-1.4786, valid_pr-0.5988
2025-06-11 18:18:53 - INFO - epoch-83, train_loss-2.0336, train_rmse-1.4261, valid_rmse-1.4670, valid_pr-0.6081
2025-06-11 18:19:04 - INFO - epoch-84, train_loss-2.0078, train_rmse-1.4170, valid_rmse-1.4800, valid_pr-0.5986
2025-06-11 18:19:15 - INFO - epoch-85, train_loss-2.0032, train_rmse-1.4154, valid_rmse-1.4508, valid_pr-0.6214
2025-06-11 18:19:27 - INFO - epoch-86, train_loss-2.0248, train_rmse-1.4230, valid_rmse-1.5064, valid_pr-0.5809
2025-06-11 18:19:36 - INFO - epoch-87, train_loss-2.0049, train_rmse-1.4160, valid_rmse-1.4654, valid_pr-0.6142
2025-06-11 18:19:43 - INFO - epoch-88, train_loss-1.9881, train_rmse-1.4100, valid_rmse-1.4403, valid_pr-0.6261
2025-06-11 18:19:47 - INFO - epoch-89, train_loss-1.9984, train_rmse-1.4137, valid_rmse-1.5256, valid_pr-0.5977
2025-06-11 18:19:51 - INFO - epoch-90, train_loss-1.9902, train_rmse-1.4107, valid_rmse-1.4366, valid_pr-0.6290
2025-06-11 18:20:00 - INFO - epoch-91, train_loss-1.9482, train_rmse-1.3958, valid_rmse-1.4490, valid_pr-0.6197
2025-06-11 18:20:08 - INFO - epoch-92, train_loss-1.9468, train_rmse-1.3953, valid_rmse-1.4660, valid_pr-0.6117
2025-06-11 18:20:16 - INFO - epoch-93, train_loss-1.9675, train_rmse-1.4027, valid_rmse-1.4538, valid_pr-0.6281
2025-06-11 18:20:25 - INFO - epoch-94, train_loss-1.9324, train_rmse-1.3901, valid_rmse-1.5349, valid_pr-0.6020
2025-06-11 18:20:35 - INFO - epoch-95, train_loss-1.9368, train_rmse-1.3917, valid_rmse-1.4575, valid_pr-0.6211
2025-06-11 18:20:43 - INFO - epoch-96, train_loss-1.9136, train_rmse-1.3833, valid_rmse-1.4343, valid_pr-0.6299
2025-06-11 18:20:48 - INFO - epoch-97, train_loss-1.9011, train_rmse-1.3788, valid_rmse-1.4539, valid_pr-0.6247
2025-06-11 18:20:51 - INFO - epoch-98, train_loss-1.8918, train_rmse-1.3754, valid_rmse-1.5311, valid_pr-0.5809
2025-06-11 18:20:55 - INFO - epoch-99, train_loss-1.8719, train_rmse-1.3682, valid_rmse-1.4864, valid_pr-0.6132
2025-06-11 18:20:58 - INFO - epoch-100, train_loss-1.8967, train_rmse-1.3772, valid_rmse-1.4725, valid_pr-0.6162
2025-06-11 18:21:01 - INFO - epoch-101, train_loss-1.8893, train_rmse-1.3745, valid_rmse-1.4689, valid_pr-0.6164
2025-06-11 18:21:05 - INFO - epoch-102, train_loss-1.8710, train_rmse-1.3678, valid_rmse-1.4638, valid_pr-0.6187
2025-06-11 18:21:08 - INFO - epoch-103, train_loss-1.8539, train_rmse-1.3616, valid_rmse-1.4577, valid_pr-0.6253
2025-06-11 18:21:14 - INFO - epoch-104, train_loss-1.8515, train_rmse-1.3607, valid_rmse-1.4794, valid_pr-0.6105
2025-06-11 18:21:17 - INFO - epoch-105, train_loss-1.8699, train_rmse-1.3675, valid_rmse-1.4299, valid_pr-0.6328
2025-06-11 18:21:20 - INFO - epoch-106, train_loss-1.8369, train_rmse-1.3553, valid_rmse-1.4824, valid_pr-0.6099
2025-06-11 18:21:23 - INFO - epoch-107, train_loss-1.8486, train_rmse-1.3596, valid_rmse-1.4923, valid_pr-0.6064
2025-06-11 18:21:26 - INFO - epoch-108, train_loss-1.8365, train_rmse-1.3552, valid_rmse-1.4641, valid_pr-0.6282
2025-06-11 18:21:29 - INFO - epoch-109, train_loss-1.7981, train_rmse-1.3409, valid_rmse-1.4659, valid_pr-0.6208
2025-06-11 18:21:32 - INFO - epoch-110, train_loss-1.8053, train_rmse-1.3436, valid_rmse-1.4355, valid_pr-0.6318
2025-06-11 18:21:35 - INFO - epoch-111, train_loss-1.7998, train_rmse-1.3416, valid_rmse-1.4328, valid_pr-0.6396
2025-06-11 18:21:39 - INFO - epoch-112, train_loss-1.8002, train_rmse-1.3417, valid_rmse-1.4182, valid_pr-0.6426
2025-06-11 18:21:42 - INFO - epoch-113, train_loss-1.7801, train_rmse-1.3342, valid_rmse-1.4532, valid_pr-0.6251
2025-06-11 18:21:45 - INFO - epoch-114, train_loss-1.8063, train_rmse-1.3440, valid_rmse-1.4444, valid_pr-0.6250
2025-06-11 18:21:48 - INFO - epoch-115, train_loss-1.7792, train_rmse-1.3339, valid_rmse-1.4617, valid_pr-0.6339
2025-06-11 18:21:51 - INFO - epoch-116, train_loss-1.7780, train_rmse-1.3334, valid_rmse-1.4485, valid_pr-0.6225
2025-06-11 18:21:54 - INFO - epoch-117, train_loss-1.7594, train_rmse-1.3264, valid_rmse-1.4562, valid_pr-0.6234
2025-06-11 18:21:58 - INFO - epoch-118, train_loss-1.7466, train_rmse-1.3216, valid_rmse-1.4314, valid_pr-0.6401
2025-06-11 18:22:01 - INFO - epoch-119, train_loss-1.7425, train_rmse-1.3200, valid_rmse-1.4186, valid_pr-0.6424
2025-06-11 18:22:04 - INFO - epoch-120, train_loss-1.7213, train_rmse-1.3120, valid_rmse-1.4329, valid_pr-0.6314
2025-06-11 18:22:07 - INFO - epoch-121, train_loss-1.7403, train_rmse-1.3192, valid_rmse-1.4470, valid_pr-0.6249
2025-06-11 18:22:10 - INFO - epoch-122, train_loss-1.7194, train_rmse-1.3113, valid_rmse-1.4194, valid_pr-0.6420
2025-06-11 18:22:13 - INFO - epoch-123, train_loss-1.7374, train_rmse-1.3181, valid_rmse-1.4180, valid_pr-0.6434
2025-06-11 18:22:16 - INFO - epoch-124, train_loss-1.6985, train_rmse-1.3033, valid_rmse-1.4299, valid_pr-0.6361
2025-06-11 18:22:19 - INFO - epoch-125, train_loss-1.7176, train_rmse-1.3106, valid_rmse-1.4200, valid_pr-0.6478
2025-06-11 18:22:22 - INFO - epoch-126, train_loss-1.6970, train_rmse-1.3027, valid_rmse-1.4681, valid_pr-0.6315
2025-06-11 18:22:25 - INFO - epoch-127, train_loss-1.6884, train_rmse-1.2994, valid_rmse-1.3932, valid_pr-0.6580
2025-06-11 18:22:28 - INFO - epoch-128, train_loss-1.6934, train_rmse-1.3013, valid_rmse-1.4102, valid_pr-0.6503
2025-06-11 18:22:31 - INFO - epoch-129, train_loss-1.6947, train_rmse-1.3018, valid_rmse-1.4060, valid_pr-0.6493
2025-06-11 18:22:34 - INFO - epoch-130, train_loss-1.6944, train_rmse-1.3017, valid_rmse-1.4462, valid_pr-0.6413
2025-06-11 18:22:37 - INFO - epoch-131, train_loss-1.6831, train_rmse-1.2973, valid_rmse-1.4006, valid_pr-0.6527
2025-06-11 18:22:40 - INFO - epoch-132, train_loss-1.6608, train_rmse-1.2887, valid_rmse-1.5049, valid_pr-0.6143
2025-06-11 18:22:44 - INFO - epoch-133, train_loss-1.6502, train_rmse-1.2846, valid_rmse-1.4198, valid_pr-0.6424
2025-06-11 18:22:47 - INFO - epoch-134, train_loss-1.6476, train_rmse-1.2836, valid_rmse-1.4053, valid_pr-0.6541
2025-06-11 18:22:50 - INFO - epoch-135, train_loss-1.6488, train_rmse-1.2841, valid_rmse-1.4258, valid_pr-0.6491
2025-06-11 18:22:53 - INFO - epoch-136, train_loss-1.6635, train_rmse-1.2898, valid_rmse-1.4967, valid_pr-0.5950
2025-06-11 18:22:56 - INFO - epoch-137, train_loss-1.6652, train_rmse-1.2904, valid_rmse-1.4232, valid_pr-0.6398
2025-06-11 18:22:59 - INFO - epoch-138, train_loss-1.6286, train_rmse-1.2762, valid_rmse-1.3976, valid_pr-0.6554
2025-06-11 18:23:02 - INFO - epoch-139, train_loss-1.6082, train_rmse-1.2681, valid_rmse-1.4025, valid_pr-0.6520
2025-06-11 18:23:05 - INFO - epoch-140, train_loss-1.6193, train_rmse-1.2725, valid_rmse-1.4004, valid_pr-0.6530
2025-06-11 18:23:08 - INFO - epoch-141, train_loss-1.6049, train_rmse-1.2668, valid_rmse-1.4040, valid_pr-0.6528
2025-06-11 18:23:11 - INFO - epoch-142, train_loss-1.6070, train_rmse-1.2677, valid_rmse-1.3937, valid_pr-0.6558
2025-06-11 18:23:14 - INFO - epoch-143, train_loss-1.5853, train_rmse-1.2591, valid_rmse-1.3983, valid_pr-0.6558
2025-06-11 18:23:17 - INFO - epoch-144, train_loss-1.5703, train_rmse-1.2531, valid_rmse-1.4225, valid_pr-0.6445
2025-06-11 18:23:20 - INFO - epoch-145, train_loss-1.5939, train_rmse-1.2625, valid_rmse-1.4055, valid_pr-0.6519
2025-06-11 18:23:23 - INFO - epoch-146, train_loss-1.5804, train_rmse-1.2572, valid_rmse-1.4099, valid_pr-0.6562
2025-06-11 18:23:26 - INFO - epoch-147, train_loss-1.5628, train_rmse-1.2501, valid_rmse-1.3974, valid_pr-0.6565
2025-06-11 18:23:29 - INFO - epoch-148, train_loss-1.6072, train_rmse-1.2677, valid_rmse-1.4242, valid_pr-0.6461
2025-06-11 18:23:32 - INFO - epoch-149, train_loss-1.5743, train_rmse-1.2547, valid_rmse-1.3870, valid_pr-0.6618
2025-06-11 18:23:36 - INFO - epoch-150, train_loss-1.5542, train_rmse-1.2467, valid_rmse-1.3948, valid_pr-0.6614
2025-06-11 18:23:38 - INFO - epoch-151, train_loss-1.5794, train_rmse-1.2567, valid_rmse-1.3991, valid_pr-0.6577
2025-06-11 18:23:42 - INFO - epoch-152, train_loss-1.5797, train_rmse-1.2569, valid_rmse-1.3894, valid_pr-0.6619
2025-06-11 18:23:45 - INFO - epoch-153, train_loss-1.5564, train_rmse-1.2476, valid_rmse-1.4015, valid_pr-0.6622
2025-06-11 18:23:48 - INFO - epoch-154, train_loss-1.5599, train_rmse-1.2490, valid_rmse-1.4161, valid_pr-0.6503
2025-06-11 18:23:51 - INFO - epoch-155, train_loss-1.5214, train_rmse-1.2335, valid_rmse-1.4400, valid_pr-0.6402
2025-06-11 18:23:54 - INFO - epoch-156, train_loss-1.5247, train_rmse-1.2348, valid_rmse-1.3867, valid_pr-0.6606
2025-06-11 18:23:57 - INFO - epoch-157, train_loss-1.4901, train_rmse-1.2207, valid_rmse-1.4065, valid_pr-0.6511
2025-06-11 18:24:00 - INFO - epoch-158, train_loss-1.5106, train_rmse-1.2291, valid_rmse-1.3762, valid_pr-0.6711
2025-06-11 18:24:03 - INFO - epoch-159, train_loss-1.5078, train_rmse-1.2279, valid_rmse-1.3948, valid_pr-0.6608
2025-06-11 18:24:06 - INFO - epoch-160, train_loss-1.5076, train_rmse-1.2278, valid_rmse-1.4630, valid_pr-0.6508
2025-06-11 18:24:10 - INFO - epoch-161, train_loss-1.4809, train_rmse-1.2169, valid_rmse-1.4302, valid_pr-0.6493
2025-06-11 18:24:12 - INFO - epoch-162, train_loss-1.4960, train_rmse-1.2231, valid_rmse-1.3965, valid_pr-0.6580
2025-06-11 18:24:15 - INFO - epoch-163, train_loss-1.4909, train_rmse-1.2210, valid_rmse-1.4496, valid_pr-0.6303
2025-06-11 18:24:18 - INFO - epoch-164, train_loss-1.5009, train_rmse-1.2251, valid_rmse-1.4249, valid_pr-0.6496
2025-06-11 18:24:22 - INFO - epoch-165, train_loss-1.4772, train_rmse-1.2154, valid_rmse-1.3985, valid_pr-0.6626
2025-06-11 18:24:25 - INFO - epoch-166, train_loss-1.4606, train_rmse-1.2086, valid_rmse-1.4321, valid_pr-0.6444
2025-06-11 18:24:28 - INFO - epoch-167, train_loss-1.4962, train_rmse-1.2232, valid_rmse-1.3755, valid_pr-0.6681
2025-06-11 18:24:31 - INFO - epoch-168, train_loss-1.4705, train_rmse-1.2127, valid_rmse-1.4296, valid_pr-0.6435
2025-06-11 18:24:34 - INFO - epoch-169, train_loss-1.4666, train_rmse-1.2110, valid_rmse-1.4136, valid_pr-0.6523
2025-06-11 18:24:38 - INFO - epoch-170, train_loss-1.4989, train_rmse-1.2243, valid_rmse-1.3824, valid_pr-0.6646
2025-06-11 18:24:40 - INFO - epoch-171, train_loss-1.4661, train_rmse-1.2108, valid_rmse-1.3809, valid_pr-0.6665
2025-06-11 18:24:43 - INFO - epoch-172, train_loss-1.4592, train_rmse-1.2080, valid_rmse-1.4128, valid_pr-0.6576
2025-06-11 18:24:46 - INFO - epoch-173, train_loss-1.4357, train_rmse-1.1982, valid_rmse-1.3856, valid_pr-0.6640
2025-06-11 18:24:50 - INFO - epoch-174, train_loss-1.4427, train_rmse-1.2011, valid_rmse-1.3797, valid_pr-0.6671
2025-06-11 18:24:53 - INFO - epoch-175, train_loss-1.4386, train_rmse-1.1994, valid_rmse-1.4286, valid_pr-0.6498
2025-06-11 18:24:56 - INFO - epoch-176, train_loss-1.4360, train_rmse-1.1983, valid_rmse-1.4078, valid_pr-0.6594
2025-06-11 18:24:59 - INFO - epoch-177, train_loss-1.4554, train_rmse-1.2064, valid_rmse-1.3896, valid_pr-0.6612
2025-06-11 18:25:02 - INFO - epoch-178, train_loss-1.4187, train_rmse-1.1911, valid_rmse-1.3861, valid_pr-0.6644
2025-06-11 18:25:05 - INFO - epoch-179, train_loss-1.4265, train_rmse-1.1943, valid_rmse-1.3930, valid_pr-0.6652
2025-06-11 18:25:08 - INFO - epoch-180, train_loss-1.4320, train_rmse-1.1967, valid_rmse-1.3695, valid_pr-0.6733
2025-06-11 18:25:11 - INFO - epoch-181, train_loss-1.4382, train_rmse-1.1993, valid_rmse-1.3890, valid_pr-0.6642
2025-06-11 18:25:14 - INFO - epoch-182, train_loss-1.4043, train_rmse-1.1850, valid_rmse-1.3933, valid_pr-0.6662
2025-06-11 18:25:17 - INFO - epoch-183, train_loss-1.4243, train_rmse-1.1934, valid_rmse-1.3728, valid_pr-0.6736
2025-06-11 18:25:20 - INFO - epoch-184, train_loss-1.4123, train_rmse-1.1884, valid_rmse-1.3884, valid_pr-0.6635
2025-06-11 18:25:23 - INFO - epoch-185, train_loss-1.4014, train_rmse-1.1838, valid_rmse-1.3608, valid_pr-0.6783
2025-06-11 18:25:26 - INFO - epoch-186, train_loss-1.4197, train_rmse-1.1915, valid_rmse-1.3980, valid_pr-0.6600
2025-06-11 18:25:29 - INFO - epoch-187, train_loss-1.3957, train_rmse-1.1814, valid_rmse-1.3707, valid_pr-0.6758
2025-06-11 18:25:32 - INFO - epoch-188, train_loss-1.4083, train_rmse-1.1867, valid_rmse-1.4063, valid_pr-0.6554
2025-06-11 18:25:35 - INFO - epoch-189, train_loss-1.4033, train_rmse-1.1846, valid_rmse-1.3604, valid_pr-0.6838
2025-06-11 18:25:38 - INFO - epoch-190, train_loss-1.3581, train_rmse-1.1654, valid_rmse-1.3744, valid_pr-0.6708
2025-06-11 18:25:41 - INFO - epoch-191, train_loss-1.3824, train_rmse-1.1757, valid_rmse-1.3950, valid_pr-0.6587
2025-06-11 18:25:45 - INFO - epoch-192, train_loss-1.3666, train_rmse-1.1690, valid_rmse-1.3659, valid_pr-0.6759
2025-06-11 18:25:48 - INFO - epoch-193, train_loss-1.4024, train_rmse-1.1842, valid_rmse-1.3789, valid_pr-0.6708
2025-06-11 18:25:51 - INFO - epoch-194, train_loss-1.3531, train_rmse-1.1632, valid_rmse-1.3761, valid_pr-0.6699
2025-06-11 18:25:54 - INFO - epoch-195, train_loss-1.3570, train_rmse-1.1649, valid_rmse-1.3504, valid_pr-0.6832
2025-06-11 18:25:57 - INFO - epoch-196, train_loss-1.3747, train_rmse-1.1725, valid_rmse-1.3754, valid_pr-0.6682
2025-06-11 18:26:00 - INFO - epoch-197, train_loss-1.3654, train_rmse-1.1685, valid_rmse-1.4056, valid_pr-0.6630
2025-06-11 18:26:03 - INFO - epoch-198, train_loss-1.3683, train_rmse-1.1697, valid_rmse-1.3956, valid_pr-0.6650
2025-06-11 18:26:06 - INFO - epoch-199, train_loss-1.3457, train_rmse-1.1601, valid_rmse-1.3918, valid_pr-0.6636
2025-06-11 18:26:08 - INFO - epoch-200, train_loss-1.3259, train_rmse-1.1515, valid_rmse-1.3633, valid_pr-0.6806
2025-06-11 18:26:11 - INFO - epoch-201, train_loss-1.3345, train_rmse-1.1552, valid_rmse-1.3874, valid_pr-0.6690
2025-06-11 18:26:15 - INFO - epoch-202, train_loss-1.3424, train_rmse-1.1586, valid_rmse-1.3757, valid_pr-0.6732
2025-06-11 18:26:17 - INFO - epoch-203, train_loss-1.3368, train_rmse-1.1562, valid_rmse-1.3836, valid_pr-0.6727
2025-06-11 18:26:20 - INFO - epoch-204, train_loss-1.3354, train_rmse-1.1556, valid_rmse-1.3776, valid_pr-0.6713
2025-06-11 18:26:24 - INFO - epoch-205, train_loss-1.3601, train_rmse-1.1662, valid_rmse-1.4045, valid_pr-0.6537
2025-06-11 18:26:27 - INFO - epoch-206, train_loss-1.3431, train_rmse-1.1589, valid_rmse-1.3782, valid_pr-0.6684
2025-06-11 18:26:30 - INFO - epoch-207, train_loss-1.3292, train_rmse-1.1529, valid_rmse-1.3726, valid_pr-0.6752
2025-06-11 18:26:33 - INFO - epoch-208, train_loss-1.3103, train_rmse-1.1447, valid_rmse-1.3858, valid_pr-0.6724
2025-06-11 18:26:36 - INFO - epoch-209, train_loss-1.3275, train_rmse-1.1522, valid_rmse-1.3712, valid_pr-0.6717
2025-06-11 18:26:39 - INFO - epoch-210, train_loss-1.3294, train_rmse-1.1530, valid_rmse-1.4300, valid_pr-0.6492
2025-06-11 18:26:42 - INFO - epoch-211, train_loss-1.2967, train_rmse-1.1387, valid_rmse-1.3640, valid_pr-0.6786
2025-06-11 18:26:45 - INFO - epoch-212, train_loss-1.3241, train_rmse-1.1507, valid_rmse-1.3812, valid_pr-0.6714
2025-06-11 18:26:48 - INFO - epoch-213, train_loss-1.3148, train_rmse-1.1467, valid_rmse-1.3915, valid_pr-0.6680
2025-06-11 18:26:51 - INFO - epoch-214, train_loss-1.3161, train_rmse-1.1472, valid_rmse-1.3866, valid_pr-0.6685
2025-06-11 18:26:54 - INFO - epoch-215, train_loss-1.2931, train_rmse-1.1372, valid_rmse-1.3439, valid_pr-0.6877
2025-06-11 18:26:58 - INFO - epoch-216, train_loss-1.3026, train_rmse-1.1413, valid_rmse-1.3943, valid_pr-0.6678
2025-06-11 18:27:01 - INFO - epoch-217, train_loss-1.2763, train_rmse-1.1298, valid_rmse-1.3759, valid_pr-0.6704
2025-06-11 18:27:04 - INFO - epoch-218, train_loss-1.2915, train_rmse-1.1364, valid_rmse-1.3662, valid_pr-0.6748
2025-06-11 18:27:07 - INFO - epoch-219, train_loss-1.2770, train_rmse-1.1300, valid_rmse-1.4114, valid_pr-0.6671
2025-06-11 18:27:10 - INFO - epoch-220, train_loss-1.3048, train_rmse-1.1423, valid_rmse-1.3689, valid_pr-0.6766
2025-06-11 18:27:13 - INFO - epoch-221, train_loss-1.2777, train_rmse-1.1304, valid_rmse-1.3569, valid_pr-0.6827
2025-06-11 18:27:16 - INFO - epoch-222, train_loss-1.2703, train_rmse-1.1271, valid_rmse-1.3882, valid_pr-0.6669
2025-06-11 18:27:19 - INFO - epoch-223, train_loss-1.2778, train_rmse-1.1304, valid_rmse-1.3887, valid_pr-0.6742
2025-06-11 18:27:22 - INFO - epoch-224, train_loss-1.2727, train_rmse-1.1282, valid_rmse-1.3538, valid_pr-0.6818
2025-06-11 18:27:26 - INFO - epoch-225, train_loss-1.2381, train_rmse-1.1127, valid_rmse-1.3494, valid_pr-0.6872
2025-06-11 18:27:29 - INFO - epoch-226, train_loss-1.2711, train_rmse-1.1274, valid_rmse-1.3651, valid_pr-0.6764
2025-06-11 18:27:32 - INFO - epoch-227, train_loss-1.2488, train_rmse-1.1175, valid_rmse-1.3699, valid_pr-0.6733
2025-06-11 18:27:35 - INFO - epoch-228, train_loss-1.2732, train_rmse-1.1284, valid_rmse-1.3699, valid_pr-0.6805
2025-06-11 18:27:38 - INFO - epoch-229, train_loss-1.2610, train_rmse-1.1230, valid_rmse-1.3685, valid_pr-0.6800
2025-06-11 18:27:41 - INFO - epoch-230, train_loss-1.2265, train_rmse-1.1075, valid_rmse-1.3774, valid_pr-0.6729
2025-06-11 18:27:44 - INFO - epoch-231, train_loss-1.2486, train_rmse-1.1174, valid_rmse-1.3638, valid_pr-0.6766
2025-06-11 18:27:47 - INFO - epoch-232, train_loss-1.2402, train_rmse-1.1137, valid_rmse-1.3674, valid_pr-0.6775
2025-06-11 18:27:50 - INFO - epoch-233, train_loss-1.2323, train_rmse-1.1101, valid_rmse-1.3629, valid_pr-0.6774
2025-06-11 18:27:53 - INFO - epoch-234, train_loss-1.2273, train_rmse-1.1078, valid_rmse-1.3771, valid_pr-0.6731
2025-06-11 18:27:56 - INFO - epoch-235, train_loss-1.2455, train_rmse-1.1160, valid_rmse-1.3673, valid_pr-0.6775
2025-06-11 18:28:00 - INFO - epoch-236, train_loss-1.2311, train_rmse-1.1095, valid_rmse-1.3507, valid_pr-0.6837
2025-06-11 18:28:03 - INFO - epoch-237, train_loss-1.2074, train_rmse-1.0988, valid_rmse-1.3617, valid_pr-0.6816
2025-06-11 18:28:06 - INFO - epoch-238, train_loss-1.2130, train_rmse-1.1014, valid_rmse-1.3668, valid_pr-0.6762
2025-06-11 18:28:09 - INFO - epoch-239, train_loss-1.2434, train_rmse-1.1151, valid_rmse-1.3680, valid_pr-0.6758
2025-06-11 18:28:12 - INFO - epoch-240, train_loss-1.2375, train_rmse-1.1124, valid_rmse-1.3773, valid_pr-0.6678
2025-06-11 18:28:15 - INFO - epoch-241, train_loss-1.2329, train_rmse-1.1103, valid_rmse-1.3493, valid_pr-0.6867
2025-06-11 18:28:18 - INFO - epoch-242, train_loss-1.2073, train_rmse-1.0988, valid_rmse-1.3558, valid_pr-0.6821
2025-06-11 18:28:22 - INFO - epoch-243, train_loss-1.1996, train_rmse-1.0953, valid_rmse-1.3526, valid_pr-0.6864
2025-06-11 18:28:25 - INFO - epoch-244, train_loss-1.2146, train_rmse-1.1021, valid_rmse-1.3578, valid_pr-0.6812
2025-06-11 18:28:28 - INFO - epoch-245, train_loss-1.2230, train_rmse-1.1059, valid_rmse-1.3593, valid_pr-0.6825
2025-06-11 18:28:31 - INFO - epoch-246, train_loss-1.2133, train_rmse-1.1015, valid_rmse-1.3612, valid_pr-0.6847
2025-06-11 18:28:34 - INFO - epoch-247, train_loss-1.2037, train_rmse-1.0971, valid_rmse-1.3573, valid_pr-0.6859
2025-06-11 18:28:37 - INFO - epoch-248, train_loss-1.1827, train_rmse-1.0875, valid_rmse-1.3707, valid_pr-0.6805
2025-06-11 18:28:40 - INFO - epoch-249, train_loss-1.2094, train_rmse-1.0997, valid_rmse-1.3489, valid_pr-0.6877
2025-06-11 18:28:43 - INFO - epoch-250, train_loss-1.2122, train_rmse-1.1010, valid_rmse-1.3661, valid_pr-0.6755
2025-06-11 18:28:46 - INFO - epoch-251, train_loss-1.2264, train_rmse-1.1074, valid_rmse-1.3434, valid_pr-0.6904
2025-06-11 18:28:49 - INFO - epoch-252, train_loss-1.1762, train_rmse-1.0845, valid_rmse-1.3915, valid_pr-0.6623
2025-06-11 18:28:52 - INFO - epoch-253, train_loss-1.2215, train_rmse-1.1052, valid_rmse-1.3522, valid_pr-0.6828
2025-06-11 18:28:55 - INFO - epoch-254, train_loss-1.1890, train_rmse-1.0904, valid_rmse-1.3512, valid_pr-0.6887
2025-06-11 18:28:58 - INFO - epoch-255, train_loss-1.1965, train_rmse-1.0938, valid_rmse-1.3966, valid_pr-0.6592
2025-06-11 18:29:01 - INFO - epoch-256, train_loss-1.1838, train_rmse-1.0880, valid_rmse-1.3873, valid_pr-0.6739
2025-06-11 18:29:04 - INFO - epoch-257, train_loss-1.1758, train_rmse-1.0843, valid_rmse-1.3459, valid_pr-0.6876
2025-06-11 18:29:08 - INFO - epoch-258, train_loss-1.1561, train_rmse-1.0752, valid_rmse-1.3489, valid_pr-0.6848
2025-06-11 18:29:11 - INFO - epoch-259, train_loss-1.1646, train_rmse-1.0792, valid_rmse-1.3704, valid_pr-0.6832
2025-06-11 18:29:14 - INFO - epoch-260, train_loss-1.1632, train_rmse-1.0785, valid_rmse-1.3689, valid_pr-0.6791
2025-06-11 18:29:17 - INFO - epoch-261, train_loss-1.1604, train_rmse-1.0772, valid_rmse-1.3526, valid_pr-0.6844
2025-06-11 18:29:20 - INFO - epoch-262, train_loss-1.1629, train_rmse-1.0784, valid_rmse-1.3618, valid_pr-0.6836
2025-06-11 18:29:23 - INFO - epoch-263, train_loss-1.1295, train_rmse-1.0628, valid_rmse-1.3487, valid_pr-0.6922
2025-06-11 18:29:26 - INFO - epoch-264, train_loss-1.1532, train_rmse-1.0739, valid_rmse-1.3449, valid_pr-0.6877
2025-06-11 18:29:29 - INFO - epoch-265, train_loss-1.1425, train_rmse-1.0689, valid_rmse-1.3831, valid_pr-0.6719
2025-06-11 18:29:33 - INFO - epoch-266, train_loss-1.1619, train_rmse-1.0779, valid_rmse-1.3872, valid_pr-0.6673
2025-06-11 18:29:36 - INFO - epoch-267, train_loss-1.1561, train_rmse-1.0752, valid_rmse-1.3452, valid_pr-0.6903
2025-06-11 18:29:39 - INFO - epoch-268, train_loss-1.1575, train_rmse-1.0759, valid_rmse-1.3512, valid_pr-0.6858
2025-06-11 18:29:42 - INFO - epoch-269, train_loss-1.1344, train_rmse-1.0651, valid_rmse-1.4055, valid_pr-0.6649
2025-06-11 18:29:45 - INFO - epoch-270, train_loss-1.1396, train_rmse-1.0675, valid_rmse-1.3479, valid_pr-0.6877
2025-06-11 18:29:48 - INFO - epoch-271, train_loss-1.1613, train_rmse-1.0776, valid_rmse-1.3854, valid_pr-0.6702
2025-06-11 18:29:51 - INFO - epoch-272, train_loss-1.1581, train_rmse-1.0761, valid_rmse-1.3521, valid_pr-0.6875
2025-06-11 18:29:54 - INFO - epoch-273, train_loss-1.1448, train_rmse-1.0700, valid_rmse-1.3643, valid_pr-0.6776
2025-06-11 18:29:57 - INFO - epoch-274, train_loss-1.1338, train_rmse-1.0648, valid_rmse-1.3615, valid_pr-0.6865
2025-06-11 18:30:01 - INFO - epoch-275, train_loss-1.1293, train_rmse-1.0627, valid_rmse-1.3367, valid_pr-0.6939
2025-06-11 18:30:04 - INFO - epoch-276, train_loss-1.1251, train_rmse-1.0607, valid_rmse-1.3535, valid_pr-0.6833
2025-06-11 18:30:07 - INFO - epoch-277, train_loss-1.1410, train_rmse-1.0682, valid_rmse-1.3627, valid_pr-0.6864
2025-06-11 18:30:10 - INFO - epoch-278, train_loss-1.1182, train_rmse-1.0575, valid_rmse-1.3623, valid_pr-0.6811
2025-06-11 18:30:13 - INFO - epoch-279, train_loss-1.1270, train_rmse-1.0616, valid_rmse-1.3449, valid_pr-0.6882
2025-06-11 18:30:16 - INFO - epoch-280, train_loss-1.1435, train_rmse-1.0694, valid_rmse-1.3565, valid_pr-0.6873
2025-06-11 18:30:19 - INFO - epoch-281, train_loss-1.1063, train_rmse-1.0518, valid_rmse-1.3606, valid_pr-0.6916
2025-06-11 18:30:22 - INFO - epoch-282, train_loss-1.1428, train_rmse-1.0690, valid_rmse-1.3418, valid_pr-0.6889
2025-06-11 18:30:25 - INFO - epoch-283, train_loss-1.1184, train_rmse-1.0575, valid_rmse-1.3251, valid_pr-0.6982
2025-06-11 18:30:28 - INFO - epoch-284, train_loss-1.1386, train_rmse-1.0671, valid_rmse-1.3457, valid_pr-0.6863
2025-06-11 18:30:31 - INFO - epoch-285, train_loss-1.1116, train_rmse-1.0543, valid_rmse-1.3631, valid_pr-0.6805
2025-06-11 18:30:34 - INFO - epoch-286, train_loss-1.0986, train_rmse-1.0482, valid_rmse-1.3765, valid_pr-0.6730
2025-06-11 18:30:38 - INFO - epoch-287, train_loss-1.1415, train_rmse-1.0684, valid_rmse-1.3501, valid_pr-0.6899
2025-06-11 18:30:41 - INFO - epoch-288, train_loss-1.1114, train_rmse-1.0542, valid_rmse-1.3471, valid_pr-0.6866
2025-06-11 18:30:44 - INFO - epoch-289, train_loss-1.1209, train_rmse-1.0587, valid_rmse-1.3536, valid_pr-0.6882
2025-06-11 18:30:47 - INFO - epoch-290, train_loss-1.0978, train_rmse-1.0477, valid_rmse-1.3730, valid_pr-0.6767
2025-06-11 18:30:50 - INFO - epoch-291, train_loss-1.0914, train_rmse-1.0447, valid_rmse-1.3586, valid_pr-0.6792
2025-06-11 18:30:53 - INFO - epoch-292, train_loss-1.0933, train_rmse-1.0456, valid_rmse-1.3613, valid_pr-0.6793
2025-06-11 18:30:56 - INFO - epoch-293, train_loss-1.0968, train_rmse-1.0473, valid_rmse-1.3495, valid_pr-0.6889
2025-06-11 18:30:59 - INFO - epoch-294, train_loss-1.1044, train_rmse-1.0509, valid_rmse-1.3746, valid_pr-0.6825
2025-06-11 18:31:02 - INFO - epoch-295, train_loss-1.0949, train_rmse-1.0464, valid_rmse-1.3468, valid_pr-0.6892
2025-06-11 18:31:05 - INFO - epoch-296, train_loss-1.0882, train_rmse-1.0431, valid_rmse-1.3671, valid_pr-0.6873
2025-06-11 18:31:08 - INFO - epoch-297, train_loss-1.0803, train_rmse-1.0394, valid_rmse-1.3740, valid_pr-0.6743
2025-06-11 18:31:11 - INFO - epoch-298, train_loss-1.1163, train_rmse-1.0566, valid_rmse-1.3452, valid_pr-0.6906
2025-06-11 18:31:14 - INFO - epoch-299, train_loss-1.0824, train_rmse-1.0404, valid_rmse-1.3625, valid_pr-0.6827
2025-06-11 18:31:17 - INFO - epoch-300, train_loss-1.0844, train_rmse-1.0413, valid_rmse-1.3371, valid_pr-0.6969
2025-06-11 18:31:21 - INFO - epoch-301, train_loss-1.0857, train_rmse-1.0420, valid_rmse-1.3354, valid_pr-0.6926
2025-06-11 18:31:24 - INFO - epoch-302, train_loss-1.1071, train_rmse-1.0522, valid_rmse-1.3841, valid_pr-0.6722
2025-06-11 18:31:27 - INFO - epoch-303, train_loss-1.0573, train_rmse-1.0282, valid_rmse-1.3901, valid_pr-0.6757
2025-06-11 18:31:30 - INFO - epoch-304, train_loss-1.0819, train_rmse-1.0402, valid_rmse-1.3479, valid_pr-0.6869
2025-06-11 18:31:33 - INFO - epoch-305, train_loss-1.0879, train_rmse-1.0430, valid_rmse-1.3535, valid_pr-0.6851
2025-06-11 18:31:36 - INFO - epoch-306, train_loss-1.1071, train_rmse-1.0522, valid_rmse-1.3793, valid_pr-0.6773
2025-06-11 18:31:39 - INFO - epoch-307, train_loss-1.0820, train_rmse-1.0402, valid_rmse-1.3564, valid_pr-0.6866
2025-06-11 18:31:42 - INFO - epoch-308, train_loss-1.0687, train_rmse-1.0338, valid_rmse-1.3410, valid_pr-0.6910
2025-06-11 18:31:45 - INFO - epoch-309, train_loss-1.0509, train_rmse-1.0251, valid_rmse-1.3534, valid_pr-0.6872
2025-06-11 18:31:49 - INFO - epoch-310, train_loss-1.0541, train_rmse-1.0267, valid_rmse-1.3335, valid_pr-0.6982
2025-06-11 18:31:52 - INFO - epoch-311, train_loss-1.0935, train_rmse-1.0457, valid_rmse-1.3513, valid_pr-0.6875
2025-06-11 18:31:55 - INFO - epoch-312, train_loss-1.0584, train_rmse-1.0288, valid_rmse-1.3805, valid_pr-0.6741
2025-06-11 18:31:58 - INFO - epoch-313, train_loss-1.0723, train_rmse-1.0355, valid_rmse-1.3654, valid_pr-0.6851
2025-06-11 18:32:01 - INFO - epoch-314, train_loss-1.0688, train_rmse-1.0338, valid_rmse-1.3527, valid_pr-0.6870
2025-06-11 18:32:04 - INFO - epoch-315, train_loss-1.0465, train_rmse-1.0230, valid_rmse-1.3714, valid_pr-0.6797
2025-06-11 18:32:07 - INFO - epoch-316, train_loss-1.0668, train_rmse-1.0329, valid_rmse-1.3451, valid_pr-0.6903
2025-06-11 18:32:10 - INFO - epoch-317, train_loss-1.0538, train_rmse-1.0266, valid_rmse-1.3482, valid_pr-0.6853
2025-06-11 18:32:13 - INFO - epoch-318, train_loss-1.0717, train_rmse-1.0352, valid_rmse-1.3544, valid_pr-0.6889
2025-06-11 18:32:16 - INFO - epoch-319, train_loss-1.0494, train_rmse-1.0244, valid_rmse-1.3294, valid_pr-0.6981
2025-06-11 18:32:19 - INFO - epoch-320, train_loss-1.0555, train_rmse-1.0274, valid_rmse-1.3449, valid_pr-0.6926
2025-06-11 18:32:22 - INFO - epoch-321, train_loss-1.0332, train_rmse-1.0165, valid_rmse-1.3639, valid_pr-0.6787
2025-06-11 18:32:26 - INFO - epoch-322, train_loss-1.0439, train_rmse-1.0217, valid_rmse-1.3714, valid_pr-0.6734
2025-06-11 18:32:29 - INFO - epoch-323, train_loss-1.0488, train_rmse-1.0241, valid_rmse-1.3461, valid_pr-0.6906
2025-06-11 18:32:32 - INFO - epoch-324, train_loss-1.0513, train_rmse-1.0253, valid_rmse-1.3718, valid_pr-0.6804
2025-06-11 18:32:35 - INFO - epoch-325, train_loss-1.0484, train_rmse-1.0239, valid_rmse-1.3457, valid_pr-0.6859
2025-06-11 18:32:38 - INFO - epoch-326, train_loss-1.0363, train_rmse-1.0180, valid_rmse-1.3379, valid_pr-0.6971
2025-06-11 18:32:41 - INFO - epoch-327, train_loss-1.0545, train_rmse-1.0269, valid_rmse-1.3549, valid_pr-0.6855
2025-06-11 18:32:44 - INFO - epoch-328, train_loss-1.0547, train_rmse-1.0270, valid_rmse-1.3406, valid_pr-0.6907
2025-06-11 18:32:47 - INFO - epoch-329, train_loss-1.0562, train_rmse-1.0277, valid_rmse-1.3595, valid_pr-0.6865
2025-06-11 18:32:50 - INFO - epoch-330, train_loss-1.0196, train_rmse-1.0098, valid_rmse-1.3491, valid_pr-0.6851
2025-06-11 18:32:53 - INFO - epoch-331, train_loss-1.0538, train_rmse-1.0265, valid_rmse-1.3649, valid_pr-0.6849
2025-06-11 18:32:56 - INFO - epoch-332, train_loss-1.0445, train_rmse-1.0220, valid_rmse-1.3640, valid_pr-0.6886
2025-06-11 18:32:59 - INFO - epoch-333, train_loss-1.0275, train_rmse-1.0137, valid_rmse-1.3445, valid_pr-0.6880
2025-06-11 18:33:02 - INFO - epoch-334, train_loss-1.0218, train_rmse-1.0109, valid_rmse-1.3377, valid_pr-0.6935
2025-06-11 18:33:05 - INFO - epoch-335, train_loss-1.0217, train_rmse-1.0108, valid_rmse-1.3710, valid_pr-0.6763
2025-06-11 18:33:08 - INFO - epoch-336, train_loss-1.0238, train_rmse-1.0118, valid_rmse-1.3608, valid_pr-0.6844
2025-06-11 18:33:12 - INFO - epoch-337, train_loss-1.0298, train_rmse-1.0148, valid_rmse-1.3359, valid_pr-0.6931
2025-06-11 18:33:15 - INFO - epoch-338, train_loss-1.0137, train_rmse-1.0068, valid_rmse-1.3512, valid_pr-0.6845
2025-06-11 18:33:18 - INFO - epoch-339, train_loss-1.0302, train_rmse-1.0150, valid_rmse-1.3889, valid_pr-0.6732
2025-06-11 18:33:21 - INFO - epoch-340, train_loss-1.0041, train_rmse-1.0021, valid_rmse-1.3270, valid_pr-0.6998
2025-06-11 18:33:24 - INFO - epoch-341, train_loss-0.9894, train_rmse-0.9947, valid_rmse-1.3352, valid_pr-0.6948
2025-06-11 18:33:27 - INFO - epoch-342, train_loss-1.0261, train_rmse-1.0130, valid_rmse-1.3532, valid_pr-0.6823
2025-06-11 18:33:30 - INFO - epoch-343, train_loss-1.0150, train_rmse-1.0075, valid_rmse-1.3568, valid_pr-0.6845
2025-06-11 18:33:33 - INFO - epoch-344, train_loss-1.0066, train_rmse-1.0033, valid_rmse-1.3594, valid_pr-0.6832
2025-06-11 18:33:36 - INFO - epoch-345, train_loss-1.0242, train_rmse-1.0120, valid_rmse-1.3590, valid_pr-0.6818
2025-06-11 18:33:39 - INFO - epoch-346, train_loss-1.0015, train_rmse-1.0008, valid_rmse-1.3567, valid_pr-0.6808
2025-06-11 18:33:42 - INFO - epoch-347, train_loss-1.0039, train_rmse-1.0019, valid_rmse-1.3506, valid_pr-0.6866
2025-06-11 18:33:45 - INFO - epoch-348, train_loss-0.9949, train_rmse-0.9974, valid_rmse-1.3650, valid_pr-0.6804
2025-06-11 18:33:48 - INFO - epoch-349, train_loss-0.9936, train_rmse-0.9968, valid_rmse-1.4067, valid_pr-0.6683
2025-06-11 18:33:51 - INFO - epoch-350, train_loss-1.0261, train_rmse-1.0129, valid_rmse-1.3452, valid_pr-0.6913
2025-06-11 18:33:54 - INFO - epoch-351, train_loss-1.0263, train_rmse-1.0131, valid_rmse-1.3463, valid_pr-0.6923
2025-06-11 18:33:57 - INFO - epoch-352, train_loss-1.0031, train_rmse-1.0015, valid_rmse-1.3349, valid_pr-0.6957
2025-06-11 18:34:00 - INFO - epoch-353, train_loss-1.0031, train_rmse-1.0015, valid_rmse-1.3463, valid_pr-0.6929
2025-06-11 18:34:03 - INFO - epoch-354, train_loss-0.9712, train_rmse-0.9855, valid_rmse-1.3700, valid_pr-0.6787
2025-06-11 18:34:06 - INFO - epoch-355, train_loss-0.9767, train_rmse-0.9883, valid_rmse-1.3520, valid_pr-0.6868
2025-06-11 18:34:09 - INFO - epoch-356, train_loss-0.9906, train_rmse-0.9953, valid_rmse-1.3629, valid_pr-0.6865
2025-06-11 18:34:12 - INFO - epoch-357, train_loss-1.0108, train_rmse-1.0054, valid_rmse-1.3479, valid_pr-0.6876
2025-06-11 18:34:16 - INFO - epoch-358, train_loss-1.0043, train_rmse-1.0021, valid_rmse-1.3525, valid_pr-0.6881
2025-06-11 18:34:19 - INFO - epoch-359, train_loss-0.9898, train_rmse-0.9949, valid_rmse-1.3438, valid_pr-0.6892
2025-06-11 18:34:22 - INFO - epoch-360, train_loss-1.0077, train_rmse-1.0038, valid_rmse-1.3627, valid_pr-0.6834
2025-06-11 18:34:25 - INFO - epoch-361, train_loss-1.0158, train_rmse-1.0079, valid_rmse-1.3378, valid_pr-0.6931
2025-06-11 18:34:28 - INFO - epoch-362, train_loss-0.9913, train_rmse-0.9956, valid_rmse-1.3541, valid_pr-0.6834
2025-06-11 18:34:31 - INFO - epoch-363, train_loss-0.9797, train_rmse-0.9898, valid_rmse-1.3575, valid_pr-0.6820
2025-06-11 18:34:34 - INFO - epoch-364, train_loss-1.0118, train_rmse-1.0059, valid_rmse-1.3533, valid_pr-0.6856
2025-06-11 18:34:37 - INFO - epoch-365, train_loss-0.9928, train_rmse-0.9964, valid_rmse-1.3410, valid_pr-0.6944
2025-06-11 18:34:40 - INFO - epoch-366, train_loss-0.9818, train_rmse-0.9909, valid_rmse-1.3310, valid_pr-0.6990
2025-06-11 18:34:43 - INFO - epoch-367, train_loss-0.9928, train_rmse-0.9964, valid_rmse-1.3453, valid_pr-0.6918
2025-06-11 18:34:46 - INFO - epoch-368, train_loss-0.9759, train_rmse-0.9879, valid_rmse-1.3484, valid_pr-0.6891
2025-06-11 18:34:49 - INFO - epoch-369, train_loss-0.9718, train_rmse-0.9858, valid_rmse-1.3649, valid_pr-0.6783
2025-06-11 18:34:52 - INFO - epoch-370, train_loss-0.9823, train_rmse-0.9911, valid_rmse-1.3382, valid_pr-0.6976
2025-06-11 18:34:55 - INFO - epoch-371, train_loss-0.9646, train_rmse-0.9822, valid_rmse-1.3606, valid_pr-0.6859
2025-06-11 18:34:59 - INFO - epoch-372, train_loss-0.9834, train_rmse-0.9917, valid_rmse-1.3442, valid_pr-0.6916
2025-06-11 18:35:01 - INFO - epoch-373, train_loss-0.9970, train_rmse-0.9985, valid_rmse-1.3563, valid_pr-0.6856
2025-06-11 18:35:04 - INFO - epoch-374, train_loss-0.9926, train_rmse-0.9963, valid_rmse-1.3749, valid_pr-0.6748
2025-06-11 18:35:08 - INFO - epoch-375, train_loss-0.9681, train_rmse-0.9839, valid_rmse-1.3584, valid_pr-0.6822
2025-06-11 18:35:11 - INFO - epoch-376, train_loss-1.0113, train_rmse-1.0056, valid_rmse-1.3743, valid_pr-0.6779
2025-06-11 18:35:14 - INFO - epoch-377, train_loss-0.9614, train_rmse-0.9805, valid_rmse-1.3553, valid_pr-0.6847
2025-06-11 18:35:17 - INFO - epoch-378, train_loss-0.9633, train_rmse-0.9815, valid_rmse-1.3497, valid_pr-0.6866
2025-06-11 18:35:20 - INFO - epoch-379, train_loss-0.9651, train_rmse-0.9824, valid_rmse-1.3246, valid_pr-0.7009
2025-06-11 18:35:23 - INFO - epoch-380, train_loss-0.9621, train_rmse-0.9809, valid_rmse-1.3480, valid_pr-0.6893
2025-06-11 18:35:25 - INFO - epoch-381, train_loss-0.9698, train_rmse-0.9848, valid_rmse-1.3595, valid_pr-0.6801
2025-06-11 18:35:28 - INFO - epoch-382, train_loss-0.9661, train_rmse-0.9829, valid_rmse-1.3877, valid_pr-0.6761
2025-06-11 18:35:31 - INFO - epoch-383, train_loss-0.9737, train_rmse-0.9868, valid_rmse-1.3509, valid_pr-0.6887
2025-06-11 18:35:34 - INFO - epoch-384, train_loss-0.9810, train_rmse-0.9905, valid_rmse-1.3405, valid_pr-0.6931
2025-06-11 18:35:37 - INFO - epoch-385, train_loss-0.9565, train_rmse-0.9780, valid_rmse-1.3542, valid_pr-0.6950
2025-06-11 18:35:40 - INFO - epoch-386, train_loss-0.9799, train_rmse-0.9899, valid_rmse-1.3298, valid_pr-0.7014
2025-06-11 18:35:43 - INFO - epoch-387, train_loss-0.9698, train_rmse-0.9848, valid_rmse-1.3830, valid_pr-0.6735
2025-06-11 18:35:46 - INFO - epoch-388, train_loss-0.9605, train_rmse-0.9801, valid_rmse-1.3343, valid_pr-0.6948
2025-06-11 18:35:49 - INFO - epoch-389, train_loss-0.9473, train_rmse-0.9733, valid_rmse-1.3471, valid_pr-0.6871
2025-06-11 18:35:52 - INFO - epoch-390, train_loss-0.9695, train_rmse-0.9846, valid_rmse-1.3791, valid_pr-0.6748
2025-06-11 18:35:55 - INFO - epoch-391, train_loss-0.9459, train_rmse-0.9726, valid_rmse-1.3464, valid_pr-0.6886
2025-06-11 18:35:58 - INFO - epoch-392, train_loss-0.9525, train_rmse-0.9760, valid_rmse-1.3429, valid_pr-0.6913
2025-06-11 18:36:01 - INFO - epoch-393, train_loss-0.9671, train_rmse-0.9834, valid_rmse-1.3700, valid_pr-0.6766
2025-06-11 18:36:04 - INFO - epoch-394, train_loss-0.9533, train_rmse-0.9764, valid_rmse-1.3353, valid_pr-0.6982
2025-06-11 18:36:07 - INFO - epoch-395, train_loss-0.9330, train_rmse-0.9659, valid_rmse-1.3500, valid_pr-0.6854
2025-06-11 18:36:10 - INFO - epoch-396, train_loss-0.9457, train_rmse-0.9725, valid_rmse-1.3272, valid_pr-0.7003
2025-06-11 18:36:13 - INFO - epoch-397, train_loss-0.9682, train_rmse-0.9840, valid_rmse-1.3465, valid_pr-0.6882
2025-06-11 18:36:16 - INFO - epoch-398, train_loss-0.9417, train_rmse-0.9704, valid_rmse-1.3737, valid_pr-0.6767
2025-06-11 18:36:19 - INFO - epoch-399, train_loss-0.9447, train_rmse-0.9720, valid_rmse-1.3458, valid_pr-0.6952
2025-06-11 18:36:22 - INFO - epoch-400, train_loss-0.9489, train_rmse-0.9741, valid_rmse-1.3498, valid_pr-0.6889
2025-06-11 18:36:25 - INFO - epoch-401, train_loss-0.9245, train_rmse-0.9615, valid_rmse-1.3523, valid_pr-0.6870
2025-06-11 18:36:28 - INFO - epoch-402, train_loss-0.9522, train_rmse-0.9758, valid_rmse-1.3787, valid_pr-0.6814
2025-06-11 18:36:31 - INFO - epoch-403, train_loss-0.9397, train_rmse-0.9694, valid_rmse-1.3430, valid_pr-0.6911
2025-06-11 18:36:34 - INFO - epoch-404, train_loss-0.9438, train_rmse-0.9715, valid_rmse-1.3322, valid_pr-0.6953
2025-06-11 18:36:37 - INFO - epoch-405, train_loss-0.9376, train_rmse-0.9683, valid_rmse-1.3569, valid_pr-0.6851
2025-06-11 18:36:40 - INFO - epoch-406, train_loss-0.9617, train_rmse-0.9806, valid_rmse-1.3405, valid_pr-0.6907
2025-06-11 18:36:43 - INFO - epoch-407, train_loss-0.9403, train_rmse-0.9697, valid_rmse-1.3482, valid_pr-0.6897
2025-06-11 18:36:46 - INFO - epoch-408, train_loss-0.9347, train_rmse-0.9668, valid_rmse-1.3724, valid_pr-0.6763
2025-06-11 18:36:49 - INFO - epoch-409, train_loss-0.9452, train_rmse-0.9722, valid_rmse-1.3525, valid_pr-0.6892
2025-06-11 18:36:52 - INFO - epoch-410, train_loss-0.9131, train_rmse-0.9556, valid_rmse-1.3621, valid_pr-0.6799
2025-06-11 18:36:55 - INFO - epoch-411, train_loss-0.9361, train_rmse-0.9675, valid_rmse-1.3681, valid_pr-0.6833
2025-06-11 18:36:58 - INFO - epoch-412, train_loss-0.9485, train_rmse-0.9739, valid_rmse-1.3218, valid_pr-0.6998
2025-06-11 18:37:01 - INFO - epoch-413, train_loss-0.9214, train_rmse-0.9599, valid_rmse-1.3499, valid_pr-0.6932
2025-06-11 18:37:04 - INFO - epoch-414, train_loss-0.9584, train_rmse-0.9790, valid_rmse-1.3471, valid_pr-0.6878
2025-06-11 18:37:07 - INFO - epoch-415, train_loss-0.9401, train_rmse-0.9696, valid_rmse-1.3621, valid_pr-0.6895
2025-06-11 18:37:09 - INFO - epoch-416, train_loss-0.9354, train_rmse-0.9672, valid_rmse-1.3346, valid_pr-0.6931
2025-06-11 18:37:12 - INFO - epoch-417, train_loss-0.9466, train_rmse-0.9729, valid_rmse-1.3508, valid_pr-0.6855
2025-06-11 18:37:15 - INFO - epoch-418, train_loss-0.9388, train_rmse-0.9689, valid_rmse-1.3295, valid_pr-0.7012
2025-06-11 18:37:18 - INFO - epoch-419, train_loss-0.9091, train_rmse-0.9535, valid_rmse-1.3463, valid_pr-0.6886
2025-06-11 18:37:21 - INFO - epoch-420, train_loss-0.9003, train_rmse-0.9488, valid_rmse-1.3683, valid_pr-0.6778
2025-06-11 18:37:24 - INFO - epoch-421, train_loss-0.9112, train_rmse-0.9546, valid_rmse-1.3403, valid_pr-0.6931
2025-06-11 18:37:27 - INFO - epoch-422, train_loss-0.9235, train_rmse-0.9610, valid_rmse-1.3313, valid_pr-0.6959
2025-06-11 18:37:30 - INFO - epoch-423, train_loss-0.9216, train_rmse-0.9600, valid_rmse-1.3234, valid_pr-0.7008
2025-06-11 18:37:33 - INFO - epoch-424, train_loss-0.9164, train_rmse-0.9573, valid_rmse-1.3455, valid_pr-0.6931
2025-06-11 18:37:36 - INFO - epoch-425, train_loss-0.9325, train_rmse-0.9657, valid_rmse-1.3411, valid_pr-0.6898
2025-06-11 18:37:39 - INFO - epoch-426, train_loss-0.9288, train_rmse-0.9637, valid_rmse-1.3527, valid_pr-0.6888
2025-06-11 18:37:42 - INFO - epoch-427, train_loss-0.9237, train_rmse-0.9611, valid_rmse-1.3390, valid_pr-0.6918
2025-06-11 18:37:45 - INFO - epoch-428, train_loss-0.9091, train_rmse-0.9534, valid_rmse-1.3570, valid_pr-0.6874
2025-06-11 18:37:48 - INFO - epoch-429, train_loss-0.8992, train_rmse-0.9483, valid_rmse-1.3659, valid_pr-0.6803
2025-06-11 18:37:52 - INFO - epoch-430, train_loss-0.9189, train_rmse-0.9586, valid_rmse-1.3494, valid_pr-0.6862
2025-06-11 18:37:55 - INFO - epoch-431, train_loss-0.9103, train_rmse-0.9541, valid_rmse-1.3330, valid_pr-0.6961
2025-06-11 18:37:58 - INFO - epoch-432, train_loss-0.9393, train_rmse-0.9692, valid_rmse-1.3248, valid_pr-0.7011
2025-06-11 18:38:01 - INFO - epoch-433, train_loss-0.9243, train_rmse-0.9614, valid_rmse-1.3306, valid_pr-0.6985
2025-06-11 18:38:04 - INFO - epoch-434, train_loss-0.9197, train_rmse-0.9590, valid_rmse-1.3447, valid_pr-0.6910
2025-06-11 18:38:07 - INFO - epoch-435, train_loss-0.9153, train_rmse-0.9567, valid_rmse-1.3327, valid_pr-0.6962
2025-06-11 18:38:10 - INFO - epoch-436, train_loss-0.8828, train_rmse-0.9396, valid_rmse-1.3719, valid_pr-0.6791
2025-06-11 18:38:13 - INFO - epoch-437, train_loss-0.9065, train_rmse-0.9521, valid_rmse-1.3599, valid_pr-0.6864
2025-06-11 18:38:16 - INFO - epoch-438, train_loss-0.9013, train_rmse-0.9494, valid_rmse-1.3493, valid_pr-0.6865
2025-06-11 18:38:19 - INFO - epoch-439, train_loss-0.9230, train_rmse-0.9607, valid_rmse-1.3528, valid_pr-0.6875
2025-06-11 18:38:22 - INFO - epoch-440, train_loss-0.9288, train_rmse-0.9637, valid_rmse-1.3288, valid_pr-0.7003
2025-06-11 18:38:25 - INFO - epoch-441, train_loss-0.9164, train_rmse-0.9573, valid_rmse-1.3413, valid_pr-0.6901
2025-06-11 18:38:27 - INFO - epoch-442, train_loss-0.8933, train_rmse-0.9451, valid_rmse-1.3279, valid_pr-0.6996
2025-06-11 18:38:30 - INFO - epoch-443, train_loss-0.9015, train_rmse-0.9495, valid_rmse-1.3512, valid_pr-0.6848
2025-06-11 18:38:33 - INFO - epoch-444, train_loss-0.8949, train_rmse-0.9460, valid_rmse-1.3301, valid_pr-0.6975
2025-06-11 18:38:36 - INFO - epoch-445, train_loss-0.8704, train_rmse-0.9330, valid_rmse-1.3363, valid_pr-0.6937
2025-06-11 18:38:39 - INFO - epoch-446, train_loss-0.9075, train_rmse-0.9526, valid_rmse-1.3481, valid_pr-0.6857
2025-06-11 18:38:42 - INFO - epoch-447, train_loss-0.9147, train_rmse-0.9564, valid_rmse-1.3570, valid_pr-0.6890
2025-06-11 18:38:45 - INFO - epoch-448, train_loss-0.8828, train_rmse-0.9396, valid_rmse-1.3685, valid_pr-0.6802
2025-06-11 18:38:48 - INFO - epoch-449, train_loss-0.8888, train_rmse-0.9428, valid_rmse-1.3513, valid_pr-0.6835
2025-06-11 18:38:51 - INFO - epoch-450, train_loss-0.9125, train_rmse-0.9553, valid_rmse-1.3305, valid_pr-0.6971
2025-06-11 18:38:54 - INFO - epoch-451, train_loss-0.8963, train_rmse-0.9467, valid_rmse-1.3665, valid_pr-0.6774
2025-06-11 18:38:57 - INFO - epoch-452, train_loss-0.8963, train_rmse-0.9467, valid_rmse-1.3517, valid_pr-0.6951
2025-06-11 18:39:00 - INFO - epoch-453, train_loss-0.8972, train_rmse-0.9472, valid_rmse-1.3723, valid_pr-0.6850
2025-06-11 18:39:03 - INFO - epoch-454, train_loss-0.9057, train_rmse-0.9517, valid_rmse-1.3512, valid_pr-0.6856
2025-06-11 18:39:06 - INFO - epoch-455, train_loss-0.8947, train_rmse-0.9459, valid_rmse-1.3331, valid_pr-0.6930
2025-06-11 18:39:09 - INFO - epoch-456, train_loss-0.9040, train_rmse-0.9508, valid_rmse-1.3190, valid_pr-0.7040
2025-06-11 18:39:12 - INFO - epoch-457, train_loss-0.8790, train_rmse-0.9376, valid_rmse-1.3370, valid_pr-0.6932
2025-06-11 18:39:15 - INFO - epoch-458, train_loss-0.8967, train_rmse-0.9469, valid_rmse-1.3473, valid_pr-0.6896
2025-06-11 18:39:18 - INFO - epoch-459, train_loss-0.8744, train_rmse-0.9351, valid_rmse-1.3418, valid_pr-0.6910
2025-06-11 18:39:21 - INFO - epoch-460, train_loss-0.8807, train_rmse-0.9385, valid_rmse-1.3526, valid_pr-0.6892
2025-06-11 18:39:24 - INFO - epoch-461, train_loss-0.8882, train_rmse-0.9425, valid_rmse-1.3726, valid_pr-0.6746
2025-06-11 18:39:27 - INFO - epoch-462, train_loss-0.8937, train_rmse-0.9454, valid_rmse-1.3810, valid_pr-0.6708
2025-06-11 18:39:30 - INFO - epoch-463, train_loss-0.8956, train_rmse-0.9464, valid_rmse-1.3518, valid_pr-0.6872
2025-06-11 18:39:33 - INFO - epoch-464, train_loss-0.8622, train_rmse-0.9286, valid_rmse-1.3425, valid_pr-0.6922
2025-06-11 18:39:36 - INFO - epoch-465, train_loss-0.8690, train_rmse-0.9322, valid_rmse-1.3500, valid_pr-0.6875
2025-06-11 18:39:39 - INFO - epoch-466, train_loss-0.8747, train_rmse-0.9352, valid_rmse-1.3408, valid_pr-0.6938
2025-06-11 18:39:42 - INFO - epoch-467, train_loss-0.9014, train_rmse-0.9494, valid_rmse-1.3547, valid_pr-0.6840
2025-06-11 18:39:45 - INFO - epoch-468, train_loss-0.8734, train_rmse-0.9346, valid_rmse-1.3270, valid_pr-0.7020
2025-06-11 18:39:48 - INFO - epoch-469, train_loss-0.8608, train_rmse-0.9278, valid_rmse-1.3324, valid_pr-0.6965
2025-06-11 18:39:51 - INFO - epoch-470, train_loss-0.8917, train_rmse-0.9443, valid_rmse-1.3372, valid_pr-0.6969
2025-06-11 18:39:54 - INFO - epoch-471, train_loss-0.8732, train_rmse-0.9344, valid_rmse-1.3352, valid_pr-0.6989
2025-06-11 18:39:57 - INFO - epoch-472, train_loss-0.8751, train_rmse-0.9354, valid_rmse-1.3646, valid_pr-0.6890
2025-06-11 18:40:00 - INFO - epoch-473, train_loss-0.8583, train_rmse-0.9265, valid_rmse-1.3295, valid_pr-0.6966
2025-06-11 18:40:03 - INFO - epoch-474, train_loss-0.8720, train_rmse-0.9338, valid_rmse-1.3421, valid_pr-0.6944
2025-06-11 18:40:06 - INFO - epoch-475, train_loss-0.8686, train_rmse-0.9320, valid_rmse-1.3243, valid_pr-0.6995
2025-06-11 18:40:09 - INFO - epoch-476, train_loss-0.8549, train_rmse-0.9246, valid_rmse-1.3476, valid_pr-0.6873
2025-06-11 18:40:12 - INFO - epoch-477, train_loss-0.8690, train_rmse-0.9322, valid_rmse-1.3556, valid_pr-0.6822
2025-06-11 18:40:15 - INFO - epoch-478, train_loss-0.8854, train_rmse-0.9410, valid_rmse-1.3265, valid_pr-0.6981
2025-06-11 18:40:18 - INFO - epoch-479, train_loss-0.8536, train_rmse-0.9239, valid_rmse-1.3429, valid_pr-0.6890
2025-06-11 18:40:21 - INFO - epoch-480, train_loss-0.8652, train_rmse-0.9301, valid_rmse-1.3611, valid_pr-0.6843
2025-06-11 18:40:24 - INFO - epoch-481, train_loss-0.8722, train_rmse-0.9339, valid_rmse-1.3359, valid_pr-0.6959
2025-06-11 18:40:27 - INFO - epoch-482, train_loss-0.8629, train_rmse-0.9289, valid_rmse-1.3424, valid_pr-0.6921
2025-06-11 18:40:31 - INFO - epoch-483, train_loss-0.8786, train_rmse-0.9373, valid_rmse-1.3445, valid_pr-0.6924
2025-06-11 18:40:34 - INFO - epoch-484, train_loss-0.8965, train_rmse-0.9468, valid_rmse-1.3337, valid_pr-0.6951
2025-06-11 18:40:37 - INFO - epoch-485, train_loss-0.8553, train_rmse-0.9248, valid_rmse-1.3395, valid_pr-0.6916
2025-06-11 18:40:40 - INFO - epoch-486, train_loss-0.8799, train_rmse-0.9381, valid_rmse-1.3365, valid_pr-0.6960
2025-06-11 18:40:43 - INFO - epoch-487, train_loss-0.8801, train_rmse-0.9381, valid_rmse-1.3400, valid_pr-0.6960
2025-06-11 18:40:46 - INFO - epoch-488, train_loss-0.8560, train_rmse-0.9252, valid_rmse-1.3222, valid_pr-0.7017
2025-06-11 18:40:48 - INFO - epoch-489, train_loss-0.8423, train_rmse-0.9177, valid_rmse-1.3532, valid_pr-0.6878
2025-06-11 18:40:51 - INFO - epoch-490, train_loss-0.8562, train_rmse-0.9253, valid_rmse-1.3307, valid_pr-0.7005
2025-06-11 18:40:54 - INFO - epoch-491, train_loss-0.8728, train_rmse-0.9342, valid_rmse-1.3402, valid_pr-0.6980
2025-06-11 18:40:58 - INFO - epoch-492, train_loss-0.8634, train_rmse-0.9292, valid_rmse-1.3573, valid_pr-0.6955
2025-06-11 18:41:01 - INFO - epoch-493, train_loss-0.8536, train_rmse-0.9239, valid_rmse-1.3315, valid_pr-0.6959
2025-06-11 18:41:04 - INFO - epoch-494, train_loss-0.8680, train_rmse-0.9317, valid_rmse-1.3662, valid_pr-0.6834
2025-06-11 18:41:07 - INFO - epoch-495, train_loss-0.8600, train_rmse-0.9273, valid_rmse-1.3375, valid_pr-0.6961
2025-06-11 18:41:09 - INFO - epoch-496, train_loss-0.8371, train_rmse-0.9149, valid_rmse-1.3453, valid_pr-0.6883
2025-06-11 18:41:12 - INFO - epoch-497, train_loss-0.8461, train_rmse-0.9198, valid_rmse-1.3332, valid_pr-0.6982
2025-06-11 18:41:15 - INFO - epoch-498, train_loss-0.8428, train_rmse-0.9181, valid_rmse-1.3337, valid_pr-0.6939
2025-06-11 18:41:18 - INFO - epoch-499, train_loss-0.8664, train_rmse-0.9308, valid_rmse-1.3429, valid_pr-0.6917
2025-06-11 18:41:21 - INFO - epoch-500, train_loss-0.8441, train_rmse-0.9187, valid_rmse-1.3440, valid_pr-0.6921
2025-06-11 18:41:25 - INFO - epoch-501, train_loss-0.8485, train_rmse-0.9211, valid_rmse-1.3318, valid_pr-0.6965
2025-06-11 18:41:28 - INFO - epoch-502, train_loss-0.8298, train_rmse-0.9109, valid_rmse-1.3290, valid_pr-0.6987
2025-06-11 18:41:30 - INFO - epoch-503, train_loss-0.8360, train_rmse-0.9143, valid_rmse-1.3363, valid_pr-0.6986
2025-06-11 18:41:33 - INFO - epoch-504, train_loss-0.8523, train_rmse-0.9232, valid_rmse-1.3541, valid_pr-0.6879
2025-06-11 18:41:36 - INFO - epoch-505, train_loss-0.8542, train_rmse-0.9242, valid_rmse-1.3319, valid_pr-0.6955
2025-06-11 18:41:40 - INFO - epoch-506, train_loss-0.8514, train_rmse-0.9227, valid_rmse-1.3350, valid_pr-0.6959
2025-06-11 18:41:43 - INFO - epoch-507, train_loss-0.8447, train_rmse-0.9191, valid_rmse-1.3636, valid_pr-0.6814
2025-06-11 18:41:45 - INFO - epoch-508, train_loss-0.8494, train_rmse-0.9216, valid_rmse-1.3310, valid_pr-0.6974
2025-06-11 18:41:48 - INFO - epoch-509, train_loss-0.8444, train_rmse-0.9189, valid_rmse-1.3472, valid_pr-0.6908
2025-06-11 18:41:52 - INFO - epoch-510, train_loss-0.8496, train_rmse-0.9218, valid_rmse-1.3436, valid_pr-0.6952
2025-06-11 18:41:55 - INFO - epoch-511, train_loss-0.8574, train_rmse-0.9260, valid_rmse-1.3373, valid_pr-0.6928
2025-06-11 18:41:58 - INFO - epoch-512, train_loss-0.8406, train_rmse-0.9169, valid_rmse-1.3529, valid_pr-0.6840
2025-06-11 18:42:01 - INFO - epoch-513, train_loss-0.8379, train_rmse-0.9154, valid_rmse-1.3637, valid_pr-0.6867
2025-06-11 18:42:04 - INFO - epoch-514, train_loss-0.8585, train_rmse-0.9265, valid_rmse-1.3557, valid_pr-0.6862
2025-06-11 18:42:07 - INFO - epoch-515, train_loss-0.8256, train_rmse-0.9086, valid_rmse-1.3479, valid_pr-0.6882
2025-06-11 18:42:10 - INFO - epoch-516, train_loss-0.8393, train_rmse-0.9161, valid_rmse-1.3456, valid_pr-0.6912
2025-06-11 18:42:13 - INFO - epoch-517, train_loss-0.8397, train_rmse-0.9164, valid_rmse-1.3532, valid_pr-0.6866
2025-06-11 18:42:16 - INFO - epoch-518, train_loss-0.8350, train_rmse-0.9138, valid_rmse-1.3524, valid_pr-0.6875
2025-06-11 18:42:19 - INFO - epoch-519, train_loss-0.8344, train_rmse-0.9134, valid_rmse-1.3736, valid_pr-0.6781
2025-06-11 18:42:22 - INFO - epoch-520, train_loss-0.8409, train_rmse-0.9170, valid_rmse-1.3402, valid_pr-0.6935
2025-06-11 18:42:25 - INFO - epoch-521, train_loss-0.8371, train_rmse-0.9149, valid_rmse-1.3553, valid_pr-0.6870
2025-06-11 18:42:28 - INFO - epoch-522, train_loss-0.8292, train_rmse-0.9106, valid_rmse-1.3594, valid_pr-0.6864
2025-06-11 18:42:31 - INFO - epoch-523, train_loss-0.8653, train_rmse-0.9302, valid_rmse-1.3494, valid_pr-0.6898
2025-06-11 18:42:34 - INFO - epoch-524, train_loss-0.8462, train_rmse-0.9199, valid_rmse-1.3280, valid_pr-0.6985
2025-06-11 18:42:37 - INFO - epoch-525, train_loss-0.8122, train_rmse-0.9012, valid_rmse-1.3309, valid_pr-0.6962
2025-06-11 18:42:40 - INFO - epoch-526, train_loss-0.8292, train_rmse-0.9106, valid_rmse-1.3423, valid_pr-0.6895
2025-06-11 18:42:43 - INFO - epoch-527, train_loss-0.8308, train_rmse-0.9115, valid_rmse-1.3435, valid_pr-0.6895
2025-06-11 18:42:46 - INFO - epoch-528, train_loss-0.7961, train_rmse-0.8922, valid_rmse-1.3823, valid_pr-0.6716
2025-06-11 18:42:49 - INFO - epoch-529, train_loss-0.8256, train_rmse-0.9086, valid_rmse-1.3424, valid_pr-0.6930
2025-06-11 18:42:52 - INFO - epoch-530, train_loss-0.8294, train_rmse-0.9107, valid_rmse-1.3635, valid_pr-0.6910
2025-06-11 18:42:55 - INFO - epoch-531, train_loss-0.8421, train_rmse-0.9177, valid_rmse-1.3323, valid_pr-0.6949
2025-06-11 18:42:58 - INFO - epoch-532, train_loss-0.8220, train_rmse-0.9066, valid_rmse-1.3616, valid_pr-0.6839
2025-06-11 18:43:01 - INFO - epoch-533, train_loss-0.8143, train_rmse-0.9024, valid_rmse-1.3975, valid_pr-0.6727
2025-06-11 18:43:04 - INFO - epoch-534, train_loss-0.8432, train_rmse-0.9182, valid_rmse-1.3427, valid_pr-0.6893
2025-06-11 18:43:07 - INFO - epoch-535, train_loss-0.8171, train_rmse-0.9040, valid_rmse-1.3380, valid_pr-0.6940
2025-06-11 18:43:10 - INFO - epoch-536, train_loss-0.8159, train_rmse-0.9033, valid_rmse-1.3547, valid_pr-0.6908
2025-06-11 18:43:13 - INFO - epoch-537, train_loss-0.8287, train_rmse-0.9103, valid_rmse-1.3279, valid_pr-0.6983
2025-06-11 18:43:16 - INFO - epoch-538, train_loss-0.8091, train_rmse-0.8995, valid_rmse-1.3402, valid_pr-0.6942
2025-06-11 18:43:19 - INFO - epoch-539, train_loss-0.8480, train_rmse-0.9208, valid_rmse-1.3438, valid_pr-0.6896
2025-06-11 18:43:22 - INFO - epoch-540, train_loss-0.8302, train_rmse-0.9111, valid_rmse-1.3417, valid_pr-0.6960
2025-06-11 18:43:25 - INFO - epoch-541, train_loss-0.8300, train_rmse-0.9110, valid_rmse-1.3280, valid_pr-0.6979
2025-06-11 18:43:28 - INFO - epoch-542, train_loss-0.7969, train_rmse-0.8927, valid_rmse-1.3305, valid_pr-0.6969
2025-06-11 18:43:31 - INFO - epoch-543, train_loss-0.8192, train_rmse-0.9051, valid_rmse-1.3448, valid_pr-0.6899
2025-06-11 18:43:34 - INFO - epoch-544, train_loss-0.8392, train_rmse-0.9161, valid_rmse-1.3435, valid_pr-0.6954
2025-06-11 18:43:38 - INFO - epoch-545, train_loss-0.8269, train_rmse-0.9094, valid_rmse-1.3418, valid_pr-0.6907
2025-06-11 18:43:41 - INFO - epoch-546, train_loss-0.8239, train_rmse-0.9077, valid_rmse-1.3536, valid_pr-0.6850
2025-06-11 18:43:44 - INFO - epoch-547, train_loss-0.8389, train_rmse-0.9159, valid_rmse-1.3486, valid_pr-0.6901
2025-06-11 18:43:47 - INFO - epoch-548, train_loss-0.8441, train_rmse-0.9188, valid_rmse-1.3385, valid_pr-0.6920
2025-06-11 18:43:50 - INFO - epoch-549, train_loss-0.8140, train_rmse-0.9022, valid_rmse-1.3481, valid_pr-0.6860
2025-06-11 18:43:53 - INFO - epoch-550, train_loss-0.8145, train_rmse-0.9025, valid_rmse-1.3316, valid_pr-0.6953
2025-06-11 18:43:56 - INFO - epoch-551, train_loss-0.8190, train_rmse-0.9050, valid_rmse-1.3460, valid_pr-0.6889
2025-06-11 18:43:59 - INFO - epoch-552, train_loss-0.8178, train_rmse-0.9043, valid_rmse-1.3474, valid_pr-0.6892
2025-06-11 18:44:02 - INFO - epoch-553, train_loss-0.8182, train_rmse-0.9045, valid_rmse-1.3528, valid_pr-0.6881
2025-06-11 18:44:05 - INFO - epoch-554, train_loss-0.8272, train_rmse-0.9095, valid_rmse-1.3602, valid_pr-0.6811
2025-06-11 18:44:09 - INFO - epoch-555, train_loss-0.8136, train_rmse-0.9020, valid_rmse-1.3481, valid_pr-0.6883
2025-06-11 18:44:11 - INFO - epoch-556, train_loss-0.8169, train_rmse-0.9038, valid_rmse-1.3407, valid_pr-0.6909
2025-06-11 18:44:14 - INFO - epoch-557, train_loss-0.8053, train_rmse-0.8974, valid_rmse-1.3401, valid_pr-0.6947
2025-06-11 18:44:14 - INFO - early stop in epoch 557
2025-06-11 18:44:14 - INFO - best_rmse: 1.3190
2025-06-11 18:44:17 - INFO - valid_rmse-1.3190, valid_pr-0.7040, test2013_rmse-1.5575, test2013_pr-0.7539, test2016_rmse-1.4046, test2016_pr-0.7665, test2019_rmse-1.5453, test2019_pr-0.5536,
