2025-06-11 10:53:11 - INFO - train_GCN_demo.py
2025-06-11 10:53:11 - INFO - train data: 11904
2025-06-11 10:53:11 - INFO - valid data: 1000
2025-06-11 10:53:11 - INFO - test2013 data: 107
2025-06-11 10:53:11 - INFO - test2016 data: 285
2025-06-11 10:53:11 - INFO - test2019 data: 4366
2025-06-11 10:53:15 - INFO - epoch-0, train_loss-39.1283, train_rmse-6.2553, valid_rmse-5.7117, valid_pr-0.3238
2025-06-11 10:53:18 - INFO - epoch-1, train_loss-24.4772, train_rmse-4.9474, valid_rmse-5.1599, valid_pr-0.1163
2025-06-11 10:53:22 - INFO - epoch-2, train_loss-7.9157, train_rmse-2.8135, valid_rmse-2.0760, valid_pr-0.4412
2025-06-11 10:53:26 - INFO - epoch-3, train_loss-3.7744, train_rmse-1.9428, valid_rmse-1.9583, valid_pr-0.4856
2025-06-11 10:53:31 - INFO - epoch-4, train_loss-3.4905, train_rmse-1.8683, valid_rmse-1.6504, valid_pr-0.4975
2025-06-11 10:53:34 - INFO - epoch-5, train_loss-3.4371, train_rmse-1.8539, valid_rmse-1.7061, valid_pr-0.4136
2025-06-11 10:53:38 - INFO - epoch-6, train_loss-3.2615, train_rmse-1.8060, valid_rmse-1.8861, valid_pr-0.4960
2025-06-11 10:53:42 - INFO - epoch-7, train_loss-3.1953, train_rmse-1.7875, valid_rmse-1.9101, valid_pr-0.5406
2025-06-11 10:53:45 - INFO - epoch-8, train_loss-3.1643, train_rmse-1.7788, valid_rmse-1.8511, valid_pr-0.5151
2025-06-11 10:53:48 - INFO - epoch-9, train_loss-3.0850, train_rmse-1.7564, valid_rmse-1.5263, valid_pr-0.5625
2025-06-11 10:53:52 - INFO - epoch-10, train_loss-2.9900, train_rmse-1.7291, valid_rmse-1.6976, valid_pr-0.4928
2025-06-11 10:53:56 - INFO - epoch-11, train_loss-2.9374, train_rmse-1.7139, valid_rmse-1.8618, valid_pr-0.5096
2025-06-11 10:53:59 - INFO - epoch-12, train_loss-2.9060, train_rmse-1.7047, valid_rmse-1.5757, valid_pr-0.5593
2025-06-11 10:54:02 - INFO - epoch-13, train_loss-2.8481, train_rmse-1.6876, valid_rmse-1.5518, valid_pr-0.5645
2025-06-11 10:54:06 - INFO - epoch-14, train_loss-2.8167, train_rmse-1.6783, valid_rmse-1.5273, valid_pr-0.5830
2025-06-11 10:54:09 - INFO - epoch-15, train_loss-2.7970, train_rmse-1.6724, valid_rmse-1.5296, valid_pr-0.5762
2025-06-11 10:54:12 - INFO - epoch-16, train_loss-2.7729, train_rmse-1.6652, valid_rmse-1.6416, valid_pr-0.5174
2025-06-11 10:54:16 - INFO - epoch-17, train_loss-2.7256, train_rmse-1.6510, valid_rmse-1.4971, valid_pr-0.5927
2025-06-11 10:54:19 - INFO - epoch-18, train_loss-2.6783, train_rmse-1.6365, valid_rmse-1.4818, valid_pr-0.5984
2025-06-11 10:54:23 - INFO - epoch-19, train_loss-2.6322, train_rmse-1.6224, valid_rmse-1.6176, valid_pr-0.5397
2025-06-11 10:54:26 - INFO - epoch-20, train_loss-2.6340, train_rmse-1.6230, valid_rmse-1.5091, valid_pr-0.5958
2025-06-11 10:54:30 - INFO - epoch-21, train_loss-2.6207, train_rmse-1.6189, valid_rmse-1.9589, valid_pr-0.5454
2025-06-11 10:54:33 - INFO - epoch-22, train_loss-2.5808, train_rmse-1.6065, valid_rmse-1.4970, valid_pr-0.6080
2025-06-11 10:54:37 - INFO - epoch-23, train_loss-2.5655, train_rmse-1.6017, valid_rmse-1.5418, valid_pr-0.6043
2025-06-11 10:54:40 - INFO - epoch-24, train_loss-2.5175, train_rmse-1.5867, valid_rmse-1.7341, valid_pr-0.5835
2025-06-11 10:54:44 - INFO - epoch-25, train_loss-2.4638, train_rmse-1.5696, valid_rmse-1.4583, valid_pr-0.6203
2025-06-11 10:54:47 - INFO - epoch-26, train_loss-2.4728, train_rmse-1.5725, valid_rmse-1.5413, valid_pr-0.5759
2025-06-11 10:54:50 - INFO - epoch-27, train_loss-2.4607, train_rmse-1.5687, valid_rmse-1.5679, valid_pr-0.5979
2025-06-11 10:54:54 - INFO - epoch-28, train_loss-2.4216, train_rmse-1.5561, valid_rmse-1.5058, valid_pr-0.5888
2025-06-11 10:54:57 - INFO - epoch-29, train_loss-2.4146, train_rmse-1.5539, valid_rmse-1.5077, valid_pr-0.5952
2025-06-11 10:55:00 - INFO - epoch-30, train_loss-2.4090, train_rmse-1.5521, valid_rmse-1.7436, valid_pr-0.5814
2025-06-11 10:55:04 - INFO - epoch-31, train_loss-2.3747, train_rmse-1.5410, valid_rmse-1.4656, valid_pr-0.6244
2025-06-11 10:55:08 - INFO - epoch-32, train_loss-2.3745, train_rmse-1.5410, valid_rmse-1.5040, valid_pr-0.5967
2025-06-11 10:55:11 - INFO - epoch-33, train_loss-2.3562, train_rmse-1.5350, valid_rmse-1.5791, valid_pr-0.5762
2025-06-11 10:55:14 - INFO - epoch-34, train_loss-2.3375, train_rmse-1.5289, valid_rmse-2.3756, valid_pr-0.5596
2025-06-11 10:55:18 - INFO - epoch-35, train_loss-2.2975, train_rmse-1.5158, valid_rmse-1.6277, valid_pr-0.6201
2025-06-11 10:55:21 - INFO - epoch-36, train_loss-2.2722, train_rmse-1.5074, valid_rmse-1.5603, valid_pr-0.6260
2025-06-11 10:55:24 - INFO - epoch-37, train_loss-2.2753, train_rmse-1.5084, valid_rmse-1.4241, valid_pr-0.6387
2025-06-11 10:55:27 - INFO - epoch-38, train_loss-2.2231, train_rmse-1.4910, valid_rmse-1.4988, valid_pr-0.5965
2025-06-11 10:55:31 - INFO - epoch-39, train_loss-2.2481, train_rmse-1.4994, valid_rmse-1.4769, valid_pr-0.6350
2025-06-11 10:55:34 - INFO - epoch-40, train_loss-2.2186, train_rmse-1.4895, valid_rmse-1.4776, valid_pr-0.6489
2025-06-11 10:55:37 - INFO - epoch-41, train_loss-2.2022, train_rmse-1.4840, valid_rmse-1.4543, valid_pr-0.6288
2025-06-11 10:55:41 - INFO - epoch-42, train_loss-2.1889, train_rmse-1.4795, valid_rmse-1.5206, valid_pr-0.6169
2025-06-11 10:55:44 - INFO - epoch-43, train_loss-2.1838, train_rmse-1.4778, valid_rmse-1.4603, valid_pr-0.6125
2025-06-11 10:55:48 - INFO - epoch-44, train_loss-2.1551, train_rmse-1.4680, valid_rmse-1.6921, valid_pr-0.6024
2025-06-11 10:55:51 - INFO - epoch-45, train_loss-2.1188, train_rmse-1.4556, valid_rmse-1.5731, valid_pr-0.5915
2025-06-11 10:55:55 - INFO - epoch-46, train_loss-2.1143, train_rmse-1.4541, valid_rmse-1.5553, valid_pr-0.6058
2025-06-11 10:55:58 - INFO - epoch-47, train_loss-2.1017, train_rmse-1.4497, valid_rmse-1.5181, valid_pr-0.5927
2025-06-11 10:56:01 - INFO - epoch-48, train_loss-2.0725, train_rmse-1.4396, valid_rmse-1.4146, valid_pr-0.6514
2025-06-11 10:56:05 - INFO - epoch-49, train_loss-2.1184, train_rmse-1.4555, valid_rmse-1.4858, valid_pr-0.5991
2025-06-11 10:56:08 - INFO - epoch-50, train_loss-2.0708, train_rmse-1.4390, valid_rmse-1.3739, valid_pr-0.6695
2025-06-11 10:56:11 - INFO - epoch-51, train_loss-2.0104, train_rmse-1.4179, valid_rmse-1.4865, valid_pr-0.6237
2025-06-11 10:56:15 - INFO - epoch-52, train_loss-2.0411, train_rmse-1.4287, valid_rmse-1.4248, valid_pr-0.6583
2025-06-11 10:56:18 - INFO - epoch-53, train_loss-2.0031, train_rmse-1.4153, valid_rmse-1.4206, valid_pr-0.6405
2025-06-11 10:56:22 - INFO - epoch-54, train_loss-2.0051, train_rmse-1.4160, valid_rmse-1.7056, valid_pr-0.5053
2025-06-11 10:56:25 - INFO - epoch-55, train_loss-1.9772, train_rmse-1.4061, valid_rmse-1.4341, valid_pr-0.6477
2025-06-11 10:56:29 - INFO - epoch-56, train_loss-1.9881, train_rmse-1.4100, valid_rmse-1.9493, valid_pr-0.4834
2025-06-11 10:56:32 - INFO - epoch-57, train_loss-1.9890, train_rmse-1.4103, valid_rmse-1.7048, valid_pr-0.6249
2025-06-11 10:56:36 - INFO - epoch-58, train_loss-1.9451, train_rmse-1.3947, valid_rmse-1.4875, valid_pr-0.6026
2025-06-11 10:56:39 - INFO - epoch-59, train_loss-1.9144, train_rmse-1.3836, valid_rmse-1.4308, valid_pr-0.6460
2025-06-11 10:56:43 - INFO - epoch-60, train_loss-1.8903, train_rmse-1.3749, valid_rmse-1.5604, valid_pr-0.6254
2025-06-11 10:56:46 - INFO - epoch-61, train_loss-1.9395, train_rmse-1.3926, valid_rmse-1.4827, valid_pr-0.6125
2025-06-11 10:56:50 - INFO - epoch-62, train_loss-1.9030, train_rmse-1.3795, valid_rmse-1.7246, valid_pr-0.6432
2025-06-11 10:56:53 - INFO - epoch-63, train_loss-1.8533, train_rmse-1.3614, valid_rmse-1.5746, valid_pr-0.6365
2025-06-11 10:56:57 - INFO - epoch-64, train_loss-1.8679, train_rmse-1.3667, valid_rmse-1.5087, valid_pr-0.6102
2025-06-11 10:57:00 - INFO - epoch-65, train_loss-1.8657, train_rmse-1.3659, valid_rmse-1.9021, valid_pr-0.6311
2025-06-11 10:57:04 - INFO - epoch-66, train_loss-1.8266, train_rmse-1.3515, valid_rmse-1.6600, valid_pr-0.6184
2025-06-11 10:57:07 - INFO - epoch-67, train_loss-1.8141, train_rmse-1.3469, valid_rmse-1.4660, valid_pr-0.6606
2025-06-11 10:57:10 - INFO - epoch-68, train_loss-1.8256, train_rmse-1.3511, valid_rmse-1.4681, valid_pr-0.6456
2025-06-11 10:57:14 - INFO - epoch-69, train_loss-1.8120, train_rmse-1.3461, valid_rmse-1.5241, valid_pr-0.6198
2025-06-11 10:57:17 - INFO - epoch-70, train_loss-1.8058, train_rmse-1.3438, valid_rmse-1.3852, valid_pr-0.6620
2025-06-11 10:57:21 - INFO - epoch-71, train_loss-1.7699, train_rmse-1.3304, valid_rmse-1.4029, valid_pr-0.6833
2025-06-11 10:57:24 - INFO - epoch-72, train_loss-1.7409, train_rmse-1.3194, valid_rmse-1.3721, valid_pr-0.6706
2025-06-11 10:57:28 - INFO - epoch-73, train_loss-1.7569, train_rmse-1.3255, valid_rmse-1.5844, valid_pr-0.6551
2025-06-11 10:57:31 - INFO - epoch-74, train_loss-1.7437, train_rmse-1.3205, valid_rmse-1.5632, valid_pr-0.6454
2025-06-11 10:57:34 - INFO - epoch-75, train_loss-1.7320, train_rmse-1.3161, valid_rmse-1.4873, valid_pr-0.6070
2025-06-11 10:57:38 - INFO - epoch-76, train_loss-1.7222, train_rmse-1.3123, valid_rmse-1.4621, valid_pr-0.6867
2025-06-11 10:57:41 - INFO - epoch-77, train_loss-1.6913, train_rmse-1.3005, valid_rmse-1.7768, valid_pr-0.6327
2025-06-11 10:57:45 - INFO - epoch-78, train_loss-1.6966, train_rmse-1.3025, valid_rmse-1.3894, valid_pr-0.6621
2025-06-11 10:57:48 - INFO - epoch-79, train_loss-1.7199, train_rmse-1.3115, valid_rmse-1.4348, valid_pr-0.6609
2025-06-11 10:57:52 - INFO - epoch-80, train_loss-1.6570, train_rmse-1.2873, valid_rmse-1.4085, valid_pr-0.6806
2025-06-11 10:57:55 - INFO - epoch-81, train_loss-1.6519, train_rmse-1.2853, valid_rmse-1.5853, valid_pr-0.6068
2025-06-11 10:57:59 - INFO - epoch-82, train_loss-1.6319, train_rmse-1.2775, valid_rmse-1.4769, valid_pr-0.6367
2025-06-11 10:58:02 - INFO - epoch-83, train_loss-1.6502, train_rmse-1.2846, valid_rmse-1.4575, valid_pr-0.6402
2025-06-11 10:58:05 - INFO - epoch-84, train_loss-1.6224, train_rmse-1.2737, valid_rmse-1.4072, valid_pr-0.6921
2025-06-11 10:58:09 - INFO - epoch-85, train_loss-1.6249, train_rmse-1.2747, valid_rmse-1.3444, valid_pr-0.7017
2025-06-11 10:58:12 - INFO - epoch-86, train_loss-1.5969, train_rmse-1.2637, valid_rmse-1.4165, valid_pr-0.6637
2025-06-11 10:58:15 - INFO - epoch-87, train_loss-1.5730, train_rmse-1.2542, valid_rmse-1.6911, valid_pr-0.6083
2025-06-11 10:58:19 - INFO - epoch-88, train_loss-1.5728, train_rmse-1.2541, valid_rmse-1.3714, valid_pr-0.6695
2025-06-11 10:58:22 - INFO - epoch-89, train_loss-1.5912, train_rmse-1.2614, valid_rmse-1.6864, valid_pr-0.6522
2025-06-11 10:58:26 - INFO - epoch-90, train_loss-1.5530, train_rmse-1.2462, valid_rmse-1.4074, valid_pr-0.6754
2025-06-11 10:58:30 - INFO - epoch-91, train_loss-1.5405, train_rmse-1.2412, valid_rmse-1.4326, valid_pr-0.6611
2025-06-11 10:58:33 - INFO - epoch-92, train_loss-1.5135, train_rmse-1.2302, valid_rmse-1.4217, valid_pr-0.6893
2025-06-11 10:58:37 - INFO - epoch-93, train_loss-1.5177, train_rmse-1.2320, valid_rmse-1.4240, valid_pr-0.6638
2025-06-11 10:58:40 - INFO - epoch-94, train_loss-1.5000, train_rmse-1.2248, valid_rmse-1.3506, valid_pr-0.7015
2025-06-11 10:58:44 - INFO - epoch-95, train_loss-1.5084, train_rmse-1.2282, valid_rmse-1.6228, valid_pr-0.6434
2025-06-11 10:58:47 - INFO - epoch-96, train_loss-1.4951, train_rmse-1.2227, valid_rmse-1.5810, valid_pr-0.6568
2025-06-11 10:58:50 - INFO - epoch-97, train_loss-1.4903, train_rmse-1.2208, valid_rmse-1.3952, valid_pr-0.6629
2025-06-11 10:58:54 - INFO - epoch-98, train_loss-1.4665, train_rmse-1.2110, valid_rmse-1.4726, valid_pr-0.6448
2025-06-11 10:58:57 - INFO - epoch-99, train_loss-1.4517, train_rmse-1.2049, valid_rmse-1.4100, valid_pr-0.6544
2025-06-11 10:59:01 - INFO - epoch-100, train_loss-1.4611, train_rmse-1.2088, valid_rmse-1.4170, valid_pr-0.6444
2025-06-11 10:59:04 - INFO - epoch-101, train_loss-1.4522, train_rmse-1.2051, valid_rmse-1.8814, valid_pr-0.6640
2025-06-11 10:59:07 - INFO - epoch-102, train_loss-1.4513, train_rmse-1.2047, valid_rmse-1.3903, valid_pr-0.6778
2025-06-11 10:59:11 - INFO - epoch-103, train_loss-1.4307, train_rmse-1.1961, valid_rmse-1.5063, valid_pr-0.6941
2025-06-11 10:59:14 - INFO - epoch-104, train_loss-1.3995, train_rmse-1.1830, valid_rmse-1.7507, valid_pr-0.6453
2025-06-11 10:59:17 - INFO - epoch-105, train_loss-1.4110, train_rmse-1.1879, valid_rmse-1.5981, valid_pr-0.5384
2025-06-11 10:59:21 - INFO - epoch-106, train_loss-1.4000, train_rmse-1.1832, valid_rmse-1.3747, valid_pr-0.6910
2025-06-11 10:59:24 - INFO - epoch-107, train_loss-1.4003, train_rmse-1.1834, valid_rmse-1.4056, valid_pr-0.6746
2025-06-11 10:59:28 - INFO - epoch-108, train_loss-1.3641, train_rmse-1.1679, valid_rmse-1.5950, valid_pr-0.6503
2025-06-11 10:59:31 - INFO - epoch-109, train_loss-1.3435, train_rmse-1.1591, valid_rmse-1.3915, valid_pr-0.6587
2025-06-11 10:59:34 - INFO - epoch-110, train_loss-1.3284, train_rmse-1.1526, valid_rmse-1.3941, valid_pr-0.6873
2025-06-11 10:59:38 - INFO - epoch-111, train_loss-1.3293, train_rmse-1.1529, valid_rmse-1.5787, valid_pr-0.6571
2025-06-11 10:59:41 - INFO - epoch-112, train_loss-1.3010, train_rmse-1.1406, valid_rmse-1.4539, valid_pr-0.7004
2025-06-11 10:59:45 - INFO - epoch-113, train_loss-1.2712, train_rmse-1.1275, valid_rmse-1.4577, valid_pr-0.6248
2025-06-11 10:59:48 - INFO - epoch-114, train_loss-1.3231, train_rmse-1.1503, valid_rmse-1.5098, valid_pr-0.6955
2025-06-11 10:59:51 - INFO - epoch-115, train_loss-1.2855, train_rmse-1.1338, valid_rmse-1.4923, valid_pr-0.6594
2025-06-11 10:59:55 - INFO - epoch-116, train_loss-1.2740, train_rmse-1.1287, valid_rmse-1.9369, valid_pr-0.6677
2025-06-11 10:59:58 - INFO - epoch-117, train_loss-1.2832, train_rmse-1.1328, valid_rmse-1.4560, valid_pr-0.6487
2025-06-11 11:00:01 - INFO - epoch-118, train_loss-1.2423, train_rmse-1.1146, valid_rmse-1.6149, valid_pr-0.5291
2025-06-11 11:00:05 - INFO - epoch-119, train_loss-1.2181, train_rmse-1.1037, valid_rmse-1.7803, valid_pr-0.5221
2025-06-11 11:00:08 - INFO - epoch-120, train_loss-1.2168, train_rmse-1.1031, valid_rmse-1.5045, valid_pr-0.6385
2025-06-11 11:00:12 - INFO - epoch-121, train_loss-1.2406, train_rmse-1.1138, valid_rmse-1.7315, valid_pr-0.5883
2025-06-11 11:00:15 - INFO - epoch-122, train_loss-1.2160, train_rmse-1.1027, valid_rmse-1.4830, valid_pr-0.6178
2025-06-11 11:00:18 - INFO - epoch-123, train_loss-1.2059, train_rmse-1.0981, valid_rmse-1.5191, valid_pr-0.6482
2025-06-11 11:00:22 - INFO - epoch-124, train_loss-1.1869, train_rmse-1.0895, valid_rmse-1.3761, valid_pr-0.6829
2025-06-11 11:00:25 - INFO - epoch-125, train_loss-1.1772, train_rmse-1.0850, valid_rmse-1.4194, valid_pr-0.6868
2025-06-11 11:00:29 - INFO - epoch-126, train_loss-1.1558, train_rmse-1.0751, valid_rmse-1.5565, valid_pr-0.6826
2025-06-11 11:00:32 - INFO - epoch-127, train_loss-1.1824, train_rmse-1.0874, valid_rmse-1.5537, valid_pr-0.6074
2025-06-11 11:00:36 - INFO - epoch-128, train_loss-1.1738, train_rmse-1.0834, valid_rmse-1.3990, valid_pr-0.6732
2025-06-11 11:00:39 - INFO - epoch-129, train_loss-1.1516, train_rmse-1.0731, valid_rmse-1.3837, valid_pr-0.6743
2025-06-11 11:00:43 - INFO - epoch-130, train_loss-1.1193, train_rmse-1.0580, valid_rmse-1.5533, valid_pr-0.6308
2025-06-11 11:00:46 - INFO - epoch-131, train_loss-1.1356, train_rmse-1.0656, valid_rmse-1.6725, valid_pr-0.6784
2025-06-11 11:00:50 - INFO - epoch-132, train_loss-1.1188, train_rmse-1.0577, valid_rmse-2.1761, valid_pr-0.4686
2025-06-11 11:00:53 - INFO - epoch-133, train_loss-1.1287, train_rmse-1.0624, valid_rmse-1.7233, valid_pr-0.6679
2025-06-11 11:00:56 - INFO - epoch-134, train_loss-1.0957, train_rmse-1.0467, valid_rmse-1.4203, valid_pr-0.6790
2025-06-11 11:01:00 - INFO - epoch-135, train_loss-1.0780, train_rmse-1.0383, valid_rmse-1.4263, valid_pr-0.6995
2025-06-11 11:01:03 - INFO - epoch-136, train_loss-1.1019, train_rmse-1.0497, valid_rmse-1.4820, valid_pr-0.6800
2025-06-11 11:01:07 - INFO - epoch-137, train_loss-1.0602, train_rmse-1.0297, valid_rmse-1.4696, valid_pr-0.6966
2025-06-11 11:01:10 - INFO - epoch-138, train_loss-1.0783, train_rmse-1.0384, valid_rmse-1.4956, valid_pr-0.6160
2025-06-11 11:01:13 - INFO - epoch-139, train_loss-1.0501, train_rmse-1.0247, valid_rmse-1.4786, valid_pr-0.6479
2025-06-11 11:01:17 - INFO - epoch-140, train_loss-1.0709, train_rmse-1.0349, valid_rmse-1.4639, valid_pr-0.6752
2025-06-11 11:01:20 - INFO - epoch-141, train_loss-1.0176, train_rmse-1.0088, valid_rmse-1.4108, valid_pr-0.6988
2025-06-11 11:01:24 - INFO - epoch-142, train_loss-1.0241, train_rmse-1.0120, valid_rmse-1.5429, valid_pr-0.5876
2025-06-11 11:01:27 - INFO - epoch-143, train_loss-1.0423, train_rmse-1.0210, valid_rmse-1.6392, valid_pr-0.6763
2025-06-11 11:01:30 - INFO - epoch-144, train_loss-1.0207, train_rmse-1.0103, valid_rmse-1.7729, valid_pr-0.6428
2025-06-11 11:01:34 - INFO - epoch-145, train_loss-0.9879, train_rmse-0.9939, valid_rmse-1.4444, valid_pr-0.7002
2025-06-11 11:01:37 - INFO - epoch-146, train_loss-0.9877, train_rmse-0.9938, valid_rmse-1.4071, valid_pr-0.6952
2025-06-11 11:01:41 - INFO - epoch-147, train_loss-1.0039, train_rmse-1.0020, valid_rmse-1.5054, valid_pr-0.6491
2025-06-11 11:01:44 - INFO - epoch-148, train_loss-0.9573, train_rmse-0.9784, valid_rmse-1.4963, valid_pr-0.6242
2025-06-11 11:01:47 - INFO - epoch-149, train_loss-0.9720, train_rmse-0.9859, valid_rmse-1.8188, valid_pr-0.4108
2025-06-11 11:01:51 - INFO - epoch-150, train_loss-0.9401, train_rmse-0.9696, valid_rmse-1.7611, valid_pr-0.6887
2025-06-11 11:01:54 - INFO - epoch-151, train_loss-0.9565, train_rmse-0.9780, valid_rmse-1.3352, valid_pr-0.7096
2025-06-11 11:01:57 - INFO - epoch-152, train_loss-0.9637, train_rmse-0.9817, valid_rmse-1.3818, valid_pr-0.7054
2025-06-11 11:02:01 - INFO - epoch-153, train_loss-0.9396, train_rmse-0.9693, valid_rmse-1.4075, valid_pr-0.6893
2025-06-11 11:02:04 - INFO - epoch-154, train_loss-0.9260, train_rmse-0.9623, valid_rmse-1.3869, valid_pr-0.6994
2025-06-11 11:02:08 - INFO - epoch-155, train_loss-0.9345, train_rmse-0.9667, valid_rmse-1.4778, valid_pr-0.6750
2025-06-11 11:02:12 - INFO - epoch-156, train_loss-0.9164, train_rmse-0.9573, valid_rmse-1.4399, valid_pr-0.6965
2025-06-11 11:02:15 - INFO - epoch-157, train_loss-0.9100, train_rmse-0.9540, valid_rmse-1.6936, valid_pr-0.5463
2025-06-11 11:02:19 - INFO - epoch-158, train_loss-0.9059, train_rmse-0.9518, valid_rmse-1.4335, valid_pr-0.6913
2025-06-11 11:02:22 - INFO - epoch-159, train_loss-0.9080, train_rmse-0.9529, valid_rmse-1.3821, valid_pr-0.6847
2025-06-11 11:02:25 - INFO - epoch-160, train_loss-0.8999, train_rmse-0.9486, valid_rmse-1.4058, valid_pr-0.6861
2025-06-11 11:02:29 - INFO - epoch-161, train_loss-0.9101, train_rmse-0.9540, valid_rmse-2.1494, valid_pr-0.6048
2025-06-11 11:02:32 - INFO - epoch-162, train_loss-0.8519, train_rmse-0.9230, valid_rmse-1.4692, valid_pr-0.6495
2025-06-11 11:02:36 - INFO - epoch-163, train_loss-0.8800, train_rmse-0.9381, valid_rmse-1.3589, valid_pr-0.6885
2025-06-11 11:02:39 - INFO - epoch-164, train_loss-0.8965, train_rmse-0.9468, valid_rmse-1.6109, valid_pr-0.6866
2025-06-11 11:02:42 - INFO - epoch-165, train_loss-0.8759, train_rmse-0.9359, valid_rmse-1.7387, valid_pr-0.6502
2025-06-11 11:02:46 - INFO - epoch-166, train_loss-0.8403, train_rmse-0.9167, valid_rmse-1.3594, valid_pr-0.7022
2025-06-11 11:02:49 - INFO - epoch-167, train_loss-0.8251, train_rmse-0.9084, valid_rmse-1.5753, valid_pr-0.6867
2025-06-11 11:02:53 - INFO - epoch-168, train_loss-0.8607, train_rmse-0.9278, valid_rmse-1.7968, valid_pr-0.6235
2025-06-11 11:02:56 - INFO - epoch-169, train_loss-0.8421, train_rmse-0.9177, valid_rmse-1.5376, valid_pr-0.5752
2025-06-11 11:03:00 - INFO - epoch-170, train_loss-0.8259, train_rmse-0.9088, valid_rmse-1.5159, valid_pr-0.6885
2025-06-11 11:03:03 - INFO - epoch-171, train_loss-0.8190, train_rmse-0.9050, valid_rmse-1.4363, valid_pr-0.7163
2025-06-11 11:03:07 - INFO - epoch-172, train_loss-0.8013, train_rmse-0.8951, valid_rmse-1.5132, valid_pr-0.6122
2025-06-11 11:03:10 - INFO - epoch-173, train_loss-0.8185, train_rmse-0.9047, valid_rmse-1.3769, valid_pr-0.6855
2025-06-11 11:03:13 - INFO - epoch-174, train_loss-0.7738, train_rmse-0.8797, valid_rmse-1.3823, valid_pr-0.7045
2025-06-11 11:03:17 - INFO - epoch-175, train_loss-0.7812, train_rmse-0.8839, valid_rmse-1.4270, valid_pr-0.6662
2025-06-11 11:03:20 - INFO - epoch-176, train_loss-0.7888, train_rmse-0.8882, valid_rmse-1.5081, valid_pr-0.6697
2025-06-11 11:03:24 - INFO - epoch-177, train_loss-0.7747, train_rmse-0.8802, valid_rmse-1.6681, valid_pr-0.5527
2025-06-11 11:03:27 - INFO - epoch-178, train_loss-0.7764, train_rmse-0.8812, valid_rmse-1.4942, valid_pr-0.6821
2025-06-11 11:03:31 - INFO - epoch-179, train_loss-0.7957, train_rmse-0.8920, valid_rmse-1.4530, valid_pr-0.6478
2025-06-11 11:03:34 - INFO - epoch-180, train_loss-0.7955, train_rmse-0.8919, valid_rmse-1.5436, valid_pr-0.6117
2025-06-11 11:03:38 - INFO - epoch-181, train_loss-0.7808, train_rmse-0.8836, valid_rmse-1.5731, valid_pr-0.6178
2025-06-11 11:03:41 - INFO - epoch-182, train_loss-0.7718, train_rmse-0.8785, valid_rmse-1.3641, valid_pr-0.7107
2025-06-11 11:03:45 - INFO - epoch-183, train_loss-0.7697, train_rmse-0.8773, valid_rmse-1.4167, valid_pr-0.6720
2025-06-11 11:03:48 - INFO - epoch-184, train_loss-0.7532, train_rmse-0.8679, valid_rmse-1.6672, valid_pr-0.5788
2025-06-11 11:03:52 - INFO - epoch-185, train_loss-0.7486, train_rmse-0.8652, valid_rmse-1.4027, valid_pr-0.7011
2025-06-11 11:03:55 - INFO - epoch-186, train_loss-0.7074, train_rmse-0.8411, valid_rmse-1.4117, valid_pr-0.7119
2025-06-11 11:03:58 - INFO - epoch-187, train_loss-0.7195, train_rmse-0.8482, valid_rmse-1.8617, valid_pr-0.6144
2025-06-11 11:04:02 - INFO - epoch-188, train_loss-0.7298, train_rmse-0.8543, valid_rmse-1.4599, valid_pr-0.6274
2025-06-11 11:04:05 - INFO - epoch-189, train_loss-0.7044, train_rmse-0.8393, valid_rmse-1.4306, valid_pr-0.6447
2025-06-11 11:04:09 - INFO - epoch-190, train_loss-0.7252, train_rmse-0.8516, valid_rmse-1.3939, valid_pr-0.6693
2025-06-11 11:04:12 - INFO - epoch-191, train_loss-0.7016, train_rmse-0.8376, valid_rmse-1.4834, valid_pr-0.6384
2025-06-11 11:04:16 - INFO - epoch-192, train_loss-0.6971, train_rmse-0.8349, valid_rmse-1.3800, valid_pr-0.7045
2025-06-11 11:04:19 - INFO - epoch-193, train_loss-0.6905, train_rmse-0.8310, valid_rmse-1.5164, valid_pr-0.6049
2025-06-11 11:04:23 - INFO - epoch-194, train_loss-0.7019, train_rmse-0.8378, valid_rmse-1.5692, valid_pr-0.6340
2025-06-11 11:04:26 - INFO - epoch-195, train_loss-0.7076, train_rmse-0.8412, valid_rmse-1.4319, valid_pr-0.6966
2025-06-11 11:04:29 - INFO - epoch-196, train_loss-0.6987, train_rmse-0.8359, valid_rmse-1.4784, valid_pr-0.6907
2025-06-11 11:04:33 - INFO - epoch-197, train_loss-0.6602, train_rmse-0.8126, valid_rmse-1.3349, valid_pr-0.7052
2025-06-11 11:04:36 - INFO - epoch-198, train_loss-0.6481, train_rmse-0.8051, valid_rmse-1.5148, valid_pr-0.6890
2025-06-11 11:04:39 - INFO - epoch-199, train_loss-0.6615, train_rmse-0.8134, valid_rmse-1.6721, valid_pr-0.6762
2025-06-11 11:04:43 - INFO - epoch-200, train_loss-0.6588, train_rmse-0.8117, valid_rmse-1.3965, valid_pr-0.6644
2025-06-11 11:04:46 - INFO - epoch-201, train_loss-0.6622, train_rmse-0.8138, valid_rmse-1.5261, valid_pr-0.6676
2025-06-11 11:04:49 - INFO - epoch-202, train_loss-0.6395, train_rmse-0.7997, valid_rmse-1.4842, valid_pr-0.6578
2025-06-11 11:04:53 - INFO - epoch-203, train_loss-0.6449, train_rmse-0.8031, valid_rmse-1.4375, valid_pr-0.6626
2025-06-11 11:04:56 - INFO - epoch-204, train_loss-0.6372, train_rmse-0.7982, valid_rmse-1.4930, valid_pr-0.6658
2025-06-11 11:05:00 - INFO - epoch-205, train_loss-0.6663, train_rmse-0.8162, valid_rmse-1.3658, valid_pr-0.7073
2025-06-11 11:05:03 - INFO - epoch-206, train_loss-0.6422, train_rmse-0.8014, valid_rmse-1.5705, valid_pr-0.6713
2025-06-11 11:05:06 - INFO - epoch-207, train_loss-0.6269, train_rmse-0.7918, valid_rmse-1.4908, valid_pr-0.6224
2025-06-11 11:05:10 - INFO - epoch-208, train_loss-0.6093, train_rmse-0.7806, valid_rmse-1.5971, valid_pr-0.6575
2025-06-11 11:05:13 - INFO - epoch-209, train_loss-0.6463, train_rmse-0.8039, valid_rmse-1.3777, valid_pr-0.7164
2025-06-11 11:05:17 - INFO - epoch-210, train_loss-0.6050, train_rmse-0.7778, valid_rmse-1.4226, valid_pr-0.6952
2025-06-11 11:05:20 - INFO - epoch-211, train_loss-0.6339, train_rmse-0.7962, valid_rmse-1.3681, valid_pr-0.7015
2025-06-11 11:05:23 - INFO - epoch-212, train_loss-0.6114, train_rmse-0.7819, valid_rmse-1.4067, valid_pr-0.7097
2025-06-11 11:05:27 - INFO - epoch-213, train_loss-0.6208, train_rmse-0.7879, valid_rmse-1.5703, valid_pr-0.6862
2025-06-11 11:05:30 - INFO - epoch-214, train_loss-0.6027, train_rmse-0.7763, valid_rmse-1.4018, valid_pr-0.6968
2025-06-11 11:05:34 - INFO - epoch-215, train_loss-0.5857, train_rmse-0.7653, valid_rmse-1.4349, valid_pr-0.7084
2025-06-11 11:05:37 - INFO - epoch-216, train_loss-0.6013, train_rmse-0.7754, valid_rmse-1.4496, valid_pr-0.7039
2025-06-11 11:05:41 - INFO - epoch-217, train_loss-0.5747, train_rmse-0.7581, valid_rmse-1.5793, valid_pr-0.6311
2025-06-11 11:05:44 - INFO - epoch-218, train_loss-0.6011, train_rmse-0.7753, valid_rmse-1.4144, valid_pr-0.6870
2025-06-11 11:05:48 - INFO - epoch-219, train_loss-0.5840, train_rmse-0.7642, valid_rmse-1.3605, valid_pr-0.6971
2025-06-11 11:05:51 - INFO - epoch-220, train_loss-0.5755, train_rmse-0.7586, valid_rmse-1.3674, valid_pr-0.7113
2025-06-11 11:05:54 - INFO - epoch-221, train_loss-0.5730, train_rmse-0.7570, valid_rmse-1.4606, valid_pr-0.6762
2025-06-11 11:05:58 - INFO - epoch-222, train_loss-0.5794, train_rmse-0.7612, valid_rmse-1.6613, valid_pr-0.6786
2025-06-11 11:06:01 - INFO - epoch-223, train_loss-0.5637, train_rmse-0.7508, valid_rmse-1.4449, valid_pr-0.6506
2025-06-11 11:06:04 - INFO - epoch-224, train_loss-0.5855, train_rmse-0.7652, valid_rmse-1.6655, valid_pr-0.6589
2025-06-11 11:06:08 - INFO - epoch-225, train_loss-0.5944, train_rmse-0.7710, valid_rmse-1.4603, valid_pr-0.6701
2025-06-11 11:06:12 - INFO - epoch-226, train_loss-0.5722, train_rmse-0.7564, valid_rmse-1.4430, valid_pr-0.6466
2025-06-11 11:06:15 - INFO - epoch-227, train_loss-0.5574, train_rmse-0.7466, valid_rmse-1.3633, valid_pr-0.7072
2025-06-11 11:06:19 - INFO - epoch-228, train_loss-0.5521, train_rmse-0.7430, valid_rmse-1.4713, valid_pr-0.6488
2025-06-11 11:06:22 - INFO - epoch-229, train_loss-0.5248, train_rmse-0.7244, valid_rmse-1.4714, valid_pr-0.6331
2025-06-11 11:06:26 - INFO - epoch-230, train_loss-0.5428, train_rmse-0.7367, valid_rmse-1.3805, valid_pr-0.7053
2025-06-11 11:06:29 - INFO - epoch-231, train_loss-0.5109, train_rmse-0.7148, valid_rmse-1.3676, valid_pr-0.6910
2025-06-11 11:06:33 - INFO - epoch-232, train_loss-0.5363, train_rmse-0.7323, valid_rmse-1.5318, valid_pr-0.6598
2025-06-11 11:06:36 - INFO - epoch-233, train_loss-0.5216, train_rmse-0.7222, valid_rmse-1.4439, valid_pr-0.6741
2025-06-11 11:06:40 - INFO - epoch-234, train_loss-0.5326, train_rmse-0.7298, valid_rmse-1.3686, valid_pr-0.6934
2025-06-11 11:06:43 - INFO - epoch-235, train_loss-0.5185, train_rmse-0.7201, valid_rmse-1.4005, valid_pr-0.6621
2025-06-11 11:06:47 - INFO - epoch-236, train_loss-0.5326, train_rmse-0.7298, valid_rmse-1.4243, valid_pr-0.6472
2025-06-11 11:06:50 - INFO - epoch-237, train_loss-0.5101, train_rmse-0.7142, valid_rmse-1.4601, valid_pr-0.7085
2025-06-11 11:06:54 - INFO - epoch-238, train_loss-0.5058, train_rmse-0.7112, valid_rmse-1.3770, valid_pr-0.6854
2025-06-11 11:06:57 - INFO - epoch-239, train_loss-0.5055, train_rmse-0.7110, valid_rmse-1.3861, valid_pr-0.6896
2025-06-11 11:07:01 - INFO - epoch-240, train_loss-0.5145, train_rmse-0.7173, valid_rmse-1.3740, valid_pr-0.7169
2025-06-11 11:07:04 - INFO - epoch-241, train_loss-0.4986, train_rmse-0.7061, valid_rmse-1.4263, valid_pr-0.6593
2025-06-11 11:07:08 - INFO - epoch-242, train_loss-0.4917, train_rmse-0.7012, valid_rmse-1.3746, valid_pr-0.6898
2025-06-11 11:07:11 - INFO - epoch-243, train_loss-0.4842, train_rmse-0.6958, valid_rmse-1.4077, valid_pr-0.6901
2025-06-11 11:07:14 - INFO - epoch-244, train_loss-0.4829, train_rmse-0.6949, valid_rmse-1.3466, valid_pr-0.6997
2025-06-11 11:07:18 - INFO - epoch-245, train_loss-0.4797, train_rmse-0.6926, valid_rmse-1.3712, valid_pr-0.7113
2025-06-11 11:07:22 - INFO - epoch-246, train_loss-0.4988, train_rmse-0.7063, valid_rmse-1.4818, valid_pr-0.6373
2025-06-11 11:07:25 - INFO - epoch-247, train_loss-0.4844, train_rmse-0.6960, valid_rmse-1.3631, valid_pr-0.6957
2025-06-11 11:07:29 - INFO - epoch-248, train_loss-0.4589, train_rmse-0.6775, valid_rmse-1.3624, valid_pr-0.6921
2025-06-11 11:07:32 - INFO - epoch-249, train_loss-0.4637, train_rmse-0.6810, valid_rmse-1.3477, valid_pr-0.7087
2025-06-11 11:07:36 - INFO - epoch-250, train_loss-0.4603, train_rmse-0.6785, valid_rmse-1.5172, valid_pr-0.6081
2025-06-11 11:07:39 - INFO - epoch-251, train_loss-0.4998, train_rmse-0.7069, valid_rmse-1.4985, valid_pr-0.6951
2025-06-11 11:07:42 - INFO - epoch-252, train_loss-0.4604, train_rmse-0.6785, valid_rmse-1.3632, valid_pr-0.6985
2025-06-11 11:07:46 - INFO - epoch-253, train_loss-0.4694, train_rmse-0.6851, valid_rmse-1.3333, valid_pr-0.7163
2025-06-11 11:07:49 - INFO - epoch-254, train_loss-0.4645, train_rmse-0.6815, valid_rmse-1.5792, valid_pr-0.6623
2025-06-11 11:07:52 - INFO - epoch-255, train_loss-0.4516, train_rmse-0.6720, valid_rmse-1.4625, valid_pr-0.6892
2025-06-11 11:07:56 - INFO - epoch-256, train_loss-0.4549, train_rmse-0.6745, valid_rmse-1.5197, valid_pr-0.6068
2025-06-11 11:07:59 - INFO - epoch-257, train_loss-0.4510, train_rmse-0.6716, valid_rmse-1.4657, valid_pr-0.6854
2025-06-11 11:08:03 - INFO - epoch-258, train_loss-0.4863, train_rmse-0.6973, valid_rmse-1.6547, valid_pr-0.6386
2025-06-11 11:08:06 - INFO - epoch-259, train_loss-0.4662, train_rmse-0.6828, valid_rmse-1.3682, valid_pr-0.7058
2025-06-11 11:08:10 - INFO - epoch-260, train_loss-0.4571, train_rmse-0.6761, valid_rmse-1.4176, valid_pr-0.6577
2025-06-11 11:08:13 - INFO - epoch-261, train_loss-0.4492, train_rmse-0.6702, valid_rmse-1.4082, valid_pr-0.6915
2025-06-11 11:08:17 - INFO - epoch-262, train_loss-0.4310, train_rmse-0.6565, valid_rmse-1.3526, valid_pr-0.6851
2025-06-11 11:08:20 - INFO - epoch-263, train_loss-0.4203, train_rmse-0.6483, valid_rmse-1.4155, valid_pr-0.7047
2025-06-11 11:08:23 - INFO - epoch-264, train_loss-0.4440, train_rmse-0.6664, valid_rmse-1.4269, valid_pr-0.6871
2025-06-11 11:08:27 - INFO - epoch-265, train_loss-0.4498, train_rmse-0.6706, valid_rmse-1.3869, valid_pr-0.7096
2025-06-11 11:08:31 - INFO - epoch-266, train_loss-0.4230, train_rmse-0.6504, valid_rmse-1.3241, valid_pr-0.7141
2025-06-11 11:08:34 - INFO - epoch-267, train_loss-0.4413, train_rmse-0.6643, valid_rmse-1.4854, valid_pr-0.6106
2025-06-11 11:08:38 - INFO - epoch-268, train_loss-0.4295, train_rmse-0.6554, valid_rmse-1.3849, valid_pr-0.6920
2025-06-11 11:08:41 - INFO - epoch-269, train_loss-0.4215, train_rmse-0.6492, valid_rmse-1.3360, valid_pr-0.7067
2025-06-11 11:08:45 - INFO - epoch-270, train_loss-0.3952, train_rmse-0.6286, valid_rmse-1.3915, valid_pr-0.7076
2025-06-11 11:08:48 - INFO - epoch-271, train_loss-0.4055, train_rmse-0.6368, valid_rmse-1.4590, valid_pr-0.6572
2025-06-11 11:08:52 - INFO - epoch-272, train_loss-0.4060, train_rmse-0.6372, valid_rmse-1.3631, valid_pr-0.6921
2025-06-11 11:08:55 - INFO - epoch-273, train_loss-0.4053, train_rmse-0.6366, valid_rmse-1.4410, valid_pr-0.6519
2025-06-11 11:08:58 - INFO - epoch-274, train_loss-0.4451, train_rmse-0.6672, valid_rmse-1.3344, valid_pr-0.7024
2025-06-11 11:09:02 - INFO - epoch-275, train_loss-0.4024, train_rmse-0.6344, valid_rmse-1.4328, valid_pr-0.6952
2025-06-11 11:09:05 - INFO - epoch-276, train_loss-0.4232, train_rmse-0.6505, valid_rmse-1.4080, valid_pr-0.6775
2025-06-11 11:09:08 - INFO - epoch-277, train_loss-0.3966, train_rmse-0.6298, valid_rmse-1.3744, valid_pr-0.6766
2025-06-11 11:09:12 - INFO - epoch-278, train_loss-0.4069, train_rmse-0.6379, valid_rmse-1.6132, valid_pr-0.5926
2025-06-11 11:09:15 - INFO - epoch-279, train_loss-0.4122, train_rmse-0.6420, valid_rmse-1.4195, valid_pr-0.6947
2025-06-11 11:09:18 - INFO - epoch-280, train_loss-0.3980, train_rmse-0.6308, valid_rmse-1.5176, valid_pr-0.6207
2025-06-11 11:09:22 - INFO - epoch-281, train_loss-0.4172, train_rmse-0.6459, valid_rmse-1.4075, valid_pr-0.6914
2025-06-11 11:09:25 - INFO - epoch-282, train_loss-0.3930, train_rmse-0.6269, valid_rmse-1.4030, valid_pr-0.6935
2025-06-11 11:09:29 - INFO - epoch-283, train_loss-0.3871, train_rmse-0.6222, valid_rmse-1.3512, valid_pr-0.7118
2025-06-11 11:09:32 - INFO - epoch-284, train_loss-0.3974, train_rmse-0.6304, valid_rmse-1.3269, valid_pr-0.7141
2025-06-11 11:09:36 - INFO - epoch-285, train_loss-0.3790, train_rmse-0.6156, valid_rmse-1.4223, valid_pr-0.6652
2025-06-11 11:09:39 - INFO - epoch-286, train_loss-0.3713, train_rmse-0.6093, valid_rmse-1.3746, valid_pr-0.7031
2025-06-11 11:09:43 - INFO - epoch-287, train_loss-0.3790, train_rmse-0.6156, valid_rmse-1.3904, valid_pr-0.6720
2025-06-11 11:09:46 - INFO - epoch-288, train_loss-0.3908, train_rmse-0.6252, valid_rmse-1.3868, valid_pr-0.7008
2025-06-11 11:09:49 - INFO - epoch-289, train_loss-0.3802, train_rmse-0.6166, valid_rmse-1.3477, valid_pr-0.6957
2025-06-11 11:09:53 - INFO - epoch-290, train_loss-0.3773, train_rmse-0.6143, valid_rmse-1.3882, valid_pr-0.6785
2025-06-11 11:09:56 - INFO - epoch-291, train_loss-0.3716, train_rmse-0.6096, valid_rmse-1.3900, valid_pr-0.6856
2025-06-11 11:10:00 - INFO - epoch-292, train_loss-0.3822, train_rmse-0.6182, valid_rmse-1.3628, valid_pr-0.6923
2025-06-11 11:10:03 - INFO - epoch-293, train_loss-0.3688, train_rmse-0.6073, valid_rmse-1.6874, valid_pr-0.5878
2025-06-11 11:10:07 - INFO - epoch-294, train_loss-0.3919, train_rmse-0.6261, valid_rmse-1.4053, valid_pr-0.6900
2025-06-11 11:10:10 - INFO - epoch-295, train_loss-0.3773, train_rmse-0.6143, valid_rmse-1.4008, valid_pr-0.6854
2025-06-11 11:10:13 - INFO - epoch-296, train_loss-0.3595, train_rmse-0.5996, valid_rmse-1.4720, valid_pr-0.6910
2025-06-11 11:10:17 - INFO - epoch-297, train_loss-0.3680, train_rmse-0.6067, valid_rmse-1.4346, valid_pr-0.6507
2025-06-11 11:10:20 - INFO - epoch-298, train_loss-0.3857, train_rmse-0.6210, valid_rmse-1.3481, valid_pr-0.6973
2025-06-11 11:10:24 - INFO - epoch-299, train_loss-0.3858, train_rmse-0.6211, valid_rmse-1.5467, valid_pr-0.6010
2025-06-11 11:10:27 - INFO - epoch-300, train_loss-0.3672, train_rmse-0.6060, valid_rmse-1.4703, valid_pr-0.7167
2025-06-11 11:10:30 - INFO - epoch-301, train_loss-0.3943, train_rmse-0.6279, valid_rmse-1.3638, valid_pr-0.7063
2025-06-11 11:10:34 - INFO - epoch-302, train_loss-0.3612, train_rmse-0.6010, valid_rmse-1.4433, valid_pr-0.6628
2025-06-11 11:10:37 - INFO - epoch-303, train_loss-0.3719, train_rmse-0.6098, valid_rmse-1.4079, valid_pr-0.7085
2025-06-11 11:10:41 - INFO - epoch-304, train_loss-0.3426, train_rmse-0.5853, valid_rmse-1.4685, valid_pr-0.6961
2025-06-11 11:10:44 - INFO - epoch-305, train_loss-0.3670, train_rmse-0.6058, valid_rmse-1.4538, valid_pr-0.6674
2025-06-11 11:10:47 - INFO - epoch-306, train_loss-0.3532, train_rmse-0.5943, valid_rmse-1.4582, valid_pr-0.6748
2025-06-11 11:10:51 - INFO - epoch-307, train_loss-0.3473, train_rmse-0.5894, valid_rmse-1.4604, valid_pr-0.6837
2025-06-11 11:10:54 - INFO - epoch-308, train_loss-0.3336, train_rmse-0.5776, valid_rmse-1.4421, valid_pr-0.7012
2025-06-11 11:10:58 - INFO - epoch-309, train_loss-0.3332, train_rmse-0.5772, valid_rmse-1.3804, valid_pr-0.6901
2025-06-11 11:11:01 - INFO - epoch-310, train_loss-0.3545, train_rmse-0.5954, valid_rmse-1.3925, valid_pr-0.6999
2025-06-11 11:11:05 - INFO - epoch-311, train_loss-0.3447, train_rmse-0.5871, valid_rmse-1.3880, valid_pr-0.6916
2025-06-11 11:11:08 - INFO - epoch-312, train_loss-0.3493, train_rmse-0.5910, valid_rmse-1.4772, valid_pr-0.6542
2025-06-11 11:11:11 - INFO - epoch-313, train_loss-0.3481, train_rmse-0.5900, valid_rmse-1.8124, valid_pr-0.6789
2025-06-11 11:11:15 - INFO - epoch-314, train_loss-0.3375, train_rmse-0.5809, valid_rmse-1.4687, valid_pr-0.6895
2025-06-11 11:11:18 - INFO - epoch-315, train_loss-0.3380, train_rmse-0.5814, valid_rmse-1.3337, valid_pr-0.7165
2025-06-11 11:11:22 - INFO - epoch-316, train_loss-0.3464, train_rmse-0.5885, valid_rmse-1.4780, valid_pr-0.7018
2025-06-11 11:11:25 - INFO - epoch-317, train_loss-0.3183, train_rmse-0.5642, valid_rmse-1.3579, valid_pr-0.7032
2025-06-11 11:11:29 - INFO - epoch-318, train_loss-0.3533, train_rmse-0.5944, valid_rmse-1.4109, valid_pr-0.6723
2025-06-11 11:11:32 - INFO - epoch-319, train_loss-0.3309, train_rmse-0.5752, valid_rmse-1.3549, valid_pr-0.6905
2025-06-11 11:11:36 - INFO - epoch-320, train_loss-0.3458, train_rmse-0.5880, valid_rmse-1.4946, valid_pr-0.6546
2025-06-11 11:11:39 - INFO - epoch-321, train_loss-0.3411, train_rmse-0.5841, valid_rmse-1.3054, valid_pr-0.7115
2025-06-11 11:11:42 - INFO - epoch-322, train_loss-0.3176, train_rmse-0.5636, valid_rmse-1.4044, valid_pr-0.6939
2025-06-11 11:11:46 - INFO - epoch-323, train_loss-0.3254, train_rmse-0.5704, valid_rmse-1.4360, valid_pr-0.7037
2025-06-11 11:11:49 - INFO - epoch-324, train_loss-0.3321, train_rmse-0.5763, valid_rmse-1.3201, valid_pr-0.7219
2025-06-11 11:11:53 - INFO - epoch-325, train_loss-0.3316, train_rmse-0.5758, valid_rmse-1.3870, valid_pr-0.6794
2025-06-11 11:11:56 - INFO - epoch-326, train_loss-0.3239, train_rmse-0.5691, valid_rmse-1.3356, valid_pr-0.7005
2025-06-11 11:12:00 - INFO - epoch-327, train_loss-0.3073, train_rmse-0.5544, valid_rmse-1.3271, valid_pr-0.7156
2025-06-11 11:12:03 - INFO - epoch-328, train_loss-0.3270, train_rmse-0.5719, valid_rmse-1.3959, valid_pr-0.6816
2025-06-11 11:12:07 - INFO - epoch-329, train_loss-0.3291, train_rmse-0.5737, valid_rmse-1.3806, valid_pr-0.6814
2025-06-11 11:12:11 - INFO - epoch-330, train_loss-0.2992, train_rmse-0.5470, valid_rmse-1.3516, valid_pr-0.7068
2025-06-11 11:12:14 - INFO - epoch-331, train_loss-0.3194, train_rmse-0.5652, valid_rmse-1.3836, valid_pr-0.6953
2025-06-11 11:12:17 - INFO - epoch-332, train_loss-0.3121, train_rmse-0.5586, valid_rmse-1.4602, valid_pr-0.6838
2025-06-11 11:12:21 - INFO - epoch-333, train_loss-0.3172, train_rmse-0.5632, valid_rmse-1.3326, valid_pr-0.7023
2025-06-11 11:12:24 - INFO - epoch-334, train_loss-0.2950, train_rmse-0.5432, valid_rmse-1.5944, valid_pr-0.5728
2025-06-11 11:12:28 - INFO - epoch-335, train_loss-0.3186, train_rmse-0.5644, valid_rmse-1.3846, valid_pr-0.7142
2025-06-11 11:12:31 - INFO - epoch-336, train_loss-0.3261, train_rmse-0.5711, valid_rmse-1.3636, valid_pr-0.6900
2025-06-11 11:12:34 - INFO - epoch-337, train_loss-0.3003, train_rmse-0.5480, valid_rmse-1.3596, valid_pr-0.7138
2025-06-11 11:12:37 - INFO - epoch-338, train_loss-0.2990, train_rmse-0.5468, valid_rmse-1.3507, valid_pr-0.6897
2025-06-11 11:12:41 - INFO - epoch-339, train_loss-0.3305, train_rmse-0.5749, valid_rmse-1.4294, valid_pr-0.6870
2025-06-11 11:12:44 - INFO - epoch-340, train_loss-0.3028, train_rmse-0.5503, valid_rmse-1.4875, valid_pr-0.6794
2025-06-11 11:12:48 - INFO - epoch-341, train_loss-0.3152, train_rmse-0.5614, valid_rmse-1.5580, valid_pr-0.6736
2025-06-11 11:12:51 - INFO - epoch-342, train_loss-0.3042, train_rmse-0.5515, valid_rmse-1.4183, valid_pr-0.6905
2025-06-11 11:12:55 - INFO - epoch-343, train_loss-0.3110, train_rmse-0.5577, valid_rmse-1.3799, valid_pr-0.6782
2025-06-11 11:12:58 - INFO - epoch-344, train_loss-0.2922, train_rmse-0.5406, valid_rmse-1.3847, valid_pr-0.6962
2025-06-11 11:13:02 - INFO - epoch-345, train_loss-0.3070, train_rmse-0.5541, valid_rmse-1.3636, valid_pr-0.6886
2025-06-11 11:13:06 - INFO - epoch-346, train_loss-0.3063, train_rmse-0.5534, valid_rmse-1.4265, valid_pr-0.6864
2025-06-11 11:13:09 - INFO - epoch-347, train_loss-0.3052, train_rmse-0.5524, valid_rmse-1.3074, valid_pr-0.7166
2025-06-11 11:13:12 - INFO - epoch-348, train_loss-0.2946, train_rmse-0.5428, valid_rmse-1.3804, valid_pr-0.6921
2025-06-11 11:13:16 - INFO - epoch-349, train_loss-0.2998, train_rmse-0.5476, valid_rmse-1.3545, valid_pr-0.7187
2025-06-11 11:13:19 - INFO - epoch-350, train_loss-0.2885, train_rmse-0.5371, valid_rmse-1.3387, valid_pr-0.6996
2025-06-11 11:13:23 - INFO - epoch-351, train_loss-0.2767, train_rmse-0.5261, valid_rmse-1.3882, valid_pr-0.6935
2025-06-11 11:13:29 - INFO - epoch-352, train_loss-0.2913, train_rmse-0.5397, valid_rmse-1.4254, valid_pr-0.7062
2025-06-11 11:13:34 - INFO - epoch-353, train_loss-0.2856, train_rmse-0.5344, valid_rmse-1.4712, valid_pr-0.6256
2025-06-11 11:13:38 - INFO - epoch-354, train_loss-0.2955, train_rmse-0.5436, valid_rmse-1.4343, valid_pr-0.6952
2025-06-11 11:13:41 - INFO - epoch-355, train_loss-0.3053, train_rmse-0.5526, valid_rmse-1.3718, valid_pr-0.6981
2025-06-11 11:13:45 - INFO - epoch-356, train_loss-0.3084, train_rmse-0.5553, valid_rmse-1.4362, valid_pr-0.6600
2025-06-11 11:13:49 - INFO - epoch-357, train_loss-0.2925, train_rmse-0.5409, valid_rmse-1.4205, valid_pr-0.6743
2025-06-11 11:13:52 - INFO - epoch-358, train_loss-0.2849, train_rmse-0.5337, valid_rmse-1.3704, valid_pr-0.7011
2025-06-11 11:13:56 - INFO - epoch-359, train_loss-0.2711, train_rmse-0.5207, valid_rmse-1.4711, valid_pr-0.6671
2025-06-11 11:14:00 - INFO - epoch-360, train_loss-0.2867, train_rmse-0.5355, valid_rmse-1.3392, valid_pr-0.7070
2025-06-11 11:14:03 - INFO - epoch-361, train_loss-0.2820, train_rmse-0.5311, valid_rmse-1.3771, valid_pr-0.6840
2025-06-11 11:14:07 - INFO - epoch-362, train_loss-0.2744, train_rmse-0.5238, valid_rmse-1.4069, valid_pr-0.6807
2025-06-11 11:14:11 - INFO - epoch-363, train_loss-0.2781, train_rmse-0.5274, valid_rmse-1.4729, valid_pr-0.6662
2025-06-11 11:14:14 - INFO - epoch-364, train_loss-0.2749, train_rmse-0.5244, valid_rmse-1.3930, valid_pr-0.7003
2025-06-11 11:14:18 - INFO - epoch-365, train_loss-0.2771, train_rmse-0.5264, valid_rmse-1.3341, valid_pr-0.6989
2025-06-11 11:14:22 - INFO - epoch-366, train_loss-0.2823, train_rmse-0.5313, valid_rmse-1.4384, valid_pr-0.7036
2025-06-11 11:14:26 - INFO - epoch-367, train_loss-0.2909, train_rmse-0.5394, valid_rmse-1.3887, valid_pr-0.7013
2025-06-11 11:14:29 - INFO - epoch-368, train_loss-0.2994, train_rmse-0.5472, valid_rmse-1.4266, valid_pr-0.6806
2025-06-11 11:14:33 - INFO - epoch-369, train_loss-0.2824, train_rmse-0.5314, valid_rmse-1.3596, valid_pr-0.7063
2025-06-11 11:14:36 - INFO - epoch-370, train_loss-0.2743, train_rmse-0.5237, valid_rmse-1.3683, valid_pr-0.6982
2025-06-11 11:14:40 - INFO - epoch-371, train_loss-0.2723, train_rmse-0.5218, valid_rmse-1.3482, valid_pr-0.7077
2025-06-11 11:14:43 - INFO - epoch-372, train_loss-0.2600, train_rmse-0.5099, valid_rmse-1.3995, valid_pr-0.6690
2025-06-11 11:14:47 - INFO - epoch-373, train_loss-0.2877, train_rmse-0.5364, valid_rmse-1.4206, valid_pr-0.6807
2025-06-11 11:14:50 - INFO - epoch-374, train_loss-0.2720, train_rmse-0.5216, valid_rmse-1.3505, valid_pr-0.7048
2025-06-11 11:14:54 - INFO - epoch-375, train_loss-0.2901, train_rmse-0.5386, valid_rmse-1.3826, valid_pr-0.6854
2025-06-11 11:14:57 - INFO - epoch-376, train_loss-0.3210, train_rmse-0.5665, valid_rmse-1.4082, valid_pr-0.6959
2025-06-11 11:15:00 - INFO - epoch-377, train_loss-0.2878, train_rmse-0.5364, valid_rmse-1.3256, valid_pr-0.7089
2025-06-11 11:15:04 - INFO - epoch-378, train_loss-0.2677, train_rmse-0.5174, valid_rmse-1.3318, valid_pr-0.7124
2025-06-11 11:15:07 - INFO - epoch-379, train_loss-0.2747, train_rmse-0.5241, valid_rmse-1.3607, valid_pr-0.6847
2025-06-11 11:15:10 - INFO - epoch-380, train_loss-0.2847, train_rmse-0.5336, valid_rmse-1.4892, valid_pr-0.6902
2025-06-11 11:15:14 - INFO - epoch-381, train_loss-0.2638, train_rmse-0.5136, valid_rmse-1.3534, valid_pr-0.7017
2025-06-11 11:15:18 - INFO - epoch-382, train_loss-0.2657, train_rmse-0.5155, valid_rmse-1.3854, valid_pr-0.6983
2025-06-11 11:15:21 - INFO - epoch-383, train_loss-0.2651, train_rmse-0.5149, valid_rmse-1.4752, valid_pr-0.6933
2025-06-11 11:15:25 - INFO - epoch-384, train_loss-0.2606, train_rmse-0.5105, valid_rmse-1.3346, valid_pr-0.7048
2025-06-11 11:15:28 - INFO - epoch-385, train_loss-0.2702, train_rmse-0.5198, valid_rmse-1.3663, valid_pr-0.7164
2025-06-11 11:15:32 - INFO - epoch-386, train_loss-0.2828, train_rmse-0.5318, valid_rmse-1.4259, valid_pr-0.6500
2025-06-11 11:15:35 - INFO - epoch-387, train_loss-0.2655, train_rmse-0.5153, valid_rmse-1.4243, valid_pr-0.6874
2025-06-11 11:15:39 - INFO - epoch-388, train_loss-0.2700, train_rmse-0.5196, valid_rmse-1.3856, valid_pr-0.7079
2025-06-11 11:15:43 - INFO - epoch-389, train_loss-0.2723, train_rmse-0.5218, valid_rmse-1.3978, valid_pr-0.6873
2025-06-11 11:15:46 - INFO - epoch-390, train_loss-0.2698, train_rmse-0.5194, valid_rmse-1.3909, valid_pr-0.7093
2025-06-11 11:15:50 - INFO - epoch-391, train_loss-0.2806, train_rmse-0.5297, valid_rmse-1.4448, valid_pr-0.7006
2025-06-11 11:15:53 - INFO - epoch-392, train_loss-0.2693, train_rmse-0.5189, valid_rmse-1.3811, valid_pr-0.7003
2025-06-11 11:15:57 - INFO - epoch-393, train_loss-0.2592, train_rmse-0.5091, valid_rmse-1.3813, valid_pr-0.7078
2025-06-11 11:16:00 - INFO - epoch-394, train_loss-0.2467, train_rmse-0.4967, valid_rmse-1.3392, valid_pr-0.7052
2025-06-11 11:16:04 - INFO - epoch-395, train_loss-0.2786, train_rmse-0.5278, valid_rmse-1.4003, valid_pr-0.6902
2025-06-11 11:16:07 - INFO - epoch-396, train_loss-0.2636, train_rmse-0.5134, valid_rmse-1.3769, valid_pr-0.7038
2025-06-11 11:16:11 - INFO - epoch-397, train_loss-0.2531, train_rmse-0.5031, valid_rmse-1.3468, valid_pr-0.7118
2025-06-11 11:16:14 - INFO - epoch-398, train_loss-0.2804, train_rmse-0.5295, valid_rmse-1.4267, valid_pr-0.7035
2025-06-11 11:16:18 - INFO - epoch-399, train_loss-0.2643, train_rmse-0.5141, valid_rmse-1.3784, valid_pr-0.7007
2025-06-11 11:16:22 - INFO - epoch-400, train_loss-0.2536, train_rmse-0.5036, valid_rmse-1.5153, valid_pr-0.6853
2025-06-11 11:16:25 - INFO - epoch-401, train_loss-0.2635, train_rmse-0.5133, valid_rmse-1.3354, valid_pr-0.7107
2025-06-11 11:16:28 - INFO - epoch-402, train_loss-0.2429, train_rmse-0.4929, valid_rmse-1.3733, valid_pr-0.7005
2025-06-11 11:16:32 - INFO - epoch-403, train_loss-0.2525, train_rmse-0.5025, valid_rmse-1.3425, valid_pr-0.7216
2025-06-11 11:16:35 - INFO - epoch-404, train_loss-0.2474, train_rmse-0.4974, valid_rmse-1.3891, valid_pr-0.6720
2025-06-11 11:16:39 - INFO - epoch-405, train_loss-0.2484, train_rmse-0.4984, valid_rmse-1.3493, valid_pr-0.7075
2025-06-11 11:16:43 - INFO - epoch-406, train_loss-0.2423, train_rmse-0.4922, valid_rmse-1.3633, valid_pr-0.7030
2025-06-11 11:16:46 - INFO - epoch-407, train_loss-0.2604, train_rmse-0.5103, valid_rmse-1.3482, valid_pr-0.6928
2025-06-11 11:16:50 - INFO - epoch-408, train_loss-0.2589, train_rmse-0.5089, valid_rmse-1.3916, valid_pr-0.6952
2025-06-11 11:16:53 - INFO - epoch-409, train_loss-0.2446, train_rmse-0.4946, valid_rmse-1.3821, valid_pr-0.6904
2025-06-11 11:16:57 - INFO - epoch-410, train_loss-0.2435, train_rmse-0.4935, valid_rmse-1.5220, valid_pr-0.6833
2025-06-11 11:17:00 - INFO - epoch-411, train_loss-0.2574, train_rmse-0.5073, valid_rmse-1.3731, valid_pr-0.6827
2025-06-11 11:17:04 - INFO - epoch-412, train_loss-0.2602, train_rmse-0.5101, valid_rmse-1.3959, valid_pr-0.7087
2025-06-11 11:17:07 - INFO - epoch-413, train_loss-0.2404, train_rmse-0.4903, valid_rmse-1.3484, valid_pr-0.7025
2025-06-11 11:17:11 - INFO - epoch-414, train_loss-0.2761, train_rmse-0.5254, valid_rmse-1.3273, valid_pr-0.7184
2025-06-11 11:17:14 - INFO - epoch-415, train_loss-0.2343, train_rmse-0.4841, valid_rmse-1.4449, valid_pr-0.6957
2025-06-11 11:17:18 - INFO - epoch-416, train_loss-0.2570, train_rmse-0.5070, valid_rmse-1.3866, valid_pr-0.6697
2025-06-11 11:17:21 - INFO - epoch-417, train_loss-0.2438, train_rmse-0.4938, valid_rmse-1.3375, valid_pr-0.7073
2025-06-11 11:17:25 - INFO - epoch-418, train_loss-0.2454, train_rmse-0.4954, valid_rmse-1.3484, valid_pr-0.6842
2025-06-11 11:17:29 - INFO - epoch-419, train_loss-0.2721, train_rmse-0.5216, valid_rmse-1.4571, valid_pr-0.7023
2025-06-11 11:17:32 - INFO - epoch-420, train_loss-0.2347, train_rmse-0.4844, valid_rmse-1.4034, valid_pr-0.6914
2025-06-11 11:17:36 - INFO - epoch-421, train_loss-0.2372, train_rmse-0.4870, valid_rmse-1.3562, valid_pr-0.6989
2025-06-11 11:17:40 - INFO - epoch-422, train_loss-0.2264, train_rmse-0.4758, valid_rmse-1.3986, valid_pr-0.6838
2025-06-11 11:17:40 - INFO - early stop in epoch 422
2025-06-11 11:17:40 - INFO - best_rmse: 1.3054
2025-06-11 11:17:43 - INFO - valid_rmse-1.3054, valid_pr-0.7115, test2013_rmse-1.5103, test2013_pr-0.7720, test2016_rmse-1.3527, test2016_pr-0.7898, test2019_rmse-1.5030, test2019_pr-0.5816,
