2025-06-09 12:55:48 - INFO - train_PN.py
2025-06-09 12:55:48 - INFO - train data: 11904
2025-06-09 12:55:48 - INFO - valid data: 1000
2025-06-09 12:55:48 - INFO - test2013 data: 107
2025-06-09 12:55:48 - INFO - test2016 data: 285
2025-06-09 12:55:48 - INFO - test2019 data: 4366
2025-06-09 12:55:55 - INFO - epoch-0, train_loss-15.3111, train_rmse-3.9129, valid_rmse-2.8756, valid_pr-0.2895
2025-06-09 12:56:03 - INFO - epoch-1, train_loss-7.9706, train_rmse-2.8232, valid_rmse-2.5864, valid_pr-0.3072
2025-06-09 12:56:11 - INFO - epoch-2, train_loss-6.6309, train_rmse-2.5750, valid_rmse-2.3749, valid_pr-0.3248
2025-06-09 12:56:19 - INFO - epoch-3, train_loss-5.6949, train_rmse-2.3864, valid_rmse-2.1438, valid_pr-0.4039
2025-06-09 12:56:27 - INFO - epoch-4, train_loss-5.2311, train_rmse-2.2872, valid_rmse-2.0414, valid_pr-0.4161
2025-06-09 12:56:34 - INFO - epoch-5, train_loss-4.6669, train_rmse-2.1603, valid_rmse-1.9872, valid_pr-0.3990
2025-06-09 12:56:43 - INFO - epoch-6, train_loss-4.2225, train_rmse-2.0549, valid_rmse-1.9996, valid_pr-0.3865
2025-06-09 12:56:51 - INFO - epoch-7, train_loss-4.1143, train_rmse-2.0284, valid_rmse-1.8629, valid_pr-0.3948
2025-06-09 12:56:59 - INFO - epoch-8, train_loss-3.8057, train_rmse-1.9508, valid_rmse-1.7620, valid_pr-0.4477
2025-06-09 12:57:07 - INFO - epoch-9, train_loss-3.5962, train_rmse-1.8964, valid_rmse-1.7501, valid_pr-0.4850
2025-06-09 12:57:15 - INFO - epoch-10, train_loss-3.4084, train_rmse-1.8462, valid_rmse-1.7247, valid_pr-0.4687
2025-06-09 12:57:23 - INFO - epoch-11, train_loss-3.2443, train_rmse-1.8012, valid_rmse-1.7147, valid_pr-0.4954
2025-06-09 12:57:31 - INFO - epoch-12, train_loss-3.1669, train_rmse-1.7796, valid_rmse-1.6224, valid_pr-0.4992
2025-06-09 12:57:38 - INFO - epoch-13, train_loss-3.0406, train_rmse-1.7437, valid_rmse-1.5962, valid_pr-0.5164
2025-06-09 12:57:46 - INFO - epoch-14, train_loss-2.9732, train_rmse-1.7243, valid_rmse-1.6152, valid_pr-0.5175
2025-06-09 12:57:54 - INFO - epoch-15, train_loss-2.9015, train_rmse-1.7034, valid_rmse-1.5969, valid_pr-0.5111
2025-06-09 12:58:02 - INFO - epoch-16, train_loss-2.8291, train_rmse-1.6820, valid_rmse-1.5561, valid_pr-0.5421
2025-06-09 12:58:09 - INFO - epoch-17, train_loss-2.7894, train_rmse-1.6701, valid_rmse-1.5961, valid_pr-0.5473
2025-06-09 12:58:17 - INFO - epoch-18, train_loss-2.7657, train_rmse-1.6630, valid_rmse-1.5457, valid_pr-0.5516
2025-06-09 12:58:25 - INFO - epoch-19, train_loss-2.7741, train_rmse-1.6656, valid_rmse-1.5684, valid_pr-0.5307
2025-06-09 12:58:33 - INFO - epoch-20, train_loss-2.7533, train_rmse-1.6593, valid_rmse-1.5485, valid_pr-0.5513
2025-06-09 12:58:41 - INFO - epoch-21, train_loss-2.7159, train_rmse-1.6480, valid_rmse-1.5580, valid_pr-0.5558
2025-06-09 12:58:49 - INFO - epoch-22, train_loss-2.6562, train_rmse-1.6298, valid_rmse-1.5731, valid_pr-0.5648
2025-06-09 12:58:57 - INFO - epoch-23, train_loss-2.6797, train_rmse-1.6370, valid_rmse-1.5506, valid_pr-0.5729
2025-06-09 12:59:05 - INFO - epoch-24, train_loss-2.6600, train_rmse-1.6310, valid_rmse-1.5385, valid_pr-0.5615
2025-06-09 12:59:12 - INFO - epoch-25, train_loss-2.6676, train_rmse-1.6333, valid_rmse-1.5624, valid_pr-0.5432
2025-06-09 12:59:20 - INFO - epoch-26, train_loss-2.6099, train_rmse-1.6155, valid_rmse-1.5528, valid_pr-0.5694
2025-06-09 12:59:29 - INFO - epoch-27, train_loss-2.5887, train_rmse-1.6089, valid_rmse-1.5976, valid_pr-0.5697
2025-06-09 12:59:36 - INFO - epoch-28, train_loss-2.5883, train_rmse-1.6088, valid_rmse-1.7126, valid_pr-0.5712
2025-06-09 12:59:44 - INFO - epoch-29, train_loss-2.5879, train_rmse-1.6087, valid_rmse-1.5665, valid_pr-0.5472
2025-06-09 12:59:52 - INFO - epoch-30, train_loss-2.5717, train_rmse-1.6037, valid_rmse-1.5891, valid_pr-0.5821
2025-06-09 13:00:00 - INFO - epoch-31, train_loss-2.5655, train_rmse-1.6017, valid_rmse-1.5355, valid_pr-0.5750
2025-06-09 13:00:08 - INFO - epoch-32, train_loss-2.5263, train_rmse-1.5894, valid_rmse-1.5417, valid_pr-0.5858
2025-06-09 13:00:15 - INFO - epoch-33, train_loss-2.5087, train_rmse-1.5839, valid_rmse-1.5286, valid_pr-0.5884
2025-06-09 13:00:23 - INFO - epoch-34, train_loss-2.4657, train_rmse-1.5703, valid_rmse-1.5398, valid_pr-0.5846
2025-06-09 13:00:31 - INFO - epoch-35, train_loss-2.4600, train_rmse-1.5684, valid_rmse-1.5841, valid_pr-0.5916
2025-06-09 13:00:38 - INFO - epoch-36, train_loss-2.4836, train_rmse-1.5760, valid_rmse-1.5687, valid_pr-0.5860
2025-06-09 13:00:46 - INFO - epoch-37, train_loss-2.4522, train_rmse-1.5659, valid_rmse-1.5247, valid_pr-0.5921
2025-06-09 13:00:54 - INFO - epoch-38, train_loss-2.4244, train_rmse-1.5570, valid_rmse-1.5800, valid_pr-0.5890
2025-06-09 13:01:02 - INFO - epoch-39, train_loss-2.4308, train_rmse-1.5591, valid_rmse-1.5430, valid_pr-0.5952
2025-06-09 13:01:10 - INFO - epoch-40, train_loss-2.4081, train_rmse-1.5518, valid_rmse-1.5961, valid_pr-0.5997
2025-06-09 13:01:17 - INFO - epoch-41, train_loss-2.4133, train_rmse-1.5535, valid_rmse-1.5894, valid_pr-0.5918
2025-06-09 13:01:25 - INFO - epoch-42, train_loss-2.3952, train_rmse-1.5476, valid_rmse-1.6817, valid_pr-0.5918
2025-06-09 13:01:32 - INFO - epoch-43, train_loss-2.3525, train_rmse-1.5338, valid_rmse-1.5743, valid_pr-0.5997
2025-06-09 13:01:39 - INFO - epoch-44, train_loss-2.3453, train_rmse-1.5314, valid_rmse-1.6184, valid_pr-0.6090
2025-06-09 13:01:47 - INFO - epoch-45, train_loss-2.3378, train_rmse-1.5290, valid_rmse-1.5923, valid_pr-0.5886
2025-06-09 13:01:55 - INFO - epoch-46, train_loss-2.3329, train_rmse-1.5274, valid_rmse-1.6195, valid_pr-0.6089
2025-06-09 13:02:03 - INFO - epoch-47, train_loss-2.3120, train_rmse-1.5205, valid_rmse-1.5897, valid_pr-0.5915
2025-06-09 13:02:11 - INFO - epoch-48, train_loss-2.2967, train_rmse-1.5155, valid_rmse-1.6146, valid_pr-0.5855
2025-06-09 13:02:18 - INFO - epoch-49, train_loss-2.3361, train_rmse-1.5284, valid_rmse-1.6606, valid_pr-0.5876
2025-06-09 13:02:26 - INFO - epoch-50, train_loss-2.3096, train_rmse-1.5197, valid_rmse-1.6652, valid_pr-0.5897
2025-06-09 13:02:33 - INFO - epoch-51, train_loss-2.2713, train_rmse-1.5071, valid_rmse-1.5742, valid_pr-0.6089
2025-06-09 13:02:41 - INFO - epoch-52, train_loss-2.2697, train_rmse-1.5066, valid_rmse-1.5468, valid_pr-0.6126
2025-06-09 13:02:49 - INFO - epoch-53, train_loss-2.2486, train_rmse-1.4995, valid_rmse-1.6534, valid_pr-0.5993
2025-06-09 13:02:56 - INFO - epoch-54, train_loss-2.2536, train_rmse-1.5012, valid_rmse-1.6086, valid_pr-0.5752
2025-06-09 13:03:04 - INFO - epoch-55, train_loss-2.2270, train_rmse-1.4923, valid_rmse-1.5969, valid_pr-0.5920
2025-06-09 13:03:12 - INFO - epoch-56, train_loss-2.2419, train_rmse-1.4973, valid_rmse-1.5259, valid_pr-0.6149
2025-06-09 13:03:20 - INFO - epoch-57, train_loss-2.2317, train_rmse-1.4939, valid_rmse-1.6651, valid_pr-0.6159
2025-06-09 13:03:28 - INFO - epoch-58, train_loss-2.1899, train_rmse-1.4798, valid_rmse-1.5316, valid_pr-0.5945
2025-06-09 13:03:36 - INFO - epoch-59, train_loss-2.1662, train_rmse-1.4718, valid_rmse-1.6907, valid_pr-0.5915
2025-06-09 13:03:43 - INFO - epoch-60, train_loss-2.1882, train_rmse-1.4793, valid_rmse-1.6145, valid_pr-0.6126
2025-06-09 13:03:51 - INFO - epoch-61, train_loss-2.1564, train_rmse-1.4685, valid_rmse-1.6900, valid_pr-0.5767
2025-06-09 13:04:00 - INFO - epoch-62, train_loss-2.1341, train_rmse-1.4609, valid_rmse-1.5774, valid_pr-0.6036
2025-06-09 13:04:07 - INFO - epoch-63, train_loss-2.1439, train_rmse-1.4642, valid_rmse-1.6171, valid_pr-0.6151
2025-06-09 13:04:15 - INFO - epoch-64, train_loss-2.1367, train_rmse-1.4617, valid_rmse-1.5923, valid_pr-0.6096
2025-06-09 13:04:23 - INFO - epoch-65, train_loss-2.1127, train_rmse-1.4535, valid_rmse-1.5591, valid_pr-0.6046
2025-06-09 13:04:31 - INFO - epoch-66, train_loss-2.1051, train_rmse-1.4509, valid_rmse-1.6156, valid_pr-0.6140
2025-06-09 13:04:38 - INFO - epoch-67, train_loss-2.0963, train_rmse-1.4479, valid_rmse-1.5981, valid_pr-0.6259
2025-06-09 13:04:46 - INFO - epoch-68, train_loss-2.1247, train_rmse-1.4576, valid_rmse-1.6616, valid_pr-0.6252
2025-06-09 13:04:54 - INFO - epoch-69, train_loss-2.0869, train_rmse-1.4446, valid_rmse-1.5677, valid_pr-0.6237
2025-06-09 13:05:02 - INFO - epoch-70, train_loss-2.0655, train_rmse-1.4372, valid_rmse-1.6048, valid_pr-0.6026
2025-06-09 13:05:10 - INFO - epoch-71, train_loss-2.0549, train_rmse-1.4335, valid_rmse-1.5873, valid_pr-0.6137
2025-06-09 13:05:17 - INFO - epoch-72, train_loss-2.0490, train_rmse-1.4314, valid_rmse-1.6644, valid_pr-0.6077
2025-06-09 13:05:25 - INFO - epoch-73, train_loss-2.0428, train_rmse-1.4293, valid_rmse-1.5463, valid_pr-0.6203
2025-06-09 13:05:33 - INFO - epoch-74, train_loss-2.0281, train_rmse-1.4241, valid_rmse-1.5551, valid_pr-0.6138
2025-06-09 13:05:40 - INFO - epoch-75, train_loss-2.0313, train_rmse-1.4252, valid_rmse-1.6241, valid_pr-0.6186
2025-06-09 13:05:48 - INFO - epoch-76, train_loss-2.0125, train_rmse-1.4186, valid_rmse-1.6207, valid_pr-0.6110
2025-06-09 13:05:56 - INFO - epoch-77, train_loss-2.0122, train_rmse-1.4185, valid_rmse-1.5474, valid_pr-0.6134
2025-06-09 13:06:03 - INFO - epoch-78, train_loss-1.9871, train_rmse-1.4096, valid_rmse-1.6277, valid_pr-0.6118
2025-06-09 13:06:11 - INFO - epoch-79, train_loss-1.9791, train_rmse-1.4068, valid_rmse-1.7171, valid_pr-0.6184
2025-06-09 13:06:18 - INFO - epoch-80, train_loss-1.9913, train_rmse-1.4111, valid_rmse-1.6029, valid_pr-0.5999
2025-06-09 13:06:26 - INFO - epoch-81, train_loss-1.9769, train_rmse-1.4060, valid_rmse-1.6824, valid_pr-0.5976
2025-06-09 13:06:34 - INFO - epoch-82, train_loss-1.9905, train_rmse-1.4109, valid_rmse-1.6090, valid_pr-0.6080
2025-06-09 13:06:42 - INFO - epoch-83, train_loss-1.9635, train_rmse-1.4013, valid_rmse-1.5261, valid_pr-0.6122
2025-06-09 13:06:50 - INFO - epoch-84, train_loss-1.9089, train_rmse-1.3816, valid_rmse-1.6842, valid_pr-0.6107
2025-06-09 13:06:57 - INFO - epoch-85, train_loss-1.9335, train_rmse-1.3905, valid_rmse-1.5458, valid_pr-0.6208
2025-06-09 13:07:05 - INFO - epoch-86, train_loss-1.9482, train_rmse-1.3958, valid_rmse-1.5672, valid_pr-0.6183
2025-06-09 13:07:13 - INFO - epoch-87, train_loss-1.8954, train_rmse-1.3767, valid_rmse-1.6580, valid_pr-0.6023
2025-06-09 13:07:20 - INFO - epoch-88, train_loss-1.8887, train_rmse-1.3743, valid_rmse-1.7336, valid_pr-0.5515
2025-06-09 13:07:28 - INFO - epoch-89, train_loss-1.8868, train_rmse-1.3736, valid_rmse-1.6553, valid_pr-0.6173
2025-06-09 13:07:36 - INFO - epoch-90, train_loss-1.8784, train_rmse-1.3705, valid_rmse-1.7117, valid_pr-0.6248
2025-06-09 13:07:44 - INFO - epoch-91, train_loss-1.8775, train_rmse-1.3702, valid_rmse-1.6124, valid_pr-0.5878
2025-06-09 13:07:52 - INFO - epoch-92, train_loss-1.8612, train_rmse-1.3643, valid_rmse-1.5669, valid_pr-0.6261
2025-06-09 13:07:59 - INFO - epoch-93, train_loss-1.8639, train_rmse-1.3652, valid_rmse-1.5767, valid_pr-0.6239
2025-06-09 13:08:07 - INFO - epoch-94, train_loss-1.8468, train_rmse-1.3590, valid_rmse-1.5573, valid_pr-0.6312
2025-06-09 13:08:14 - INFO - epoch-95, train_loss-1.8598, train_rmse-1.3637, valid_rmse-1.5588, valid_pr-0.6264
2025-06-09 13:08:21 - INFO - epoch-96, train_loss-1.8585, train_rmse-1.3633, valid_rmse-1.6007, valid_pr-0.6057
2025-06-09 13:08:29 - INFO - epoch-97, train_loss-1.8244, train_rmse-1.3507, valid_rmse-1.5988, valid_pr-0.6307
2025-06-09 13:08:37 - INFO - epoch-98, train_loss-1.8119, train_rmse-1.3461, valid_rmse-1.6604, valid_pr-0.6217
2025-06-09 13:08:45 - INFO - epoch-99, train_loss-1.7967, train_rmse-1.3404, valid_rmse-1.6500, valid_pr-0.6107
2025-06-09 13:08:52 - INFO - epoch-100, train_loss-1.7918, train_rmse-1.3386, valid_rmse-1.6761, valid_pr-0.6065
2025-06-09 13:09:00 - INFO - epoch-101, train_loss-1.7856, train_rmse-1.3363, valid_rmse-1.5705, valid_pr-0.6324
2025-06-09 13:09:08 - INFO - epoch-102, train_loss-1.7929, train_rmse-1.3390, valid_rmse-1.6429, valid_pr-0.6259
2025-06-09 13:09:16 - INFO - epoch-103, train_loss-1.7871, train_rmse-1.3368, valid_rmse-1.5261, valid_pr-0.6247
2025-06-09 13:09:24 - INFO - epoch-104, train_loss-1.7736, train_rmse-1.3318, valid_rmse-1.6136, valid_pr-0.6290
2025-06-09 13:09:32 - INFO - epoch-105, train_loss-1.7404, train_rmse-1.3193, valid_rmse-1.6434, valid_pr-0.6285
2025-06-09 13:09:40 - INFO - epoch-106, train_loss-1.7647, train_rmse-1.3284, valid_rmse-1.6154, valid_pr-0.6187
2025-06-09 13:09:47 - INFO - epoch-107, train_loss-1.7190, train_rmse-1.3111, valid_rmse-1.5669, valid_pr-0.6259
2025-06-09 13:09:55 - INFO - epoch-108, train_loss-1.7282, train_rmse-1.3146, valid_rmse-1.5965, valid_pr-0.6367
2025-06-09 13:10:03 - INFO - epoch-109, train_loss-1.7258, train_rmse-1.3137, valid_rmse-1.5956, valid_pr-0.6189
2025-06-09 13:10:10 - INFO - epoch-110, train_loss-1.7095, train_rmse-1.3075, valid_rmse-1.5618, valid_pr-0.6372
2025-06-09 13:10:18 - INFO - epoch-111, train_loss-1.7120, train_rmse-1.3084, valid_rmse-1.6484, valid_pr-0.6086
2025-06-09 13:10:26 - INFO - epoch-112, train_loss-1.7023, train_rmse-1.3047, valid_rmse-1.5357, valid_pr-0.6205
2025-06-09 13:10:34 - INFO - epoch-113, train_loss-1.6758, train_rmse-1.2945, valid_rmse-1.5548, valid_pr-0.6323
2025-06-09 13:10:41 - INFO - epoch-114, train_loss-1.6975, train_rmse-1.3029, valid_rmse-1.6494, valid_pr-0.6160
2025-06-09 13:10:49 - INFO - epoch-115, train_loss-1.6731, train_rmse-1.2935, valid_rmse-1.6397, valid_pr-0.6179
2025-06-09 13:10:57 - INFO - epoch-116, train_loss-1.6786, train_rmse-1.2956, valid_rmse-1.5830, valid_pr-0.6295
2025-06-09 13:11:05 - INFO - epoch-117, train_loss-1.6550, train_rmse-1.2865, valid_rmse-1.5622, valid_pr-0.6372
2025-06-09 13:11:13 - INFO - epoch-118, train_loss-1.6712, train_rmse-1.2927, valid_rmse-1.5878, valid_pr-0.6253
2025-06-09 13:11:21 - INFO - epoch-119, train_loss-1.6502, train_rmse-1.2846, valid_rmse-1.5895, valid_pr-0.6147
2025-06-09 13:11:29 - INFO - epoch-120, train_loss-1.6569, train_rmse-1.2872, valid_rmse-1.5848, valid_pr-0.6158
2025-06-09 13:11:37 - INFO - epoch-121, train_loss-1.6259, train_rmse-1.2751, valid_rmse-1.5605, valid_pr-0.6358
2025-06-09 13:11:45 - INFO - epoch-122, train_loss-1.6353, train_rmse-1.2788, valid_rmse-1.5282, valid_pr-0.6409
2025-06-09 13:11:53 - INFO - epoch-123, train_loss-1.6072, train_rmse-1.2677, valid_rmse-1.6054, valid_pr-0.6125
2025-06-09 13:12:01 - INFO - epoch-124, train_loss-1.6117, train_rmse-1.2695, valid_rmse-1.5845, valid_pr-0.6197
2025-06-09 13:12:09 - INFO - epoch-125, train_loss-1.6365, train_rmse-1.2793, valid_rmse-1.6354, valid_pr-0.6289
2025-06-09 13:12:17 - INFO - epoch-126, train_loss-1.6089, train_rmse-1.2684, valid_rmse-1.5522, valid_pr-0.6211
2025-06-09 13:12:25 - INFO - epoch-127, train_loss-1.6245, train_rmse-1.2745, valid_rmse-1.5311, valid_pr-0.6122
2025-06-09 13:12:33 - INFO - epoch-128, train_loss-1.6022, train_rmse-1.2658, valid_rmse-1.6257, valid_pr-0.6359
2025-06-09 13:12:41 - INFO - epoch-129, train_loss-1.5815, train_rmse-1.2576, valid_rmse-1.5461, valid_pr-0.6275
2025-06-09 13:12:49 - INFO - epoch-130, train_loss-1.5875, train_rmse-1.2600, valid_rmse-1.5770, valid_pr-0.6308
2025-06-09 13:12:57 - INFO - epoch-131, train_loss-1.5825, train_rmse-1.2580, valid_rmse-1.5821, valid_pr-0.6304
2025-06-09 13:13:05 - INFO - epoch-132, train_loss-1.5748, train_rmse-1.2549, valid_rmse-1.5574, valid_pr-0.6203
2025-06-09 13:13:13 - INFO - epoch-133, train_loss-1.5707, train_rmse-1.2533, valid_rmse-1.5005, valid_pr-0.6408
2025-06-09 13:13:21 - INFO - epoch-134, train_loss-1.5813, train_rmse-1.2575, valid_rmse-1.5587, valid_pr-0.6374
2025-06-09 13:13:28 - INFO - epoch-135, train_loss-1.5526, train_rmse-1.2460, valid_rmse-1.5684, valid_pr-0.6235
2025-06-09 13:13:36 - INFO - epoch-136, train_loss-1.5389, train_rmse-1.2405, valid_rmse-1.5985, valid_pr-0.6277
2025-06-09 13:13:44 - INFO - epoch-137, train_loss-1.5281, train_rmse-1.2362, valid_rmse-1.5329, valid_pr-0.6257
2025-06-09 13:13:51 - INFO - epoch-138, train_loss-1.5307, train_rmse-1.2372, valid_rmse-1.6080, valid_pr-0.6482
2025-06-09 13:13:59 - INFO - epoch-139, train_loss-1.5540, train_rmse-1.2466, valid_rmse-1.7014, valid_pr-0.6222
2025-06-09 13:14:07 - INFO - epoch-140, train_loss-1.5296, train_rmse-1.2368, valid_rmse-1.5148, valid_pr-0.6383
2025-06-09 13:14:15 - INFO - epoch-141, train_loss-1.5047, train_rmse-1.2267, valid_rmse-1.5526, valid_pr-0.6408
2025-06-09 13:14:23 - INFO - epoch-142, train_loss-1.5043, train_rmse-1.2265, valid_rmse-1.5794, valid_pr-0.6354
2025-06-09 13:14:31 - INFO - epoch-143, train_loss-1.4832, train_rmse-1.2179, valid_rmse-1.5378, valid_pr-0.6441
2025-06-09 13:14:39 - INFO - epoch-144, train_loss-1.4954, train_rmse-1.2229, valid_rmse-1.5626, valid_pr-0.6427
2025-06-09 13:14:47 - INFO - epoch-145, train_loss-1.4897, train_rmse-1.2205, valid_rmse-1.5365, valid_pr-0.6401
2025-06-09 13:14:54 - INFO - epoch-146, train_loss-1.4775, train_rmse-1.2155, valid_rmse-1.5863, valid_pr-0.6359
2025-06-09 13:15:02 - INFO - epoch-147, train_loss-1.5031, train_rmse-1.2260, valid_rmse-1.5645, valid_pr-0.6473
2025-06-09 13:15:10 - INFO - epoch-148, train_loss-1.4780, train_rmse-1.2157, valid_rmse-1.4945, valid_pr-0.6530
2025-06-09 13:15:18 - INFO - epoch-149, train_loss-1.4732, train_rmse-1.2138, valid_rmse-1.5895, valid_pr-0.6563
2025-06-09 13:15:26 - INFO - epoch-150, train_loss-1.4559, train_rmse-1.2066, valid_rmse-1.5537, valid_pr-0.6514
2025-06-09 13:15:33 - INFO - epoch-151, train_loss-1.4703, train_rmse-1.2126, valid_rmse-1.4772, valid_pr-0.6543
2025-06-09 13:15:41 - INFO - epoch-152, train_loss-1.4763, train_rmse-1.2150, valid_rmse-1.4871, valid_pr-0.6615
2025-06-09 13:15:49 - INFO - epoch-153, train_loss-1.4584, train_rmse-1.2076, valid_rmse-1.5609, valid_pr-0.6491
2025-06-09 13:15:57 - INFO - epoch-154, train_loss-1.4707, train_rmse-1.2127, valid_rmse-1.5914, valid_pr-0.6398
2025-06-09 13:16:05 - INFO - epoch-155, train_loss-1.4456, train_rmse-1.2023, valid_rmse-1.5817, valid_pr-0.6416
2025-06-09 13:16:13 - INFO - epoch-156, train_loss-1.4260, train_rmse-1.1941, valid_rmse-1.6164, valid_pr-0.6348
2025-06-09 13:16:20 - INFO - epoch-157, train_loss-1.4405, train_rmse-1.2002, valid_rmse-1.5199, valid_pr-0.6453
2025-06-09 13:16:28 - INFO - epoch-158, train_loss-1.4264, train_rmse-1.1943, valid_rmse-1.4948, valid_pr-0.6474
2025-06-09 13:16:36 - INFO - epoch-159, train_loss-1.4138, train_rmse-1.1890, valid_rmse-1.5182, valid_pr-0.6441
2025-06-09 13:16:44 - INFO - epoch-160, train_loss-1.4169, train_rmse-1.1903, valid_rmse-1.5430, valid_pr-0.6491
2025-06-09 13:16:52 - INFO - epoch-161, train_loss-1.4107, train_rmse-1.1877, valid_rmse-1.6140, valid_pr-0.6451
2025-06-09 13:17:00 - INFO - epoch-162, train_loss-1.4136, train_rmse-1.1889, valid_rmse-1.5285, valid_pr-0.6367
2025-06-09 13:17:08 - INFO - epoch-163, train_loss-1.4351, train_rmse-1.1980, valid_rmse-1.5131, valid_pr-0.6457
2025-06-09 13:17:16 - INFO - epoch-164, train_loss-1.3929, train_rmse-1.1802, valid_rmse-1.5459, valid_pr-0.6509
2025-06-09 13:17:24 - INFO - epoch-165, train_loss-1.4056, train_rmse-1.1856, valid_rmse-1.5872, valid_pr-0.6477
2025-06-09 13:17:32 - INFO - epoch-166, train_loss-1.4234, train_rmse-1.1931, valid_rmse-1.4922, valid_pr-0.6613
2025-06-09 13:17:40 - INFO - epoch-167, train_loss-1.3866, train_rmse-1.1775, valid_rmse-1.5383, valid_pr-0.6609
2025-06-09 13:17:48 - INFO - epoch-168, train_loss-1.3944, train_rmse-1.1809, valid_rmse-1.5274, valid_pr-0.6487
2025-06-09 13:17:56 - INFO - epoch-169, train_loss-1.3868, train_rmse-1.1776, valid_rmse-1.5419, valid_pr-0.6462
2025-06-09 13:18:04 - INFO - epoch-170, train_loss-1.3848, train_rmse-1.1768, valid_rmse-1.5329, valid_pr-0.6518
2025-06-09 13:18:12 - INFO - epoch-171, train_loss-1.3547, train_rmse-1.1639, valid_rmse-1.5489, valid_pr-0.6316
2025-06-09 13:18:20 - INFO - epoch-172, train_loss-1.3567, train_rmse-1.1648, valid_rmse-1.5139, valid_pr-0.6512
2025-06-09 13:18:27 - INFO - epoch-173, train_loss-1.3515, train_rmse-1.1625, valid_rmse-1.5153, valid_pr-0.6430
2025-06-09 13:18:35 - INFO - epoch-174, train_loss-1.3550, train_rmse-1.1640, valid_rmse-1.5691, valid_pr-0.6277
2025-06-09 13:18:44 - INFO - epoch-175, train_loss-1.3609, train_rmse-1.1666, valid_rmse-1.5444, valid_pr-0.6511
2025-06-09 13:18:51 - INFO - epoch-176, train_loss-1.3588, train_rmse-1.1657, valid_rmse-1.5322, valid_pr-0.6654
2025-06-09 13:18:59 - INFO - epoch-177, train_loss-1.3478, train_rmse-1.1609, valid_rmse-1.5234, valid_pr-0.6361
2025-06-09 13:19:06 - INFO - epoch-178, train_loss-1.3478, train_rmse-1.1610, valid_rmse-1.4762, valid_pr-0.6683
2025-06-09 13:19:14 - INFO - epoch-179, train_loss-1.3227, train_rmse-1.1501, valid_rmse-1.5325, valid_pr-0.6551
2025-06-09 13:19:22 - INFO - epoch-180, train_loss-1.3406, train_rmse-1.1578, valid_rmse-1.5025, valid_pr-0.6550
2025-06-09 13:19:29 - INFO - epoch-181, train_loss-1.3427, train_rmse-1.1587, valid_rmse-1.4954, valid_pr-0.6613
2025-06-09 13:19:37 - INFO - epoch-182, train_loss-1.3080, train_rmse-1.1437, valid_rmse-1.4909, valid_pr-0.6526
2025-06-09 13:19:45 - INFO - epoch-183, train_loss-1.3058, train_rmse-1.1427, valid_rmse-1.5028, valid_pr-0.6584
2025-06-09 13:19:53 - INFO - epoch-184, train_loss-1.3223, train_rmse-1.1499, valid_rmse-1.5226, valid_pr-0.6567
2025-06-09 13:20:01 - INFO - epoch-185, train_loss-1.3111, train_rmse-1.1450, valid_rmse-1.4938, valid_pr-0.6601
2025-06-09 13:20:08 - INFO - epoch-186, train_loss-1.3281, train_rmse-1.1524, valid_rmse-1.5198, valid_pr-0.6526
2025-06-09 13:20:16 - INFO - epoch-187, train_loss-1.3129, train_rmse-1.1458, valid_rmse-1.5072, valid_pr-0.6645
2025-06-09 13:20:24 - INFO - epoch-188, train_loss-1.3366, train_rmse-1.1561, valid_rmse-1.5642, valid_pr-0.6472
2025-06-09 13:20:31 - INFO - epoch-189, train_loss-1.3099, train_rmse-1.1445, valid_rmse-1.4747, valid_pr-0.6591
2025-06-09 13:20:39 - INFO - epoch-190, train_loss-1.2940, train_rmse-1.1375, valid_rmse-1.5580, valid_pr-0.6442
2025-06-09 13:20:47 - INFO - epoch-191, train_loss-1.3126, train_rmse-1.1457, valid_rmse-1.5522, valid_pr-0.6421
2025-06-09 13:20:55 - INFO - epoch-192, train_loss-1.3108, train_rmse-1.1449, valid_rmse-1.5409, valid_pr-0.6399
2025-06-09 13:21:03 - INFO - epoch-193, train_loss-1.3063, train_rmse-1.1429, valid_rmse-1.4920, valid_pr-0.6557
2025-06-09 13:21:11 - INFO - epoch-194, train_loss-1.2729, train_rmse-1.1282, valid_rmse-1.5097, valid_pr-0.6526
2025-06-09 13:21:18 - INFO - epoch-195, train_loss-1.2910, train_rmse-1.1362, valid_rmse-1.5063, valid_pr-0.6620
2025-06-09 13:21:26 - INFO - epoch-196, train_loss-1.2925, train_rmse-1.1369, valid_rmse-1.4499, valid_pr-0.6692
2025-06-09 13:21:34 - INFO - epoch-197, train_loss-1.2918, train_rmse-1.1366, valid_rmse-1.4997, valid_pr-0.6553
2025-06-09 13:21:41 - INFO - epoch-198, train_loss-1.2705, train_rmse-1.1271, valid_rmse-1.4802, valid_pr-0.6636
2025-06-09 13:21:49 - INFO - epoch-199, train_loss-1.2740, train_rmse-1.1287, valid_rmse-1.5259, valid_pr-0.6622
2025-06-09 13:21:56 - INFO - epoch-200, train_loss-1.2536, train_rmse-1.1196, valid_rmse-1.4715, valid_pr-0.6570
2025-06-09 13:22:04 - INFO - epoch-201, train_loss-1.2547, train_rmse-1.1201, valid_rmse-1.5104, valid_pr-0.6601
2025-06-09 13:22:12 - INFO - epoch-202, train_loss-1.2676, train_rmse-1.1259, valid_rmse-1.5185, valid_pr-0.6603
2025-06-09 13:22:20 - INFO - epoch-203, train_loss-1.2528, train_rmse-1.1193, valid_rmse-1.4651, valid_pr-0.6598
2025-06-09 13:22:28 - INFO - epoch-204, train_loss-1.2479, train_rmse-1.1171, valid_rmse-1.5441, valid_pr-0.6672
2025-06-09 13:22:36 - INFO - epoch-205, train_loss-1.2369, train_rmse-1.1122, valid_rmse-1.4838, valid_pr-0.6695
2025-06-09 13:22:43 - INFO - epoch-206, train_loss-1.2624, train_rmse-1.1235, valid_rmse-1.5168, valid_pr-0.6622
2025-06-09 13:22:51 - INFO - epoch-207, train_loss-1.2222, train_rmse-1.1055, valid_rmse-1.5086, valid_pr-0.6519
2025-06-09 13:22:58 - INFO - epoch-208, train_loss-1.2348, train_rmse-1.1112, valid_rmse-1.4848, valid_pr-0.6563
2025-06-09 13:23:06 - INFO - epoch-209, train_loss-1.2219, train_rmse-1.1054, valid_rmse-1.4758, valid_pr-0.6683
2025-06-09 13:23:14 - INFO - epoch-210, train_loss-1.2305, train_rmse-1.1093, valid_rmse-1.5152, valid_pr-0.6688
2025-06-09 13:23:22 - INFO - epoch-211, train_loss-1.2101, train_rmse-1.1000, valid_rmse-1.5046, valid_pr-0.6534
2025-06-09 13:23:30 - INFO - epoch-212, train_loss-1.2025, train_rmse-1.0966, valid_rmse-1.4847, valid_pr-0.6505
2025-06-09 13:23:38 - INFO - epoch-213, train_loss-1.2357, train_rmse-1.1116, valid_rmse-1.5294, valid_pr-0.6605
2025-06-09 13:23:46 - INFO - epoch-214, train_loss-1.2134, train_rmse-1.1016, valid_rmse-1.4583, valid_pr-0.6626
2025-06-09 13:23:54 - INFO - epoch-215, train_loss-1.2157, train_rmse-1.1026, valid_rmse-1.4861, valid_pr-0.6692
2025-06-09 13:24:02 - INFO - epoch-216, train_loss-1.2082, train_rmse-1.0992, valid_rmse-1.4301, valid_pr-0.6669
2025-06-09 13:24:10 - INFO - epoch-217, train_loss-1.2086, train_rmse-1.0994, valid_rmse-1.4994, valid_pr-0.6593
2025-06-09 13:24:18 - INFO - epoch-218, train_loss-1.2100, train_rmse-1.1000, valid_rmse-1.5504, valid_pr-0.6567
2025-06-09 13:24:26 - INFO - epoch-219, train_loss-1.1789, train_rmse-1.0858, valid_rmse-1.4879, valid_pr-0.6541
2025-06-09 13:24:34 - INFO - epoch-220, train_loss-1.2142, train_rmse-1.1019, valid_rmse-1.4990, valid_pr-0.6500
2025-06-09 13:24:41 - INFO - epoch-221, train_loss-1.1931, train_rmse-1.0923, valid_rmse-1.4408, valid_pr-0.6745
2025-06-09 13:24:50 - INFO - epoch-222, train_loss-1.2010, train_rmse-1.0959, valid_rmse-1.4746, valid_pr-0.6708
2025-06-09 13:24:58 - INFO - epoch-223, train_loss-1.1969, train_rmse-1.0940, valid_rmse-1.4760, valid_pr-0.6626
2025-06-09 13:25:06 - INFO - epoch-224, train_loss-1.1929, train_rmse-1.0922, valid_rmse-1.5030, valid_pr-0.6614
2025-06-09 13:25:14 - INFO - epoch-225, train_loss-1.1958, train_rmse-1.0935, valid_rmse-1.4864, valid_pr-0.6619
2025-06-09 13:25:22 - INFO - epoch-226, train_loss-1.1765, train_rmse-1.0847, valid_rmse-1.5178, valid_pr-0.6648
2025-06-09 13:25:30 - INFO - epoch-227, train_loss-1.1787, train_rmse-1.0857, valid_rmse-1.5331, valid_pr-0.6474
2025-06-09 13:25:38 - INFO - epoch-228, train_loss-1.1785, train_rmse-1.0856, valid_rmse-1.4611, valid_pr-0.6705
2025-06-09 13:25:46 - INFO - epoch-229, train_loss-1.1945, train_rmse-1.0930, valid_rmse-1.5076, valid_pr-0.6561
2025-06-09 13:25:54 - INFO - epoch-230, train_loss-1.1765, train_rmse-1.0847, valid_rmse-1.4379, valid_pr-0.6680
2025-06-09 13:26:02 - INFO - epoch-231, train_loss-1.1874, train_rmse-1.0897, valid_rmse-1.4866, valid_pr-0.6674
2025-06-09 13:26:10 - INFO - epoch-232, train_loss-1.1688, train_rmse-1.0811, valid_rmse-1.5158, valid_pr-0.6684
2025-06-09 13:26:18 - INFO - epoch-233, train_loss-1.1522, train_rmse-1.0734, valid_rmse-1.4379, valid_pr-0.6752
2025-06-09 13:26:26 - INFO - epoch-234, train_loss-1.1568, train_rmse-1.0756, valid_rmse-1.4198, valid_pr-0.6726
2025-06-09 13:26:34 - INFO - epoch-235, train_loss-1.1782, train_rmse-1.0854, valid_rmse-1.4635, valid_pr-0.6596
2025-06-09 13:26:42 - INFO - epoch-236, train_loss-1.1627, train_rmse-1.0783, valid_rmse-1.4459, valid_pr-0.6744
2025-06-09 13:26:49 - INFO - epoch-237, train_loss-1.1665, train_rmse-1.0801, valid_rmse-1.4935, valid_pr-0.6782
2025-06-09 13:26:57 - INFO - epoch-238, train_loss-1.1447, train_rmse-1.0699, valid_rmse-1.4549, valid_pr-0.6701
2025-06-09 13:27:05 - INFO - epoch-239, train_loss-1.1574, train_rmse-1.0758, valid_rmse-1.4813, valid_pr-0.6578
2025-06-09 13:27:13 - INFO - epoch-240, train_loss-1.1631, train_rmse-1.0785, valid_rmse-1.5112, valid_pr-0.6644
2025-06-09 13:27:20 - INFO - epoch-241, train_loss-1.1571, train_rmse-1.0757, valid_rmse-1.4152, valid_pr-0.6802
2025-06-09 13:27:28 - INFO - epoch-242, train_loss-1.1464, train_rmse-1.0707, valid_rmse-1.5157, valid_pr-0.6616
2025-06-09 13:27:36 - INFO - epoch-243, train_loss-1.1502, train_rmse-1.0725, valid_rmse-1.4264, valid_pr-0.6758
2025-06-09 13:27:44 - INFO - epoch-244, train_loss-1.1415, train_rmse-1.0684, valid_rmse-1.4477, valid_pr-0.6747
2025-06-09 13:27:51 - INFO - epoch-245, train_loss-1.1396, train_rmse-1.0675, valid_rmse-1.4661, valid_pr-0.6782
2025-06-09 13:27:59 - INFO - epoch-246, train_loss-1.1190, train_rmse-1.0579, valid_rmse-1.4632, valid_pr-0.6724
2025-06-09 13:28:06 - INFO - epoch-247, train_loss-1.1337, train_rmse-1.0647, valid_rmse-1.4560, valid_pr-0.6755
2025-06-09 13:28:14 - INFO - epoch-248, train_loss-1.1214, train_rmse-1.0590, valid_rmse-1.4297, valid_pr-0.6685
2025-06-09 13:28:22 - INFO - epoch-249, train_loss-1.1329, train_rmse-1.0644, valid_rmse-1.4479, valid_pr-0.6691
2025-06-09 13:28:30 - INFO - epoch-250, train_loss-1.1128, train_rmse-1.0549, valid_rmse-1.4387, valid_pr-0.6756
2025-06-09 13:28:38 - INFO - epoch-251, train_loss-1.1382, train_rmse-1.0668, valid_rmse-1.5005, valid_pr-0.6695
2025-06-09 13:28:45 - INFO - epoch-252, train_loss-1.1278, train_rmse-1.0620, valid_rmse-1.4584, valid_pr-0.6763
2025-06-09 13:28:54 - INFO - epoch-253, train_loss-1.1316, train_rmse-1.0638, valid_rmse-1.4683, valid_pr-0.6711
2025-06-09 13:29:01 - INFO - epoch-254, train_loss-1.1263, train_rmse-1.0613, valid_rmse-1.5036, valid_pr-0.6661
2025-06-09 13:29:09 - INFO - epoch-255, train_loss-1.0897, train_rmse-1.0439, valid_rmse-1.4451, valid_pr-0.6782
2025-06-09 13:29:16 - INFO - epoch-256, train_loss-1.1017, train_rmse-1.0496, valid_rmse-1.4738, valid_pr-0.6605
2025-06-09 13:29:24 - INFO - epoch-257, train_loss-1.1111, train_rmse-1.0541, valid_rmse-1.4606, valid_pr-0.6691
2025-06-09 13:29:32 - INFO - epoch-258, train_loss-1.1146, train_rmse-1.0558, valid_rmse-1.4122, valid_pr-0.6784
2025-06-09 13:29:40 - INFO - epoch-259, train_loss-1.1012, train_rmse-1.0494, valid_rmse-1.4568, valid_pr-0.6731
2025-06-09 13:29:47 - INFO - epoch-260, train_loss-1.1056, train_rmse-1.0515, valid_rmse-1.4210, valid_pr-0.6756
2025-06-09 13:29:55 - INFO - epoch-261, train_loss-1.1001, train_rmse-1.0489, valid_rmse-1.4771, valid_pr-0.6723
2025-06-09 13:30:03 - INFO - epoch-262, train_loss-1.0970, train_rmse-1.0474, valid_rmse-1.4629, valid_pr-0.6635
2025-06-09 13:30:11 - INFO - epoch-263, train_loss-1.0860, train_rmse-1.0421, valid_rmse-1.4998, valid_pr-0.6741
2025-06-09 13:30:20 - INFO - epoch-264, train_loss-1.0909, train_rmse-1.0445, valid_rmse-1.4948, valid_pr-0.6717
2025-06-09 13:30:27 - INFO - epoch-265, train_loss-1.1051, train_rmse-1.0512, valid_rmse-1.4901, valid_pr-0.6681
2025-06-09 13:30:35 - INFO - epoch-266, train_loss-1.1011, train_rmse-1.0493, valid_rmse-1.4751, valid_pr-0.6645
2025-06-09 13:30:44 - INFO - epoch-267, train_loss-1.0871, train_rmse-1.0427, valid_rmse-1.5363, valid_pr-0.6490
2025-06-09 13:30:52 - INFO - epoch-268, train_loss-1.0774, train_rmse-1.0380, valid_rmse-1.5107, valid_pr-0.6605
2025-06-09 13:30:59 - INFO - epoch-269, train_loss-1.0811, train_rmse-1.0398, valid_rmse-1.4553, valid_pr-0.6787
2025-06-09 13:31:07 - INFO - epoch-270, train_loss-1.0776, train_rmse-1.0381, valid_rmse-1.5011, valid_pr-0.6743
2025-06-09 13:31:15 - INFO - epoch-271, train_loss-1.0672, train_rmse-1.0330, valid_rmse-1.4210, valid_pr-0.6768
2025-06-09 13:31:23 - INFO - epoch-272, train_loss-1.0723, train_rmse-1.0355, valid_rmse-1.4454, valid_pr-0.6699
2025-06-09 13:31:32 - INFO - epoch-273, train_loss-1.0808, train_rmse-1.0396, valid_rmse-1.4884, valid_pr-0.6670
2025-06-09 13:31:40 - INFO - epoch-274, train_loss-1.0762, train_rmse-1.0374, valid_rmse-1.4266, valid_pr-0.6780
2025-06-09 13:31:48 - INFO - epoch-275, train_loss-1.0671, train_rmse-1.0330, valid_rmse-1.4429, valid_pr-0.6500
2025-06-09 13:31:56 - INFO - epoch-276, train_loss-1.0939, train_rmse-1.0459, valid_rmse-1.4970, valid_pr-0.6675
2025-06-09 13:32:04 - INFO - epoch-277, train_loss-1.0794, train_rmse-1.0389, valid_rmse-1.4519, valid_pr-0.6767
2025-06-09 13:32:12 - INFO - epoch-278, train_loss-1.0755, train_rmse-1.0371, valid_rmse-1.4809, valid_pr-0.6703
2025-06-09 13:32:20 - INFO - epoch-279, train_loss-1.0502, train_rmse-1.0248, valid_rmse-1.4908, valid_pr-0.6625
2025-06-09 13:32:28 - INFO - epoch-280, train_loss-1.0739, train_rmse-1.0363, valid_rmse-1.4646, valid_pr-0.6818
2025-06-09 13:32:36 - INFO - epoch-281, train_loss-1.0427, train_rmse-1.0211, valid_rmse-1.4351, valid_pr-0.6726
2025-06-09 13:32:44 - INFO - epoch-282, train_loss-1.0497, train_rmse-1.0245, valid_rmse-1.4170, valid_pr-0.6705
2025-06-09 13:32:52 - INFO - epoch-283, train_loss-1.0714, train_rmse-1.0351, valid_rmse-1.4482, valid_pr-0.6634
2025-06-09 13:32:59 - INFO - epoch-284, train_loss-1.0624, train_rmse-1.0307, valid_rmse-1.4513, valid_pr-0.6744
2025-06-09 13:33:07 - INFO - epoch-285, train_loss-1.0484, train_rmse-1.0239, valid_rmse-1.4556, valid_pr-0.6679
2025-06-09 13:33:15 - INFO - epoch-286, train_loss-1.0573, train_rmse-1.0283, valid_rmse-1.4744, valid_pr-0.6702
2025-06-09 13:33:23 - INFO - epoch-287, train_loss-1.0400, train_rmse-1.0198, valid_rmse-1.5034, valid_pr-0.6700
2025-06-09 13:33:31 - INFO - epoch-288, train_loss-1.0510, train_rmse-1.0252, valid_rmse-1.4709, valid_pr-0.6763
2025-06-09 13:33:38 - INFO - epoch-289, train_loss-1.0500, train_rmse-1.0247, valid_rmse-1.5094, valid_pr-0.6585
2025-06-09 13:33:47 - INFO - epoch-290, train_loss-1.0517, train_rmse-1.0255, valid_rmse-1.5044, valid_pr-0.6635
2025-06-09 13:33:55 - INFO - epoch-291, train_loss-1.0387, train_rmse-1.0192, valid_rmse-1.4384, valid_pr-0.6758
2025-06-09 13:34:02 - INFO - epoch-292, train_loss-1.0210, train_rmse-1.0105, valid_rmse-1.4159, valid_pr-0.6829
2025-06-09 13:34:09 - INFO - epoch-293, train_loss-1.0596, train_rmse-1.0293, valid_rmse-1.4940, valid_pr-0.6734
2025-06-09 13:34:18 - INFO - epoch-294, train_loss-1.0408, train_rmse-1.0202, valid_rmse-1.4343, valid_pr-0.6811
2025-06-09 13:34:25 - INFO - epoch-295, train_loss-1.0301, train_rmse-1.0149, valid_rmse-1.4549, valid_pr-0.6782
2025-06-09 13:34:33 - INFO - epoch-296, train_loss-1.0400, train_rmse-1.0198, valid_rmse-1.4422, valid_pr-0.6681
2025-06-09 13:34:41 - INFO - epoch-297, train_loss-1.0067, train_rmse-1.0034, valid_rmse-1.4452, valid_pr-0.6722
2025-06-09 13:34:49 - INFO - epoch-298, train_loss-1.0215, train_rmse-1.0107, valid_rmse-1.4580, valid_pr-0.6678
2025-06-09 13:34:57 - INFO - epoch-299, train_loss-1.0308, train_rmse-1.0153, valid_rmse-1.4034, valid_pr-0.6846
2025-06-09 13:35:04 - INFO - epoch-300, train_loss-1.0199, train_rmse-1.0099, valid_rmse-1.4280, valid_pr-0.6851
2025-06-09 13:35:12 - INFO - epoch-301, train_loss-1.0179, train_rmse-1.0089, valid_rmse-1.4710, valid_pr-0.6792
2025-06-09 13:35:20 - INFO - epoch-302, train_loss-1.0367, train_rmse-1.0182, valid_rmse-1.4579, valid_pr-0.6715
2025-06-09 13:35:28 - INFO - epoch-303, train_loss-1.0210, train_rmse-1.0104, valid_rmse-1.3944, valid_pr-0.6814
2025-06-09 13:35:35 - INFO - epoch-304, train_loss-1.0015, train_rmse-1.0008, valid_rmse-1.4454, valid_pr-0.6726
2025-06-09 13:35:43 - INFO - epoch-305, train_loss-1.0242, train_rmse-1.0120, valid_rmse-1.4841, valid_pr-0.6669
2025-06-09 13:35:51 - INFO - epoch-306, train_loss-1.0244, train_rmse-1.0121, valid_rmse-1.4650, valid_pr-0.6741
2025-06-09 13:35:59 - INFO - epoch-307, train_loss-1.0111, train_rmse-1.0055, valid_rmse-1.4602, valid_pr-0.6701
2025-06-09 13:36:07 - INFO - epoch-308, train_loss-1.0073, train_rmse-1.0037, valid_rmse-1.4627, valid_pr-0.6613
2025-06-09 13:36:15 - INFO - epoch-309, train_loss-1.0074, train_rmse-1.0037, valid_rmse-1.4546, valid_pr-0.6703
2025-06-09 13:36:22 - INFO - epoch-310, train_loss-1.0266, train_rmse-1.0132, valid_rmse-1.3911, valid_pr-0.6854
2025-06-09 13:36:30 - INFO - epoch-311, train_loss-1.0020, train_rmse-1.0010, valid_rmse-1.4053, valid_pr-0.6764
2025-06-09 13:36:38 - INFO - epoch-312, train_loss-1.0150, train_rmse-1.0075, valid_rmse-1.4234, valid_pr-0.6783
2025-06-09 13:36:46 - INFO - epoch-313, train_loss-0.9994, train_rmse-0.9997, valid_rmse-1.4349, valid_pr-0.6700
2025-06-09 13:36:54 - INFO - epoch-314, train_loss-1.0275, train_rmse-1.0136, valid_rmse-1.4316, valid_pr-0.6596
2025-06-09 13:37:02 - INFO - epoch-315, train_loss-0.9983, train_rmse-0.9991, valid_rmse-1.4125, valid_pr-0.6791
2025-06-09 13:37:09 - INFO - epoch-316, train_loss-0.9999, train_rmse-1.0000, valid_rmse-1.4104, valid_pr-0.6783
2025-06-09 13:37:17 - INFO - epoch-317, train_loss-1.0014, train_rmse-1.0007, valid_rmse-1.4129, valid_pr-0.6783
2025-06-09 13:37:25 - INFO - epoch-318, train_loss-1.0133, train_rmse-1.0066, valid_rmse-1.4279, valid_pr-0.6747
2025-06-09 13:37:33 - INFO - epoch-319, train_loss-0.9983, train_rmse-0.9992, valid_rmse-1.4591, valid_pr-0.6632
2025-06-09 13:37:41 - INFO - epoch-320, train_loss-0.9976, train_rmse-0.9988, valid_rmse-1.4660, valid_pr-0.6792
2025-06-09 13:37:49 - INFO - epoch-321, train_loss-0.9900, train_rmse-0.9950, valid_rmse-1.4424, valid_pr-0.6702
2025-06-09 13:37:57 - INFO - epoch-322, train_loss-0.9942, train_rmse-0.9971, valid_rmse-1.4886, valid_pr-0.6746
2025-06-09 13:38:05 - INFO - epoch-323, train_loss-0.9848, train_rmse-0.9924, valid_rmse-1.4462, valid_pr-0.6668
2025-06-09 13:38:13 - INFO - epoch-324, train_loss-0.9988, train_rmse-0.9994, valid_rmse-1.4861, valid_pr-0.6621
2025-06-09 13:38:21 - INFO - epoch-325, train_loss-0.9731, train_rmse-0.9865, valid_rmse-1.4264, valid_pr-0.6784
2025-06-09 13:38:29 - INFO - epoch-326, train_loss-0.9872, train_rmse-0.9936, valid_rmse-1.4363, valid_pr-0.6717
2025-06-09 13:38:37 - INFO - epoch-327, train_loss-0.9711, train_rmse-0.9855, valid_rmse-1.4197, valid_pr-0.6774
2025-06-09 13:38:45 - INFO - epoch-328, train_loss-0.9871, train_rmse-0.9935, valid_rmse-1.4259, valid_pr-0.6675
2025-06-09 13:38:53 - INFO - epoch-329, train_loss-0.9925, train_rmse-0.9962, valid_rmse-1.4271, valid_pr-0.6723
2025-06-09 13:39:01 - INFO - epoch-330, train_loss-0.9723, train_rmse-0.9861, valid_rmse-1.4194, valid_pr-0.6770
2025-06-09 13:39:09 - INFO - epoch-331, train_loss-0.9785, train_rmse-0.9892, valid_rmse-1.4619, valid_pr-0.6809
2025-06-09 13:39:17 - INFO - epoch-332, train_loss-0.9768, train_rmse-0.9883, valid_rmse-1.4810, valid_pr-0.6691
2025-06-09 13:39:25 - INFO - epoch-333, train_loss-0.9741, train_rmse-0.9870, valid_rmse-1.4570, valid_pr-0.6653
2025-06-09 13:39:33 - INFO - epoch-334, train_loss-0.9724, train_rmse-0.9861, valid_rmse-1.4292, valid_pr-0.6849
2025-06-09 13:39:41 - INFO - epoch-335, train_loss-0.9958, train_rmse-0.9979, valid_rmse-1.4702, valid_pr-0.6686
2025-06-09 13:39:49 - INFO - epoch-336, train_loss-0.9832, train_rmse-0.9916, valid_rmse-1.4296, valid_pr-0.6737
2025-06-09 13:39:57 - INFO - epoch-337, train_loss-0.9581, train_rmse-0.9788, valid_rmse-1.4623, valid_pr-0.6683
2025-06-09 13:40:04 - INFO - epoch-338, train_loss-0.9686, train_rmse-0.9842, valid_rmse-1.4286, valid_pr-0.6843
2025-06-09 13:40:12 - INFO - epoch-339, train_loss-0.9507, train_rmse-0.9750, valid_rmse-1.4313, valid_pr-0.6865
2025-06-09 13:40:20 - INFO - epoch-340, train_loss-0.9674, train_rmse-0.9836, valid_rmse-1.4190, valid_pr-0.6932
2025-06-09 13:40:28 - INFO - epoch-341, train_loss-0.9814, train_rmse-0.9907, valid_rmse-1.4348, valid_pr-0.6824
2025-06-09 13:40:36 - INFO - epoch-342, train_loss-0.9698, train_rmse-0.9848, valid_rmse-1.4448, valid_pr-0.6804
2025-06-09 13:40:44 - INFO - epoch-343, train_loss-0.9704, train_rmse-0.9851, valid_rmse-1.4232, valid_pr-0.6875
2025-06-09 13:40:52 - INFO - epoch-344, train_loss-0.9767, train_rmse-0.9883, valid_rmse-1.4340, valid_pr-0.6859
2025-06-09 13:40:59 - INFO - epoch-345, train_loss-0.9496, train_rmse-0.9745, valid_rmse-1.4902, valid_pr-0.6794
2025-06-09 13:41:07 - INFO - epoch-346, train_loss-0.9632, train_rmse-0.9814, valid_rmse-1.3990, valid_pr-0.6718
2025-06-09 13:41:15 - INFO - epoch-347, train_loss-0.9586, train_rmse-0.9791, valid_rmse-1.4210, valid_pr-0.6804
2025-06-09 13:41:23 - INFO - epoch-348, train_loss-0.9592, train_rmse-0.9794, valid_rmse-1.4354, valid_pr-0.6762
2025-06-09 13:41:30 - INFO - epoch-349, train_loss-0.9580, train_rmse-0.9788, valid_rmse-1.4611, valid_pr-0.6840
2025-06-09 13:41:38 - INFO - epoch-350, train_loss-0.9483, train_rmse-0.9738, valid_rmse-1.4009, valid_pr-0.6815
2025-06-09 13:41:46 - INFO - epoch-351, train_loss-0.9516, train_rmse-0.9755, valid_rmse-1.4793, valid_pr-0.6721
2025-06-09 13:41:53 - INFO - epoch-352, train_loss-0.9528, train_rmse-0.9761, valid_rmse-1.4503, valid_pr-0.6685
2025-06-09 13:42:01 - INFO - epoch-353, train_loss-0.9444, train_rmse-0.9718, valid_rmse-1.4532, valid_pr-0.6703
2025-06-09 13:42:09 - INFO - epoch-354, train_loss-0.9431, train_rmse-0.9711, valid_rmse-1.4323, valid_pr-0.6835
2025-06-09 13:42:17 - INFO - epoch-355, train_loss-0.9541, train_rmse-0.9768, valid_rmse-1.4089, valid_pr-0.6761
2025-06-09 13:42:24 - INFO - epoch-356, train_loss-0.9432, train_rmse-0.9712, valid_rmse-1.4568, valid_pr-0.6720
2025-06-09 13:42:32 - INFO - epoch-357, train_loss-0.9601, train_rmse-0.9798, valid_rmse-1.4428, valid_pr-0.6780
2025-06-09 13:42:40 - INFO - epoch-358, train_loss-0.9490, train_rmse-0.9742, valid_rmse-1.4465, valid_pr-0.6669
2025-06-09 13:42:47 - INFO - epoch-359, train_loss-0.9530, train_rmse-0.9762, valid_rmse-1.4394, valid_pr-0.6729
2025-06-09 13:42:55 - INFO - epoch-360, train_loss-0.9482, train_rmse-0.9738, valid_rmse-1.3994, valid_pr-0.6861
2025-06-09 13:43:03 - INFO - epoch-361, train_loss-0.9390, train_rmse-0.9690, valid_rmse-1.4450, valid_pr-0.6796
2025-06-09 13:43:11 - INFO - epoch-362, train_loss-0.9542, train_rmse-0.9768, valid_rmse-1.4445, valid_pr-0.6770
2025-06-09 13:43:18 - INFO - epoch-363, train_loss-0.9363, train_rmse-0.9676, valid_rmse-1.4445, valid_pr-0.6667
2025-06-09 13:43:26 - INFO - epoch-364, train_loss-0.9344, train_rmse-0.9667, valid_rmse-1.4278, valid_pr-0.6816
2025-06-09 13:43:34 - INFO - epoch-365, train_loss-0.9321, train_rmse-0.9655, valid_rmse-1.4262, valid_pr-0.6806
2025-06-09 13:43:42 - INFO - epoch-366, train_loss-0.9530, train_rmse-0.9762, valid_rmse-1.4159, valid_pr-0.6889
2025-06-09 13:43:49 - INFO - epoch-367, train_loss-0.9461, train_rmse-0.9727, valid_rmse-1.4429, valid_pr-0.6812
2025-06-09 13:43:58 - INFO - epoch-368, train_loss-0.9302, train_rmse-0.9644, valid_rmse-1.4092, valid_pr-0.6733
2025-06-09 13:44:05 - INFO - epoch-369, train_loss-0.9129, train_rmse-0.9554, valid_rmse-1.4495, valid_pr-0.6741
2025-06-09 13:44:13 - INFO - epoch-370, train_loss-0.9167, train_rmse-0.9575, valid_rmse-1.4441, valid_pr-0.6763
2025-06-09 13:44:21 - INFO - epoch-371, train_loss-0.9372, train_rmse-0.9681, valid_rmse-1.4305, valid_pr-0.6800
2025-06-09 13:44:29 - INFO - epoch-372, train_loss-0.9414, train_rmse-0.9703, valid_rmse-1.4402, valid_pr-0.6670
2025-06-09 13:44:37 - INFO - epoch-373, train_loss-0.9340, train_rmse-0.9665, valid_rmse-1.4006, valid_pr-0.6772
2025-06-09 13:44:45 - INFO - epoch-374, train_loss-0.9440, train_rmse-0.9716, valid_rmse-1.4682, valid_pr-0.6824
2025-06-09 13:44:53 - INFO - epoch-375, train_loss-0.9315, train_rmse-0.9651, valid_rmse-1.4731, valid_pr-0.6826
2025-06-09 13:45:01 - INFO - epoch-376, train_loss-0.9290, train_rmse-0.9639, valid_rmse-1.4407, valid_pr-0.6793
2025-06-09 13:45:09 - INFO - epoch-377, train_loss-0.9262, train_rmse-0.9624, valid_rmse-1.4122, valid_pr-0.6771
2025-06-09 13:45:17 - INFO - epoch-378, train_loss-0.9303, train_rmse-0.9645, valid_rmse-1.4104, valid_pr-0.6856
2025-06-09 13:45:25 - INFO - epoch-379, train_loss-0.9258, train_rmse-0.9622, valid_rmse-1.4054, valid_pr-0.6734
2025-06-09 13:45:34 - INFO - epoch-380, train_loss-0.9224, train_rmse-0.9604, valid_rmse-1.4427, valid_pr-0.6801
2025-06-09 13:45:42 - INFO - epoch-381, train_loss-0.9164, train_rmse-0.9573, valid_rmse-1.4075, valid_pr-0.6835
2025-06-09 13:45:50 - INFO - epoch-382, train_loss-0.9258, train_rmse-0.9622, valid_rmse-1.4139, valid_pr-0.6818
2025-06-09 13:45:58 - INFO - epoch-383, train_loss-0.9280, train_rmse-0.9634, valid_rmse-1.4259, valid_pr-0.6688
2025-06-09 13:46:06 - INFO - epoch-384, train_loss-0.9085, train_rmse-0.9532, valid_rmse-1.4438, valid_pr-0.6659
2025-06-09 13:46:14 - INFO - epoch-385, train_loss-0.9141, train_rmse-0.9561, valid_rmse-1.4298, valid_pr-0.6793
2025-06-09 13:46:21 - INFO - epoch-386, train_loss-0.9258, train_rmse-0.9622, valid_rmse-1.4040, valid_pr-0.6784
2025-06-09 13:46:29 - INFO - epoch-387, train_loss-0.9139, train_rmse-0.9560, valid_rmse-1.4354, valid_pr-0.6813
2025-06-09 13:46:37 - INFO - epoch-388, train_loss-0.9029, train_rmse-0.9502, valid_rmse-1.4264, valid_pr-0.6785
2025-06-09 13:46:45 - INFO - epoch-389, train_loss-0.9239, train_rmse-0.9612, valid_rmse-1.4471, valid_pr-0.6659
2025-06-09 13:46:53 - INFO - epoch-390, train_loss-0.9093, train_rmse-0.9536, valid_rmse-1.4368, valid_pr-0.6678
2025-06-09 13:47:01 - INFO - epoch-391, train_loss-0.9104, train_rmse-0.9542, valid_rmse-1.4468, valid_pr-0.6679
2025-06-09 13:47:09 - INFO - epoch-392, train_loss-0.9041, train_rmse-0.9508, valid_rmse-1.4305, valid_pr-0.6869
2025-06-09 13:47:17 - INFO - epoch-393, train_loss-0.9099, train_rmse-0.9539, valid_rmse-1.4256, valid_pr-0.6726
2025-06-09 13:47:24 - INFO - epoch-394, train_loss-0.9080, train_rmse-0.9529, valid_rmse-1.4404, valid_pr-0.6803
2025-06-09 13:47:32 - INFO - epoch-395, train_loss-0.9011, train_rmse-0.9493, valid_rmse-1.4130, valid_pr-0.6869
2025-06-09 13:47:40 - INFO - epoch-396, train_loss-0.9016, train_rmse-0.9495, valid_rmse-1.3917, valid_pr-0.6868
2025-06-09 13:47:48 - INFO - epoch-397, train_loss-0.9132, train_rmse-0.9556, valid_rmse-1.4131, valid_pr-0.6903
2025-06-09 13:47:56 - INFO - epoch-398, train_loss-0.8978, train_rmse-0.9475, valid_rmse-1.3940, valid_pr-0.6854
2025-06-09 13:48:04 - INFO - epoch-399, train_loss-0.9115, train_rmse-0.9547, valid_rmse-1.4362, valid_pr-0.6739
2025-06-09 13:48:12 - INFO - epoch-400, train_loss-0.9155, train_rmse-0.9568, valid_rmse-1.4393, valid_pr-0.6724
2025-06-09 13:48:20 - INFO - epoch-401, train_loss-0.8603, train_rmse-0.9275, valid_rmse-1.4244, valid_pr-0.6819
2025-06-09 13:48:27 - INFO - epoch-402, train_loss-0.9000, train_rmse-0.9487, valid_rmse-1.3710, valid_pr-0.6935
2025-06-09 13:48:35 - INFO - epoch-403, train_loss-0.9010, train_rmse-0.9492, valid_rmse-1.4414, valid_pr-0.6763
2025-06-09 13:48:43 - INFO - epoch-404, train_loss-0.9102, train_rmse-0.9541, valid_rmse-1.3969, valid_pr-0.6895
2025-06-09 13:48:51 - INFO - epoch-405, train_loss-0.8912, train_rmse-0.9440, valid_rmse-1.4374, valid_pr-0.6852
2025-06-09 13:48:59 - INFO - epoch-406, train_loss-0.8939, train_rmse-0.9454, valid_rmse-1.4293, valid_pr-0.6747
2025-06-09 13:49:07 - INFO - epoch-407, train_loss-0.8866, train_rmse-0.9416, valid_rmse-1.4120, valid_pr-0.6808
2025-06-09 13:49:15 - INFO - epoch-408, train_loss-0.8924, train_rmse-0.9447, valid_rmse-1.4312, valid_pr-0.6807
2025-06-09 13:49:22 - INFO - epoch-409, train_loss-0.9013, train_rmse-0.9494, valid_rmse-1.4321, valid_pr-0.6693
2025-06-09 13:49:30 - INFO - epoch-410, train_loss-0.9079, train_rmse-0.9529, valid_rmse-1.4162, valid_pr-0.6794
2025-06-09 13:49:38 - INFO - epoch-411, train_loss-0.8882, train_rmse-0.9424, valid_rmse-1.4081, valid_pr-0.6868
2025-06-09 13:49:46 - INFO - epoch-412, train_loss-0.8947, train_rmse-0.9459, valid_rmse-1.4064, valid_pr-0.6888
2025-06-09 13:49:54 - INFO - epoch-413, train_loss-0.8855, train_rmse-0.9410, valid_rmse-1.4134, valid_pr-0.6929
2025-06-09 13:50:02 - INFO - epoch-414, train_loss-0.8704, train_rmse-0.9329, valid_rmse-1.3939, valid_pr-0.6906
2025-06-09 13:50:10 - INFO - epoch-415, train_loss-0.8867, train_rmse-0.9417, valid_rmse-1.3984, valid_pr-0.6886
2025-06-09 13:50:17 - INFO - epoch-416, train_loss-0.8766, train_rmse-0.9363, valid_rmse-1.4133, valid_pr-0.6840
2025-06-09 13:50:25 - INFO - epoch-417, train_loss-0.8941, train_rmse-0.9456, valid_rmse-1.4324, valid_pr-0.6756
2025-06-09 13:50:33 - INFO - epoch-418, train_loss-0.8929, train_rmse-0.9449, valid_rmse-1.4112, valid_pr-0.6784
2025-06-09 13:50:41 - INFO - epoch-419, train_loss-0.8611, train_rmse-0.9279, valid_rmse-1.4365, valid_pr-0.6825
2025-06-09 13:50:48 - INFO - epoch-420, train_loss-0.8868, train_rmse-0.9417, valid_rmse-1.4520, valid_pr-0.6892
2025-06-09 13:50:56 - INFO - epoch-421, train_loss-0.8860, train_rmse-0.9413, valid_rmse-1.4080, valid_pr-0.6858
2025-06-09 13:51:04 - INFO - epoch-422, train_loss-0.8827, train_rmse-0.9395, valid_rmse-1.4530, valid_pr-0.6829
2025-06-09 13:51:12 - INFO - epoch-423, train_loss-0.8686, train_rmse-0.9320, valid_rmse-1.4275, valid_pr-0.6844
2025-06-09 13:51:20 - INFO - epoch-424, train_loss-0.8865, train_rmse-0.9415, valid_rmse-1.4267, valid_pr-0.6809
2025-06-09 13:51:28 - INFO - epoch-425, train_loss-0.8859, train_rmse-0.9412, valid_rmse-1.4310, valid_pr-0.6852
2025-06-09 13:51:36 - INFO - epoch-426, train_loss-0.8911, train_rmse-0.9440, valid_rmse-1.4045, valid_pr-0.6871
2025-06-09 13:51:44 - INFO - epoch-427, train_loss-0.8771, train_rmse-0.9365, valid_rmse-1.4058, valid_pr-0.6743
2025-06-09 13:51:52 - INFO - epoch-428, train_loss-0.8978, train_rmse-0.9475, valid_rmse-1.3775, valid_pr-0.6900
2025-06-09 13:52:00 - INFO - epoch-429, train_loss-0.8612, train_rmse-0.9280, valid_rmse-1.3650, valid_pr-0.6918
2025-06-09 13:52:08 - INFO - epoch-430, train_loss-0.8584, train_rmse-0.9265, valid_rmse-1.4113, valid_pr-0.6864
2025-06-09 13:52:16 - INFO - epoch-431, train_loss-0.8815, train_rmse-0.9389, valid_rmse-1.4293, valid_pr-0.6801
2025-06-09 13:52:24 - INFO - epoch-432, train_loss-0.8789, train_rmse-0.9375, valid_rmse-1.4561, valid_pr-0.6775
2025-06-09 13:52:32 - INFO - epoch-433, train_loss-0.8711, train_rmse-0.9333, valid_rmse-1.3847, valid_pr-0.6949
2025-06-09 13:52:40 - INFO - epoch-434, train_loss-0.8563, train_rmse-0.9254, valid_rmse-1.4317, valid_pr-0.6745
2025-06-09 13:52:48 - INFO - epoch-435, train_loss-0.8566, train_rmse-0.9255, valid_rmse-1.4272, valid_pr-0.6820
2025-06-09 13:52:56 - INFO - epoch-436, train_loss-0.8481, train_rmse-0.9209, valid_rmse-1.4317, valid_pr-0.6762
2025-06-09 13:53:04 - INFO - epoch-437, train_loss-0.8645, train_rmse-0.9298, valid_rmse-1.4331, valid_pr-0.6784
2025-06-09 13:53:12 - INFO - epoch-438, train_loss-0.8700, train_rmse-0.9327, valid_rmse-1.4200, valid_pr-0.6901
2025-06-09 13:53:20 - INFO - epoch-439, train_loss-0.8672, train_rmse-0.9312, valid_rmse-1.4257, valid_pr-0.6778
2025-06-09 13:53:27 - INFO - epoch-440, train_loss-0.8767, train_rmse-0.9363, valid_rmse-1.4224, valid_pr-0.6811
2025-06-09 13:53:36 - INFO - epoch-441, train_loss-0.8658, train_rmse-0.9305, valid_rmse-1.3757, valid_pr-0.6828
2025-06-09 13:53:43 - INFO - epoch-442, train_loss-0.8625, train_rmse-0.9287, valid_rmse-1.4405, valid_pr-0.6636
2025-06-09 13:53:52 - INFO - epoch-443, train_loss-0.8699, train_rmse-0.9327, valid_rmse-1.3807, valid_pr-0.6853
2025-06-09 13:53:59 - INFO - epoch-444, train_loss-0.8574, train_rmse-0.9259, valid_rmse-1.3995, valid_pr-0.6857
2025-06-09 13:54:07 - INFO - epoch-445, train_loss-0.8592, train_rmse-0.9269, valid_rmse-1.3881, valid_pr-0.6921
2025-06-09 13:54:15 - INFO - epoch-446, train_loss-0.8767, train_rmse-0.9363, valid_rmse-1.4042, valid_pr-0.6920
2025-06-09 13:54:23 - INFO - epoch-447, train_loss-0.8599, train_rmse-0.9273, valid_rmse-1.4376, valid_pr-0.6882
2025-06-09 13:54:31 - INFO - epoch-448, train_loss-0.8592, train_rmse-0.9269, valid_rmse-1.4136, valid_pr-0.6841
2025-06-09 13:54:39 - INFO - epoch-449, train_loss-0.8594, train_rmse-0.9271, valid_rmse-1.4355, valid_pr-0.6810
2025-06-09 13:54:47 - INFO - epoch-450, train_loss-0.8472, train_rmse-0.9204, valid_rmse-1.4147, valid_pr-0.6764
2025-06-09 13:54:55 - INFO - epoch-451, train_loss-0.8697, train_rmse-0.9326, valid_rmse-1.4495, valid_pr-0.6809
2025-06-09 13:55:02 - INFO - epoch-452, train_loss-0.8628, train_rmse-0.9288, valid_rmse-1.4012, valid_pr-0.6824
2025-06-09 13:55:10 - INFO - epoch-453, train_loss-0.8678, train_rmse-0.9316, valid_rmse-1.4203, valid_pr-0.6839
2025-06-09 13:55:18 - INFO - epoch-454, train_loss-0.8670, train_rmse-0.9311, valid_rmse-1.3734, valid_pr-0.6930
2025-06-09 13:55:26 - INFO - epoch-455, train_loss-0.8610, train_rmse-0.9279, valid_rmse-1.4068, valid_pr-0.6872
2025-06-09 13:55:33 - INFO - epoch-456, train_loss-0.8619, train_rmse-0.9284, valid_rmse-1.4275, valid_pr-0.6838
2025-06-09 13:55:41 - INFO - epoch-457, train_loss-0.8383, train_rmse-0.9156, valid_rmse-1.4140, valid_pr-0.6902
2025-06-09 13:55:49 - INFO - epoch-458, train_loss-0.8527, train_rmse-0.9234, valid_rmse-1.4377, valid_pr-0.6835
2025-06-09 13:55:57 - INFO - epoch-459, train_loss-0.8536, train_rmse-0.9239, valid_rmse-1.4115, valid_pr-0.6889
2025-06-09 13:56:05 - INFO - epoch-460, train_loss-0.8648, train_rmse-0.9299, valid_rmse-1.4030, valid_pr-0.6869
2025-06-09 13:56:12 - INFO - epoch-461, train_loss-0.8501, train_rmse-0.9220, valid_rmse-1.4165, valid_pr-0.6833
2025-06-09 13:56:21 - INFO - epoch-462, train_loss-0.8504, train_rmse-0.9222, valid_rmse-1.4099, valid_pr-0.6803
2025-06-09 13:56:29 - INFO - epoch-463, train_loss-0.8389, train_rmse-0.9159, valid_rmse-1.4132, valid_pr-0.6814
2025-06-09 13:56:37 - INFO - epoch-464, train_loss-0.8416, train_rmse-0.9174, valid_rmse-1.4312, valid_pr-0.6706
2025-06-09 13:56:45 - INFO - epoch-465, train_loss-0.8614, train_rmse-0.9281, valid_rmse-1.4352, valid_pr-0.6763
2025-06-09 13:56:52 - INFO - epoch-466, train_loss-0.8305, train_rmse-0.9113, valid_rmse-1.3804, valid_pr-0.6847
2025-06-09 13:57:00 - INFO - epoch-467, train_loss-0.8320, train_rmse-0.9121, valid_rmse-1.4161, valid_pr-0.6794
2025-06-09 13:57:07 - INFO - epoch-468, train_loss-0.8491, train_rmse-0.9214, valid_rmse-1.4247, valid_pr-0.6777
2025-06-09 13:57:15 - INFO - epoch-469, train_loss-0.8329, train_rmse-0.9126, valid_rmse-1.4201, valid_pr-0.6890
2025-06-09 13:57:22 - INFO - epoch-470, train_loss-0.8277, train_rmse-0.9098, valid_rmse-1.4051, valid_pr-0.6842
2025-06-09 13:57:30 - INFO - epoch-471, train_loss-0.8189, train_rmse-0.9049, valid_rmse-1.4303, valid_pr-0.6866
2025-06-09 13:57:38 - INFO - epoch-472, train_loss-0.8346, train_rmse-0.9135, valid_rmse-1.4015, valid_pr-0.6834
2025-06-09 13:57:45 - INFO - epoch-473, train_loss-0.8354, train_rmse-0.9140, valid_rmse-1.4184, valid_pr-0.6762
2025-06-09 13:57:53 - INFO - epoch-474, train_loss-0.8336, train_rmse-0.9130, valid_rmse-1.4206, valid_pr-0.6795
2025-06-09 13:58:01 - INFO - epoch-475, train_loss-0.8397, train_rmse-0.9163, valid_rmse-1.4389, valid_pr-0.6877
2025-06-09 13:58:09 - INFO - epoch-476, train_loss-0.8433, train_rmse-0.9183, valid_rmse-1.4645, valid_pr-0.6754
2025-06-09 13:58:17 - INFO - epoch-477, train_loss-0.8212, train_rmse-0.9062, valid_rmse-1.4084, valid_pr-0.6916
2025-06-09 13:58:25 - INFO - epoch-478, train_loss-0.8178, train_rmse-0.9043, valid_rmse-1.4482, valid_pr-0.6786
2025-06-09 13:58:33 - INFO - epoch-479, train_loss-0.8243, train_rmse-0.9079, valid_rmse-1.4171, valid_pr-0.6847
2025-06-09 13:58:42 - INFO - epoch-480, train_loss-0.8397, train_rmse-0.9164, valid_rmse-1.4102, valid_pr-0.6721
2025-06-09 13:58:50 - INFO - epoch-481, train_loss-0.8329, train_rmse-0.9127, valid_rmse-1.3822, valid_pr-0.6947
2025-06-09 13:58:58 - INFO - epoch-482, train_loss-0.8397, train_rmse-0.9164, valid_rmse-1.4101, valid_pr-0.6822
2025-06-09 13:59:06 - INFO - epoch-483, train_loss-0.8226, train_rmse-0.9070, valid_rmse-1.4155, valid_pr-0.6810
2025-06-09 13:59:13 - INFO - epoch-484, train_loss-0.8265, train_rmse-0.9091, valid_rmse-1.4341, valid_pr-0.6637
2025-06-09 13:59:22 - INFO - epoch-485, train_loss-0.8300, train_rmse-0.9110, valid_rmse-1.4047, valid_pr-0.6770
2025-06-09 13:59:30 - INFO - epoch-486, train_loss-0.8244, train_rmse-0.9080, valid_rmse-1.3964, valid_pr-0.6865
2025-06-09 13:59:38 - INFO - epoch-487, train_loss-0.8308, train_rmse-0.9115, valid_rmse-1.4151, valid_pr-0.6816
2025-06-09 13:59:46 - INFO - epoch-488, train_loss-0.8331, train_rmse-0.9127, valid_rmse-1.4122, valid_pr-0.6814
2025-06-09 13:59:54 - INFO - epoch-489, train_loss-0.8172, train_rmse-0.9040, valid_rmse-1.4183, valid_pr-0.6793
2025-06-09 14:00:02 - INFO - epoch-490, train_loss-0.8228, train_rmse-0.9071, valid_rmse-1.4318, valid_pr-0.6732
2025-06-09 14:00:10 - INFO - epoch-491, train_loss-0.8233, train_rmse-0.9074, valid_rmse-1.4550, valid_pr-0.6691
2025-06-09 14:00:18 - INFO - epoch-492, train_loss-0.8267, train_rmse-0.9092, valid_rmse-1.4340, valid_pr-0.6807
2025-06-09 14:00:25 - INFO - epoch-493, train_loss-0.8304, train_rmse-0.9113, valid_rmse-1.4090, valid_pr-0.6783
2025-06-09 14:00:33 - INFO - epoch-494, train_loss-0.8163, train_rmse-0.9035, valid_rmse-1.4243, valid_pr-0.6838
2025-06-09 14:00:41 - INFO - epoch-495, train_loss-0.8193, train_rmse-0.9051, valid_rmse-1.4346, valid_pr-0.6824
2025-06-09 14:00:49 - INFO - epoch-496, train_loss-0.8230, train_rmse-0.9072, valid_rmse-1.4179, valid_pr-0.6742
2025-06-09 14:00:57 - INFO - epoch-497, train_loss-0.8093, train_rmse-0.8996, valid_rmse-1.4328, valid_pr-0.6731
2025-06-09 14:01:05 - INFO - epoch-498, train_loss-0.8336, train_rmse-0.9130, valid_rmse-1.3867, valid_pr-0.6890
2025-06-09 14:01:12 - INFO - epoch-499, train_loss-0.8179, train_rmse-0.9044, valid_rmse-1.3859, valid_pr-0.6852
2025-06-09 14:01:20 - INFO - epoch-500, train_loss-0.8237, train_rmse-0.9076, valid_rmse-1.4382, valid_pr-0.6773
2025-06-09 14:01:28 - INFO - epoch-501, train_loss-0.8241, train_rmse-0.9078, valid_rmse-1.4152, valid_pr-0.6834
2025-06-09 14:01:36 - INFO - epoch-502, train_loss-0.8085, train_rmse-0.8992, valid_rmse-1.4024, valid_pr-0.6810
2025-06-09 14:01:44 - INFO - epoch-503, train_loss-0.8193, train_rmse-0.9051, valid_rmse-1.4088, valid_pr-0.6816
2025-06-09 14:01:51 - INFO - epoch-504, train_loss-0.8070, train_rmse-0.8983, valid_rmse-1.4503, valid_pr-0.6728
2025-06-09 14:01:59 - INFO - epoch-505, train_loss-0.8139, train_rmse-0.9022, valid_rmse-1.4330, valid_pr-0.6784
2025-06-09 14:02:06 - INFO - epoch-506, train_loss-0.8095, train_rmse-0.8997, valid_rmse-1.4294, valid_pr-0.6799
2025-06-09 14:02:14 - INFO - epoch-507, train_loss-0.8168, train_rmse-0.9038, valid_rmse-1.4565, valid_pr-0.6758
2025-06-09 14:02:22 - INFO - epoch-508, train_loss-0.8201, train_rmse-0.9056, valid_rmse-1.4305, valid_pr-0.6868
2025-06-09 14:02:30 - INFO - epoch-509, train_loss-0.8140, train_rmse-0.9022, valid_rmse-1.4000, valid_pr-0.6916
2025-06-09 14:02:38 - INFO - epoch-510, train_loss-0.8113, train_rmse-0.9007, valid_rmse-1.4773, valid_pr-0.6643
2025-06-09 14:02:46 - INFO - epoch-511, train_loss-0.8236, train_rmse-0.9075, valid_rmse-1.3794, valid_pr-0.6952
2025-06-09 14:02:54 - INFO - epoch-512, train_loss-0.8218, train_rmse-0.9065, valid_rmse-1.4026, valid_pr-0.6849
2025-06-09 14:03:02 - INFO - epoch-513, train_loss-0.8160, train_rmse-0.9033, valid_rmse-1.4224, valid_pr-0.6801
2025-06-09 14:03:10 - INFO - epoch-514, train_loss-0.7861, train_rmse-0.8866, valid_rmse-1.4111, valid_pr-0.6776
2025-06-09 14:03:18 - INFO - epoch-515, train_loss-0.8178, train_rmse-0.9043, valid_rmse-1.4011, valid_pr-0.6819
2025-06-09 14:03:26 - INFO - epoch-516, train_loss-0.8183, train_rmse-0.9046, valid_rmse-1.4013, valid_pr-0.6803
2025-06-09 14:03:34 - INFO - epoch-517, train_loss-0.8021, train_rmse-0.8956, valid_rmse-1.4080, valid_pr-0.6878
2025-06-09 14:03:42 - INFO - epoch-518, train_loss-0.8084, train_rmse-0.8991, valid_rmse-1.3971, valid_pr-0.6830
2025-06-09 14:03:50 - INFO - epoch-519, train_loss-0.7996, train_rmse-0.8942, valid_rmse-1.3980, valid_pr-0.6868
2025-06-09 14:03:57 - INFO - epoch-520, train_loss-0.8005, train_rmse-0.8947, valid_rmse-1.4010, valid_pr-0.6860
2025-06-09 14:04:04 - INFO - epoch-521, train_loss-0.8132, train_rmse-0.9018, valid_rmse-1.4547, valid_pr-0.6694
2025-06-09 14:04:12 - INFO - epoch-522, train_loss-0.8041, train_rmse-0.8967, valid_rmse-1.3859, valid_pr-0.6834
2025-06-09 14:04:20 - INFO - epoch-523, train_loss-0.7806, train_rmse-0.8835, valid_rmse-1.3840, valid_pr-0.6843
2025-06-09 14:04:27 - INFO - epoch-524, train_loss-0.8015, train_rmse-0.8952, valid_rmse-1.4349, valid_pr-0.6849
2025-06-09 14:04:35 - INFO - epoch-525, train_loss-0.8030, train_rmse-0.8961, valid_rmse-1.4491, valid_pr-0.6600
2025-06-09 14:04:42 - INFO - epoch-526, train_loss-0.7853, train_rmse-0.8861, valid_rmse-1.4111, valid_pr-0.6797
2025-06-09 14:04:50 - INFO - epoch-527, train_loss-0.8074, train_rmse-0.8985, valid_rmse-1.3975, valid_pr-0.6878
2025-06-09 14:04:58 - INFO - epoch-528, train_loss-0.8095, train_rmse-0.8997, valid_rmse-1.3844, valid_pr-0.6853
2025-06-09 14:05:06 - INFO - epoch-529, train_loss-0.7843, train_rmse-0.8856, valid_rmse-1.4088, valid_pr-0.6817
2025-06-09 14:05:14 - INFO - epoch-530, train_loss-0.7967, train_rmse-0.8926, valid_rmse-1.3832, valid_pr-0.6852
2025-06-09 14:05:14 - INFO - early stop in epoch 530
2025-06-09 14:05:14 - INFO - best_rmse: 1.3650
2025-06-09 14:05:19 - INFO - valid_rmse-1.3650, valid_pr-0.6918, test2013_rmse-1.6877, test2013_pr-0.7284, test2016_rmse-1.5551, test2016_pr-0.7425, test2019_rmse-1.5160, test2019_pr-0.5580,
