2025-07-15 18:01:28 - INFO - train_GIGN.py
2025-07-15 18:01:28 - INFO - train data: 11904
2025-07-15 18:01:28 - INFO - valid data: 1000
2025-07-15 18:01:28 - INFO - test2013 data: 107
2025-07-15 18:01:28 - INFO - test2016 data: 285
2025-07-15 18:01:28 - INFO - test2019 data: 4366
2025-07-15 18:01:33 - INFO - epoch-0, train_loss-39.2064, train_rmse-6.2615, valid_rmse-4.9757, valid_pr-0.5058
2025-07-15 18:01:38 - INFO - epoch-1, train_loss-23.8617, train_rmse-4.8848, valid_rmse-3.1149, valid_pr-0.5800
2025-07-15 18:01:43 - INFO - epoch-2, train_loss-7.0075, train_rmse-2.6472, valid_rmse-1.6323, valid_pr-0.5382
2025-07-15 18:01:48 - INFO - epoch-3, train_loss-3.2235, train_rmse-1.7954, valid_rmse-1.5701, valid_pr-0.5721
2025-07-15 18:01:53 - INFO - epoch-4, train_loss-2.8982, train_rmse-1.7024, valid_rmse-1.4941, valid_pr-0.6014
2025-07-15 18:01:58 - INFO - epoch-5, train_loss-2.8581, train_rmse-1.6906, valid_rmse-1.5159, valid_pr-0.5998
2025-07-15 18:02:03 - INFO - epoch-6, train_loss-2.6464, train_rmse-1.6268, valid_rmse-1.4278, valid_pr-0.6357
2025-07-15 18:02:09 - INFO - epoch-7, train_loss-2.5618, train_rmse-1.6006, valid_rmse-1.4730, valid_pr-0.6350
2025-07-15 18:02:14 - INFO - epoch-8, train_loss-2.5400, train_rmse-1.5937, valid_rmse-1.4396, valid_pr-0.6322
2025-07-15 18:02:19 - INFO - epoch-9, train_loss-2.4060, train_rmse-1.5511, valid_rmse-1.3655, valid_pr-0.6849
2025-07-15 18:02:24 - INFO - epoch-10, train_loss-2.4256, train_rmse-1.5574, valid_rmse-1.3820, valid_pr-0.6676
2025-07-15 18:02:29 - INFO - epoch-11, train_loss-2.3409, train_rmse-1.5300, valid_rmse-1.3649, valid_pr-0.6841
2025-07-15 18:02:34 - INFO - epoch-12, train_loss-2.2769, train_rmse-1.5089, valid_rmse-1.3835, valid_pr-0.6700
2025-07-15 18:02:39 - INFO - epoch-13, train_loss-2.2679, train_rmse-1.5060, valid_rmse-1.4056, valid_pr-0.6496
2025-07-15 18:02:45 - INFO - epoch-14, train_loss-2.1903, train_rmse-1.4800, valid_rmse-1.3615, valid_pr-0.6900
2025-07-15 18:02:50 - INFO - epoch-15, train_loss-2.1144, train_rmse-1.4541, valid_rmse-1.3466, valid_pr-0.6859
2025-07-15 18:02:55 - INFO - epoch-16, train_loss-2.0638, train_rmse-1.4366, valid_rmse-1.3627, valid_pr-0.6814
2025-07-15 18:03:00 - INFO - epoch-17, train_loss-2.0120, train_rmse-1.4185, valid_rmse-1.3103, valid_pr-0.7083
2025-07-15 18:03:05 - INFO - epoch-18, train_loss-1.9775, train_rmse-1.4062, valid_rmse-1.3567, valid_pr-0.6902
2025-07-15 18:03:10 - INFO - epoch-19, train_loss-1.9516, train_rmse-1.3970, valid_rmse-1.2760, valid_pr-0.7251
2025-07-15 18:03:15 - INFO - epoch-20, train_loss-1.8958, train_rmse-1.3769, valid_rmse-1.3336, valid_pr-0.6915
2025-07-15 18:03:19 - INFO - epoch-21, train_loss-1.8583, train_rmse-1.3632, valid_rmse-1.2685, valid_pr-0.7289
2025-07-15 18:03:24 - INFO - epoch-22, train_loss-1.7892, train_rmse-1.3376, valid_rmse-1.2957, valid_pr-0.7165
2025-07-15 18:03:29 - INFO - epoch-23, train_loss-1.8086, train_rmse-1.3449, valid_rmse-1.3058, valid_pr-0.7086
2025-07-15 18:03:34 - INFO - epoch-24, train_loss-1.7534, train_rmse-1.3242, valid_rmse-1.2626, valid_pr-0.7326
2025-07-15 18:03:39 - INFO - epoch-25, train_loss-1.7203, train_rmse-1.3116, valid_rmse-1.2944, valid_pr-0.7178
2025-07-15 18:03:43 - INFO - epoch-26, train_loss-1.6623, train_rmse-1.2893, valid_rmse-1.3271, valid_pr-0.7072
2025-07-15 18:03:48 - INFO - epoch-27, train_loss-1.6383, train_rmse-1.2800, valid_rmse-1.2888, valid_pr-0.7234
2025-07-15 18:03:53 - INFO - epoch-28, train_loss-1.6052, train_rmse-1.2670, valid_rmse-1.3061, valid_pr-0.7140
2025-07-15 18:03:58 - INFO - epoch-29, train_loss-1.5643, train_rmse-1.2507, valid_rmse-1.2570, valid_pr-0.7339
2025-07-15 18:04:03 - INFO - epoch-30, train_loss-1.5363, train_rmse-1.2395, valid_rmse-1.2840, valid_pr-0.7315
2025-07-15 18:04:08 - INFO - epoch-31, train_loss-1.5035, train_rmse-1.2262, valid_rmse-1.3037, valid_pr-0.7191
2025-07-15 18:04:13 - INFO - epoch-32, train_loss-1.4941, train_rmse-1.2223, valid_rmse-1.2801, valid_pr-0.7265
2025-07-15 18:04:18 - INFO - epoch-33, train_loss-1.4395, train_rmse-1.1998, valid_rmse-1.2811, valid_pr-0.7281
2025-07-15 18:04:23 - INFO - epoch-34, train_loss-1.4230, train_rmse-1.1929, valid_rmse-1.2447, valid_pr-0.7410
2025-07-15 18:04:27 - INFO - epoch-35, train_loss-1.3665, train_rmse-1.1690, valid_rmse-1.2924, valid_pr-0.7389
2025-07-15 18:04:32 - INFO - epoch-36, train_loss-1.3532, train_rmse-1.1633, valid_rmse-1.2764, valid_pr-0.7333
2025-07-15 18:04:37 - INFO - epoch-37, train_loss-1.3065, train_rmse-1.1430, valid_rmse-1.2401, valid_pr-0.7452
2025-07-15 18:04:42 - INFO - epoch-38, train_loss-1.2704, train_rmse-1.1271, valid_rmse-1.2537, valid_pr-0.7377
2025-07-15 18:04:47 - INFO - epoch-39, train_loss-1.2563, train_rmse-1.1209, valid_rmse-1.2867, valid_pr-0.7295
2025-07-15 18:04:52 - INFO - epoch-40, train_loss-1.2366, train_rmse-1.1120, valid_rmse-1.2686, valid_pr-0.7422
2025-07-15 18:04:57 - INFO - epoch-41, train_loss-1.2125, train_rmse-1.1012, valid_rmse-1.2758, valid_pr-0.7364
2025-07-15 18:05:02 - INFO - epoch-42, train_loss-1.1796, train_rmse-1.0861, valid_rmse-1.2542, valid_pr-0.7400
2025-07-15 18:05:07 - INFO - epoch-43, train_loss-1.1555, train_rmse-1.0749, valid_rmse-1.2453, valid_pr-0.7449
2025-07-15 18:05:11 - INFO - epoch-44, train_loss-1.1440, train_rmse-1.0696, valid_rmse-1.2627, valid_pr-0.7398
2025-07-15 18:05:16 - INFO - epoch-45, train_loss-1.0765, train_rmse-1.0375, valid_rmse-1.2321, valid_pr-0.7511
2025-07-15 18:05:21 - INFO - epoch-46, train_loss-1.0549, train_rmse-1.0271, valid_rmse-1.2526, valid_pr-0.7414
2025-07-15 18:05:26 - INFO - epoch-47, train_loss-1.0784, train_rmse-1.0385, valid_rmse-1.2688, valid_pr-0.7406
2025-07-15 18:05:31 - INFO - epoch-48, train_loss-1.0508, train_rmse-1.0251, valid_rmse-1.2701, valid_pr-0.7397
2025-07-15 18:05:36 - INFO - epoch-49, train_loss-1.0116, train_rmse-1.0058, valid_rmse-1.2422, valid_pr-0.7455
2025-07-15 18:05:41 - INFO - epoch-50, train_loss-1.0291, train_rmse-1.0145, valid_rmse-1.2804, valid_pr-0.7434
2025-07-15 18:05:46 - INFO - epoch-51, train_loss-0.9805, train_rmse-0.9902, valid_rmse-1.2575, valid_pr-0.7485
2025-07-15 18:05:51 - INFO - epoch-52, train_loss-0.9572, train_rmse-0.9784, valid_rmse-1.2358, valid_pr-0.7530
2025-07-15 18:05:56 - INFO - epoch-53, train_loss-0.9423, train_rmse-0.9707, valid_rmse-1.2472, valid_pr-0.7470
2025-07-15 18:06:01 - INFO - epoch-54, train_loss-0.9205, train_rmse-0.9594, valid_rmse-1.2882, valid_pr-0.7385
2025-07-15 18:06:05 - INFO - epoch-55, train_loss-0.8697, train_rmse-0.9326, valid_rmse-1.2585, valid_pr-0.7440
2025-07-15 18:06:10 - INFO - epoch-56, train_loss-0.8636, train_rmse-0.9293, valid_rmse-1.2384, valid_pr-0.7562
2025-07-15 18:06:15 - INFO - epoch-57, train_loss-0.8401, train_rmse-0.9166, valid_rmse-1.2776, valid_pr-0.7443
2025-07-15 18:06:20 - INFO - epoch-58, train_loss-0.8363, train_rmse-0.9145, valid_rmse-1.2456, valid_pr-0.7543
2025-07-15 18:06:26 - INFO - epoch-59, train_loss-0.8246, train_rmse-0.9080, valid_rmse-1.2706, valid_pr-0.7432
2025-07-15 18:06:31 - INFO - epoch-60, train_loss-0.7905, train_rmse-0.8891, valid_rmse-1.2353, valid_pr-0.7552
2025-07-15 18:06:36 - INFO - epoch-61, train_loss-0.7811, train_rmse-0.8838, valid_rmse-1.2442, valid_pr-0.7488
2025-07-15 18:06:41 - INFO - epoch-62, train_loss-0.7847, train_rmse-0.8858, valid_rmse-1.2339, valid_pr-0.7510
2025-07-15 18:06:46 - INFO - epoch-63, train_loss-0.7496, train_rmse-0.8658, valid_rmse-1.2895, valid_pr-0.7376
2025-07-15 18:06:51 - INFO - epoch-64, train_loss-0.7617, train_rmse-0.8727, valid_rmse-1.2677, valid_pr-0.7446
2025-07-15 18:06:56 - INFO - epoch-65, train_loss-0.7118, train_rmse-0.8437, valid_rmse-1.2870, valid_pr-0.7416
2025-07-15 18:07:01 - INFO - epoch-66, train_loss-0.7104, train_rmse-0.8428, valid_rmse-1.2307, valid_pr-0.7575
2025-07-15 18:07:06 - INFO - epoch-67, train_loss-0.7189, train_rmse-0.8479, valid_rmse-1.2481, valid_pr-0.7491
2025-07-15 18:07:11 - INFO - epoch-68, train_loss-0.7079, train_rmse-0.8414, valid_rmse-1.2197, valid_pr-0.7616
2025-07-15 18:07:16 - INFO - epoch-69, train_loss-0.7030, train_rmse-0.8384, valid_rmse-1.2111, valid_pr-0.7685
2025-07-15 18:07:21 - INFO - epoch-70, train_loss-0.6883, train_rmse-0.8296, valid_rmse-1.2416, valid_pr-0.7465
2025-07-15 18:07:26 - INFO - epoch-71, train_loss-0.6731, train_rmse-0.8204, valid_rmse-1.2234, valid_pr-0.7607
2025-07-15 18:07:31 - INFO - epoch-72, train_loss-0.6659, train_rmse-0.8160, valid_rmse-1.2369, valid_pr-0.7488
2025-07-15 18:07:36 - INFO - epoch-73, train_loss-0.6361, train_rmse-0.7976, valid_rmse-1.2160, valid_pr-0.7626
2025-07-15 18:07:41 - INFO - epoch-74, train_loss-0.6262, train_rmse-0.7913, valid_rmse-1.1885, valid_pr-0.7712
2025-07-15 18:07:46 - INFO - epoch-75, train_loss-0.6075, train_rmse-0.7794, valid_rmse-1.2055, valid_pr-0.7655
2025-07-15 18:07:51 - INFO - epoch-76, train_loss-0.6082, train_rmse-0.7798, valid_rmse-1.1954, valid_pr-0.7698
2025-07-15 18:07:56 - INFO - epoch-77, train_loss-0.5905, train_rmse-0.7685, valid_rmse-1.2406, valid_pr-0.7590
2025-07-15 18:08:01 - INFO - epoch-78, train_loss-0.5980, train_rmse-0.7733, valid_rmse-1.2191, valid_pr-0.7598
2025-07-15 18:08:06 - INFO - epoch-79, train_loss-0.5724, train_rmse-0.7566, valid_rmse-1.2385, valid_pr-0.7616
2025-07-15 18:08:11 - INFO - epoch-80, train_loss-0.5682, train_rmse-0.7538, valid_rmse-1.2199, valid_pr-0.7669
2025-07-15 18:08:16 - INFO - epoch-81, train_loss-0.5587, train_rmse-0.7474, valid_rmse-1.2018, valid_pr-0.7674
2025-07-15 18:08:21 - INFO - epoch-82, train_loss-0.5659, train_rmse-0.7523, valid_rmse-1.2427, valid_pr-0.7500
2025-07-15 18:08:27 - INFO - epoch-83, train_loss-0.5518, train_rmse-0.7429, valid_rmse-1.2367, valid_pr-0.7539
2025-07-15 18:08:32 - INFO - epoch-84, train_loss-0.5378, train_rmse-0.7334, valid_rmse-1.2139, valid_pr-0.7667
2025-07-15 18:08:37 - INFO - epoch-85, train_loss-0.5440, train_rmse-0.7376, valid_rmse-1.2405, valid_pr-0.7559
2025-07-15 18:08:42 - INFO - epoch-86, train_loss-0.5247, train_rmse-0.7243, valid_rmse-1.2299, valid_pr-0.7559
2025-07-15 18:08:47 - INFO - epoch-87, train_loss-0.5231, train_rmse-0.7232, valid_rmse-1.2437, valid_pr-0.7610
2025-07-15 18:08:52 - INFO - epoch-88, train_loss-0.5285, train_rmse-0.7270, valid_rmse-1.2191, valid_pr-0.7616
2025-07-15 18:08:57 - INFO - epoch-89, train_loss-0.5258, train_rmse-0.7251, valid_rmse-1.2398, valid_pr-0.7539
2025-07-15 18:09:02 - INFO - epoch-90, train_loss-0.5072, train_rmse-0.7121, valid_rmse-1.2316, valid_pr-0.7664
2025-07-15 18:09:07 - INFO - epoch-91, train_loss-0.4833, train_rmse-0.6952, valid_rmse-1.2374, valid_pr-0.7565
2025-07-15 18:09:13 - INFO - epoch-92, train_loss-0.4999, train_rmse-0.7070, valid_rmse-1.2204, valid_pr-0.7648
2025-07-15 18:09:18 - INFO - epoch-93, train_loss-0.4726, train_rmse-0.6874, valid_rmse-1.2438, valid_pr-0.7512
2025-07-15 18:09:23 - INFO - epoch-94, train_loss-0.4898, train_rmse-0.6999, valid_rmse-1.2078, valid_pr-0.7655
2025-07-15 18:09:28 - INFO - epoch-95, train_loss-0.4626, train_rmse-0.6802, valid_rmse-1.2682, valid_pr-0.7518
2025-07-15 18:09:33 - INFO - epoch-96, train_loss-0.4533, train_rmse-0.6733, valid_rmse-1.1966, valid_pr-0.7656
2025-07-15 18:09:38 - INFO - epoch-97, train_loss-0.4572, train_rmse-0.6761, valid_rmse-1.1902, valid_pr-0.7698
2025-07-15 18:09:44 - INFO - epoch-98, train_loss-0.4626, train_rmse-0.6801, valid_rmse-1.2255, valid_pr-0.7574
2025-07-15 18:09:49 - INFO - epoch-99, train_loss-0.4489, train_rmse-0.6700, valid_rmse-1.2295, valid_pr-0.7567
2025-07-15 18:09:54 - INFO - epoch-100, train_loss-0.4572, train_rmse-0.6761, valid_rmse-1.2164, valid_pr-0.7620
2025-07-15 18:09:59 - INFO - epoch-101, train_loss-0.4313, train_rmse-0.6568, valid_rmse-1.2080, valid_pr-0.7648
2025-07-15 18:10:04 - INFO - epoch-102, train_loss-0.4447, train_rmse-0.6669, valid_rmse-1.2521, valid_pr-0.7438
2025-07-15 18:10:09 - INFO - epoch-103, train_loss-0.4397, train_rmse-0.6631, valid_rmse-1.2398, valid_pr-0.7553
2025-07-15 18:10:15 - INFO - epoch-104, train_loss-0.4151, train_rmse-0.6442, valid_rmse-1.2046, valid_pr-0.7697
2025-07-15 18:10:20 - INFO - epoch-105, train_loss-0.4278, train_rmse-0.6541, valid_rmse-1.2106, valid_pr-0.7663
2025-07-15 18:10:25 - INFO - epoch-106, train_loss-0.4243, train_rmse-0.6514, valid_rmse-1.2504, valid_pr-0.7521
2025-07-15 18:10:30 - INFO - epoch-107, train_loss-0.4219, train_rmse-0.6495, valid_rmse-1.2223, valid_pr-0.7623
2025-07-15 18:10:35 - INFO - epoch-108, train_loss-0.4156, train_rmse-0.6447, valid_rmse-1.2062, valid_pr-0.7647
2025-07-15 18:10:40 - INFO - epoch-109, train_loss-0.4126, train_rmse-0.6423, valid_rmse-1.1991, valid_pr-0.7707
2025-07-15 18:10:46 - INFO - epoch-110, train_loss-0.4139, train_rmse-0.6433, valid_rmse-1.2132, valid_pr-0.7637
2025-07-15 18:10:51 - INFO - epoch-111, train_loss-0.4026, train_rmse-0.6345, valid_rmse-1.2636, valid_pr-0.7474
2025-07-15 18:10:56 - INFO - epoch-112, train_loss-0.3944, train_rmse-0.6280, valid_rmse-1.2461, valid_pr-0.7567
2025-07-15 18:11:01 - INFO - epoch-113, train_loss-0.3950, train_rmse-0.6285, valid_rmse-1.2250, valid_pr-0.7649
2025-07-15 18:11:06 - INFO - epoch-114, train_loss-0.3735, train_rmse-0.6111, valid_rmse-1.2113, valid_pr-0.7631
2025-07-15 18:11:11 - INFO - epoch-115, train_loss-0.3698, train_rmse-0.6081, valid_rmse-1.2402, valid_pr-0.7601
2025-07-15 18:11:16 - INFO - epoch-116, train_loss-0.3765, train_rmse-0.6136, valid_rmse-1.2225, valid_pr-0.7576
2025-07-15 18:11:21 - INFO - epoch-117, train_loss-0.3859, train_rmse-0.6212, valid_rmse-1.2630, valid_pr-0.7540
2025-07-15 18:11:26 - INFO - epoch-118, train_loss-0.3703, train_rmse-0.6085, valid_rmse-1.2084, valid_pr-0.7685
2025-07-15 18:11:31 - INFO - epoch-119, train_loss-0.3596, train_rmse-0.5996, valid_rmse-1.2273, valid_pr-0.7602
2025-07-15 18:11:36 - INFO - epoch-120, train_loss-0.3694, train_rmse-0.6078, valid_rmse-1.2322, valid_pr-0.7502
2025-07-15 18:11:42 - INFO - epoch-121, train_loss-0.3664, train_rmse-0.6053, valid_rmse-1.2329, valid_pr-0.7546
2025-07-15 18:11:47 - INFO - epoch-122, train_loss-0.3550, train_rmse-0.5958, valid_rmse-1.2319, valid_pr-0.7614
2025-07-15 18:11:52 - INFO - epoch-123, train_loss-0.3544, train_rmse-0.5953, valid_rmse-1.2144, valid_pr-0.7633
2025-07-15 18:11:57 - INFO - epoch-124, train_loss-0.3474, train_rmse-0.5894, valid_rmse-1.2077, valid_pr-0.7679
2025-07-15 18:12:02 - INFO - epoch-125, train_loss-0.3432, train_rmse-0.5859, valid_rmse-1.2165, valid_pr-0.7663
2025-07-15 18:12:07 - INFO - epoch-126, train_loss-0.3513, train_rmse-0.5927, valid_rmse-1.2124, valid_pr-0.7679
2025-07-15 18:12:12 - INFO - epoch-127, train_loss-0.3496, train_rmse-0.5913, valid_rmse-1.1961, valid_pr-0.7728
2025-07-15 18:12:18 - INFO - epoch-128, train_loss-0.3402, train_rmse-0.5833, valid_rmse-1.2242, valid_pr-0.7556
2025-07-15 18:12:23 - INFO - epoch-129, train_loss-0.3531, train_rmse-0.5942, valid_rmse-1.2157, valid_pr-0.7642
2025-07-15 18:12:28 - INFO - epoch-130, train_loss-0.3453, train_rmse-0.5876, valid_rmse-1.2430, valid_pr-0.7558
2025-07-15 18:12:33 - INFO - epoch-131, train_loss-0.3316, train_rmse-0.5759, valid_rmse-1.2262, valid_pr-0.7624
2025-07-15 18:12:38 - INFO - epoch-132, train_loss-0.3209, train_rmse-0.5665, valid_rmse-1.2205, valid_pr-0.7606
2025-07-15 18:12:43 - INFO - epoch-133, train_loss-0.3397, train_rmse-0.5828, valid_rmse-1.2059, valid_pr-0.7629
2025-07-15 18:12:48 - INFO - epoch-134, train_loss-0.3246, train_rmse-0.5698, valid_rmse-1.2108, valid_pr-0.7656
2025-07-15 18:12:53 - INFO - epoch-135, train_loss-0.3302, train_rmse-0.5746, valid_rmse-1.2042, valid_pr-0.7688
2025-07-15 18:12:58 - INFO - epoch-136, train_loss-0.3205, train_rmse-0.5662, valid_rmse-1.2099, valid_pr-0.7649
2025-07-15 18:13:04 - INFO - epoch-137, train_loss-0.3053, train_rmse-0.5526, valid_rmse-1.2068, valid_pr-0.7647
2025-07-15 18:13:09 - INFO - epoch-138, train_loss-0.3180, train_rmse-0.5639, valid_rmse-1.2116, valid_pr-0.7646
2025-07-15 18:13:14 - INFO - epoch-139, train_loss-0.3238, train_rmse-0.5690, valid_rmse-1.2086, valid_pr-0.7655
2025-07-15 18:13:19 - INFO - epoch-140, train_loss-0.3099, train_rmse-0.5567, valid_rmse-1.1907, valid_pr-0.7721
2025-07-15 18:13:24 - INFO - epoch-141, train_loss-0.3038, train_rmse-0.5511, valid_rmse-1.1965, valid_pr-0.7730
2025-07-15 18:13:29 - INFO - epoch-142, train_loss-0.3011, train_rmse-0.5487, valid_rmse-1.2355, valid_pr-0.7681
2025-07-15 18:13:34 - INFO - epoch-143, train_loss-0.3091, train_rmse-0.5559, valid_rmse-1.2324, valid_pr-0.7563
2025-07-15 18:13:39 - INFO - epoch-144, train_loss-0.2945, train_rmse-0.5426, valid_rmse-1.2180, valid_pr-0.7654
2025-07-15 18:13:44 - INFO - epoch-145, train_loss-0.3015, train_rmse-0.5491, valid_rmse-1.2051, valid_pr-0.7657
2025-07-15 18:13:49 - INFO - epoch-146, train_loss-0.3115, train_rmse-0.5581, valid_rmse-1.1872, valid_pr-0.7718
2025-07-15 18:13:54 - INFO - epoch-147, train_loss-0.3050, train_rmse-0.5522, valid_rmse-1.2003, valid_pr-0.7753
2025-07-15 18:14:00 - INFO - epoch-148, train_loss-0.2979, train_rmse-0.5458, valid_rmse-1.1863, valid_pr-0.7783
2025-07-15 18:14:05 - INFO - epoch-149, train_loss-0.2936, train_rmse-0.5418, valid_rmse-1.1889, valid_pr-0.7721
2025-07-15 18:14:10 - INFO - epoch-150, train_loss-0.3009, train_rmse-0.5485, valid_rmse-1.2022, valid_pr-0.7682
2025-07-15 18:14:15 - INFO - epoch-151, train_loss-0.2851, train_rmse-0.5339, valid_rmse-1.1828, valid_pr-0.7738
2025-07-15 18:14:20 - INFO - epoch-152, train_loss-0.2775, train_rmse-0.5268, valid_rmse-1.2007, valid_pr-0.7688
2025-07-15 18:14:25 - INFO - epoch-153, train_loss-0.2698, train_rmse-0.5194, valid_rmse-1.1747, valid_pr-0.7763
2025-07-15 18:14:30 - INFO - epoch-154, train_loss-0.2665, train_rmse-0.5162, valid_rmse-1.1959, valid_pr-0.7686
2025-07-15 18:14:35 - INFO - epoch-155, train_loss-0.2912, train_rmse-0.5396, valid_rmse-1.2124, valid_pr-0.7666
2025-07-15 18:14:41 - INFO - epoch-156, train_loss-0.2824, train_rmse-0.5314, valid_rmse-1.2295, valid_pr-0.7663
2025-07-15 18:14:46 - INFO - epoch-157, train_loss-0.2829, train_rmse-0.5319, valid_rmse-1.2061, valid_pr-0.7706
2025-07-15 18:14:51 - INFO - epoch-158, train_loss-0.2885, train_rmse-0.5371, valid_rmse-1.1845, valid_pr-0.7729
2025-07-15 18:14:56 - INFO - epoch-159, train_loss-0.2819, train_rmse-0.5309, valid_rmse-1.1946, valid_pr-0.7709
2025-07-15 18:15:01 - INFO - epoch-160, train_loss-0.2658, train_rmse-0.5156, valid_rmse-1.1770, valid_pr-0.7760
2025-07-15 18:15:06 - INFO - epoch-161, train_loss-0.2649, train_rmse-0.5146, valid_rmse-1.2060, valid_pr-0.7706
2025-07-15 18:15:11 - INFO - epoch-162, train_loss-0.2735, train_rmse-0.5230, valid_rmse-1.1906, valid_pr-0.7713
2025-07-15 18:15:16 - INFO - epoch-163, train_loss-0.2653, train_rmse-0.5150, valid_rmse-1.1826, valid_pr-0.7746
2025-07-15 18:15:21 - INFO - epoch-164, train_loss-0.2614, train_rmse-0.5113, valid_rmse-1.1880, valid_pr-0.7711
2025-07-15 18:15:27 - INFO - epoch-165, train_loss-0.2723, train_rmse-0.5219, valid_rmse-1.1899, valid_pr-0.7713
2025-07-15 18:15:32 - INFO - epoch-166, train_loss-0.2568, train_rmse-0.5068, valid_rmse-1.2027, valid_pr-0.7738
2025-07-15 18:15:37 - INFO - epoch-167, train_loss-0.2575, train_rmse-0.5074, valid_rmse-1.1914, valid_pr-0.7745
2025-07-15 18:15:42 - INFO - epoch-168, train_loss-0.2653, train_rmse-0.5151, valid_rmse-1.1905, valid_pr-0.7706
2025-07-15 18:15:47 - INFO - epoch-169, train_loss-0.2520, train_rmse-0.5020, valid_rmse-1.1912, valid_pr-0.7698
2025-07-15 18:15:52 - INFO - epoch-170, train_loss-0.2450, train_rmse-0.4950, valid_rmse-1.1614, valid_pr-0.7806
2025-07-15 18:15:57 - INFO - epoch-171, train_loss-0.2619, train_rmse-0.5117, valid_rmse-1.1939, valid_pr-0.7704
2025-07-15 18:16:03 - INFO - epoch-172, train_loss-0.2639, train_rmse-0.5137, valid_rmse-1.1918, valid_pr-0.7776
2025-07-15 18:16:08 - INFO - epoch-173, train_loss-0.2653, train_rmse-0.5151, valid_rmse-1.1862, valid_pr-0.7706
2025-07-15 18:16:13 - INFO - epoch-174, train_loss-0.2596, train_rmse-0.5095, valid_rmse-1.2118, valid_pr-0.7645
2025-07-15 18:16:18 - INFO - epoch-175, train_loss-0.2442, train_rmse-0.4942, valid_rmse-1.1940, valid_pr-0.7695
2025-07-15 18:16:24 - INFO - epoch-176, train_loss-0.2361, train_rmse-0.4859, valid_rmse-1.1901, valid_pr-0.7727
2025-07-15 18:16:29 - INFO - epoch-177, train_loss-0.2485, train_rmse-0.4985, valid_rmse-1.1834, valid_pr-0.7720
2025-07-15 18:16:33 - INFO - epoch-178, train_loss-0.2463, train_rmse-0.4963, valid_rmse-1.2032, valid_pr-0.7694
2025-07-15 18:16:38 - INFO - epoch-179, train_loss-0.2356, train_rmse-0.4853, valid_rmse-1.1729, valid_pr-0.7762
2025-07-15 18:16:43 - INFO - epoch-180, train_loss-0.2363, train_rmse-0.4861, valid_rmse-1.1882, valid_pr-0.7693
2025-07-15 18:16:48 - INFO - epoch-181, train_loss-0.2437, train_rmse-0.4937, valid_rmse-1.1802, valid_pr-0.7727
2025-07-15 18:16:53 - INFO - epoch-182, train_loss-0.2430, train_rmse-0.4929, valid_rmse-1.1942, valid_pr-0.7681
2025-07-15 18:16:59 - INFO - epoch-183, train_loss-0.2459, train_rmse-0.4959, valid_rmse-1.1992, valid_pr-0.7683
2025-07-15 18:17:03 - INFO - epoch-184, train_loss-0.2348, train_rmse-0.4846, valid_rmse-1.2054, valid_pr-0.7661
2025-07-15 18:17:08 - INFO - epoch-185, train_loss-0.2381, train_rmse-0.4879, valid_rmse-1.1837, valid_pr-0.7695
2025-07-15 18:17:14 - INFO - epoch-186, train_loss-0.2526, train_rmse-0.5026, valid_rmse-1.1947, valid_pr-0.7667
2025-07-15 18:17:19 - INFO - epoch-187, train_loss-0.2408, train_rmse-0.4907, valid_rmse-1.1930, valid_pr-0.7713
2025-07-15 18:17:24 - INFO - epoch-188, train_loss-0.2397, train_rmse-0.4896, valid_rmse-1.1751, valid_pr-0.7786
2025-07-15 18:17:29 - INFO - epoch-189, train_loss-0.2411, train_rmse-0.4910, valid_rmse-1.1804, valid_pr-0.7727
2025-07-15 18:17:34 - INFO - epoch-190, train_loss-0.2338, train_rmse-0.4835, valid_rmse-1.2123, valid_pr-0.7611
2025-07-15 18:17:39 - INFO - epoch-191, train_loss-0.2376, train_rmse-0.4874, valid_rmse-1.1881, valid_pr-0.7713
2025-07-15 18:17:44 - INFO - epoch-192, train_loss-0.2314, train_rmse-0.4810, valid_rmse-1.1850, valid_pr-0.7719
2025-07-15 18:17:49 - INFO - epoch-193, train_loss-0.2175, train_rmse-0.4664, valid_rmse-1.2090, valid_pr-0.7653
2025-07-15 18:17:54 - INFO - epoch-194, train_loss-0.2344, train_rmse-0.4841, valid_rmse-1.1544, valid_pr-0.7829
2025-07-15 18:17:59 - INFO - epoch-195, train_loss-0.2205, train_rmse-0.4695, valid_rmse-1.2200, valid_pr-0.7662
2025-07-15 18:18:04 - INFO - epoch-196, train_loss-0.2248, train_rmse-0.4741, valid_rmse-1.2031, valid_pr-0.7670
2025-07-15 18:18:09 - INFO - epoch-197, train_loss-0.2280, train_rmse-0.4775, valid_rmse-1.1869, valid_pr-0.7737
2025-07-15 18:18:15 - INFO - epoch-198, train_loss-0.2215, train_rmse-0.4706, valid_rmse-1.1958, valid_pr-0.7717
2025-07-15 18:18:20 - INFO - epoch-199, train_loss-0.2232, train_rmse-0.4725, valid_rmse-1.2204, valid_pr-0.7665
2025-07-15 18:18:25 - INFO - epoch-200, train_loss-0.2158, train_rmse-0.4645, valid_rmse-1.1943, valid_pr-0.7719
2025-07-15 18:18:30 - INFO - epoch-201, train_loss-0.2142, train_rmse-0.4628, valid_rmse-1.1703, valid_pr-0.7755
2025-07-15 18:18:35 - INFO - epoch-202, train_loss-0.2169, train_rmse-0.4657, valid_rmse-1.2076, valid_pr-0.7637
2025-07-15 18:18:40 - INFO - epoch-203, train_loss-0.2097, train_rmse-0.4580, valid_rmse-1.1976, valid_pr-0.7705
2025-07-15 18:18:45 - INFO - epoch-204, train_loss-0.2139, train_rmse-0.4625, valid_rmse-1.1876, valid_pr-0.7668
2025-07-15 18:18:50 - INFO - epoch-205, train_loss-0.2316, train_rmse-0.4813, valid_rmse-1.1831, valid_pr-0.7762
2025-07-15 18:18:55 - INFO - epoch-206, train_loss-0.2085, train_rmse-0.4566, valid_rmse-1.2092, valid_pr-0.7639
2025-07-15 18:19:00 - INFO - epoch-207, train_loss-0.2086, train_rmse-0.4567, valid_rmse-1.1985, valid_pr-0.7742
2025-07-15 18:19:05 - INFO - epoch-208, train_loss-0.2102, train_rmse-0.4584, valid_rmse-1.2130, valid_pr-0.7711
2025-07-15 18:19:10 - INFO - epoch-209, train_loss-0.2169, train_rmse-0.4657, valid_rmse-1.1943, valid_pr-0.7733
2025-07-15 18:19:15 - INFO - epoch-210, train_loss-0.2298, train_rmse-0.4794, valid_rmse-1.2033, valid_pr-0.7741
2025-07-15 18:19:20 - INFO - epoch-211, train_loss-0.2120, train_rmse-0.4604, valid_rmse-1.1890, valid_pr-0.7728
2025-07-15 18:19:25 - INFO - epoch-212, train_loss-0.2057, train_rmse-0.4535, valid_rmse-1.1910, valid_pr-0.7720
2025-07-15 18:19:30 - INFO - epoch-213, train_loss-0.2098, train_rmse-0.4580, valid_rmse-1.1824, valid_pr-0.7793
2025-07-15 18:19:34 - INFO - epoch-214, train_loss-0.2055, train_rmse-0.4534, valid_rmse-1.2012, valid_pr-0.7687
2025-07-15 18:19:39 - INFO - epoch-215, train_loss-0.1983, train_rmse-0.4453, valid_rmse-1.1795, valid_pr-0.7759
2025-07-15 18:19:44 - INFO - epoch-216, train_loss-0.2120, train_rmse-0.4605, valid_rmse-1.1835, valid_pr-0.7756
2025-07-15 18:19:49 - INFO - epoch-217, train_loss-0.2124, train_rmse-0.4608, valid_rmse-1.1758, valid_pr-0.7720
2025-07-15 18:19:54 - INFO - epoch-218, train_loss-0.2068, train_rmse-0.4547, valid_rmse-1.1802, valid_pr-0.7773
2025-07-15 18:19:59 - INFO - epoch-219, train_loss-0.1988, train_rmse-0.4459, valid_rmse-1.2037, valid_pr-0.7644
2025-07-15 18:20:04 - INFO - epoch-220, train_loss-0.2084, train_rmse-0.4565, valid_rmse-1.1843, valid_pr-0.7723
2025-07-15 18:20:09 - INFO - epoch-221, train_loss-0.2114, train_rmse-0.4597, valid_rmse-1.1867, valid_pr-0.7740
2025-07-15 18:20:14 - INFO - epoch-222, train_loss-0.2072, train_rmse-0.4552, valid_rmse-1.1918, valid_pr-0.7734
2025-07-15 18:20:19 - INFO - epoch-223, train_loss-0.1992, train_rmse-0.4464, valid_rmse-1.1678, valid_pr-0.7786
2025-07-15 18:20:24 - INFO - epoch-224, train_loss-0.2044, train_rmse-0.4521, valid_rmse-1.1867, valid_pr-0.7769
2025-07-15 18:20:29 - INFO - epoch-225, train_loss-0.1920, train_rmse-0.4382, valid_rmse-1.1651, valid_pr-0.7829
2025-07-15 18:20:34 - INFO - epoch-226, train_loss-0.2065, train_rmse-0.4544, valid_rmse-1.1717, valid_pr-0.7766
2025-07-15 18:20:39 - INFO - epoch-227, train_loss-0.2015, train_rmse-0.4489, valid_rmse-1.1816, valid_pr-0.7768
2025-07-15 18:20:44 - INFO - epoch-228, train_loss-0.1981, train_rmse-0.4451, valid_rmse-1.1986, valid_pr-0.7682
2025-07-15 18:20:49 - INFO - epoch-229, train_loss-0.1970, train_rmse-0.4438, valid_rmse-1.1787, valid_pr-0.7767
2025-07-15 18:20:54 - INFO - epoch-230, train_loss-0.2043, train_rmse-0.4520, valid_rmse-1.1799, valid_pr-0.7736
2025-07-15 18:20:59 - INFO - epoch-231, train_loss-0.1971, train_rmse-0.4439, valid_rmse-1.1876, valid_pr-0.7726
2025-07-15 18:21:04 - INFO - epoch-232, train_loss-0.1975, train_rmse-0.4444, valid_rmse-1.1993, valid_pr-0.7711
2025-07-15 18:21:09 - INFO - epoch-233, train_loss-0.2043, train_rmse-0.4520, valid_rmse-1.1838, valid_pr-0.7706
2025-07-15 18:21:14 - INFO - epoch-234, train_loss-0.1983, train_rmse-0.4453, valid_rmse-1.2228, valid_pr-0.7631
2025-07-15 18:21:19 - INFO - epoch-235, train_loss-0.1890, train_rmse-0.4347, valid_rmse-1.1811, valid_pr-0.7773
2025-07-15 18:21:24 - INFO - epoch-236, train_loss-0.1868, train_rmse-0.4322, valid_rmse-1.1775, valid_pr-0.7725
2025-07-15 18:21:29 - INFO - epoch-237, train_loss-0.1806, train_rmse-0.4250, valid_rmse-1.1945, valid_pr-0.7677
2025-07-15 18:21:35 - INFO - epoch-238, train_loss-0.1844, train_rmse-0.4294, valid_rmse-1.1916, valid_pr-0.7737
2025-07-15 18:21:40 - INFO - epoch-239, train_loss-0.1851, train_rmse-0.4302, valid_rmse-1.1862, valid_pr-0.7696
2025-07-15 18:21:45 - INFO - epoch-240, train_loss-0.1892, train_rmse-0.4350, valid_rmse-1.1889, valid_pr-0.7740
2025-07-15 18:21:50 - INFO - epoch-241, train_loss-0.2018, train_rmse-0.4492, valid_rmse-1.2053, valid_pr-0.7710
2025-07-15 18:21:55 - INFO - epoch-242, train_loss-0.1897, train_rmse-0.4355, valid_rmse-1.1916, valid_pr-0.7694
2025-07-15 18:22:00 - INFO - epoch-243, train_loss-0.1878, train_rmse-0.4334, valid_rmse-1.1919, valid_pr-0.7691
2025-07-15 18:22:05 - INFO - epoch-244, train_loss-0.1848, train_rmse-0.4299, valid_rmse-1.1792, valid_pr-0.7745
2025-07-15 18:22:10 - INFO - epoch-245, train_loss-0.1871, train_rmse-0.4325, valid_rmse-1.2051, valid_pr-0.7643
2025-07-15 18:22:15 - INFO - epoch-246, train_loss-0.1843, train_rmse-0.4292, valid_rmse-1.2007, valid_pr-0.7691
2025-07-15 18:22:20 - INFO - epoch-247, train_loss-0.1834, train_rmse-0.4282, valid_rmse-1.1832, valid_pr-0.7731
2025-07-15 18:22:25 - INFO - epoch-248, train_loss-0.1815, train_rmse-0.4260, valid_rmse-1.1724, valid_pr-0.7762
2025-07-15 18:22:30 - INFO - epoch-249, train_loss-0.1824, train_rmse-0.4271, valid_rmse-1.1977, valid_pr-0.7675
2025-07-15 18:22:35 - INFO - epoch-250, train_loss-0.1781, train_rmse-0.4220, valid_rmse-1.1681, valid_pr-0.7780
2025-07-15 18:22:40 - INFO - epoch-251, train_loss-0.1765, train_rmse-0.4201, valid_rmse-1.1753, valid_pr-0.7742
2025-07-15 18:22:45 - INFO - epoch-252, train_loss-0.1849, train_rmse-0.4300, valid_rmse-1.1736, valid_pr-0.7761
2025-07-15 18:22:50 - INFO - epoch-253, train_loss-0.1820, train_rmse-0.4266, valid_rmse-1.1923, valid_pr-0.7739
2025-07-15 18:22:55 - INFO - epoch-254, train_loss-0.1708, train_rmse-0.4132, valid_rmse-1.1863, valid_pr-0.7687
2025-07-15 18:23:00 - INFO - epoch-255, train_loss-0.1776, train_rmse-0.4214, valid_rmse-1.2007, valid_pr-0.7652
2025-07-15 18:23:05 - INFO - epoch-256, train_loss-0.1710, train_rmse-0.4135, valid_rmse-1.1799, valid_pr-0.7722
2025-07-15 18:23:11 - INFO - epoch-257, train_loss-0.1869, train_rmse-0.4323, valid_rmse-1.1870, valid_pr-0.7710
2025-07-15 18:23:16 - INFO - epoch-258, train_loss-0.1841, train_rmse-0.4291, valid_rmse-1.1830, valid_pr-0.7717
2025-07-15 18:23:21 - INFO - epoch-259, train_loss-0.1881, train_rmse-0.4338, valid_rmse-1.2018, valid_pr-0.7651
2025-07-15 18:23:26 - INFO - epoch-260, train_loss-0.1795, train_rmse-0.4237, valid_rmse-1.1875, valid_pr-0.7711
2025-07-15 18:23:31 - INFO - epoch-261, train_loss-0.1896, train_rmse-0.4355, valid_rmse-1.1990, valid_pr-0.7668
2025-07-15 18:23:36 - INFO - epoch-262, train_loss-0.1802, train_rmse-0.4245, valid_rmse-1.1960, valid_pr-0.7654
2025-07-15 18:23:41 - INFO - epoch-263, train_loss-0.1846, train_rmse-0.4296, valid_rmse-1.1886, valid_pr-0.7713
2025-07-15 18:23:46 - INFO - epoch-264, train_loss-0.1902, train_rmse-0.4361, valid_rmse-1.1956, valid_pr-0.7670
2025-07-15 18:23:51 - INFO - epoch-265, train_loss-0.1790, train_rmse-0.4231, valid_rmse-1.1999, valid_pr-0.7707
2025-07-15 18:23:56 - INFO - epoch-266, train_loss-0.1681, train_rmse-0.4100, valid_rmse-1.1836, valid_pr-0.7739
2025-07-15 18:24:01 - INFO - epoch-267, train_loss-0.1763, train_rmse-0.4199, valid_rmse-1.1822, valid_pr-0.7738
2025-07-15 18:24:06 - INFO - epoch-268, train_loss-0.1717, train_rmse-0.4144, valid_rmse-1.1798, valid_pr-0.7753
2025-07-15 18:24:12 - INFO - epoch-269, train_loss-0.1786, train_rmse-0.4226, valid_rmse-1.1720, valid_pr-0.7751
2025-07-15 18:24:17 - INFO - epoch-270, train_loss-0.1750, train_rmse-0.4183, valid_rmse-1.1859, valid_pr-0.7791
2025-07-15 18:24:22 - INFO - epoch-271, train_loss-0.1812, train_rmse-0.4257, valid_rmse-1.1787, valid_pr-0.7748
2025-07-15 18:24:27 - INFO - epoch-272, train_loss-0.1682, train_rmse-0.4102, valid_rmse-1.1809, valid_pr-0.7742
2025-07-15 18:24:32 - INFO - epoch-273, train_loss-0.1711, train_rmse-0.4137, valid_rmse-1.1908, valid_pr-0.7673
2025-07-15 18:24:37 - INFO - epoch-274, train_loss-0.1755, train_rmse-0.4190, valid_rmse-1.1689, valid_pr-0.7784
2025-07-15 18:24:42 - INFO - epoch-275, train_loss-0.1675, train_rmse-0.4092, valid_rmse-1.1721, valid_pr-0.7782
2025-07-15 18:24:47 - INFO - epoch-276, train_loss-0.1775, train_rmse-0.4213, valid_rmse-1.2051, valid_pr-0.7687
2025-07-15 18:24:53 - INFO - epoch-277, train_loss-0.1623, train_rmse-0.4029, valid_rmse-1.1871, valid_pr-0.7708
2025-07-15 18:24:58 - INFO - epoch-278, train_loss-0.1615, train_rmse-0.4019, valid_rmse-1.1779, valid_pr-0.7732
2025-07-15 18:25:02 - INFO - epoch-279, train_loss-0.1694, train_rmse-0.4116, valid_rmse-1.1809, valid_pr-0.7732
2025-07-15 18:25:07 - INFO - epoch-280, train_loss-0.1647, train_rmse-0.4059, valid_rmse-1.1846, valid_pr-0.7726
2025-07-15 18:25:12 - INFO - epoch-281, train_loss-0.1694, train_rmse-0.4115, valid_rmse-1.1770, valid_pr-0.7745
2025-07-15 18:25:17 - INFO - epoch-282, train_loss-0.1654, train_rmse-0.4067, valid_rmse-1.1850, valid_pr-0.7714
2025-07-15 18:25:22 - INFO - epoch-283, train_loss-0.1589, train_rmse-0.3987, valid_rmse-1.1916, valid_pr-0.7709
2025-07-15 18:25:27 - INFO - epoch-284, train_loss-0.1623, train_rmse-0.4028, valid_rmse-1.1705, valid_pr-0.7765
2025-07-15 18:25:32 - INFO - epoch-285, train_loss-0.1714, train_rmse-0.4140, valid_rmse-1.1760, valid_pr-0.7755
2025-07-15 18:25:37 - INFO - epoch-286, train_loss-0.1619, train_rmse-0.4024, valid_rmse-1.2045, valid_pr-0.7703
2025-07-15 18:25:42 - INFO - epoch-287, train_loss-0.1747, train_rmse-0.4180, valid_rmse-1.1826, valid_pr-0.7713
2025-07-15 18:25:47 - INFO - epoch-288, train_loss-0.1586, train_rmse-0.3983, valid_rmse-1.1775, valid_pr-0.7735
2025-07-15 18:25:52 - INFO - epoch-289, train_loss-0.1671, train_rmse-0.4088, valid_rmse-1.1813, valid_pr-0.7751
2025-07-15 18:25:57 - INFO - epoch-290, train_loss-0.1611, train_rmse-0.4014, valid_rmse-1.1808, valid_pr-0.7717
2025-07-15 18:26:02 - INFO - epoch-291, train_loss-0.1665, train_rmse-0.4081, valid_rmse-1.1771, valid_pr-0.7744
2025-07-15 18:26:06 - INFO - epoch-292, train_loss-0.1637, train_rmse-0.4046, valid_rmse-1.1581, valid_pr-0.7810
2025-07-15 18:26:11 - INFO - epoch-293, train_loss-0.1643, train_rmse-0.4053, valid_rmse-1.1794, valid_pr-0.7746
2025-07-15 18:26:16 - INFO - epoch-294, train_loss-0.1590, train_rmse-0.3987, valid_rmse-1.1772, valid_pr-0.7737
2025-07-15 18:26:21 - INFO - epoch-295, train_loss-0.1699, train_rmse-0.4122, valid_rmse-1.1826, valid_pr-0.7743
2025-07-15 18:26:21 - INFO - early stop in epoch 295
2025-07-15 18:26:21 - INFO - best_rmse: 1.1544
2025-07-15 18:26:24 - INFO - valid_rmse-1.1544, valid_pr-0.7829, test2013_rmse-1.4583, test2013_pr-0.7876, test2016_rmse-1.2517, test2016_pr-0.8183, test2019_rmse-1.4132, test2019_pr-0.6296,
