2025-06-06 09:30:52 - INFO - train_GNNDTI.py
2025-06-06 09:30:52 - INFO - train data: 11904
2025-06-06 09:30:52 - INFO - valid data: 1000
2025-06-06 09:30:52 - INFO - test2013 data: 107
2025-06-06 09:30:52 - INFO - test2016 data: 285
2025-06-06 09:30:52 - INFO - test2019 data: 4366
2025-06-06 09:31:19 - INFO - epoch-0, train_loss-34.6656, train_rmse-5.8878, valid_rmse-3.7729, valid_pr-0.0730
2025-06-06 09:31:43 - INFO - epoch-1, train_loss-8.8971, train_rmse-2.9828, valid_rmse-2.7309, valid_pr-0.1909
2025-06-06 09:32:07 - INFO - epoch-2, train_loss-5.5560, train_rmse-2.3571, valid_rmse-2.2753, valid_pr-0.2323
2025-06-06 09:32:31 - INFO - epoch-3, train_loss-4.4882, train_rmse-2.1185, valid_rmse-2.1332, valid_pr-0.2744
2025-06-06 09:32:57 - INFO - epoch-4, train_loss-4.1870, train_rmse-2.0462, valid_rmse-2.0955, valid_pr-0.2736
2025-06-06 09:33:21 - INFO - epoch-5, train_loss-3.7562, train_rmse-1.9381, valid_rmse-1.9718, valid_pr-0.3305
2025-06-06 09:33:46 - INFO - epoch-6, train_loss-3.4642, train_rmse-1.8612, valid_rmse-1.8997, valid_pr-0.3788
2025-06-06 09:34:10 - INFO - epoch-7, train_loss-3.2850, train_rmse-1.8125, valid_rmse-1.8686, valid_pr-0.3874
2025-06-06 09:34:35 - INFO - epoch-8, train_loss-3.1814, train_rmse-1.7836, valid_rmse-1.8453, valid_pr-0.3948
2025-06-06 09:35:00 - INFO - epoch-9, train_loss-3.1159, train_rmse-1.7652, valid_rmse-1.8168, valid_pr-0.4077
2025-06-06 09:35:25 - INFO - epoch-10, train_loss-3.0765, train_rmse-1.7540, valid_rmse-1.8079, valid_pr-0.4139
2025-06-06 09:35:49 - INFO - epoch-11, train_loss-3.0004, train_rmse-1.7322, valid_rmse-1.7975, valid_pr-0.4235
2025-06-06 09:36:13 - INFO - epoch-12, train_loss-2.9638, train_rmse-1.7216, valid_rmse-1.7524, valid_pr-0.4358
2025-06-06 09:36:37 - INFO - epoch-13, train_loss-2.9308, train_rmse-1.7120, valid_rmse-1.7523, valid_pr-0.4439
2025-06-06 09:37:03 - INFO - epoch-14, train_loss-2.9034, train_rmse-1.7039, valid_rmse-1.7282, valid_pr-0.4547
2025-06-06 09:37:26 - INFO - epoch-15, train_loss-2.8623, train_rmse-1.6918, valid_rmse-1.7144, valid_pr-0.4615
2025-06-06 09:37:50 - INFO - epoch-16, train_loss-2.8125, train_rmse-1.6770, valid_rmse-1.7056, valid_pr-0.4670
2025-06-06 09:38:14 - INFO - epoch-17, train_loss-2.8147, train_rmse-1.6777, valid_rmse-1.7384, valid_pr-0.4536
2025-06-06 09:38:39 - INFO - epoch-18, train_loss-2.7805, train_rmse-1.6675, valid_rmse-1.6893, valid_pr-0.4752
2025-06-06 09:39:03 - INFO - epoch-19, train_loss-2.7755, train_rmse-1.6660, valid_rmse-1.6702, valid_pr-0.4821
2025-06-06 09:39:26 - INFO - epoch-20, train_loss-2.7273, train_rmse-1.6515, valid_rmse-1.6540, valid_pr-0.4877
2025-06-06 09:39:49 - INFO - epoch-21, train_loss-2.6860, train_rmse-1.6389, valid_rmse-1.6545, valid_pr-0.4879
2025-06-06 09:40:13 - INFO - epoch-22, train_loss-2.6736, train_rmse-1.6351, valid_rmse-1.7013, valid_pr-0.4892
2025-06-06 09:40:38 - INFO - epoch-23, train_loss-2.6807, train_rmse-1.6373, valid_rmse-1.6395, valid_pr-0.4945
2025-06-06 09:41:02 - INFO - epoch-24, train_loss-2.6365, train_rmse-1.6237, valid_rmse-1.6359, valid_pr-0.4970
2025-06-06 09:41:26 - INFO - epoch-25, train_loss-2.6623, train_rmse-1.6317, valid_rmse-1.6232, valid_pr-0.5042
2025-06-06 09:41:49 - INFO - epoch-26, train_loss-2.6114, train_rmse-1.6160, valid_rmse-1.6306, valid_pr-0.5009
2025-06-06 09:42:13 - INFO - epoch-27, train_loss-2.5989, train_rmse-1.6121, valid_rmse-1.6513, valid_pr-0.5070
2025-06-06 09:42:37 - INFO - epoch-28, train_loss-2.5904, train_rmse-1.6095, valid_rmse-1.6266, valid_pr-0.5068
2025-06-06 09:43:00 - INFO - epoch-29, train_loss-2.5650, train_rmse-1.6016, valid_rmse-1.6221, valid_pr-0.5098
2025-06-06 09:43:25 - INFO - epoch-30, train_loss-2.5461, train_rmse-1.5956, valid_rmse-1.6319, valid_pr-0.5068
2025-06-06 09:43:49 - INFO - epoch-31, train_loss-2.5386, train_rmse-1.5933, valid_rmse-1.6060, valid_pr-0.5116
2025-06-06 09:44:13 - INFO - epoch-32, train_loss-2.5324, train_rmse-1.5914, valid_rmse-1.6065, valid_pr-0.5132
2025-06-06 09:44:36 - INFO - epoch-33, train_loss-2.5388, train_rmse-1.5934, valid_rmse-1.6107, valid_pr-0.5180
2025-06-06 09:45:00 - INFO - epoch-34, train_loss-2.5153, train_rmse-1.5860, valid_rmse-1.5929, valid_pr-0.5183
2025-06-06 09:45:23 - INFO - epoch-35, train_loss-2.4949, train_rmse-1.5795, valid_rmse-1.6063, valid_pr-0.5095
2025-06-06 09:45:47 - INFO - epoch-36, train_loss-2.5193, train_rmse-1.5872, valid_rmse-1.5911, valid_pr-0.5207
2025-06-06 09:46:10 - INFO - epoch-37, train_loss-2.4703, train_rmse-1.5717, valid_rmse-1.5875, valid_pr-0.5224
2025-06-06 09:46:34 - INFO - epoch-38, train_loss-2.4449, train_rmse-1.5636, valid_rmse-1.6045, valid_pr-0.5169
2025-06-06 09:46:58 - INFO - epoch-39, train_loss-2.4626, train_rmse-1.5693, valid_rmse-1.5775, valid_pr-0.5295
2025-06-06 09:47:21 - INFO - epoch-40, train_loss-2.4455, train_rmse-1.5638, valid_rmse-1.5811, valid_pr-0.5250
2025-06-06 09:47:46 - INFO - epoch-41, train_loss-2.4592, train_rmse-1.5682, valid_rmse-1.5717, valid_pr-0.5340
2025-06-06 09:48:10 - INFO - epoch-42, train_loss-2.4271, train_rmse-1.5579, valid_rmse-1.5675, valid_pr-0.5349
2025-06-06 09:48:34 - INFO - epoch-43, train_loss-2.4173, train_rmse-1.5548, valid_rmse-1.5681, valid_pr-0.5349
2025-06-06 09:48:58 - INFO - epoch-44, train_loss-2.4138, train_rmse-1.5536, valid_rmse-1.5761, valid_pr-0.5422
2025-06-06 09:49:22 - INFO - epoch-45, train_loss-2.4265, train_rmse-1.5577, valid_rmse-1.5689, valid_pr-0.5384
2025-06-06 09:49:46 - INFO - epoch-46, train_loss-2.4613, train_rmse-1.5689, valid_rmse-1.5581, valid_pr-0.5403
2025-06-06 09:50:09 - INFO - epoch-47, train_loss-2.4292, train_rmse-1.5586, valid_rmse-1.5962, valid_pr-0.5349
2025-06-06 09:50:33 - INFO - epoch-48, train_loss-2.4127, train_rmse-1.5533, valid_rmse-1.5806, valid_pr-0.5525
2025-06-06 09:50:57 - INFO - epoch-49, train_loss-2.3762, train_rmse-1.5415, valid_rmse-1.5520, valid_pr-0.5436
2025-06-06 09:51:21 - INFO - epoch-50, train_loss-2.3900, train_rmse-1.5460, valid_rmse-1.5538, valid_pr-0.5439
2025-06-06 09:51:45 - INFO - epoch-51, train_loss-2.3833, train_rmse-1.5438, valid_rmse-1.5751, valid_pr-0.5293
2025-06-06 09:52:09 - INFO - epoch-52, train_loss-2.4103, train_rmse-1.5525, valid_rmse-1.5535, valid_pr-0.5447
2025-06-06 09:52:33 - INFO - epoch-53, train_loss-2.3678, train_rmse-1.5388, valid_rmse-1.5458, valid_pr-0.5524
2025-06-06 09:52:56 - INFO - epoch-54, train_loss-2.3523, train_rmse-1.5337, valid_rmse-1.5506, valid_pr-0.5477
2025-06-06 09:53:20 - INFO - epoch-55, train_loss-2.3449, train_rmse-1.5313, valid_rmse-1.5550, valid_pr-0.5584
2025-06-06 09:53:44 - INFO - epoch-56, train_loss-2.3394, train_rmse-1.5295, valid_rmse-1.5390, valid_pr-0.5582
2025-06-06 09:54:07 - INFO - epoch-57, train_loss-2.3546, train_rmse-1.5345, valid_rmse-1.5319, valid_pr-0.5592
2025-06-06 09:54:31 - INFO - epoch-58, train_loss-2.3471, train_rmse-1.5320, valid_rmse-1.5625, valid_pr-0.5398
2025-06-06 09:54:55 - INFO - epoch-59, train_loss-2.3815, train_rmse-1.5432, valid_rmse-1.5369, valid_pr-0.5583
2025-06-06 09:55:19 - INFO - epoch-60, train_loss-2.3358, train_rmse-1.5283, valid_rmse-1.5360, valid_pr-0.5579
2025-06-06 09:55:44 - INFO - epoch-61, train_loss-2.3647, train_rmse-1.5378, valid_rmse-1.5320, valid_pr-0.5637
2025-06-06 09:56:08 - INFO - epoch-62, train_loss-2.3210, train_rmse-1.5235, valid_rmse-1.5353, valid_pr-0.5571
2025-06-06 09:56:32 - INFO - epoch-63, train_loss-2.3220, train_rmse-1.5238, valid_rmse-1.5363, valid_pr-0.5625
2025-06-06 09:56:55 - INFO - epoch-64, train_loss-2.3779, train_rmse-1.5420, valid_rmse-1.5444, valid_pr-0.5565
2025-06-06 09:57:19 - INFO - epoch-65, train_loss-2.3434, train_rmse-1.5308, valid_rmse-1.5316, valid_pr-0.5654
2025-06-06 09:57:43 - INFO - epoch-66, train_loss-2.3224, train_rmse-1.5239, valid_rmse-1.5329, valid_pr-0.5577
2025-06-06 09:58:07 - INFO - epoch-67, train_loss-2.3309, train_rmse-1.5267, valid_rmse-1.5377, valid_pr-0.5684
2025-06-06 09:58:31 - INFO - epoch-68, train_loss-2.3085, train_rmse-1.5194, valid_rmse-1.5252, valid_pr-0.5686
2025-06-06 09:58:55 - INFO - epoch-69, train_loss-2.2901, train_rmse-1.5133, valid_rmse-1.5189, valid_pr-0.5771
2025-06-06 09:59:19 - INFO - epoch-70, train_loss-2.2820, train_rmse-1.5106, valid_rmse-1.5132, valid_pr-0.5729
2025-06-06 09:59:43 - INFO - epoch-71, train_loss-2.3043, train_rmse-1.5180, valid_rmse-1.5181, valid_pr-0.5699
2025-06-06 10:00:07 - INFO - epoch-72, train_loss-2.2813, train_rmse-1.5104, valid_rmse-1.5194, valid_pr-0.5761
2025-06-06 10:00:30 - INFO - epoch-73, train_loss-2.2674, train_rmse-1.5058, valid_rmse-1.5028, valid_pr-0.5817
2025-06-06 10:00:54 - INFO - epoch-74, train_loss-2.2651, train_rmse-1.5050, valid_rmse-1.5058, valid_pr-0.5789
2025-06-06 10:01:19 - INFO - epoch-75, train_loss-2.2732, train_rmse-1.5077, valid_rmse-1.5042, valid_pr-0.5827
2025-06-06 10:01:43 - INFO - epoch-76, train_loss-2.2588, train_rmse-1.5029, valid_rmse-1.5193, valid_pr-0.5807
2025-06-06 10:02:07 - INFO - epoch-77, train_loss-2.3197, train_rmse-1.5231, valid_rmse-1.5161, valid_pr-0.5726
2025-06-06 10:02:31 - INFO - epoch-78, train_loss-2.2950, train_rmse-1.5149, valid_rmse-1.5131, valid_pr-0.5731
2025-06-06 10:02:55 - INFO - epoch-79, train_loss-2.2797, train_rmse-1.5099, valid_rmse-1.5128, valid_pr-0.5768
2025-06-06 10:03:19 - INFO - epoch-80, train_loss-2.2831, train_rmse-1.5110, valid_rmse-1.5138, valid_pr-0.5732
2025-06-06 10:03:43 - INFO - epoch-81, train_loss-2.2633, train_rmse-1.5044, valid_rmse-1.5116, valid_pr-0.5756
2025-06-06 10:04:07 - INFO - epoch-82, train_loss-2.2602, train_rmse-1.5034, valid_rmse-1.5120, valid_pr-0.5767
2025-06-06 10:04:31 - INFO - epoch-83, train_loss-2.2663, train_rmse-1.5054, valid_rmse-1.5076, valid_pr-0.5772
2025-06-06 10:04:56 - INFO - epoch-84, train_loss-2.2435, train_rmse-1.4978, valid_rmse-1.5039, valid_pr-0.5804
2025-06-06 10:05:20 - INFO - epoch-85, train_loss-2.2521, train_rmse-1.5007, valid_rmse-1.5336, valid_pr-0.5803
2025-06-06 10:05:44 - INFO - epoch-86, train_loss-2.2529, train_rmse-1.5010, valid_rmse-1.5129, valid_pr-0.5833
2025-06-06 10:06:08 - INFO - epoch-87, train_loss-2.2316, train_rmse-1.4939, valid_rmse-1.5061, valid_pr-0.5837
2025-06-06 10:06:33 - INFO - epoch-88, train_loss-2.2339, train_rmse-1.4946, valid_rmse-1.5023, valid_pr-0.5826
2025-06-06 10:06:58 - INFO - epoch-89, train_loss-2.2265, train_rmse-1.4922, valid_rmse-1.5011, valid_pr-0.5831
2025-06-06 10:07:22 - INFO - epoch-90, train_loss-2.2346, train_rmse-1.4949, valid_rmse-1.5109, valid_pr-0.5838
2025-06-06 10:07:46 - INFO - epoch-91, train_loss-2.2226, train_rmse-1.4908, valid_rmse-1.4998, valid_pr-0.5848
2025-06-06 10:08:09 - INFO - epoch-92, train_loss-2.2155, train_rmse-1.4884, valid_rmse-1.4954, valid_pr-0.5870
2025-06-06 10:08:33 - INFO - epoch-93, train_loss-2.2288, train_rmse-1.4929, valid_rmse-1.4974, valid_pr-0.5862
2025-06-06 10:08:56 - INFO - epoch-94, train_loss-2.2151, train_rmse-1.4883, valid_rmse-1.4973, valid_pr-0.5864
2025-06-06 10:09:21 - INFO - epoch-95, train_loss-2.2100, train_rmse-1.4866, valid_rmse-1.5057, valid_pr-0.5870
2025-06-06 10:09:45 - INFO - epoch-96, train_loss-2.2256, train_rmse-1.4918, valid_rmse-1.4987, valid_pr-0.5858
2025-06-06 10:10:10 - INFO - epoch-97, train_loss-2.2124, train_rmse-1.4874, valid_rmse-1.4904, valid_pr-0.5925
2025-06-06 10:10:34 - INFO - epoch-98, train_loss-2.2029, train_rmse-1.4842, valid_rmse-1.5015, valid_pr-0.5894
2025-06-06 10:10:58 - INFO - epoch-99, train_loss-2.2093, train_rmse-1.4864, valid_rmse-1.4898, valid_pr-0.5918
2025-06-06 10:11:22 - INFO - epoch-100, train_loss-2.1935, train_rmse-1.4811, valid_rmse-1.4979, valid_pr-0.5875
2025-06-06 10:11:46 - INFO - epoch-101, train_loss-2.1972, train_rmse-1.4823, valid_rmse-1.4916, valid_pr-0.5937
2025-06-06 10:12:10 - INFO - epoch-102, train_loss-2.2096, train_rmse-1.4865, valid_rmse-1.4922, valid_pr-0.5897
2025-06-06 10:12:34 - INFO - epoch-103, train_loss-2.2145, train_rmse-1.4881, valid_rmse-1.4843, valid_pr-0.5956
2025-06-06 10:13:00 - INFO - epoch-104, train_loss-2.1818, train_rmse-1.4771, valid_rmse-1.5032, valid_pr-0.5942
2025-06-06 10:13:24 - INFO - epoch-105, train_loss-2.1842, train_rmse-1.4779, valid_rmse-1.4823, valid_pr-0.5963
2025-06-06 10:13:48 - INFO - epoch-106, train_loss-2.1710, train_rmse-1.4734, valid_rmse-1.5035, valid_pr-0.5984
2025-06-06 10:14:11 - INFO - epoch-107, train_loss-2.1690, train_rmse-1.4727, valid_rmse-1.4875, valid_pr-0.5975
2025-06-06 10:14:35 - INFO - epoch-108, train_loss-2.1590, train_rmse-1.4693, valid_rmse-1.4768, valid_pr-0.6014
2025-06-06 10:14:59 - INFO - epoch-109, train_loss-2.1554, train_rmse-1.4681, valid_rmse-1.4994, valid_pr-0.5980
2025-06-06 10:15:23 - INFO - epoch-110, train_loss-2.1716, train_rmse-1.4736, valid_rmse-1.4735, valid_pr-0.6048
2025-06-06 10:15:47 - INFO - epoch-111, train_loss-2.1703, train_rmse-1.4732, valid_rmse-1.4865, valid_pr-0.6057
2025-06-06 10:16:13 - INFO - epoch-112, train_loss-2.1655, train_rmse-1.4716, valid_rmse-1.4807, valid_pr-0.6051
2025-06-06 10:16:38 - INFO - epoch-113, train_loss-2.1535, train_rmse-1.4675, valid_rmse-1.4739, valid_pr-0.6039
2025-06-06 10:17:03 - INFO - epoch-114, train_loss-2.1560, train_rmse-1.4683, valid_rmse-1.4720, valid_pr-0.6038
2025-06-06 10:17:27 - INFO - epoch-115, train_loss-2.1625, train_rmse-1.4706, valid_rmse-1.4843, valid_pr-0.5985
2025-06-06 10:17:52 - INFO - epoch-116, train_loss-2.1625, train_rmse-1.4705, valid_rmse-1.4816, valid_pr-0.5966
2025-06-06 10:18:15 - INFO - epoch-117, train_loss-2.1386, train_rmse-1.4624, valid_rmse-1.4689, valid_pr-0.6078
2025-06-06 10:18:39 - INFO - epoch-118, train_loss-2.1482, train_rmse-1.4657, valid_rmse-1.4768, valid_pr-0.6030
2025-06-06 10:19:03 - INFO - epoch-119, train_loss-2.1312, train_rmse-1.4599, valid_rmse-1.4686, valid_pr-0.6102
2025-06-06 10:19:27 - INFO - epoch-120, train_loss-2.1410, train_rmse-1.4632, valid_rmse-1.4685, valid_pr-0.6061
2025-06-06 10:19:51 - INFO - epoch-121, train_loss-2.1347, train_rmse-1.4611, valid_rmse-1.5082, valid_pr-0.6046
2025-06-06 10:20:20 - INFO - epoch-122, train_loss-2.1458, train_rmse-1.4649, valid_rmse-1.4789, valid_pr-0.6087
2025-06-06 10:20:44 - INFO - epoch-123, train_loss-2.2054, train_rmse-1.4851, valid_rmse-1.4798, valid_pr-0.6069
2025-06-06 10:21:09 - INFO - epoch-124, train_loss-2.1465, train_rmse-1.4651, valid_rmse-1.4698, valid_pr-0.6088
2025-06-06 10:21:34 - INFO - epoch-125, train_loss-2.1166, train_rmse-1.4549, valid_rmse-1.4625, valid_pr-0.6125
2025-06-06 10:21:59 - INFO - epoch-126, train_loss-2.1049, train_rmse-1.4508, valid_rmse-1.5080, valid_pr-0.6048
2025-06-06 10:22:24 - INFO - epoch-127, train_loss-2.1223, train_rmse-1.4568, valid_rmse-1.4815, valid_pr-0.6077
2025-06-06 10:22:49 - INFO - epoch-128, train_loss-2.0949, train_rmse-1.4474, valid_rmse-1.4745, valid_pr-0.6072
2025-06-06 10:23:13 - INFO - epoch-129, train_loss-2.1255, train_rmse-1.4579, valid_rmse-1.4674, valid_pr-0.6109
2025-06-06 10:23:40 - INFO - epoch-130, train_loss-2.1225, train_rmse-1.4569, valid_rmse-1.4887, valid_pr-0.6059
2025-06-06 10:24:06 - INFO - epoch-131, train_loss-2.0952, train_rmse-1.4475, valid_rmse-1.4619, valid_pr-0.6113
2025-06-06 10:24:33 - INFO - epoch-132, train_loss-2.0732, train_rmse-1.4399, valid_rmse-1.4601, valid_pr-0.6175
2025-06-06 10:24:59 - INFO - epoch-133, train_loss-2.0895, train_rmse-1.4455, valid_rmse-1.4579, valid_pr-0.6145
2025-06-06 10:25:29 - INFO - epoch-134, train_loss-2.0722, train_rmse-1.4395, valid_rmse-1.4572, valid_pr-0.6142
2025-06-06 10:25:53 - INFO - epoch-135, train_loss-2.0729, train_rmse-1.4397, valid_rmse-1.4627, valid_pr-0.6128
2025-06-06 10:26:18 - INFO - epoch-136, train_loss-2.0663, train_rmse-1.4375, valid_rmse-1.4524, valid_pr-0.6175
2025-06-06 10:26:43 - INFO - epoch-137, train_loss-2.0710, train_rmse-1.4391, valid_rmse-1.4602, valid_pr-0.6123
2025-06-06 10:27:07 - INFO - epoch-138, train_loss-2.0799, train_rmse-1.4422, valid_rmse-1.4455, valid_pr-0.6229
2025-06-06 10:27:32 - INFO - epoch-139, train_loss-2.0664, train_rmse-1.4375, valid_rmse-1.4969, valid_pr-0.6180
2025-06-06 10:27:56 - INFO - epoch-140, train_loss-2.0647, train_rmse-1.4369, valid_rmse-1.4893, valid_pr-0.6037
2025-06-06 10:28:20 - INFO - epoch-141, train_loss-2.0864, train_rmse-1.4444, valid_rmse-1.4718, valid_pr-0.6163
2025-06-06 10:28:45 - INFO - epoch-142, train_loss-2.0617, train_rmse-1.4359, valid_rmse-1.4596, valid_pr-0.6143
2025-06-06 10:29:08 - INFO - epoch-143, train_loss-2.0422, train_rmse-1.4290, valid_rmse-1.4526, valid_pr-0.6207
2025-06-06 10:29:33 - INFO - epoch-144, train_loss-2.0570, train_rmse-1.4342, valid_rmse-1.4476, valid_pr-0.6223
2025-06-06 10:29:57 - INFO - epoch-145, train_loss-2.0369, train_rmse-1.4272, valid_rmse-1.4848, valid_pr-0.6078
2025-06-06 10:30:22 - INFO - epoch-146, train_loss-2.0319, train_rmse-1.4254, valid_rmse-1.4533, valid_pr-0.6212
2025-06-06 10:30:46 - INFO - epoch-147, train_loss-2.0584, train_rmse-1.4347, valid_rmse-1.4456, valid_pr-0.6227
2025-06-06 10:31:10 - INFO - epoch-148, train_loss-2.0393, train_rmse-1.4280, valid_rmse-1.4445, valid_pr-0.6229
2025-06-06 10:31:35 - INFO - epoch-149, train_loss-2.0172, train_rmse-1.4203, valid_rmse-1.4521, valid_pr-0.6189
2025-06-06 10:31:59 - INFO - epoch-150, train_loss-2.0243, train_rmse-1.4228, valid_rmse-1.4959, valid_pr-0.6245
2025-06-06 10:32:23 - INFO - epoch-151, train_loss-2.0250, train_rmse-1.4230, valid_rmse-1.4469, valid_pr-0.6285
2025-06-06 10:32:47 - INFO - epoch-152, train_loss-2.0312, train_rmse-1.4252, valid_rmse-1.5015, valid_pr-0.6165
2025-06-06 10:33:12 - INFO - epoch-153, train_loss-2.0325, train_rmse-1.4257, valid_rmse-1.4494, valid_pr-0.6245
2025-06-06 10:33:36 - INFO - epoch-154, train_loss-2.0166, train_rmse-1.4201, valid_rmse-1.4396, valid_pr-0.6264
2025-06-06 10:34:01 - INFO - epoch-155, train_loss-2.0157, train_rmse-1.4197, valid_rmse-1.4495, valid_pr-0.6243
2025-06-06 10:34:25 - INFO - epoch-156, train_loss-1.9927, train_rmse-1.4116, valid_rmse-1.4476, valid_pr-0.6306
2025-06-06 10:34:49 - INFO - epoch-157, train_loss-2.0164, train_rmse-1.4200, valid_rmse-1.4286, valid_pr-0.6334
2025-06-06 10:35:14 - INFO - epoch-158, train_loss-2.0083, train_rmse-1.4171, valid_rmse-1.4410, valid_pr-0.6258
2025-06-06 10:35:37 - INFO - epoch-159, train_loss-1.9863, train_rmse-1.4094, valid_rmse-1.4363, valid_pr-0.6288
2025-06-06 10:36:01 - INFO - epoch-160, train_loss-2.0016, train_rmse-1.4148, valid_rmse-1.4362, valid_pr-0.6302
2025-06-06 10:36:25 - INFO - epoch-161, train_loss-1.9866, train_rmse-1.4095, valid_rmse-1.4609, valid_pr-0.6289
2025-06-06 10:36:49 - INFO - epoch-162, train_loss-2.0517, train_rmse-1.4324, valid_rmse-1.4437, valid_pr-0.6247
2025-06-06 10:37:13 - INFO - epoch-163, train_loss-2.0067, train_rmse-1.4166, valid_rmse-1.4509, valid_pr-0.6273
2025-06-06 10:37:37 - INFO - epoch-164, train_loss-1.9885, train_rmse-1.4101, valid_rmse-1.4281, valid_pr-0.6347
2025-06-06 10:38:02 - INFO - epoch-165, train_loss-2.0035, train_rmse-1.4154, valid_rmse-1.4311, valid_pr-0.6321
2025-06-06 10:38:26 - INFO - epoch-166, train_loss-1.9780, train_rmse-1.4064, valid_rmse-1.4161, valid_pr-0.6424
2025-06-06 10:38:50 - INFO - epoch-167, train_loss-1.9743, train_rmse-1.4051, valid_rmse-1.4243, valid_pr-0.6376
2025-06-06 10:39:14 - INFO - epoch-168, train_loss-1.9952, train_rmse-1.4125, valid_rmse-1.4352, valid_pr-0.6359
2025-06-06 10:39:37 - INFO - epoch-169, train_loss-1.9819, train_rmse-1.4078, valid_rmse-1.4287, valid_pr-0.6340
2025-06-06 10:40:01 - INFO - epoch-170, train_loss-1.9968, train_rmse-1.4131, valid_rmse-1.4376, valid_pr-0.6413
2025-06-06 10:40:26 - INFO - epoch-171, train_loss-1.9773, train_rmse-1.4062, valid_rmse-1.4264, valid_pr-0.6416
2025-06-06 10:40:50 - INFO - epoch-172, train_loss-1.9527, train_rmse-1.3974, valid_rmse-1.4338, valid_pr-0.6335
2025-06-06 10:41:15 - INFO - epoch-173, train_loss-1.9456, train_rmse-1.3949, valid_rmse-1.4409, valid_pr-0.6389
2025-06-06 10:41:39 - INFO - epoch-174, train_loss-1.9608, train_rmse-1.4003, valid_rmse-1.4169, valid_pr-0.6418
2025-06-06 10:42:03 - INFO - epoch-175, train_loss-1.9593, train_rmse-1.3998, valid_rmse-1.4331, valid_pr-0.6411
2025-06-06 10:42:27 - INFO - epoch-176, train_loss-1.9810, train_rmse-1.4075, valid_rmse-1.4196, valid_pr-0.6402
2025-06-06 10:42:51 - INFO - epoch-177, train_loss-1.9478, train_rmse-1.3956, valid_rmse-1.4095, valid_pr-0.6460
2025-06-06 10:43:15 - INFO - epoch-178, train_loss-1.9559, train_rmse-1.3985, valid_rmse-1.4257, valid_pr-0.6438
2025-06-06 10:43:39 - INFO - epoch-179, train_loss-1.9498, train_rmse-1.3964, valid_rmse-1.4082, valid_pr-0.6486
2025-06-06 10:44:03 - INFO - epoch-180, train_loss-1.9249, train_rmse-1.3874, valid_rmse-1.4066, valid_pr-0.6479
2025-06-06 10:44:27 - INFO - epoch-181, train_loss-1.9767, train_rmse-1.4059, valid_rmse-1.4234, valid_pr-0.6373
2025-06-06 10:44:51 - INFO - epoch-182, train_loss-1.9642, train_rmse-1.4015, valid_rmse-1.4141, valid_pr-0.6439
2025-06-06 10:45:16 - INFO - epoch-183, train_loss-1.9618, train_rmse-1.4006, valid_rmse-1.4163, valid_pr-0.6429
2025-06-06 10:45:39 - INFO - epoch-184, train_loss-1.9666, train_rmse-1.4023, valid_rmse-1.4186, valid_pr-0.6435
2025-06-06 10:46:03 - INFO - epoch-185, train_loss-1.9496, train_rmse-1.3963, valid_rmse-1.4343, valid_pr-0.6467
2025-06-06 10:46:29 - INFO - epoch-186, train_loss-1.9379, train_rmse-1.3921, valid_rmse-1.4194, valid_pr-0.6483
2025-06-06 10:46:53 - INFO - epoch-187, train_loss-1.9294, train_rmse-1.3890, valid_rmse-1.4116, valid_pr-0.6547
2025-06-06 10:47:17 - INFO - epoch-188, train_loss-1.9442, train_rmse-1.3943, valid_rmse-1.4099, valid_pr-0.6465
2025-06-06 10:47:41 - INFO - epoch-189, train_loss-1.9230, train_rmse-1.3867, valid_rmse-1.4372, valid_pr-0.6505
2025-06-06 10:48:05 - INFO - epoch-190, train_loss-1.9604, train_rmse-1.4001, valid_rmse-1.4416, valid_pr-0.6486
2025-06-06 10:48:28 - INFO - epoch-191, train_loss-1.9425, train_rmse-1.3937, valid_rmse-1.3958, valid_pr-0.6549
2025-06-06 10:48:52 - INFO - epoch-192, train_loss-1.9027, train_rmse-1.3794, valid_rmse-1.3930, valid_pr-0.6564
2025-06-06 10:49:17 - INFO - epoch-193, train_loss-1.9076, train_rmse-1.3812, valid_rmse-1.3994, valid_pr-0.6538
2025-06-06 10:49:41 - INFO - epoch-194, train_loss-1.9512, train_rmse-1.3969, valid_rmse-1.4124, valid_pr-0.6441
2025-06-06 10:50:06 - INFO - epoch-195, train_loss-1.9671, train_rmse-1.4025, valid_rmse-1.4405, valid_pr-0.6394
2025-06-06 10:50:30 - INFO - epoch-196, train_loss-1.9907, train_rmse-1.4109, valid_rmse-1.4230, valid_pr-0.6401
2025-06-06 10:50:54 - INFO - epoch-197, train_loss-1.9369, train_rmse-1.3917, valid_rmse-1.4066, valid_pr-0.6478
2025-06-06 10:51:18 - INFO - epoch-198, train_loss-1.9158, train_rmse-1.3841, valid_rmse-1.4032, valid_pr-0.6502
2025-06-06 10:51:42 - INFO - epoch-199, train_loss-1.9120, train_rmse-1.3828, valid_rmse-1.4056, valid_pr-0.6554
2025-06-06 10:52:07 - INFO - epoch-200, train_loss-1.9764, train_rmse-1.4058, valid_rmse-1.4716, valid_pr-0.6053
2025-06-06 10:52:34 - INFO - epoch-201, train_loss-2.0905, train_rmse-1.4458, valid_rmse-1.4547, valid_pr-0.6247
2025-06-06 10:53:00 - INFO - epoch-202, train_loss-2.0316, train_rmse-1.4253, valid_rmse-1.4372, valid_pr-0.6277
2025-06-06 10:53:25 - INFO - epoch-203, train_loss-1.9971, train_rmse-1.4132, valid_rmse-1.4477, valid_pr-0.6267
2025-06-06 10:53:50 - INFO - epoch-204, train_loss-2.0105, train_rmse-1.4179, valid_rmse-1.4293, valid_pr-0.6343
2025-06-06 10:54:16 - INFO - epoch-205, train_loss-2.0216, train_rmse-1.4218, valid_rmse-1.4791, valid_pr-0.6088
2025-06-06 10:54:41 - INFO - epoch-206, train_loss-2.0768, train_rmse-1.4411, valid_rmse-1.4431, valid_pr-0.6290
2025-06-06 10:55:05 - INFO - epoch-207, train_loss-1.9908, train_rmse-1.4110, valid_rmse-1.4579, valid_pr-0.6263
2025-06-06 10:55:31 - INFO - epoch-208, train_loss-1.9732, train_rmse-1.4047, valid_rmse-1.4263, valid_pr-0.6386
2025-06-06 10:55:58 - INFO - epoch-209, train_loss-1.9837, train_rmse-1.4084, valid_rmse-1.4711, valid_pr-0.6370
2025-06-06 10:56:25 - INFO - epoch-210, train_loss-1.9612, train_rmse-1.4004, valid_rmse-1.4282, valid_pr-0.6393
2025-06-06 10:56:50 - INFO - epoch-211, train_loss-1.9764, train_rmse-1.4058, valid_rmse-1.4632, valid_pr-0.6345
2025-06-06 10:57:15 - INFO - epoch-212, train_loss-1.9668, train_rmse-1.4024, valid_rmse-1.4209, valid_pr-0.6440
2025-06-06 10:57:41 - INFO - epoch-213, train_loss-1.9534, train_rmse-1.3976, valid_rmse-1.4243, valid_pr-0.6405
2025-06-06 10:58:05 - INFO - epoch-214, train_loss-1.9245, train_rmse-1.3873, valid_rmse-1.4276, valid_pr-0.6452
2025-06-06 10:58:29 - INFO - epoch-215, train_loss-1.9298, train_rmse-1.3892, valid_rmse-1.4115, valid_pr-0.6455
2025-06-06 10:58:53 - INFO - epoch-216, train_loss-1.9178, train_rmse-1.3848, valid_rmse-1.4165, valid_pr-0.6452
2025-06-06 10:59:16 - INFO - epoch-217, train_loss-1.9152, train_rmse-1.3839, valid_rmse-1.4095, valid_pr-0.6490
2025-06-06 10:59:40 - INFO - epoch-218, train_loss-1.9308, train_rmse-1.3895, valid_rmse-1.4141, valid_pr-0.6455
2025-06-06 11:00:03 - INFO - epoch-219, train_loss-1.9270, train_rmse-1.3882, valid_rmse-1.4401, valid_pr-0.6499
2025-06-06 11:00:27 - INFO - epoch-220, train_loss-1.9154, train_rmse-1.3840, valid_rmse-1.4208, valid_pr-0.6417
2025-06-06 11:00:51 - INFO - epoch-221, train_loss-1.9142, train_rmse-1.3836, valid_rmse-1.4330, valid_pr-0.6481
2025-06-06 11:01:15 - INFO - epoch-222, train_loss-1.8919, train_rmse-1.3755, valid_rmse-1.4022, valid_pr-0.6509
2025-06-06 11:01:40 - INFO - epoch-223, train_loss-1.8901, train_rmse-1.3748, valid_rmse-1.4088, valid_pr-0.6494
2025-06-06 11:02:03 - INFO - epoch-224, train_loss-1.9137, train_rmse-1.3834, valid_rmse-1.3993, valid_pr-0.6527
2025-06-06 11:02:26 - INFO - epoch-225, train_loss-1.8944, train_rmse-1.3764, valid_rmse-1.4054, valid_pr-0.6507
2025-06-06 11:02:50 - INFO - epoch-226, train_loss-1.8990, train_rmse-1.3780, valid_rmse-1.4016, valid_pr-0.6520
2025-06-06 11:03:13 - INFO - epoch-227, train_loss-1.8714, train_rmse-1.3680, valid_rmse-1.4187, valid_pr-0.6574
2025-06-06 11:03:37 - INFO - epoch-228, train_loss-1.8805, train_rmse-1.3713, valid_rmse-1.3871, valid_pr-0.6613
2025-06-06 11:03:59 - INFO - epoch-229, train_loss-1.8708, train_rmse-1.3678, valid_rmse-1.3877, valid_pr-0.6616
2025-06-06 11:04:23 - INFO - epoch-230, train_loss-1.8699, train_rmse-1.3674, valid_rmse-1.3823, valid_pr-0.6636
2025-06-06 11:04:47 - INFO - epoch-231, train_loss-1.8570, train_rmse-1.3627, valid_rmse-1.3860, valid_pr-0.6611
2025-06-06 11:05:11 - INFO - epoch-232, train_loss-1.8700, train_rmse-1.3675, valid_rmse-1.3865, valid_pr-0.6677
2025-06-06 11:05:35 - INFO - epoch-233, train_loss-1.8742, train_rmse-1.3690, valid_rmse-1.3845, valid_pr-0.6620
2025-06-06 11:05:59 - INFO - epoch-234, train_loss-1.8633, train_rmse-1.3650, valid_rmse-1.3847, valid_pr-0.6641
2025-06-06 11:06:22 - INFO - epoch-235, train_loss-1.8601, train_rmse-1.3638, valid_rmse-1.3845, valid_pr-0.6627
2025-06-06 11:06:45 - INFO - epoch-236, train_loss-1.8760, train_rmse-1.3697, valid_rmse-1.4046, valid_pr-0.6609
2025-06-06 11:07:09 - INFO - epoch-237, train_loss-1.8620, train_rmse-1.3646, valid_rmse-1.4050, valid_pr-0.6645
2025-06-06 11:07:33 - INFO - epoch-238, train_loss-1.8749, train_rmse-1.3693, valid_rmse-1.3802, valid_pr-0.6674
2025-06-06 11:07:57 - INFO - epoch-239, train_loss-1.8530, train_rmse-1.3613, valid_rmse-1.3775, valid_pr-0.6693
2025-06-06 11:08:21 - INFO - epoch-240, train_loss-1.8567, train_rmse-1.3626, valid_rmse-1.3787, valid_pr-0.6661
2025-06-06 11:08:45 - INFO - epoch-241, train_loss-1.8530, train_rmse-1.3613, valid_rmse-1.3815, valid_pr-0.6644
2025-06-06 11:09:08 - INFO - epoch-242, train_loss-1.8593, train_rmse-1.3636, valid_rmse-1.3814, valid_pr-0.6655
2025-06-06 11:09:33 - INFO - epoch-243, train_loss-1.8388, train_rmse-1.3560, valid_rmse-1.3727, valid_pr-0.6726
2025-06-06 11:09:57 - INFO - epoch-244, train_loss-1.8826, train_rmse-1.3721, valid_rmse-1.3957, valid_pr-0.6580
2025-06-06 11:10:21 - INFO - epoch-245, train_loss-1.9294, train_rmse-1.3890, valid_rmse-1.3793, valid_pr-0.6651
2025-06-06 11:10:45 - INFO - epoch-246, train_loss-1.8581, train_rmse-1.3631, valid_rmse-1.3763, valid_pr-0.6669
2025-06-06 11:11:10 - INFO - epoch-247, train_loss-1.8704, train_rmse-1.3676, valid_rmse-1.3811, valid_pr-0.6722
2025-06-06 11:11:33 - INFO - epoch-248, train_loss-1.8921, train_rmse-1.3756, valid_rmse-1.3989, valid_pr-0.6619
2025-06-06 11:11:58 - INFO - epoch-249, train_loss-1.8538, train_rmse-1.3615, valid_rmse-1.3801, valid_pr-0.6690
2025-06-06 11:12:22 - INFO - epoch-250, train_loss-1.8390, train_rmse-1.3561, valid_rmse-1.3811, valid_pr-0.6649
2025-06-06 11:12:47 - INFO - epoch-251, train_loss-1.8458, train_rmse-1.3586, valid_rmse-1.3865, valid_pr-0.6672
2025-06-06 11:13:12 - INFO - epoch-252, train_loss-1.8207, train_rmse-1.3493, valid_rmse-1.3893, valid_pr-0.6655
2025-06-06 11:13:36 - INFO - epoch-253, train_loss-1.8222, train_rmse-1.3499, valid_rmse-1.3750, valid_pr-0.6696
2025-06-06 11:14:00 - INFO - epoch-254, train_loss-1.8099, train_rmse-1.3453, valid_rmse-1.3824, valid_pr-0.6691
2025-06-06 11:14:24 - INFO - epoch-255, train_loss-1.8282, train_rmse-1.3521, valid_rmse-1.3820, valid_pr-0.6659
2025-06-06 11:14:48 - INFO - epoch-256, train_loss-1.8615, train_rmse-1.3644, valid_rmse-1.4219, valid_pr-0.6407
2025-06-06 11:15:12 - INFO - epoch-257, train_loss-1.9244, train_rmse-1.3872, valid_rmse-1.3855, valid_pr-0.6642
2025-06-06 11:15:35 - INFO - epoch-258, train_loss-1.8501, train_rmse-1.3602, valid_rmse-1.3759, valid_pr-0.6701
2025-06-06 11:16:00 - INFO - epoch-259, train_loss-1.8232, train_rmse-1.3503, valid_rmse-1.3752, valid_pr-0.6675
2025-06-06 11:16:24 - INFO - epoch-260, train_loss-1.8326, train_rmse-1.3537, valid_rmse-1.3929, valid_pr-0.6698
2025-06-06 11:16:47 - INFO - epoch-261, train_loss-1.8378, train_rmse-1.3557, valid_rmse-1.3930, valid_pr-0.6571
2025-06-06 11:17:11 - INFO - epoch-262, train_loss-1.8127, train_rmse-1.3463, valid_rmse-1.3736, valid_pr-0.6695
2025-06-06 11:17:35 - INFO - epoch-263, train_loss-1.8037, train_rmse-1.3430, valid_rmse-1.3829, valid_pr-0.6697
2025-06-06 11:17:59 - INFO - epoch-264, train_loss-1.7967, train_rmse-1.3404, valid_rmse-1.3779, valid_pr-0.6676
2025-06-06 11:18:23 - INFO - epoch-265, train_loss-1.8540, train_rmse-1.3616, valid_rmse-1.4543, valid_pr-0.6250
2025-06-06 11:18:47 - INFO - epoch-266, train_loss-1.9633, train_rmse-1.4012, valid_rmse-1.4166, valid_pr-0.6557
2025-06-06 11:19:10 - INFO - epoch-267, train_loss-1.9146, train_rmse-1.3837, valid_rmse-1.3883, valid_pr-0.6611
2025-06-06 11:19:34 - INFO - epoch-268, train_loss-1.8705, train_rmse-1.3677, valid_rmse-1.3863, valid_pr-0.6698
2025-06-06 11:19:57 - INFO - epoch-269, train_loss-1.8334, train_rmse-1.3540, valid_rmse-1.3975, valid_pr-0.6638
2025-06-06 11:20:22 - INFO - epoch-270, train_loss-1.8392, train_rmse-1.3562, valid_rmse-1.3900, valid_pr-0.6582
2025-06-06 11:20:47 - INFO - epoch-271, train_loss-1.8543, train_rmse-1.3617, valid_rmse-1.3719, valid_pr-0.6702
2025-06-06 11:21:12 - INFO - epoch-272, train_loss-1.8183, train_rmse-1.3485, valid_rmse-1.3777, valid_pr-0.6710
2025-06-06 11:21:36 - INFO - epoch-273, train_loss-1.8497, train_rmse-1.3600, valid_rmse-1.3952, valid_pr-0.6727
2025-06-06 11:22:00 - INFO - epoch-274, train_loss-1.8343, train_rmse-1.3544, valid_rmse-1.3781, valid_pr-0.6704
2025-06-06 11:22:24 - INFO - epoch-275, train_loss-1.8253, train_rmse-1.3510, valid_rmse-1.3583, valid_pr-0.6781
2025-06-06 11:22:48 - INFO - epoch-276, train_loss-1.8032, train_rmse-1.3428, valid_rmse-1.3804, valid_pr-0.6777
2025-06-06 11:23:12 - INFO - epoch-277, train_loss-1.7913, train_rmse-1.3384, valid_rmse-1.3807, valid_pr-0.6710
2025-06-06 11:23:36 - INFO - epoch-278, train_loss-1.7876, train_rmse-1.3370, valid_rmse-1.4097, valid_pr-0.6740
2025-06-06 11:24:00 - INFO - epoch-279, train_loss-1.7941, train_rmse-1.3394, valid_rmse-1.3609, valid_pr-0.6769
2025-06-06 11:24:24 - INFO - epoch-280, train_loss-1.7941, train_rmse-1.3394, valid_rmse-1.3571, valid_pr-0.6801
2025-06-06 11:24:48 - INFO - epoch-281, train_loss-1.7731, train_rmse-1.3316, valid_rmse-1.3502, valid_pr-0.6844
2025-06-06 11:25:12 - INFO - epoch-282, train_loss-1.8149, train_rmse-1.3472, valid_rmse-1.3702, valid_pr-0.6760
2025-06-06 11:25:35 - INFO - epoch-283, train_loss-1.8347, train_rmse-1.3545, valid_rmse-1.3814, valid_pr-0.6718
2025-06-06 11:25:59 - INFO - epoch-284, train_loss-1.8014, train_rmse-1.3422, valid_rmse-1.3652, valid_pr-0.6748
2025-06-06 11:26:23 - INFO - epoch-285, train_loss-1.7788, train_rmse-1.3337, valid_rmse-1.3883, valid_pr-0.6661
2025-06-06 11:26:47 - INFO - epoch-286, train_loss-1.7935, train_rmse-1.3392, valid_rmse-1.3587, valid_pr-0.6790
2025-06-06 11:27:12 - INFO - epoch-287, train_loss-1.7822, train_rmse-1.3350, valid_rmse-1.3502, valid_pr-0.6833
2025-06-06 11:27:36 - INFO - epoch-288, train_loss-1.7662, train_rmse-1.3290, valid_rmse-1.3479, valid_pr-0.6861
2025-06-06 11:28:00 - INFO - epoch-289, train_loss-1.7832, train_rmse-1.3354, valid_rmse-1.3595, valid_pr-0.6809
2025-06-06 11:28:24 - INFO - epoch-290, train_loss-1.7862, train_rmse-1.3365, valid_rmse-1.3472, valid_pr-0.6865
2025-06-06 11:28:48 - INFO - epoch-291, train_loss-1.7556, train_rmse-1.3250, valid_rmse-1.3547, valid_pr-0.6818
2025-06-06 11:29:11 - INFO - epoch-292, train_loss-1.7468, train_rmse-1.3217, valid_rmse-1.3656, valid_pr-0.6841
2025-06-06 11:29:35 - INFO - epoch-293, train_loss-1.7526, train_rmse-1.3239, valid_rmse-1.3578, valid_pr-0.6782
2025-06-06 11:29:58 - INFO - epoch-294, train_loss-1.7602, train_rmse-1.3267, valid_rmse-1.3515, valid_pr-0.6818
2025-06-06 11:30:22 - INFO - epoch-295, train_loss-1.7614, train_rmse-1.3272, valid_rmse-1.3813, valid_pr-0.6651
2025-06-06 11:30:46 - INFO - epoch-296, train_loss-1.8282, train_rmse-1.3521, valid_rmse-1.4009, valid_pr-0.6785
2025-06-06 11:31:10 - INFO - epoch-297, train_loss-1.7699, train_rmse-1.3304, valid_rmse-1.3555, valid_pr-0.6806
2025-06-06 11:31:33 - INFO - epoch-298, train_loss-1.7545, train_rmse-1.3246, valid_rmse-1.3541, valid_pr-0.6798
2025-06-06 11:31:57 - INFO - epoch-299, train_loss-1.7596, train_rmse-1.3265, valid_rmse-1.3645, valid_pr-0.6782
2025-06-06 11:32:21 - INFO - epoch-300, train_loss-1.7377, train_rmse-1.3182, valid_rmse-1.3493, valid_pr-0.6837
2025-06-06 11:32:44 - INFO - epoch-301, train_loss-1.7394, train_rmse-1.3188, valid_rmse-1.3592, valid_pr-0.6814
2025-06-06 11:33:08 - INFO - epoch-302, train_loss-1.7933, train_rmse-1.3391, valid_rmse-1.3916, valid_pr-0.6704
2025-06-06 11:33:32 - INFO - epoch-303, train_loss-1.7529, train_rmse-1.3240, valid_rmse-1.3676, valid_pr-0.6804
2025-06-06 11:33:56 - INFO - epoch-304, train_loss-1.7592, train_rmse-1.3264, valid_rmse-1.3597, valid_pr-0.6845
2025-06-06 11:34:19 - INFO - epoch-305, train_loss-1.7334, train_rmse-1.3166, valid_rmse-1.3974, valid_pr-0.6619
2025-06-06 11:34:44 - INFO - epoch-306, train_loss-1.7495, train_rmse-1.3227, valid_rmse-1.3489, valid_pr-0.6834
2025-06-06 11:35:08 - INFO - epoch-307, train_loss-1.7407, train_rmse-1.3194, valid_rmse-1.3655, valid_pr-0.6742
2025-06-06 11:35:32 - INFO - epoch-308, train_loss-1.8852, train_rmse-1.3730, valid_rmse-1.4418, valid_pr-0.6373
2025-06-06 11:35:55 - INFO - epoch-309, train_loss-1.8838, train_rmse-1.3725, valid_rmse-1.3852, valid_pr-0.6677
2025-06-06 11:36:19 - INFO - epoch-310, train_loss-1.7949, train_rmse-1.3397, valid_rmse-1.3650, valid_pr-0.6754
2025-06-06 11:36:43 - INFO - epoch-311, train_loss-1.7616, train_rmse-1.3273, valid_rmse-1.3775, valid_pr-0.6766
2025-06-06 11:37:07 - INFO - epoch-312, train_loss-1.7581, train_rmse-1.3259, valid_rmse-1.3584, valid_pr-0.6782
2025-06-06 11:37:31 - INFO - epoch-313, train_loss-1.7323, train_rmse-1.3162, valid_rmse-1.3513, valid_pr-0.6857
2025-06-06 11:37:55 - INFO - epoch-314, train_loss-1.7349, train_rmse-1.3172, valid_rmse-1.3683, valid_pr-0.6792
2025-06-06 11:38:18 - INFO - epoch-315, train_loss-1.7543, train_rmse-1.3245, valid_rmse-1.4034, valid_pr-0.6598
2025-06-06 11:38:42 - INFO - epoch-316, train_loss-1.7885, train_rmse-1.3374, valid_rmse-1.3721, valid_pr-0.6794
2025-06-06 11:39:06 - INFO - epoch-317, train_loss-1.7364, train_rmse-1.3177, valid_rmse-1.3574, valid_pr-0.6822
2025-06-06 11:39:31 - INFO - epoch-318, train_loss-1.7270, train_rmse-1.3142, valid_rmse-1.3732, valid_pr-0.6762
2025-06-06 11:39:55 - INFO - epoch-319, train_loss-1.7177, train_rmse-1.3106, valid_rmse-1.3511, valid_pr-0.6818
2025-06-06 11:40:20 - INFO - epoch-320, train_loss-1.7439, train_rmse-1.3206, valid_rmse-1.3540, valid_pr-0.6860
2025-06-06 11:40:44 - INFO - epoch-321, train_loss-1.7334, train_rmse-1.3166, valid_rmse-1.3562, valid_pr-0.6813
2025-06-06 11:41:07 - INFO - epoch-322, train_loss-1.7011, train_rmse-1.3043, valid_rmse-1.3557, valid_pr-0.6828
2025-06-06 11:41:31 - INFO - epoch-323, train_loss-1.6923, train_rmse-1.3009, valid_rmse-1.3523, valid_pr-0.6899
2025-06-06 11:41:54 - INFO - epoch-324, train_loss-1.7243, train_rmse-1.3131, valid_rmse-1.3866, valid_pr-0.6837
2025-06-06 11:42:18 - INFO - epoch-325, train_loss-1.7361, train_rmse-1.3176, valid_rmse-1.3400, valid_pr-0.6901
2025-06-06 11:42:42 - INFO - epoch-326, train_loss-1.7423, train_rmse-1.3200, valid_rmse-1.3524, valid_pr-0.6831
2025-06-06 11:43:06 - INFO - epoch-327, train_loss-1.7218, train_rmse-1.3122, valid_rmse-1.3609, valid_pr-0.6775
2025-06-06 11:43:30 - INFO - epoch-328, train_loss-1.6939, train_rmse-1.3015, valid_rmse-1.3455, valid_pr-0.6852
2025-06-06 11:43:54 - INFO - epoch-329, train_loss-1.7196, train_rmse-1.3113, valid_rmse-1.4104, valid_pr-0.6784
2025-06-06 11:44:18 - INFO - epoch-330, train_loss-1.6986, train_rmse-1.3033, valid_rmse-1.3430, valid_pr-0.6872
2025-06-06 11:44:42 - INFO - epoch-331, train_loss-1.6910, train_rmse-1.3004, valid_rmse-1.3558, valid_pr-0.6827
2025-06-06 11:45:06 - INFO - epoch-332, train_loss-1.7239, train_rmse-1.3130, valid_rmse-1.3576, valid_pr-0.6778
2025-06-06 11:45:30 - INFO - epoch-333, train_loss-1.6863, train_rmse-1.2986, valid_rmse-1.3375, valid_pr-0.6939
2025-06-06 11:45:55 - INFO - epoch-334, train_loss-1.6859, train_rmse-1.2984, valid_rmse-1.3583, valid_pr-0.6795
2025-06-06 11:46:20 - INFO - epoch-335, train_loss-1.6881, train_rmse-1.2993, valid_rmse-1.4368, valid_pr-0.6844
2025-06-06 11:46:45 - INFO - epoch-336, train_loss-1.6666, train_rmse-1.2910, valid_rmse-1.3479, valid_pr-0.6918
2025-06-06 11:47:09 - INFO - epoch-337, train_loss-1.7086, train_rmse-1.3071, valid_rmse-1.3749, valid_pr-0.6679
2025-06-06 11:47:34 - INFO - epoch-338, train_loss-1.7313, train_rmse-1.3158, valid_rmse-1.3355, valid_pr-0.6926
2025-06-06 11:47:58 - INFO - epoch-339, train_loss-1.7133, train_rmse-1.3089, valid_rmse-1.3677, valid_pr-0.6760
2025-06-06 11:48:23 - INFO - epoch-340, train_loss-1.7015, train_rmse-1.3044, valid_rmse-1.3563, valid_pr-0.6886
2025-06-06 11:48:48 - INFO - epoch-341, train_loss-1.7179, train_rmse-1.3107, valid_rmse-1.3497, valid_pr-0.6827
2025-06-06 11:49:12 - INFO - epoch-342, train_loss-1.7092, train_rmse-1.3074, valid_rmse-1.3394, valid_pr-0.6900
2025-06-06 11:49:37 - INFO - epoch-343, train_loss-1.6656, train_rmse-1.2906, valid_rmse-1.3269, valid_pr-0.6953
2025-06-06 11:50:01 - INFO - epoch-344, train_loss-1.6729, train_rmse-1.2934, valid_rmse-1.3462, valid_pr-0.6896
2025-06-06 11:50:25 - INFO - epoch-345, train_loss-1.6544, train_rmse-1.2862, valid_rmse-1.3397, valid_pr-0.6881
2025-06-06 11:50:49 - INFO - epoch-346, train_loss-1.6515, train_rmse-1.2851, valid_rmse-1.3346, valid_pr-0.6959
2025-06-06 11:51:14 - INFO - epoch-347, train_loss-1.6943, train_rmse-1.3017, valid_rmse-1.3365, valid_pr-0.6907
2025-06-06 11:51:37 - INFO - epoch-348, train_loss-1.6656, train_rmse-1.2906, valid_rmse-1.3710, valid_pr-0.6912
2025-06-06 11:52:01 - INFO - epoch-349, train_loss-1.6621, train_rmse-1.2892, valid_rmse-1.3357, valid_pr-0.6929
2025-06-06 11:52:25 - INFO - epoch-350, train_loss-1.6992, train_rmse-1.3035, valid_rmse-1.3755, valid_pr-0.6751
2025-06-06 11:52:50 - INFO - epoch-351, train_loss-1.6705, train_rmse-1.2925, valid_rmse-1.3671, valid_pr-0.6767
2025-06-06 11:53:14 - INFO - epoch-352, train_loss-1.6700, train_rmse-1.2923, valid_rmse-1.3420, valid_pr-0.6896
2025-06-06 11:53:39 - INFO - epoch-353, train_loss-1.6896, train_rmse-1.2999, valid_rmse-1.3482, valid_pr-0.6869
2025-06-06 11:54:03 - INFO - epoch-354, train_loss-1.6665, train_rmse-1.2909, valid_rmse-1.3385, valid_pr-0.6910
2025-06-06 11:54:28 - INFO - epoch-355, train_loss-1.6775, train_rmse-1.2952, valid_rmse-1.3799, valid_pr-0.6907
2025-06-06 11:54:52 - INFO - epoch-356, train_loss-1.6521, train_rmse-1.2853, valid_rmse-1.3523, valid_pr-0.6896
2025-06-06 11:55:17 - INFO - epoch-357, train_loss-1.6457, train_rmse-1.2828, valid_rmse-1.3415, valid_pr-0.6874
2025-06-06 11:55:41 - INFO - epoch-358, train_loss-1.6282, train_rmse-1.2760, valid_rmse-1.3487, valid_pr-0.6838
2025-06-06 11:56:05 - INFO - epoch-359, train_loss-1.6478, train_rmse-1.2836, valid_rmse-1.3782, valid_pr-0.6939
2025-06-06 11:56:29 - INFO - epoch-360, train_loss-1.6327, train_rmse-1.2778, valid_rmse-1.3496, valid_pr-0.6911
2025-06-06 11:56:54 - INFO - epoch-361, train_loss-1.6348, train_rmse-1.2786, valid_rmse-1.3669, valid_pr-0.6795
2025-06-06 11:57:19 - INFO - epoch-362, train_loss-1.6970, train_rmse-1.3027, valid_rmse-1.3824, valid_pr-0.6681
2025-06-06 11:57:42 - INFO - epoch-363, train_loss-1.7200, train_rmse-1.3115, valid_rmse-1.4043, valid_pr-0.6803
2025-06-06 11:58:07 - INFO - epoch-364, train_loss-1.6746, train_rmse-1.2941, valid_rmse-1.3497, valid_pr-0.6856
2025-06-06 11:58:33 - INFO - epoch-365, train_loss-1.6628, train_rmse-1.2895, valid_rmse-1.3502, valid_pr-0.6846
2025-06-06 11:58:57 - INFO - epoch-366, train_loss-1.6459, train_rmse-1.2829, valid_rmse-1.3285, valid_pr-0.6944
2025-06-06 11:59:21 - INFO - epoch-367, train_loss-1.6619, train_rmse-1.2891, valid_rmse-1.3438, valid_pr-0.6885
2025-06-06 11:59:46 - INFO - epoch-368, train_loss-1.6280, train_rmse-1.2759, valid_rmse-1.3319, valid_pr-0.6946
2025-06-06 12:00:10 - INFO - epoch-369, train_loss-1.8546, train_rmse-1.3618, valid_rmse-1.4055, valid_pr-0.6513
2025-06-06 12:00:34 - INFO - epoch-370, train_loss-1.7684, train_rmse-1.3298, valid_rmse-1.3829, valid_pr-0.6679
2025-06-06 12:00:59 - INFO - epoch-371, train_loss-1.6985, train_rmse-1.3033, valid_rmse-1.3695, valid_pr-0.6752
2025-06-06 12:01:23 - INFO - epoch-372, train_loss-1.6651, train_rmse-1.2904, valid_rmse-1.3468, valid_pr-0.6845
2025-06-06 12:01:49 - INFO - epoch-373, train_loss-1.6377, train_rmse-1.2797, valid_rmse-1.3361, valid_pr-0.6913
2025-06-06 12:02:14 - INFO - epoch-374, train_loss-1.6327, train_rmse-1.2778, valid_rmse-1.3361, valid_pr-0.6910
2025-06-06 12:02:38 - INFO - epoch-375, train_loss-1.6069, train_rmse-1.2677, valid_rmse-1.3426, valid_pr-0.6890
2025-06-06 12:03:03 - INFO - epoch-376, train_loss-1.6361, train_rmse-1.2791, valid_rmse-1.3570, valid_pr-0.6824
2025-06-06 12:03:27 - INFO - epoch-377, train_loss-1.6037, train_rmse-1.2664, valid_rmse-1.3412, valid_pr-0.6926
2025-06-06 12:03:51 - INFO - epoch-378, train_loss-1.6332, train_rmse-1.2780, valid_rmse-1.3500, valid_pr-0.6856
2025-06-06 12:04:13 - INFO - epoch-379, train_loss-1.6048, train_rmse-1.2668, valid_rmse-1.3458, valid_pr-0.6862
2025-06-06 12:04:37 - INFO - epoch-380, train_loss-1.5871, train_rmse-1.2598, valid_rmse-1.3421, valid_pr-0.6930
2025-06-06 12:05:01 - INFO - epoch-381, train_loss-1.6134, train_rmse-1.2702, valid_rmse-1.3515, valid_pr-0.6940
2025-06-06 12:05:25 - INFO - epoch-382, train_loss-1.6522, train_rmse-1.2854, valid_rmse-1.3462, valid_pr-0.6915
2025-06-06 12:05:49 - INFO - epoch-383, train_loss-1.5786, train_rmse-1.2564, valid_rmse-1.3459, valid_pr-0.6882
2025-06-06 12:06:13 - INFO - epoch-384, train_loss-1.5915, train_rmse-1.2616, valid_rmse-1.4257, valid_pr-0.6897
2025-06-06 12:06:37 - INFO - epoch-385, train_loss-1.6261, train_rmse-1.2752, valid_rmse-1.3530, valid_pr-0.6868
2025-06-06 12:07:00 - INFO - epoch-386, train_loss-1.7135, train_rmse-1.3090, valid_rmse-1.4114, valid_pr-0.6516
2025-06-06 12:07:24 - INFO - epoch-387, train_loss-1.7914, train_rmse-1.3385, valid_rmse-1.4290, valid_pr-0.6700
2025-06-06 12:07:48 - INFO - epoch-388, train_loss-1.7336, train_rmse-1.3167, valid_rmse-1.3605, valid_pr-0.6789
2025-06-06 12:08:12 - INFO - epoch-389, train_loss-1.7234, train_rmse-1.3128, valid_rmse-1.3727, valid_pr-0.6815
2025-06-06 12:08:35 - INFO - epoch-390, train_loss-1.6809, train_rmse-1.2965, valid_rmse-1.3554, valid_pr-0.6858
2025-06-06 12:08:59 - INFO - epoch-391, train_loss-1.8096, train_rmse-1.3452, valid_rmse-1.4082, valid_pr-0.6610
2025-06-06 12:09:24 - INFO - epoch-392, train_loss-1.8488, train_rmse-1.3597, valid_rmse-1.3933, valid_pr-0.6733
2025-06-06 12:09:47 - INFO - epoch-393, train_loss-1.7788, train_rmse-1.3337, valid_rmse-1.3482, valid_pr-0.6832
2025-06-06 12:10:10 - INFO - epoch-394, train_loss-1.7288, train_rmse-1.3148, valid_rmse-1.3646, valid_pr-0.6763
2025-06-06 12:10:35 - INFO - epoch-395, train_loss-1.7217, train_rmse-1.3121, valid_rmse-1.3462, valid_pr-0.6852
2025-06-06 12:10:58 - INFO - epoch-396, train_loss-1.7126, train_rmse-1.3087, valid_rmse-1.3511, valid_pr-0.6859
2025-06-06 12:11:22 - INFO - epoch-397, train_loss-1.7190, train_rmse-1.3111, valid_rmse-1.4018, valid_pr-0.6844
2025-06-06 12:11:46 - INFO - epoch-398, train_loss-1.6904, train_rmse-1.3001, valid_rmse-1.3382, valid_pr-0.6901
2025-06-06 12:12:10 - INFO - epoch-399, train_loss-1.6887, train_rmse-1.2995, valid_rmse-1.3535, valid_pr-0.6874
2025-06-06 12:12:34 - INFO - epoch-400, train_loss-1.6744, train_rmse-1.2940, valid_rmse-1.3423, valid_pr-0.6922
2025-06-06 12:12:57 - INFO - epoch-401, train_loss-1.6643, train_rmse-1.2901, valid_rmse-1.3437, valid_pr-0.6867
2025-06-06 12:13:21 - INFO - epoch-402, train_loss-1.6713, train_rmse-1.2928, valid_rmse-1.3353, valid_pr-0.6933
2025-06-06 12:13:44 - INFO - epoch-403, train_loss-1.6454, train_rmse-1.2827, valid_rmse-1.3372, valid_pr-0.6947
2025-06-06 12:14:08 - INFO - epoch-404, train_loss-1.6504, train_rmse-1.2847, valid_rmse-1.3238, valid_pr-0.6978
2025-06-06 12:14:32 - INFO - epoch-405, train_loss-1.6307, train_rmse-1.2770, valid_rmse-1.3368, valid_pr-0.6990
2025-06-06 12:14:55 - INFO - epoch-406, train_loss-1.6331, train_rmse-1.2779, valid_rmse-1.3374, valid_pr-0.6976
2025-06-06 12:15:19 - INFO - epoch-407, train_loss-1.6398, train_rmse-1.2806, valid_rmse-1.3176, valid_pr-0.7018
2025-06-06 12:15:43 - INFO - epoch-408, train_loss-1.6111, train_rmse-1.2693, valid_rmse-1.3264, valid_pr-0.6986
2025-06-06 12:16:07 - INFO - epoch-409, train_loss-1.6193, train_rmse-1.2725, valid_rmse-1.3741, valid_pr-0.6888
2025-06-06 12:16:32 - INFO - epoch-410, train_loss-1.6074, train_rmse-1.2678, valid_rmse-1.3375, valid_pr-0.6918
2025-06-06 12:16:56 - INFO - epoch-411, train_loss-1.6010, train_rmse-1.2653, valid_rmse-1.3356, valid_pr-0.6967
2025-06-06 12:17:20 - INFO - epoch-412, train_loss-1.5952, train_rmse-1.2630, valid_rmse-1.3313, valid_pr-0.6968
2025-06-06 12:17:44 - INFO - epoch-413, train_loss-1.5973, train_rmse-1.2639, valid_rmse-1.3377, valid_pr-0.6956
2025-06-06 12:18:09 - INFO - epoch-414, train_loss-1.5986, train_rmse-1.2644, valid_rmse-1.3760, valid_pr-0.6942
2025-06-06 12:18:34 - INFO - epoch-415, train_loss-1.6469, train_rmse-1.2833, valid_rmse-1.3863, valid_pr-0.6637
2025-06-06 12:18:58 - INFO - epoch-416, train_loss-1.7951, train_rmse-1.3398, valid_rmse-1.3469, valid_pr-0.6855
2025-06-06 12:19:22 - INFO - epoch-417, train_loss-1.7023, train_rmse-1.3047, valid_rmse-1.3387, valid_pr-0.6900
2025-06-06 12:19:46 - INFO - epoch-418, train_loss-1.6427, train_rmse-1.2817, valid_rmse-1.3284, valid_pr-0.6965
2025-06-06 12:20:11 - INFO - epoch-419, train_loss-1.5965, train_rmse-1.2635, valid_rmse-1.3314, valid_pr-0.6944
2025-06-06 12:20:36 - INFO - epoch-420, train_loss-1.5977, train_rmse-1.2640, valid_rmse-1.3313, valid_pr-0.7009
2025-06-06 12:21:01 - INFO - epoch-421, train_loss-1.5869, train_rmse-1.2597, valid_rmse-1.3818, valid_pr-0.6802
2025-06-06 12:21:25 - INFO - epoch-422, train_loss-1.5986, train_rmse-1.2644, valid_rmse-1.3253, valid_pr-0.6973
2025-06-06 12:21:50 - INFO - epoch-423, train_loss-1.5905, train_rmse-1.2612, valid_rmse-1.3676, valid_pr-0.7013
2025-06-06 12:22:13 - INFO - epoch-424, train_loss-1.6812, train_rmse-1.2966, valid_rmse-1.3752, valid_pr-0.6724
2025-06-06 12:22:38 - INFO - epoch-425, train_loss-1.6560, train_rmse-1.2868, valid_rmse-1.3523, valid_pr-0.6895
2025-06-06 12:23:03 - INFO - epoch-426, train_loss-1.6514, train_rmse-1.2851, valid_rmse-1.3398, valid_pr-0.6895
2025-06-06 12:23:28 - INFO - epoch-427, train_loss-1.6265, train_rmse-1.2754, valid_rmse-1.3563, valid_pr-0.6790
2025-06-06 12:23:52 - INFO - epoch-428, train_loss-1.6221, train_rmse-1.2736, valid_rmse-1.3417, valid_pr-0.6905
2025-06-06 12:24:16 - INFO - epoch-429, train_loss-1.6128, train_rmse-1.2699, valid_rmse-1.3307, valid_pr-0.6971
2025-06-06 12:24:40 - INFO - epoch-430, train_loss-1.5732, train_rmse-1.2543, valid_rmse-1.3472, valid_pr-0.6980
2025-06-06 12:25:04 - INFO - epoch-431, train_loss-1.5842, train_rmse-1.2586, valid_rmse-1.3117, valid_pr-0.7049
2025-06-06 12:25:28 - INFO - epoch-432, train_loss-1.5440, train_rmse-1.2426, valid_rmse-1.3317, valid_pr-0.6942
2025-06-06 12:25:50 - INFO - epoch-433, train_loss-1.5502, train_rmse-1.2451, valid_rmse-1.3189, valid_pr-0.7006
2025-06-06 12:26:14 - INFO - epoch-434, train_loss-1.5461, train_rmse-1.2434, valid_rmse-1.3466, valid_pr-0.6893
2025-06-06 12:26:38 - INFO - epoch-435, train_loss-1.5509, train_rmse-1.2453, valid_rmse-1.3397, valid_pr-0.7037
2025-06-06 12:27:01 - INFO - epoch-436, train_loss-1.5694, train_rmse-1.2528, valid_rmse-1.3327, valid_pr-0.7004
2025-06-06 12:27:26 - INFO - epoch-437, train_loss-1.5672, train_rmse-1.2519, valid_rmse-1.3187, valid_pr-0.7033
2025-06-06 12:27:49 - INFO - epoch-438, train_loss-1.5314, train_rmse-1.2375, valid_rmse-1.3468, valid_pr-0.6937
2025-06-06 12:28:15 - INFO - epoch-439, train_loss-1.5500, train_rmse-1.2450, valid_rmse-1.3353, valid_pr-0.6933
2025-06-06 12:28:37 - INFO - epoch-440, train_loss-1.5398, train_rmse-1.2409, valid_rmse-1.3355, valid_pr-0.6997
2025-06-06 12:29:02 - INFO - epoch-441, train_loss-1.5389, train_rmse-1.2405, valid_rmse-1.3258, valid_pr-0.6976
2025-06-06 12:29:28 - INFO - epoch-442, train_loss-1.5302, train_rmse-1.2370, valid_rmse-1.3358, valid_pr-0.6991
2025-06-06 12:29:51 - INFO - epoch-443, train_loss-1.5177, train_rmse-1.2320, valid_rmse-1.3345, valid_pr-0.7019
2025-06-06 12:30:16 - INFO - epoch-444, train_loss-1.5033, train_rmse-1.2261, valid_rmse-1.3253, valid_pr-0.6985
2025-06-06 12:30:41 - INFO - epoch-445, train_loss-1.5283, train_rmse-1.2362, valid_rmse-1.3377, valid_pr-0.6927
2025-06-06 12:31:05 - INFO - epoch-446, train_loss-1.5309, train_rmse-1.2373, valid_rmse-1.3200, valid_pr-0.7018
2025-06-06 12:31:30 - INFO - epoch-447, train_loss-1.5222, train_rmse-1.2338, valid_rmse-1.3428, valid_pr-0.6909
2025-06-06 12:31:55 - INFO - epoch-448, train_loss-1.5413, train_rmse-1.2415, valid_rmse-1.3344, valid_pr-0.7029
2025-06-06 12:32:19 - INFO - epoch-449, train_loss-1.4940, train_rmse-1.2223, valid_rmse-1.3270, valid_pr-0.6999
2025-06-06 12:32:44 - INFO - epoch-450, train_loss-1.5016, train_rmse-1.2254, valid_rmse-1.3499, valid_pr-0.6903
2025-06-06 12:33:09 - INFO - epoch-451, train_loss-1.5033, train_rmse-1.2261, valid_rmse-1.3335, valid_pr-0.6985
2025-06-06 12:33:33 - INFO - epoch-452, train_loss-1.4966, train_rmse-1.2233, valid_rmse-1.3064, valid_pr-0.7077
2025-06-06 12:33:59 - INFO - epoch-453, train_loss-1.5106, train_rmse-1.2291, valid_rmse-1.3205, valid_pr-0.7004
2025-06-06 12:34:23 - INFO - epoch-454, train_loss-1.4870, train_rmse-1.2194, valid_rmse-1.3369, valid_pr-0.6960
2025-06-06 12:34:48 - INFO - epoch-455, train_loss-1.4852, train_rmse-1.2187, valid_rmse-1.3230, valid_pr-0.6996
2025-06-06 12:35:13 - INFO - epoch-456, train_loss-1.4823, train_rmse-1.2175, valid_rmse-1.3511, valid_pr-0.6948
2025-06-06 12:35:38 - INFO - epoch-457, train_loss-1.5120, train_rmse-1.2296, valid_rmse-1.3247, valid_pr-0.6995
2025-06-06 12:36:03 - INFO - epoch-458, train_loss-1.4852, train_rmse-1.2187, valid_rmse-1.3189, valid_pr-0.7021
2025-06-06 12:36:27 - INFO - epoch-459, train_loss-1.4885, train_rmse-1.2200, valid_rmse-1.3575, valid_pr-0.6966
2025-06-06 12:36:51 - INFO - epoch-460, train_loss-1.5083, train_rmse-1.2281, valid_rmse-1.3446, valid_pr-0.6876
2025-06-06 12:37:15 - INFO - epoch-461, train_loss-1.5418, train_rmse-1.2417, valid_rmse-1.3497, valid_pr-0.6901
2025-06-06 12:37:39 - INFO - epoch-462, train_loss-1.5095, train_rmse-1.2286, valid_rmse-1.3342, valid_pr-0.7016
2025-06-06 12:38:04 - INFO - epoch-463, train_loss-1.4807, train_rmse-1.2169, valid_rmse-1.3295, valid_pr-0.7021
2025-06-06 12:38:28 - INFO - epoch-464, train_loss-1.5429, train_rmse-1.2421, valid_rmse-1.3555, valid_pr-0.6839
2025-06-06 12:38:52 - INFO - epoch-465, train_loss-1.4920, train_rmse-1.2215, valid_rmse-1.3697, valid_pr-0.6885
2025-06-06 12:39:16 - INFO - epoch-466, train_loss-1.5172, train_rmse-1.2318, valid_rmse-1.3427, valid_pr-0.6885
2025-06-06 12:39:41 - INFO - epoch-467, train_loss-1.5387, train_rmse-1.2404, valid_rmse-1.3314, valid_pr-0.6946
2025-06-06 12:40:05 - INFO - epoch-468, train_loss-1.5187, train_rmse-1.2324, valid_rmse-1.3203, valid_pr-0.7015
2025-06-06 12:40:31 - INFO - epoch-469, train_loss-1.4928, train_rmse-1.2218, valid_rmse-1.3705, valid_pr-0.6852
2025-06-06 12:40:56 - INFO - epoch-470, train_loss-1.4754, train_rmse-1.2147, valid_rmse-1.3523, valid_pr-0.6911
2025-06-06 12:41:21 - INFO - epoch-471, train_loss-1.4588, train_rmse-1.2078, valid_rmse-1.3518, valid_pr-0.6997
2025-06-06 12:41:45 - INFO - epoch-472, train_loss-1.4547, train_rmse-1.2061, valid_rmse-1.3155, valid_pr-0.7044
2025-06-06 12:42:09 - INFO - epoch-473, train_loss-1.4483, train_rmse-1.2035, valid_rmse-1.3276, valid_pr-0.6990
2025-06-06 12:42:34 - INFO - epoch-474, train_loss-1.4454, train_rmse-1.2023, valid_rmse-1.3251, valid_pr-0.7001
2025-06-06 12:42:56 - INFO - epoch-475, train_loss-1.4686, train_rmse-1.2119, valid_rmse-1.3790, valid_pr-0.6843
2025-06-06 12:43:20 - INFO - epoch-476, train_loss-1.4807, train_rmse-1.2168, valid_rmse-1.3322, valid_pr-0.6984
2025-06-06 12:43:43 - INFO - epoch-477, train_loss-1.4601, train_rmse-1.2083, valid_rmse-1.3283, valid_pr-0.7039
2025-06-06 12:44:08 - INFO - epoch-478, train_loss-1.4649, train_rmse-1.2103, valid_rmse-1.3117, valid_pr-0.7053
2025-06-06 12:44:32 - INFO - epoch-479, train_loss-1.4987, train_rmse-1.2242, valid_rmse-1.3180, valid_pr-0.7021
2025-06-06 12:44:57 - INFO - epoch-480, train_loss-1.4672, train_rmse-1.2113, valid_rmse-1.3185, valid_pr-0.7055
2025-06-06 12:45:21 - INFO - epoch-481, train_loss-1.4600, train_rmse-1.2083, valid_rmse-1.3363, valid_pr-0.6982
2025-06-06 12:45:46 - INFO - epoch-482, train_loss-1.4646, train_rmse-1.2102, valid_rmse-1.3274, valid_pr-0.7032
2025-06-06 12:46:12 - INFO - epoch-483, train_loss-1.4420, train_rmse-1.2008, valid_rmse-1.3249, valid_pr-0.7036
2025-06-06 12:46:37 - INFO - epoch-484, train_loss-1.4322, train_rmse-1.1967, valid_rmse-1.3369, valid_pr-0.6997
2025-06-06 12:47:02 - INFO - epoch-485, train_loss-1.4266, train_rmse-1.1944, valid_rmse-1.3224, valid_pr-0.6987
2025-06-06 12:47:26 - INFO - epoch-486, train_loss-1.4349, train_rmse-1.1979, valid_rmse-1.3242, valid_pr-0.7007
2025-06-06 12:47:50 - INFO - epoch-487, train_loss-1.6668, train_rmse-1.2910, valid_rmse-1.4198, valid_pr-0.6456
2025-06-06 12:48:14 - INFO - epoch-488, train_loss-1.9279, train_rmse-1.3885, valid_rmse-1.5000, valid_pr-0.6245
2025-06-06 12:48:38 - INFO - epoch-489, train_loss-1.8867, train_rmse-1.3736, valid_rmse-1.3714, valid_pr-0.6695
2025-06-06 12:49:02 - INFO - epoch-490, train_loss-1.7863, train_rmse-1.3365, valid_rmse-1.3665, valid_pr-0.6743
2025-06-06 12:49:24 - INFO - epoch-491, train_loss-1.7047, train_rmse-1.3056, valid_rmse-1.3569, valid_pr-0.6801
2025-06-06 12:49:49 - INFO - epoch-492, train_loss-1.6586, train_rmse-1.2879, valid_rmse-1.3469, valid_pr-0.6855
2025-06-06 12:50:13 - INFO - epoch-493, train_loss-1.6171, train_rmse-1.2717, valid_rmse-1.3450, valid_pr-0.6889
2025-06-06 12:50:36 - INFO - epoch-494, train_loss-1.6402, train_rmse-1.2807, valid_rmse-1.3450, valid_pr-0.6861
2025-06-06 12:50:59 - INFO - epoch-495, train_loss-1.6434, train_rmse-1.2820, valid_rmse-1.3478, valid_pr-0.6876
2025-06-06 12:51:22 - INFO - epoch-496, train_loss-1.5697, train_rmse-1.2529, valid_rmse-1.3195, valid_pr-0.6997
2025-06-06 12:51:46 - INFO - epoch-497, train_loss-1.5294, train_rmse-1.2367, valid_rmse-1.3218, valid_pr-0.6997
2025-06-06 12:52:09 - INFO - epoch-498, train_loss-1.5408, train_rmse-1.2413, valid_rmse-1.3240, valid_pr-0.6997
2025-06-06 12:52:34 - INFO - epoch-499, train_loss-1.5086, train_rmse-1.2282, valid_rmse-1.3280, valid_pr-0.7001
2025-06-06 12:52:58 - INFO - epoch-500, train_loss-1.4999, train_rmse-1.2247, valid_rmse-1.3264, valid_pr-0.6965
2025-06-06 12:53:23 - INFO - epoch-501, train_loss-1.4853, train_rmse-1.2187, valid_rmse-1.3354, valid_pr-0.6987
2025-06-06 12:53:47 - INFO - epoch-502, train_loss-1.4995, train_rmse-1.2245, valid_rmse-1.3457, valid_pr-0.6914
2025-06-06 12:54:11 - INFO - epoch-503, train_loss-1.5132, train_rmse-1.2301, valid_rmse-1.3301, valid_pr-0.6957
2025-06-06 12:54:35 - INFO - epoch-504, train_loss-1.4686, train_rmse-1.2118, valid_rmse-1.3249, valid_pr-0.7044
2025-06-06 12:54:57 - INFO - epoch-505, train_loss-1.4507, train_rmse-1.2044, valid_rmse-1.3110, valid_pr-0.7050
2025-06-06 12:55:20 - INFO - epoch-506, train_loss-1.4872, train_rmse-1.2195, valid_rmse-1.3309, valid_pr-0.6939
2025-06-06 12:55:43 - INFO - epoch-507, train_loss-1.4555, train_rmse-1.2064, valid_rmse-1.3228, valid_pr-0.6995
2025-06-06 12:56:05 - INFO - epoch-508, train_loss-1.4398, train_rmse-1.1999, valid_rmse-1.3548, valid_pr-0.6986
2025-06-06 12:56:26 - INFO - epoch-509, train_loss-1.4817, train_rmse-1.2172, valid_rmse-1.3119, valid_pr-0.7071
2025-06-06 12:56:48 - INFO - epoch-510, train_loss-1.4373, train_rmse-1.1989, valid_rmse-1.3317, valid_pr-0.7030
2025-06-06 12:57:12 - INFO - epoch-511, train_loss-1.4500, train_rmse-1.2042, valid_rmse-1.3253, valid_pr-0.6985
2025-06-06 12:57:36 - INFO - epoch-512, train_loss-1.4713, train_rmse-1.2130, valid_rmse-1.3052, valid_pr-0.7093
2025-06-06 12:58:01 - INFO - epoch-513, train_loss-1.4133, train_rmse-1.1888, valid_rmse-1.3153, valid_pr-0.7066
2025-06-06 12:58:26 - INFO - epoch-514, train_loss-1.4281, train_rmse-1.1950, valid_rmse-1.3228, valid_pr-0.7000
2025-06-06 12:58:49 - INFO - epoch-515, train_loss-1.4370, train_rmse-1.1988, valid_rmse-1.3069, valid_pr-0.7098
2025-06-06 12:59:14 - INFO - epoch-516, train_loss-1.4307, train_rmse-1.1961, valid_rmse-1.3285, valid_pr-0.7017
2025-06-06 12:59:38 - INFO - epoch-517, train_loss-1.4840, train_rmse-1.2182, valid_rmse-1.3186, valid_pr-0.7136
2025-06-06 13:00:03 - INFO - epoch-518, train_loss-1.4359, train_rmse-1.1983, valid_rmse-1.3205, valid_pr-0.7094
2025-06-06 13:00:27 - INFO - epoch-519, train_loss-1.3942, train_rmse-1.1807, valid_rmse-1.3380, valid_pr-0.7052
2025-06-06 13:00:51 - INFO - epoch-520, train_loss-1.4477, train_rmse-1.2032, valid_rmse-1.3200, valid_pr-0.7023
2025-06-06 13:01:15 - INFO - epoch-521, train_loss-1.3975, train_rmse-1.1821, valid_rmse-1.3364, valid_pr-0.7096
2025-06-06 13:01:38 - INFO - epoch-522, train_loss-1.3955, train_rmse-1.1813, valid_rmse-1.3002, valid_pr-0.7129
2025-06-06 13:02:02 - INFO - epoch-523, train_loss-1.5308, train_rmse-1.2372, valid_rmse-1.3561, valid_pr-0.6858
2025-06-06 13:02:26 - INFO - epoch-524, train_loss-1.4577, train_rmse-1.2073, valid_rmse-1.3204, valid_pr-0.7097
2025-06-06 13:02:51 - INFO - epoch-525, train_loss-1.4040, train_rmse-1.1849, valid_rmse-1.3077, valid_pr-0.7124
2025-06-06 13:03:15 - INFO - epoch-526, train_loss-1.3959, train_rmse-1.1815, valid_rmse-1.3154, valid_pr-0.7033
2025-06-06 13:03:40 - INFO - epoch-527, train_loss-1.3819, train_rmse-1.1755, valid_rmse-1.3216, valid_pr-0.6999
2025-06-06 13:04:04 - INFO - epoch-528, train_loss-1.5727, train_rmse-1.2541, valid_rmse-1.3283, valid_pr-0.7005
2025-06-06 13:04:29 - INFO - epoch-529, train_loss-1.4648, train_rmse-1.2103, valid_rmse-1.3138, valid_pr-0.7052
2025-06-06 13:04:53 - INFO - epoch-530, train_loss-1.4382, train_rmse-1.1992, valid_rmse-1.3176, valid_pr-0.7021
2025-06-06 13:05:18 - INFO - epoch-531, train_loss-1.4331, train_rmse-1.1971, valid_rmse-1.3630, valid_pr-0.6954
2025-06-06 13:05:42 - INFO - epoch-532, train_loss-1.4381, train_rmse-1.1992, valid_rmse-1.3296, valid_pr-0.7004
2025-06-06 13:06:06 - INFO - epoch-533, train_loss-1.3812, train_rmse-1.1753, valid_rmse-1.3070, valid_pr-0.7126
2025-06-06 13:06:31 - INFO - epoch-534, train_loss-1.4002, train_rmse-1.1833, valid_rmse-1.3298, valid_pr-0.7125
2025-06-06 13:06:55 - INFO - epoch-535, train_loss-1.4034, train_rmse-1.1847, valid_rmse-1.3340, valid_pr-0.6947
2025-06-06 13:07:19 - INFO - epoch-536, train_loss-1.3993, train_rmse-1.1829, valid_rmse-1.3049, valid_pr-0.7093
2025-06-06 13:07:42 - INFO - epoch-537, train_loss-1.3699, train_rmse-1.1704, valid_rmse-1.3306, valid_pr-0.6967
2025-06-06 13:08:06 - INFO - epoch-538, train_loss-1.4190, train_rmse-1.1912, valid_rmse-1.3460, valid_pr-0.7065
2025-06-06 13:08:31 - INFO - epoch-539, train_loss-1.3426, train_rmse-1.1587, valid_rmse-1.3201, valid_pr-0.7009
2025-06-06 13:08:55 - INFO - epoch-540, train_loss-1.3671, train_rmse-1.1692, valid_rmse-1.3355, valid_pr-0.6943
2025-06-06 13:09:19 - INFO - epoch-541, train_loss-1.3748, train_rmse-1.1725, valid_rmse-1.3263, valid_pr-0.7021
2025-06-06 13:09:45 - INFO - epoch-542, train_loss-1.3673, train_rmse-1.1693, valid_rmse-1.3277, valid_pr-0.7060
2025-06-06 13:10:10 - INFO - epoch-543, train_loss-1.3832, train_rmse-1.1761, valid_rmse-1.3835, valid_pr-0.6884
2025-06-06 13:10:34 - INFO - epoch-544, train_loss-1.3925, train_rmse-1.1800, valid_rmse-1.3329, valid_pr-0.7015
2025-06-06 13:10:59 - INFO - epoch-545, train_loss-1.3570, train_rmse-1.1649, valid_rmse-1.3224, valid_pr-0.7030
2025-06-06 13:11:24 - INFO - epoch-546, train_loss-1.3335, train_rmse-1.1548, valid_rmse-1.3076, valid_pr-0.7086
2025-06-06 13:11:48 - INFO - epoch-547, train_loss-1.3971, train_rmse-1.1820, valid_rmse-1.3164, valid_pr-0.7055
2025-06-06 13:12:12 - INFO - epoch-548, train_loss-1.3234, train_rmse-1.1504, valid_rmse-1.3317, valid_pr-0.7055
2025-06-06 13:12:34 - INFO - epoch-549, train_loss-1.3135, train_rmse-1.1461, valid_rmse-1.3188, valid_pr-0.7039
2025-06-06 13:12:58 - INFO - epoch-550, train_loss-1.3089, train_rmse-1.1441, valid_rmse-1.3039, valid_pr-0.7113
2025-06-06 13:13:20 - INFO - epoch-551, train_loss-1.2810, train_rmse-1.1318, valid_rmse-1.3141, valid_pr-0.7085
2025-06-06 13:13:43 - INFO - epoch-552, train_loss-1.3117, train_rmse-1.1453, valid_rmse-1.3291, valid_pr-0.6966
2025-06-06 13:14:07 - INFO - epoch-553, train_loss-1.3888, train_rmse-1.1785, valid_rmse-1.3140, valid_pr-0.7082
2025-06-06 13:14:32 - INFO - epoch-554, train_loss-1.3229, train_rmse-1.1502, valid_rmse-1.3170, valid_pr-0.7054
2025-06-06 13:14:57 - INFO - epoch-555, train_loss-1.3048, train_rmse-1.1423, valid_rmse-1.3170, valid_pr-0.7022
2025-06-06 13:15:21 - INFO - epoch-556, train_loss-1.2851, train_rmse-1.1336, valid_rmse-1.3113, valid_pr-0.7064
2025-06-06 13:15:45 - INFO - epoch-557, train_loss-1.3055, train_rmse-1.1426, valid_rmse-1.3111, valid_pr-0.7071
2025-06-06 13:16:09 - INFO - epoch-558, train_loss-1.2835, train_rmse-1.1329, valid_rmse-1.3052, valid_pr-0.7116
2025-06-06 13:16:33 - INFO - epoch-559, train_loss-1.3049, train_rmse-1.1423, valid_rmse-1.3327, valid_pr-0.6958
2025-06-06 13:16:59 - INFO - epoch-560, train_loss-1.3093, train_rmse-1.1442, valid_rmse-1.3126, valid_pr-0.7070
2025-06-06 13:17:23 - INFO - epoch-561, train_loss-1.3986, train_rmse-1.1826, valid_rmse-1.3168, valid_pr-0.7021
2025-06-06 13:17:47 - INFO - epoch-562, train_loss-1.4076, train_rmse-1.1864, valid_rmse-1.3261, valid_pr-0.6967
2025-06-06 13:18:13 - INFO - epoch-563, train_loss-1.3775, train_rmse-1.1737, valid_rmse-1.3202, valid_pr-0.7067
2025-06-06 13:18:37 - INFO - epoch-564, train_loss-1.3831, train_rmse-1.1760, valid_rmse-1.3306, valid_pr-0.7047
2025-06-06 13:19:00 - INFO - epoch-565, train_loss-1.3483, train_rmse-1.1612, valid_rmse-1.3226, valid_pr-0.7001
2025-06-06 13:19:24 - INFO - epoch-566, train_loss-1.4033, train_rmse-1.1846, valid_rmse-1.3222, valid_pr-0.7009
2025-06-06 13:19:50 - INFO - epoch-567, train_loss-1.3373, train_rmse-1.1564, valid_rmse-1.3067, valid_pr-0.7102
2025-06-06 13:20:13 - INFO - epoch-568, train_loss-1.3520, train_rmse-1.1627, valid_rmse-1.3712, valid_pr-0.6869
2025-06-06 13:20:34 - INFO - epoch-569, train_loss-1.4534, train_rmse-1.2056, valid_rmse-1.3130, valid_pr-0.7059
2025-06-06 13:20:56 - INFO - epoch-570, train_loss-1.3658, train_rmse-1.1687, valid_rmse-1.3219, valid_pr-0.7076
2025-06-06 13:21:20 - INFO - epoch-571, train_loss-1.3377, train_rmse-1.1566, valid_rmse-1.3054, valid_pr-0.7137
2025-06-06 13:21:41 - INFO - epoch-572, train_loss-1.2990, train_rmse-1.1397, valid_rmse-1.3369, valid_pr-0.7059
2025-06-06 13:22:06 - INFO - epoch-573, train_loss-1.2680, train_rmse-1.1260, valid_rmse-1.2955, valid_pr-0.7140
2025-06-06 13:22:31 - INFO - epoch-574, train_loss-1.2666, train_rmse-1.1255, valid_rmse-1.3102, valid_pr-0.7080
2025-06-06 13:22:55 - INFO - epoch-575, train_loss-1.2409, train_rmse-1.1140, valid_rmse-1.3343, valid_pr-0.7008
2025-06-06 13:23:19 - INFO - epoch-576, train_loss-1.2623, train_rmse-1.1235, valid_rmse-1.3162, valid_pr-0.7058
2025-06-06 13:23:44 - INFO - epoch-577, train_loss-1.3016, train_rmse-1.1409, valid_rmse-1.3285, valid_pr-0.7100
2025-06-06 13:24:08 - INFO - epoch-578, train_loss-1.3000, train_rmse-1.1402, valid_rmse-1.3213, valid_pr-0.7041
2025-06-06 13:24:33 - INFO - epoch-579, train_loss-1.2768, train_rmse-1.1300, valid_rmse-1.3549, valid_pr-0.7011
2025-06-06 13:24:55 - INFO - epoch-580, train_loss-1.2560, train_rmse-1.1207, valid_rmse-1.3227, valid_pr-0.7050
2025-06-06 13:25:18 - INFO - epoch-581, train_loss-1.2315, train_rmse-1.1097, valid_rmse-1.3217, valid_pr-0.7039
2025-06-06 13:25:43 - INFO - epoch-582, train_loss-1.2394, train_rmse-1.1133, valid_rmse-1.3258, valid_pr-0.7021
2025-06-06 13:26:09 - INFO - epoch-583, train_loss-1.2141, train_rmse-1.1019, valid_rmse-1.3114, valid_pr-0.7101
2025-06-06 13:26:34 - INFO - epoch-584, train_loss-1.2235, train_rmse-1.1061, valid_rmse-1.3235, valid_pr-0.6991
2025-06-06 13:26:59 - INFO - epoch-585, train_loss-1.2250, train_rmse-1.1068, valid_rmse-1.3132, valid_pr-0.7056
2025-06-06 13:27:23 - INFO - epoch-586, train_loss-1.2653, train_rmse-1.1249, valid_rmse-1.3700, valid_pr-0.6990
2025-06-06 13:27:48 - INFO - epoch-587, train_loss-1.2212, train_rmse-1.1051, valid_rmse-1.3103, valid_pr-0.7095
2025-06-06 13:28:13 - INFO - epoch-588, train_loss-1.2315, train_rmse-1.1097, valid_rmse-1.3368, valid_pr-0.7058
2025-06-06 13:28:37 - INFO - epoch-589, train_loss-1.2586, train_rmse-1.1219, valid_rmse-1.3150, valid_pr-0.7057
2025-06-06 13:29:01 - INFO - epoch-590, train_loss-1.2091, train_rmse-1.0996, valid_rmse-1.3497, valid_pr-0.7079
2025-06-06 13:29:24 - INFO - epoch-591, train_loss-1.2088, train_rmse-1.0995, valid_rmse-1.3001, valid_pr-0.7125
2025-06-06 13:29:49 - INFO - epoch-592, train_loss-1.1946, train_rmse-1.0930, valid_rmse-1.3086, valid_pr-0.7071
2025-06-06 13:30:14 - INFO - epoch-593, train_loss-1.3252, train_rmse-1.1512, valid_rmse-1.3333, valid_pr-0.7072
2025-06-06 13:30:39 - INFO - epoch-594, train_loss-1.2966, train_rmse-1.1387, valid_rmse-1.3606, valid_pr-0.7096
2025-06-06 13:31:03 - INFO - epoch-595, train_loss-1.3207, train_rmse-1.1492, valid_rmse-1.3449, valid_pr-0.6997
2025-06-06 13:31:27 - INFO - epoch-596, train_loss-1.2382, train_rmse-1.1127, valid_rmse-1.3087, valid_pr-0.7066
2025-06-06 13:31:52 - INFO - epoch-597, train_loss-1.2163, train_rmse-1.1029, valid_rmse-1.3022, valid_pr-0.7119
2025-06-06 13:32:17 - INFO - epoch-598, train_loss-1.2184, train_rmse-1.1038, valid_rmse-1.3245, valid_pr-0.7041
2025-06-06 13:32:41 - INFO - epoch-599, train_loss-1.2480, train_rmse-1.1172, valid_rmse-1.3581, valid_pr-0.6964
2025-06-06 13:33:05 - INFO - epoch-600, train_loss-1.2621, train_rmse-1.1234, valid_rmse-1.3072, valid_pr-0.7092
2025-06-06 13:33:29 - INFO - epoch-601, train_loss-1.2005, train_rmse-1.0957, valid_rmse-1.3302, valid_pr-0.7049
2025-06-06 13:33:55 - INFO - epoch-602, train_loss-1.1719, train_rmse-1.0825, valid_rmse-1.3352, valid_pr-0.7057
2025-06-06 13:34:20 - INFO - epoch-603, train_loss-1.1962, train_rmse-1.0937, valid_rmse-1.3168, valid_pr-0.7043
2025-06-06 13:34:45 - INFO - epoch-604, train_loss-1.5665, train_rmse-1.2516, valid_rmse-1.3646, valid_pr-0.6837
2025-06-06 13:35:10 - INFO - epoch-605, train_loss-1.3056, train_rmse-1.1426, valid_rmse-1.3096, valid_pr-0.7092
2025-06-06 13:35:35 - INFO - epoch-606, train_loss-1.2486, train_rmse-1.1174, valid_rmse-1.3268, valid_pr-0.6986
2025-06-06 13:35:59 - INFO - epoch-607, train_loss-1.2043, train_rmse-1.0974, valid_rmse-1.3058, valid_pr-0.7102
2025-06-06 13:36:24 - INFO - epoch-608, train_loss-1.1731, train_rmse-1.0831, valid_rmse-1.3184, valid_pr-0.7038
2025-06-06 13:36:48 - INFO - epoch-609, train_loss-1.2362, train_rmse-1.1118, valid_rmse-1.3413, valid_pr-0.6936
2025-06-06 13:37:13 - INFO - epoch-610, train_loss-1.2402, train_rmse-1.1136, valid_rmse-1.3269, valid_pr-0.7014
2025-06-06 13:37:38 - INFO - epoch-611, train_loss-1.1987, train_rmse-1.0949, valid_rmse-1.3284, valid_pr-0.7013
2025-06-06 13:38:03 - INFO - epoch-612, train_loss-1.1791, train_rmse-1.0859, valid_rmse-1.3420, valid_pr-0.6983
2025-06-06 13:38:27 - INFO - epoch-613, train_loss-1.1752, train_rmse-1.0841, valid_rmse-1.3167, valid_pr-0.7077
2025-06-06 13:38:53 - INFO - epoch-614, train_loss-1.1730, train_rmse-1.0831, valid_rmse-1.3266, valid_pr-0.7044
2025-06-06 13:39:17 - INFO - epoch-615, train_loss-1.1757, train_rmse-1.0843, valid_rmse-1.3879, valid_pr-0.7039
2025-06-06 13:39:41 - INFO - epoch-616, train_loss-1.2055, train_rmse-1.0979, valid_rmse-1.3099, valid_pr-0.7121
2025-06-06 13:40:07 - INFO - epoch-617, train_loss-1.1691, train_rmse-1.0813, valid_rmse-1.3116, valid_pr-0.7082
2025-06-06 13:40:32 - INFO - epoch-618, train_loss-1.1624, train_rmse-1.0781, valid_rmse-1.3078, valid_pr-0.7115
2025-06-06 13:40:58 - INFO - epoch-619, train_loss-1.1628, train_rmse-1.0783, valid_rmse-1.3389, valid_pr-0.7100
2025-06-06 13:41:22 - INFO - epoch-620, train_loss-1.1665, train_rmse-1.0801, valid_rmse-1.3413, valid_pr-0.6979
2025-06-06 13:41:48 - INFO - epoch-621, train_loss-1.5227, train_rmse-1.2340, valid_rmse-1.3832, valid_pr-0.6720
2025-06-06 13:42:12 - INFO - epoch-622, train_loss-1.4172, train_rmse-1.1905, valid_rmse-1.3666, valid_pr-0.6803
2025-06-06 13:42:37 - INFO - epoch-623, train_loss-1.2987, train_rmse-1.1396, valid_rmse-1.3478, valid_pr-0.6904
2025-06-06 13:43:02 - INFO - epoch-624, train_loss-1.4242, train_rmse-1.1934, valid_rmse-1.3410, valid_pr-0.6946
2025-06-06 13:43:26 - INFO - epoch-625, train_loss-1.3105, train_rmse-1.1448, valid_rmse-1.3368, valid_pr-0.6906
2025-06-06 13:43:52 - INFO - epoch-626, train_loss-1.2266, train_rmse-1.1075, valid_rmse-1.3138, valid_pr-0.7065
2025-06-06 13:44:16 - INFO - epoch-627, train_loss-1.2386, train_rmse-1.1129, valid_rmse-1.3454, valid_pr-0.6937
2025-06-06 13:44:42 - INFO - epoch-628, train_loss-1.2069, train_rmse-1.0986, valid_rmse-1.3707, valid_pr-0.6970
2025-06-06 13:45:06 - INFO - epoch-629, train_loss-1.1972, train_rmse-1.0942, valid_rmse-1.3531, valid_pr-0.6866
2025-06-06 13:45:31 - INFO - epoch-630, train_loss-1.1904, train_rmse-1.0910, valid_rmse-1.3256, valid_pr-0.7035
2025-06-06 13:45:57 - INFO - epoch-631, train_loss-1.1866, train_rmse-1.0893, valid_rmse-1.3307, valid_pr-0.6967
2025-06-06 13:46:20 - INFO - epoch-632, train_loss-1.1779, train_rmse-1.0853, valid_rmse-1.3176, valid_pr-0.7042
2025-06-06 13:46:46 - INFO - epoch-633, train_loss-1.1970, train_rmse-1.0941, valid_rmse-1.3282, valid_pr-0.6999
2025-06-06 13:47:10 - INFO - epoch-634, train_loss-1.1820, train_rmse-1.0872, valid_rmse-1.3198, valid_pr-0.7048
2025-06-06 13:47:34 - INFO - epoch-635, train_loss-1.1634, train_rmse-1.0786, valid_rmse-1.3452, valid_pr-0.6991
2025-06-06 13:47:59 - INFO - epoch-636, train_loss-1.1533, train_rmse-1.0739, valid_rmse-1.3278, valid_pr-0.7028
2025-06-06 13:48:23 - INFO - epoch-637, train_loss-1.1349, train_rmse-1.0653, valid_rmse-1.3310, valid_pr-0.6998
2025-06-06 13:48:47 - INFO - epoch-638, train_loss-1.1189, train_rmse-1.0578, valid_rmse-1.3356, valid_pr-0.7038
2025-06-06 13:49:11 - INFO - epoch-639, train_loss-1.1801, train_rmse-1.0863, valid_rmse-1.3251, valid_pr-0.7055
2025-06-06 13:49:37 - INFO - epoch-640, train_loss-1.1521, train_rmse-1.0733, valid_rmse-1.3185, valid_pr-0.7083
2025-06-06 13:50:03 - INFO - epoch-641, train_loss-1.1321, train_rmse-1.0640, valid_rmse-1.3375, valid_pr-0.6975
2025-06-06 13:50:27 - INFO - epoch-642, train_loss-1.1327, train_rmse-1.0643, valid_rmse-1.3205, valid_pr-0.7059
2025-06-06 13:50:52 - INFO - epoch-643, train_loss-1.1279, train_rmse-1.0620, valid_rmse-1.3340, valid_pr-0.6987
2025-06-06 13:51:17 - INFO - epoch-644, train_loss-1.1695, train_rmse-1.0814, valid_rmse-1.3443, valid_pr-0.7047
2025-06-06 13:51:42 - INFO - epoch-645, train_loss-1.1822, train_rmse-1.0873, valid_rmse-1.3196, valid_pr-0.7043
2025-06-06 13:52:06 - INFO - epoch-646, train_loss-1.1459, train_rmse-1.0704, valid_rmse-1.3546, valid_pr-0.6923
2025-06-06 13:52:31 - INFO - epoch-647, train_loss-1.1388, train_rmse-1.0672, valid_rmse-1.3322, valid_pr-0.6977
2025-06-06 13:52:56 - INFO - epoch-648, train_loss-1.1376, train_rmse-1.0666, valid_rmse-1.3351, valid_pr-0.6998
2025-06-06 13:53:19 - INFO - epoch-649, train_loss-1.1386, train_rmse-1.0671, valid_rmse-1.3319, valid_pr-0.7038
2025-06-06 13:53:43 - INFO - epoch-650, train_loss-1.2039, train_rmse-1.0972, valid_rmse-1.3158, valid_pr-0.7056
2025-06-06 13:54:06 - INFO - epoch-651, train_loss-1.1545, train_rmse-1.0745, valid_rmse-1.3499, valid_pr-0.6961
2025-06-06 13:54:29 - INFO - epoch-652, train_loss-1.1374, train_rmse-1.0665, valid_rmse-1.3323, valid_pr-0.6945
2025-06-06 13:54:54 - INFO - epoch-653, train_loss-1.1224, train_rmse-1.0594, valid_rmse-1.3387, valid_pr-0.6905
2025-06-06 13:55:18 - INFO - epoch-654, train_loss-1.1308, train_rmse-1.0634, valid_rmse-1.3225, valid_pr-0.7096
2025-06-06 13:55:43 - INFO - epoch-655, train_loss-1.1104, train_rmse-1.0538, valid_rmse-1.3296, valid_pr-0.7045
2025-06-06 13:56:09 - INFO - epoch-656, train_loss-1.1104, train_rmse-1.0537, valid_rmse-1.3166, valid_pr-0.7044
2025-06-06 13:56:33 - INFO - epoch-657, train_loss-1.0904, train_rmse-1.0442, valid_rmse-1.3173, valid_pr-0.7080
2025-06-06 13:56:58 - INFO - epoch-658, train_loss-1.1657, train_rmse-1.0797, valid_rmse-1.3434, valid_pr-0.6949
2025-06-06 13:57:24 - INFO - epoch-659, train_loss-1.1283, train_rmse-1.0622, valid_rmse-1.3162, valid_pr-0.7068
2025-06-06 13:57:48 - INFO - epoch-660, train_loss-1.1442, train_rmse-1.0697, valid_rmse-1.3658, valid_pr-0.6807
2025-06-06 13:58:12 - INFO - epoch-661, train_loss-1.3193, train_rmse-1.1486, valid_rmse-1.3426, valid_pr-0.6892
2025-06-06 13:58:35 - INFO - epoch-662, train_loss-1.1649, train_rmse-1.0793, valid_rmse-1.3737, valid_pr-0.7115
2025-06-06 13:59:00 - INFO - epoch-663, train_loss-1.1343, train_rmse-1.0650, valid_rmse-1.3435, valid_pr-0.7027
2025-06-06 13:59:24 - INFO - epoch-664, train_loss-1.0969, train_rmse-1.0473, valid_rmse-1.3323, valid_pr-0.7076
2025-06-06 13:59:48 - INFO - epoch-665, train_loss-1.0549, train_rmse-1.0271, valid_rmse-1.3368, valid_pr-0.6985
2025-06-06 14:00:13 - INFO - epoch-666, train_loss-1.0559, train_rmse-1.0276, valid_rmse-1.3347, valid_pr-0.7036
2025-06-06 14:00:37 - INFO - epoch-667, train_loss-1.0886, train_rmse-1.0433, valid_rmse-1.3253, valid_pr-0.6994
2025-06-06 14:01:02 - INFO - epoch-668, train_loss-1.1465, train_rmse-1.0707, valid_rmse-1.3327, valid_pr-0.7004
2025-06-06 14:01:24 - INFO - epoch-669, train_loss-1.0922, train_rmse-1.0451, valid_rmse-1.3266, valid_pr-0.7029
2025-06-06 14:01:47 - INFO - epoch-670, train_loss-1.2520, train_rmse-1.1189, valid_rmse-1.3684, valid_pr-0.6819
2025-06-06 14:02:11 - INFO - epoch-671, train_loss-1.2640, train_rmse-1.1243, valid_rmse-1.4391, valid_pr-0.6703
2025-06-06 14:02:36 - INFO - epoch-672, train_loss-1.1985, train_rmse-1.0948, valid_rmse-1.3515, valid_pr-0.6971
2025-06-06 14:03:00 - INFO - epoch-673, train_loss-1.1367, train_rmse-1.0662, valid_rmse-1.3371, valid_pr-0.7002
2025-06-06 14:03:24 - INFO - epoch-674, train_loss-1.1346, train_rmse-1.0652, valid_rmse-1.3155, valid_pr-0.7072
2025-06-06 14:03:24 - INFO - early stop in epoch 674
2025-06-06 14:03:24 - INFO - best_rmse: 1.2955
2025-06-06 14:03:35 - INFO - valid_rmse-1.2986, valid_pr-0.7124, test2013_rmse-1.4464, test2013_pr-0.7974, test2016_rmse-1.3590, test2016_pr-0.7889, test2019_rmse-1.4375, test2019_pr-0.6151,
