2025-06-09 11:21:59 - INFO - train_PN.py
2025-06-09 11:21:59 - INFO - train data: 11904
2025-06-09 11:21:59 - INFO - valid data: 1000
2025-06-09 11:21:59 - INFO - test2013 data: 107
2025-06-09 11:21:59 - INFO - test2016 data: 285
2025-06-09 11:21:59 - INFO - test2019 data: 4366
2025-06-09 11:22:36 - INFO - epoch-0, train_loss-14.3646, train_rmse-3.7901, valid_rmse-2.7705, valid_pr-0.2894
2025-06-09 11:22:59 - INFO - epoch-1, train_loss-7.3749, train_rmse-2.7157, valid_rmse-2.4509, valid_pr-0.3346
2025-06-09 11:23:22 - INFO - epoch-2, train_loss-5.9739, train_rmse-2.4442, valid_rmse-2.2444, valid_pr-0.3625
2025-06-09 11:23:46 - INFO - epoch-3, train_loss-5.3238, train_rmse-2.3073, valid_rmse-2.1405, valid_pr-0.4166
2025-06-09 11:24:10 - INFO - epoch-4, train_loss-4.7407, train_rmse-2.1773, valid_rmse-2.0446, valid_pr-0.4241
2025-06-09 11:24:30 - INFO - epoch-5, train_loss-4.4391, train_rmse-2.1069, valid_rmse-2.0580, valid_pr-0.4279
2025-06-09 11:24:53 - INFO - epoch-6, train_loss-4.1551, train_rmse-2.0384, valid_rmse-1.8369, valid_pr-0.4347
2025-06-09 11:25:17 - INFO - epoch-7, train_loss-3.8555, train_rmse-1.9635, valid_rmse-2.0410, valid_pr-0.4343
2025-06-09 11:25:44 - INFO - epoch-8, train_loss-3.6037, train_rmse-1.8983, valid_rmse-1.7796, valid_pr-0.4805
2025-06-09 11:26:10 - INFO - epoch-9, train_loss-3.3470, train_rmse-1.8295, valid_rmse-1.6793, valid_pr-0.4906
2025-06-09 11:26:34 - INFO - epoch-10, train_loss-3.2362, train_rmse-1.7990, valid_rmse-1.6799, valid_pr-0.4927
2025-06-09 11:27:01 - INFO - epoch-11, train_loss-3.0547, train_rmse-1.7478, valid_rmse-1.6223, valid_pr-0.5090
2025-06-09 11:27:25 - INFO - epoch-12, train_loss-3.0549, train_rmse-1.7478, valid_rmse-1.6079, valid_pr-0.5137
2025-06-09 11:27:50 - INFO - epoch-13, train_loss-2.9440, train_rmse-1.7158, valid_rmse-1.6186, valid_pr-0.5194
2025-06-09 11:28:13 - INFO - epoch-14, train_loss-2.8700, train_rmse-1.6941, valid_rmse-1.5807, valid_pr-0.5310
2025-06-09 11:28:37 - INFO - epoch-15, train_loss-2.8413, train_rmse-1.6856, valid_rmse-1.6138, valid_pr-0.5286
2025-06-09 11:28:59 - INFO - epoch-16, train_loss-2.7580, train_rmse-1.6607, valid_rmse-1.6481, valid_pr-0.5264
2025-06-09 11:29:21 - INFO - epoch-17, train_loss-2.7188, train_rmse-1.6489, valid_rmse-1.6633, valid_pr-0.5322
2025-06-09 11:29:42 - INFO - epoch-18, train_loss-2.7008, train_rmse-1.6434, valid_rmse-1.6948, valid_pr-0.5510
2025-06-09 11:30:03 - INFO - epoch-19, train_loss-2.6718, train_rmse-1.6346, valid_rmse-1.7378, valid_pr-0.5440
2025-06-09 11:30:23 - INFO - epoch-20, train_loss-2.6861, train_rmse-1.6389, valid_rmse-1.6493, valid_pr-0.5470
2025-06-09 11:30:42 - INFO - epoch-21, train_loss-2.6342, train_rmse-1.6230, valid_rmse-1.6426, valid_pr-0.5575
2025-06-09 11:31:02 - INFO - epoch-22, train_loss-2.5968, train_rmse-1.6115, valid_rmse-1.6091, valid_pr-0.5613
2025-06-09 11:31:23 - INFO - epoch-23, train_loss-2.5679, train_rmse-1.6025, valid_rmse-1.8036, valid_pr-0.5586
2025-06-09 11:31:41 - INFO - epoch-24, train_loss-2.5604, train_rmse-1.6001, valid_rmse-1.6488, valid_pr-0.5603
2025-06-09 11:32:00 - INFO - epoch-25, train_loss-2.5577, train_rmse-1.5993, valid_rmse-1.6646, valid_pr-0.5666
2025-06-09 11:32:20 - INFO - epoch-26, train_loss-2.5284, train_rmse-1.5901, valid_rmse-1.6952, valid_pr-0.5676
2025-06-09 11:32:39 - INFO - epoch-27, train_loss-2.5239, train_rmse-1.5887, valid_rmse-1.5796, valid_pr-0.5734
2025-06-09 11:32:59 - INFO - epoch-28, train_loss-2.4842, train_rmse-1.5761, valid_rmse-1.6402, valid_pr-0.5745
2025-06-09 11:33:19 - INFO - epoch-29, train_loss-2.4512, train_rmse-1.5656, valid_rmse-1.7889, valid_pr-0.5613
2025-06-09 11:33:39 - INFO - epoch-30, train_loss-2.4370, train_rmse-1.5611, valid_rmse-1.6966, valid_pr-0.5686
2025-06-09 11:34:00 - INFO - epoch-31, train_loss-2.4576, train_rmse-1.5677, valid_rmse-1.6311, valid_pr-0.5806
2025-06-09 11:34:19 - INFO - epoch-32, train_loss-2.4363, train_rmse-1.5609, valid_rmse-1.7387, valid_pr-0.5776
2025-06-09 11:34:38 - INFO - epoch-33, train_loss-2.3936, train_rmse-1.5471, valid_rmse-1.5782, valid_pr-0.5787
2025-06-09 11:34:57 - INFO - epoch-34, train_loss-2.4204, train_rmse-1.5558, valid_rmse-1.7400, valid_pr-0.5735
2025-06-09 11:35:12 - INFO - epoch-35, train_loss-2.3832, train_rmse-1.5438, valid_rmse-1.6532, valid_pr-0.5880
2025-06-09 11:35:26 - INFO - epoch-36, train_loss-2.3711, train_rmse-1.5398, valid_rmse-1.6432, valid_pr-0.5798
2025-06-09 11:35:39 - INFO - epoch-37, train_loss-2.3717, train_rmse-1.5400, valid_rmse-1.7022, valid_pr-0.5790
2025-06-09 11:35:49 - INFO - epoch-38, train_loss-2.3389, train_rmse-1.5294, valid_rmse-1.6563, valid_pr-0.5847
2025-06-09 11:35:57 - INFO - epoch-39, train_loss-2.3443, train_rmse-1.5311, valid_rmse-1.7981, valid_pr-0.5788
2025-06-09 11:36:05 - INFO - epoch-40, train_loss-2.3170, train_rmse-1.5222, valid_rmse-1.6268, valid_pr-0.5935
2025-06-09 11:36:13 - INFO - epoch-41, train_loss-2.3111, train_rmse-1.5202, valid_rmse-1.6304, valid_pr-0.6010
2025-06-09 11:36:21 - INFO - epoch-42, train_loss-2.3202, train_rmse-1.5232, valid_rmse-1.6584, valid_pr-0.5817
2025-06-09 11:36:29 - INFO - epoch-43, train_loss-2.3066, train_rmse-1.5188, valid_rmse-1.5582, valid_pr-0.5990
2025-06-09 11:36:37 - INFO - epoch-44, train_loss-2.2837, train_rmse-1.5112, valid_rmse-1.6493, valid_pr-0.6072
2025-06-09 11:36:45 - INFO - epoch-45, train_loss-2.2421, train_rmse-1.4974, valid_rmse-1.6202, valid_pr-0.6059
2025-06-09 11:36:54 - INFO - epoch-46, train_loss-2.2587, train_rmse-1.5029, valid_rmse-1.6941, valid_pr-0.5871
2025-06-09 11:37:02 - INFO - epoch-47, train_loss-2.2331, train_rmse-1.4943, valid_rmse-1.6339, valid_pr-0.6085
2025-06-09 11:37:10 - INFO - epoch-48, train_loss-2.2381, train_rmse-1.4960, valid_rmse-1.6786, valid_pr-0.6048
2025-06-09 11:37:17 - INFO - epoch-49, train_loss-2.2236, train_rmse-1.4912, valid_rmse-1.5908, valid_pr-0.6107
2025-06-09 11:37:24 - INFO - epoch-50, train_loss-2.2250, train_rmse-1.4916, valid_rmse-1.6858, valid_pr-0.6045
2025-06-09 11:37:32 - INFO - epoch-51, train_loss-2.1994, train_rmse-1.4830, valid_rmse-1.6337, valid_pr-0.6109
2025-06-09 11:37:40 - INFO - epoch-52, train_loss-2.2057, train_rmse-1.4852, valid_rmse-1.7096, valid_pr-0.6055
2025-06-09 11:37:48 - INFO - epoch-53, train_loss-2.1792, train_rmse-1.4762, valid_rmse-1.6899, valid_pr-0.6178
2025-06-09 11:37:56 - INFO - epoch-54, train_loss-2.1680, train_rmse-1.4724, valid_rmse-1.5728, valid_pr-0.6177
2025-06-09 11:38:04 - INFO - epoch-55, train_loss-2.1597, train_rmse-1.4696, valid_rmse-1.6858, valid_pr-0.6195
2025-06-09 11:38:12 - INFO - epoch-56, train_loss-2.1488, train_rmse-1.4659, valid_rmse-1.6428, valid_pr-0.6013
2025-06-09 11:38:20 - INFO - epoch-57, train_loss-2.1538, train_rmse-1.4676, valid_rmse-1.6350, valid_pr-0.6182
2025-06-09 11:38:29 - INFO - epoch-58, train_loss-2.1606, train_rmse-1.4699, valid_rmse-1.6822, valid_pr-0.6169
2025-06-09 11:38:37 - INFO - epoch-59, train_loss-2.0976, train_rmse-1.4483, valid_rmse-1.7036, valid_pr-0.6255
2025-06-09 11:38:45 - INFO - epoch-60, train_loss-2.1217, train_rmse-1.4566, valid_rmse-1.7099, valid_pr-0.6200
2025-06-09 11:38:53 - INFO - epoch-61, train_loss-2.1178, train_rmse-1.4553, valid_rmse-1.6542, valid_pr-0.6157
2025-06-09 11:39:01 - INFO - epoch-62, train_loss-2.0970, train_rmse-1.4481, valid_rmse-1.6816, valid_pr-0.6130
2025-06-09 11:39:09 - INFO - epoch-63, train_loss-2.0737, train_rmse-1.4400, valid_rmse-1.6506, valid_pr-0.6279
2025-06-09 11:39:17 - INFO - epoch-64, train_loss-2.0707, train_rmse-1.4390, valid_rmse-1.5827, valid_pr-0.6243
2025-06-09 11:39:25 - INFO - epoch-65, train_loss-2.0732, train_rmse-1.4399, valid_rmse-1.6100, valid_pr-0.6251
2025-06-09 11:39:33 - INFO - epoch-66, train_loss-2.0773, train_rmse-1.4413, valid_rmse-1.6233, valid_pr-0.6275
2025-06-09 11:39:40 - INFO - epoch-67, train_loss-2.0378, train_rmse-1.4275, valid_rmse-1.6813, valid_pr-0.6314
2025-06-09 11:39:48 - INFO - epoch-68, train_loss-2.0327, train_rmse-1.4257, valid_rmse-1.6086, valid_pr-0.6417
2025-06-09 11:39:57 - INFO - epoch-69, train_loss-2.0449, train_rmse-1.4300, valid_rmse-1.7240, valid_pr-0.6283
2025-06-09 11:40:05 - INFO - epoch-70, train_loss-2.0259, train_rmse-1.4233, valid_rmse-1.6196, valid_pr-0.6261
2025-06-09 11:40:13 - INFO - epoch-71, train_loss-2.0236, train_rmse-1.4225, valid_rmse-1.6547, valid_pr-0.6485
2025-06-09 11:40:20 - INFO - epoch-72, train_loss-2.0152, train_rmse-1.4196, valid_rmse-1.5941, valid_pr-0.6456
2025-06-09 11:40:28 - INFO - epoch-73, train_loss-1.9950, train_rmse-1.4124, valid_rmse-1.6192, valid_pr-0.6399
2025-06-09 11:40:36 - INFO - epoch-74, train_loss-1.9735, train_rmse-1.4048, valid_rmse-1.6122, valid_pr-0.6492
2025-06-09 11:40:44 - INFO - epoch-75, train_loss-1.9489, train_rmse-1.3960, valid_rmse-1.5965, valid_pr-0.6491
2025-06-09 11:40:52 - INFO - epoch-76, train_loss-1.9622, train_rmse-1.4008, valid_rmse-1.6678, valid_pr-0.6380
2025-06-09 11:41:00 - INFO - epoch-77, train_loss-1.9916, train_rmse-1.4112, valid_rmse-1.5888, valid_pr-0.6394
2025-06-09 11:41:07 - INFO - epoch-78, train_loss-1.9583, train_rmse-1.3994, valid_rmse-1.6815, valid_pr-0.6411
2025-06-09 11:41:15 - INFO - epoch-79, train_loss-1.9312, train_rmse-1.3897, valid_rmse-1.6641, valid_pr-0.6440
2025-06-09 11:41:23 - INFO - epoch-80, train_loss-1.9296, train_rmse-1.3891, valid_rmse-1.6453, valid_pr-0.6241
2025-06-09 11:41:31 - INFO - epoch-81, train_loss-1.9363, train_rmse-1.3915, valid_rmse-1.6953, valid_pr-0.6444
2025-06-09 11:41:39 - INFO - epoch-82, train_loss-1.9025, train_rmse-1.3793, valid_rmse-1.6156, valid_pr-0.6554
2025-06-09 11:41:47 - INFO - epoch-83, train_loss-1.8969, train_rmse-1.3773, valid_rmse-1.5993, valid_pr-0.6402
2025-06-09 11:41:55 - INFO - epoch-84, train_loss-1.8965, train_rmse-1.3771, valid_rmse-1.6206, valid_pr-0.6383
2025-06-09 11:42:02 - INFO - epoch-85, train_loss-1.8726, train_rmse-1.3684, valid_rmse-1.6723, valid_pr-0.6419
2025-06-09 11:42:11 - INFO - epoch-86, train_loss-1.8718, train_rmse-1.3681, valid_rmse-1.5954, valid_pr-0.6620
2025-06-09 11:42:18 - INFO - epoch-87, train_loss-1.8579, train_rmse-1.3631, valid_rmse-1.6267, valid_pr-0.6383
2025-06-09 11:42:26 - INFO - epoch-88, train_loss-1.8244, train_rmse-1.3507, valid_rmse-1.6157, valid_pr-0.6471
2025-06-09 11:42:34 - INFO - epoch-89, train_loss-1.8372, train_rmse-1.3554, valid_rmse-1.5723, valid_pr-0.6527
2025-06-09 11:42:42 - INFO - epoch-90, train_loss-1.8187, train_rmse-1.3486, valid_rmse-1.6319, valid_pr-0.6367
2025-06-09 11:42:50 - INFO - epoch-91, train_loss-1.8374, train_rmse-1.3555, valid_rmse-1.7407, valid_pr-0.6496
2025-06-09 11:42:57 - INFO - epoch-92, train_loss-1.8146, train_rmse-1.3471, valid_rmse-1.6544, valid_pr-0.6262
2025-06-09 11:43:05 - INFO - epoch-93, train_loss-1.8163, train_rmse-1.3477, valid_rmse-1.6299, valid_pr-0.6519
2025-06-09 11:43:13 - INFO - epoch-94, train_loss-1.8142, train_rmse-1.3469, valid_rmse-1.6480, valid_pr-0.6394
2025-06-09 11:43:21 - INFO - epoch-95, train_loss-1.8011, train_rmse-1.3421, valid_rmse-1.5974, valid_pr-0.6473
2025-06-09 11:43:28 - INFO - epoch-96, train_loss-1.8009, train_rmse-1.3420, valid_rmse-1.5619, valid_pr-0.6518
2025-06-09 11:43:36 - INFO - epoch-97, train_loss-1.7803, train_rmse-1.3343, valid_rmse-1.5634, valid_pr-0.6599
2025-06-09 11:43:44 - INFO - epoch-98, train_loss-1.7786, train_rmse-1.3337, valid_rmse-1.6319, valid_pr-0.6509
2025-06-09 11:43:52 - INFO - epoch-99, train_loss-1.7812, train_rmse-1.3346, valid_rmse-1.6496, valid_pr-0.6463
2025-06-09 11:44:00 - INFO - epoch-100, train_loss-1.7472, train_rmse-1.3218, valid_rmse-1.5671, valid_pr-0.6614
2025-06-09 11:44:08 - INFO - epoch-101, train_loss-1.7192, train_rmse-1.3112, valid_rmse-1.5752, valid_pr-0.6539
2025-06-09 11:44:16 - INFO - epoch-102, train_loss-1.7531, train_rmse-1.3240, valid_rmse-1.5798, valid_pr-0.6507
2025-06-09 11:44:26 - INFO - epoch-103, train_loss-1.7415, train_rmse-1.3196, valid_rmse-1.6964, valid_pr-0.6465
2025-06-09 11:44:35 - INFO - epoch-104, train_loss-1.7216, train_rmse-1.3121, valid_rmse-1.6263, valid_pr-0.6390
2025-06-09 11:44:44 - INFO - epoch-105, train_loss-1.7236, train_rmse-1.3129, valid_rmse-1.5977, valid_pr-0.6394
2025-06-09 11:44:53 - INFO - epoch-106, train_loss-1.6778, train_rmse-1.2953, valid_rmse-1.5958, valid_pr-0.6279
2025-06-09 11:45:02 - INFO - epoch-107, train_loss-1.6979, train_rmse-1.3030, valid_rmse-1.5535, valid_pr-0.6556
2025-06-09 11:45:10 - INFO - epoch-108, train_loss-1.6823, train_rmse-1.2970, valid_rmse-1.5720, valid_pr-0.6599
2025-06-09 11:45:19 - INFO - epoch-109, train_loss-1.6772, train_rmse-1.2951, valid_rmse-1.5978, valid_pr-0.6480
2025-06-09 11:45:28 - INFO - epoch-110, train_loss-1.6983, train_rmse-1.3032, valid_rmse-1.5916, valid_pr-0.6541
2025-06-09 11:45:36 - INFO - epoch-111, train_loss-1.6882, train_rmse-1.2993, valid_rmse-1.5661, valid_pr-0.6523
2025-06-09 11:46:34 - INFO - epoch-112, train_loss-1.6401, train_rmse-1.2807, valid_rmse-1.5789, valid_pr-0.6542
2025-06-09 11:46:58 - INFO - epoch-113, train_loss-1.6702, train_rmse-1.2924, valid_rmse-1.6422, valid_pr-0.6523
2025-06-09 11:47:24 - INFO - epoch-114, train_loss-1.6413, train_rmse-1.2811, valid_rmse-1.5334, valid_pr-0.6468
2025-06-09 11:47:48 - INFO - epoch-115, train_loss-1.6582, train_rmse-1.2877, valid_rmse-1.5841, valid_pr-0.6501
2025-06-09 11:48:14 - INFO - epoch-116, train_loss-1.6425, train_rmse-1.2816, valid_rmse-1.5770, valid_pr-0.6337
2025-06-09 11:48:39 - INFO - epoch-117, train_loss-1.6682, train_rmse-1.2916, valid_rmse-1.5836, valid_pr-0.6552
2025-06-09 11:49:09 - INFO - epoch-118, train_loss-1.6240, train_rmse-1.2744, valid_rmse-1.6219, valid_pr-0.6568
2025-06-09 11:49:35 - INFO - epoch-119, train_loss-1.6309, train_rmse-1.2771, valid_rmse-1.5694, valid_pr-0.6414
2025-06-09 11:50:02 - INFO - epoch-120, train_loss-1.6184, train_rmse-1.2722, valid_rmse-1.5612, valid_pr-0.6492
2025-06-09 11:50:30 - INFO - epoch-121, train_loss-1.6349, train_rmse-1.2786, valid_rmse-1.6172, valid_pr-0.6497
2025-06-09 11:50:52 - INFO - epoch-122, train_loss-1.5925, train_rmse-1.2619, valid_rmse-1.5895, valid_pr-0.6574
2025-06-09 11:51:19 - INFO - epoch-123, train_loss-1.5951, train_rmse-1.2630, valid_rmse-1.5436, valid_pr-0.6494
2025-06-09 11:51:40 - INFO - epoch-124, train_loss-1.5554, train_rmse-1.2472, valid_rmse-1.5483, valid_pr-0.6668
2025-06-09 11:52:05 - INFO - epoch-125, train_loss-1.5857, train_rmse-1.2592, valid_rmse-1.6060, valid_pr-0.6524
2025-06-09 11:52:30 - INFO - epoch-126, train_loss-1.5557, train_rmse-1.2473, valid_rmse-1.6130, valid_pr-0.6590
2025-06-09 11:52:54 - INFO - epoch-127, train_loss-1.5618, train_rmse-1.2497, valid_rmse-1.5930, valid_pr-0.6365
2025-06-09 11:53:19 - INFO - epoch-128, train_loss-1.5518, train_rmse-1.2457, valid_rmse-1.5975, valid_pr-0.6618
2025-06-09 11:53:44 - INFO - epoch-129, train_loss-1.5736, train_rmse-1.2544, valid_rmse-1.5659, valid_pr-0.6500
2025-06-09 11:54:10 - INFO - epoch-130, train_loss-1.5479, train_rmse-1.2441, valid_rmse-1.5552, valid_pr-0.6505
2025-06-09 11:54:35 - INFO - epoch-131, train_loss-1.5339, train_rmse-1.2385, valid_rmse-1.6383, valid_pr-0.6573
2025-06-09 11:55:01 - INFO - epoch-132, train_loss-1.5034, train_rmse-1.2261, valid_rmse-1.6389, valid_pr-0.6592
2025-06-09 11:55:26 - INFO - epoch-133, train_loss-1.5411, train_rmse-1.2414, valid_rmse-1.6530, valid_pr-0.6360
2025-06-09 11:55:51 - INFO - epoch-134, train_loss-1.5382, train_rmse-1.2402, valid_rmse-1.6062, valid_pr-0.6383
2025-06-09 11:56:16 - INFO - epoch-135, train_loss-1.5099, train_rmse-1.2288, valid_rmse-1.5746, valid_pr-0.6555
2025-06-09 11:56:41 - INFO - epoch-136, train_loss-1.4992, train_rmse-1.2244, valid_rmse-1.6331, valid_pr-0.6506
2025-06-09 11:57:06 - INFO - epoch-137, train_loss-1.5028, train_rmse-1.2259, valid_rmse-1.5722, valid_pr-0.6644
2025-06-09 11:57:32 - INFO - epoch-138, train_loss-1.4823, train_rmse-1.2175, valid_rmse-1.6851, valid_pr-0.6581
2025-06-09 11:57:57 - INFO - epoch-139, train_loss-1.5036, train_rmse-1.2262, valid_rmse-1.5927, valid_pr-0.6587
2025-06-09 11:58:22 - INFO - epoch-140, train_loss-1.5058, train_rmse-1.2271, valid_rmse-1.6143, valid_pr-0.6600
2025-06-09 11:58:47 - INFO - epoch-141, train_loss-1.4730, train_rmse-1.2137, valid_rmse-1.5824, valid_pr-0.6569
2025-06-09 11:59:12 - INFO - epoch-142, train_loss-1.4743, train_rmse-1.2142, valid_rmse-1.5922, valid_pr-0.6395
2025-06-09 11:59:37 - INFO - epoch-143, train_loss-1.4669, train_rmse-1.2112, valid_rmse-1.5554, valid_pr-0.6686
2025-06-09 12:00:03 - INFO - epoch-144, train_loss-1.4825, train_rmse-1.2176, valid_rmse-1.5735, valid_pr-0.6608
2025-06-09 12:00:21 - INFO - epoch-145, train_loss-1.4576, train_rmse-1.2073, valid_rmse-1.5795, valid_pr-0.6514
2025-06-09 12:00:38 - INFO - epoch-146, train_loss-1.4662, train_rmse-1.2109, valid_rmse-1.6693, valid_pr-0.6609
2025-06-09 12:00:52 - INFO - epoch-147, train_loss-1.4331, train_rmse-1.1971, valid_rmse-1.5941, valid_pr-0.6281
2025-06-09 12:01:09 - INFO - epoch-148, train_loss-1.4503, train_rmse-1.2043, valid_rmse-1.6007, valid_pr-0.6583
2025-06-09 12:01:26 - INFO - epoch-149, train_loss-1.4665, train_rmse-1.2110, valid_rmse-1.5420, valid_pr-0.6654
2025-06-09 12:01:43 - INFO - epoch-150, train_loss-1.4216, train_rmse-1.1923, valid_rmse-1.6159, valid_pr-0.6537
2025-06-09 12:01:59 - INFO - epoch-151, train_loss-1.4362, train_rmse-1.1984, valid_rmse-1.6063, valid_pr-0.6490
2025-06-09 12:02:16 - INFO - epoch-152, train_loss-1.4354, train_rmse-1.1981, valid_rmse-1.5680, valid_pr-0.6500
2025-06-09 12:02:28 - INFO - epoch-153, train_loss-1.4127, train_rmse-1.1886, valid_rmse-1.5679, valid_pr-0.6592
2025-06-09 12:02:39 - INFO - epoch-154, train_loss-1.4092, train_rmse-1.1871, valid_rmse-1.6670, valid_pr-0.6466
2025-06-09 12:02:48 - INFO - epoch-155, train_loss-1.4179, train_rmse-1.1907, valid_rmse-1.6564, valid_pr-0.6384
2025-06-09 12:02:56 - INFO - epoch-156, train_loss-1.4166, train_rmse-1.1902, valid_rmse-1.5984, valid_pr-0.6449
2025-06-09 12:03:05 - INFO - epoch-157, train_loss-1.4243, train_rmse-1.1934, valid_rmse-1.6391, valid_pr-0.6534
2025-06-09 12:03:13 - INFO - epoch-158, train_loss-1.4039, train_rmse-1.1849, valid_rmse-1.6499, valid_pr-0.6496
2025-06-09 12:03:21 - INFO - epoch-159, train_loss-1.3958, train_rmse-1.1814, valid_rmse-1.6017, valid_pr-0.6524
2025-06-09 12:03:29 - INFO - epoch-160, train_loss-1.3963, train_rmse-1.1817, valid_rmse-1.5585, valid_pr-0.6531
2025-06-09 12:03:37 - INFO - epoch-161, train_loss-1.3871, train_rmse-1.1777, valid_rmse-1.5974, valid_pr-0.6475
2025-06-09 12:03:45 - INFO - epoch-162, train_loss-1.3920, train_rmse-1.1798, valid_rmse-1.5382, valid_pr-0.6536
2025-06-09 12:03:53 - INFO - epoch-163, train_loss-1.3793, train_rmse-1.1744, valid_rmse-1.5943, valid_pr-0.6437
2025-06-09 12:04:02 - INFO - epoch-164, train_loss-1.3709, train_rmse-1.1709, valid_rmse-1.5817, valid_pr-0.6609
2025-06-09 12:04:10 - INFO - epoch-165, train_loss-1.3936, train_rmse-1.1805, valid_rmse-1.6420, valid_pr-0.6540
2025-06-09 12:04:19 - INFO - epoch-166, train_loss-1.3812, train_rmse-1.1753, valid_rmse-1.6125, valid_pr-0.6641
2025-06-09 12:04:27 - INFO - epoch-167, train_loss-1.3776, train_rmse-1.1737, valid_rmse-1.6065, valid_pr-0.6580
2025-06-09 12:04:35 - INFO - epoch-168, train_loss-1.3577, train_rmse-1.1652, valid_rmse-1.6105, valid_pr-0.6495
2025-06-09 12:04:44 - INFO - epoch-169, train_loss-1.3447, train_rmse-1.1596, valid_rmse-1.6025, valid_pr-0.6511
2025-06-09 12:04:52 - INFO - epoch-170, train_loss-1.3479, train_rmse-1.1610, valid_rmse-1.5629, valid_pr-0.6638
2025-06-09 12:05:00 - INFO - epoch-171, train_loss-1.3297, train_rmse-1.1531, valid_rmse-1.6047, valid_pr-0.6518
2025-06-09 12:05:08 - INFO - epoch-172, train_loss-1.3466, train_rmse-1.1604, valid_rmse-1.6914, valid_pr-0.6441
2025-06-09 12:05:16 - INFO - epoch-173, train_loss-1.3589, train_rmse-1.1657, valid_rmse-1.6159, valid_pr-0.6589
2025-06-09 12:05:24 - INFO - epoch-174, train_loss-1.3396, train_rmse-1.1574, valid_rmse-1.5417, valid_pr-0.6652
2025-06-09 12:05:32 - INFO - epoch-175, train_loss-1.3314, train_rmse-1.1539, valid_rmse-1.6016, valid_pr-0.6382
2025-06-09 12:05:39 - INFO - epoch-176, train_loss-1.3116, train_rmse-1.1453, valid_rmse-1.5596, valid_pr-0.6622
2025-06-09 12:05:47 - INFO - epoch-177, train_loss-1.3189, train_rmse-1.1484, valid_rmse-1.5973, valid_pr-0.6471
2025-06-09 12:05:55 - INFO - epoch-178, train_loss-1.3149, train_rmse-1.1467, valid_rmse-1.6002, valid_pr-0.6601
2025-06-09 12:06:03 - INFO - epoch-179, train_loss-1.3004, train_rmse-1.1404, valid_rmse-1.5918, valid_pr-0.6524
2025-06-09 12:06:11 - INFO - epoch-180, train_loss-1.2942, train_rmse-1.1376, valid_rmse-1.6038, valid_pr-0.6495
2025-06-09 12:06:19 - INFO - epoch-181, train_loss-1.3007, train_rmse-1.1405, valid_rmse-1.6896, valid_pr-0.6515
2025-06-09 12:06:27 - INFO - epoch-182, train_loss-1.2828, train_rmse-1.1326, valid_rmse-1.5445, valid_pr-0.6522
2025-06-09 12:06:34 - INFO - epoch-183, train_loss-1.3041, train_rmse-1.1420, valid_rmse-1.6127, valid_pr-0.6620
2025-06-09 12:06:42 - INFO - epoch-184, train_loss-1.2910, train_rmse-1.1362, valid_rmse-1.5618, valid_pr-0.6534
2025-06-09 12:06:50 - INFO - epoch-185, train_loss-1.2951, train_rmse-1.1380, valid_rmse-1.5584, valid_pr-0.6557
2025-06-09 12:06:58 - INFO - epoch-186, train_loss-1.2888, train_rmse-1.1353, valid_rmse-1.6225, valid_pr-0.6498
2025-06-09 12:07:06 - INFO - epoch-187, train_loss-1.2753, train_rmse-1.1293, valid_rmse-1.5753, valid_pr-0.6500
2025-06-09 12:07:13 - INFO - epoch-188, train_loss-1.2876, train_rmse-1.1347, valid_rmse-1.6507, valid_pr-0.6554
2025-06-09 12:07:21 - INFO - epoch-189, train_loss-1.2936, train_rmse-1.1374, valid_rmse-1.5971, valid_pr-0.6599
2025-06-09 12:07:29 - INFO - epoch-190, train_loss-1.2829, train_rmse-1.1327, valid_rmse-1.6269, valid_pr-0.6546
2025-06-09 12:07:37 - INFO - epoch-191, train_loss-1.2594, train_rmse-1.1222, valid_rmse-1.6018, valid_pr-0.6576
2025-06-09 12:07:45 - INFO - epoch-192, train_loss-1.2741, train_rmse-1.1288, valid_rmse-1.6087, valid_pr-0.6574
2025-06-09 12:07:52 - INFO - epoch-193, train_loss-1.2496, train_rmse-1.1179, valid_rmse-1.5928, valid_pr-0.6539
2025-06-09 12:08:00 - INFO - epoch-194, train_loss-1.2571, train_rmse-1.1212, valid_rmse-1.5957, valid_pr-0.6510
2025-06-09 12:08:08 - INFO - epoch-195, train_loss-1.2534, train_rmse-1.1196, valid_rmse-1.5823, valid_pr-0.6537
2025-06-09 12:08:16 - INFO - epoch-196, train_loss-1.2414, train_rmse-1.1142, valid_rmse-1.5454, valid_pr-0.6613
2025-06-09 12:08:24 - INFO - epoch-197, train_loss-1.2621, train_rmse-1.1234, valid_rmse-1.5411, valid_pr-0.6582
2025-06-09 12:08:31 - INFO - epoch-198, train_loss-1.2292, train_rmse-1.1087, valid_rmse-1.5945, valid_pr-0.6479
2025-06-09 12:08:40 - INFO - epoch-199, train_loss-1.2434, train_rmse-1.1151, valid_rmse-1.5177, valid_pr-0.6473
2025-06-09 12:08:47 - INFO - epoch-200, train_loss-1.2286, train_rmse-1.1084, valid_rmse-1.6202, valid_pr-0.6525
2025-06-09 12:08:55 - INFO - epoch-201, train_loss-1.2164, train_rmse-1.1029, valid_rmse-1.5333, valid_pr-0.6575
2025-06-09 12:09:03 - INFO - epoch-202, train_loss-1.2451, train_rmse-1.1158, valid_rmse-1.6348, valid_pr-0.6321
2025-06-09 12:09:11 - INFO - epoch-203, train_loss-1.2327, train_rmse-1.1103, valid_rmse-1.5087, valid_pr-0.6556
2025-06-09 12:09:19 - INFO - epoch-204, train_loss-1.2425, train_rmse-1.1147, valid_rmse-1.6328, valid_pr-0.6491
2025-06-09 12:09:27 - INFO - epoch-205, train_loss-1.2168, train_rmse-1.1031, valid_rmse-1.5958, valid_pr-0.6340
2025-06-09 12:09:34 - INFO - epoch-206, train_loss-1.2191, train_rmse-1.1041, valid_rmse-1.5813, valid_pr-0.6429
2025-06-09 12:09:42 - INFO - epoch-207, train_loss-1.2375, train_rmse-1.1124, valid_rmse-1.5849, valid_pr-0.6489
2025-06-09 12:09:49 - INFO - epoch-208, train_loss-1.1912, train_rmse-1.0914, valid_rmse-1.6279, valid_pr-0.6454
2025-06-09 12:09:57 - INFO - epoch-209, train_loss-1.2078, train_rmse-1.0990, valid_rmse-1.6384, valid_pr-0.6455
2025-06-09 12:10:05 - INFO - epoch-210, train_loss-1.2190, train_rmse-1.1041, valid_rmse-1.5639, valid_pr-0.6582
2025-06-09 12:10:12 - INFO - epoch-211, train_loss-1.1964, train_rmse-1.0938, valid_rmse-1.5852, valid_pr-0.6513
2025-06-09 12:10:20 - INFO - epoch-212, train_loss-1.1961, train_rmse-1.0937, valid_rmse-1.6249, valid_pr-0.6552
2025-06-09 12:10:28 - INFO - epoch-213, train_loss-1.1917, train_rmse-1.0917, valid_rmse-1.6277, valid_pr-0.6461
2025-06-09 12:10:36 - INFO - epoch-214, train_loss-1.2074, train_rmse-1.0988, valid_rmse-1.5551, valid_pr-0.6588
2025-06-09 12:10:44 - INFO - epoch-215, train_loss-1.2135, train_rmse-1.1016, valid_rmse-1.6138, valid_pr-0.6575
2025-06-09 12:10:52 - INFO - epoch-216, train_loss-1.1966, train_rmse-1.0939, valid_rmse-1.6182, valid_pr-0.6552
2025-06-09 12:11:00 - INFO - epoch-217, train_loss-1.1849, train_rmse-1.0885, valid_rmse-1.5563, valid_pr-0.6560
2025-06-09 12:11:08 - INFO - epoch-218, train_loss-1.2021, train_rmse-1.0964, valid_rmse-1.6433, valid_pr-0.6433
2025-06-09 12:11:16 - INFO - epoch-219, train_loss-1.1919, train_rmse-1.0917, valid_rmse-1.5760, valid_pr-0.6550
2025-06-09 12:11:24 - INFO - epoch-220, train_loss-1.1673, train_rmse-1.0804, valid_rmse-1.5332, valid_pr-0.6535
2025-06-09 12:11:31 - INFO - epoch-221, train_loss-1.1843, train_rmse-1.0883, valid_rmse-1.6467, valid_pr-0.6361
2025-06-09 12:11:39 - INFO - epoch-222, train_loss-1.1791, train_rmse-1.0859, valid_rmse-1.6503, valid_pr-0.6525
2025-06-09 12:11:47 - INFO - epoch-223, train_loss-1.1819, train_rmse-1.0872, valid_rmse-1.5660, valid_pr-0.6495
2025-06-09 12:11:55 - INFO - epoch-224, train_loss-1.1877, train_rmse-1.0898, valid_rmse-1.5555, valid_pr-0.6563
2025-06-09 12:12:02 - INFO - epoch-225, train_loss-1.1800, train_rmse-1.0863, valid_rmse-1.6142, valid_pr-0.6433
2025-06-09 12:12:09 - INFO - epoch-226, train_loss-1.1613, train_rmse-1.0776, valid_rmse-1.5311, valid_pr-0.6584
2025-06-09 12:12:17 - INFO - epoch-227, train_loss-1.1636, train_rmse-1.0787, valid_rmse-1.5731, valid_pr-0.6532
2025-06-09 12:12:24 - INFO - epoch-228, train_loss-1.1588, train_rmse-1.0765, valid_rmse-1.5429, valid_pr-0.6487
2025-06-09 12:12:32 - INFO - epoch-229, train_loss-1.1535, train_rmse-1.0740, valid_rmse-1.5778, valid_pr-0.6491
2025-06-09 12:12:40 - INFO - epoch-230, train_loss-1.1356, train_rmse-1.0656, valid_rmse-1.5701, valid_pr-0.6461
2025-06-09 12:12:47 - INFO - epoch-231, train_loss-1.1228, train_rmse-1.0596, valid_rmse-1.5520, valid_pr-0.6488
2025-06-09 12:12:55 - INFO - epoch-232, train_loss-1.1700, train_rmse-1.0817, valid_rmse-1.6338, valid_pr-0.6421
2025-06-09 12:13:02 - INFO - epoch-233, train_loss-1.1497, train_rmse-1.0722, valid_rmse-1.5752, valid_pr-0.6520
2025-06-09 12:13:10 - INFO - epoch-234, train_loss-1.1450, train_rmse-1.0700, valid_rmse-1.5733, valid_pr-0.6599
2025-06-09 12:13:18 - INFO - epoch-235, train_loss-1.1441, train_rmse-1.0696, valid_rmse-1.5143, valid_pr-0.6661
2025-06-09 12:13:26 - INFO - epoch-236, train_loss-1.1563, train_rmse-1.0753, valid_rmse-1.5993, valid_pr-0.6534
2025-06-09 12:13:34 - INFO - epoch-237, train_loss-1.1299, train_rmse-1.0630, valid_rmse-1.5701, valid_pr-0.6599
2025-06-09 12:13:41 - INFO - epoch-238, train_loss-1.1340, train_rmse-1.0649, valid_rmse-1.5525, valid_pr-0.6557
2025-06-09 12:13:49 - INFO - epoch-239, train_loss-1.1365, train_rmse-1.0661, valid_rmse-1.5807, valid_pr-0.6673
2025-06-09 12:13:57 - INFO - epoch-240, train_loss-1.1291, train_rmse-1.0626, valid_rmse-1.6006, valid_pr-0.6575
2025-06-09 12:14:05 - INFO - epoch-241, train_loss-1.1146, train_rmse-1.0557, valid_rmse-1.5512, valid_pr-0.6526
2025-06-09 12:14:13 - INFO - epoch-242, train_loss-1.1105, train_rmse-1.0538, valid_rmse-1.5244, valid_pr-0.6606
2025-06-09 12:14:21 - INFO - epoch-243, train_loss-1.1267, train_rmse-1.0614, valid_rmse-1.5360, valid_pr-0.6491
2025-06-09 12:14:29 - INFO - epoch-244, train_loss-1.1196, train_rmse-1.0581, valid_rmse-1.5421, valid_pr-0.6471
2025-06-09 12:14:37 - INFO - epoch-245, train_loss-1.1290, train_rmse-1.0625, valid_rmse-1.5675, valid_pr-0.6576
2025-06-09 12:14:44 - INFO - epoch-246, train_loss-1.1316, train_rmse-1.0638, valid_rmse-1.5393, valid_pr-0.6517
2025-06-09 12:14:52 - INFO - epoch-247, train_loss-1.1162, train_rmse-1.0565, valid_rmse-1.5354, valid_pr-0.6640
2025-06-09 12:15:00 - INFO - epoch-248, train_loss-1.0929, train_rmse-1.0454, valid_rmse-1.5706, valid_pr-0.6575
2025-06-09 12:15:07 - INFO - epoch-249, train_loss-1.1018, train_rmse-1.0496, valid_rmse-1.5607, valid_pr-0.6518
2025-06-09 12:15:15 - INFO - epoch-250, train_loss-1.0719, train_rmse-1.0353, valid_rmse-1.5483, valid_pr-0.6596
2025-06-09 12:15:23 - INFO - epoch-251, train_loss-1.1118, train_rmse-1.0544, valid_rmse-1.5510, valid_pr-0.6716
2025-06-09 12:15:30 - INFO - epoch-252, train_loss-1.1080, train_rmse-1.0526, valid_rmse-1.5533, valid_pr-0.6573
2025-06-09 12:15:38 - INFO - epoch-253, train_loss-1.0932, train_rmse-1.0455, valid_rmse-1.5521, valid_pr-0.6566
2025-06-09 12:15:46 - INFO - epoch-254, train_loss-1.0824, train_rmse-1.0404, valid_rmse-1.5279, valid_pr-0.6658
2025-06-09 12:15:54 - INFO - epoch-255, train_loss-1.0823, train_rmse-1.0403, valid_rmse-1.5556, valid_pr-0.6642
2025-06-09 12:16:01 - INFO - epoch-256, train_loss-1.0866, train_rmse-1.0424, valid_rmse-1.5148, valid_pr-0.6545
2025-06-09 12:16:09 - INFO - epoch-257, train_loss-1.0863, train_rmse-1.0423, valid_rmse-1.5481, valid_pr-0.6688
2025-06-09 12:16:17 - INFO - epoch-258, train_loss-1.1030, train_rmse-1.0503, valid_rmse-1.5649, valid_pr-0.6543
2025-06-09 12:16:25 - INFO - epoch-259, train_loss-1.0942, train_rmse-1.0461, valid_rmse-1.5718, valid_pr-0.6630
2025-06-09 12:16:33 - INFO - epoch-260, train_loss-1.1010, train_rmse-1.0493, valid_rmse-1.5620, valid_pr-0.6545
2025-06-09 12:16:41 - INFO - epoch-261, train_loss-1.0662, train_rmse-1.0326, valid_rmse-1.5832, valid_pr-0.6648
2025-06-09 12:16:48 - INFO - epoch-262, train_loss-1.0847, train_rmse-1.0415, valid_rmse-1.5485, valid_pr-0.6650
2025-06-09 12:16:56 - INFO - epoch-263, train_loss-1.0876, train_rmse-1.0429, valid_rmse-1.6064, valid_pr-0.6457
2025-06-09 12:17:04 - INFO - epoch-264, train_loss-1.0802, train_rmse-1.0393, valid_rmse-1.5119, valid_pr-0.6712
2025-06-09 12:17:12 - INFO - epoch-265, train_loss-1.0853, train_rmse-1.0418, valid_rmse-1.5335, valid_pr-0.6693
2025-06-09 12:17:20 - INFO - epoch-266, train_loss-1.0750, train_rmse-1.0368, valid_rmse-1.5411, valid_pr-0.6588
2025-06-09 12:17:27 - INFO - epoch-267, train_loss-1.0763, train_rmse-1.0375, valid_rmse-1.5427, valid_pr-0.6675
2025-06-09 12:17:35 - INFO - epoch-268, train_loss-1.0739, train_rmse-1.0363, valid_rmse-1.5006, valid_pr-0.6745
2025-06-09 12:17:43 - INFO - epoch-269, train_loss-1.0797, train_rmse-1.0391, valid_rmse-1.5164, valid_pr-0.6594
2025-06-09 12:17:51 - INFO - epoch-270, train_loss-1.0729, train_rmse-1.0358, valid_rmse-1.5552, valid_pr-0.6632
2025-06-09 12:17:59 - INFO - epoch-271, train_loss-1.0595, train_rmse-1.0293, valid_rmse-1.4898, valid_pr-0.6714
2025-06-09 12:18:06 - INFO - epoch-272, train_loss-1.0523, train_rmse-1.0258, valid_rmse-1.5562, valid_pr-0.6584
2025-06-09 12:18:14 - INFO - epoch-273, train_loss-1.0395, train_rmse-1.0196, valid_rmse-1.5397, valid_pr-0.6642
2025-06-09 12:18:22 - INFO - epoch-274, train_loss-1.0469, train_rmse-1.0232, valid_rmse-1.4929, valid_pr-0.6734
2025-06-09 12:18:30 - INFO - epoch-275, train_loss-1.0544, train_rmse-1.0268, valid_rmse-1.5700, valid_pr-0.6544
2025-06-09 12:18:38 - INFO - epoch-276, train_loss-1.0400, train_rmse-1.0198, valid_rmse-1.5942, valid_pr-0.6580
2025-06-09 12:18:46 - INFO - epoch-277, train_loss-1.0421, train_rmse-1.0208, valid_rmse-1.4966, valid_pr-0.6646
2025-06-09 12:18:54 - INFO - epoch-278, train_loss-1.0479, train_rmse-1.0237, valid_rmse-1.5138, valid_pr-0.6661
2025-06-09 12:19:01 - INFO - epoch-279, train_loss-1.0445, train_rmse-1.0220, valid_rmse-1.5096, valid_pr-0.6602
2025-06-09 12:19:09 - INFO - epoch-280, train_loss-1.0553, train_rmse-1.0273, valid_rmse-1.4563, valid_pr-0.6708
2025-06-09 12:19:17 - INFO - epoch-281, train_loss-1.0649, train_rmse-1.0319, valid_rmse-1.5206, valid_pr-0.6671
2025-06-09 12:19:25 - INFO - epoch-282, train_loss-1.0491, train_rmse-1.0242, valid_rmse-1.4966, valid_pr-0.6786
2025-06-09 12:19:33 - INFO - epoch-283, train_loss-1.0375, train_rmse-1.0186, valid_rmse-1.4793, valid_pr-0.6612
2025-06-09 12:19:41 - INFO - epoch-284, train_loss-1.0399, train_rmse-1.0197, valid_rmse-1.5461, valid_pr-0.6518
2025-06-09 12:19:49 - INFO - epoch-285, train_loss-1.0284, train_rmse-1.0141, valid_rmse-1.5511, valid_pr-0.6615
2025-06-09 12:19:57 - INFO - epoch-286, train_loss-1.0213, train_rmse-1.0106, valid_rmse-1.5337, valid_pr-0.6567
2025-06-09 12:20:05 - INFO - epoch-287, train_loss-1.0422, train_rmse-1.0209, valid_rmse-1.4867, valid_pr-0.6745
2025-06-09 12:20:13 - INFO - epoch-288, train_loss-1.0521, train_rmse-1.0257, valid_rmse-1.5474, valid_pr-0.6410
2025-06-09 12:20:20 - INFO - epoch-289, train_loss-1.0230, train_rmse-1.0115, valid_rmse-1.5478, valid_pr-0.6574
2025-06-09 12:20:28 - INFO - epoch-290, train_loss-1.0270, train_rmse-1.0134, valid_rmse-1.5425, valid_pr-0.6711
2025-06-09 12:20:36 - INFO - epoch-291, train_loss-1.0062, train_rmse-1.0031, valid_rmse-1.5473, valid_pr-0.6560
2025-06-09 12:20:44 - INFO - epoch-292, train_loss-1.0032, train_rmse-1.0016, valid_rmse-1.4950, valid_pr-0.6696
2025-06-09 12:20:52 - INFO - epoch-293, train_loss-1.0156, train_rmse-1.0078, valid_rmse-1.5493, valid_pr-0.6471
2025-06-09 12:21:00 - INFO - epoch-294, train_loss-1.0164, train_rmse-1.0082, valid_rmse-1.5513, valid_pr-0.6559
2025-06-09 12:21:08 - INFO - epoch-295, train_loss-1.0091, train_rmse-1.0046, valid_rmse-1.4869, valid_pr-0.6674
2025-06-09 12:21:16 - INFO - epoch-296, train_loss-1.0144, train_rmse-1.0072, valid_rmse-1.5597, valid_pr-0.6568
2025-06-09 12:21:23 - INFO - epoch-297, train_loss-1.0223, train_rmse-1.0111, valid_rmse-1.5358, valid_pr-0.6616
2025-06-09 12:21:31 - INFO - epoch-298, train_loss-1.0229, train_rmse-1.0114, valid_rmse-1.4666, valid_pr-0.6642
2025-06-09 12:21:39 - INFO - epoch-299, train_loss-1.0112, train_rmse-1.0056, valid_rmse-1.5569, valid_pr-0.6654
2025-06-09 12:21:47 - INFO - epoch-300, train_loss-1.0201, train_rmse-1.0100, valid_rmse-1.5328, valid_pr-0.6542
2025-06-09 12:21:54 - INFO - epoch-301, train_loss-1.0140, train_rmse-1.0070, valid_rmse-1.5304, valid_pr-0.6709
2025-06-09 12:22:02 - INFO - epoch-302, train_loss-0.9954, train_rmse-0.9977, valid_rmse-1.5189, valid_pr-0.6616
2025-06-09 12:22:10 - INFO - epoch-303, train_loss-0.9907, train_rmse-0.9953, valid_rmse-1.5084, valid_pr-0.6674
2025-06-09 12:22:18 - INFO - epoch-304, train_loss-0.9957, train_rmse-0.9978, valid_rmse-1.4760, valid_pr-0.6555
2025-06-09 12:22:25 - INFO - epoch-305, train_loss-1.0028, train_rmse-1.0014, valid_rmse-1.5598, valid_pr-0.6636
2025-06-09 12:22:33 - INFO - epoch-306, train_loss-0.9954, train_rmse-0.9977, valid_rmse-1.5018, valid_pr-0.6669
2025-06-09 12:22:41 - INFO - epoch-307, train_loss-0.9876, train_rmse-0.9938, valid_rmse-1.5016, valid_pr-0.6590
2025-06-09 12:22:49 - INFO - epoch-308, train_loss-0.9920, train_rmse-0.9960, valid_rmse-1.5621, valid_pr-0.6513
2025-06-09 12:22:56 - INFO - epoch-309, train_loss-1.0066, train_rmse-1.0033, valid_rmse-1.5520, valid_pr-0.6644
2025-06-09 12:23:04 - INFO - epoch-310, train_loss-0.9737, train_rmse-0.9867, valid_rmse-1.5364, valid_pr-0.6571
2025-06-09 12:23:11 - INFO - epoch-311, train_loss-0.9886, train_rmse-0.9943, valid_rmse-1.5588, valid_pr-0.6556
2025-06-09 12:23:19 - INFO - epoch-312, train_loss-1.0072, train_rmse-1.0036, valid_rmse-1.5342, valid_pr-0.6577
2025-06-09 12:23:27 - INFO - epoch-313, train_loss-0.9732, train_rmse-0.9865, valid_rmse-1.5189, valid_pr-0.6583
2025-06-09 12:23:35 - INFO - epoch-314, train_loss-0.9859, train_rmse-0.9929, valid_rmse-1.5328, valid_pr-0.6723
2025-06-09 12:23:43 - INFO - epoch-315, train_loss-0.9852, train_rmse-0.9926, valid_rmse-1.5362, valid_pr-0.6549
2025-06-09 12:23:51 - INFO - epoch-316, train_loss-0.9767, train_rmse-0.9883, valid_rmse-1.5460, valid_pr-0.6571
2025-06-09 12:23:59 - INFO - epoch-317, train_loss-0.9774, train_rmse-0.9886, valid_rmse-1.5024, valid_pr-0.6553
2025-06-09 12:24:07 - INFO - epoch-318, train_loss-0.9842, train_rmse-0.9920, valid_rmse-1.5357, valid_pr-0.6492
2025-06-09 12:24:15 - INFO - epoch-319, train_loss-0.9846, train_rmse-0.9923, valid_rmse-1.4857, valid_pr-0.6720
2025-06-09 12:24:23 - INFO - epoch-320, train_loss-0.9812, train_rmse-0.9906, valid_rmse-1.4674, valid_pr-0.6682
2025-06-09 12:24:31 - INFO - epoch-321, train_loss-0.9884, train_rmse-0.9942, valid_rmse-1.5163, valid_pr-0.6621
2025-06-09 12:24:39 - INFO - epoch-322, train_loss-0.9685, train_rmse-0.9841, valid_rmse-1.5005, valid_pr-0.6718
2025-06-09 12:24:47 - INFO - epoch-323, train_loss-0.9598, train_rmse-0.9797, valid_rmse-1.4884, valid_pr-0.6625
2025-06-09 12:24:55 - INFO - epoch-324, train_loss-0.9675, train_rmse-0.9836, valid_rmse-1.5326, valid_pr-0.6525
2025-06-09 12:25:03 - INFO - epoch-325, train_loss-0.9708, train_rmse-0.9853, valid_rmse-1.4923, valid_pr-0.6628
2025-06-09 12:25:11 - INFO - epoch-326, train_loss-0.9624, train_rmse-0.9810, valid_rmse-1.5278, valid_pr-0.6719
2025-06-09 12:25:18 - INFO - epoch-327, train_loss-0.9574, train_rmse-0.9785, valid_rmse-1.4972, valid_pr-0.6739
2025-06-09 12:25:26 - INFO - epoch-328, train_loss-0.9650, train_rmse-0.9823, valid_rmse-1.5414, valid_pr-0.6355
2025-06-09 12:25:34 - INFO - epoch-329, train_loss-0.9734, train_rmse-0.9866, valid_rmse-1.5219, valid_pr-0.6711
2025-06-09 12:25:42 - INFO - epoch-330, train_loss-0.9444, train_rmse-0.9718, valid_rmse-1.5167, valid_pr-0.6550
2025-06-09 12:25:50 - INFO - epoch-331, train_loss-0.9613, train_rmse-0.9805, valid_rmse-1.5367, valid_pr-0.6589
2025-06-09 12:25:58 - INFO - epoch-332, train_loss-0.9655, train_rmse-0.9826, valid_rmse-1.4994, valid_pr-0.6741
2025-06-09 12:26:05 - INFO - epoch-333, train_loss-0.9631, train_rmse-0.9814, valid_rmse-1.5233, valid_pr-0.6628
2025-06-09 12:26:13 - INFO - epoch-334, train_loss-0.9485, train_rmse-0.9739, valid_rmse-1.5175, valid_pr-0.6597
2025-06-09 12:26:21 - INFO - epoch-335, train_loss-0.9531, train_rmse-0.9763, valid_rmse-1.5541, valid_pr-0.6535
2025-06-09 12:26:29 - INFO - epoch-336, train_loss-0.9497, train_rmse-0.9745, valid_rmse-1.5191, valid_pr-0.6615
2025-06-09 12:26:37 - INFO - epoch-337, train_loss-0.9509, train_rmse-0.9751, valid_rmse-1.5578, valid_pr-0.6536
2025-06-09 12:26:44 - INFO - epoch-338, train_loss-0.9477, train_rmse-0.9735, valid_rmse-1.5562, valid_pr-0.6541
2025-06-09 12:26:52 - INFO - epoch-339, train_loss-0.9364, train_rmse-0.9677, valid_rmse-1.4979, valid_pr-0.6640
2025-06-09 12:26:59 - INFO - epoch-340, train_loss-0.9460, train_rmse-0.9726, valid_rmse-1.5505, valid_pr-0.6552
2025-06-09 12:27:07 - INFO - epoch-341, train_loss-0.9428, train_rmse-0.9710, valid_rmse-1.5300, valid_pr-0.6600
2025-06-09 12:27:15 - INFO - epoch-342, train_loss-0.9438, train_rmse-0.9715, valid_rmse-1.5325, valid_pr-0.6524
2025-06-09 12:27:23 - INFO - epoch-343, train_loss-0.9368, train_rmse-0.9679, valid_rmse-1.5482, valid_pr-0.6554
2025-06-09 12:27:30 - INFO - epoch-344, train_loss-0.9442, train_rmse-0.9717, valid_rmse-1.5196, valid_pr-0.6634
2025-06-09 12:27:38 - INFO - epoch-345, train_loss-0.9333, train_rmse-0.9661, valid_rmse-1.5597, valid_pr-0.6611
2025-06-09 12:27:46 - INFO - epoch-346, train_loss-0.9410, train_rmse-0.9701, valid_rmse-1.5377, valid_pr-0.6626
2025-06-09 12:27:54 - INFO - epoch-347, train_loss-0.9469, train_rmse-0.9731, valid_rmse-1.5566, valid_pr-0.6459
2025-06-09 12:28:01 - INFO - epoch-348, train_loss-0.9487, train_rmse-0.9740, valid_rmse-1.5296, valid_pr-0.6449
2025-06-09 12:28:09 - INFO - epoch-349, train_loss-0.9260, train_rmse-0.9623, valid_rmse-1.4954, valid_pr-0.6592
2025-06-09 12:28:16 - INFO - epoch-350, train_loss-0.9298, train_rmse-0.9643, valid_rmse-1.5346, valid_pr-0.6520
2025-06-09 12:28:24 - INFO - epoch-351, train_loss-0.9391, train_rmse-0.9690, valid_rmse-1.5406, valid_pr-0.6593
2025-06-09 12:28:32 - INFO - epoch-352, train_loss-0.9269, train_rmse-0.9627, valid_rmse-1.5580, valid_pr-0.6596
2025-06-09 12:28:40 - INFO - epoch-353, train_loss-0.9266, train_rmse-0.9626, valid_rmse-1.5328, valid_pr-0.6657
2025-06-09 12:28:48 - INFO - epoch-354, train_loss-0.9242, train_rmse-0.9613, valid_rmse-1.5265, valid_pr-0.6507
2025-06-09 12:28:55 - INFO - epoch-355, train_loss-0.9233, train_rmse-0.9609, valid_rmse-1.4846, valid_pr-0.6533
2025-06-09 12:29:03 - INFO - epoch-356, train_loss-0.9522, train_rmse-0.9758, valid_rmse-1.4988, valid_pr-0.6653
2025-06-09 12:29:11 - INFO - epoch-357, train_loss-0.9214, train_rmse-0.9599, valid_rmse-1.5088, valid_pr-0.6529
2025-06-09 12:29:19 - INFO - epoch-358, train_loss-0.9245, train_rmse-0.9615, valid_rmse-1.4854, valid_pr-0.6661
2025-06-09 12:29:26 - INFO - epoch-359, train_loss-0.9141, train_rmse-0.9561, valid_rmse-1.4729, valid_pr-0.6635
2025-06-09 12:29:34 - INFO - epoch-360, train_loss-0.9130, train_rmse-0.9555, valid_rmse-1.5701, valid_pr-0.6572
2025-06-09 12:29:42 - INFO - epoch-361, train_loss-0.9091, train_rmse-0.9535, valid_rmse-1.5661, valid_pr-0.6681
2025-06-09 12:29:50 - INFO - epoch-362, train_loss-0.9147, train_rmse-0.9564, valid_rmse-1.5019, valid_pr-0.6533
2025-06-09 12:29:57 - INFO - epoch-363, train_loss-0.9160, train_rmse-0.9571, valid_rmse-1.5300, valid_pr-0.6636
2025-06-09 12:30:05 - INFO - epoch-364, train_loss-0.9140, train_rmse-0.9560, valid_rmse-1.4967, valid_pr-0.6681
2025-06-09 12:30:13 - INFO - epoch-365, train_loss-0.9023, train_rmse-0.9499, valid_rmse-1.5353, valid_pr-0.6578
2025-06-09 12:30:21 - INFO - epoch-366, train_loss-0.9198, train_rmse-0.9591, valid_rmse-1.4926, valid_pr-0.6700
2025-06-09 12:30:29 - INFO - epoch-367, train_loss-0.9152, train_rmse-0.9567, valid_rmse-1.5046, valid_pr-0.6668
2025-06-09 12:30:37 - INFO - epoch-368, train_loss-0.9206, train_rmse-0.9595, valid_rmse-1.5122, valid_pr-0.6657
2025-06-09 12:30:45 - INFO - epoch-369, train_loss-0.9064, train_rmse-0.9521, valid_rmse-1.5186, valid_pr-0.6562
2025-06-09 12:30:53 - INFO - epoch-370, train_loss-0.9146, train_rmse-0.9564, valid_rmse-1.4499, valid_pr-0.6796
2025-06-09 12:31:01 - INFO - epoch-371, train_loss-0.9028, train_rmse-0.9502, valid_rmse-1.5059, valid_pr-0.6663
2025-06-09 12:31:09 - INFO - epoch-372, train_loss-0.9214, train_rmse-0.9599, valid_rmse-1.5216, valid_pr-0.6691
2025-06-09 12:31:17 - INFO - epoch-373, train_loss-0.9103, train_rmse-0.9541, valid_rmse-1.4987, valid_pr-0.6631
2025-06-09 12:31:25 - INFO - epoch-374, train_loss-0.9114, train_rmse-0.9547, valid_rmse-1.5194, valid_pr-0.6544
2025-06-09 12:31:32 - INFO - epoch-375, train_loss-0.9146, train_rmse-0.9563, valid_rmse-1.4913, valid_pr-0.6712
2025-06-09 12:31:39 - INFO - epoch-376, train_loss-0.8900, train_rmse-0.9434, valid_rmse-1.4969, valid_pr-0.6578
2025-06-09 12:31:47 - INFO - epoch-377, train_loss-0.9029, train_rmse-0.9502, valid_rmse-1.5034, valid_pr-0.6798
2025-06-09 12:31:56 - INFO - epoch-378, train_loss-0.8963, train_rmse-0.9467, valid_rmse-1.4859, valid_pr-0.6708
2025-06-09 12:32:04 - INFO - epoch-379, train_loss-0.9209, train_rmse-0.9596, valid_rmse-1.5409, valid_pr-0.6611
2025-06-09 12:32:12 - INFO - epoch-380, train_loss-0.9292, train_rmse-0.9640, valid_rmse-1.5140, valid_pr-0.6634
2025-06-09 12:32:20 - INFO - epoch-381, train_loss-0.9030, train_rmse-0.9503, valid_rmse-1.4861, valid_pr-0.6663
2025-06-09 12:32:27 - INFO - epoch-382, train_loss-0.8957, train_rmse-0.9464, valid_rmse-1.5786, valid_pr-0.6635
2025-06-09 12:32:35 - INFO - epoch-383, train_loss-0.8935, train_rmse-0.9453, valid_rmse-1.4886, valid_pr-0.6710
2025-06-09 12:32:43 - INFO - epoch-384, train_loss-0.9076, train_rmse-0.9527, valid_rmse-1.5639, valid_pr-0.6616
2025-06-09 12:32:50 - INFO - epoch-385, train_loss-0.8998, train_rmse-0.9486, valid_rmse-1.5255, valid_pr-0.6653
2025-06-09 12:32:58 - INFO - epoch-386, train_loss-0.8969, train_rmse-0.9470, valid_rmse-1.5004, valid_pr-0.6635
2025-06-09 12:33:06 - INFO - epoch-387, train_loss-0.8809, train_rmse-0.9386, valid_rmse-1.5013, valid_pr-0.6623
2025-06-09 12:33:15 - INFO - epoch-388, train_loss-0.8938, train_rmse-0.9454, valid_rmse-1.5475, valid_pr-0.6584
2025-06-09 12:33:23 - INFO - epoch-389, train_loss-0.8945, train_rmse-0.9458, valid_rmse-1.4581, valid_pr-0.6769
2025-06-09 12:33:30 - INFO - epoch-390, train_loss-0.8725, train_rmse-0.9341, valid_rmse-1.4824, valid_pr-0.6582
2025-06-09 12:33:38 - INFO - epoch-391, train_loss-0.8946, train_rmse-0.9458, valid_rmse-1.5051, valid_pr-0.6582
2025-06-09 12:33:45 - INFO - epoch-392, train_loss-0.8789, train_rmse-0.9375, valid_rmse-1.5084, valid_pr-0.6641
2025-06-09 12:33:52 - INFO - epoch-393, train_loss-0.8982, train_rmse-0.9477, valid_rmse-1.5064, valid_pr-0.6541
2025-06-09 12:34:00 - INFO - epoch-394, train_loss-0.8987, train_rmse-0.9480, valid_rmse-1.5288, valid_pr-0.6532
2025-06-09 12:34:08 - INFO - epoch-395, train_loss-0.8714, train_rmse-0.9335, valid_rmse-1.5185, valid_pr-0.6470
2025-06-09 12:34:16 - INFO - epoch-396, train_loss-0.8858, train_rmse-0.9412, valid_rmse-1.5529, valid_pr-0.6546
2025-06-09 12:34:23 - INFO - epoch-397, train_loss-0.8769, train_rmse-0.9364, valid_rmse-1.4765, valid_pr-0.6665
2025-06-09 12:34:31 - INFO - epoch-398, train_loss-0.8810, train_rmse-0.9386, valid_rmse-1.5096, valid_pr-0.6601
2025-06-09 12:34:39 - INFO - epoch-399, train_loss-0.8688, train_rmse-0.9321, valid_rmse-1.4737, valid_pr-0.6668
2025-06-09 12:34:47 - INFO - epoch-400, train_loss-0.8748, train_rmse-0.9353, valid_rmse-1.4879, valid_pr-0.6568
2025-06-09 12:34:55 - INFO - epoch-401, train_loss-0.8680, train_rmse-0.9317, valid_rmse-1.5386, valid_pr-0.6491
2025-06-09 12:35:02 - INFO - epoch-402, train_loss-0.8807, train_rmse-0.9385, valid_rmse-1.5067, valid_pr-0.6656
2025-06-09 12:35:10 - INFO - epoch-403, train_loss-0.8761, train_rmse-0.9360, valid_rmse-1.5143, valid_pr-0.6605
2025-06-09 12:35:18 - INFO - epoch-404, train_loss-0.8766, train_rmse-0.9362, valid_rmse-1.5035, valid_pr-0.6568
2025-06-09 12:35:26 - INFO - epoch-405, train_loss-0.8641, train_rmse-0.9296, valid_rmse-1.5329, valid_pr-0.6629
2025-06-09 12:35:33 - INFO - epoch-406, train_loss-0.8787, train_rmse-0.9374, valid_rmse-1.5167, valid_pr-0.6740
2025-06-09 12:35:41 - INFO - epoch-407, train_loss-0.8595, train_rmse-0.9271, valid_rmse-1.5097, valid_pr-0.6624
2025-06-09 12:35:49 - INFO - epoch-408, train_loss-0.8632, train_rmse-0.9291, valid_rmse-1.4854, valid_pr-0.6654
2025-06-09 12:35:57 - INFO - epoch-409, train_loss-0.8671, train_rmse-0.9312, valid_rmse-1.5222, valid_pr-0.6681
2025-06-09 12:36:05 - INFO - epoch-410, train_loss-0.8618, train_rmse-0.9283, valid_rmse-1.5752, valid_pr-0.6568
2025-06-09 12:36:13 - INFO - epoch-411, train_loss-0.8580, train_rmse-0.9263, valid_rmse-1.5103, valid_pr-0.6654
2025-06-09 12:36:20 - INFO - epoch-412, train_loss-0.8642, train_rmse-0.9296, valid_rmse-1.4957, valid_pr-0.6610
2025-06-09 12:36:28 - INFO - epoch-413, train_loss-0.8725, train_rmse-0.9341, valid_rmse-1.4595, valid_pr-0.6730
2025-06-09 12:36:36 - INFO - epoch-414, train_loss-0.8696, train_rmse-0.9325, valid_rmse-1.4810, valid_pr-0.6689
2025-06-09 12:36:43 - INFO - epoch-415, train_loss-0.8508, train_rmse-0.9224, valid_rmse-1.5268, valid_pr-0.6550
2025-06-09 12:36:51 - INFO - epoch-416, train_loss-0.8346, train_rmse-0.9136, valid_rmse-1.5188, valid_pr-0.6721
2025-06-09 12:36:59 - INFO - epoch-417, train_loss-0.8539, train_rmse-0.9241, valid_rmse-1.4860, valid_pr-0.6610
2025-06-09 12:37:07 - INFO - epoch-418, train_loss-0.8540, train_rmse-0.9241, valid_rmse-1.4988, valid_pr-0.6650
2025-06-09 12:37:15 - INFO - epoch-419, train_loss-0.8556, train_rmse-0.9250, valid_rmse-1.4439, valid_pr-0.6738
2025-06-09 12:37:22 - INFO - epoch-420, train_loss-0.8522, train_rmse-0.9232, valid_rmse-1.5004, valid_pr-0.6643
2025-06-09 12:37:29 - INFO - epoch-421, train_loss-0.8637, train_rmse-0.9294, valid_rmse-1.5543, valid_pr-0.6563
2025-06-09 12:37:37 - INFO - epoch-422, train_loss-0.8657, train_rmse-0.9304, valid_rmse-1.4634, valid_pr-0.6747
2025-06-09 12:37:45 - INFO - epoch-423, train_loss-0.8568, train_rmse-0.9256, valid_rmse-1.5387, valid_pr-0.6505
2025-06-09 12:37:53 - INFO - epoch-424, train_loss-0.8603, train_rmse-0.9275, valid_rmse-1.4762, valid_pr-0.6703
2025-06-09 12:38:00 - INFO - epoch-425, train_loss-0.8409, train_rmse-0.9170, valid_rmse-1.4934, valid_pr-0.6664
2025-06-09 12:38:08 - INFO - epoch-426, train_loss-0.8635, train_rmse-0.9292, valid_rmse-1.4577, valid_pr-0.6718
2025-06-09 12:38:16 - INFO - epoch-427, train_loss-0.8417, train_rmse-0.9174, valid_rmse-1.4555, valid_pr-0.6646
2025-06-09 12:38:24 - INFO - epoch-428, train_loss-0.8411, train_rmse-0.9171, valid_rmse-1.5046, valid_pr-0.6609
2025-06-09 12:38:32 - INFO - epoch-429, train_loss-0.8427, train_rmse-0.9180, valid_rmse-1.5207, valid_pr-0.6595
2025-06-09 12:38:40 - INFO - epoch-430, train_loss-0.8472, train_rmse-0.9204, valid_rmse-1.5259, valid_pr-0.6704
2025-06-09 12:38:48 - INFO - epoch-431, train_loss-0.8378, train_rmse-0.9153, valid_rmse-1.5035, valid_pr-0.6634
2025-06-09 12:38:55 - INFO - epoch-432, train_loss-0.8422, train_rmse-0.9177, valid_rmse-1.4745, valid_pr-0.6797
2025-06-09 12:39:03 - INFO - epoch-433, train_loss-0.8448, train_rmse-0.9191, valid_rmse-1.4866, valid_pr-0.6653
2025-06-09 12:39:11 - INFO - epoch-434, train_loss-0.8236, train_rmse-0.9075, valid_rmse-1.4897, valid_pr-0.6746
2025-06-09 12:39:18 - INFO - epoch-435, train_loss-0.8270, train_rmse-0.9094, valid_rmse-1.4764, valid_pr-0.6736
2025-06-09 12:39:26 - INFO - epoch-436, train_loss-0.8294, train_rmse-0.9107, valid_rmse-1.4858, valid_pr-0.6667
2025-06-09 12:39:34 - INFO - epoch-437, train_loss-0.8276, train_rmse-0.9097, valid_rmse-1.5437, valid_pr-0.6668
2025-06-09 12:39:42 - INFO - epoch-438, train_loss-0.8429, train_rmse-0.9181, valid_rmse-1.4506, valid_pr-0.6760
2025-06-09 12:39:49 - INFO - epoch-439, train_loss-0.8479, train_rmse-0.9208, valid_rmse-1.4747, valid_pr-0.6645
2025-06-09 12:39:58 - INFO - epoch-440, train_loss-0.8170, train_rmse-0.9039, valid_rmse-1.4840, valid_pr-0.6730
2025-06-09 12:40:05 - INFO - epoch-441, train_loss-0.8293, train_rmse-0.9107, valid_rmse-1.5318, valid_pr-0.6618
2025-06-09 12:40:13 - INFO - epoch-442, train_loss-0.8416, train_rmse-0.9174, valid_rmse-1.5092, valid_pr-0.6718
2025-06-09 12:40:21 - INFO - epoch-443, train_loss-0.8229, train_rmse-0.9071, valid_rmse-1.4948, valid_pr-0.6701
2025-06-09 12:40:29 - INFO - epoch-444, train_loss-0.8224, train_rmse-0.9069, valid_rmse-1.4796, valid_pr-0.6707
2025-06-09 12:40:36 - INFO - epoch-445, train_loss-0.8338, train_rmse-0.9131, valid_rmse-1.4540, valid_pr-0.6780
2025-06-09 12:40:44 - INFO - epoch-446, train_loss-0.8367, train_rmse-0.9147, valid_rmse-1.4762, valid_pr-0.6777
2025-06-09 12:40:52 - INFO - epoch-447, train_loss-0.8203, train_rmse-0.9057, valid_rmse-1.5248, valid_pr-0.6736
2025-06-09 12:41:00 - INFO - epoch-448, train_loss-0.8313, train_rmse-0.9118, valid_rmse-1.4613, valid_pr-0.6747
2025-06-09 12:41:07 - INFO - epoch-449, train_loss-0.8317, train_rmse-0.9120, valid_rmse-1.4974, valid_pr-0.6731
2025-06-09 12:41:15 - INFO - epoch-450, train_loss-0.8228, train_rmse-0.9071, valid_rmse-1.4795, valid_pr-0.6712
2025-06-09 12:41:23 - INFO - epoch-451, train_loss-0.8261, train_rmse-0.9089, valid_rmse-1.5042, valid_pr-0.6645
2025-06-09 12:41:31 - INFO - epoch-452, train_loss-0.8272, train_rmse-0.9095, valid_rmse-1.5023, valid_pr-0.6659
2025-06-09 12:41:38 - INFO - epoch-453, train_loss-0.8239, train_rmse-0.9077, valid_rmse-1.4795, valid_pr-0.6741
2025-06-09 12:41:46 - INFO - epoch-454, train_loss-0.8331, train_rmse-0.9128, valid_rmse-1.4837, valid_pr-0.6821
2025-06-09 12:41:54 - INFO - epoch-455, train_loss-0.8303, train_rmse-0.9112, valid_rmse-1.5161, valid_pr-0.6694
2025-06-09 12:42:02 - INFO - epoch-456, train_loss-0.8308, train_rmse-0.9115, valid_rmse-1.4700, valid_pr-0.6653
2025-06-09 12:42:10 - INFO - epoch-457, train_loss-0.8333, train_rmse-0.9129, valid_rmse-1.4725, valid_pr-0.6753
2025-06-09 12:42:18 - INFO - epoch-458, train_loss-0.8164, train_rmse-0.9035, valid_rmse-1.4808, valid_pr-0.6729
2025-06-09 12:42:26 - INFO - epoch-459, train_loss-0.8086, train_rmse-0.8992, valid_rmse-1.4878, valid_pr-0.6644
2025-06-09 12:42:33 - INFO - epoch-460, train_loss-0.8125, train_rmse-0.9014, valid_rmse-1.5018, valid_pr-0.6614
2025-06-09 12:42:41 - INFO - epoch-461, train_loss-0.8157, train_rmse-0.9032, valid_rmse-1.4435, valid_pr-0.6699
2025-06-09 12:42:49 - INFO - epoch-462, train_loss-0.8375, train_rmse-0.9152, valid_rmse-1.5063, valid_pr-0.6607
2025-06-09 12:42:56 - INFO - epoch-463, train_loss-0.8261, train_rmse-0.9089, valid_rmse-1.4823, valid_pr-0.6678
2025-06-09 12:43:04 - INFO - epoch-464, train_loss-0.8254, train_rmse-0.9085, valid_rmse-1.4890, valid_pr-0.6724
2025-06-09 12:43:12 - INFO - epoch-465, train_loss-0.8131, train_rmse-0.9017, valid_rmse-1.4791, valid_pr-0.6673
2025-06-09 12:43:19 - INFO - epoch-466, train_loss-0.8166, train_rmse-0.9036, valid_rmse-1.5044, valid_pr-0.6601
2025-06-09 12:43:27 - INFO - epoch-467, train_loss-0.8297, train_rmse-0.9109, valid_rmse-1.4896, valid_pr-0.6690
2025-06-09 12:43:35 - INFO - epoch-468, train_loss-0.8104, train_rmse-0.9002, valid_rmse-1.4807, valid_pr-0.6735
2025-06-09 12:43:43 - INFO - epoch-469, train_loss-0.8345, train_rmse-0.9135, valid_rmse-1.4902, valid_pr-0.6604
2025-06-09 12:43:50 - INFO - epoch-470, train_loss-0.8122, train_rmse-0.9012, valid_rmse-1.5157, valid_pr-0.6729
2025-06-09 12:43:58 - INFO - epoch-471, train_loss-0.7953, train_rmse-0.8918, valid_rmse-1.5003, valid_pr-0.6680
2025-06-09 12:44:06 - INFO - epoch-472, train_loss-0.7940, train_rmse-0.8910, valid_rmse-1.4752, valid_pr-0.6704
2025-06-09 12:44:14 - INFO - epoch-473, train_loss-0.7833, train_rmse-0.8850, valid_rmse-1.4952, valid_pr-0.6573
2025-06-09 12:44:22 - INFO - epoch-474, train_loss-0.8111, train_rmse-0.9006, valid_rmse-1.4674, valid_pr-0.6771
2025-06-09 12:44:30 - INFO - epoch-475, train_loss-0.7871, train_rmse-0.8872, valid_rmse-1.4709, valid_pr-0.6797
2025-06-09 12:44:38 - INFO - epoch-476, train_loss-0.7892, train_rmse-0.8884, valid_rmse-1.5121, valid_pr-0.6673
2025-06-09 12:44:45 - INFO - epoch-477, train_loss-0.7896, train_rmse-0.8886, valid_rmse-1.5234, valid_pr-0.6622
2025-06-09 12:44:53 - INFO - epoch-478, train_loss-0.7994, train_rmse-0.8941, valid_rmse-1.4756, valid_pr-0.6699
2025-06-09 12:45:01 - INFO - epoch-479, train_loss-0.8051, train_rmse-0.8972, valid_rmse-1.5094, valid_pr-0.6694
2025-06-09 12:45:09 - INFO - epoch-480, train_loss-0.8005, train_rmse-0.8947, valid_rmse-1.5378, valid_pr-0.6494
2025-06-09 12:45:17 - INFO - epoch-481, train_loss-0.7958, train_rmse-0.8921, valid_rmse-1.4773, valid_pr-0.6635
2025-06-09 12:45:25 - INFO - epoch-482, train_loss-0.8036, train_rmse-0.8965, valid_rmse-1.5358, valid_pr-0.6642
2025-06-09 12:45:33 - INFO - epoch-483, train_loss-0.7893, train_rmse-0.8884, valid_rmse-1.4747, valid_pr-0.6710
2025-06-09 12:45:40 - INFO - epoch-484, train_loss-0.7959, train_rmse-0.8921, valid_rmse-1.5025, valid_pr-0.6765
2025-06-09 12:45:48 - INFO - epoch-485, train_loss-0.7941, train_rmse-0.8911, valid_rmse-1.5055, valid_pr-0.6654
2025-06-09 12:45:56 - INFO - epoch-486, train_loss-0.7924, train_rmse-0.8902, valid_rmse-1.4887, valid_pr-0.6614
2025-06-09 12:46:03 - INFO - epoch-487, train_loss-0.8049, train_rmse-0.8972, valid_rmse-1.4629, valid_pr-0.6720
2025-06-09 12:46:11 - INFO - epoch-488, train_loss-0.7888, train_rmse-0.8881, valid_rmse-1.5176, valid_pr-0.6679
2025-06-09 12:46:19 - INFO - epoch-489, train_loss-0.7962, train_rmse-0.8923, valid_rmse-1.4748, valid_pr-0.6743
2025-06-09 12:46:26 - INFO - epoch-490, train_loss-0.7961, train_rmse-0.8922, valid_rmse-1.4776, valid_pr-0.6773
2025-06-09 12:46:34 - INFO - epoch-491, train_loss-0.7999, train_rmse-0.8943, valid_rmse-1.4818, valid_pr-0.6780
2025-06-09 12:46:42 - INFO - epoch-492, train_loss-0.8023, train_rmse-0.8957, valid_rmse-1.5043, valid_pr-0.6669
2025-06-09 12:46:50 - INFO - epoch-493, train_loss-0.7954, train_rmse-0.8919, valid_rmse-1.4954, valid_pr-0.6660
2025-06-09 12:46:57 - INFO - epoch-494, train_loss-0.7946, train_rmse-0.8914, valid_rmse-1.4879, valid_pr-0.6667
2025-06-09 12:47:05 - INFO - epoch-495, train_loss-0.7768, train_rmse-0.8814, valid_rmse-1.5111, valid_pr-0.6640
2025-06-09 12:47:12 - INFO - epoch-496, train_loss-0.7924, train_rmse-0.8901, valid_rmse-1.4767, valid_pr-0.6834
2025-06-09 12:47:20 - INFO - epoch-497, train_loss-0.8086, train_rmse-0.8992, valid_rmse-1.4889, valid_pr-0.6688
2025-06-09 12:47:28 - INFO - epoch-498, train_loss-0.7776, train_rmse-0.8818, valid_rmse-1.5250, valid_pr-0.6578
2025-06-09 12:47:35 - INFO - epoch-499, train_loss-0.8190, train_rmse-0.9050, valid_rmse-1.4849, valid_pr-0.6639
2025-06-09 12:47:43 - INFO - epoch-500, train_loss-0.7972, train_rmse-0.8929, valid_rmse-1.5260, valid_pr-0.6627
2025-06-09 12:47:51 - INFO - epoch-501, train_loss-0.7826, train_rmse-0.8847, valid_rmse-1.4835, valid_pr-0.6610
2025-06-09 12:47:58 - INFO - epoch-502, train_loss-0.7930, train_rmse-0.8905, valid_rmse-1.5035, valid_pr-0.6656
2025-06-09 12:48:06 - INFO - epoch-503, train_loss-0.7811, train_rmse-0.8838, valid_rmse-1.4804, valid_pr-0.6748
2025-06-09 12:48:14 - INFO - epoch-504, train_loss-0.7807, train_rmse-0.8836, valid_rmse-1.4667, valid_pr-0.6616
2025-06-09 12:48:21 - INFO - epoch-505, train_loss-0.7819, train_rmse-0.8843, valid_rmse-1.5028, valid_pr-0.6678
2025-06-09 12:48:29 - INFO - epoch-506, train_loss-0.7922, train_rmse-0.8901, valid_rmse-1.4866, valid_pr-0.6692
2025-06-09 12:48:37 - INFO - epoch-507, train_loss-0.7808, train_rmse-0.8836, valid_rmse-1.5029, valid_pr-0.6696
2025-06-09 12:48:44 - INFO - epoch-508, train_loss-0.7870, train_rmse-0.8871, valid_rmse-1.5200, valid_pr-0.6739
2025-06-09 12:48:52 - INFO - epoch-509, train_loss-0.7685, train_rmse-0.8767, valid_rmse-1.4696, valid_pr-0.6702
2025-06-09 12:49:00 - INFO - epoch-510, train_loss-0.7811, train_rmse-0.8838, valid_rmse-1.5325, valid_pr-0.6590
2025-06-09 12:49:07 - INFO - epoch-511, train_loss-0.7623, train_rmse-0.8731, valid_rmse-1.4793, valid_pr-0.6669
2025-06-09 12:49:15 - INFO - epoch-512, train_loss-0.7641, train_rmse-0.8741, valid_rmse-1.5215, valid_pr-0.6672
2025-06-09 12:49:24 - INFO - epoch-513, train_loss-0.7944, train_rmse-0.8913, valid_rmse-1.5272, valid_pr-0.6654
2025-06-09 12:49:31 - INFO - epoch-514, train_loss-0.7791, train_rmse-0.8827, valid_rmse-1.4677, valid_pr-0.6774
2025-06-09 12:49:40 - INFO - epoch-515, train_loss-0.7778, train_rmse-0.8819, valid_rmse-1.4798, valid_pr-0.6752
2025-06-09 12:49:47 - INFO - epoch-516, train_loss-0.7707, train_rmse-0.8779, valid_rmse-1.4605, valid_pr-0.6604
2025-06-09 12:49:55 - INFO - epoch-517, train_loss-0.7805, train_rmse-0.8835, valid_rmse-1.4513, valid_pr-0.6737
2025-06-09 12:50:03 - INFO - epoch-518, train_loss-0.7767, train_rmse-0.8813, valid_rmse-1.4937, valid_pr-0.6760
2025-06-09 12:50:10 - INFO - epoch-519, train_loss-0.7660, train_rmse-0.8752, valid_rmse-1.4984, valid_pr-0.6780
2025-06-09 12:50:18 - INFO - epoch-520, train_loss-0.7777, train_rmse-0.8819, valid_rmse-1.5069, valid_pr-0.6680
2025-06-09 12:50:26 - INFO - epoch-521, train_loss-0.7861, train_rmse-0.8866, valid_rmse-1.4961, valid_pr-0.6706
2025-06-09 12:50:34 - INFO - epoch-522, train_loss-0.7845, train_rmse-0.8857, valid_rmse-1.4541, valid_pr-0.6725
2025-06-09 12:50:41 - INFO - epoch-523, train_loss-0.7605, train_rmse-0.8721, valid_rmse-1.4784, valid_pr-0.6746
2025-06-09 12:50:49 - INFO - epoch-524, train_loss-0.7681, train_rmse-0.8764, valid_rmse-1.5042, valid_pr-0.6660
2025-06-09 12:50:57 - INFO - epoch-525, train_loss-0.7704, train_rmse-0.8777, valid_rmse-1.4893, valid_pr-0.6773
2025-06-09 12:51:04 - INFO - epoch-526, train_loss-0.7577, train_rmse-0.8705, valid_rmse-1.4890, valid_pr-0.6717
2025-06-09 12:51:12 - INFO - epoch-527, train_loss-0.7620, train_rmse-0.8729, valid_rmse-1.4789, valid_pr-0.6679
2025-06-09 12:51:20 - INFO - epoch-528, train_loss-0.7613, train_rmse-0.8725, valid_rmse-1.4866, valid_pr-0.6712
2025-06-09 12:51:28 - INFO - epoch-529, train_loss-0.7732, train_rmse-0.8793, valid_rmse-1.4941, valid_pr-0.6628
2025-06-09 12:51:36 - INFO - epoch-530, train_loss-0.7639, train_rmse-0.8740, valid_rmse-1.4780, valid_pr-0.6721
2025-06-09 12:51:44 - INFO - epoch-531, train_loss-0.7486, train_rmse-0.8652, valid_rmse-1.4871, valid_pr-0.6700
2025-06-09 12:51:52 - INFO - epoch-532, train_loss-0.7621, train_rmse-0.8730, valid_rmse-1.5121, valid_pr-0.6614
2025-06-09 12:52:00 - INFO - epoch-533, train_loss-0.7794, train_rmse-0.8828, valid_rmse-1.4853, valid_pr-0.6693
2025-06-09 12:52:08 - INFO - epoch-534, train_loss-0.7524, train_rmse-0.8674, valid_rmse-1.5416, valid_pr-0.6631
2025-06-09 12:52:16 - INFO - epoch-535, train_loss-0.7585, train_rmse-0.8709, valid_rmse-1.4758, valid_pr-0.6668
2025-06-09 12:52:24 - INFO - epoch-536, train_loss-0.7744, train_rmse-0.8800, valid_rmse-1.4928, valid_pr-0.6657
2025-06-09 12:52:32 - INFO - epoch-537, train_loss-0.7617, train_rmse-0.8727, valid_rmse-1.4828, valid_pr-0.6698
2025-06-09 12:52:39 - INFO - epoch-538, train_loss-0.7645, train_rmse-0.8744, valid_rmse-1.4632, valid_pr-0.6798
2025-06-09 12:52:47 - INFO - epoch-539, train_loss-0.7503, train_rmse-0.8662, valid_rmse-1.4833, valid_pr-0.6643
2025-06-09 12:52:55 - INFO - epoch-540, train_loss-0.7637, train_rmse-0.8739, valid_rmse-1.4948, valid_pr-0.6698
2025-06-09 12:53:02 - INFO - epoch-541, train_loss-0.7651, train_rmse-0.8747, valid_rmse-1.4731, valid_pr-0.6646
2025-06-09 12:53:10 - INFO - epoch-542, train_loss-0.7612, train_rmse-0.8725, valid_rmse-1.4836, valid_pr-0.6667
2025-06-09 12:53:18 - INFO - epoch-543, train_loss-0.7616, train_rmse-0.8727, valid_rmse-1.4786, valid_pr-0.6661
2025-06-09 12:53:26 - INFO - epoch-544, train_loss-0.7616, train_rmse-0.8727, valid_rmse-1.4692, valid_pr-0.6715
2025-06-09 12:53:34 - INFO - epoch-545, train_loss-0.7492, train_rmse-0.8655, valid_rmse-1.4693, valid_pr-0.6747
2025-06-09 12:53:41 - INFO - epoch-546, train_loss-0.7449, train_rmse-0.8630, valid_rmse-1.4995, valid_pr-0.6649
2025-06-09 12:53:49 - INFO - epoch-547, train_loss-0.7484, train_rmse-0.8651, valid_rmse-1.5007, valid_pr-0.6815
2025-06-09 12:53:57 - INFO - epoch-548, train_loss-0.7576, train_rmse-0.8704, valid_rmse-1.4969, valid_pr-0.6598
2025-06-09 12:54:04 - INFO - epoch-549, train_loss-0.7480, train_rmse-0.8649, valid_rmse-1.4889, valid_pr-0.6746
2025-06-09 12:54:12 - INFO - epoch-550, train_loss-0.7555, train_rmse-0.8692, valid_rmse-1.5182, valid_pr-0.6748
2025-06-09 12:54:19 - INFO - epoch-551, train_loss-0.7617, train_rmse-0.8727, valid_rmse-1.4839, valid_pr-0.6679
2025-06-09 12:54:26 - INFO - epoch-552, train_loss-0.7499, train_rmse-0.8660, valid_rmse-1.4647, valid_pr-0.6744
2025-06-09 12:54:33 - INFO - epoch-553, train_loss-0.7522, train_rmse-0.8673, valid_rmse-1.4436, valid_pr-0.6761
2025-06-09 12:54:41 - INFO - epoch-554, train_loss-0.7520, train_rmse-0.8672, valid_rmse-1.4909, valid_pr-0.6694
2025-06-09 12:54:49 - INFO - epoch-555, train_loss-0.7474, train_rmse-0.8645, valid_rmse-1.4989, valid_pr-0.6738
2025-06-09 12:54:56 - INFO - epoch-556, train_loss-0.7424, train_rmse-0.8616, valid_rmse-1.5289, valid_pr-0.6569
2025-06-09 12:55:04 - INFO - epoch-557, train_loss-0.7440, train_rmse-0.8625, valid_rmse-1.5360, valid_pr-0.6677
2025-06-09 12:55:12 - INFO - epoch-558, train_loss-0.7568, train_rmse-0.8699, valid_rmse-1.5295, valid_pr-0.6517
2025-06-09 12:55:19 - INFO - epoch-559, train_loss-0.7542, train_rmse-0.8684, valid_rmse-1.4906, valid_pr-0.6681
2025-06-09 12:55:27 - INFO - epoch-560, train_loss-0.7540, train_rmse-0.8683, valid_rmse-1.4879, valid_pr-0.6612
2025-06-09 12:55:34 - INFO - epoch-561, train_loss-0.7351, train_rmse-0.8574, valid_rmse-1.4825, valid_pr-0.6692
2025-06-09 12:55:42 - INFO - epoch-562, train_loss-0.7629, train_rmse-0.8735, valid_rmse-1.4997, valid_pr-0.6643
2025-06-09 12:55:42 - INFO - early stop in epoch 562
2025-06-09 12:55:42 - INFO - best_rmse: 1.4435
2025-06-09 12:55:47 - INFO - valid_rmse-1.4435, valid_pr-0.6699, test2013_rmse-1.6154, test2013_pr-0.7806, test2016_rmse-1.5600, test2016_pr-0.7541, test2019_rmse-1.5416, test2019_pr-0.5587,
