2025-06-09 12:42:36 - INFO - train_SchNet.py
2025-06-09 12:42:36 - INFO - train data: 11904
2025-06-09 12:42:36 - INFO - valid data: 1000
2025-06-09 12:42:36 - INFO - test2013 data: 107
2025-06-09 12:42:36 - INFO - test2016 data: 285
2025-06-09 12:42:36 - INFO - test2019 data: 4366
2025-06-09 12:42:46 - INFO - epoch-0, train_loss-40.2248, train_rmse-6.3423, valid_rmse-5.8615, valid_pr-0.4980
2025-06-09 12:42:56 - INFO - epoch-1, train_loss-30.3180, train_rmse-5.5062, valid_rmse-4.8309, valid_pr-0.5067
2025-06-09 12:43:05 - INFO - epoch-2, train_loss-14.9658, train_rmse-3.8686, valid_rmse-3.7806, valid_pr-0.1148
2025-06-09 12:43:15 - INFO - epoch-3, train_loss-5.7510, train_rmse-2.3981, valid_rmse-2.1954, valid_pr-0.3729
2025-06-09 12:43:25 - INFO - epoch-4, train_loss-3.5337, train_rmse-1.8798, valid_rmse-1.6191, valid_pr-0.5413
2025-06-09 12:43:34 - INFO - epoch-5, train_loss-3.2669, train_rmse-1.8075, valid_rmse-1.5719, valid_pr-0.5291
2025-06-09 12:43:44 - INFO - epoch-6, train_loss-3.1713, train_rmse-1.7808, valid_rmse-1.5592, valid_pr-0.5489
2025-06-09 12:43:53 - INFO - epoch-7, train_loss-2.9896, train_rmse-1.7291, valid_rmse-1.5487, valid_pr-0.5776
2025-06-09 12:44:03 - INFO - epoch-8, train_loss-3.0147, train_rmse-1.7363, valid_rmse-1.8600, valid_pr-0.5345
2025-06-09 12:44:13 - INFO - epoch-9, train_loss-2.9883, train_rmse-1.7287, valid_rmse-1.5403, valid_pr-0.5756
2025-06-09 12:44:22 - INFO - epoch-10, train_loss-2.8570, train_rmse-1.6903, valid_rmse-1.5061, valid_pr-0.5906
2025-06-09 12:44:32 - INFO - epoch-11, train_loss-2.8210, train_rmse-1.6796, valid_rmse-1.4846, valid_pr-0.5944
2025-06-09 12:44:42 - INFO - epoch-12, train_loss-2.8132, train_rmse-1.6773, valid_rmse-1.5050, valid_pr-0.5840
2025-06-09 12:44:51 - INFO - epoch-13, train_loss-2.7421, train_rmse-1.6559, valid_rmse-1.4747, valid_pr-0.6034
2025-06-09 12:45:01 - INFO - epoch-14, train_loss-2.7204, train_rmse-1.6494, valid_rmse-1.4868, valid_pr-0.5992
2025-06-09 12:45:10 - INFO - epoch-15, train_loss-2.6511, train_rmse-1.6282, valid_rmse-1.4546, valid_pr-0.6169
2025-06-09 12:45:20 - INFO - epoch-16, train_loss-2.5546, train_rmse-1.5983, valid_rmse-1.4706, valid_pr-0.6166
2025-06-09 12:45:30 - INFO - epoch-17, train_loss-2.5700, train_rmse-1.6031, valid_rmse-1.4554, valid_pr-0.6189
2025-06-09 12:45:39 - INFO - epoch-18, train_loss-2.5313, train_rmse-1.5910, valid_rmse-1.4373, valid_pr-0.6318
2025-06-09 12:45:49 - INFO - epoch-19, train_loss-2.4305, train_rmse-1.5590, valid_rmse-1.5065, valid_pr-0.6153
2025-06-09 12:45:58 - INFO - epoch-20, train_loss-2.4246, train_rmse-1.5571, valid_rmse-1.4044, valid_pr-0.6506
2025-06-09 12:46:08 - INFO - epoch-21, train_loss-2.3981, train_rmse-1.5486, valid_rmse-1.4275, valid_pr-0.6394
2025-06-09 12:46:18 - INFO - epoch-22, train_loss-2.3567, train_rmse-1.5351, valid_rmse-1.3863, valid_pr-0.6605
2025-06-09 12:46:27 - INFO - epoch-23, train_loss-2.3129, train_rmse-1.5208, valid_rmse-1.4593, valid_pr-0.6472
2025-06-09 12:46:37 - INFO - epoch-24, train_loss-2.2342, train_rmse-1.4947, valid_rmse-1.4229, valid_pr-0.6522
2025-06-09 12:46:47 - INFO - epoch-25, train_loss-2.1824, train_rmse-1.4773, valid_rmse-1.4205, valid_pr-0.6539
2025-06-09 12:46:56 - INFO - epoch-26, train_loss-2.1537, train_rmse-1.4675, valid_rmse-1.3512, valid_pr-0.6816
2025-06-09 12:47:06 - INFO - epoch-27, train_loss-2.0709, train_rmse-1.4391, valid_rmse-1.4515, valid_pr-0.6632
2025-06-09 12:47:15 - INFO - epoch-28, train_loss-2.0519, train_rmse-1.4324, valid_rmse-1.4514, valid_pr-0.6692
2025-06-09 12:47:25 - INFO - epoch-29, train_loss-2.0254, train_rmse-1.4231, valid_rmse-1.4104, valid_pr-0.6613
2025-06-09 12:47:35 - INFO - epoch-30, train_loss-1.9371, train_rmse-1.3918, valid_rmse-1.4020, valid_pr-0.6642
2025-06-09 12:47:44 - INFO - epoch-31, train_loss-1.9328, train_rmse-1.3903, valid_rmse-1.6504, valid_pr-0.5777
2025-06-09 12:47:54 - INFO - epoch-32, train_loss-1.8678, train_rmse-1.3667, valid_rmse-1.4281, valid_pr-0.6619
2025-06-09 12:48:04 - INFO - epoch-33, train_loss-1.8281, train_rmse-1.3521, valid_rmse-1.5678, valid_pr-0.6568
2025-06-09 12:48:13 - INFO - epoch-34, train_loss-1.7535, train_rmse-1.3242, valid_rmse-1.3638, valid_pr-0.6807
2025-06-09 12:48:23 - INFO - epoch-35, train_loss-1.6878, train_rmse-1.2992, valid_rmse-1.3624, valid_pr-0.6767
2025-06-09 12:48:32 - INFO - epoch-36, train_loss-1.6701, train_rmse-1.2923, valid_rmse-1.3822, valid_pr-0.6652
2025-06-09 12:48:42 - INFO - epoch-37, train_loss-1.6425, train_rmse-1.2816, valid_rmse-1.4255, valid_pr-0.6587
2025-06-09 12:48:52 - INFO - epoch-38, train_loss-1.5765, train_rmse-1.2556, valid_rmse-1.3932, valid_pr-0.6784
2025-06-09 12:49:01 - INFO - epoch-39, train_loss-1.4657, train_rmse-1.2106, valid_rmse-1.3491, valid_pr-0.6845
2025-06-09 12:49:11 - INFO - epoch-40, train_loss-1.4369, train_rmse-1.1987, valid_rmse-1.5520, valid_pr-0.6518
2025-06-09 12:49:21 - INFO - epoch-41, train_loss-1.3994, train_rmse-1.1830, valid_rmse-1.3584, valid_pr-0.6845
2025-06-09 12:49:30 - INFO - epoch-42, train_loss-1.3220, train_rmse-1.1498, valid_rmse-1.3964, valid_pr-0.6752
2025-06-09 12:49:40 - INFO - epoch-43, train_loss-1.3160, train_rmse-1.1472, valid_rmse-1.4640, valid_pr-0.6616
2025-06-09 12:49:49 - INFO - epoch-44, train_loss-1.2401, train_rmse-1.1136, valid_rmse-1.4346, valid_pr-0.6619
2025-06-09 12:49:59 - INFO - epoch-45, train_loss-1.2046, train_rmse-1.0975, valid_rmse-1.3824, valid_pr-0.6690
2025-06-09 12:50:09 - INFO - epoch-46, train_loss-1.1567, train_rmse-1.0755, valid_rmse-1.3605, valid_pr-0.6811
2025-06-09 12:50:18 - INFO - epoch-47, train_loss-1.1151, train_rmse-1.0560, valid_rmse-1.3646, valid_pr-0.6935
2025-06-09 12:50:28 - INFO - epoch-48, train_loss-1.0789, train_rmse-1.0387, valid_rmse-1.4372, valid_pr-0.6496
2025-06-09 12:50:38 - INFO - epoch-49, train_loss-1.0160, train_rmse-1.0080, valid_rmse-1.5395, valid_pr-0.6878
2025-06-09 12:50:47 - INFO - epoch-50, train_loss-0.9639, train_rmse-0.9818, valid_rmse-1.3791, valid_pr-0.6698
2025-06-09 12:50:57 - INFO - epoch-51, train_loss-0.8927, train_rmse-0.9448, valid_rmse-1.4075, valid_pr-0.6863
2025-06-09 12:51:07 - INFO - epoch-52, train_loss-0.8577, train_rmse-0.9261, valid_rmse-1.7024, valid_pr-0.6576
2025-06-09 12:51:16 - INFO - epoch-53, train_loss-0.8255, train_rmse-0.9086, valid_rmse-1.4459, valid_pr-0.6757
2025-06-09 12:51:26 - INFO - epoch-54, train_loss-0.7750, train_rmse-0.8804, valid_rmse-1.5260, valid_pr-0.6728
2025-06-09 12:51:35 - INFO - epoch-55, train_loss-0.7516, train_rmse-0.8670, valid_rmse-1.5090, valid_pr-0.6691
2025-06-09 12:51:45 - INFO - epoch-56, train_loss-0.7348, train_rmse-0.8572, valid_rmse-1.3915, valid_pr-0.6796
2025-06-09 12:51:55 - INFO - epoch-57, train_loss-0.7157, train_rmse-0.8460, valid_rmse-1.4598, valid_pr-0.6725
2025-06-09 12:52:04 - INFO - epoch-58, train_loss-0.6898, train_rmse-0.8305, valid_rmse-1.3911, valid_pr-0.6704
2025-06-09 12:52:14 - INFO - epoch-59, train_loss-0.6417, train_rmse-0.8010, valid_rmse-1.4810, valid_pr-0.6549
2025-06-09 12:52:24 - INFO - epoch-60, train_loss-0.6223, train_rmse-0.7888, valid_rmse-1.4534, valid_pr-0.6581
2025-06-09 12:52:33 - INFO - epoch-61, train_loss-0.5915, train_rmse-0.7691, valid_rmse-1.5494, valid_pr-0.6564
2025-06-09 12:52:43 - INFO - epoch-62, train_loss-0.5916, train_rmse-0.7691, valid_rmse-1.5407, valid_pr-0.6508
2025-06-09 12:52:52 - INFO - epoch-63, train_loss-0.5515, train_rmse-0.7426, valid_rmse-1.4162, valid_pr-0.6568
2025-06-09 12:53:02 - INFO - epoch-64, train_loss-0.5433, train_rmse-0.7371, valid_rmse-1.3893, valid_pr-0.6701
2025-06-09 12:53:12 - INFO - epoch-65, train_loss-0.5218, train_rmse-0.7224, valid_rmse-1.4867, valid_pr-0.6625
2025-06-09 12:53:21 - INFO - epoch-66, train_loss-0.4985, train_rmse-0.7061, valid_rmse-1.4283, valid_pr-0.6588
2025-06-09 12:53:31 - INFO - epoch-67, train_loss-0.4784, train_rmse-0.6916, valid_rmse-1.4259, valid_pr-0.6652
2025-06-09 12:53:40 - INFO - epoch-68, train_loss-0.4705, train_rmse-0.6859, valid_rmse-1.5324, valid_pr-0.6666
2025-06-09 12:53:50 - INFO - epoch-69, train_loss-0.4562, train_rmse-0.6754, valid_rmse-1.4504, valid_pr-0.6716
2025-06-09 12:54:00 - INFO - epoch-70, train_loss-0.4315, train_rmse-0.6569, valid_rmse-1.4808, valid_pr-0.6611
2025-06-09 12:54:09 - INFO - epoch-71, train_loss-0.4095, train_rmse-0.6399, valid_rmse-1.4217, valid_pr-0.6715
2025-06-09 12:54:19 - INFO - epoch-72, train_loss-0.3819, train_rmse-0.6180, valid_rmse-1.4318, valid_pr-0.6740
2025-06-09 12:54:28 - INFO - epoch-73, train_loss-0.3908, train_rmse-0.6252, valid_rmse-1.4379, valid_pr-0.6652
2025-06-09 12:54:38 - INFO - epoch-74, train_loss-0.3721, train_rmse-0.6100, valid_rmse-1.4365, valid_pr-0.6616
2025-06-09 12:54:48 - INFO - epoch-75, train_loss-0.3663, train_rmse-0.6053, valid_rmse-1.4299, valid_pr-0.6658
2025-06-09 12:54:57 - INFO - epoch-76, train_loss-0.3804, train_rmse-0.6167, valid_rmse-1.4335, valid_pr-0.6508
2025-06-09 12:55:07 - INFO - epoch-77, train_loss-0.3555, train_rmse-0.5963, valid_rmse-1.4153, valid_pr-0.6740
2025-06-09 12:55:17 - INFO - epoch-78, train_loss-0.3377, train_rmse-0.5811, valid_rmse-1.4024, valid_pr-0.6705
2025-06-09 12:55:26 - INFO - epoch-79, train_loss-0.3429, train_rmse-0.5856, valid_rmse-1.4043, valid_pr-0.6727
2025-06-09 12:55:36 - INFO - epoch-80, train_loss-0.3324, train_rmse-0.5765, valid_rmse-1.4520, valid_pr-0.6627
2025-06-09 12:55:46 - INFO - epoch-81, train_loss-0.3182, train_rmse-0.5641, valid_rmse-1.4019, valid_pr-0.6613
2025-06-09 12:55:55 - INFO - epoch-82, train_loss-0.3019, train_rmse-0.5495, valid_rmse-1.5004, valid_pr-0.6518
2025-06-09 12:56:05 - INFO - epoch-83, train_loss-0.2977, train_rmse-0.5456, valid_rmse-1.4951, valid_pr-0.6716
2025-06-09 12:56:14 - INFO - epoch-84, train_loss-0.2994, train_rmse-0.5472, valid_rmse-1.4980, valid_pr-0.6720
2025-06-09 12:56:24 - INFO - epoch-85, train_loss-0.2882, train_rmse-0.5368, valid_rmse-1.4651, valid_pr-0.6641
2025-06-09 12:56:34 - INFO - epoch-86, train_loss-0.2790, train_rmse-0.5282, valid_rmse-1.4476, valid_pr-0.6664
2025-06-09 12:56:44 - INFO - epoch-87, train_loss-0.2832, train_rmse-0.5322, valid_rmse-1.4284, valid_pr-0.6602
2025-06-09 12:56:53 - INFO - epoch-88, train_loss-0.2762, train_rmse-0.5255, valid_rmse-1.4374, valid_pr-0.6514
2025-06-09 12:57:03 - INFO - epoch-89, train_loss-0.2752, train_rmse-0.5246, valid_rmse-1.4570, valid_pr-0.6693
2025-06-09 12:57:12 - INFO - epoch-90, train_loss-0.2587, train_rmse-0.5087, valid_rmse-1.5085, valid_pr-0.6709
2025-06-09 12:57:22 - INFO - epoch-91, train_loss-0.2731, train_rmse-0.5226, valid_rmse-1.4338, valid_pr-0.6777
2025-06-09 12:57:32 - INFO - epoch-92, train_loss-0.2507, train_rmse-0.5007, valid_rmse-1.4115, valid_pr-0.6635
2025-06-09 12:57:41 - INFO - epoch-93, train_loss-0.2421, train_rmse-0.4921, valid_rmse-1.4399, valid_pr-0.6712
2025-06-09 12:57:51 - INFO - epoch-94, train_loss-0.2332, train_rmse-0.4829, valid_rmse-1.4342, valid_pr-0.6713
2025-06-09 12:58:00 - INFO - epoch-95, train_loss-0.2325, train_rmse-0.4822, valid_rmse-1.4446, valid_pr-0.6715
2025-06-09 12:58:10 - INFO - epoch-96, train_loss-0.2294, train_rmse-0.4790, valid_rmse-1.4067, valid_pr-0.6719
2025-06-09 12:58:20 - INFO - epoch-97, train_loss-0.2425, train_rmse-0.4925, valid_rmse-1.5904, valid_pr-0.6686
2025-06-09 12:58:29 - INFO - epoch-98, train_loss-0.2342, train_rmse-0.4840, valid_rmse-1.4288, valid_pr-0.6768
2025-06-09 12:58:39 - INFO - epoch-99, train_loss-0.2192, train_rmse-0.4682, valid_rmse-1.4246, valid_pr-0.6725
2025-06-09 12:58:49 - INFO - epoch-100, train_loss-0.2221, train_rmse-0.4713, valid_rmse-1.4013, valid_pr-0.6805
2025-06-09 12:58:58 - INFO - epoch-101, train_loss-0.2311, train_rmse-0.4807, valid_rmse-1.3950, valid_pr-0.6686
2025-06-09 12:59:08 - INFO - epoch-102, train_loss-0.2221, train_rmse-0.4713, valid_rmse-1.3818, valid_pr-0.6781
2025-06-09 12:59:17 - INFO - epoch-103, train_loss-0.2262, train_rmse-0.4756, valid_rmse-1.4014, valid_pr-0.6782
2025-06-09 12:59:27 - INFO - epoch-104, train_loss-0.2145, train_rmse-0.4632, valid_rmse-1.4133, valid_pr-0.6674
2025-06-09 12:59:37 - INFO - epoch-105, train_loss-0.2204, train_rmse-0.4694, valid_rmse-1.4360, valid_pr-0.6677
2025-06-09 12:59:46 - INFO - epoch-106, train_loss-0.2035, train_rmse-0.4511, valid_rmse-1.4073, valid_pr-0.6749
2025-06-09 12:59:56 - INFO - epoch-107, train_loss-0.1976, train_rmse-0.4446, valid_rmse-1.4718, valid_pr-0.6760
2025-06-09 13:00:06 - INFO - epoch-108, train_loss-0.2069, train_rmse-0.4549, valid_rmse-1.4820, valid_pr-0.6658
2025-06-09 13:00:16 - INFO - epoch-109, train_loss-0.2018, train_rmse-0.4492, valid_rmse-1.4060, valid_pr-0.6671
2025-06-09 13:00:25 - INFO - epoch-110, train_loss-0.1946, train_rmse-0.4411, valid_rmse-1.4133, valid_pr-0.6699
2025-06-09 13:00:35 - INFO - epoch-111, train_loss-0.1789, train_rmse-0.4230, valid_rmse-1.4052, valid_pr-0.6751
2025-06-09 13:00:45 - INFO - epoch-112, train_loss-0.1873, train_rmse-0.4328, valid_rmse-1.4792, valid_pr-0.6807
2025-06-09 13:00:54 - INFO - epoch-113, train_loss-0.1931, train_rmse-0.4394, valid_rmse-1.4936, valid_pr-0.6743
2025-06-09 13:01:04 - INFO - epoch-114, train_loss-0.1887, train_rmse-0.4344, valid_rmse-1.4140, valid_pr-0.6729
2025-06-09 13:01:14 - INFO - epoch-115, train_loss-0.1807, train_rmse-0.4251, valid_rmse-1.4428, valid_pr-0.6742
2025-06-09 13:01:23 - INFO - epoch-116, train_loss-0.1754, train_rmse-0.4189, valid_rmse-1.4269, valid_pr-0.6778
2025-06-09 13:01:33 - INFO - epoch-117, train_loss-0.1791, train_rmse-0.4232, valid_rmse-1.4008, valid_pr-0.6738
2025-06-09 13:01:42 - INFO - epoch-118, train_loss-0.1781, train_rmse-0.4220, valid_rmse-1.3920, valid_pr-0.6771
2025-06-09 13:01:52 - INFO - epoch-119, train_loss-0.1809, train_rmse-0.4254, valid_rmse-1.4212, valid_pr-0.6760
2025-06-09 13:02:02 - INFO - epoch-120, train_loss-0.1797, train_rmse-0.4239, valid_rmse-1.4430, valid_pr-0.6772
2025-06-09 13:02:11 - INFO - epoch-121, train_loss-0.1721, train_rmse-0.4149, valid_rmse-1.4445, valid_pr-0.6755
2025-06-09 13:02:21 - INFO - epoch-122, train_loss-0.1644, train_rmse-0.4054, valid_rmse-1.4076, valid_pr-0.6709
2025-06-09 13:02:30 - INFO - epoch-123, train_loss-0.1818, train_rmse-0.4263, valid_rmse-1.4026, valid_pr-0.6651
2025-06-09 13:02:40 - INFO - epoch-124, train_loss-0.1760, train_rmse-0.4195, valid_rmse-1.4354, valid_pr-0.6809
2025-06-09 13:02:50 - INFO - epoch-125, train_loss-0.1544, train_rmse-0.3930, valid_rmse-1.4084, valid_pr-0.6737
2025-06-09 13:02:59 - INFO - epoch-126, train_loss-0.1527, train_rmse-0.3908, valid_rmse-1.3776, valid_pr-0.6861
2025-06-09 13:03:09 - INFO - epoch-127, train_loss-0.1632, train_rmse-0.4040, valid_rmse-1.3953, valid_pr-0.6707
2025-06-09 13:03:19 - INFO - epoch-128, train_loss-0.1599, train_rmse-0.3998, valid_rmse-1.4396, valid_pr-0.6705
2025-06-09 13:03:28 - INFO - epoch-129, train_loss-0.1686, train_rmse-0.4106, valid_rmse-1.3600, valid_pr-0.6861
2025-06-09 13:03:38 - INFO - epoch-130, train_loss-0.1725, train_rmse-0.4153, valid_rmse-1.3873, valid_pr-0.6820
2025-06-09 13:03:48 - INFO - epoch-131, train_loss-0.1572, train_rmse-0.3965, valid_rmse-1.4022, valid_pr-0.6827
2025-06-09 13:03:57 - INFO - epoch-132, train_loss-0.1494, train_rmse-0.3865, valid_rmse-1.3580, valid_pr-0.6886
2025-06-09 13:04:07 - INFO - epoch-133, train_loss-0.1528, train_rmse-0.3909, valid_rmse-1.3801, valid_pr-0.6773
2025-06-09 13:04:16 - INFO - epoch-134, train_loss-0.1540, train_rmse-0.3924, valid_rmse-1.3953, valid_pr-0.6740
2025-06-09 13:04:26 - INFO - epoch-135, train_loss-0.1516, train_rmse-0.3893, valid_rmse-1.3877, valid_pr-0.6789
2025-06-09 13:04:36 - INFO - epoch-136, train_loss-0.1644, train_rmse-0.4054, valid_rmse-1.4021, valid_pr-0.6808
2025-06-09 13:04:45 - INFO - epoch-137, train_loss-0.1521, train_rmse-0.3900, valid_rmse-1.3964, valid_pr-0.6807
2025-06-09 13:04:55 - INFO - epoch-138, train_loss-0.1593, train_rmse-0.3991, valid_rmse-1.4180, valid_pr-0.6863
2025-06-09 13:05:05 - INFO - epoch-139, train_loss-0.1520, train_rmse-0.3898, valid_rmse-1.4110, valid_pr-0.6887
2025-06-09 13:05:14 - INFO - epoch-140, train_loss-0.1442, train_rmse-0.3798, valid_rmse-1.4063, valid_pr-0.6717
2025-06-09 13:05:14 - INFO - early stop in epoch 140
2025-06-09 13:05:14 - INFO - best_rmse: 1.3491
2025-06-09 13:05:18 - INFO - valid_rmse-1.3491, valid_pr-0.6845, test2013_rmse-1.6808, test2013_pr-0.7109, test2016_rmse-1.4300, test2016_pr-0.7691, test2019_rmse-1.4994, test2019_pr-0.5743,
