2025-06-06 14:56:34 - INFO - train_EGNN.py
2025-06-06 14:56:34 - INFO - train data: 11904
2025-06-06 14:56:34 - INFO - valid data: 1000
2025-06-06 14:56:34 - INFO - test2013 data: 107
2025-06-06 14:56:34 - INFO - test2016 data: 285
2025-06-06 14:56:34 - INFO - test2019 data: 4366
2025-06-06 14:56:44 - INFO - epoch-0, train_loss-39.9015, train_rmse-6.3168, valid_rmse-9.0988, valid_pr-0.1160
2025-06-06 14:56:52 - INFO - epoch-1, train_loss-24.6420, train_rmse-4.9641, valid_rmse-4.0658, valid_pr-0.3967
2025-06-06 14:57:00 - INFO - epoch-2, train_loss-7.6395, train_rmse-2.7640, valid_rmse-2.1478, valid_pr-0.4823
2025-06-06 14:57:07 - INFO - epoch-3, train_loss-3.6574, train_rmse-1.9124, valid_rmse-1.9552, valid_pr-0.4372
2025-06-06 14:57:15 - INFO - epoch-4, train_loss-3.3826, train_rmse-1.8392, valid_rmse-1.6283, valid_pr-0.5100
2025-06-06 14:57:23 - INFO - epoch-5, train_loss-3.3601, train_rmse-1.8331, valid_rmse-1.6148, valid_pr-0.5107
2025-06-06 14:57:31 - INFO - epoch-6, train_loss-3.2518, train_rmse-1.8033, valid_rmse-1.5880, valid_pr-0.5317
2025-06-06 14:57:39 - INFO - epoch-7, train_loss-3.1813, train_rmse-1.7836, valid_rmse-1.6964, valid_pr-0.5291
2025-06-06 14:57:46 - INFO - epoch-8, train_loss-3.1990, train_rmse-1.7886, valid_rmse-1.8820, valid_pr-0.4462
2025-06-06 14:57:54 - INFO - epoch-9, train_loss-3.0875, train_rmse-1.7571, valid_rmse-1.6199, valid_pr-0.5244
2025-06-06 14:58:02 - INFO - epoch-10, train_loss-2.9999, train_rmse-1.7320, valid_rmse-1.7065, valid_pr-0.5069
2025-06-06 14:58:09 - INFO - epoch-11, train_loss-3.0086, train_rmse-1.7345, valid_rmse-1.6545, valid_pr-0.5333
2025-06-06 14:58:17 - INFO - epoch-12, train_loss-2.9296, train_rmse-1.7116, valid_rmse-1.7734, valid_pr-0.4674
2025-06-06 14:58:25 - INFO - epoch-13, train_loss-2.8530, train_rmse-1.6891, valid_rmse-1.5274, valid_pr-0.5631
2025-06-06 14:58:33 - INFO - epoch-14, train_loss-2.8019, train_rmse-1.6739, valid_rmse-1.5193, valid_pr-0.5791
2025-06-06 14:58:40 - INFO - epoch-15, train_loss-2.8298, train_rmse-1.6822, valid_rmse-1.6570, valid_pr-0.5348
2025-06-06 14:58:48 - INFO - epoch-16, train_loss-2.7906, train_rmse-1.6705, valid_rmse-1.6995, valid_pr-0.5532
2025-06-06 14:58:56 - INFO - epoch-17, train_loss-2.7716, train_rmse-1.6648, valid_rmse-1.9251, valid_pr-0.5100
2025-06-06 14:59:04 - INFO - epoch-18, train_loss-2.7088, train_rmse-1.6458, valid_rmse-2.1127, valid_pr-0.2894
2025-06-06 14:59:11 - INFO - epoch-19, train_loss-2.6866, train_rmse-1.6391, valid_rmse-1.7923, valid_pr-0.4746
2025-06-06 14:59:19 - INFO - epoch-20, train_loss-2.6750, train_rmse-1.6356, valid_rmse-1.8038, valid_pr-0.5573
2025-06-06 14:59:27 - INFO - epoch-21, train_loss-2.6561, train_rmse-1.6298, valid_rmse-1.5178, valid_pr-0.5833
2025-06-06 14:59:35 - INFO - epoch-22, train_loss-2.5618, train_rmse-1.6005, valid_rmse-1.6268, valid_pr-0.5655
2025-06-06 14:59:43 - INFO - epoch-23, train_loss-2.5248, train_rmse-1.5890, valid_rmse-1.6950, valid_pr-0.5501
2025-06-06 14:59:51 - INFO - epoch-24, train_loss-2.4969, train_rmse-1.5802, valid_rmse-1.6009, valid_pr-0.5291
2025-06-06 14:59:58 - INFO - epoch-25, train_loss-2.5112, train_rmse-1.5847, valid_rmse-1.5403, valid_pr-0.5732
2025-06-06 15:00:06 - INFO - epoch-26, train_loss-2.4710, train_rmse-1.5720, valid_rmse-1.5290, valid_pr-0.6008
2025-06-06 15:00:14 - INFO - epoch-27, train_loss-2.4614, train_rmse-1.5689, valid_rmse-1.6221, valid_pr-0.5788
2025-06-06 15:00:22 - INFO - epoch-28, train_loss-2.3940, train_rmse-1.5473, valid_rmse-1.4996, valid_pr-0.5977
2025-06-06 15:00:30 - INFO - epoch-29, train_loss-2.4023, train_rmse-1.5499, valid_rmse-1.4503, valid_pr-0.6193
2025-06-06 15:00:38 - INFO - epoch-30, train_loss-2.3409, train_rmse-1.5300, valid_rmse-1.5961, valid_pr-0.5729
2025-06-06 15:00:45 - INFO - epoch-31, train_loss-2.3317, train_rmse-1.5270, valid_rmse-1.4828, valid_pr-0.6036
2025-06-06 15:00:53 - INFO - epoch-32, train_loss-2.3370, train_rmse-1.5287, valid_rmse-1.4467, valid_pr-0.6231
2025-06-06 15:01:01 - INFO - epoch-33, train_loss-2.2862, train_rmse-1.5120, valid_rmse-1.5266, valid_pr-0.6029
2025-06-06 15:01:09 - INFO - epoch-34, train_loss-2.2662, train_rmse-1.5054, valid_rmse-1.4776, valid_pr-0.6004
2025-06-06 15:01:17 - INFO - epoch-35, train_loss-2.2825, train_rmse-1.5108, valid_rmse-1.5947, valid_pr-0.6102
2025-06-06 15:01:25 - INFO - epoch-36, train_loss-2.2326, train_rmse-1.4942, valid_rmse-1.5435, valid_pr-0.6067
2025-06-06 15:01:32 - INFO - epoch-37, train_loss-2.1949, train_rmse-1.4815, valid_rmse-1.5001, valid_pr-0.6076
2025-06-06 15:01:40 - INFO - epoch-38, train_loss-2.1774, train_rmse-1.4756, valid_rmse-1.4556, valid_pr-0.6301
2025-06-06 15:01:48 - INFO - epoch-39, train_loss-2.1854, train_rmse-1.4783, valid_rmse-1.5725, valid_pr-0.5831
2025-06-06 15:01:56 - INFO - epoch-40, train_loss-2.1667, train_rmse-1.4720, valid_rmse-1.5933, valid_pr-0.6345
2025-06-06 15:02:03 - INFO - epoch-41, train_loss-2.0990, train_rmse-1.4488, valid_rmse-1.6412, valid_pr-0.6193
2025-06-06 15:02:11 - INFO - epoch-42, train_loss-2.0803, train_rmse-1.4423, valid_rmse-1.4261, valid_pr-0.6361
2025-06-06 15:02:19 - INFO - epoch-43, train_loss-2.0871, train_rmse-1.4447, valid_rmse-1.4433, valid_pr-0.6414
2025-06-06 15:02:27 - INFO - epoch-44, train_loss-2.0558, train_rmse-1.4338, valid_rmse-1.4857, valid_pr-0.6157
2025-06-06 15:02:35 - INFO - epoch-45, train_loss-1.9736, train_rmse-1.4049, valid_rmse-1.4255, valid_pr-0.6374
2025-06-06 15:02:42 - INFO - epoch-46, train_loss-1.9796, train_rmse-1.4070, valid_rmse-1.5705, valid_pr-0.6089
2025-06-06 15:02:50 - INFO - epoch-47, train_loss-1.9331, train_rmse-1.3904, valid_rmse-1.3953, valid_pr-0.6614
2025-06-06 15:02:58 - INFO - epoch-48, train_loss-1.8662, train_rmse-1.3661, valid_rmse-1.3929, valid_pr-0.6709
2025-06-06 15:03:06 - INFO - epoch-49, train_loss-1.8646, train_rmse-1.3655, valid_rmse-1.5664, valid_pr-0.6370
2025-06-06 15:03:14 - INFO - epoch-50, train_loss-1.7889, train_rmse-1.3375, valid_rmse-1.4363, valid_pr-0.6304
2025-06-06 15:03:22 - INFO - epoch-51, train_loss-1.8099, train_rmse-1.3453, valid_rmse-1.3716, valid_pr-0.6730
2025-06-06 15:03:30 - INFO - epoch-52, train_loss-1.7761, train_rmse-1.3327, valid_rmse-1.4496, valid_pr-0.6389
2025-06-06 15:03:38 - INFO - epoch-53, train_loss-1.7351, train_rmse-1.3172, valid_rmse-1.3388, valid_pr-0.6921
2025-06-06 15:03:45 - INFO - epoch-54, train_loss-1.6819, train_rmse-1.2969, valid_rmse-1.3725, valid_pr-0.6769
2025-06-06 15:03:53 - INFO - epoch-55, train_loss-1.6353, train_rmse-1.2788, valid_rmse-1.3229, valid_pr-0.7001
2025-06-06 15:04:01 - INFO - epoch-56, train_loss-1.5783, train_rmse-1.2563, valid_rmse-1.3770, valid_pr-0.6877
2025-06-06 15:04:09 - INFO - epoch-57, train_loss-1.5542, train_rmse-1.2467, valid_rmse-1.4977, valid_pr-0.6664
2025-06-06 15:04:17 - INFO - epoch-58, train_loss-1.5241, train_rmse-1.2346, valid_rmse-1.3273, valid_pr-0.7052
2025-06-06 15:04:25 - INFO - epoch-59, train_loss-1.4754, train_rmse-1.2147, valid_rmse-1.3487, valid_pr-0.6965
2025-06-06 15:04:32 - INFO - epoch-60, train_loss-1.4018, train_rmse-1.1840, valid_rmse-1.5487, valid_pr-0.6723
2025-06-06 15:04:40 - INFO - epoch-61, train_loss-1.3348, train_rmse-1.1553, valid_rmse-1.4056, valid_pr-0.6662
2025-06-06 15:04:48 - INFO - epoch-62, train_loss-1.2654, train_rmse-1.1249, valid_rmse-1.5271, valid_pr-0.6790
2025-06-06 15:04:56 - INFO - epoch-63, train_loss-1.2530, train_rmse-1.1194, valid_rmse-1.3552, valid_pr-0.6880
2025-06-06 15:05:04 - INFO - epoch-64, train_loss-1.2161, train_rmse-1.1028, valid_rmse-1.3766, valid_pr-0.6980
2025-06-06 15:05:12 - INFO - epoch-65, train_loss-1.1641, train_rmse-1.0789, valid_rmse-1.3592, valid_pr-0.7019
2025-06-06 15:05:20 - INFO - epoch-66, train_loss-1.0605, train_rmse-1.0298, valid_rmse-1.3768, valid_pr-0.6994
2025-06-06 15:05:27 - INFO - epoch-67, train_loss-1.0023, train_rmse-1.0012, valid_rmse-1.4392, valid_pr-0.6832
2025-06-06 15:05:35 - INFO - epoch-68, train_loss-0.9763, train_rmse-0.9881, valid_rmse-1.3353, valid_pr-0.7044
2025-06-06 15:05:43 - INFO - epoch-69, train_loss-0.9280, train_rmse-0.9633, valid_rmse-1.3166, valid_pr-0.7072
2025-06-06 15:05:51 - INFO - epoch-70, train_loss-0.8735, train_rmse-0.9346, valid_rmse-1.3863, valid_pr-0.7047
2025-06-06 15:05:59 - INFO - epoch-71, train_loss-0.8030, train_rmse-0.8961, valid_rmse-1.3458, valid_pr-0.6850
2025-06-06 15:06:07 - INFO - epoch-72, train_loss-0.7530, train_rmse-0.8678, valid_rmse-1.3475, valid_pr-0.7046
2025-06-06 15:06:15 - INFO - epoch-73, train_loss-0.7119, train_rmse-0.8437, valid_rmse-1.3662, valid_pr-0.6859
2025-06-06 15:06:23 - INFO - epoch-74, train_loss-0.6496, train_rmse-0.8060, valid_rmse-1.3298, valid_pr-0.7055
2025-06-06 15:06:30 - INFO - epoch-75, train_loss-0.6280, train_rmse-0.7925, valid_rmse-1.3493, valid_pr-0.7024
2025-06-06 15:06:38 - INFO - epoch-76, train_loss-0.5918, train_rmse-0.7693, valid_rmse-1.2959, valid_pr-0.7215
2025-06-06 15:06:46 - INFO - epoch-77, train_loss-0.5778, train_rmse-0.7601, valid_rmse-1.3429, valid_pr-0.7161
2025-06-06 15:06:54 - INFO - epoch-78, train_loss-0.5659, train_rmse-0.7523, valid_rmse-1.2945, valid_pr-0.7311
2025-06-06 15:07:02 - INFO - epoch-79, train_loss-0.4975, train_rmse-0.7054, valid_rmse-1.3282, valid_pr-0.7167
2025-06-06 15:07:09 - INFO - epoch-80, train_loss-0.4700, train_rmse-0.6856, valid_rmse-1.3624, valid_pr-0.7216
2025-06-06 15:07:17 - INFO - epoch-81, train_loss-0.4799, train_rmse-0.6928, valid_rmse-1.2832, valid_pr-0.7241
2025-06-06 15:07:25 - INFO - epoch-82, train_loss-0.4640, train_rmse-0.6812, valid_rmse-1.3805, valid_pr-0.6872
2025-06-06 15:07:33 - INFO - epoch-83, train_loss-0.4319, train_rmse-0.6572, valid_rmse-1.3250, valid_pr-0.7225
2025-06-06 15:07:41 - INFO - epoch-84, train_loss-0.4222, train_rmse-0.6498, valid_rmse-1.2996, valid_pr-0.7198
2025-06-06 15:07:49 - INFO - epoch-85, train_loss-0.3937, train_rmse-0.6275, valid_rmse-1.3815, valid_pr-0.7042
2025-06-06 15:07:57 - INFO - epoch-86, train_loss-0.3828, train_rmse-0.6187, valid_rmse-1.3187, valid_pr-0.7190
2025-06-06 15:08:04 - INFO - epoch-87, train_loss-0.3674, train_rmse-0.6061, valid_rmse-1.2966, valid_pr-0.7195
2025-06-06 15:08:12 - INFO - epoch-88, train_loss-0.3701, train_rmse-0.6084, valid_rmse-1.3415, valid_pr-0.7148
2025-06-06 15:08:20 - INFO - epoch-89, train_loss-0.3425, train_rmse-0.5852, valid_rmse-1.2910, valid_pr-0.7253
2025-06-06 15:08:28 - INFO - epoch-90, train_loss-0.3342, train_rmse-0.5781, valid_rmse-1.3166, valid_pr-0.7104
2025-06-06 15:08:36 - INFO - epoch-91, train_loss-0.3437, train_rmse-0.5862, valid_rmse-1.3636, valid_pr-0.7047
2025-06-06 15:08:43 - INFO - epoch-92, train_loss-0.3382, train_rmse-0.5815, valid_rmse-1.3363, valid_pr-0.7002
2025-06-06 15:08:51 - INFO - epoch-93, train_loss-0.3471, train_rmse-0.5892, valid_rmse-1.2834, valid_pr-0.7320
2025-06-06 15:08:59 - INFO - epoch-94, train_loss-0.3296, train_rmse-0.5741, valid_rmse-1.3004, valid_pr-0.7231
2025-06-06 15:09:07 - INFO - epoch-95, train_loss-0.2985, train_rmse-0.5464, valid_rmse-1.3169, valid_pr-0.7238
2025-06-06 15:09:15 - INFO - epoch-96, train_loss-0.2962, train_rmse-0.5443, valid_rmse-1.3174, valid_pr-0.7170
2025-06-06 15:09:23 - INFO - epoch-97, train_loss-0.2991, train_rmse-0.5469, valid_rmse-1.2830, valid_pr-0.7198
2025-06-06 15:09:30 - INFO - epoch-98, train_loss-0.3083, train_rmse-0.5553, valid_rmse-1.3184, valid_pr-0.7130
2025-06-06 15:09:38 - INFO - epoch-99, train_loss-0.2871, train_rmse-0.5359, valid_rmse-1.2880, valid_pr-0.7199
2025-06-06 15:09:46 - INFO - epoch-100, train_loss-0.2823, train_rmse-0.5313, valid_rmse-1.3015, valid_pr-0.7242
2025-06-06 15:09:54 - INFO - epoch-101, train_loss-0.2877, train_rmse-0.5363, valid_rmse-1.2794, valid_pr-0.7242
2025-06-06 15:10:02 - INFO - epoch-102, train_loss-0.3036, train_rmse-0.5510, valid_rmse-1.3437, valid_pr-0.7283
2025-06-06 15:10:10 - INFO - epoch-103, train_loss-0.2640, train_rmse-0.5138, valid_rmse-1.3419, valid_pr-0.7290
2025-06-06 15:10:17 - INFO - epoch-104, train_loss-0.2667, train_rmse-0.5165, valid_rmse-1.2874, valid_pr-0.7252
2025-06-06 15:10:25 - INFO - epoch-105, train_loss-0.2817, train_rmse-0.5308, valid_rmse-1.3055, valid_pr-0.7153
2025-06-06 15:10:33 - INFO - epoch-106, train_loss-0.2634, train_rmse-0.5132, valid_rmse-1.2779, valid_pr-0.7294
2025-06-06 15:10:41 - INFO - epoch-107, train_loss-0.2574, train_rmse-0.5073, valid_rmse-1.2886, valid_pr-0.7228
2025-06-06 15:10:49 - INFO - epoch-108, train_loss-0.2603, train_rmse-0.5102, valid_rmse-1.3285, valid_pr-0.7274
2025-06-06 15:10:56 - INFO - epoch-109, train_loss-0.2594, train_rmse-0.5093, valid_rmse-1.2578, valid_pr-0.7333
2025-06-06 15:11:04 - INFO - epoch-110, train_loss-0.2575, train_rmse-0.5074, valid_rmse-1.2949, valid_pr-0.7217
2025-06-06 15:11:12 - INFO - epoch-111, train_loss-0.2486, train_rmse-0.4986, valid_rmse-1.3268, valid_pr-0.7361
2025-06-06 15:11:20 - INFO - epoch-112, train_loss-0.2678, train_rmse-0.5175, valid_rmse-1.2735, valid_pr-0.7287
2025-06-06 15:11:28 - INFO - epoch-113, train_loss-0.2385, train_rmse-0.4884, valid_rmse-1.2740, valid_pr-0.7342
2025-06-06 15:11:36 - INFO - epoch-114, train_loss-0.2447, train_rmse-0.4947, valid_rmse-1.2703, valid_pr-0.7349
2025-06-06 15:11:44 - INFO - epoch-115, train_loss-0.2388, train_rmse-0.4887, valid_rmse-1.2605, valid_pr-0.7383
2025-06-06 15:11:51 - INFO - epoch-116, train_loss-0.2650, train_rmse-0.5148, valid_rmse-1.3011, valid_pr-0.7341
2025-06-06 15:11:59 - INFO - epoch-117, train_loss-0.2373, train_rmse-0.4872, valid_rmse-1.2793, valid_pr-0.7269
2025-06-06 15:12:07 - INFO - epoch-118, train_loss-0.2417, train_rmse-0.4916, valid_rmse-1.2879, valid_pr-0.7241
2025-06-06 15:12:15 - INFO - epoch-119, train_loss-0.2427, train_rmse-0.4927, valid_rmse-1.2886, valid_pr-0.7203
2025-06-06 15:12:22 - INFO - epoch-120, train_loss-0.2295, train_rmse-0.4791, valid_rmse-1.2345, valid_pr-0.7451
2025-06-06 15:12:30 - INFO - epoch-121, train_loss-0.2347, train_rmse-0.4844, valid_rmse-1.2726, valid_pr-0.7321
2025-06-06 15:12:38 - INFO - epoch-122, train_loss-0.2288, train_rmse-0.4784, valid_rmse-1.2575, valid_pr-0.7467
2025-06-06 15:12:46 - INFO - epoch-123, train_loss-0.2329, train_rmse-0.4826, valid_rmse-1.2781, valid_pr-0.7250
2025-06-06 15:12:54 - INFO - epoch-124, train_loss-0.2158, train_rmse-0.4645, valid_rmse-1.2655, valid_pr-0.7338
2025-06-06 15:13:02 - INFO - epoch-125, train_loss-0.2175, train_rmse-0.4664, valid_rmse-1.2630, valid_pr-0.7311
2025-06-06 15:13:09 - INFO - epoch-126, train_loss-0.2177, train_rmse-0.4666, valid_rmse-1.2802, valid_pr-0.7294
2025-06-06 15:13:17 - INFO - epoch-127, train_loss-0.2215, train_rmse-0.4707, valid_rmse-1.2694, valid_pr-0.7334
2025-06-06 15:13:25 - INFO - epoch-128, train_loss-0.2128, train_rmse-0.4613, valid_rmse-1.2578, valid_pr-0.7368
2025-06-06 15:13:33 - INFO - epoch-129, train_loss-0.2027, train_rmse-0.4503, valid_rmse-1.2520, valid_pr-0.7377
2025-06-06 15:13:41 - INFO - epoch-130, train_loss-0.2020, train_rmse-0.4494, valid_rmse-1.2659, valid_pr-0.7340
2025-06-06 15:13:49 - INFO - epoch-131, train_loss-0.2137, train_rmse-0.4623, valid_rmse-1.2636, valid_pr-0.7315
2025-06-06 15:13:57 - INFO - epoch-132, train_loss-0.2092, train_rmse-0.4574, valid_rmse-1.2626, valid_pr-0.7395
2025-06-06 15:14:04 - INFO - epoch-133, train_loss-0.1951, train_rmse-0.4417, valid_rmse-1.2556, valid_pr-0.7434
2025-06-06 15:14:12 - INFO - epoch-134, train_loss-0.2032, train_rmse-0.4508, valid_rmse-1.2829, valid_pr-0.7361
2025-06-06 15:14:20 - INFO - epoch-135, train_loss-0.2232, train_rmse-0.4724, valid_rmse-1.2991, valid_pr-0.7266
2025-06-06 15:14:28 - INFO - epoch-136, train_loss-0.1968, train_rmse-0.4436, valid_rmse-1.2645, valid_pr-0.7379
2025-06-06 15:14:36 - INFO - epoch-137, train_loss-0.2032, train_rmse-0.4508, valid_rmse-1.2915, valid_pr-0.7193
2025-06-06 15:14:44 - INFO - epoch-138, train_loss-0.2033, train_rmse-0.4508, valid_rmse-1.2384, valid_pr-0.7417
2025-06-06 15:14:52 - INFO - epoch-139, train_loss-0.1992, train_rmse-0.4464, valid_rmse-1.2956, valid_pr-0.7389
2025-06-06 15:14:59 - INFO - epoch-140, train_loss-0.1927, train_rmse-0.4389, valid_rmse-1.3023, valid_pr-0.7376
2025-06-06 15:15:07 - INFO - epoch-141, train_loss-0.1924, train_rmse-0.4387, valid_rmse-1.2740, valid_pr-0.7386
2025-06-06 15:15:15 - INFO - epoch-142, train_loss-0.1903, train_rmse-0.4362, valid_rmse-1.2979, valid_pr-0.7262
2025-06-06 15:15:23 - INFO - epoch-143, train_loss-0.1867, train_rmse-0.4321, valid_rmse-1.2600, valid_pr-0.7463
2025-06-06 15:15:31 - INFO - epoch-144, train_loss-0.1927, train_rmse-0.4389, valid_rmse-1.2530, valid_pr-0.7385
2025-06-06 15:15:38 - INFO - epoch-145, train_loss-0.1841, train_rmse-0.4291, valid_rmse-1.2582, valid_pr-0.7403
2025-06-06 15:15:46 - INFO - epoch-146, train_loss-0.1828, train_rmse-0.4276, valid_rmse-1.2388, valid_pr-0.7443
2025-06-06 15:15:54 - INFO - epoch-147, train_loss-0.1886, train_rmse-0.4343, valid_rmse-1.2374, valid_pr-0.7454
2025-06-06 15:16:02 - INFO - epoch-148, train_loss-0.1975, train_rmse-0.4444, valid_rmse-1.2765, valid_pr-0.7410
2025-06-06 15:16:10 - INFO - epoch-149, train_loss-0.1903, train_rmse-0.4362, valid_rmse-1.2607, valid_pr-0.7334
2025-06-06 15:16:18 - INFO - epoch-150, train_loss-0.2079, train_rmse-0.4559, valid_rmse-1.2657, valid_pr-0.7347
2025-06-06 15:16:26 - INFO - epoch-151, train_loss-0.2009, train_rmse-0.4482, valid_rmse-1.2401, valid_pr-0.7423
2025-06-06 15:16:33 - INFO - epoch-152, train_loss-0.1774, train_rmse-0.4212, valid_rmse-1.2585, valid_pr-0.7452
2025-06-06 15:16:41 - INFO - epoch-153, train_loss-0.1752, train_rmse-0.4186, valid_rmse-1.2526, valid_pr-0.7492
2025-06-06 15:16:49 - INFO - epoch-154, train_loss-0.1832, train_rmse-0.4280, valid_rmse-1.2659, valid_pr-0.7348
2025-06-06 15:16:57 - INFO - epoch-155, train_loss-0.1884, train_rmse-0.4340, valid_rmse-1.2455, valid_pr-0.7412
2025-06-06 15:17:05 - INFO - epoch-156, train_loss-0.1625, train_rmse-0.4031, valid_rmse-1.2434, valid_pr-0.7469
2025-06-06 15:17:13 - INFO - epoch-157, train_loss-0.1711, train_rmse-0.4136, valid_rmse-1.2018, valid_pr-0.7598
2025-06-06 15:17:21 - INFO - epoch-158, train_loss-0.1758, train_rmse-0.4193, valid_rmse-1.3296, valid_pr-0.7344
2025-06-06 15:17:29 - INFO - epoch-159, train_loss-0.1863, train_rmse-0.4316, valid_rmse-1.2452, valid_pr-0.7399
2025-06-06 15:17:36 - INFO - epoch-160, train_loss-0.1721, train_rmse-0.4148, valid_rmse-1.2590, valid_pr-0.7358
2025-06-06 15:17:44 - INFO - epoch-161, train_loss-0.1621, train_rmse-0.4026, valid_rmse-1.2934, valid_pr-0.7443
2025-06-06 15:17:52 - INFO - epoch-162, train_loss-0.1625, train_rmse-0.4031, valid_rmse-1.2565, valid_pr-0.7459
2025-06-06 15:18:00 - INFO - epoch-163, train_loss-0.1623, train_rmse-0.4028, valid_rmse-1.2298, valid_pr-0.7518
2025-06-06 15:18:08 - INFO - epoch-164, train_loss-0.1641, train_rmse-0.4051, valid_rmse-1.2259, valid_pr-0.7488
2025-06-06 15:18:15 - INFO - epoch-165, train_loss-0.1776, train_rmse-0.4215, valid_rmse-1.2488, valid_pr-0.7434
2025-06-06 15:18:23 - INFO - epoch-166, train_loss-0.1775, train_rmse-0.4214, valid_rmse-1.2531, valid_pr-0.7422
2025-06-06 15:18:31 - INFO - epoch-167, train_loss-0.1585, train_rmse-0.3981, valid_rmse-1.2334, valid_pr-0.7467
2025-06-06 15:18:39 - INFO - epoch-168, train_loss-0.1637, train_rmse-0.4045, valid_rmse-1.2303, valid_pr-0.7483
2025-06-06 15:18:47 - INFO - epoch-169, train_loss-0.1701, train_rmse-0.4125, valid_rmse-1.2508, valid_pr-0.7422
2025-06-06 15:18:55 - INFO - epoch-170, train_loss-0.1537, train_rmse-0.3921, valid_rmse-1.2456, valid_pr-0.7450
2025-06-06 15:19:03 - INFO - epoch-171, train_loss-0.1657, train_rmse-0.4071, valid_rmse-1.2476, valid_pr-0.7403
2025-06-06 15:19:11 - INFO - epoch-172, train_loss-0.1587, train_rmse-0.3983, valid_rmse-1.2434, valid_pr-0.7405
2025-06-06 15:19:18 - INFO - epoch-173, train_loss-0.1651, train_rmse-0.4064, valid_rmse-1.2448, valid_pr-0.7413
2025-06-06 15:19:26 - INFO - epoch-174, train_loss-0.1573, train_rmse-0.3966, valid_rmse-1.2387, valid_pr-0.7436
2025-06-06 15:19:34 - INFO - epoch-175, train_loss-0.1669, train_rmse-0.4085, valid_rmse-1.2371, valid_pr-0.7429
2025-06-06 15:19:42 - INFO - epoch-176, train_loss-0.1600, train_rmse-0.4000, valid_rmse-1.2342, valid_pr-0.7474
2025-06-06 15:19:49 - INFO - epoch-177, train_loss-0.1671, train_rmse-0.4088, valid_rmse-1.2445, valid_pr-0.7448
2025-06-06 15:19:57 - INFO - epoch-178, train_loss-0.1533, train_rmse-0.3915, valid_rmse-1.2588, valid_pr-0.7410
2025-06-06 15:20:05 - INFO - epoch-179, train_loss-0.1517, train_rmse-0.3895, valid_rmse-1.2338, valid_pr-0.7457
2025-06-06 15:20:13 - INFO - epoch-180, train_loss-0.1427, train_rmse-0.3778, valid_rmse-1.2303, valid_pr-0.7466
2025-06-06 15:20:21 - INFO - epoch-181, train_loss-0.1514, train_rmse-0.3891, valid_rmse-1.2480, valid_pr-0.7378
2025-06-06 15:20:29 - INFO - epoch-182, train_loss-0.1573, train_rmse-0.3966, valid_rmse-1.2302, valid_pr-0.7513
2025-06-06 15:20:36 - INFO - epoch-183, train_loss-0.1544, train_rmse-0.3930, valid_rmse-1.2421, valid_pr-0.7410
2025-06-06 15:20:44 - INFO - epoch-184, train_loss-0.1503, train_rmse-0.3876, valid_rmse-1.2420, valid_pr-0.7401
2025-06-06 15:20:52 - INFO - epoch-185, train_loss-0.1521, train_rmse-0.3901, valid_rmse-1.2536, valid_pr-0.7367
2025-06-06 15:21:00 - INFO - epoch-186, train_loss-0.1423, train_rmse-0.3773, valid_rmse-1.2356, valid_pr-0.7438
2025-06-06 15:21:08 - INFO - epoch-187, train_loss-0.1413, train_rmse-0.3759, valid_rmse-1.2326, valid_pr-0.7467
2025-06-06 15:21:16 - INFO - epoch-188, train_loss-0.1482, train_rmse-0.3849, valid_rmse-1.2438, valid_pr-0.7412
2025-06-06 15:21:24 - INFO - epoch-189, train_loss-0.1521, train_rmse-0.3900, valid_rmse-1.2168, valid_pr-0.7521
2025-06-06 15:21:32 - INFO - epoch-190, train_loss-0.1526, train_rmse-0.3906, valid_rmse-1.2452, valid_pr-0.7435
2025-06-06 15:21:40 - INFO - epoch-191, train_loss-0.1486, train_rmse-0.3855, valid_rmse-1.2970, valid_pr-0.7414
2025-06-06 15:21:47 - INFO - epoch-192, train_loss-0.1486, train_rmse-0.3855, valid_rmse-1.2678, valid_pr-0.7440
2025-06-06 15:21:55 - INFO - epoch-193, train_loss-0.1427, train_rmse-0.3778, valid_rmse-1.2779, valid_pr-0.7452
2025-06-06 15:22:03 - INFO - epoch-194, train_loss-0.1382, train_rmse-0.3718, valid_rmse-1.2329, valid_pr-0.7459
2025-06-06 15:22:11 - INFO - epoch-195, train_loss-0.1387, train_rmse-0.3724, valid_rmse-1.2274, valid_pr-0.7470
2025-06-06 15:22:19 - INFO - epoch-196, train_loss-0.1302, train_rmse-0.3608, valid_rmse-1.2258, valid_pr-0.7501
2025-06-06 15:22:26 - INFO - epoch-197, train_loss-0.1423, train_rmse-0.3772, valid_rmse-1.2684, valid_pr-0.7353
2025-06-06 15:22:34 - INFO - epoch-198, train_loss-0.1411, train_rmse-0.3756, valid_rmse-1.2579, valid_pr-0.7348
2025-06-06 15:22:42 - INFO - epoch-199, train_loss-0.1498, train_rmse-0.3870, valid_rmse-1.2490, valid_pr-0.7428
2025-06-06 15:22:50 - INFO - epoch-200, train_loss-0.1551, train_rmse-0.3939, valid_rmse-1.2203, valid_pr-0.7505
2025-06-06 15:22:58 - INFO - epoch-201, train_loss-0.1245, train_rmse-0.3528, valid_rmse-1.2346, valid_pr-0.7447
2025-06-06 15:23:06 - INFO - epoch-202, train_loss-0.1276, train_rmse-0.3572, valid_rmse-1.2384, valid_pr-0.7432
2025-06-06 15:23:13 - INFO - epoch-203, train_loss-0.1329, train_rmse-0.3645, valid_rmse-1.2400, valid_pr-0.7440
2025-06-06 15:23:21 - INFO - epoch-204, train_loss-0.1427, train_rmse-0.3778, valid_rmse-1.2392, valid_pr-0.7424
2025-06-06 15:23:29 - INFO - epoch-205, train_loss-0.1313, train_rmse-0.3623, valid_rmse-1.2457, valid_pr-0.7489
2025-06-06 15:23:37 - INFO - epoch-206, train_loss-0.1375, train_rmse-0.3708, valid_rmse-1.2706, valid_pr-0.7271
2025-06-06 15:23:45 - INFO - epoch-207, train_loss-0.1475, train_rmse-0.3841, valid_rmse-1.2779, valid_pr-0.7396
2025-06-06 15:23:52 - INFO - epoch-208, train_loss-0.1393, train_rmse-0.3732, valid_rmse-1.2374, valid_pr-0.7436
2025-06-06 15:24:00 - INFO - epoch-209, train_loss-0.1327, train_rmse-0.3642, valid_rmse-1.2468, valid_pr-0.7407
2025-06-06 15:24:08 - INFO - epoch-210, train_loss-0.1308, train_rmse-0.3616, valid_rmse-1.2411, valid_pr-0.7422
2025-06-06 15:24:16 - INFO - epoch-211, train_loss-0.1381, train_rmse-0.3716, valid_rmse-1.2289, valid_pr-0.7468
2025-06-06 15:24:24 - INFO - epoch-212, train_loss-0.1510, train_rmse-0.3886, valid_rmse-1.2394, valid_pr-0.7429
2025-06-06 15:24:31 - INFO - epoch-213, train_loss-0.1341, train_rmse-0.3662, valid_rmse-1.2317, valid_pr-0.7467
2025-06-06 15:24:39 - INFO - epoch-214, train_loss-0.1396, train_rmse-0.3736, valid_rmse-1.2459, valid_pr-0.7416
2025-06-06 15:24:47 - INFO - epoch-215, train_loss-0.1325, train_rmse-0.3640, valid_rmse-1.2530, valid_pr-0.7386
2025-06-06 15:24:55 - INFO - epoch-216, train_loss-0.1330, train_rmse-0.3647, valid_rmse-1.2518, valid_pr-0.7378
2025-06-06 15:25:03 - INFO - epoch-217, train_loss-0.1239, train_rmse-0.3520, valid_rmse-1.2371, valid_pr-0.7440
2025-06-06 15:25:10 - INFO - epoch-218, train_loss-0.1324, train_rmse-0.3639, valid_rmse-1.2361, valid_pr-0.7463
2025-06-06 15:25:18 - INFO - epoch-219, train_loss-0.1277, train_rmse-0.3573, valid_rmse-1.2437, valid_pr-0.7422
2025-06-06 15:25:26 - INFO - epoch-220, train_loss-0.1251, train_rmse-0.3537, valid_rmse-1.2381, valid_pr-0.7459
2025-06-06 15:25:34 - INFO - epoch-221, train_loss-0.1165, train_rmse-0.3414, valid_rmse-1.2340, valid_pr-0.7448
2025-06-06 15:25:42 - INFO - epoch-222, train_loss-0.1347, train_rmse-0.3670, valid_rmse-1.2246, valid_pr-0.7504
2025-06-06 15:25:50 - INFO - epoch-223, train_loss-0.1273, train_rmse-0.3568, valid_rmse-1.2322, valid_pr-0.7449
2025-06-06 15:25:57 - INFO - epoch-224, train_loss-0.1299, train_rmse-0.3604, valid_rmse-1.2437, valid_pr-0.7400
2025-06-06 15:26:05 - INFO - epoch-225, train_loss-0.1467, train_rmse-0.3830, valid_rmse-1.2422, valid_pr-0.7486
2025-06-06 15:26:13 - INFO - epoch-226, train_loss-0.1295, train_rmse-0.3598, valid_rmse-1.2674, valid_pr-0.7514
2025-06-06 15:26:21 - INFO - epoch-227, train_loss-0.1289, train_rmse-0.3590, valid_rmse-1.2370, valid_pr-0.7469
2025-06-06 15:26:29 - INFO - epoch-228, train_loss-0.1158, train_rmse-0.3402, valid_rmse-1.2276, valid_pr-0.7469
2025-06-06 15:26:37 - INFO - epoch-229, train_loss-0.1230, train_rmse-0.3508, valid_rmse-1.2268, valid_pr-0.7486
2025-06-06 15:26:44 - INFO - epoch-230, train_loss-0.1236, train_rmse-0.3516, valid_rmse-1.2518, valid_pr-0.7414
2025-06-06 15:26:52 - INFO - epoch-231, train_loss-0.1263, train_rmse-0.3553, valid_rmse-1.2270, valid_pr-0.7482
2025-06-06 15:27:00 - INFO - epoch-232, train_loss-0.1313, train_rmse-0.3623, valid_rmse-1.2259, valid_pr-0.7491
2025-06-06 15:27:08 - INFO - epoch-233, train_loss-0.1251, train_rmse-0.3536, valid_rmse-1.2328, valid_pr-0.7457
2025-06-06 15:27:16 - INFO - epoch-234, train_loss-0.1352, train_rmse-0.3677, valid_rmse-1.2444, valid_pr-0.7512
2025-06-06 15:27:24 - INFO - epoch-235, train_loss-0.1326, train_rmse-0.3642, valid_rmse-1.2174, valid_pr-0.7545
2025-06-06 15:27:31 - INFO - epoch-236, train_loss-0.1114, train_rmse-0.3337, valid_rmse-1.2180, valid_pr-0.7519
2025-06-06 15:27:39 - INFO - epoch-237, train_loss-0.1229, train_rmse-0.3505, valid_rmse-1.2488, valid_pr-0.7445
2025-06-06 15:27:47 - INFO - epoch-238, train_loss-0.1206, train_rmse-0.3472, valid_rmse-1.2425, valid_pr-0.7415
2025-06-06 15:27:55 - INFO - epoch-239, train_loss-0.1265, train_rmse-0.3557, valid_rmse-1.2097, valid_pr-0.7555
2025-06-06 15:28:03 - INFO - epoch-240, train_loss-0.1201, train_rmse-0.3466, valid_rmse-1.2061, valid_pr-0.7579
2025-06-06 15:28:10 - INFO - epoch-241, train_loss-0.1159, train_rmse-0.3405, valid_rmse-1.2165, valid_pr-0.7542
2025-06-06 15:28:18 - INFO - epoch-242, train_loss-0.1154, train_rmse-0.3397, valid_rmse-1.2356, valid_pr-0.7456
2025-06-06 15:28:26 - INFO - epoch-243, train_loss-0.1084, train_rmse-0.3292, valid_rmse-1.2168, valid_pr-0.7521
2025-06-06 15:28:34 - INFO - epoch-244, train_loss-0.1070, train_rmse-0.3271, valid_rmse-1.2268, valid_pr-0.7479
2025-06-06 15:28:41 - INFO - epoch-245, train_loss-0.1170, train_rmse-0.3420, valid_rmse-1.2392, valid_pr-0.7423
2025-06-06 15:28:49 - INFO - epoch-246, train_loss-0.1156, train_rmse-0.3399, valid_rmse-1.2336, valid_pr-0.7443
2025-06-06 15:28:57 - INFO - epoch-247, train_loss-0.1148, train_rmse-0.3388, valid_rmse-1.2424, valid_pr-0.7400
2025-06-06 15:29:05 - INFO - epoch-248, train_loss-0.1030, train_rmse-0.3210, valid_rmse-1.2319, valid_pr-0.7498
2025-06-06 15:29:13 - INFO - epoch-249, train_loss-0.1139, train_rmse-0.3374, valid_rmse-1.2347, valid_pr-0.7454
2025-06-06 15:29:21 - INFO - epoch-250, train_loss-0.1221, train_rmse-0.3494, valid_rmse-1.2432, valid_pr-0.7500
2025-06-06 15:29:28 - INFO - epoch-251, train_loss-0.1022, train_rmse-0.3197, valid_rmse-1.2316, valid_pr-0.7460
2025-06-06 15:29:36 - INFO - epoch-252, train_loss-0.1150, train_rmse-0.3391, valid_rmse-1.2387, valid_pr-0.7439
2025-06-06 15:29:44 - INFO - epoch-253, train_loss-0.1091, train_rmse-0.3303, valid_rmse-1.2241, valid_pr-0.7495
2025-06-06 15:29:52 - INFO - epoch-254, train_loss-0.1119, train_rmse-0.3346, valid_rmse-1.2491, valid_pr-0.7429
2025-06-06 15:30:00 - INFO - epoch-255, train_loss-0.1165, train_rmse-0.3414, valid_rmse-1.2326, valid_pr-0.7458
2025-06-06 15:30:07 - INFO - epoch-256, train_loss-0.1264, train_rmse-0.3555, valid_rmse-1.2324, valid_pr-0.7455
2025-06-06 15:30:15 - INFO - epoch-257, train_loss-0.1136, train_rmse-0.3370, valid_rmse-1.2223, valid_pr-0.7520
2025-06-06 15:30:23 - INFO - epoch-258, train_loss-0.1111, train_rmse-0.3333, valid_rmse-1.2423, valid_pr-0.7445
2025-06-06 15:30:23 - INFO - early stop in epoch 258
2025-06-06 15:30:23 - INFO - best_rmse: 1.2018
2025-06-06 15:30:26 - INFO - valid_rmse-1.2018, valid_pr-0.7598, test2013_rmse-1.4787, test2013_pr-0.7787, test2016_rmse-1.2680, test2016_pr-0.8151, test2019_rmse-1.4190, test2019_pr-0.6222,
