2025-06-09 14:05:20 - INFO - train_PN.py
2025-06-09 14:05:20 - INFO - train data: 11904
2025-06-09 14:05:20 - INFO - valid data: 1000
2025-06-09 14:05:20 - INFO - test2013 data: 107
2025-06-09 14:05:20 - INFO - test2016 data: 285
2025-06-09 14:05:20 - INFO - test2019 data: 4366
2025-06-09 14:05:28 - INFO - epoch-0, train_loss-12.3338, train_rmse-3.5119, valid_rmse-2.8399, valid_pr-0.2927
2025-06-09 14:05:37 - INFO - epoch-1, train_loss-7.6329, train_rmse-2.7628, valid_rmse-2.5723, valid_pr-0.3623
2025-06-09 14:05:44 - INFO - epoch-2, train_loss-5.9855, train_rmse-2.4465, valid_rmse-2.1676, valid_pr-0.3806
2025-06-09 14:05:53 - INFO - epoch-3, train_loss-5.0634, train_rmse-2.2502, valid_rmse-2.1094, valid_pr-0.4003
2025-06-09 14:06:01 - INFO - epoch-4, train_loss-4.5612, train_rmse-2.1357, valid_rmse-1.9977, valid_pr-0.4287
2025-06-09 14:06:08 - INFO - epoch-5, train_loss-4.2653, train_rmse-2.0653, valid_rmse-1.8723, valid_pr-0.4256
2025-06-09 14:06:17 - INFO - epoch-6, train_loss-3.9934, train_rmse-1.9984, valid_rmse-1.9574, valid_pr-0.4500
2025-06-09 14:06:25 - INFO - epoch-7, train_loss-3.7807, train_rmse-1.9444, valid_rmse-1.8071, valid_pr-0.4420
2025-06-09 14:06:33 - INFO - epoch-8, train_loss-3.6139, train_rmse-1.9010, valid_rmse-1.9614, valid_pr-0.4721
2025-06-09 14:06:41 - INFO - epoch-9, train_loss-3.4490, train_rmse-1.8571, valid_rmse-1.7127, valid_pr-0.4798
2025-06-09 14:06:48 - INFO - epoch-10, train_loss-3.3038, train_rmse-1.8176, valid_rmse-1.6612, valid_pr-0.4859
2025-06-09 14:06:56 - INFO - epoch-11, train_loss-3.1510, train_rmse-1.7751, valid_rmse-1.6607, valid_pr-0.4874
2025-06-09 14:07:04 - INFO - epoch-12, train_loss-3.0368, train_rmse-1.7426, valid_rmse-1.6310, valid_pr-0.5092
2025-06-09 14:07:11 - INFO - epoch-13, train_loss-2.9758, train_rmse-1.7251, valid_rmse-1.7618, valid_pr-0.5065
2025-06-09 14:07:19 - INFO - epoch-14, train_loss-2.9111, train_rmse-1.7062, valid_rmse-1.6162, valid_pr-0.5085
2025-06-09 14:07:27 - INFO - epoch-15, train_loss-2.8532, train_rmse-1.6891, valid_rmse-1.5670, valid_pr-0.5305
2025-06-09 14:07:35 - INFO - epoch-16, train_loss-2.8253, train_rmse-1.6809, valid_rmse-1.5747, valid_pr-0.5342
2025-06-09 14:07:42 - INFO - epoch-17, train_loss-2.8001, train_rmse-1.6734, valid_rmse-1.5569, valid_pr-0.5408
2025-06-09 14:07:51 - INFO - epoch-18, train_loss-2.7995, train_rmse-1.6732, valid_rmse-1.5693, valid_pr-0.5417
2025-06-09 14:07:58 - INFO - epoch-19, train_loss-2.7652, train_rmse-1.6629, valid_rmse-1.6581, valid_pr-0.5281
2025-06-09 14:08:05 - INFO - epoch-20, train_loss-2.7043, train_rmse-1.6445, valid_rmse-1.5945, valid_pr-0.5241
2025-06-09 14:08:13 - INFO - epoch-21, train_loss-2.7292, train_rmse-1.6520, valid_rmse-1.5471, valid_pr-0.5470
2025-06-09 14:08:21 - INFO - epoch-22, train_loss-2.6927, train_rmse-1.6409, valid_rmse-1.6783, valid_pr-0.5327
2025-06-09 14:08:29 - INFO - epoch-23, train_loss-2.6339, train_rmse-1.6229, valid_rmse-1.6211, valid_pr-0.5491
2025-06-09 14:08:37 - INFO - epoch-24, train_loss-2.6352, train_rmse-1.6233, valid_rmse-1.5884, valid_pr-0.5524
2025-06-09 14:08:45 - INFO - epoch-25, train_loss-2.6280, train_rmse-1.6211, valid_rmse-1.7333, valid_pr-0.5517
2025-06-09 14:08:53 - INFO - epoch-26, train_loss-2.5986, train_rmse-1.6120, valid_rmse-1.6251, valid_pr-0.5415
2025-06-09 14:09:00 - INFO - epoch-27, train_loss-2.5596, train_rmse-1.5999, valid_rmse-1.5992, valid_pr-0.5546
2025-06-09 14:09:08 - INFO - epoch-28, train_loss-2.5607, train_rmse-1.6002, valid_rmse-1.6753, valid_pr-0.5527
2025-06-09 14:09:17 - INFO - epoch-29, train_loss-2.5373, train_rmse-1.5929, valid_rmse-1.5896, valid_pr-0.5619
2025-06-09 14:09:25 - INFO - epoch-30, train_loss-2.5299, train_rmse-1.5906, valid_rmse-1.5440, valid_pr-0.5574
2025-06-09 14:09:33 - INFO - epoch-31, train_loss-2.5188, train_rmse-1.5871, valid_rmse-1.5976, valid_pr-0.5701
2025-06-09 14:09:41 - INFO - epoch-32, train_loss-2.5037, train_rmse-1.5823, valid_rmse-1.5981, valid_pr-0.5679
2025-06-09 14:09:49 - INFO - epoch-33, train_loss-2.4624, train_rmse-1.5692, valid_rmse-1.8621, valid_pr-0.5188
2025-06-09 14:09:57 - INFO - epoch-34, train_loss-2.4790, train_rmse-1.5745, valid_rmse-1.6397, valid_pr-0.5639
2025-06-09 14:10:05 - INFO - epoch-35, train_loss-2.4652, train_rmse-1.5701, valid_rmse-1.6663, valid_pr-0.5770
2025-06-09 14:10:13 - INFO - epoch-36, train_loss-2.5012, train_rmse-1.5815, valid_rmse-1.5990, valid_pr-0.5583
2025-06-09 14:10:20 - INFO - epoch-37, train_loss-2.4034, train_rmse-1.5503, valid_rmse-1.6687, valid_pr-0.5672
2025-06-09 14:10:28 - INFO - epoch-38, train_loss-2.4075, train_rmse-1.5516, valid_rmse-1.7150, valid_pr-0.5788
2025-06-09 14:10:36 - INFO - epoch-39, train_loss-2.4230, train_rmse-1.5566, valid_rmse-1.6111, valid_pr-0.5853
2025-06-09 14:10:44 - INFO - epoch-40, train_loss-2.4302, train_rmse-1.5589, valid_rmse-1.7132, valid_pr-0.5790
2025-06-09 14:10:52 - INFO - epoch-41, train_loss-2.3777, train_rmse-1.5420, valid_rmse-1.5881, valid_pr-0.5869
2025-06-09 14:11:00 - INFO - epoch-42, train_loss-2.3644, train_rmse-1.5376, valid_rmse-1.7241, valid_pr-0.5810
2025-06-09 14:11:07 - INFO - epoch-43, train_loss-2.3480, train_rmse-1.5323, valid_rmse-1.6712, valid_pr-0.5782
2025-06-09 14:11:15 - INFO - epoch-44, train_loss-2.3400, train_rmse-1.5297, valid_rmse-1.6849, valid_pr-0.5913
2025-06-09 14:11:23 - INFO - epoch-45, train_loss-2.3335, train_rmse-1.5276, valid_rmse-1.5490, valid_pr-0.5812
2025-06-09 14:11:31 - INFO - epoch-46, train_loss-2.3339, train_rmse-1.5277, valid_rmse-1.6505, valid_pr-0.5734
2025-06-09 14:11:39 - INFO - epoch-47, train_loss-2.3088, train_rmse-1.5195, valid_rmse-1.7284, valid_pr-0.5736
2025-06-09 14:11:47 - INFO - epoch-48, train_loss-2.2988, train_rmse-1.5162, valid_rmse-1.7253, valid_pr-0.5771
2025-06-09 14:11:55 - INFO - epoch-49, train_loss-2.2871, train_rmse-1.5123, valid_rmse-1.6691, valid_pr-0.5857
2025-06-09 14:12:03 - INFO - epoch-50, train_loss-2.2768, train_rmse-1.5089, valid_rmse-1.5819, valid_pr-0.5921
2025-06-09 14:12:11 - INFO - epoch-51, train_loss-2.2887, train_rmse-1.5128, valid_rmse-1.6578, valid_pr-0.5670
2025-06-09 14:12:20 - INFO - epoch-52, train_loss-2.2742, train_rmse-1.5080, valid_rmse-1.7585, valid_pr-0.5982
2025-06-09 14:12:28 - INFO - epoch-53, train_loss-2.2452, train_rmse-1.4984, valid_rmse-1.6108, valid_pr-0.5798
2025-06-09 14:12:37 - INFO - epoch-54, train_loss-2.2210, train_rmse-1.4903, valid_rmse-1.5556, valid_pr-0.5909
2025-06-09 14:12:45 - INFO - epoch-55, train_loss-2.2306, train_rmse-1.4935, valid_rmse-1.6167, valid_pr-0.5932
2025-06-09 14:12:53 - INFO - epoch-56, train_loss-2.2118, train_rmse-1.4872, valid_rmse-1.7037, valid_pr-0.5947
2025-06-09 14:13:00 - INFO - epoch-57, train_loss-2.2091, train_rmse-1.4863, valid_rmse-1.6225, valid_pr-0.6020
2025-06-09 14:13:07 - INFO - epoch-58, train_loss-2.1870, train_rmse-1.4789, valid_rmse-1.5718, valid_pr-0.6027
2025-06-09 14:13:15 - INFO - epoch-59, train_loss-2.1819, train_rmse-1.4771, valid_rmse-1.7488, valid_pr-0.5992
2025-06-09 14:13:23 - INFO - epoch-60, train_loss-2.1924, train_rmse-1.4807, valid_rmse-1.5593, valid_pr-0.6127
2025-06-09 14:13:31 - INFO - epoch-61, train_loss-2.1566, train_rmse-1.4685, valid_rmse-1.6603, valid_pr-0.5801
2025-06-09 14:13:39 - INFO - epoch-62, train_loss-2.1770, train_rmse-1.4755, valid_rmse-1.5990, valid_pr-0.6078
2025-06-09 14:13:47 - INFO - epoch-63, train_loss-2.1246, train_rmse-1.4576, valid_rmse-1.5725, valid_pr-0.6077
2025-06-09 14:13:55 - INFO - epoch-64, train_loss-2.1174, train_rmse-1.4551, valid_rmse-1.6170, valid_pr-0.6248
2025-06-09 14:14:02 - INFO - epoch-65, train_loss-2.1254, train_rmse-1.4579, valid_rmse-1.5656, valid_pr-0.6130
2025-06-09 14:14:10 - INFO - epoch-66, train_loss-2.1206, train_rmse-1.4562, valid_rmse-1.6409, valid_pr-0.5994
2025-06-09 14:14:18 - INFO - epoch-67, train_loss-2.1063, train_rmse-1.4513, valid_rmse-1.5899, valid_pr-0.6129
2025-06-09 14:14:26 - INFO - epoch-68, train_loss-2.0479, train_rmse-1.4310, valid_rmse-1.5597, valid_pr-0.6098
2025-06-09 14:14:34 - INFO - epoch-69, train_loss-2.0708, train_rmse-1.4390, valid_rmse-1.6627, valid_pr-0.6137
2025-06-09 14:14:42 - INFO - epoch-70, train_loss-2.0640, train_rmse-1.4367, valid_rmse-1.5736, valid_pr-0.6283
2025-06-09 14:14:49 - INFO - epoch-71, train_loss-2.0567, train_rmse-1.4341, valid_rmse-1.5243, valid_pr-0.6150
2025-06-09 14:14:57 - INFO - epoch-72, train_loss-2.0395, train_rmse-1.4281, valid_rmse-1.4984, valid_pr-0.6191
2025-06-09 14:15:05 - INFO - epoch-73, train_loss-2.0300, train_rmse-1.4248, valid_rmse-1.5719, valid_pr-0.6288
2025-06-09 14:15:13 - INFO - epoch-74, train_loss-2.0302, train_rmse-1.4249, valid_rmse-1.5838, valid_pr-0.6201
2025-06-09 14:15:21 - INFO - epoch-75, train_loss-2.0101, train_rmse-1.4178, valid_rmse-1.5405, valid_pr-0.6234
2025-06-09 14:15:28 - INFO - epoch-76, train_loss-2.0088, train_rmse-1.4173, valid_rmse-1.5852, valid_pr-0.6268
2025-06-09 14:15:37 - INFO - epoch-77, train_loss-1.9863, train_rmse-1.4094, valid_rmse-1.5572, valid_pr-0.6259
2025-06-09 14:15:45 - INFO - epoch-78, train_loss-1.9966, train_rmse-1.4130, valid_rmse-1.6114, valid_pr-0.6243
2025-06-09 14:15:53 - INFO - epoch-79, train_loss-1.9535, train_rmse-1.3977, valid_rmse-1.5550, valid_pr-0.6225
2025-06-09 14:16:01 - INFO - epoch-80, train_loss-1.9728, train_rmse-1.4046, valid_rmse-1.6946, valid_pr-0.6181
2025-06-09 14:16:08 - INFO - epoch-81, train_loss-1.9376, train_rmse-1.3920, valid_rmse-1.5132, valid_pr-0.6197
2025-06-09 14:16:15 - INFO - epoch-82, train_loss-1.9333, train_rmse-1.3904, valid_rmse-1.5463, valid_pr-0.6345
2025-06-09 14:16:23 - INFO - epoch-83, train_loss-1.9440, train_rmse-1.3943, valid_rmse-1.6264, valid_pr-0.5984
2025-06-09 14:16:31 - INFO - epoch-84, train_loss-1.9391, train_rmse-1.3925, valid_rmse-1.5430, valid_pr-0.6245
2025-06-09 14:16:38 - INFO - epoch-85, train_loss-1.9037, train_rmse-1.3798, valid_rmse-1.5256, valid_pr-0.6198
2025-06-09 14:16:46 - INFO - epoch-86, train_loss-1.9229, train_rmse-1.3867, valid_rmse-1.5967, valid_pr-0.6352
2025-06-09 14:16:53 - INFO - epoch-87, train_loss-1.9037, train_rmse-1.3797, valid_rmse-1.5705, valid_pr-0.6239
2025-06-09 14:17:01 - INFO - epoch-88, train_loss-1.8841, train_rmse-1.3726, valid_rmse-1.5791, valid_pr-0.6157
2025-06-09 14:17:09 - INFO - epoch-89, train_loss-1.8843, train_rmse-1.3727, valid_rmse-1.4894, valid_pr-0.6470
2025-06-09 14:17:16 - INFO - epoch-90, train_loss-1.8763, train_rmse-1.3698, valid_rmse-1.5289, valid_pr-0.6432
2025-06-09 14:17:24 - INFO - epoch-91, train_loss-1.8686, train_rmse-1.3670, valid_rmse-1.5700, valid_pr-0.6370
2025-06-09 14:17:32 - INFO - epoch-92, train_loss-1.8816, train_rmse-1.3717, valid_rmse-1.5579, valid_pr-0.6454
2025-06-09 14:17:40 - INFO - epoch-93, train_loss-1.8449, train_rmse-1.3583, valid_rmse-1.5507, valid_pr-0.6424
2025-06-09 14:17:47 - INFO - epoch-94, train_loss-1.8432, train_rmse-1.3576, valid_rmse-1.5828, valid_pr-0.6320
2025-06-09 14:17:54 - INFO - epoch-95, train_loss-1.8557, train_rmse-1.3622, valid_rmse-1.5035, valid_pr-0.6467
2025-06-09 14:18:02 - INFO - epoch-96, train_loss-1.8318, train_rmse-1.3534, valid_rmse-1.5570, valid_pr-0.6498
2025-06-09 14:18:10 - INFO - epoch-97, train_loss-1.8316, train_rmse-1.3534, valid_rmse-1.4932, valid_pr-0.6457
2025-06-09 14:18:18 - INFO - epoch-98, train_loss-1.8274, train_rmse-1.3518, valid_rmse-1.5547, valid_pr-0.6465
2025-06-09 14:18:26 - INFO - epoch-99, train_loss-1.8066, train_rmse-1.3441, valid_rmse-1.5094, valid_pr-0.6455
2025-06-09 14:18:34 - INFO - epoch-100, train_loss-1.8102, train_rmse-1.3454, valid_rmse-1.5751, valid_pr-0.6432
2025-06-09 14:18:42 - INFO - epoch-101, train_loss-1.7977, train_rmse-1.3408, valid_rmse-1.5752, valid_pr-0.6366
2025-06-09 14:18:50 - INFO - epoch-102, train_loss-1.7824, train_rmse-1.3351, valid_rmse-1.5815, valid_pr-0.6495
2025-06-09 14:18:58 - INFO - epoch-103, train_loss-1.7794, train_rmse-1.3340, valid_rmse-1.5207, valid_pr-0.6440
2025-06-09 14:19:06 - INFO - epoch-104, train_loss-1.7811, train_rmse-1.3346, valid_rmse-1.5860, valid_pr-0.6406
2025-06-09 14:19:14 - INFO - epoch-105, train_loss-1.7570, train_rmse-1.3255, valid_rmse-1.6277, valid_pr-0.6484
2025-06-09 14:19:21 - INFO - epoch-106, train_loss-1.7613, train_rmse-1.3271, valid_rmse-1.5232, valid_pr-0.6367
2025-06-09 14:19:30 - INFO - epoch-107, train_loss-1.7322, train_rmse-1.3161, valid_rmse-1.4939, valid_pr-0.6393
2025-06-09 14:19:38 - INFO - epoch-108, train_loss-1.7226, train_rmse-1.3125, valid_rmse-1.5599, valid_pr-0.6360
2025-06-09 14:19:45 - INFO - epoch-109, train_loss-1.7618, train_rmse-1.3273, valid_rmse-1.5116, valid_pr-0.6425
2025-06-09 14:19:53 - INFO - epoch-110, train_loss-1.7544, train_rmse-1.3245, valid_rmse-1.5349, valid_pr-0.6399
2025-06-09 14:20:01 - INFO - epoch-111, train_loss-1.7448, train_rmse-1.3209, valid_rmse-1.5330, valid_pr-0.6333
2025-06-09 14:20:09 - INFO - epoch-112, train_loss-1.7227, train_rmse-1.3125, valid_rmse-1.5913, valid_pr-0.6336
2025-06-09 14:20:17 - INFO - epoch-113, train_loss-1.7210, train_rmse-1.3119, valid_rmse-1.5564, valid_pr-0.6510
2025-06-09 14:20:24 - INFO - epoch-114, train_loss-1.7160, train_rmse-1.3100, valid_rmse-1.5980, valid_pr-0.6375
2025-06-09 14:20:32 - INFO - epoch-115, train_loss-1.7244, train_rmse-1.3132, valid_rmse-1.5395, valid_pr-0.6423
2025-06-09 14:20:40 - INFO - epoch-116, train_loss-1.7003, train_rmse-1.3040, valid_rmse-1.5872, valid_pr-0.6454
2025-06-09 14:20:47 - INFO - epoch-117, train_loss-1.6882, train_rmse-1.2993, valid_rmse-1.5337, valid_pr-0.6483
2025-06-09 14:20:55 - INFO - epoch-118, train_loss-1.6874, train_rmse-1.2990, valid_rmse-1.5362, valid_pr-0.6427
2025-06-09 14:21:02 - INFO - epoch-119, train_loss-1.6774, train_rmse-1.2952, valid_rmse-1.5458, valid_pr-0.6505
2025-06-09 14:21:10 - INFO - epoch-120, train_loss-1.6714, train_rmse-1.2928, valid_rmse-1.5340, valid_pr-0.6506
2025-06-09 14:21:17 - INFO - epoch-121, train_loss-1.6546, train_rmse-1.2863, valid_rmse-1.6021, valid_pr-0.6484
2025-06-09 14:21:25 - INFO - epoch-122, train_loss-1.6493, train_rmse-1.2842, valid_rmse-1.5812, valid_pr-0.6488
2025-06-09 14:21:32 - INFO - epoch-123, train_loss-1.6479, train_rmse-1.2837, valid_rmse-1.5024, valid_pr-0.6359
2025-06-09 14:21:40 - INFO - epoch-124, train_loss-1.6234, train_rmse-1.2741, valid_rmse-1.5591, valid_pr-0.6605
2025-06-09 14:21:48 - INFO - epoch-125, train_loss-1.6519, train_rmse-1.2853, valid_rmse-1.5176, valid_pr-0.6393
2025-06-09 14:21:56 - INFO - epoch-126, train_loss-1.6300, train_rmse-1.2767, valid_rmse-1.5727, valid_pr-0.6515
2025-06-09 14:22:04 - INFO - epoch-127, train_loss-1.6121, train_rmse-1.2697, valid_rmse-1.5257, valid_pr-0.6511
2025-06-09 14:22:11 - INFO - epoch-128, train_loss-1.6321, train_rmse-1.2775, valid_rmse-1.5290, valid_pr-0.6449
2025-06-09 14:22:19 - INFO - epoch-129, train_loss-1.6119, train_rmse-1.2696, valid_rmse-1.6079, valid_pr-0.6526
2025-06-09 14:22:27 - INFO - epoch-130, train_loss-1.6378, train_rmse-1.2798, valid_rmse-1.5880, valid_pr-0.6252
2025-06-09 14:22:35 - INFO - epoch-131, train_loss-1.6283, train_rmse-1.2760, valid_rmse-1.5269, valid_pr-0.6398
2025-06-09 14:22:43 - INFO - epoch-132, train_loss-1.6023, train_rmse-1.2658, valid_rmse-1.5701, valid_pr-0.6409
2025-06-09 14:22:51 - INFO - epoch-133, train_loss-1.5924, train_rmse-1.2619, valid_rmse-1.5323, valid_pr-0.6512
2025-06-09 14:22:59 - INFO - epoch-134, train_loss-1.5823, train_rmse-1.2579, valid_rmse-1.5312, valid_pr-0.6386
2025-06-09 14:23:06 - INFO - epoch-135, train_loss-1.5751, train_rmse-1.2550, valid_rmse-1.5538, valid_pr-0.6400
2025-06-09 14:23:14 - INFO - epoch-136, train_loss-1.5574, train_rmse-1.2480, valid_rmse-1.5668, valid_pr-0.6430
2025-06-09 14:23:21 - INFO - epoch-137, train_loss-1.5734, train_rmse-1.2544, valid_rmse-1.5516, valid_pr-0.6373
2025-06-09 14:23:30 - INFO - epoch-138, train_loss-1.5645, train_rmse-1.2508, valid_rmse-1.5209, valid_pr-0.6473
2025-06-09 14:23:37 - INFO - epoch-139, train_loss-1.5402, train_rmse-1.2411, valid_rmse-1.5776, valid_pr-0.6411
2025-06-09 14:23:45 - INFO - epoch-140, train_loss-1.5377, train_rmse-1.2400, valid_rmse-1.5607, valid_pr-0.6390
2025-06-09 14:23:52 - INFO - epoch-141, train_loss-1.5135, train_rmse-1.2302, valid_rmse-1.5909, valid_pr-0.6486
2025-06-09 14:24:01 - INFO - epoch-142, train_loss-1.5377, train_rmse-1.2401, valid_rmse-1.5774, valid_pr-0.6513
2025-06-09 14:24:09 - INFO - epoch-143, train_loss-1.5420, train_rmse-1.2418, valid_rmse-1.5611, valid_pr-0.6391
2025-06-09 14:24:16 - INFO - epoch-144, train_loss-1.5396, train_rmse-1.2408, valid_rmse-1.5886, valid_pr-0.6405
2025-06-09 14:24:24 - INFO - epoch-145, train_loss-1.5241, train_rmse-1.2345, valid_rmse-1.4995, valid_pr-0.6484
2025-06-09 14:24:32 - INFO - epoch-146, train_loss-1.4952, train_rmse-1.2228, valid_rmse-1.5322, valid_pr-0.6556
2025-06-09 14:24:40 - INFO - epoch-147, train_loss-1.5150, train_rmse-1.2309, valid_rmse-1.5768, valid_pr-0.6405
2025-06-09 14:24:48 - INFO - epoch-148, train_loss-1.4935, train_rmse-1.2221, valid_rmse-1.5018, valid_pr-0.6583
2025-06-09 14:24:56 - INFO - epoch-149, train_loss-1.5198, train_rmse-1.2328, valid_rmse-1.5167, valid_pr-0.6382
2025-06-09 14:25:04 - INFO - epoch-150, train_loss-1.4835, train_rmse-1.2180, valid_rmse-1.5013, valid_pr-0.6512
2025-06-09 14:25:12 - INFO - epoch-151, train_loss-1.4747, train_rmse-1.2144, valid_rmse-1.5223, valid_pr-0.6503
2025-06-09 14:25:20 - INFO - epoch-152, train_loss-1.4656, train_rmse-1.2106, valid_rmse-1.4992, valid_pr-0.6592
2025-06-09 14:25:27 - INFO - epoch-153, train_loss-1.4620, train_rmse-1.2091, valid_rmse-1.4972, valid_pr-0.6476
2025-06-09 14:25:36 - INFO - epoch-154, train_loss-1.4767, train_rmse-1.2152, valid_rmse-1.4857, valid_pr-0.6581
2025-06-09 14:25:44 - INFO - epoch-155, train_loss-1.4590, train_rmse-1.2079, valid_rmse-1.5064, valid_pr-0.6386
2025-06-09 14:25:51 - INFO - epoch-156, train_loss-1.4421, train_rmse-1.2009, valid_rmse-1.4791, valid_pr-0.6607
2025-06-09 14:25:58 - INFO - epoch-157, train_loss-1.4457, train_rmse-1.2024, valid_rmse-1.4984, valid_pr-0.6587
2025-06-09 14:26:06 - INFO - epoch-158, train_loss-1.4524, train_rmse-1.2052, valid_rmse-1.4637, valid_pr-0.6647
2025-06-09 14:26:14 - INFO - epoch-159, train_loss-1.4340, train_rmse-1.1975, valid_rmse-1.4735, valid_pr-0.6682
2025-06-09 14:26:22 - INFO - epoch-160, train_loss-1.4294, train_rmse-1.1956, valid_rmse-1.6077, valid_pr-0.6477
2025-06-09 14:26:31 - INFO - epoch-161, train_loss-1.4403, train_rmse-1.2001, valid_rmse-1.5542, valid_pr-0.6590
2025-06-09 14:26:39 - INFO - epoch-162, train_loss-1.4371, train_rmse-1.1988, valid_rmse-1.5624, valid_pr-0.6443
2025-06-09 14:26:47 - INFO - epoch-163, train_loss-1.4071, train_rmse-1.1862, valid_rmse-1.5730, valid_pr-0.6326
2025-06-09 14:26:55 - INFO - epoch-164, train_loss-1.4160, train_rmse-1.1900, valid_rmse-1.4685, valid_pr-0.6628
2025-06-09 14:27:03 - INFO - epoch-165, train_loss-1.4155, train_rmse-1.1897, valid_rmse-1.4890, valid_pr-0.6552
2025-06-09 14:27:11 - INFO - epoch-166, train_loss-1.4056, train_rmse-1.1856, valid_rmse-1.5615, valid_pr-0.6451
2025-06-09 14:27:19 - INFO - epoch-167, train_loss-1.3906, train_rmse-1.1792, valid_rmse-1.5111, valid_pr-0.6502
2025-06-09 14:27:27 - INFO - epoch-168, train_loss-1.4024, train_rmse-1.1842, valid_rmse-1.5375, valid_pr-0.6346
2025-06-09 14:27:34 - INFO - epoch-169, train_loss-1.3946, train_rmse-1.1809, valid_rmse-1.5504, valid_pr-0.6521
2025-06-09 14:27:42 - INFO - epoch-170, train_loss-1.3941, train_rmse-1.1807, valid_rmse-1.5433, valid_pr-0.6481
2025-06-09 14:27:50 - INFO - epoch-171, train_loss-1.3836, train_rmse-1.1763, valid_rmse-1.5221, valid_pr-0.6516
2025-06-09 14:27:58 - INFO - epoch-172, train_loss-1.3849, train_rmse-1.1768, valid_rmse-1.4635, valid_pr-0.6570
2025-06-09 14:28:06 - INFO - epoch-173, train_loss-1.3810, train_rmse-1.1752, valid_rmse-1.4999, valid_pr-0.6559
2025-06-09 14:28:14 - INFO - epoch-174, train_loss-1.3692, train_rmse-1.1701, valid_rmse-1.5111, valid_pr-0.6395
2025-06-09 14:28:22 - INFO - epoch-175, train_loss-1.3723, train_rmse-1.1715, valid_rmse-1.4737, valid_pr-0.6618
2025-06-09 14:28:30 - INFO - epoch-176, train_loss-1.3496, train_rmse-1.1617, valid_rmse-1.4777, valid_pr-0.6590
2025-06-09 14:28:38 - INFO - epoch-177, train_loss-1.3508, train_rmse-1.1622, valid_rmse-1.5153, valid_pr-0.6459
2025-06-09 14:28:46 - INFO - epoch-178, train_loss-1.3385, train_rmse-1.1569, valid_rmse-1.4869, valid_pr-0.6626
2025-06-09 14:28:54 - INFO - epoch-179, train_loss-1.3538, train_rmse-1.1635, valid_rmse-1.4798, valid_pr-0.6456
2025-06-09 14:29:02 - INFO - epoch-180, train_loss-1.3467, train_rmse-1.1605, valid_rmse-1.5429, valid_pr-0.6368
2025-06-09 14:29:10 - INFO - epoch-181, train_loss-1.3532, train_rmse-1.1633, valid_rmse-1.5107, valid_pr-0.6498
2025-06-09 14:29:18 - INFO - epoch-182, train_loss-1.3415, train_rmse-1.1582, valid_rmse-1.5267, valid_pr-0.6327
2025-06-09 14:29:26 - INFO - epoch-183, train_loss-1.3326, train_rmse-1.1544, valid_rmse-1.4730, valid_pr-0.6623
2025-06-09 14:29:34 - INFO - epoch-184, train_loss-1.3237, train_rmse-1.1505, valid_rmse-1.5315, valid_pr-0.6562
2025-06-09 14:29:41 - INFO - epoch-185, train_loss-1.3125, train_rmse-1.1456, valid_rmse-1.4939, valid_pr-0.6407
2025-06-09 14:29:50 - INFO - epoch-186, train_loss-1.3187, train_rmse-1.1483, valid_rmse-1.5439, valid_pr-0.6493
2025-06-09 14:29:57 - INFO - epoch-187, train_loss-1.3313, train_rmse-1.1538, valid_rmse-1.4702, valid_pr-0.6463
2025-06-09 14:30:05 - INFO - epoch-188, train_loss-1.3072, train_rmse-1.1433, valid_rmse-1.5502, valid_pr-0.6430
2025-06-09 14:30:12 - INFO - epoch-189, train_loss-1.3250, train_rmse-1.1511, valid_rmse-1.5584, valid_pr-0.6380
2025-06-09 14:30:19 - INFO - epoch-190, train_loss-1.3025, train_rmse-1.1413, valid_rmse-1.4926, valid_pr-0.6558
2025-06-09 14:30:27 - INFO - epoch-191, train_loss-1.3105, train_rmse-1.1448, valid_rmse-1.4785, valid_pr-0.6535
2025-06-09 14:30:35 - INFO - epoch-192, train_loss-1.3049, train_rmse-1.1423, valid_rmse-1.5215, valid_pr-0.6417
2025-06-09 14:30:43 - INFO - epoch-193, train_loss-1.3031, train_rmse-1.1416, valid_rmse-1.5085, valid_pr-0.6463
2025-06-09 14:30:51 - INFO - epoch-194, train_loss-1.3035, train_rmse-1.1417, valid_rmse-1.4945, valid_pr-0.6513
2025-06-09 14:30:59 - INFO - epoch-195, train_loss-1.3079, train_rmse-1.1436, valid_rmse-1.5458, valid_pr-0.6384
2025-06-09 14:31:06 - INFO - epoch-196, train_loss-1.3048, train_rmse-1.1423, valid_rmse-1.4797, valid_pr-0.6513
2025-06-09 14:31:14 - INFO - epoch-197, train_loss-1.2882, train_rmse-1.1350, valid_rmse-1.5013, valid_pr-0.6502
2025-06-09 14:31:22 - INFO - epoch-198, train_loss-1.2999, train_rmse-1.1401, valid_rmse-1.5195, valid_pr-0.6512
2025-06-09 14:31:30 - INFO - epoch-199, train_loss-1.2712, train_rmse-1.1275, valid_rmse-1.4410, valid_pr-0.6628
2025-06-09 14:31:39 - INFO - epoch-200, train_loss-1.2959, train_rmse-1.1384, valid_rmse-1.5423, valid_pr-0.6388
2025-06-09 14:31:47 - INFO - epoch-201, train_loss-1.2751, train_rmse-1.1292, valid_rmse-1.4401, valid_pr-0.6623
2025-06-09 14:31:55 - INFO - epoch-202, train_loss-1.2747, train_rmse-1.1290, valid_rmse-1.4832, valid_pr-0.6542
2025-06-09 14:32:03 - INFO - epoch-203, train_loss-1.2841, train_rmse-1.1332, valid_rmse-1.5019, valid_pr-0.6652
2025-06-09 14:32:11 - INFO - epoch-204, train_loss-1.2766, train_rmse-1.1299, valid_rmse-1.4757, valid_pr-0.6632
2025-06-09 14:32:19 - INFO - epoch-205, train_loss-1.2637, train_rmse-1.1242, valid_rmse-1.4597, valid_pr-0.6566
2025-06-09 14:32:27 - INFO - epoch-206, train_loss-1.2661, train_rmse-1.1252, valid_rmse-1.5079, valid_pr-0.6503
2025-06-09 14:32:35 - INFO - epoch-207, train_loss-1.2542, train_rmse-1.1199, valid_rmse-1.5119, valid_pr-0.6689
2025-06-09 14:32:43 - INFO - epoch-208, train_loss-1.2429, train_rmse-1.1149, valid_rmse-1.5127, valid_pr-0.6556
2025-06-09 14:32:51 - INFO - epoch-209, train_loss-1.2432, train_rmse-1.1150, valid_rmse-1.5577, valid_pr-0.6516
2025-06-09 14:32:59 - INFO - epoch-210, train_loss-1.2311, train_rmse-1.1096, valid_rmse-1.4505, valid_pr-0.6592
2025-06-09 14:33:08 - INFO - epoch-211, train_loss-1.2521, train_rmse-1.1190, valid_rmse-1.4427, valid_pr-0.6701
2025-06-09 14:33:16 - INFO - epoch-212, train_loss-1.2374, train_rmse-1.1124, valid_rmse-1.5163, valid_pr-0.6485
2025-06-09 14:33:24 - INFO - epoch-213, train_loss-1.2443, train_rmse-1.1155, valid_rmse-1.4350, valid_pr-0.6718
2025-06-09 14:33:32 - INFO - epoch-214, train_loss-1.2481, train_rmse-1.1172, valid_rmse-1.4865, valid_pr-0.6581
2025-06-09 14:33:39 - INFO - epoch-215, train_loss-1.2267, train_rmse-1.1076, valid_rmse-1.4535, valid_pr-0.6576
2025-06-09 14:33:47 - INFO - epoch-216, train_loss-1.2269, train_rmse-1.1076, valid_rmse-1.5000, valid_pr-0.6551
2025-06-09 14:33:55 - INFO - epoch-217, train_loss-1.2224, train_rmse-1.1056, valid_rmse-1.4642, valid_pr-0.6639
2025-06-09 14:34:03 - INFO - epoch-218, train_loss-1.2351, train_rmse-1.1114, valid_rmse-1.4747, valid_pr-0.6593
2025-06-09 14:34:11 - INFO - epoch-219, train_loss-1.2032, train_rmse-1.0969, valid_rmse-1.5241, valid_pr-0.6441
2025-06-09 14:34:19 - INFO - epoch-220, train_loss-1.2011, train_rmse-1.0960, valid_rmse-1.5099, valid_pr-0.6643
2025-06-09 14:34:28 - INFO - epoch-221, train_loss-1.2032, train_rmse-1.0969, valid_rmse-1.4529, valid_pr-0.6589
2025-06-09 14:34:35 - INFO - epoch-222, train_loss-1.2016, train_rmse-1.0962, valid_rmse-1.4706, valid_pr-0.6620
2025-06-09 14:34:44 - INFO - epoch-223, train_loss-1.2036, train_rmse-1.0971, valid_rmse-1.4790, valid_pr-0.6714
2025-06-09 14:34:51 - INFO - epoch-224, train_loss-1.2063, train_rmse-1.0983, valid_rmse-1.5625, valid_pr-0.6529
2025-06-09 14:35:00 - INFO - epoch-225, train_loss-1.1951, train_rmse-1.0932, valid_rmse-1.4828, valid_pr-0.6466
2025-06-09 14:35:08 - INFO - epoch-226, train_loss-1.2085, train_rmse-1.0993, valid_rmse-1.5294, valid_pr-0.6397
2025-06-09 14:35:16 - INFO - epoch-227, train_loss-1.2051, train_rmse-1.0977, valid_rmse-1.4689, valid_pr-0.6658
2025-06-09 14:35:23 - INFO - epoch-228, train_loss-1.1783, train_rmse-1.0855, valid_rmse-1.5102, valid_pr-0.6462
2025-06-09 14:35:31 - INFO - epoch-229, train_loss-1.1814, train_rmse-1.0869, valid_rmse-1.5137, valid_pr-0.6574
2025-06-09 14:35:39 - INFO - epoch-230, train_loss-1.2077, train_rmse-1.0989, valid_rmse-1.4716, valid_pr-0.6614
2025-06-09 14:35:47 - INFO - epoch-231, train_loss-1.1782, train_rmse-1.0855, valid_rmse-1.5207, valid_pr-0.6526
2025-06-09 14:35:54 - INFO - epoch-232, train_loss-1.1729, train_rmse-1.0830, valid_rmse-1.4535, valid_pr-0.6686
2025-06-09 14:36:02 - INFO - epoch-233, train_loss-1.1769, train_rmse-1.0848, valid_rmse-1.4846, valid_pr-0.6471
2025-06-09 14:36:10 - INFO - epoch-234, train_loss-1.1837, train_rmse-1.0880, valid_rmse-1.4738, valid_pr-0.6703
2025-06-09 14:36:18 - INFO - epoch-235, train_loss-1.1877, train_rmse-1.0898, valid_rmse-1.4458, valid_pr-0.6665
2025-06-09 14:36:26 - INFO - epoch-236, train_loss-1.1801, train_rmse-1.0863, valid_rmse-1.4791, valid_pr-0.6719
2025-06-09 14:36:34 - INFO - epoch-237, train_loss-1.1644, train_rmse-1.0791, valid_rmse-1.4673, valid_pr-0.6666
2025-06-09 14:36:41 - INFO - epoch-238, train_loss-1.1632, train_rmse-1.0785, valid_rmse-1.5169, valid_pr-0.6624
2025-06-09 14:36:49 - INFO - epoch-239, train_loss-1.1544, train_rmse-1.0744, valid_rmse-1.4654, valid_pr-0.6700
2025-06-09 14:36:56 - INFO - epoch-240, train_loss-1.1494, train_rmse-1.0721, valid_rmse-1.4913, valid_pr-0.6667
2025-06-09 14:37:04 - INFO - epoch-241, train_loss-1.1521, train_rmse-1.0733, valid_rmse-1.5403, valid_pr-0.6683
2025-06-09 14:37:12 - INFO - epoch-242, train_loss-1.1459, train_rmse-1.0705, valid_rmse-1.4568, valid_pr-0.6592
2025-06-09 14:37:20 - INFO - epoch-243, train_loss-1.1586, train_rmse-1.0764, valid_rmse-1.4775, valid_pr-0.6605
2025-06-09 14:37:28 - INFO - epoch-244, train_loss-1.1573, train_rmse-1.0758, valid_rmse-1.4373, valid_pr-0.6701
2025-06-09 14:37:35 - INFO - epoch-245, train_loss-1.1323, train_rmse-1.0641, valid_rmse-1.4812, valid_pr-0.6677
2025-06-09 14:37:43 - INFO - epoch-246, train_loss-1.1519, train_rmse-1.0733, valid_rmse-1.4858, valid_pr-0.6471
2025-06-09 14:37:51 - INFO - epoch-247, train_loss-1.1586, train_rmse-1.0764, valid_rmse-1.5187, valid_pr-0.6613
2025-06-09 14:37:59 - INFO - epoch-248, train_loss-1.1465, train_rmse-1.0707, valid_rmse-1.4414, valid_pr-0.6576
2025-06-09 14:38:07 - INFO - epoch-249, train_loss-1.1394, train_rmse-1.0674, valid_rmse-1.4490, valid_pr-0.6663
2025-06-09 14:38:14 - INFO - epoch-250, train_loss-1.1232, train_rmse-1.0598, valid_rmse-1.5085, valid_pr-0.6585
2025-06-09 14:38:23 - INFO - epoch-251, train_loss-1.1131, train_rmse-1.0550, valid_rmse-1.4473, valid_pr-0.6654
2025-06-09 14:38:31 - INFO - epoch-252, train_loss-1.1129, train_rmse-1.0549, valid_rmse-1.5299, valid_pr-0.6746
2025-06-09 14:38:38 - INFO - epoch-253, train_loss-1.1111, train_rmse-1.0541, valid_rmse-1.4437, valid_pr-0.6742
2025-06-09 14:38:47 - INFO - epoch-254, train_loss-1.1194, train_rmse-1.0580, valid_rmse-1.4856, valid_pr-0.6697
2025-06-09 14:38:55 - INFO - epoch-255, train_loss-1.1219, train_rmse-1.0592, valid_rmse-1.4565, valid_pr-0.6529
2025-06-09 14:39:03 - INFO - epoch-256, train_loss-1.1014, train_rmse-1.0495, valid_rmse-1.4480, valid_pr-0.6660
2025-06-09 14:39:11 - INFO - epoch-257, train_loss-1.1181, train_rmse-1.0574, valid_rmse-1.4932, valid_pr-0.6704
2025-06-09 14:39:19 - INFO - epoch-258, train_loss-1.1439, train_rmse-1.0696, valid_rmse-1.4500, valid_pr-0.6803
2025-06-09 14:39:27 - INFO - epoch-259, train_loss-1.1197, train_rmse-1.0582, valid_rmse-1.5159, valid_pr-0.6573
2025-06-09 14:39:35 - INFO - epoch-260, train_loss-1.1097, train_rmse-1.0534, valid_rmse-1.5165, valid_pr-0.6467
2025-06-09 14:39:43 - INFO - epoch-261, train_loss-1.1037, train_rmse-1.0506, valid_rmse-1.5398, valid_pr-0.6518
2025-06-09 14:39:51 - INFO - epoch-262, train_loss-1.0930, train_rmse-1.0454, valid_rmse-1.4127, valid_pr-0.6736
2025-06-09 14:39:59 - INFO - epoch-263, train_loss-1.0982, train_rmse-1.0480, valid_rmse-1.5519, valid_pr-0.6480
2025-06-09 14:40:07 - INFO - epoch-264, train_loss-1.0941, train_rmse-1.0460, valid_rmse-1.4123, valid_pr-0.6751
2025-06-09 14:40:16 - INFO - epoch-265, train_loss-1.1019, train_rmse-1.0497, valid_rmse-1.4765, valid_pr-0.6601
2025-06-09 14:40:23 - INFO - epoch-266, train_loss-1.0870, train_rmse-1.0426, valid_rmse-1.4823, valid_pr-0.6595
2025-06-09 14:40:30 - INFO - epoch-267, train_loss-1.0991, train_rmse-1.0484, valid_rmse-1.4547, valid_pr-0.6627
2025-06-09 14:40:38 - INFO - epoch-268, train_loss-1.1046, train_rmse-1.0510, valid_rmse-1.5372, valid_pr-0.6433
2025-06-09 14:40:46 - INFO - epoch-269, train_loss-1.1133, train_rmse-1.0551, valid_rmse-1.4615, valid_pr-0.6726
2025-06-09 14:40:54 - INFO - epoch-270, train_loss-1.1037, train_rmse-1.0506, valid_rmse-1.4467, valid_pr-0.6802
2025-06-09 14:41:02 - INFO - epoch-271, train_loss-1.1162, train_rmse-1.0565, valid_rmse-1.4431, valid_pr-0.6668
2025-06-09 14:41:10 - INFO - epoch-272, train_loss-1.1015, train_rmse-1.0495, valid_rmse-1.4575, valid_pr-0.6742
2025-06-09 14:41:18 - INFO - epoch-273, train_loss-1.0788, train_rmse-1.0387, valid_rmse-1.4469, valid_pr-0.6758
2025-06-09 14:41:25 - INFO - epoch-274, train_loss-1.0845, train_rmse-1.0414, valid_rmse-1.5041, valid_pr-0.6538
2025-06-09 14:41:33 - INFO - epoch-275, train_loss-1.0845, train_rmse-1.0414, valid_rmse-1.4679, valid_pr-0.6729
2025-06-09 14:41:40 - INFO - epoch-276, train_loss-1.0681, train_rmse-1.0335, valid_rmse-1.4606, valid_pr-0.6636
2025-06-09 14:41:48 - INFO - epoch-277, train_loss-1.0557, train_rmse-1.0275, valid_rmse-1.4269, valid_pr-0.6655
2025-06-09 14:41:56 - INFO - epoch-278, train_loss-1.0728, train_rmse-1.0358, valid_rmse-1.4722, valid_pr-0.6684
2025-06-09 14:42:04 - INFO - epoch-279, train_loss-1.0754, train_rmse-1.0370, valid_rmse-1.4420, valid_pr-0.6736
2025-06-09 14:42:11 - INFO - epoch-280, train_loss-1.0787, train_rmse-1.0386, valid_rmse-1.5040, valid_pr-0.6612
2025-06-09 14:42:19 - INFO - epoch-281, train_loss-1.0737, train_rmse-1.0362, valid_rmse-1.4427, valid_pr-0.6651
2025-06-09 14:42:27 - INFO - epoch-282, train_loss-1.0759, train_rmse-1.0373, valid_rmse-1.4924, valid_pr-0.6632
2025-06-09 14:42:34 - INFO - epoch-283, train_loss-1.0633, train_rmse-1.0312, valid_rmse-1.4403, valid_pr-0.6631
2025-06-09 14:42:42 - INFO - epoch-284, train_loss-1.0568, train_rmse-1.0280, valid_rmse-1.4538, valid_pr-0.6687
2025-06-09 14:42:50 - INFO - epoch-285, train_loss-1.0498, train_rmse-1.0246, valid_rmse-1.4711, valid_pr-0.6567
2025-06-09 14:42:59 - INFO - epoch-286, train_loss-1.0488, train_rmse-1.0241, valid_rmse-1.5099, valid_pr-0.6642
2025-06-09 14:43:07 - INFO - epoch-287, train_loss-1.0580, train_rmse-1.0286, valid_rmse-1.5134, valid_pr-0.6539
2025-06-09 14:43:14 - INFO - epoch-288, train_loss-1.0667, train_rmse-1.0328, valid_rmse-1.4643, valid_pr-0.6652
2025-06-09 14:43:22 - INFO - epoch-289, train_loss-1.0535, train_rmse-1.0264, valid_rmse-1.4497, valid_pr-0.6585
2025-06-09 14:43:30 - INFO - epoch-290, train_loss-1.0516, train_rmse-1.0255, valid_rmse-1.4812, valid_pr-0.6612
2025-06-09 14:43:37 - INFO - epoch-291, train_loss-1.0657, train_rmse-1.0323, valid_rmse-1.4552, valid_pr-0.6713
2025-06-09 14:43:45 - INFO - epoch-292, train_loss-1.0569, train_rmse-1.0281, valid_rmse-1.4800, valid_pr-0.6556
2025-06-09 14:43:53 - INFO - epoch-293, train_loss-1.0282, train_rmse-1.0140, valid_rmse-1.4938, valid_pr-0.6670
2025-06-09 14:44:01 - INFO - epoch-294, train_loss-1.0502, train_rmse-1.0248, valid_rmse-1.4843, valid_pr-0.6523
2025-06-09 14:44:09 - INFO - epoch-295, train_loss-1.0204, train_rmse-1.0101, valid_rmse-1.4716, valid_pr-0.6753
2025-06-09 14:44:17 - INFO - epoch-296, train_loss-1.0419, train_rmse-1.0207, valid_rmse-1.4766, valid_pr-0.6675
2025-06-09 14:44:25 - INFO - epoch-297, train_loss-1.0338, train_rmse-1.0167, valid_rmse-1.4618, valid_pr-0.6642
2025-06-09 14:44:33 - INFO - epoch-298, train_loss-1.0367, train_rmse-1.0182, valid_rmse-1.4792, valid_pr-0.6637
2025-06-09 14:44:41 - INFO - epoch-299, train_loss-1.0387, train_rmse-1.0192, valid_rmse-1.4209, valid_pr-0.6711
2025-06-09 14:44:49 - INFO - epoch-300, train_loss-1.0380, train_rmse-1.0188, valid_rmse-1.4943, valid_pr-0.6483
2025-06-09 14:44:58 - INFO - epoch-301, train_loss-1.0200, train_rmse-1.0099, valid_rmse-1.4771, valid_pr-0.6664
2025-06-09 14:45:06 - INFO - epoch-302, train_loss-1.0259, train_rmse-1.0129, valid_rmse-1.4477, valid_pr-0.6655
2025-06-09 14:45:14 - INFO - epoch-303, train_loss-1.0304, train_rmse-1.0151, valid_rmse-1.4612, valid_pr-0.6614
2025-06-09 14:45:23 - INFO - epoch-304, train_loss-1.0315, train_rmse-1.0156, valid_rmse-1.4967, valid_pr-0.6597
2025-06-09 14:45:31 - INFO - epoch-305, train_loss-1.0334, train_rmse-1.0166, valid_rmse-1.4692, valid_pr-0.6741
2025-06-09 14:45:39 - INFO - epoch-306, train_loss-1.0465, train_rmse-1.0230, valid_rmse-1.4766, valid_pr-0.6748
2025-06-09 14:45:47 - INFO - epoch-307, train_loss-1.0422, train_rmse-1.0209, valid_rmse-1.4432, valid_pr-0.6674
2025-06-09 14:45:55 - INFO - epoch-308, train_loss-1.0203, train_rmse-1.0101, valid_rmse-1.4882, valid_pr-0.6681
2025-06-09 14:46:03 - INFO - epoch-309, train_loss-1.0182, train_rmse-1.0091, valid_rmse-1.4625, valid_pr-0.6612
2025-06-09 14:46:11 - INFO - epoch-310, train_loss-1.0061, train_rmse-1.0031, valid_rmse-1.4783, valid_pr-0.6628
2025-06-09 14:46:19 - INFO - epoch-311, train_loss-1.0136, train_rmse-1.0068, valid_rmse-1.4397, valid_pr-0.6785
2025-06-09 14:46:27 - INFO - epoch-312, train_loss-1.0055, train_rmse-1.0028, valid_rmse-1.4570, valid_pr-0.6718
2025-06-09 14:46:35 - INFO - epoch-313, train_loss-1.0156, train_rmse-1.0078, valid_rmse-1.4864, valid_pr-0.6743
2025-06-09 14:46:43 - INFO - epoch-314, train_loss-1.0147, train_rmse-1.0073, valid_rmse-1.4772, valid_pr-0.6682
2025-06-09 14:46:51 - INFO - epoch-315, train_loss-1.0142, train_rmse-1.0071, valid_rmse-1.4324, valid_pr-0.6749
2025-06-09 14:47:00 - INFO - epoch-316, train_loss-1.0000, train_rmse-1.0000, valid_rmse-1.4228, valid_pr-0.6805
2025-06-09 14:47:08 - INFO - epoch-317, train_loss-1.0137, train_rmse-1.0068, valid_rmse-1.4413, valid_pr-0.6696
2025-06-09 14:47:16 - INFO - epoch-318, train_loss-1.0204, train_rmse-1.0102, valid_rmse-1.4329, valid_pr-0.6799
2025-06-09 14:47:24 - INFO - epoch-319, train_loss-0.9907, train_rmse-0.9954, valid_rmse-1.4587, valid_pr-0.6560
2025-06-09 14:47:32 - INFO - epoch-320, train_loss-0.9918, train_rmse-0.9959, valid_rmse-1.4752, valid_pr-0.6659
2025-06-09 14:47:40 - INFO - epoch-321, train_loss-1.0131, train_rmse-1.0065, valid_rmse-1.4414, valid_pr-0.6792
2025-06-09 14:47:48 - INFO - epoch-322, train_loss-1.0054, train_rmse-1.0027, valid_rmse-1.4438, valid_pr-0.6663
2025-06-09 14:47:55 - INFO - epoch-323, train_loss-0.9947, train_rmse-0.9973, valid_rmse-1.4776, valid_pr-0.6747
2025-06-09 14:48:03 - INFO - epoch-324, train_loss-0.9977, train_rmse-0.9989, valid_rmse-1.4937, valid_pr-0.6624
2025-06-09 14:48:11 - INFO - epoch-325, train_loss-0.9823, train_rmse-0.9911, valid_rmse-1.4630, valid_pr-0.6656
2025-06-09 14:48:19 - INFO - epoch-326, train_loss-1.0068, train_rmse-1.0034, valid_rmse-1.4304, valid_pr-0.6677
2025-06-09 14:48:27 - INFO - epoch-327, train_loss-1.0063, train_rmse-1.0032, valid_rmse-1.4807, valid_pr-0.6728
2025-06-09 14:48:35 - INFO - epoch-328, train_loss-0.9763, train_rmse-0.9881, valid_rmse-1.4319, valid_pr-0.6714
2025-06-09 14:48:43 - INFO - epoch-329, train_loss-0.9789, train_rmse-0.9894, valid_rmse-1.4523, valid_pr-0.6731
2025-06-09 14:48:51 - INFO - epoch-330, train_loss-0.9535, train_rmse-0.9765, valid_rmse-1.4686, valid_pr-0.6760
2025-06-09 14:48:59 - INFO - epoch-331, train_loss-0.9751, train_rmse-0.9875, valid_rmse-1.4218, valid_pr-0.6740
2025-06-09 14:49:07 - INFO - epoch-332, train_loss-0.9836, train_rmse-0.9918, valid_rmse-1.4562, valid_pr-0.6743
2025-06-09 14:49:14 - INFO - epoch-333, train_loss-0.9917, train_rmse-0.9959, valid_rmse-1.4107, valid_pr-0.6775
2025-06-09 14:49:22 - INFO - epoch-334, train_loss-0.9749, train_rmse-0.9874, valid_rmse-1.4337, valid_pr-0.6789
2025-06-09 14:49:30 - INFO - epoch-335, train_loss-0.9726, train_rmse-0.9862, valid_rmse-1.4616, valid_pr-0.6733
2025-06-09 14:49:38 - INFO - epoch-336, train_loss-1.0176, train_rmse-1.0088, valid_rmse-1.4392, valid_pr-0.6795
2025-06-09 14:49:46 - INFO - epoch-337, train_loss-0.9819, train_rmse-0.9909, valid_rmse-1.4476, valid_pr-0.6727
2025-06-09 14:49:53 - INFO - epoch-338, train_loss-0.9920, train_rmse-0.9960, valid_rmse-1.4797, valid_pr-0.6684
2025-06-09 14:50:01 - INFO - epoch-339, train_loss-0.9693, train_rmse-0.9845, valid_rmse-1.4796, valid_pr-0.6775
2025-06-09 14:50:09 - INFO - epoch-340, train_loss-0.9691, train_rmse-0.9844, valid_rmse-1.4407, valid_pr-0.6648
2025-06-09 14:50:16 - INFO - epoch-341, train_loss-0.9522, train_rmse-0.9758, valid_rmse-1.4242, valid_pr-0.6719
2025-06-09 14:50:24 - INFO - epoch-342, train_loss-0.9870, train_rmse-0.9935, valid_rmse-1.4698, valid_pr-0.6618
2025-06-09 14:50:32 - INFO - epoch-343, train_loss-0.9704, train_rmse-0.9851, valid_rmse-1.4437, valid_pr-0.6733
2025-06-09 14:50:39 - INFO - epoch-344, train_loss-0.9599, train_rmse-0.9797, valid_rmse-1.4859, valid_pr-0.6708
2025-06-09 14:50:47 - INFO - epoch-345, train_loss-0.9842, train_rmse-0.9921, valid_rmse-1.4138, valid_pr-0.6792
2025-06-09 14:50:54 - INFO - epoch-346, train_loss-0.9727, train_rmse-0.9862, valid_rmse-1.4221, valid_pr-0.6703
2025-06-09 14:51:02 - INFO - epoch-347, train_loss-0.9756, train_rmse-0.9877, valid_rmse-1.4604, valid_pr-0.6719
2025-06-09 14:51:10 - INFO - epoch-348, train_loss-0.9629, train_rmse-0.9813, valid_rmse-1.4319, valid_pr-0.6665
2025-06-09 14:51:18 - INFO - epoch-349, train_loss-0.9653, train_rmse-0.9825, valid_rmse-1.4711, valid_pr-0.6663
2025-06-09 14:51:26 - INFO - epoch-350, train_loss-0.9595, train_rmse-0.9796, valid_rmse-1.4842, valid_pr-0.6627
2025-06-09 14:51:33 - INFO - epoch-351, train_loss-0.9492, train_rmse-0.9743, valid_rmse-1.3907, valid_pr-0.6758
2025-06-09 14:51:41 - INFO - epoch-352, train_loss-0.9728, train_rmse-0.9863, valid_rmse-1.4461, valid_pr-0.6702
2025-06-09 14:51:49 - INFO - epoch-353, train_loss-0.9566, train_rmse-0.9781, valid_rmse-1.4579, valid_pr-0.6719
2025-06-09 14:51:56 - INFO - epoch-354, train_loss-0.9548, train_rmse-0.9771, valid_rmse-1.4731, valid_pr-0.6700
2025-06-09 14:52:04 - INFO - epoch-355, train_loss-0.9606, train_rmse-0.9801, valid_rmse-1.4200, valid_pr-0.6872
2025-06-09 14:52:12 - INFO - epoch-356, train_loss-0.9537, train_rmse-0.9766, valid_rmse-1.4297, valid_pr-0.6789
2025-06-09 14:52:20 - INFO - epoch-357, train_loss-0.9490, train_rmse-0.9742, valid_rmse-1.4750, valid_pr-0.6675
2025-06-09 14:52:28 - INFO - epoch-358, train_loss-0.9498, train_rmse-0.9746, valid_rmse-1.4856, valid_pr-0.6646
2025-06-09 14:52:36 - INFO - epoch-359, train_loss-0.9676, train_rmse-0.9837, valid_rmse-1.4109, valid_pr-0.6820
2025-06-09 14:52:45 - INFO - epoch-360, train_loss-0.9588, train_rmse-0.9792, valid_rmse-1.4543, valid_pr-0.6728
2025-06-09 14:52:52 - INFO - epoch-361, train_loss-0.9531, train_rmse-0.9763, valid_rmse-1.4595, valid_pr-0.6671
2025-06-09 14:53:00 - INFO - epoch-362, train_loss-0.9373, train_rmse-0.9681, valid_rmse-1.4635, valid_pr-0.6721
2025-06-09 14:53:08 - INFO - epoch-363, train_loss-0.9425, train_rmse-0.9708, valid_rmse-1.4405, valid_pr-0.6688
2025-06-09 14:53:15 - INFO - epoch-364, train_loss-0.9216, train_rmse-0.9600, valid_rmse-1.4347, valid_pr-0.6711
2025-06-09 14:53:23 - INFO - epoch-365, train_loss-0.9309, train_rmse-0.9648, valid_rmse-1.4086, valid_pr-0.6698
2025-06-09 14:53:31 - INFO - epoch-366, train_loss-0.9388, train_rmse-0.9689, valid_rmse-1.4443, valid_pr-0.6823
2025-06-09 14:53:40 - INFO - epoch-367, train_loss-0.9418, train_rmse-0.9705, valid_rmse-1.4587, valid_pr-0.6744
2025-06-09 14:53:48 - INFO - epoch-368, train_loss-0.9468, train_rmse-0.9730, valid_rmse-1.4610, valid_pr-0.6657
2025-06-09 14:53:55 - INFO - epoch-369, train_loss-0.9315, train_rmse-0.9651, valid_rmse-1.5084, valid_pr-0.6739
2025-06-09 14:54:03 - INFO - epoch-370, train_loss-0.9356, train_rmse-0.9672, valid_rmse-1.4509, valid_pr-0.6714
2025-06-09 14:54:11 - INFO - epoch-371, train_loss-0.9406, train_rmse-0.9699, valid_rmse-1.4533, valid_pr-0.6738
2025-06-09 14:54:19 - INFO - epoch-372, train_loss-0.9378, train_rmse-0.9684, valid_rmse-1.4375, valid_pr-0.6650
2025-06-09 14:54:26 - INFO - epoch-373, train_loss-0.9383, train_rmse-0.9686, valid_rmse-1.4355, valid_pr-0.6597
2025-06-09 14:54:34 - INFO - epoch-374, train_loss-0.9378, train_rmse-0.9684, valid_rmse-1.4254, valid_pr-0.6760
2025-06-09 14:54:42 - INFO - epoch-375, train_loss-0.9192, train_rmse-0.9587, valid_rmse-1.4460, valid_pr-0.6696
2025-06-09 14:54:50 - INFO - epoch-376, train_loss-0.9086, train_rmse-0.9532, valid_rmse-1.4354, valid_pr-0.6860
2025-06-09 14:54:58 - INFO - epoch-377, train_loss-0.9250, train_rmse-0.9618, valid_rmse-1.4425, valid_pr-0.6829
2025-06-09 14:55:06 - INFO - epoch-378, train_loss-0.9190, train_rmse-0.9586, valid_rmse-1.4379, valid_pr-0.6780
2025-06-09 14:55:14 - INFO - epoch-379, train_loss-0.9271, train_rmse-0.9629, valid_rmse-1.4733, valid_pr-0.6627
2025-06-09 14:55:22 - INFO - epoch-380, train_loss-0.9232, train_rmse-0.9608, valid_rmse-1.4151, valid_pr-0.6764
2025-06-09 14:55:30 - INFO - epoch-381, train_loss-0.9201, train_rmse-0.9592, valid_rmse-1.4094, valid_pr-0.6699
2025-06-09 14:55:38 - INFO - epoch-382, train_loss-0.8989, train_rmse-0.9481, valid_rmse-1.4457, valid_pr-0.6678
2025-06-09 14:55:46 - INFO - epoch-383, train_loss-0.9163, train_rmse-0.9572, valid_rmse-1.4463, valid_pr-0.6724
2025-06-09 14:55:53 - INFO - epoch-384, train_loss-0.9276, train_rmse-0.9631, valid_rmse-1.4702, valid_pr-0.6709
2025-06-09 14:56:01 - INFO - epoch-385, train_loss-0.9010, train_rmse-0.9492, valid_rmse-1.4438, valid_pr-0.6752
2025-06-09 14:56:09 - INFO - epoch-386, train_loss-0.9246, train_rmse-0.9616, valid_rmse-1.4445, valid_pr-0.6771
2025-06-09 14:56:17 - INFO - epoch-387, train_loss-0.9171, train_rmse-0.9576, valid_rmse-1.4427, valid_pr-0.6767
2025-06-09 14:56:25 - INFO - epoch-388, train_loss-0.8871, train_rmse-0.9419, valid_rmse-1.4319, valid_pr-0.6779
2025-06-09 14:56:32 - INFO - epoch-389, train_loss-0.8911, train_rmse-0.9440, valid_rmse-1.4092, valid_pr-0.6719
2025-06-09 14:56:40 - INFO - epoch-390, train_loss-0.8999, train_rmse-0.9486, valid_rmse-1.4017, valid_pr-0.6774
2025-06-09 14:56:48 - INFO - epoch-391, train_loss-0.9130, train_rmse-0.9555, valid_rmse-1.4506, valid_pr-0.6738
2025-06-09 14:56:56 - INFO - epoch-392, train_loss-0.9110, train_rmse-0.9545, valid_rmse-1.4451, valid_pr-0.6773
2025-06-09 14:57:04 - INFO - epoch-393, train_loss-0.9196, train_rmse-0.9589, valid_rmse-1.4170, valid_pr-0.6781
2025-06-09 14:57:12 - INFO - epoch-394, train_loss-0.9202, train_rmse-0.9593, valid_rmse-1.4265, valid_pr-0.6719
2025-06-09 14:57:20 - INFO - epoch-395, train_loss-0.9049, train_rmse-0.9513, valid_rmse-1.4334, valid_pr-0.6748
2025-06-09 14:57:28 - INFO - epoch-396, train_loss-0.8928, train_rmse-0.9449, valid_rmse-1.4008, valid_pr-0.6832
2025-06-09 14:57:36 - INFO - epoch-397, train_loss-0.9258, train_rmse-0.9622, valid_rmse-1.4296, valid_pr-0.6691
2025-06-09 14:57:44 - INFO - epoch-398, train_loss-0.9020, train_rmse-0.9497, valid_rmse-1.4037, valid_pr-0.6784
2025-06-09 14:57:52 - INFO - epoch-399, train_loss-0.9046, train_rmse-0.9511, valid_rmse-1.4365, valid_pr-0.6726
2025-06-09 14:58:00 - INFO - epoch-400, train_loss-0.9049, train_rmse-0.9512, valid_rmse-1.4202, valid_pr-0.6773
2025-06-09 14:58:07 - INFO - epoch-401, train_loss-0.8886, train_rmse-0.9427, valid_rmse-1.3935, valid_pr-0.6779
2025-06-09 14:58:15 - INFO - epoch-402, train_loss-0.8926, train_rmse-0.9448, valid_rmse-1.4183, valid_pr-0.6700
2025-06-09 14:58:23 - INFO - epoch-403, train_loss-0.8857, train_rmse-0.9411, valid_rmse-1.4509, valid_pr-0.6807
2025-06-09 14:58:31 - INFO - epoch-404, train_loss-0.8953, train_rmse-0.9462, valid_rmse-1.4912, valid_pr-0.6640
2025-06-09 14:58:39 - INFO - epoch-405, train_loss-0.8972, train_rmse-0.9472, valid_rmse-1.4477, valid_pr-0.6725
2025-06-09 14:58:47 - INFO - epoch-406, train_loss-0.8885, train_rmse-0.9426, valid_rmse-1.4268, valid_pr-0.6713
2025-06-09 14:58:55 - INFO - epoch-407, train_loss-0.9101, train_rmse-0.9540, valid_rmse-1.4450, valid_pr-0.6679
2025-06-09 14:59:03 - INFO - epoch-408, train_loss-0.8931, train_rmse-0.9451, valid_rmse-1.4705, valid_pr-0.6716
2025-06-09 14:59:11 - INFO - epoch-409, train_loss-0.8877, train_rmse-0.9422, valid_rmse-1.4583, valid_pr-0.6729
2025-06-09 14:59:19 - INFO - epoch-410, train_loss-0.9031, train_rmse-0.9503, valid_rmse-1.4239, valid_pr-0.6813
2025-06-09 14:59:27 - INFO - epoch-411, train_loss-0.8765, train_rmse-0.9362, valid_rmse-1.4171, valid_pr-0.6732
2025-06-09 14:59:34 - INFO - epoch-412, train_loss-0.9056, train_rmse-0.9516, valid_rmse-1.4275, valid_pr-0.6734
2025-06-09 14:59:43 - INFO - epoch-413, train_loss-0.8812, train_rmse-0.9387, valid_rmse-1.4663, valid_pr-0.6619
2025-06-09 14:59:51 - INFO - epoch-414, train_loss-0.9078, train_rmse-0.9528, valid_rmse-1.4745, valid_pr-0.6686
2025-06-09 14:59:59 - INFO - epoch-415, train_loss-0.8845, train_rmse-0.9405, valid_rmse-1.4558, valid_pr-0.6664
2025-06-09 15:00:07 - INFO - epoch-416, train_loss-0.8743, train_rmse-0.9350, valid_rmse-1.4064, valid_pr-0.6788
2025-06-09 15:00:15 - INFO - epoch-417, train_loss-0.8797, train_rmse-0.9379, valid_rmse-1.4339, valid_pr-0.6719
2025-06-09 15:00:23 - INFO - epoch-418, train_loss-0.8691, train_rmse-0.9323, valid_rmse-1.4465, valid_pr-0.6646
2025-06-09 15:00:31 - INFO - epoch-419, train_loss-0.8747, train_rmse-0.9352, valid_rmse-1.4240, valid_pr-0.6720
2025-06-09 15:00:39 - INFO - epoch-420, train_loss-0.8905, train_rmse-0.9436, valid_rmse-1.4966, valid_pr-0.6724
2025-06-09 15:00:47 - INFO - epoch-421, train_loss-0.8791, train_rmse-0.9376, valid_rmse-1.4328, valid_pr-0.6751
2025-06-09 15:00:56 - INFO - epoch-422, train_loss-0.8683, train_rmse-0.9318, valid_rmse-1.3957, valid_pr-0.6796
2025-06-09 15:01:03 - INFO - epoch-423, train_loss-0.8683, train_rmse-0.9318, valid_rmse-1.4262, valid_pr-0.6647
2025-06-09 15:01:11 - INFO - epoch-424, train_loss-0.8712, train_rmse-0.9334, valid_rmse-1.4488, valid_pr-0.6746
2025-06-09 15:01:19 - INFO - epoch-425, train_loss-0.8759, train_rmse-0.9359, valid_rmse-1.4147, valid_pr-0.6703
2025-06-09 15:01:27 - INFO - epoch-426, train_loss-0.8891, train_rmse-0.9429, valid_rmse-1.4236, valid_pr-0.6735
2025-06-09 15:01:34 - INFO - epoch-427, train_loss-0.8651, train_rmse-0.9301, valid_rmse-1.4036, valid_pr-0.6755
2025-06-09 15:01:42 - INFO - epoch-428, train_loss-0.8833, train_rmse-0.9398, valid_rmse-1.4199, valid_pr-0.6803
2025-06-09 15:01:50 - INFO - epoch-429, train_loss-0.8600, train_rmse-0.9274, valid_rmse-1.4542, valid_pr-0.6684
2025-06-09 15:01:58 - INFO - epoch-430, train_loss-0.8806, train_rmse-0.9384, valid_rmse-1.4116, valid_pr-0.6811
2025-06-09 15:02:07 - INFO - epoch-431, train_loss-0.8552, train_rmse-0.9248, valid_rmse-1.4557, valid_pr-0.6673
2025-06-09 15:02:15 - INFO - epoch-432, train_loss-0.8579, train_rmse-0.9262, valid_rmse-1.4184, valid_pr-0.6830
2025-06-09 15:02:23 - INFO - epoch-433, train_loss-0.8546, train_rmse-0.9244, valid_rmse-1.4616, valid_pr-0.6726
2025-06-09 15:02:31 - INFO - epoch-434, train_loss-0.8638, train_rmse-0.9294, valid_rmse-1.4045, valid_pr-0.6806
2025-06-09 15:02:39 - INFO - epoch-435, train_loss-0.8706, train_rmse-0.9330, valid_rmse-1.4736, valid_pr-0.6618
2025-06-09 15:02:46 - INFO - epoch-436, train_loss-0.8898, train_rmse-0.9433, valid_rmse-1.4536, valid_pr-0.6820
2025-06-09 15:02:54 - INFO - epoch-437, train_loss-0.8595, train_rmse-0.9271, valid_rmse-1.4230, valid_pr-0.6680
2025-06-09 15:03:02 - INFO - epoch-438, train_loss-0.8562, train_rmse-0.9253, valid_rmse-1.4330, valid_pr-0.6624
2025-06-09 15:03:10 - INFO - epoch-439, train_loss-0.8616, train_rmse-0.9282, valid_rmse-1.4555, valid_pr-0.6689
2025-06-09 15:03:17 - INFO - epoch-440, train_loss-0.8608, train_rmse-0.9278, valid_rmse-1.4086, valid_pr-0.6720
2025-06-09 15:03:25 - INFO - epoch-441, train_loss-0.8552, train_rmse-0.9248, valid_rmse-1.4107, valid_pr-0.6803
2025-06-09 15:03:33 - INFO - epoch-442, train_loss-0.8517, train_rmse-0.9229, valid_rmse-1.4721, valid_pr-0.6556
2025-06-09 15:03:40 - INFO - epoch-443, train_loss-0.8559, train_rmse-0.9252, valid_rmse-1.4538, valid_pr-0.6776
2025-06-09 15:03:48 - INFO - epoch-444, train_loss-0.8684, train_rmse-0.9319, valid_rmse-1.4383, valid_pr-0.6780
2025-06-09 15:03:56 - INFO - epoch-445, train_loss-0.8498, train_rmse-0.9219, valid_rmse-1.4529, valid_pr-0.6732
2025-06-09 15:04:03 - INFO - epoch-446, train_loss-0.8437, train_rmse-0.9185, valid_rmse-1.4232, valid_pr-0.6686
2025-06-09 15:04:11 - INFO - epoch-447, train_loss-0.8543, train_rmse-0.9243, valid_rmse-1.4212, valid_pr-0.6733
2025-06-09 15:04:19 - INFO - epoch-448, train_loss-0.8546, train_rmse-0.9244, valid_rmse-1.4338, valid_pr-0.6771
2025-06-09 15:04:28 - INFO - epoch-449, train_loss-0.8572, train_rmse-0.9258, valid_rmse-1.4253, valid_pr-0.6880
2025-06-09 15:04:35 - INFO - epoch-450, train_loss-0.8570, train_rmse-0.9257, valid_rmse-1.4410, valid_pr-0.6780
2025-06-09 15:04:43 - INFO - epoch-451, train_loss-0.8611, train_rmse-0.9280, valid_rmse-1.4420, valid_pr-0.6855
2025-06-09 15:04:51 - INFO - epoch-452, train_loss-0.8403, train_rmse-0.9167, valid_rmse-1.4213, valid_pr-0.6782
2025-06-09 15:04:51 - INFO - early stop in epoch 452
2025-06-09 15:04:51 - INFO - best_rmse: 1.3907
2025-06-09 15:04:56 - INFO - valid_rmse-1.3907, valid_pr-0.6758, test2013_rmse-1.7034, test2013_pr-0.7291, test2016_rmse-1.5751, test2016_pr-0.7376, test2019_rmse-1.5110, test2019_pr-0.5618,
