2025-06-06 14:03:36 - INFO - train_GNNDTI.py
2025-06-06 14:03:36 - INFO - train data: 11904
2025-06-06 14:03:36 - INFO - valid data: 1000
2025-06-06 14:03:36 - INFO - test2013 data: 107
2025-06-06 14:03:36 - INFO - test2016 data: 285
2025-06-06 14:03:36 - INFO - test2019 data: 4366
2025-06-06 14:04:02 - INFO - epoch-0, train_loss-36.4907, train_rmse-6.0408, valid_rmse-3.8394, valid_pr-0.0958
2025-06-06 14:04:26 - INFO - epoch-1, train_loss-7.9032, train_rmse-2.8113, valid_rmse-2.5334, valid_pr-0.1607
2025-06-06 14:04:51 - INFO - epoch-2, train_loss-5.1232, train_rmse-2.2634, valid_rmse-2.2657, valid_pr-0.2394
2025-06-06 14:05:15 - INFO - epoch-3, train_loss-4.4032, train_rmse-2.0984, valid_rmse-2.1304, valid_pr-0.2670
2025-06-06 14:05:40 - INFO - epoch-4, train_loss-3.8440, train_rmse-1.9606, valid_rmse-1.9723, valid_pr-0.3511
2025-06-06 14:06:03 - INFO - epoch-5, train_loss-3.4798, train_rmse-1.8654, valid_rmse-1.8898, valid_pr-0.3866
2025-06-06 14:06:28 - INFO - epoch-6, train_loss-3.2718, train_rmse-1.8088, valid_rmse-1.8672, valid_pr-0.3929
2025-06-06 14:06:52 - INFO - epoch-7, train_loss-3.1494, train_rmse-1.7746, valid_rmse-1.8264, valid_pr-0.4105
2025-06-06 14:07:16 - INFO - epoch-8, train_loss-3.0936, train_rmse-1.7589, valid_rmse-1.7906, valid_pr-0.4316
2025-06-06 14:07:40 - INFO - epoch-9, train_loss-2.9925, train_rmse-1.7299, valid_rmse-1.7539, valid_pr-0.4482
2025-06-06 14:08:06 - INFO - epoch-10, train_loss-2.9937, train_rmse-1.7302, valid_rmse-1.7904, valid_pr-0.4522
2025-06-06 14:08:30 - INFO - epoch-11, train_loss-2.9529, train_rmse-1.7184, valid_rmse-1.7385, valid_pr-0.4478
2025-06-06 14:08:55 - INFO - epoch-12, train_loss-2.8864, train_rmse-1.6989, valid_rmse-1.7296, valid_pr-0.4599
2025-06-06 14:09:21 - INFO - epoch-13, train_loss-2.8970, train_rmse-1.7021, valid_rmse-1.7632, valid_pr-0.4650
2025-06-06 14:09:46 - INFO - epoch-14, train_loss-2.8525, train_rmse-1.6889, valid_rmse-1.7121, valid_pr-0.4662
2025-06-06 14:10:09 - INFO - epoch-15, train_loss-2.8357, train_rmse-1.6839, valid_rmse-1.6973, valid_pr-0.4702
2025-06-06 14:10:34 - INFO - epoch-16, train_loss-2.7854, train_rmse-1.6690, valid_rmse-1.7418, valid_pr-0.4451
2025-06-06 14:10:59 - INFO - epoch-17, train_loss-2.8362, train_rmse-1.6841, valid_rmse-1.7180, valid_pr-0.4681
2025-06-06 14:11:25 - INFO - epoch-18, train_loss-2.7700, train_rmse-1.6643, valid_rmse-1.7080, valid_pr-0.4636
2025-06-06 14:11:49 - INFO - epoch-19, train_loss-2.7591, train_rmse-1.6611, valid_rmse-1.6853, valid_pr-0.4759
2025-06-06 14:12:13 - INFO - epoch-20, train_loss-2.7280, train_rmse-1.6517, valid_rmse-1.7354, valid_pr-0.4525
2025-06-06 14:12:38 - INFO - epoch-21, train_loss-2.7430, train_rmse-1.6562, valid_rmse-1.7034, valid_pr-0.4601
2025-06-06 14:13:03 - INFO - epoch-22, train_loss-2.7084, train_rmse-1.6457, valid_rmse-1.6777, valid_pr-0.4806
2025-06-06 14:13:28 - INFO - epoch-23, train_loss-2.6614, train_rmse-1.6314, valid_rmse-1.6738, valid_pr-0.4912
2025-06-06 14:13:52 - INFO - epoch-24, train_loss-2.7109, train_rmse-1.6465, valid_rmse-1.7072, valid_pr-0.4560
2025-06-06 14:14:17 - INFO - epoch-25, train_loss-2.7219, train_rmse-1.6498, valid_rmse-1.6870, valid_pr-0.4721
2025-06-06 14:14:41 - INFO - epoch-26, train_loss-2.6459, train_rmse-1.6266, valid_rmse-1.6606, valid_pr-0.4843
2025-06-06 14:15:06 - INFO - epoch-27, train_loss-2.6021, train_rmse-1.6131, valid_rmse-1.6572, valid_pr-0.4925
2025-06-06 14:15:30 - INFO - epoch-28, train_loss-2.6051, train_rmse-1.6140, valid_rmse-1.6656, valid_pr-0.4866
2025-06-06 14:15:54 - INFO - epoch-29, train_loss-2.6497, train_rmse-1.6278, valid_rmse-1.6531, valid_pr-0.4883
2025-06-06 14:16:18 - INFO - epoch-30, train_loss-2.5853, train_rmse-1.6079, valid_rmse-1.6307, valid_pr-0.4962
2025-06-06 14:16:42 - INFO - epoch-31, train_loss-2.5491, train_rmse-1.5966, valid_rmse-1.6573, valid_pr-0.4962
2025-06-06 14:17:07 - INFO - epoch-32, train_loss-2.5274, train_rmse-1.5898, valid_rmse-1.6109, valid_pr-0.5108
2025-06-06 14:17:31 - INFO - epoch-33, train_loss-2.5259, train_rmse-1.5893, valid_rmse-1.6052, valid_pr-0.5159
2025-06-06 14:17:55 - INFO - epoch-34, train_loss-2.5251, train_rmse-1.5890, valid_rmse-1.6031, valid_pr-0.5139
2025-06-06 14:18:18 - INFO - epoch-35, train_loss-2.5542, train_rmse-1.5982, valid_rmse-1.6029, valid_pr-0.5163
2025-06-06 14:18:41 - INFO - epoch-36, train_loss-2.4804, train_rmse-1.5749, valid_rmse-1.5878, valid_pr-0.5256
2025-06-06 14:19:05 - INFO - epoch-37, train_loss-2.4583, train_rmse-1.5679, valid_rmse-1.6364, valid_pr-0.5296
2025-06-06 14:19:30 - INFO - epoch-38, train_loss-2.4567, train_rmse-1.5674, valid_rmse-1.5883, valid_pr-0.5244
2025-06-06 14:19:55 - INFO - epoch-39, train_loss-2.4334, train_rmse-1.5599, valid_rmse-1.5734, valid_pr-0.5313
2025-06-06 14:20:19 - INFO - epoch-40, train_loss-2.4247, train_rmse-1.5572, valid_rmse-1.5726, valid_pr-0.5319
2025-06-06 14:20:45 - INFO - epoch-41, train_loss-2.4544, train_rmse-1.5666, valid_rmse-1.6068, valid_pr-0.5179
2025-06-06 14:21:10 - INFO - epoch-42, train_loss-2.5144, train_rmse-1.5857, valid_rmse-1.6266, valid_pr-0.5201
2025-06-06 14:21:35 - INFO - epoch-43, train_loss-2.4697, train_rmse-1.5715, valid_rmse-1.5753, valid_pr-0.5327
2025-06-06 14:21:59 - INFO - epoch-44, train_loss-2.4584, train_rmse-1.5679, valid_rmse-1.5571, valid_pr-0.5406
2025-06-06 14:22:22 - INFO - epoch-45, train_loss-2.6355, train_rmse-1.6234, valid_rmse-1.5892, valid_pr-0.5188
2025-06-06 14:22:46 - INFO - epoch-46, train_loss-2.5075, train_rmse-1.5835, valid_rmse-1.5762, valid_pr-0.5280
2025-06-06 14:23:10 - INFO - epoch-47, train_loss-2.4270, train_rmse-1.5579, valid_rmse-1.5751, valid_pr-0.5301
2025-06-06 14:23:34 - INFO - epoch-48, train_loss-2.4380, train_rmse-1.5614, valid_rmse-1.5762, valid_pr-0.5280
2025-06-06 14:23:57 - INFO - epoch-49, train_loss-2.4151, train_rmse-1.5541, valid_rmse-1.5550, valid_pr-0.5431
2025-06-06 14:24:22 - INFO - epoch-50, train_loss-2.3711, train_rmse-1.5398, valid_rmse-1.5506, valid_pr-0.5465
2025-06-06 14:24:47 - INFO - epoch-51, train_loss-2.3806, train_rmse-1.5429, valid_rmse-1.5565, valid_pr-0.5479
2025-06-06 14:25:11 - INFO - epoch-52, train_loss-2.3643, train_rmse-1.5376, valid_rmse-1.5524, valid_pr-0.5453
2025-06-06 14:25:35 - INFO - epoch-53, train_loss-2.3557, train_rmse-1.5348, valid_rmse-1.5563, valid_pr-0.5527
2025-06-06 14:25:59 - INFO - epoch-54, train_loss-2.3670, train_rmse-1.5385, valid_rmse-1.5525, valid_pr-0.5462
2025-06-06 14:26:23 - INFO - epoch-55, train_loss-2.3510, train_rmse-1.5333, valid_rmse-1.5380, valid_pr-0.5575
2025-06-06 14:26:47 - INFO - epoch-56, train_loss-2.3364, train_rmse-1.5285, valid_rmse-1.5461, valid_pr-0.5484
2025-06-06 14:27:12 - INFO - epoch-57, train_loss-2.3430, train_rmse-1.5307, valid_rmse-1.5364, valid_pr-0.5573
2025-06-06 14:27:36 - INFO - epoch-58, train_loss-2.3132, train_rmse-1.5209, valid_rmse-1.5466, valid_pr-0.5479
2025-06-06 14:28:01 - INFO - epoch-59, train_loss-2.3208, train_rmse-1.5234, valid_rmse-1.5401, valid_pr-0.5538
2025-06-06 14:28:24 - INFO - epoch-60, train_loss-2.3149, train_rmse-1.5215, valid_rmse-1.5345, valid_pr-0.5569
2025-06-06 14:28:48 - INFO - epoch-61, train_loss-2.2977, train_rmse-1.5158, valid_rmse-1.5409, valid_pr-0.5525
2025-06-06 14:29:12 - INFO - epoch-62, train_loss-2.2984, train_rmse-1.5160, valid_rmse-1.5367, valid_pr-0.5619
2025-06-06 14:29:36 - INFO - epoch-63, train_loss-2.2863, train_rmse-1.5120, valid_rmse-1.5482, valid_pr-0.5520
2025-06-06 14:30:00 - INFO - epoch-64, train_loss-2.2905, train_rmse-1.5134, valid_rmse-1.5299, valid_pr-0.5608
2025-06-06 14:30:24 - INFO - epoch-65, train_loss-2.2860, train_rmse-1.5120, valid_rmse-1.5282, valid_pr-0.5639
2025-06-06 14:30:48 - INFO - epoch-66, train_loss-2.2870, train_rmse-1.5123, valid_rmse-1.5559, valid_pr-0.5577
2025-06-06 14:31:12 - INFO - epoch-67, train_loss-2.3298, train_rmse-1.5264, valid_rmse-1.5778, valid_pr-0.5319
2025-06-06 14:31:36 - INFO - epoch-68, train_loss-2.3115, train_rmse-1.5204, valid_rmse-1.5919, valid_pr-0.5323
2025-06-06 14:32:00 - INFO - epoch-69, train_loss-2.2886, train_rmse-1.5128, valid_rmse-1.5449, valid_pr-0.5653
2025-06-06 14:32:24 - INFO - epoch-70, train_loss-2.2580, train_rmse-1.5027, valid_rmse-1.5335, valid_pr-0.5575
2025-06-06 14:32:48 - INFO - epoch-71, train_loss-2.2663, train_rmse-1.5054, valid_rmse-1.5265, valid_pr-0.5629
2025-06-06 14:33:12 - INFO - epoch-72, train_loss-2.2677, train_rmse-1.5059, valid_rmse-1.5406, valid_pr-0.5647
2025-06-06 14:33:35 - INFO - epoch-73, train_loss-2.2629, train_rmse-1.5043, valid_rmse-1.5298, valid_pr-0.5634
2025-06-06 14:33:59 - INFO - epoch-74, train_loss-2.2519, train_rmse-1.5006, valid_rmse-1.5643, valid_pr-0.5602
2025-06-06 14:34:23 - INFO - epoch-75, train_loss-2.2528, train_rmse-1.5009, valid_rmse-1.5920, valid_pr-0.5293
2025-06-06 14:34:46 - INFO - epoch-76, train_loss-2.3375, train_rmse-1.5289, valid_rmse-1.5421, valid_pr-0.5520
2025-06-06 14:35:10 - INFO - epoch-77, train_loss-2.2668, train_rmse-1.5056, valid_rmse-1.5375, valid_pr-0.5764
2025-06-06 14:35:34 - INFO - epoch-78, train_loss-2.2329, train_rmse-1.4943, valid_rmse-1.5367, valid_pr-0.5674
2025-06-06 14:35:58 - INFO - epoch-79, train_loss-2.2430, train_rmse-1.4977, valid_rmse-1.5169, valid_pr-0.5728
2025-06-06 14:36:23 - INFO - epoch-80, train_loss-2.2139, train_rmse-1.4879, valid_rmse-1.5125, valid_pr-0.5738
2025-06-06 14:36:46 - INFO - epoch-81, train_loss-2.2331, train_rmse-1.4943, valid_rmse-1.5368, valid_pr-0.5583
2025-06-06 14:37:11 - INFO - epoch-82, train_loss-2.3250, train_rmse-1.5248, valid_rmse-1.5125, valid_pr-0.5737
2025-06-06 14:37:35 - INFO - epoch-83, train_loss-2.2504, train_rmse-1.5001, valid_rmse-1.5038, valid_pr-0.5807
2025-06-06 14:37:59 - INFO - epoch-84, train_loss-2.2102, train_rmse-1.4867, valid_rmse-1.5143, valid_pr-0.5722
2025-06-06 14:38:23 - INFO - epoch-85, train_loss-2.1930, train_rmse-1.4809, valid_rmse-1.5159, valid_pr-0.5739
2025-06-06 14:38:47 - INFO - epoch-86, train_loss-2.2003, train_rmse-1.4833, valid_rmse-1.5064, valid_pr-0.5803
2025-06-06 14:39:11 - INFO - epoch-87, train_loss-2.1825, train_rmse-1.4773, valid_rmse-1.5229, valid_pr-0.5703
2025-06-06 14:39:35 - INFO - epoch-88, train_loss-2.1966, train_rmse-1.4821, valid_rmse-1.5075, valid_pr-0.5791
2025-06-06 14:39:59 - INFO - epoch-89, train_loss-2.1889, train_rmse-1.4795, valid_rmse-1.5147, valid_pr-0.5761
2025-06-06 14:40:23 - INFO - epoch-90, train_loss-2.1982, train_rmse-1.4826, valid_rmse-1.5017, valid_pr-0.5821
2025-06-06 14:40:47 - INFO - epoch-91, train_loss-2.2143, train_rmse-1.4881, valid_rmse-1.5134, valid_pr-0.5737
2025-06-06 14:41:11 - INFO - epoch-92, train_loss-2.2234, train_rmse-1.4911, valid_rmse-1.5108, valid_pr-0.5847
2025-06-06 14:41:56 - INFO - epoch-93, train_loss-2.1599, train_rmse-1.4697, valid_rmse-1.5031, valid_pr-0.5849
2025-06-06 14:42:47 - INFO - epoch-94, train_loss-2.1592, train_rmse-1.4694, valid_rmse-1.5012, valid_pr-0.5829
2025-06-06 14:43:32 - INFO - epoch-95, train_loss-2.1642, train_rmse-1.4711, valid_rmse-1.5160, valid_pr-0.5913
2025-06-06 14:44:08 - INFO - epoch-96, train_loss-2.1811, train_rmse-1.4769, valid_rmse-1.5108, valid_pr-0.5756
2025-06-06 14:44:31 - INFO - epoch-97, train_loss-2.1643, train_rmse-1.4711, valid_rmse-1.5005, valid_pr-0.5915
2025-06-06 14:44:55 - INFO - epoch-98, train_loss-2.1671, train_rmse-1.4721, valid_rmse-1.4905, valid_pr-0.5926
2025-06-06 14:45:20 - INFO - epoch-99, train_loss-2.1496, train_rmse-1.4661, valid_rmse-1.4993, valid_pr-0.5957
2025-06-06 14:45:44 - INFO - epoch-100, train_loss-2.1675, train_rmse-1.4722, valid_rmse-1.4972, valid_pr-0.5880
2025-06-06 14:46:08 - INFO - epoch-101, train_loss-2.1460, train_rmse-1.4649, valid_rmse-1.4816, valid_pr-0.5969
2025-06-06 14:46:32 - INFO - epoch-102, train_loss-2.1334, train_rmse-1.4606, valid_rmse-1.5084, valid_pr-0.5891
2025-06-06 14:46:58 - INFO - epoch-103, train_loss-2.1348, train_rmse-1.4611, valid_rmse-1.4993, valid_pr-0.5892
2025-06-06 14:47:22 - INFO - epoch-104, train_loss-2.1394, train_rmse-1.4627, valid_rmse-1.5082, valid_pr-0.5784
2025-06-06 14:47:46 - INFO - epoch-105, train_loss-2.1137, train_rmse-1.4538, valid_rmse-1.4764, valid_pr-0.6006
2025-06-06 14:48:12 - INFO - epoch-106, train_loss-2.1343, train_rmse-1.4609, valid_rmse-1.4892, valid_pr-0.5927
2025-06-06 14:48:37 - INFO - epoch-107, train_loss-2.1656, train_rmse-1.4716, valid_rmse-1.5103, valid_pr-0.5937
2025-06-06 14:49:01 - INFO - epoch-108, train_loss-2.1484, train_rmse-1.4658, valid_rmse-1.5024, valid_pr-0.5854
2025-06-06 14:49:25 - INFO - epoch-109, train_loss-2.1226, train_rmse-1.4569, valid_rmse-1.4818, valid_pr-0.5966
2025-06-06 14:49:50 - INFO - epoch-110, train_loss-2.1093, train_rmse-1.4523, valid_rmse-1.5010, valid_pr-0.5901
2025-06-06 14:50:14 - INFO - epoch-111, train_loss-2.1205, train_rmse-1.4562, valid_rmse-1.5255, valid_pr-0.5713
2025-06-06 14:50:38 - INFO - epoch-112, train_loss-2.1913, train_rmse-1.4803, valid_rmse-1.4980, valid_pr-0.5856
2025-06-06 14:51:04 - INFO - epoch-113, train_loss-2.1818, train_rmse-1.4771, valid_rmse-1.5029, valid_pr-0.5814
2025-06-06 14:51:30 - INFO - epoch-114, train_loss-2.1732, train_rmse-1.4742, valid_rmse-1.5094, valid_pr-0.5792
2025-06-06 14:51:54 - INFO - epoch-115, train_loss-2.1435, train_rmse-1.4641, valid_rmse-1.5057, valid_pr-0.5806
2025-06-06 14:52:20 - INFO - epoch-116, train_loss-2.1364, train_rmse-1.4616, valid_rmse-1.4921, valid_pr-0.5893
2025-06-06 14:52:44 - INFO - epoch-117, train_loss-2.1203, train_rmse-1.4561, valid_rmse-1.5067, valid_pr-0.5836
2025-06-06 14:53:08 - INFO - epoch-118, train_loss-2.1458, train_rmse-1.4649, valid_rmse-1.5109, valid_pr-0.5835
2025-06-06 14:53:33 - INFO - epoch-119, train_loss-2.1369, train_rmse-1.4618, valid_rmse-1.4940, valid_pr-0.5945
2025-06-06 14:53:57 - INFO - epoch-120, train_loss-2.1124, train_rmse-1.4534, valid_rmse-1.4874, valid_pr-0.5928
2025-06-06 14:54:22 - INFO - epoch-121, train_loss-2.1117, train_rmse-1.4532, valid_rmse-1.5231, valid_pr-0.5977
2025-06-06 14:54:47 - INFO - epoch-122, train_loss-2.0980, train_rmse-1.4485, valid_rmse-1.4899, valid_pr-0.5946
2025-06-06 14:55:11 - INFO - epoch-123, train_loss-2.1264, train_rmse-1.4582, valid_rmse-1.4854, valid_pr-0.5948
2025-06-06 14:55:36 - INFO - epoch-124, train_loss-2.1092, train_rmse-1.4523, valid_rmse-1.5206, valid_pr-0.6000
2025-06-06 14:56:00 - INFO - epoch-125, train_loss-2.1174, train_rmse-1.4551, valid_rmse-1.5000, valid_pr-0.5953
2025-06-06 14:56:24 - INFO - epoch-126, train_loss-2.1026, train_rmse-1.4500, valid_rmse-1.4804, valid_pr-0.5997
2025-06-06 14:56:49 - INFO - epoch-127, train_loss-2.1019, train_rmse-1.4498, valid_rmse-1.4995, valid_pr-0.5857
2025-06-06 14:57:13 - INFO - epoch-128, train_loss-2.1163, train_rmse-1.4548, valid_rmse-1.4782, valid_pr-0.6034
2025-06-06 14:57:37 - INFO - epoch-129, train_loss-2.0759, train_rmse-1.4408, valid_rmse-1.5122, valid_pr-0.5760
2025-06-06 14:58:02 - INFO - epoch-130, train_loss-2.0669, train_rmse-1.4377, valid_rmse-1.4903, valid_pr-0.5959
2025-06-06 14:58:27 - INFO - epoch-131, train_loss-2.0973, train_rmse-1.4482, valid_rmse-1.4856, valid_pr-0.5949
2025-06-06 14:58:51 - INFO - epoch-132, train_loss-2.1488, train_rmse-1.4659, valid_rmse-1.4824, valid_pr-0.5962
2025-06-06 14:59:13 - INFO - epoch-133, train_loss-2.1024, train_rmse-1.4500, valid_rmse-1.5001, valid_pr-0.5882
2025-06-06 14:59:36 - INFO - epoch-134, train_loss-2.0881, train_rmse-1.4450, valid_rmse-1.4834, valid_pr-0.5994
2025-06-06 15:00:00 - INFO - epoch-135, train_loss-2.0732, train_rmse-1.4399, valid_rmse-1.5021, valid_pr-0.6012
2025-06-06 15:00:23 - INFO - epoch-136, train_loss-2.0629, train_rmse-1.4363, valid_rmse-1.4799, valid_pr-0.6016
2025-06-06 15:00:45 - INFO - epoch-137, train_loss-2.0580, train_rmse-1.4346, valid_rmse-1.4790, valid_pr-0.6008
2025-06-06 15:01:08 - INFO - epoch-138, train_loss-2.0541, train_rmse-1.4332, valid_rmse-1.4866, valid_pr-0.6004
2025-06-06 15:01:31 - INFO - epoch-139, train_loss-2.0907, train_rmse-1.4459, valid_rmse-1.4972, valid_pr-0.5996
2025-06-06 15:01:53 - INFO - epoch-140, train_loss-2.0566, train_rmse-1.4341, valid_rmse-1.4747, valid_pr-0.6031
2025-06-06 15:02:16 - INFO - epoch-141, train_loss-2.0680, train_rmse-1.4380, valid_rmse-1.5063, valid_pr-0.5959
2025-06-06 15:02:39 - INFO - epoch-142, train_loss-2.0816, train_rmse-1.4428, valid_rmse-1.4838, valid_pr-0.5967
2025-06-06 15:03:02 - INFO - epoch-143, train_loss-2.0611, train_rmse-1.4357, valid_rmse-1.4759, valid_pr-0.6033
2025-06-06 15:03:24 - INFO - epoch-144, train_loss-2.0420, train_rmse-1.4290, valid_rmse-1.4705, valid_pr-0.6054
2025-06-06 15:03:48 - INFO - epoch-145, train_loss-2.0397, train_rmse-1.4282, valid_rmse-1.4948, valid_pr-0.5945
2025-06-06 15:04:11 - INFO - epoch-146, train_loss-2.0573, train_rmse-1.4343, valid_rmse-1.5367, valid_pr-0.5879
2025-06-06 15:04:33 - INFO - epoch-147, train_loss-2.0459, train_rmse-1.4304, valid_rmse-1.4891, valid_pr-0.5931
2025-06-06 15:04:56 - INFO - epoch-148, train_loss-2.0424, train_rmse-1.4291, valid_rmse-1.4902, valid_pr-0.5932
2025-06-06 15:05:19 - INFO - epoch-149, train_loss-2.1187, train_rmse-1.4556, valid_rmse-1.4954, valid_pr-0.5897
2025-06-06 15:05:41 - INFO - epoch-150, train_loss-2.0731, train_rmse-1.4398, valid_rmse-1.4688, valid_pr-0.6062
2025-06-06 15:06:05 - INFO - epoch-151, train_loss-2.0350, train_rmse-1.4265, valid_rmse-1.4984, valid_pr-0.5964
2025-06-06 15:06:28 - INFO - epoch-152, train_loss-2.0443, train_rmse-1.4298, valid_rmse-1.5110, valid_pr-0.5774
2025-06-06 15:06:50 - INFO - epoch-153, train_loss-2.0921, train_rmse-1.4464, valid_rmse-1.4749, valid_pr-0.6022
2025-06-06 15:07:13 - INFO - epoch-154, train_loss-2.0741, train_rmse-1.4402, valid_rmse-1.4894, valid_pr-0.5936
2025-06-06 15:07:35 - INFO - epoch-155, train_loss-2.0314, train_rmse-1.4253, valid_rmse-1.4842, valid_pr-0.5960
2025-06-06 15:07:57 - INFO - epoch-156, train_loss-2.0354, train_rmse-1.4267, valid_rmse-1.4972, valid_pr-0.5955
2025-06-06 15:08:20 - INFO - epoch-157, train_loss-2.0186, train_rmse-1.4208, valid_rmse-1.4882, valid_pr-0.6033
2025-06-06 15:08:43 - INFO - epoch-158, train_loss-2.0504, train_rmse-1.4319, valid_rmse-1.4755, valid_pr-0.6034
2025-06-06 15:09:06 - INFO - epoch-159, train_loss-2.0182, train_rmse-1.4206, valid_rmse-1.4853, valid_pr-0.6042
2025-06-06 15:09:29 - INFO - epoch-160, train_loss-2.0145, train_rmse-1.4193, valid_rmse-1.4796, valid_pr-0.6014
2025-06-06 15:09:51 - INFO - epoch-161, train_loss-2.0033, train_rmse-1.4154, valid_rmse-1.4759, valid_pr-0.6100
2025-06-06 15:10:13 - INFO - epoch-162, train_loss-2.0175, train_rmse-1.4204, valid_rmse-1.4969, valid_pr-0.5958
2025-06-06 15:10:36 - INFO - epoch-163, train_loss-1.9932, train_rmse-1.4118, valid_rmse-1.4691, valid_pr-0.6086
2025-06-06 15:10:59 - INFO - epoch-164, train_loss-1.9897, train_rmse-1.4106, valid_rmse-1.4679, valid_pr-0.6075
2025-06-06 15:11:21 - INFO - epoch-165, train_loss-2.0057, train_rmse-1.4162, valid_rmse-1.4827, valid_pr-0.6041
2025-06-06 15:11:44 - INFO - epoch-166, train_loss-2.0136, train_rmse-1.4190, valid_rmse-1.4825, valid_pr-0.5977
2025-06-06 15:12:07 - INFO - epoch-167, train_loss-2.0131, train_rmse-1.4189, valid_rmse-1.4677, valid_pr-0.6080
2025-06-06 15:12:29 - INFO - epoch-168, train_loss-1.9849, train_rmse-1.4088, valid_rmse-1.4629, valid_pr-0.6121
2025-06-06 15:12:52 - INFO - epoch-169, train_loss-1.9843, train_rmse-1.4086, valid_rmse-1.4803, valid_pr-0.6031
2025-06-06 15:13:14 - INFO - epoch-170, train_loss-1.9999, train_rmse-1.4142, valid_rmse-1.5131, valid_pr-0.6019
2025-06-06 15:13:37 - INFO - epoch-171, train_loss-2.0357, train_rmse-1.4268, valid_rmse-1.4821, valid_pr-0.5999
2025-06-06 15:13:59 - INFO - epoch-172, train_loss-2.0159, train_rmse-1.4198, valid_rmse-1.4876, valid_pr-0.5980
2025-06-06 15:14:22 - INFO - epoch-173, train_loss-2.0001, train_rmse-1.4142, valid_rmse-1.4679, valid_pr-0.6077
2025-06-06 15:14:44 - INFO - epoch-174, train_loss-2.0090, train_rmse-1.4174, valid_rmse-1.4684, valid_pr-0.6103
2025-06-06 15:15:07 - INFO - epoch-175, train_loss-2.0792, train_rmse-1.4419, valid_rmse-1.4757, valid_pr-0.6046
2025-06-06 15:15:30 - INFO - epoch-176, train_loss-2.0356, train_rmse-1.4267, valid_rmse-1.4670, valid_pr-0.6086
2025-06-06 15:15:53 - INFO - epoch-177, train_loss-2.0353, train_rmse-1.4266, valid_rmse-1.4854, valid_pr-0.6058
2025-06-06 15:16:16 - INFO - epoch-178, train_loss-1.9888, train_rmse-1.4103, valid_rmse-1.4668, valid_pr-0.6079
2025-06-06 15:16:38 - INFO - epoch-179, train_loss-2.0035, train_rmse-1.4155, valid_rmse-1.4783, valid_pr-0.6029
2025-06-06 15:17:01 - INFO - epoch-180, train_loss-1.9909, train_rmse-1.4110, valid_rmse-1.4675, valid_pr-0.6074
2025-06-06 15:17:24 - INFO - epoch-181, train_loss-2.0126, train_rmse-1.4187, valid_rmse-1.4700, valid_pr-0.6050
2025-06-06 15:17:46 - INFO - epoch-182, train_loss-2.0326, train_rmse-1.4257, valid_rmse-1.4687, valid_pr-0.6077
2025-06-06 15:18:09 - INFO - epoch-183, train_loss-2.0033, train_rmse-1.4154, valid_rmse-1.4751, valid_pr-0.6030
2025-06-06 15:18:32 - INFO - epoch-184, train_loss-1.9828, train_rmse-1.4081, valid_rmse-1.4770, valid_pr-0.6042
2025-06-06 15:18:54 - INFO - epoch-185, train_loss-1.9622, train_rmse-1.4008, valid_rmse-1.4835, valid_pr-0.5959
2025-06-06 15:19:17 - INFO - epoch-186, train_loss-1.9682, train_rmse-1.4029, valid_rmse-1.4724, valid_pr-0.6042
2025-06-06 15:19:40 - INFO - epoch-187, train_loss-1.9544, train_rmse-1.3980, valid_rmse-1.4842, valid_pr-0.6020
2025-06-06 15:20:02 - INFO - epoch-188, train_loss-1.9395, train_rmse-1.3927, valid_rmse-1.4764, valid_pr-0.6070
2025-06-06 15:20:25 - INFO - epoch-189, train_loss-1.9355, train_rmse-1.3912, valid_rmse-1.4788, valid_pr-0.6063
2025-06-06 15:20:50 - INFO - epoch-190, train_loss-1.9570, train_rmse-1.3989, valid_rmse-1.4465, valid_pr-0.6217
2025-06-06 15:21:12 - INFO - epoch-191, train_loss-1.9751, train_rmse-1.4054, valid_rmse-1.4834, valid_pr-0.6153
2025-06-06 15:21:35 - INFO - epoch-192, train_loss-1.9917, train_rmse-1.4113, valid_rmse-1.4851, valid_pr-0.6114
2025-06-06 15:21:57 - INFO - epoch-193, train_loss-2.0090, train_rmse-1.4174, valid_rmse-1.4956, valid_pr-0.6054
2025-06-06 15:22:21 - INFO - epoch-194, train_loss-2.0056, train_rmse-1.4162, valid_rmse-1.4705, valid_pr-0.6087
2025-06-06 15:22:45 - INFO - epoch-195, train_loss-1.9644, train_rmse-1.4016, valid_rmse-1.4708, valid_pr-0.6124
2025-06-06 15:23:07 - INFO - epoch-196, train_loss-1.9614, train_rmse-1.4005, valid_rmse-1.4662, valid_pr-0.6094
2025-06-06 15:23:30 - INFO - epoch-197, train_loss-1.9853, train_rmse-1.4090, valid_rmse-1.4494, valid_pr-0.6209
2025-06-06 15:23:53 - INFO - epoch-198, train_loss-1.9284, train_rmse-1.3887, valid_rmse-1.4632, valid_pr-0.6113
2025-06-06 15:24:15 - INFO - epoch-199, train_loss-1.9702, train_rmse-1.4036, valid_rmse-1.4644, valid_pr-0.6112
2025-06-06 15:24:37 - INFO - epoch-200, train_loss-1.9520, train_rmse-1.3971, valid_rmse-1.4594, valid_pr-0.6137
2025-06-06 15:25:00 - INFO - epoch-201, train_loss-1.9182, train_rmse-1.3850, valid_rmse-1.4744, valid_pr-0.6020
2025-06-06 15:25:22 - INFO - epoch-202, train_loss-1.9193, train_rmse-1.3854, valid_rmse-1.4727, valid_pr-0.6156
2025-06-06 15:25:44 - INFO - epoch-203, train_loss-1.9222, train_rmse-1.3864, valid_rmse-1.4735, valid_pr-0.6161
2025-06-06 15:26:08 - INFO - epoch-204, train_loss-1.9233, train_rmse-1.3868, valid_rmse-1.4544, valid_pr-0.6168
2025-06-06 15:26:31 - INFO - epoch-205, train_loss-1.9277, train_rmse-1.3884, valid_rmse-1.4621, valid_pr-0.6123
2025-06-06 15:26:53 - INFO - epoch-206, train_loss-1.9572, train_rmse-1.3990, valid_rmse-1.4631, valid_pr-0.6156
2025-06-06 15:27:16 - INFO - epoch-207, train_loss-1.9417, train_rmse-1.3935, valid_rmse-1.4555, valid_pr-0.6170
2025-06-06 15:27:38 - INFO - epoch-208, train_loss-1.8968, train_rmse-1.3773, valid_rmse-1.4759, valid_pr-0.6200
2025-06-06 15:28:00 - INFO - epoch-209, train_loss-1.9272, train_rmse-1.3882, valid_rmse-1.5144, valid_pr-0.6021
2025-06-06 15:28:21 - INFO - epoch-210, train_loss-1.9158, train_rmse-1.3841, valid_rmse-1.4663, valid_pr-0.6169
2025-06-06 15:28:45 - INFO - epoch-211, train_loss-1.9491, train_rmse-1.3961, valid_rmse-1.4617, valid_pr-0.6114
2025-06-06 15:29:07 - INFO - epoch-212, train_loss-1.9990, train_rmse-1.4139, valid_rmse-1.4831, valid_pr-0.6012
2025-06-06 15:29:30 - INFO - epoch-213, train_loss-1.9482, train_rmse-1.3958, valid_rmse-1.4720, valid_pr-0.6096
2025-06-06 15:29:52 - INFO - epoch-214, train_loss-1.9240, train_rmse-1.3871, valid_rmse-1.4846, valid_pr-0.5990
2025-06-06 15:30:15 - INFO - epoch-215, train_loss-1.9074, train_rmse-1.3811, valid_rmse-1.4557, valid_pr-0.6223
2025-06-06 15:30:37 - INFO - epoch-216, train_loss-1.9131, train_rmse-1.3832, valid_rmse-1.4480, valid_pr-0.6228
2025-06-06 15:31:00 - INFO - epoch-217, train_loss-1.8868, train_rmse-1.3736, valid_rmse-1.4499, valid_pr-0.6243
2025-06-06 15:31:22 - INFO - epoch-218, train_loss-1.9022, train_rmse-1.3792, valid_rmse-1.4436, valid_pr-0.6248
2025-06-06 15:31:44 - INFO - epoch-219, train_loss-1.8970, train_rmse-1.3773, valid_rmse-1.4652, valid_pr-0.6124
2025-06-06 15:32:06 - INFO - epoch-220, train_loss-1.8949, train_rmse-1.3766, valid_rmse-1.4624, valid_pr-0.6114
2025-06-06 15:32:30 - INFO - epoch-221, train_loss-1.9241, train_rmse-1.3871, valid_rmse-1.4644, valid_pr-0.6094
2025-06-06 15:32:52 - INFO - epoch-222, train_loss-1.9092, train_rmse-1.3817, valid_rmse-1.4477, valid_pr-0.6221
2025-06-06 15:33:14 - INFO - epoch-223, train_loss-1.8902, train_rmse-1.3748, valid_rmse-1.4556, valid_pr-0.6164
2025-06-06 15:33:36 - INFO - epoch-224, train_loss-1.8815, train_rmse-1.3717, valid_rmse-1.4572, valid_pr-0.6182
2025-06-06 15:33:58 - INFO - epoch-225, train_loss-1.8673, train_rmse-1.3665, valid_rmse-1.4352, valid_pr-0.6293
2025-06-06 15:34:20 - INFO - epoch-226, train_loss-1.8758, train_rmse-1.3696, valid_rmse-1.4411, valid_pr-0.6272
2025-06-06 15:34:42 - INFO - epoch-227, train_loss-1.8674, train_rmse-1.3665, valid_rmse-1.4651, valid_pr-0.6124
2025-06-06 15:35:05 - INFO - epoch-228, train_loss-1.8658, train_rmse-1.3659, valid_rmse-1.4601, valid_pr-0.6144
2025-06-06 15:35:26 - INFO - epoch-229, train_loss-1.8598, train_rmse-1.3637, valid_rmse-1.4437, valid_pr-0.6246
2025-06-06 15:35:49 - INFO - epoch-230, train_loss-1.8633, train_rmse-1.3650, valid_rmse-1.4819, valid_pr-0.6179
2025-06-06 15:36:12 - INFO - epoch-231, train_loss-1.8773, train_rmse-1.3702, valid_rmse-1.4379, valid_pr-0.6279
2025-06-06 15:36:35 - INFO - epoch-232, train_loss-1.8756, train_rmse-1.3695, valid_rmse-1.4557, valid_pr-0.6219
2025-06-06 15:36:57 - INFO - epoch-233, train_loss-1.8505, train_rmse-1.3603, valid_rmse-1.4520, valid_pr-0.6259
2025-06-06 15:37:19 - INFO - epoch-234, train_loss-1.8638, train_rmse-1.3652, valid_rmse-1.4513, valid_pr-0.6183
2025-06-06 15:37:41 - INFO - epoch-235, train_loss-1.8976, train_rmse-1.3775, valid_rmse-1.4564, valid_pr-0.6268
2025-06-06 15:38:04 - INFO - epoch-236, train_loss-1.8550, train_rmse-1.3620, valid_rmse-1.4366, valid_pr-0.6290
2025-06-06 15:38:26 - INFO - epoch-237, train_loss-1.8356, train_rmse-1.3549, valid_rmse-1.4350, valid_pr-0.6313
2025-06-06 15:38:49 - INFO - epoch-238, train_loss-1.8889, train_rmse-1.3744, valid_rmse-1.5092, valid_pr-0.5800
2025-06-06 15:39:10 - INFO - epoch-239, train_loss-2.0910, train_rmse-1.4460, valid_rmse-1.4548, valid_pr-0.6168
2025-06-06 15:39:34 - INFO - epoch-240, train_loss-2.0138, train_rmse-1.4191, valid_rmse-1.4583, valid_pr-0.6138
2025-06-06 15:39:56 - INFO - epoch-241, train_loss-1.9877, train_rmse-1.4099, valid_rmse-1.4712, valid_pr-0.6156
2025-06-06 15:40:20 - INFO - epoch-242, train_loss-1.9450, train_rmse-1.3946, valid_rmse-1.4555, valid_pr-0.6255
2025-06-06 15:40:43 - INFO - epoch-243, train_loss-1.9077, train_rmse-1.3812, valid_rmse-1.4630, valid_pr-0.6229
2025-06-06 15:41:06 - INFO - epoch-244, train_loss-1.9115, train_rmse-1.3826, valid_rmse-1.4332, valid_pr-0.6339
2025-06-06 15:41:29 - INFO - epoch-245, train_loss-1.8914, train_rmse-1.3753, valid_rmse-1.4502, valid_pr-0.6231
2025-06-06 15:41:51 - INFO - epoch-246, train_loss-1.8856, train_rmse-1.3732, valid_rmse-1.4522, valid_pr-0.6341
2025-06-06 15:42:13 - INFO - epoch-247, train_loss-1.9144, train_rmse-1.3836, valid_rmse-1.4358, valid_pr-0.6301
2025-06-06 15:42:38 - INFO - epoch-248, train_loss-1.8467, train_rmse-1.3589, valid_rmse-1.4357, valid_pr-0.6316
2025-06-06 15:43:01 - INFO - epoch-249, train_loss-1.8354, train_rmse-1.3548, valid_rmse-1.4365, valid_pr-0.6315
2025-06-06 15:43:24 - INFO - epoch-250, train_loss-1.8500, train_rmse-1.3602, valid_rmse-1.4380, valid_pr-0.6287
2025-06-06 15:43:47 - INFO - epoch-251, train_loss-1.9470, train_rmse-1.3953, valid_rmse-1.4366, valid_pr-0.6307
2025-06-06 15:44:09 - INFO - epoch-252, train_loss-1.8760, train_rmse-1.3697, valid_rmse-1.4440, valid_pr-0.6248
2025-06-06 15:44:32 - INFO - epoch-253, train_loss-1.8750, train_rmse-1.3693, valid_rmse-1.4613, valid_pr-0.6204
2025-06-06 15:44:55 - INFO - epoch-254, train_loss-1.8469, train_rmse-1.3590, valid_rmse-1.4617, valid_pr-0.6131
2025-06-06 15:45:20 - INFO - epoch-255, train_loss-1.8777, train_rmse-1.3703, valid_rmse-1.4411, valid_pr-0.6262
2025-06-06 15:45:43 - INFO - epoch-256, train_loss-1.8364, train_rmse-1.3551, valid_rmse-1.4463, valid_pr-0.6266
2025-06-06 15:46:07 - INFO - epoch-257, train_loss-1.8375, train_rmse-1.3555, valid_rmse-1.4481, valid_pr-0.6265
2025-06-06 15:46:28 - INFO - epoch-258, train_loss-1.8381, train_rmse-1.3558, valid_rmse-1.4461, valid_pr-0.6309
2025-06-06 15:46:51 - INFO - epoch-259, train_loss-1.8804, train_rmse-1.3713, valid_rmse-1.4720, valid_pr-0.6130
2025-06-06 15:47:14 - INFO - epoch-260, train_loss-1.8680, train_rmse-1.3667, valid_rmse-1.4605, valid_pr-0.6192
2025-06-06 15:47:37 - INFO - epoch-261, train_loss-1.8577, train_rmse-1.3630, valid_rmse-1.4370, valid_pr-0.6297
2025-06-06 15:48:00 - INFO - epoch-262, train_loss-1.8341, train_rmse-1.3543, valid_rmse-1.4393, valid_pr-0.6313
2025-06-06 15:48:22 - INFO - epoch-263, train_loss-1.8179, train_rmse-1.3483, valid_rmse-1.4466, valid_pr-0.6277
2025-06-06 15:48:45 - INFO - epoch-264, train_loss-1.7987, train_rmse-1.3412, valid_rmse-1.4387, valid_pr-0.6277
2025-06-06 15:49:07 - INFO - epoch-265, train_loss-1.7830, train_rmse-1.3353, valid_rmse-1.4368, valid_pr-0.6335
2025-06-06 15:49:29 - INFO - epoch-266, train_loss-1.7937, train_rmse-1.3393, valid_rmse-1.4332, valid_pr-0.6364
2025-06-06 15:49:51 - INFO - epoch-267, train_loss-1.7951, train_rmse-1.3398, valid_rmse-1.4390, valid_pr-0.6318
2025-06-06 15:50:14 - INFO - epoch-268, train_loss-1.8014, train_rmse-1.3422, valid_rmse-1.4320, valid_pr-0.6334
2025-06-06 15:50:37 - INFO - epoch-269, train_loss-1.8003, train_rmse-1.3417, valid_rmse-1.4354, valid_pr-0.6339
2025-06-06 15:50:59 - INFO - epoch-270, train_loss-1.7772, train_rmse-1.3331, valid_rmse-1.4378, valid_pr-0.6323
2025-06-06 15:51:21 - INFO - epoch-271, train_loss-1.7853, train_rmse-1.3361, valid_rmse-1.4208, valid_pr-0.6428
2025-06-06 15:51:44 - INFO - epoch-272, train_loss-1.7984, train_rmse-1.3411, valid_rmse-1.4280, valid_pr-0.6350
2025-06-06 15:52:06 - INFO - epoch-273, train_loss-1.7857, train_rmse-1.3363, valid_rmse-1.4288, valid_pr-0.6372
2025-06-06 15:52:28 - INFO - epoch-274, train_loss-1.8021, train_rmse-1.3424, valid_rmse-1.4484, valid_pr-0.6327
2025-06-06 15:52:50 - INFO - epoch-275, train_loss-1.8004, train_rmse-1.3418, valid_rmse-1.4235, valid_pr-0.6413
2025-06-06 15:53:12 - INFO - epoch-276, train_loss-1.8142, train_rmse-1.3469, valid_rmse-1.4356, valid_pr-0.6322
2025-06-06 15:53:35 - INFO - epoch-277, train_loss-1.8012, train_rmse-1.3421, valid_rmse-1.4232, valid_pr-0.6424
2025-06-06 15:53:59 - INFO - epoch-278, train_loss-1.8121, train_rmse-1.3461, valid_rmse-1.4457, valid_pr-0.6309
2025-06-06 15:54:21 - INFO - epoch-279, train_loss-1.7861, train_rmse-1.3365, valid_rmse-1.4337, valid_pr-0.6369
2025-06-06 15:54:43 - INFO - epoch-280, train_loss-1.8255, train_rmse-1.3511, valid_rmse-1.4315, valid_pr-0.6329
2025-06-06 15:55:06 - INFO - epoch-281, train_loss-1.7811, train_rmse-1.3346, valid_rmse-1.4148, valid_pr-0.6442
2025-06-06 15:55:28 - INFO - epoch-282, train_loss-1.7575, train_rmse-1.3257, valid_rmse-1.4327, valid_pr-0.6442
2025-06-06 15:55:51 - INFO - epoch-283, train_loss-1.9127, train_rmse-1.3830, valid_rmse-1.4870, valid_pr-0.6000
2025-06-06 15:56:13 - INFO - epoch-284, train_loss-1.9045, train_rmse-1.3800, valid_rmse-1.4514, valid_pr-0.6194
2025-06-06 15:56:36 - INFO - epoch-285, train_loss-1.8120, train_rmse-1.3461, valid_rmse-1.4387, valid_pr-0.6283
2025-06-06 15:56:58 - INFO - epoch-286, train_loss-1.8360, train_rmse-1.3550, valid_rmse-1.4546, valid_pr-0.6189
2025-06-06 15:57:20 - INFO - epoch-287, train_loss-1.8243, train_rmse-1.3507, valid_rmse-1.4365, valid_pr-0.6313
2025-06-06 15:57:43 - INFO - epoch-288, train_loss-1.7868, train_rmse-1.3367, valid_rmse-1.4673, valid_pr-0.6246
2025-06-06 15:58:05 - INFO - epoch-289, train_loss-1.7658, train_rmse-1.3288, valid_rmse-1.4198, valid_pr-0.6435
2025-06-06 15:58:27 - INFO - epoch-290, train_loss-1.8050, train_rmse-1.3435, valid_rmse-1.4377, valid_pr-0.6340
2025-06-06 15:58:50 - INFO - epoch-291, train_loss-1.7533, train_rmse-1.3241, valid_rmse-1.4177, valid_pr-0.6432
2025-06-06 15:59:13 - INFO - epoch-292, train_loss-1.8072, train_rmse-1.3443, valid_rmse-1.4419, valid_pr-0.6335
2025-06-06 15:59:36 - INFO - epoch-293, train_loss-1.8417, train_rmse-1.3571, valid_rmse-1.4380, valid_pr-0.6314
2025-06-06 15:59:58 - INFO - epoch-294, train_loss-1.7879, train_rmse-1.3371, valid_rmse-1.4330, valid_pr-0.6357
2025-06-06 16:00:20 - INFO - epoch-295, train_loss-1.7730, train_rmse-1.3316, valid_rmse-1.4645, valid_pr-0.6410
2025-06-06 16:00:42 - INFO - epoch-296, train_loss-1.7765, train_rmse-1.3329, valid_rmse-1.4298, valid_pr-0.6343
2025-06-06 16:01:04 - INFO - epoch-297, train_loss-1.7907, train_rmse-1.3382, valid_rmse-1.4305, valid_pr-0.6373
2025-06-06 16:01:26 - INFO - epoch-298, train_loss-1.7669, train_rmse-1.3293, valid_rmse-1.4145, valid_pr-0.6451
2025-06-06 16:01:48 - INFO - epoch-299, train_loss-1.7149, train_rmse-1.3095, valid_rmse-1.4171, valid_pr-0.6430
2025-06-06 16:02:11 - INFO - epoch-300, train_loss-1.8120, train_rmse-1.3461, valid_rmse-1.4324, valid_pr-0.6387
2025-06-06 16:02:32 - INFO - epoch-301, train_loss-1.7517, train_rmse-1.3235, valid_rmse-1.4278, valid_pr-0.6388
2025-06-06 16:02:54 - INFO - epoch-302, train_loss-1.7774, train_rmse-1.3332, valid_rmse-1.4395, valid_pr-0.6402
2025-06-06 16:03:17 - INFO - epoch-303, train_loss-1.7512, train_rmse-1.3233, valid_rmse-1.4241, valid_pr-0.6451
2025-06-06 16:03:40 - INFO - epoch-304, train_loss-1.7296, train_rmse-1.3151, valid_rmse-1.3969, valid_pr-0.6550
2025-06-06 16:04:02 - INFO - epoch-305, train_loss-1.7725, train_rmse-1.3314, valid_rmse-1.4373, valid_pr-0.6370
2025-06-06 16:04:24 - INFO - epoch-306, train_loss-1.7785, train_rmse-1.3336, valid_rmse-1.4149, valid_pr-0.6437
2025-06-06 16:04:46 - INFO - epoch-307, train_loss-1.7508, train_rmse-1.3232, valid_rmse-1.4160, valid_pr-0.6474
2025-06-06 16:05:09 - INFO - epoch-308, train_loss-1.7228, train_rmse-1.3126, valid_rmse-1.4125, valid_pr-0.6480
2025-06-06 16:05:31 - INFO - epoch-309, train_loss-1.7235, train_rmse-1.3128, valid_rmse-1.4208, valid_pr-0.6445
2025-06-06 16:05:53 - INFO - epoch-310, train_loss-1.7139, train_rmse-1.3091, valid_rmse-1.4170, valid_pr-0.6488
2025-06-06 16:06:15 - INFO - epoch-311, train_loss-1.7096, train_rmse-1.3075, valid_rmse-1.4198, valid_pr-0.6442
2025-06-06 16:06:37 - INFO - epoch-312, train_loss-1.7049, train_rmse-1.3057, valid_rmse-1.3958, valid_pr-0.6572
2025-06-06 16:06:59 - INFO - epoch-313, train_loss-1.6916, train_rmse-1.3006, valid_rmse-1.4002, valid_pr-0.6559
2025-06-06 16:07:21 - INFO - epoch-314, train_loss-1.6586, train_rmse-1.2879, valid_rmse-1.4117, valid_pr-0.6479
2025-06-06 16:07:44 - INFO - epoch-315, train_loss-1.6722, train_rmse-1.2931, valid_rmse-1.4174, valid_pr-0.6494
2025-06-06 16:08:06 - INFO - epoch-316, train_loss-1.6728, train_rmse-1.2934, valid_rmse-1.4051, valid_pr-0.6524
2025-06-06 16:08:28 - INFO - epoch-317, train_loss-1.6899, train_rmse-1.2999, valid_rmse-1.4539, valid_pr-0.6418
2025-06-06 16:08:50 - INFO - epoch-318, train_loss-1.7462, train_rmse-1.3215, valid_rmse-1.4284, valid_pr-0.6399
2025-06-06 16:09:11 - INFO - epoch-319, train_loss-1.7885, train_rmse-1.3374, valid_rmse-1.4251, valid_pr-0.6374
2025-06-06 16:09:35 - INFO - epoch-320, train_loss-1.7591, train_rmse-1.3263, valid_rmse-1.4165, valid_pr-0.6508
2025-06-06 16:09:59 - INFO - epoch-321, train_loss-1.7390, train_rmse-1.3187, valid_rmse-1.4572, valid_pr-0.6353
2025-06-06 16:10:23 - INFO - epoch-322, train_loss-1.7456, train_rmse-1.3212, valid_rmse-1.4186, valid_pr-0.6443
2025-06-06 16:10:46 - INFO - epoch-323, train_loss-1.7336, train_rmse-1.3167, valid_rmse-1.3922, valid_pr-0.6589
2025-06-06 16:11:08 - INFO - epoch-324, train_loss-1.6986, train_rmse-1.3033, valid_rmse-1.4352, valid_pr-0.6503
2025-06-06 16:11:30 - INFO - epoch-325, train_loss-1.6696, train_rmse-1.2921, valid_rmse-1.4079, valid_pr-0.6489
2025-06-06 16:11:53 - INFO - epoch-326, train_loss-1.6700, train_rmse-1.2923, valid_rmse-1.4522, valid_pr-0.6233
2025-06-06 16:12:15 - INFO - epoch-327, train_loss-1.6786, train_rmse-1.2956, valid_rmse-1.4181, valid_pr-0.6486
2025-06-06 16:12:39 - INFO - epoch-328, train_loss-1.6892, train_rmse-1.2997, valid_rmse-1.4094, valid_pr-0.6521
2025-06-06 16:13:02 - INFO - epoch-329, train_loss-1.6474, train_rmse-1.2835, valid_rmse-1.4024, valid_pr-0.6556
2025-06-06 16:13:24 - INFO - epoch-330, train_loss-1.6347, train_rmse-1.2785, valid_rmse-1.4031, valid_pr-0.6545
2025-06-06 16:13:47 - INFO - epoch-331, train_loss-1.6260, train_rmse-1.2751, valid_rmse-1.4110, valid_pr-0.6498
2025-06-06 16:14:09 - INFO - epoch-332, train_loss-1.6490, train_rmse-1.2841, valid_rmse-1.3997, valid_pr-0.6560
2025-06-06 16:14:31 - INFO - epoch-333, train_loss-1.6317, train_rmse-1.2774, valid_rmse-1.3982, valid_pr-0.6555
2025-06-06 16:14:53 - INFO - epoch-334, train_loss-1.6140, train_rmse-1.2704, valid_rmse-1.4020, valid_pr-0.6568
2025-06-06 16:15:16 - INFO - epoch-335, train_loss-1.7697, train_rmse-1.3303, valid_rmse-1.4297, valid_pr-0.6566
2025-06-06 16:15:39 - INFO - epoch-336, train_loss-1.7354, train_rmse-1.3174, valid_rmse-1.4036, valid_pr-0.6505
2025-06-06 16:16:02 - INFO - epoch-337, train_loss-1.6727, train_rmse-1.2933, valid_rmse-1.4080, valid_pr-0.6510
2025-06-06 16:16:25 - INFO - epoch-338, train_loss-1.7281, train_rmse-1.3146, valid_rmse-1.4199, valid_pr-0.6450
2025-06-06 16:16:47 - INFO - epoch-339, train_loss-1.6597, train_rmse-1.2883, valid_rmse-1.4050, valid_pr-0.6565
2025-06-06 16:17:09 - INFO - epoch-340, train_loss-1.6678, train_rmse-1.2914, valid_rmse-1.4008, valid_pr-0.6541
2025-06-06 16:17:32 - INFO - epoch-341, train_loss-1.6740, train_rmse-1.2938, valid_rmse-1.4679, valid_pr-0.6555
2025-06-06 16:17:54 - INFO - epoch-342, train_loss-1.6323, train_rmse-1.2776, valid_rmse-1.3831, valid_pr-0.6659
2025-06-06 16:18:17 - INFO - epoch-343, train_loss-1.6022, train_rmse-1.2658, valid_rmse-1.3994, valid_pr-0.6614
2025-06-06 16:18:38 - INFO - epoch-344, train_loss-1.6031, train_rmse-1.2661, valid_rmse-1.4337, valid_pr-0.6469
2025-06-06 16:19:00 - INFO - epoch-345, train_loss-1.6458, train_rmse-1.2829, valid_rmse-1.4158, valid_pr-0.6510
2025-06-06 16:19:21 - INFO - epoch-346, train_loss-1.6194, train_rmse-1.2726, valid_rmse-1.3880, valid_pr-0.6639
2025-06-06 16:19:43 - INFO - epoch-347, train_loss-1.6169, train_rmse-1.2716, valid_rmse-1.3995, valid_pr-0.6544
2025-06-06 16:20:05 - INFO - epoch-348, train_loss-1.6100, train_rmse-1.2689, valid_rmse-1.4123, valid_pr-0.6495
2025-06-06 16:20:28 - INFO - epoch-349, train_loss-1.6012, train_rmse-1.2654, valid_rmse-1.3939, valid_pr-0.6577
2025-06-06 16:20:51 - INFO - epoch-350, train_loss-1.6216, train_rmse-1.2734, valid_rmse-1.3989, valid_pr-0.6569
2025-06-06 16:21:12 - INFO - epoch-351, train_loss-1.6111, train_rmse-1.2693, valid_rmse-1.3980, valid_pr-0.6561
2025-06-06 16:21:35 - INFO - epoch-352, train_loss-1.6342, train_rmse-1.2783, valid_rmse-1.4066, valid_pr-0.6522
2025-06-06 16:21:57 - INFO - epoch-353, train_loss-1.6306, train_rmse-1.2769, valid_rmse-1.3898, valid_pr-0.6638
2025-06-06 16:22:19 - INFO - epoch-354, train_loss-1.6331, train_rmse-1.2779, valid_rmse-1.4088, valid_pr-0.6471
2025-06-06 16:22:41 - INFO - epoch-355, train_loss-1.6028, train_rmse-1.2660, valid_rmse-1.4334, valid_pr-0.6572
2025-06-06 16:23:04 - INFO - epoch-356, train_loss-1.5783, train_rmse-1.2563, valid_rmse-1.3916, valid_pr-0.6625
2025-06-06 16:23:26 - INFO - epoch-357, train_loss-1.5881, train_rmse-1.2602, valid_rmse-1.4077, valid_pr-0.6535
2025-06-06 16:23:47 - INFO - epoch-358, train_loss-1.6016, train_rmse-1.2655, valid_rmse-1.4155, valid_pr-0.6558
2025-06-06 16:24:09 - INFO - epoch-359, train_loss-1.6069, train_rmse-1.2676, valid_rmse-1.3892, valid_pr-0.6631
2025-06-06 16:24:31 - INFO - epoch-360, train_loss-1.5666, train_rmse-1.2516, valid_rmse-1.3889, valid_pr-0.6624
2025-06-06 16:24:54 - INFO - epoch-361, train_loss-1.5728, train_rmse-1.2541, valid_rmse-1.3954, valid_pr-0.6655
2025-06-06 16:25:18 - INFO - epoch-362, train_loss-1.6431, train_rmse-1.2818, valid_rmse-1.4024, valid_pr-0.6562
2025-06-06 16:25:40 - INFO - epoch-363, train_loss-1.6066, train_rmse-1.2675, valid_rmse-1.4048, valid_pr-0.6516
2025-06-06 16:26:03 - INFO - epoch-364, train_loss-1.5701, train_rmse-1.2530, valid_rmse-1.4058, valid_pr-0.6576
2025-06-06 16:26:26 - INFO - epoch-365, train_loss-1.5752, train_rmse-1.2551, valid_rmse-1.3951, valid_pr-0.6594
2025-06-06 16:26:48 - INFO - epoch-366, train_loss-1.5741, train_rmse-1.2546, valid_rmse-1.3900, valid_pr-0.6628
2025-06-06 16:27:10 - INFO - epoch-367, train_loss-1.5299, train_rmse-1.2369, valid_rmse-1.3876, valid_pr-0.6660
2025-06-06 16:27:33 - INFO - epoch-368, train_loss-1.5692, train_rmse-1.2527, valid_rmse-1.4626, valid_pr-0.6544
2025-06-06 16:27:56 - INFO - epoch-369, train_loss-1.5565, train_rmse-1.2476, valid_rmse-1.4050, valid_pr-0.6647
2025-06-06 16:28:19 - INFO - epoch-370, train_loss-1.5290, train_rmse-1.2365, valid_rmse-1.3793, valid_pr-0.6684
2025-06-06 16:28:43 - INFO - epoch-371, train_loss-1.5570, train_rmse-1.2478, valid_rmse-1.3974, valid_pr-0.6579
2025-06-06 16:29:06 - INFO - epoch-372, train_loss-1.5218, train_rmse-1.2336, valid_rmse-1.4007, valid_pr-0.6609
2025-06-06 16:29:29 - INFO - epoch-373, train_loss-1.5392, train_rmse-1.2406, valid_rmse-1.3840, valid_pr-0.6651
2025-06-06 16:29:51 - INFO - epoch-374, train_loss-1.5611, train_rmse-1.2494, valid_rmse-1.4214, valid_pr-0.6456
2025-06-06 16:30:14 - INFO - epoch-375, train_loss-1.6161, train_rmse-1.2713, valid_rmse-1.4125, valid_pr-0.6586
2025-06-06 16:30:37 - INFO - epoch-376, train_loss-1.6017, train_rmse-1.2656, valid_rmse-1.3917, valid_pr-0.6650
2025-06-06 16:31:00 - INFO - epoch-377, train_loss-1.5539, train_rmse-1.2466, valid_rmse-1.3797, valid_pr-0.6673
2025-06-06 16:31:23 - INFO - epoch-378, train_loss-1.5989, train_rmse-1.2645, valid_rmse-1.3814, valid_pr-0.6671
2025-06-06 16:31:47 - INFO - epoch-379, train_loss-1.5656, train_rmse-1.2512, valid_rmse-1.3825, valid_pr-0.6661
2025-06-06 16:32:08 - INFO - epoch-380, train_loss-1.4951, train_rmse-1.2228, valid_rmse-1.3927, valid_pr-0.6668
2025-06-06 16:32:30 - INFO - epoch-381, train_loss-1.5201, train_rmse-1.2329, valid_rmse-1.4068, valid_pr-0.6602
2025-06-06 16:32:53 - INFO - epoch-382, train_loss-1.4904, train_rmse-1.2208, valid_rmse-1.3917, valid_pr-0.6646
2025-06-06 16:33:16 - INFO - epoch-383, train_loss-1.4870, train_rmse-1.2194, valid_rmse-1.3857, valid_pr-0.6639
2025-06-06 16:33:39 - INFO - epoch-384, train_loss-1.5463, train_rmse-1.2435, valid_rmse-1.3944, valid_pr-0.6649
2025-06-06 16:34:01 - INFO - epoch-385, train_loss-1.5424, train_rmse-1.2419, valid_rmse-1.3978, valid_pr-0.6618
2025-06-06 16:34:23 - INFO - epoch-386, train_loss-1.5496, train_rmse-1.2448, valid_rmse-1.4070, valid_pr-0.6620
2025-06-06 16:34:46 - INFO - epoch-387, train_loss-1.5113, train_rmse-1.2293, valid_rmse-1.3875, valid_pr-0.6635
2025-06-06 16:35:09 - INFO - epoch-388, train_loss-1.5155, train_rmse-1.2311, valid_rmse-1.3974, valid_pr-0.6553
2025-06-06 16:35:32 - INFO - epoch-389, train_loss-1.5202, train_rmse-1.2330, valid_rmse-1.4204, valid_pr-0.6480
2025-06-06 16:35:54 - INFO - epoch-390, train_loss-1.7319, train_rmse-1.3160, valid_rmse-1.4225, valid_pr-0.6495
2025-06-06 16:36:17 - INFO - epoch-391, train_loss-1.5829, train_rmse-1.2581, valid_rmse-1.4055, valid_pr-0.6606
2025-06-06 16:36:39 - INFO - epoch-392, train_loss-1.5545, train_rmse-1.2468, valid_rmse-1.4117, valid_pr-0.6564
2025-06-06 16:37:03 - INFO - epoch-393, train_loss-1.4984, train_rmse-1.2241, valid_rmse-1.3870, valid_pr-0.6642
2025-06-06 16:37:26 - INFO - epoch-394, train_loss-1.4855, train_rmse-1.2188, valid_rmse-1.3796, valid_pr-0.6691
2025-06-06 16:37:49 - INFO - epoch-395, train_loss-1.5283, train_rmse-1.2362, valid_rmse-1.3850, valid_pr-0.6654
2025-06-06 16:38:12 - INFO - epoch-396, train_loss-1.6826, train_rmse-1.2971, valid_rmse-1.4155, valid_pr-0.6470
2025-06-06 16:38:35 - INFO - epoch-397, train_loss-1.5799, train_rmse-1.2569, valid_rmse-1.3981, valid_pr-0.6601
2025-06-06 16:38:58 - INFO - epoch-398, train_loss-1.5713, train_rmse-1.2535, valid_rmse-1.4300, valid_pr-0.6480
2025-06-06 16:39:20 - INFO - epoch-399, train_loss-1.6909, train_rmse-1.3004, valid_rmse-1.3770, valid_pr-0.6683
2025-06-06 16:39:43 - INFO - epoch-400, train_loss-1.5756, train_rmse-1.2552, valid_rmse-1.3787, valid_pr-0.6679
2025-06-06 16:40:05 - INFO - epoch-401, train_loss-1.5324, train_rmse-1.2379, valid_rmse-1.3868, valid_pr-0.6652
2025-06-06 16:40:26 - INFO - epoch-402, train_loss-1.5008, train_rmse-1.2251, valid_rmse-1.3905, valid_pr-0.6634
2025-06-06 16:40:49 - INFO - epoch-403, train_loss-1.5773, train_rmse-1.2559, valid_rmse-1.4158, valid_pr-0.6607
2025-06-06 16:41:12 - INFO - epoch-404, train_loss-1.5321, train_rmse-1.2378, valid_rmse-1.4089, valid_pr-0.6573
2025-06-06 16:41:35 - INFO - epoch-405, train_loss-1.6411, train_rmse-1.2811, valid_rmse-1.4075, valid_pr-0.6548
2025-06-06 16:41:57 - INFO - epoch-406, train_loss-1.6559, train_rmse-1.2868, valid_rmse-1.3953, valid_pr-0.6649
2025-06-06 16:42:18 - INFO - epoch-407, train_loss-1.5722, train_rmse-1.2539, valid_rmse-1.4260, valid_pr-0.6558
2025-06-06 16:42:40 - INFO - epoch-408, train_loss-1.5958, train_rmse-1.2632, valid_rmse-1.3942, valid_pr-0.6677
2025-06-06 16:43:02 - INFO - epoch-409, train_loss-1.5556, train_rmse-1.2472, valid_rmse-1.4044, valid_pr-0.6568
2025-06-06 16:43:24 - INFO - epoch-410, train_loss-1.5064, train_rmse-1.2273, valid_rmse-1.4119, valid_pr-0.6506
2025-06-06 16:43:47 - INFO - epoch-411, train_loss-1.4784, train_rmse-1.2159, valid_rmse-1.3995, valid_pr-0.6727
2025-06-06 16:44:12 - INFO - epoch-412, train_loss-1.4714, train_rmse-1.2130, valid_rmse-1.3836, valid_pr-0.6643
2025-06-06 16:44:38 - INFO - epoch-413, train_loss-1.5168, train_rmse-1.2316, valid_rmse-1.4085, valid_pr-0.6683
2025-06-06 16:45:10 - INFO - epoch-414, train_loss-1.4676, train_rmse-1.2114, valid_rmse-1.3936, valid_pr-0.6726
2025-06-06 16:45:37 - INFO - epoch-415, train_loss-1.4574, train_rmse-1.2072, valid_rmse-1.4090, valid_pr-0.6703
2025-06-06 16:46:04 - INFO - epoch-416, train_loss-1.5934, train_rmse-1.2623, valid_rmse-1.4169, valid_pr-0.6460
2025-06-06 16:46:32 - INFO - epoch-417, train_loss-1.5607, train_rmse-1.2493, valid_rmse-1.3924, valid_pr-0.6654
2025-06-06 16:46:59 - INFO - epoch-418, train_loss-1.4978, train_rmse-1.2238, valid_rmse-1.4066, valid_pr-0.6666
2025-06-06 16:47:25 - INFO - epoch-419, train_loss-1.5122, train_rmse-1.2297, valid_rmse-1.3791, valid_pr-0.6655
2025-06-06 16:47:51 - INFO - epoch-420, train_loss-1.6875, train_rmse-1.2990, valid_rmse-1.3928, valid_pr-0.6637
2025-06-06 16:48:18 - INFO - epoch-421, train_loss-1.5403, train_rmse-1.2411, valid_rmse-1.4114, valid_pr-0.6595
2025-06-06 16:48:46 - INFO - epoch-422, train_loss-1.4879, train_rmse-1.2198, valid_rmse-1.3860, valid_pr-0.6644
2025-06-06 16:49:11 - INFO - epoch-423, train_loss-1.4659, train_rmse-1.2107, valid_rmse-1.3888, valid_pr-0.6686
2025-06-06 16:49:33 - INFO - epoch-424, train_loss-1.4183, train_rmse-1.1909, valid_rmse-1.4203, valid_pr-0.6632
2025-06-06 16:49:55 - INFO - epoch-425, train_loss-1.4280, train_rmse-1.1950, valid_rmse-1.3706, valid_pr-0.6721
2025-06-06 16:50:17 - INFO - epoch-426, train_loss-1.4183, train_rmse-1.1909, valid_rmse-1.4018, valid_pr-0.6678
2025-06-06 16:50:40 - INFO - epoch-427, train_loss-1.4187, train_rmse-1.1911, valid_rmse-1.3916, valid_pr-0.6669
2025-06-06 16:51:03 - INFO - epoch-428, train_loss-1.4649, train_rmse-1.2103, valid_rmse-1.3885, valid_pr-0.6642
2025-06-06 16:51:26 - INFO - epoch-429, train_loss-1.5832, train_rmse-1.2582, valid_rmse-1.3857, valid_pr-0.6684
2025-06-06 16:51:49 - INFO - epoch-430, train_loss-1.4858, train_rmse-1.2189, valid_rmse-1.3882, valid_pr-0.6654
2025-06-06 16:52:12 - INFO - epoch-431, train_loss-1.4379, train_rmse-1.1991, valid_rmse-1.3868, valid_pr-0.6654
2025-06-06 16:52:34 - INFO - epoch-432, train_loss-1.4290, train_rmse-1.1954, valid_rmse-1.4063, valid_pr-0.6703
2025-06-06 16:52:56 - INFO - epoch-433, train_loss-1.4023, train_rmse-1.1842, valid_rmse-1.3886, valid_pr-0.6747
2025-06-06 16:53:19 - INFO - epoch-434, train_loss-1.4122, train_rmse-1.1883, valid_rmse-1.3881, valid_pr-0.6668
2025-06-06 16:53:42 - INFO - epoch-435, train_loss-1.3690, train_rmse-1.1701, valid_rmse-1.3638, valid_pr-0.6802
2025-06-06 16:54:05 - INFO - epoch-436, train_loss-1.3607, train_rmse-1.1665, valid_rmse-1.3686, valid_pr-0.6790
2025-06-06 16:54:29 - INFO - epoch-437, train_loss-1.3809, train_rmse-1.1751, valid_rmse-1.3730, valid_pr-0.6748
2025-06-06 16:54:56 - INFO - epoch-438, train_loss-1.3912, train_rmse-1.1795, valid_rmse-1.4126, valid_pr-0.6622
2025-06-06 16:55:22 - INFO - epoch-439, train_loss-1.5404, train_rmse-1.2411, valid_rmse-1.4037, valid_pr-0.6650
2025-06-06 16:55:54 - INFO - epoch-440, train_loss-1.4433, train_rmse-1.2014, valid_rmse-1.3702, valid_pr-0.6749
2025-06-06 16:56:19 - INFO - epoch-441, train_loss-1.4226, train_rmse-1.1927, valid_rmse-1.3953, valid_pr-0.6729
2025-06-06 16:56:46 - INFO - epoch-442, train_loss-1.4174, train_rmse-1.1905, valid_rmse-1.3634, valid_pr-0.6796
2025-06-06 16:57:12 - INFO - epoch-443, train_loss-1.3979, train_rmse-1.1823, valid_rmse-1.4197, valid_pr-0.6658
2025-06-06 16:57:40 - INFO - epoch-444, train_loss-1.4201, train_rmse-1.1917, valid_rmse-1.4089, valid_pr-0.6569
2025-06-06 16:58:07 - INFO - epoch-445, train_loss-1.4411, train_rmse-1.2005, valid_rmse-1.3947, valid_pr-0.6665
2025-06-06 16:58:33 - INFO - epoch-446, train_loss-1.5486, train_rmse-1.2444, valid_rmse-1.3876, valid_pr-0.6650
2025-06-06 16:59:02 - INFO - epoch-447, train_loss-1.5087, train_rmse-1.2283, valid_rmse-1.3995, valid_pr-0.6580
2025-06-06 16:59:30 - INFO - epoch-448, train_loss-1.4982, train_rmse-1.2240, valid_rmse-1.3781, valid_pr-0.6664
2025-06-06 16:59:53 - INFO - epoch-449, train_loss-1.4131, train_rmse-1.1887, valid_rmse-1.3741, valid_pr-0.6728
2025-06-06 17:00:16 - INFO - epoch-450, train_loss-1.4181, train_rmse-1.1909, valid_rmse-1.3674, valid_pr-0.6758
2025-06-06 17:00:40 - INFO - epoch-451, train_loss-1.3935, train_rmse-1.1805, valid_rmse-1.4067, valid_pr-0.6557
2025-06-06 17:01:04 - INFO - epoch-452, train_loss-1.4143, train_rmse-1.1892, valid_rmse-1.4110, valid_pr-0.6715
2025-06-06 17:01:28 - INFO - epoch-453, train_loss-1.4173, train_rmse-1.1905, valid_rmse-1.3671, valid_pr-0.6782
2025-06-06 17:01:53 - INFO - epoch-454, train_loss-1.3779, train_rmse-1.1739, valid_rmse-1.3680, valid_pr-0.6803
2025-06-06 17:02:16 - INFO - epoch-455, train_loss-1.3382, train_rmse-1.1568, valid_rmse-1.3657, valid_pr-0.6800
2025-06-06 17:02:40 - INFO - epoch-456, train_loss-1.3575, train_rmse-1.1651, valid_rmse-1.3687, valid_pr-0.6801
2025-06-06 17:03:04 - INFO - epoch-457, train_loss-1.3842, train_rmse-1.1765, valid_rmse-1.3807, valid_pr-0.6753
2025-06-06 17:03:28 - INFO - epoch-458, train_loss-1.3805, train_rmse-1.1749, valid_rmse-1.3789, valid_pr-0.6757
2025-06-06 17:03:52 - INFO - epoch-459, train_loss-1.3533, train_rmse-1.1633, valid_rmse-1.3652, valid_pr-0.6856
2025-06-06 17:04:16 - INFO - epoch-460, train_loss-1.3439, train_rmse-1.1592, valid_rmse-1.3712, valid_pr-0.6792
2025-06-06 17:04:41 - INFO - epoch-461, train_loss-1.3013, train_rmse-1.1408, valid_rmse-1.3736, valid_pr-0.6757
2025-06-06 17:05:06 - INFO - epoch-462, train_loss-1.2970, train_rmse-1.1389, valid_rmse-1.3842, valid_pr-0.6699
2025-06-06 17:05:30 - INFO - epoch-463, train_loss-1.3239, train_rmse-1.1506, valid_rmse-1.3822, valid_pr-0.6763
2025-06-06 17:05:54 - INFO - epoch-464, train_loss-1.3295, train_rmse-1.1530, valid_rmse-1.3968, valid_pr-0.6699
2025-06-06 17:06:18 - INFO - epoch-465, train_loss-1.3132, train_rmse-1.1459, valid_rmse-1.3749, valid_pr-0.6793
2025-06-06 17:06:42 - INFO - epoch-466, train_loss-1.3412, train_rmse-1.1581, valid_rmse-1.3573, valid_pr-0.6855
2025-06-06 17:07:05 - INFO - epoch-467, train_loss-1.3244, train_rmse-1.1508, valid_rmse-1.3939, valid_pr-0.6681
2025-06-06 17:07:30 - INFO - epoch-468, train_loss-1.3724, train_rmse-1.1715, valid_rmse-1.3881, valid_pr-0.6655
2025-06-06 17:07:54 - INFO - epoch-469, train_loss-1.3733, train_rmse-1.1719, valid_rmse-1.4038, valid_pr-0.6682
2025-06-06 17:08:18 - INFO - epoch-470, train_loss-1.3189, train_rmse-1.1484, valid_rmse-1.3923, valid_pr-0.6723
2025-06-06 17:08:42 - INFO - epoch-471, train_loss-1.3136, train_rmse-1.1461, valid_rmse-1.3794, valid_pr-0.6744
2025-06-06 17:09:07 - INFO - epoch-472, train_loss-1.3151, train_rmse-1.1468, valid_rmse-1.3818, valid_pr-0.6683
2025-06-06 17:09:31 - INFO - epoch-473, train_loss-1.3146, train_rmse-1.1465, valid_rmse-1.3812, valid_pr-0.6714
2025-06-06 17:09:57 - INFO - epoch-474, train_loss-1.3345, train_rmse-1.1552, valid_rmse-1.3927, valid_pr-0.6634
2025-06-06 17:10:23 - INFO - epoch-475, train_loss-1.5805, train_rmse-1.2572, valid_rmse-1.4087, valid_pr-0.6540
2025-06-06 17:10:51 - INFO - epoch-476, train_loss-1.3469, train_rmse-1.1606, valid_rmse-1.3760, valid_pr-0.6718
2025-06-06 17:11:31 - INFO - epoch-477, train_loss-1.2868, train_rmse-1.1344, valid_rmse-1.3988, valid_pr-0.6609
2025-06-06 17:12:06 - INFO - epoch-478, train_loss-1.2801, train_rmse-1.1314, valid_rmse-1.3733, valid_pr-0.6803
2025-06-06 17:12:40 - INFO - epoch-479, train_loss-1.3480, train_rmse-1.1610, valid_rmse-1.4138, valid_pr-0.6500
2025-06-06 17:13:15 - INFO - epoch-480, train_loss-1.4416, train_rmse-1.2007, valid_rmse-1.3779, valid_pr-0.6721
2025-06-06 17:13:49 - INFO - epoch-481, train_loss-1.3299, train_rmse-1.1532, valid_rmse-1.3838, valid_pr-0.6669
2025-06-06 17:14:22 - INFO - epoch-482, train_loss-1.3193, train_rmse-1.1486, valid_rmse-1.3629, valid_pr-0.6794
2025-06-06 17:14:51 - INFO - epoch-483, train_loss-1.7518, train_rmse-1.3235, valid_rmse-1.4116, valid_pr-0.6506
2025-06-06 17:15:20 - INFO - epoch-484, train_loss-1.4924, train_rmse-1.2216, valid_rmse-1.3620, valid_pr-0.6840
2025-06-06 17:15:51 - INFO - epoch-485, train_loss-1.4263, train_rmse-1.1943, valid_rmse-1.3688, valid_pr-0.6802
2025-06-06 17:16:15 - INFO - epoch-486, train_loss-1.3885, train_rmse-1.1783, valid_rmse-1.3707, valid_pr-0.6737
2025-06-06 17:16:39 - INFO - epoch-487, train_loss-1.3750, train_rmse-1.1726, valid_rmse-1.3530, valid_pr-0.6928
2025-06-06 17:17:03 - INFO - epoch-488, train_loss-1.3488, train_rmse-1.1614, valid_rmse-1.3544, valid_pr-0.6850
2025-06-06 17:17:27 - INFO - epoch-489, train_loss-1.3026, train_rmse-1.1413, valid_rmse-1.3419, valid_pr-0.6924
2025-06-06 17:17:51 - INFO - epoch-490, train_loss-1.2771, train_rmse-1.1301, valid_rmse-1.3819, valid_pr-0.6702
2025-06-06 17:18:15 - INFO - epoch-491, train_loss-1.2995, train_rmse-1.1399, valid_rmse-1.3828, valid_pr-0.6811
2025-06-06 17:18:40 - INFO - epoch-492, train_loss-1.3216, train_rmse-1.1496, valid_rmse-1.3625, valid_pr-0.6823
2025-06-06 17:19:04 - INFO - epoch-493, train_loss-1.3356, train_rmse-1.1557, valid_rmse-1.3486, valid_pr-0.6890
2025-06-06 17:19:29 - INFO - epoch-494, train_loss-1.2987, train_rmse-1.1396, valid_rmse-1.3461, valid_pr-0.6896
2025-06-06 17:19:54 - INFO - epoch-495, train_loss-1.2577, train_rmse-1.1215, valid_rmse-1.3644, valid_pr-0.6866
2025-06-06 17:20:19 - INFO - epoch-496, train_loss-1.2609, train_rmse-1.1229, valid_rmse-1.3575, valid_pr-0.6871
2025-06-06 17:20:43 - INFO - epoch-497, train_loss-1.2496, train_rmse-1.1179, valid_rmse-1.3828, valid_pr-0.6710
2025-06-06 17:21:06 - INFO - epoch-498, train_loss-1.2499, train_rmse-1.1180, valid_rmse-1.3819, valid_pr-0.6790
2025-06-06 17:21:29 - INFO - epoch-499, train_loss-1.2666, train_rmse-1.1254, valid_rmse-1.3551, valid_pr-0.6857
2025-06-06 17:21:54 - INFO - epoch-500, train_loss-1.2137, train_rmse-1.1017, valid_rmse-1.3733, valid_pr-0.6798
2025-06-06 17:22:18 - INFO - epoch-501, train_loss-1.3683, train_rmse-1.1698, valid_rmse-1.3945, valid_pr-0.6634
2025-06-06 17:22:42 - INFO - epoch-502, train_loss-1.3307, train_rmse-1.1535, valid_rmse-1.3871, valid_pr-0.6678
2025-06-06 17:23:06 - INFO - epoch-503, train_loss-1.2791, train_rmse-1.1310, valid_rmse-1.4089, valid_pr-0.6615
2025-06-06 17:23:30 - INFO - epoch-504, train_loss-1.3252, train_rmse-1.1512, valid_rmse-1.3778, valid_pr-0.6782
2025-06-06 17:23:54 - INFO - epoch-505, train_loss-1.2470, train_rmse-1.1167, valid_rmse-1.3872, valid_pr-0.6701
2025-06-06 17:24:18 - INFO - epoch-506, train_loss-1.3557, train_rmse-1.1643, valid_rmse-1.4021, valid_pr-0.6659
2025-06-06 17:24:42 - INFO - epoch-507, train_loss-1.3099, train_rmse-1.1445, valid_rmse-1.3761, valid_pr-0.6778
2025-06-06 17:25:05 - INFO - epoch-508, train_loss-1.2379, train_rmse-1.1126, valid_rmse-1.3939, valid_pr-0.6762
2025-06-06 17:25:29 - INFO - epoch-509, train_loss-1.2076, train_rmse-1.0989, valid_rmse-1.3919, valid_pr-0.6649
2025-06-06 17:25:53 - INFO - epoch-510, train_loss-1.2512, train_rmse-1.1186, valid_rmse-1.4157, valid_pr-0.6589
2025-06-06 17:26:16 - INFO - epoch-511, train_loss-1.2728, train_rmse-1.1282, valid_rmse-1.3939, valid_pr-0.6716
2025-06-06 17:26:40 - INFO - epoch-512, train_loss-1.2219, train_rmse-1.1054, valid_rmse-1.3738, valid_pr-0.6772
2025-06-06 17:27:05 - INFO - epoch-513, train_loss-1.1838, train_rmse-1.0880, valid_rmse-1.3897, valid_pr-0.6758
2025-06-06 17:27:28 - INFO - epoch-514, train_loss-1.1895, train_rmse-1.0906, valid_rmse-1.3870, valid_pr-0.6697
2025-06-06 17:27:52 - INFO - epoch-515, train_loss-1.2186, train_rmse-1.1039, valid_rmse-1.3852, valid_pr-0.6714
2025-06-06 17:28:17 - INFO - epoch-516, train_loss-1.2143, train_rmse-1.1020, valid_rmse-1.3881, valid_pr-0.6787
2025-06-06 17:28:41 - INFO - epoch-517, train_loss-1.2042, train_rmse-1.0974, valid_rmse-1.3740, valid_pr-0.6796
2025-06-06 17:29:05 - INFO - epoch-518, train_loss-1.2346, train_rmse-1.1111, valid_rmse-1.3922, valid_pr-0.6734
2025-06-06 17:29:29 - INFO - epoch-519, train_loss-1.1989, train_rmse-1.0950, valid_rmse-1.3861, valid_pr-0.6787
2025-06-06 17:29:53 - INFO - epoch-520, train_loss-1.1972, train_rmse-1.0942, valid_rmse-1.3919, valid_pr-0.6747
2025-06-06 17:30:17 - INFO - epoch-521, train_loss-1.1804, train_rmse-1.0865, valid_rmse-1.3716, valid_pr-0.6802
2025-06-06 17:30:41 - INFO - epoch-522, train_loss-1.1574, train_rmse-1.0758, valid_rmse-1.3709, valid_pr-0.6824
2025-06-06 17:31:05 - INFO - epoch-523, train_loss-1.1923, train_rmse-1.0919, valid_rmse-1.3667, valid_pr-0.6825
2025-06-06 17:31:28 - INFO - epoch-524, train_loss-1.1794, train_rmse-1.0860, valid_rmse-1.4099, valid_pr-0.6551
2025-06-06 17:31:52 - INFO - epoch-525, train_loss-1.1861, train_rmse-1.0891, valid_rmse-1.3748, valid_pr-0.6743
2025-06-06 17:32:18 - INFO - epoch-526, train_loss-1.1938, train_rmse-1.0926, valid_rmse-1.3837, valid_pr-0.6791
2025-06-06 17:32:43 - INFO - epoch-527, train_loss-1.2017, train_rmse-1.0962, valid_rmse-1.3832, valid_pr-0.6783
2025-06-06 17:33:09 - INFO - epoch-528, train_loss-1.2021, train_rmse-1.0964, valid_rmse-1.4093, valid_pr-0.6703
2025-06-06 17:33:57 - INFO - epoch-529, train_loss-1.2148, train_rmse-1.1022, valid_rmse-1.4035, valid_pr-0.6712
2025-06-06 17:34:34 - INFO - epoch-530, train_loss-1.2016, train_rmse-1.0962, valid_rmse-1.3895, valid_pr-0.6691
2025-06-06 17:35:14 - INFO - epoch-531, train_loss-1.1708, train_rmse-1.0820, valid_rmse-1.3891, valid_pr-0.6756
2025-06-06 17:35:52 - INFO - epoch-532, train_loss-1.1797, train_rmse-1.0861, valid_rmse-1.3865, valid_pr-0.6758
2025-06-06 17:36:30 - INFO - epoch-533, train_loss-1.3044, train_rmse-1.1421, valid_rmse-1.3952, valid_pr-0.6694
2025-06-06 17:37:09 - INFO - epoch-534, train_loss-1.2532, train_rmse-1.1195, valid_rmse-1.3877, valid_pr-0.6734
2025-06-06 17:37:47 - INFO - epoch-535, train_loss-1.2118, train_rmse-1.1008, valid_rmse-1.3852, valid_pr-0.6772
2025-06-06 17:38:25 - INFO - epoch-536, train_loss-1.1572, train_rmse-1.0757, valid_rmse-1.4014, valid_pr-0.6713
2025-06-06 17:39:02 - INFO - epoch-537, train_loss-1.1249, train_rmse-1.0606, valid_rmse-1.3762, valid_pr-0.6750
2025-06-06 17:39:39 - INFO - epoch-538, train_loss-1.1518, train_rmse-1.0732, valid_rmse-1.4129, valid_pr-0.6742
2025-06-06 17:40:09 - INFO - epoch-539, train_loss-1.2209, train_rmse-1.1049, valid_rmse-1.3942, valid_pr-0.6735
2025-06-06 17:40:33 - INFO - epoch-540, train_loss-1.2250, train_rmse-1.1068, valid_rmse-1.3766, valid_pr-0.6788
2025-06-06 17:40:58 - INFO - epoch-541, train_loss-1.1979, train_rmse-1.0945, valid_rmse-1.3806, valid_pr-0.6790
2025-06-06 17:41:22 - INFO - epoch-542, train_loss-1.1412, train_rmse-1.0683, valid_rmse-1.3772, valid_pr-0.6751
2025-06-06 17:41:46 - INFO - epoch-543, train_loss-1.1834, train_rmse-1.0878, valid_rmse-1.3718, valid_pr-0.6811
2025-06-06 17:42:11 - INFO - epoch-544, train_loss-1.1167, train_rmse-1.0568, valid_rmse-1.4113, valid_pr-0.6612
2025-06-06 17:42:36 - INFO - epoch-545, train_loss-1.2412, train_rmse-1.1141, valid_rmse-1.4068, valid_pr-0.6745
2025-06-06 17:43:01 - INFO - epoch-546, train_loss-1.1633, train_rmse-1.0786, valid_rmse-1.4025, valid_pr-0.6623
2025-06-06 17:43:26 - INFO - epoch-547, train_loss-1.1394, train_rmse-1.0674, valid_rmse-1.4025, valid_pr-0.6744
2025-06-06 17:43:51 - INFO - epoch-548, train_loss-1.1414, train_rmse-1.0684, valid_rmse-1.3831, valid_pr-0.6863
2025-06-06 17:44:16 - INFO - epoch-549, train_loss-1.1138, train_rmse-1.0554, valid_rmse-1.4058, valid_pr-0.6610
2025-06-06 17:44:42 - INFO - epoch-550, train_loss-1.1379, train_rmse-1.0667, valid_rmse-1.4069, valid_pr-0.6801
2025-06-06 17:45:07 - INFO - epoch-551, train_loss-1.0915, train_rmse-1.0448, valid_rmse-1.3877, valid_pr-0.6805
2025-06-06 17:45:31 - INFO - epoch-552, train_loss-1.1029, train_rmse-1.0502, valid_rmse-1.4150, valid_pr-0.6827
2025-06-06 17:45:56 - INFO - epoch-553, train_loss-1.1018, train_rmse-1.0497, valid_rmse-1.3724, valid_pr-0.6782
2025-06-06 17:46:22 - INFO - epoch-554, train_loss-1.0883, train_rmse-1.0432, valid_rmse-1.4044, valid_pr-0.6625
2025-06-06 17:46:45 - INFO - epoch-555, train_loss-1.0978, train_rmse-1.0478, valid_rmse-1.3726, valid_pr-0.6776
2025-06-06 17:47:10 - INFO - epoch-556, train_loss-1.0751, train_rmse-1.0368, valid_rmse-1.4030, valid_pr-0.6606
2025-06-06 17:47:33 - INFO - epoch-557, train_loss-1.2089, train_rmse-1.0995, valid_rmse-1.4361, valid_pr-0.6558
2025-06-06 17:47:57 - INFO - epoch-558, train_loss-1.2394, train_rmse-1.1133, valid_rmse-1.3800, valid_pr-0.6805
2025-06-06 17:48:20 - INFO - epoch-559, train_loss-1.1325, train_rmse-1.0642, valid_rmse-1.3874, valid_pr-0.6664
2025-06-06 17:48:44 - INFO - epoch-560, train_loss-1.1166, train_rmse-1.0567, valid_rmse-1.3782, valid_pr-0.6754
2025-06-06 17:49:08 - INFO - epoch-561, train_loss-1.0696, train_rmse-1.0342, valid_rmse-1.3686, valid_pr-0.6803
2025-06-06 17:49:30 - INFO - epoch-562, train_loss-1.1332, train_rmse-1.0645, valid_rmse-1.3623, valid_pr-0.6859
2025-06-06 17:49:52 - INFO - epoch-563, train_loss-1.1378, train_rmse-1.0667, valid_rmse-1.3745, valid_pr-0.6734
2025-06-06 17:50:17 - INFO - epoch-564, train_loss-1.1058, train_rmse-1.0516, valid_rmse-1.3786, valid_pr-0.6760
2025-06-06 17:50:41 - INFO - epoch-565, train_loss-1.0805, train_rmse-1.0395, valid_rmse-1.3892, valid_pr-0.6742
2025-06-06 17:51:05 - INFO - epoch-566, train_loss-1.0778, train_rmse-1.0382, valid_rmse-1.3926, valid_pr-0.6731
2025-06-06 17:51:32 - INFO - epoch-567, train_loss-1.1717, train_rmse-1.0824, valid_rmse-1.3712, valid_pr-0.6809
2025-06-06 17:51:56 - INFO - epoch-568, train_loss-1.1537, train_rmse-1.0741, valid_rmse-1.3706, valid_pr-0.6804
2025-06-06 17:52:20 - INFO - epoch-569, train_loss-1.1259, train_rmse-1.0611, valid_rmse-1.3884, valid_pr-0.6758
2025-06-06 17:53:08 - INFO - epoch-570, train_loss-1.4228, train_rmse-1.1928, valid_rmse-1.3887, valid_pr-0.6644
2025-06-06 17:53:45 - INFO - epoch-571, train_loss-1.3073, train_rmse-1.1434, valid_rmse-1.3830, valid_pr-0.6701
2025-06-06 17:54:25 - INFO - epoch-572, train_loss-1.2240, train_rmse-1.1063, valid_rmse-1.3783, valid_pr-0.6779
2025-06-06 17:55:01 - INFO - epoch-573, train_loss-1.1242, train_rmse-1.0603, valid_rmse-1.4063, valid_pr-0.6670
2025-06-06 17:55:39 - INFO - epoch-574, train_loss-1.1208, train_rmse-1.0587, valid_rmse-1.4096, valid_pr-0.6711
2025-06-06 17:56:17 - INFO - epoch-575, train_loss-1.1025, train_rmse-1.0500, valid_rmse-1.3688, valid_pr-0.6786
2025-06-06 17:56:53 - INFO - epoch-576, train_loss-1.0918, train_rmse-1.0449, valid_rmse-1.3818, valid_pr-0.6784
2025-06-06 17:57:29 - INFO - epoch-577, train_loss-1.0737, train_rmse-1.0362, valid_rmse-1.3810, valid_pr-0.6734
2025-06-06 17:58:05 - INFO - epoch-578, train_loss-1.1468, train_rmse-1.0709, valid_rmse-1.3720, valid_pr-0.6755
2025-06-06 17:58:44 - INFO - epoch-579, train_loss-1.0823, train_rmse-1.0403, valid_rmse-1.4108, valid_pr-0.6613
2025-06-06 17:59:23 - INFO - epoch-580, train_loss-1.0842, train_rmse-1.0413, valid_rmse-1.3848, valid_pr-0.6763
2025-06-06 17:59:59 - INFO - epoch-581, train_loss-1.0410, train_rmse-1.0203, valid_rmse-1.4003, valid_pr-0.6743
2025-06-06 18:00:31 - INFO - epoch-582, train_loss-1.0928, train_rmse-1.0454, valid_rmse-1.3950, valid_pr-0.6723
2025-06-06 18:01:04 - INFO - epoch-583, train_loss-1.0496, train_rmse-1.0245, valid_rmse-1.3810, valid_pr-0.6737
2025-06-06 18:01:36 - INFO - epoch-584, train_loss-1.0411, train_rmse-1.0203, valid_rmse-1.4070, valid_pr-0.6663
2025-06-06 18:02:00 - INFO - epoch-585, train_loss-1.0279, train_rmse-1.0139, valid_rmse-1.3748, valid_pr-0.6850
2025-06-06 18:02:23 - INFO - epoch-586, train_loss-1.0659, train_rmse-1.0324, valid_rmse-1.3957, valid_pr-0.6639
2025-06-06 18:02:44 - INFO - epoch-587, train_loss-1.0195, train_rmse-1.0097, valid_rmse-1.3866, valid_pr-0.6715
2025-06-06 18:03:07 - INFO - epoch-588, train_loss-1.0161, train_rmse-1.0080, valid_rmse-1.3769, valid_pr-0.6821
2025-06-06 18:03:29 - INFO - epoch-589, train_loss-1.0241, train_rmse-1.0120, valid_rmse-1.3962, valid_pr-0.6750
2025-06-06 18:03:52 - INFO - epoch-590, train_loss-1.0280, train_rmse-1.0139, valid_rmse-1.3822, valid_pr-0.6745
2025-06-06 18:03:52 - INFO - early stop in epoch 590
2025-06-06 18:03:52 - INFO - best_rmse: 1.3419
2025-06-06 18:04:04 - INFO - valid_rmse-1.3371, valid_pr-0.6947, test2013_rmse-1.4958, test2013_pr-0.7720, test2016_rmse-1.3537, test2016_pr-0.7886, test2019_rmse-1.4479, test2019_pr-0.6170,
