2025-06-11 11:17:44 - INFO - train_GCN_demo.py
2025-06-11 11:17:44 - INFO - train data: 11904
2025-06-11 11:17:44 - INFO - valid data: 1000
2025-06-11 11:17:44 - INFO - test2013 data: 107
2025-06-11 11:17:44 - INFO - test2016 data: 285
2025-06-11 11:17:44 - INFO - test2019 data: 4366
2025-06-11 11:17:48 - INFO - epoch-0, train_loss-39.8972, train_rmse-6.3164, valid_rmse-5.1297, valid_pr-0.4468
2025-06-11 11:17:52 - INFO - epoch-1, train_loss-24.9992, train_rmse-4.9999, valid_rmse-4.7372, valid_pr-0.1936
2025-06-11 11:17:56 - INFO - epoch-2, train_loss-8.0162, train_rmse-2.8313, valid_rmse-2.0615, valid_pr-0.3767
2025-06-11 11:18:00 - INFO - epoch-3, train_loss-3.7535, train_rmse-1.9374, valid_rmse-1.9630, valid_pr-0.5161
2025-06-11 11:18:04 - INFO - epoch-4, train_loss-3.6025, train_rmse-1.8980, valid_rmse-3.6162, valid_pr-0.3745
2025-06-11 11:18:07 - INFO - epoch-5, train_loss-3.6958, train_rmse-1.9225, valid_rmse-2.5997, valid_pr-0.4245
2025-06-11 11:18:11 - INFO - epoch-6, train_loss-3.4282, train_rmse-1.8515, valid_rmse-1.7545, valid_pr-0.5356
2025-06-11 11:18:15 - INFO - epoch-7, train_loss-3.2304, train_rmse-1.7973, valid_rmse-2.1167, valid_pr-0.4773
2025-06-11 11:18:19 - INFO - epoch-8, train_loss-3.1663, train_rmse-1.7794, valid_rmse-1.7209, valid_pr-0.5446
2025-06-11 11:18:23 - INFO - epoch-9, train_loss-3.1002, train_rmse-1.7607, valid_rmse-1.5472, valid_pr-0.5469
2025-06-11 11:18:27 - INFO - epoch-10, train_loss-2.9950, train_rmse-1.7306, valid_rmse-1.5603, valid_pr-0.5435
2025-06-11 11:18:32 - INFO - epoch-11, train_loss-2.9350, train_rmse-1.7132, valid_rmse-1.6527, valid_pr-0.5327
2025-06-11 11:18:35 - INFO - epoch-12, train_loss-2.9268, train_rmse-1.7108, valid_rmse-1.5078, valid_pr-0.5781
2025-06-11 11:18:39 - INFO - epoch-13, train_loss-2.8081, train_rmse-1.6757, valid_rmse-1.5143, valid_pr-0.5731
2025-06-11 11:18:42 - INFO - epoch-14, train_loss-2.8387, train_rmse-1.6848, valid_rmse-1.5299, valid_pr-0.5711
2025-06-11 11:18:46 - INFO - epoch-15, train_loss-2.7869, train_rmse-1.6694, valid_rmse-1.7021, valid_pr-0.5074
2025-06-11 11:18:49 - INFO - epoch-16, train_loss-2.7438, train_rmse-1.6564, valid_rmse-1.5776, valid_pr-0.5912
2025-06-11 11:18:53 - INFO - epoch-17, train_loss-2.7134, train_rmse-1.6472, valid_rmse-1.5925, valid_pr-0.5758
2025-06-11 11:18:56 - INFO - epoch-18, train_loss-2.6683, train_rmse-1.6335, valid_rmse-1.6839, valid_pr-0.5207
2025-06-11 11:19:00 - INFO - epoch-19, train_loss-2.6822, train_rmse-1.6377, valid_rmse-1.5005, valid_pr-0.5923
2025-06-11 11:19:03 - INFO - epoch-20, train_loss-2.5868, train_rmse-1.6084, valid_rmse-1.4938, valid_pr-0.5930
2025-06-11 11:19:07 - INFO - epoch-21, train_loss-2.5853, train_rmse-1.6079, valid_rmse-1.7240, valid_pr-0.5566
2025-06-11 11:19:10 - INFO - epoch-22, train_loss-2.5714, train_rmse-1.6036, valid_rmse-1.4929, valid_pr-0.6043
2025-06-11 11:19:14 - INFO - epoch-23, train_loss-2.5118, train_rmse-1.5849, valid_rmse-1.5205, valid_pr-0.5769
2025-06-11 11:19:18 - INFO - epoch-24, train_loss-2.5564, train_rmse-1.5989, valid_rmse-2.0268, valid_pr-0.5459
2025-06-11 11:19:21 - INFO - epoch-25, train_loss-2.4643, train_rmse-1.5698, valid_rmse-1.5699, valid_pr-0.5922
2025-06-11 11:19:25 - INFO - epoch-26, train_loss-2.5423, train_rmse-1.5945, valid_rmse-1.5384, valid_pr-0.5992
2025-06-11 11:19:29 - INFO - epoch-27, train_loss-2.4861, train_rmse-1.5767, valid_rmse-1.5384, valid_pr-0.5677
2025-06-11 11:19:32 - INFO - epoch-28, train_loss-2.4704, train_rmse-1.5717, valid_rmse-1.4782, valid_pr-0.6212
2025-06-11 11:19:35 - INFO - epoch-29, train_loss-2.4168, train_rmse-1.5546, valid_rmse-1.5796, valid_pr-0.5624
2025-06-11 11:19:39 - INFO - epoch-30, train_loss-2.3694, train_rmse-1.5393, valid_rmse-1.4529, valid_pr-0.6207
2025-06-11 11:19:43 - INFO - epoch-31, train_loss-2.3690, train_rmse-1.5391, valid_rmse-1.8908, valid_pr-0.5483
2025-06-11 11:19:46 - INFO - epoch-32, train_loss-2.4112, train_rmse-1.5528, valid_rmse-1.5115, valid_pr-0.6049
2025-06-11 11:19:50 - INFO - epoch-33, train_loss-2.3486, train_rmse-1.5325, valid_rmse-1.4533, valid_pr-0.6324
2025-06-11 11:19:53 - INFO - epoch-34, train_loss-2.2839, train_rmse-1.5113, valid_rmse-1.5861, valid_pr-0.5983
2025-06-11 11:19:57 - INFO - epoch-35, train_loss-2.3200, train_rmse-1.5231, valid_rmse-1.5100, valid_pr-0.5770
2025-06-11 11:20:01 - INFO - epoch-36, train_loss-2.3024, train_rmse-1.5174, valid_rmse-1.5087, valid_pr-0.6328
2025-06-11 11:20:04 - INFO - epoch-37, train_loss-2.3357, train_rmse-1.5283, valid_rmse-1.4849, valid_pr-0.6179
2025-06-11 11:20:08 - INFO - epoch-38, train_loss-2.2713, train_rmse-1.5071, valid_rmse-1.5475, valid_pr-0.6084
2025-06-11 11:20:11 - INFO - epoch-39, train_loss-2.2483, train_rmse-1.4994, valid_rmse-1.7517, valid_pr-0.6067
2025-06-11 11:20:15 - INFO - epoch-40, train_loss-2.2297, train_rmse-1.4932, valid_rmse-1.5306, valid_pr-0.5916
2025-06-11 11:20:18 - INFO - epoch-41, train_loss-2.2575, train_rmse-1.5025, valid_rmse-1.4439, valid_pr-0.6457
2025-06-11 11:20:22 - INFO - epoch-42, train_loss-2.2078, train_rmse-1.4859, valid_rmse-1.5005, valid_pr-0.6081
2025-06-11 11:20:25 - INFO - epoch-43, train_loss-2.1969, train_rmse-1.4822, valid_rmse-1.4638, valid_pr-0.6179
2025-06-11 11:20:29 - INFO - epoch-44, train_loss-2.1762, train_rmse-1.4752, valid_rmse-1.5047, valid_pr-0.5912
2025-06-11 11:20:33 - INFO - epoch-45, train_loss-2.1627, train_rmse-1.4706, valid_rmse-1.5281, valid_pr-0.6222
2025-06-11 11:20:36 - INFO - epoch-46, train_loss-2.1621, train_rmse-1.4704, valid_rmse-1.4797, valid_pr-0.6439
2025-06-11 11:20:40 - INFO - epoch-47, train_loss-2.1422, train_rmse-1.4636, valid_rmse-1.4498, valid_pr-0.6423
2025-06-11 11:20:43 - INFO - epoch-48, train_loss-2.1148, train_rmse-1.4542, valid_rmse-1.5419, valid_pr-0.5685
2025-06-11 11:20:46 - INFO - epoch-49, train_loss-2.0799, train_rmse-1.4422, valid_rmse-1.6330, valid_pr-0.6328
2025-06-11 11:20:50 - INFO - epoch-50, train_loss-2.0735, train_rmse-1.4400, valid_rmse-1.9065, valid_pr-0.5407
2025-06-11 11:20:53 - INFO - epoch-51, train_loss-2.0559, train_rmse-1.4338, valid_rmse-1.5780, valid_pr-0.5862
2025-06-11 11:20:57 - INFO - epoch-52, train_loss-2.0458, train_rmse-1.4303, valid_rmse-1.4379, valid_pr-0.6438
2025-06-11 11:21:00 - INFO - epoch-53, train_loss-2.0724, train_rmse-1.4396, valid_rmse-1.4689, valid_pr-0.6433
2025-06-11 11:21:04 - INFO - epoch-54, train_loss-2.0284, train_rmse-1.4242, valid_rmse-1.4527, valid_pr-0.6501
2025-06-11 11:21:08 - INFO - epoch-55, train_loss-2.0132, train_rmse-1.4189, valid_rmse-1.4077, valid_pr-0.6697
2025-06-11 11:21:11 - INFO - epoch-56, train_loss-2.0117, train_rmse-1.4184, valid_rmse-1.5628, valid_pr-0.6057
2025-06-11 11:21:15 - INFO - epoch-57, train_loss-1.9813, train_rmse-1.4076, valid_rmse-1.4947, valid_pr-0.6250
2025-06-11 11:21:18 - INFO - epoch-58, train_loss-1.9862, train_rmse-1.4093, valid_rmse-1.7367, valid_pr-0.5906
2025-06-11 11:21:22 - INFO - epoch-59, train_loss-1.9709, train_rmse-1.4039, valid_rmse-1.7784, valid_pr-0.5721
2025-06-11 11:21:25 - INFO - epoch-60, train_loss-1.9433, train_rmse-1.3940, valid_rmse-1.5033, valid_pr-0.6491
2025-06-11 11:21:29 - INFO - epoch-61, train_loss-1.9426, train_rmse-1.3938, valid_rmse-1.4610, valid_pr-0.6164
2025-06-11 11:21:32 - INFO - epoch-62, train_loss-1.9388, train_rmse-1.3924, valid_rmse-1.5291, valid_pr-0.6373
2025-06-11 11:21:36 - INFO - epoch-63, train_loss-1.9265, train_rmse-1.3880, valid_rmse-1.5101, valid_pr-0.6055
2025-06-11 11:21:39 - INFO - epoch-64, train_loss-1.9071, train_rmse-1.3810, valid_rmse-1.4691, valid_pr-0.6143
2025-06-11 11:21:43 - INFO - epoch-65, train_loss-1.9212, train_rmse-1.3861, valid_rmse-1.4814, valid_pr-0.5986
2025-06-11 11:21:46 - INFO - epoch-66, train_loss-1.8647, train_rmse-1.3655, valid_rmse-1.3779, valid_pr-0.6739
2025-06-11 11:21:50 - INFO - epoch-67, train_loss-1.8423, train_rmse-1.3573, valid_rmse-1.5147, valid_pr-0.6579
2025-06-11 11:21:54 - INFO - epoch-68, train_loss-1.8561, train_rmse-1.3624, valid_rmse-1.8739, valid_pr-0.5320
2025-06-11 11:21:57 - INFO - epoch-69, train_loss-1.8342, train_rmse-1.3543, valid_rmse-1.4959, valid_pr-0.6440
2025-06-11 11:22:01 - INFO - epoch-70, train_loss-1.8163, train_rmse-1.3477, valid_rmse-1.4138, valid_pr-0.6626
2025-06-11 11:22:05 - INFO - epoch-71, train_loss-1.8218, train_rmse-1.3497, valid_rmse-1.6197, valid_pr-0.6147
2025-06-11 11:22:08 - INFO - epoch-72, train_loss-1.8418, train_rmse-1.3571, valid_rmse-1.5002, valid_pr-0.6117
2025-06-11 11:22:11 - INFO - epoch-73, train_loss-1.8001, train_rmse-1.3417, valid_rmse-1.3862, valid_pr-0.6693
2025-06-11 11:22:15 - INFO - epoch-74, train_loss-1.7943, train_rmse-1.3395, valid_rmse-1.4441, valid_pr-0.6556
2025-06-11 11:22:19 - INFO - epoch-75, train_loss-1.7950, train_rmse-1.3398, valid_rmse-1.8296, valid_pr-0.5631
2025-06-11 11:22:22 - INFO - epoch-76, train_loss-1.8042, train_rmse-1.3432, valid_rmse-2.0517, valid_pr-0.6083
2025-06-11 11:22:26 - INFO - epoch-77, train_loss-1.7957, train_rmse-1.3400, valid_rmse-1.5047, valid_pr-0.6390
2025-06-11 11:22:29 - INFO - epoch-78, train_loss-1.7642, train_rmse-1.3282, valid_rmse-1.4014, valid_pr-0.6847
2025-06-11 11:22:33 - INFO - epoch-79, train_loss-1.7450, train_rmse-1.3210, valid_rmse-1.4667, valid_pr-0.6681
2025-06-11 11:22:36 - INFO - epoch-80, train_loss-1.7276, train_rmse-1.3144, valid_rmse-1.5796, valid_pr-0.6467
2025-06-11 11:22:40 - INFO - epoch-81, train_loss-1.6894, train_rmse-1.2998, valid_rmse-1.6323, valid_pr-0.5973
2025-06-11 11:22:44 - INFO - epoch-82, train_loss-1.7075, train_rmse-1.3067, valid_rmse-1.4465, valid_pr-0.6717
2025-06-11 11:22:47 - INFO - epoch-83, train_loss-1.7090, train_rmse-1.3073, valid_rmse-1.4386, valid_pr-0.6686
2025-06-11 11:22:51 - INFO - epoch-84, train_loss-1.6931, train_rmse-1.3012, valid_rmse-1.5558, valid_pr-0.5966
2025-06-11 11:22:54 - INFO - epoch-85, train_loss-1.6507, train_rmse-1.2848, valid_rmse-1.4356, valid_pr-0.6762
2025-06-11 11:22:58 - INFO - epoch-86, train_loss-1.6340, train_rmse-1.2783, valid_rmse-1.8258, valid_pr-0.6052
2025-06-11 11:23:01 - INFO - epoch-87, train_loss-1.6451, train_rmse-1.2826, valid_rmse-1.5272, valid_pr-0.6812
2025-06-11 11:23:05 - INFO - epoch-88, train_loss-1.6389, train_rmse-1.2802, valid_rmse-1.4892, valid_pr-0.6745
2025-06-11 11:23:08 - INFO - epoch-89, train_loss-1.6146, train_rmse-1.2707, valid_rmse-1.3761, valid_pr-0.6700
2025-06-11 11:23:12 - INFO - epoch-90, train_loss-1.6244, train_rmse-1.2745, valid_rmse-1.4050, valid_pr-0.6653
2025-06-11 11:23:16 - INFO - epoch-91, train_loss-1.5939, train_rmse-1.2625, valid_rmse-1.7071, valid_pr-0.4992
2025-06-11 11:23:19 - INFO - epoch-92, train_loss-1.5990, train_rmse-1.2645, valid_rmse-1.8463, valid_pr-0.6422
2025-06-11 11:23:23 - INFO - epoch-93, train_loss-1.5985, train_rmse-1.2643, valid_rmse-1.4179, valid_pr-0.6749
2025-06-11 11:23:27 - INFO - epoch-94, train_loss-1.5646, train_rmse-1.2508, valid_rmse-1.3588, valid_pr-0.6960
2025-06-11 11:23:30 - INFO - epoch-95, train_loss-1.5597, train_rmse-1.2489, valid_rmse-1.5057, valid_pr-0.6527
2025-06-11 11:23:34 - INFO - epoch-96, train_loss-1.5207, train_rmse-1.2332, valid_rmse-1.4353, valid_pr-0.6559
2025-06-11 11:23:37 - INFO - epoch-97, train_loss-1.5403, train_rmse-1.2411, valid_rmse-1.4629, valid_pr-0.6199
2025-06-11 11:23:41 - INFO - epoch-98, train_loss-1.5174, train_rmse-1.2318, valid_rmse-1.5292, valid_pr-0.6138
2025-06-11 11:23:45 - INFO - epoch-99, train_loss-1.5136, train_rmse-1.2303, valid_rmse-1.4308, valid_pr-0.6367
2025-06-11 11:23:48 - INFO - epoch-100, train_loss-1.4872, train_rmse-1.2195, valid_rmse-1.5175, valid_pr-0.6006
2025-06-11 11:23:52 - INFO - epoch-101, train_loss-1.4504, train_rmse-1.2043, valid_rmse-1.5274, valid_pr-0.6587
2025-06-11 11:23:55 - INFO - epoch-102, train_loss-1.4614, train_rmse-1.2089, valid_rmse-1.4288, valid_pr-0.6486
2025-06-11 11:23:59 - INFO - epoch-103, train_loss-1.4650, train_rmse-1.2104, valid_rmse-1.7551, valid_pr-0.5605
2025-06-11 11:24:03 - INFO - epoch-104, train_loss-1.4687, train_rmse-1.2119, valid_rmse-1.4663, valid_pr-0.6560
2025-06-11 11:24:07 - INFO - epoch-105, train_loss-1.4669, train_rmse-1.2112, valid_rmse-1.4451, valid_pr-0.6429
2025-06-11 11:24:10 - INFO - epoch-106, train_loss-1.4351, train_rmse-1.1980, valid_rmse-1.6376, valid_pr-0.6570
2025-06-11 11:24:14 - INFO - epoch-107, train_loss-1.4295, train_rmse-1.1956, valid_rmse-1.5742, valid_pr-0.6922
2025-06-11 11:24:18 - INFO - epoch-108, train_loss-1.3859, train_rmse-1.1772, valid_rmse-1.7375, valid_pr-0.6818
2025-06-11 11:24:21 - INFO - epoch-109, train_loss-1.4352, train_rmse-1.1980, valid_rmse-1.5526, valid_pr-0.6098
2025-06-11 11:24:25 - INFO - epoch-110, train_loss-1.4142, train_rmse-1.1892, valid_rmse-1.3626, valid_pr-0.6999
2025-06-11 11:24:28 - INFO - epoch-111, train_loss-1.3916, train_rmse-1.1796, valid_rmse-1.4401, valid_pr-0.6710
2025-06-11 11:24:32 - INFO - epoch-112, train_loss-1.3559, train_rmse-1.1644, valid_rmse-1.5269, valid_pr-0.6606
2025-06-11 11:24:35 - INFO - epoch-113, train_loss-1.3419, train_rmse-1.1584, valid_rmse-1.6110, valid_pr-0.6888
2025-06-11 11:24:39 - INFO - epoch-114, train_loss-1.3528, train_rmse-1.1631, valid_rmse-1.3842, valid_pr-0.6944
2025-06-11 11:24:42 - INFO - epoch-115, train_loss-1.3126, train_rmse-1.1457, valid_rmse-1.3358, valid_pr-0.6910
2025-06-11 11:24:46 - INFO - epoch-116, train_loss-1.2787, train_rmse-1.1308, valid_rmse-1.3855, valid_pr-0.6687
2025-06-11 11:24:49 - INFO - epoch-117, train_loss-1.2952, train_rmse-1.1381, valid_rmse-1.9723, valid_pr-0.6468
2025-06-11 11:24:53 - INFO - epoch-118, train_loss-1.3141, train_rmse-1.1463, valid_rmse-1.4105, valid_pr-0.6801
2025-06-11 11:24:57 - INFO - epoch-119, train_loss-1.2829, train_rmse-1.1326, valid_rmse-1.4427, valid_pr-0.6937
2025-06-11 11:25:00 - INFO - epoch-120, train_loss-1.2986, train_rmse-1.1396, valid_rmse-1.6363, valid_pr-0.6334
2025-06-11 11:25:04 - INFO - epoch-121, train_loss-1.2630, train_rmse-1.1238, valid_rmse-1.4384, valid_pr-0.7072
2025-06-11 11:25:07 - INFO - epoch-122, train_loss-1.2492, train_rmse-1.1177, valid_rmse-1.3830, valid_pr-0.6856
2025-06-11 11:25:11 - INFO - epoch-123, train_loss-1.2424, train_rmse-1.1146, valid_rmse-1.3618, valid_pr-0.6998
2025-06-11 11:25:15 - INFO - epoch-124, train_loss-1.2096, train_rmse-1.0998, valid_rmse-1.6035, valid_pr-0.6705
2025-06-11 11:25:18 - INFO - epoch-125, train_loss-1.2203, train_rmse-1.1047, valid_rmse-1.5804, valid_pr-0.5468
2025-06-11 11:25:22 - INFO - epoch-126, train_loss-1.2071, train_rmse-1.0987, valid_rmse-1.6512, valid_pr-0.6648
2025-06-11 11:25:26 - INFO - epoch-127, train_loss-1.2200, train_rmse-1.1045, valid_rmse-1.5807, valid_pr-0.6892
2025-06-11 11:25:29 - INFO - epoch-128, train_loss-1.2387, train_rmse-1.1130, valid_rmse-1.3600, valid_pr-0.6939
2025-06-11 11:25:33 - INFO - epoch-129, train_loss-1.1945, train_rmse-1.0929, valid_rmse-1.7187, valid_pr-0.6208
2025-06-11 11:25:36 - INFO - epoch-130, train_loss-1.2049, train_rmse-1.0977, valid_rmse-1.7782, valid_pr-0.6588
2025-06-11 11:25:39 - INFO - epoch-131, train_loss-1.2233, train_rmse-1.1060, valid_rmse-1.4842, valid_pr-0.6125
2025-06-11 11:25:43 - INFO - epoch-132, train_loss-1.1861, train_rmse-1.0891, valid_rmse-1.3124, valid_pr-0.7063
2025-06-11 11:25:46 - INFO - epoch-133, train_loss-1.1709, train_rmse-1.0821, valid_rmse-1.5238, valid_pr-0.6115
2025-06-11 11:25:50 - INFO - epoch-134, train_loss-1.1436, train_rmse-1.0694, valid_rmse-1.3634, valid_pr-0.6926
2025-06-11 11:25:54 - INFO - epoch-135, train_loss-1.1231, train_rmse-1.0598, valid_rmse-1.5522, valid_pr-0.5755
2025-06-11 11:25:57 - INFO - epoch-136, train_loss-1.1504, train_rmse-1.0726, valid_rmse-1.9149, valid_pr-0.5852
2025-06-11 11:26:00 - INFO - epoch-137, train_loss-1.1476, train_rmse-1.0713, valid_rmse-1.4762, valid_pr-0.6814
2025-06-11 11:26:03 - INFO - epoch-138, train_loss-1.1420, train_rmse-1.0687, valid_rmse-1.8395, valid_pr-0.6249
2025-06-11 11:26:07 - INFO - epoch-139, train_loss-1.1130, train_rmse-1.0550, valid_rmse-1.5872, valid_pr-0.6838
2025-06-11 11:26:10 - INFO - epoch-140, train_loss-1.1011, train_rmse-1.0494, valid_rmse-1.3200, valid_pr-0.7178
2025-06-11 11:26:14 - INFO - epoch-141, train_loss-1.0678, train_rmse-1.0334, valid_rmse-1.7261, valid_pr-0.6661
2025-06-11 11:26:17 - INFO - epoch-142, train_loss-1.0848, train_rmse-1.0415, valid_rmse-1.3846, valid_pr-0.6808
2025-06-11 11:26:21 - INFO - epoch-143, train_loss-1.1079, train_rmse-1.0526, valid_rmse-1.3283, valid_pr-0.6976
2025-06-11 11:26:24 - INFO - epoch-144, train_loss-1.0708, train_rmse-1.0348, valid_rmse-1.3906, valid_pr-0.6941
2025-06-11 11:26:27 - INFO - epoch-145, train_loss-1.0926, train_rmse-1.0453, valid_rmse-1.6595, valid_pr-0.6971
2025-06-11 11:26:31 - INFO - epoch-146, train_loss-1.0331, train_rmse-1.0164, valid_rmse-1.7899, valid_pr-0.5851
2025-06-11 11:26:34 - INFO - epoch-147, train_loss-1.0294, train_rmse-1.0146, valid_rmse-1.7780, valid_pr-0.6678
2025-06-11 11:26:38 - INFO - epoch-148, train_loss-1.0147, train_rmse-1.0073, valid_rmse-1.3208, valid_pr-0.7025
2025-06-11 11:26:41 - INFO - epoch-149, train_loss-1.0282, train_rmse-1.0140, valid_rmse-1.4370, valid_pr-0.6923
2025-06-11 11:26:44 - INFO - epoch-150, train_loss-1.0283, train_rmse-1.0141, valid_rmse-1.4022, valid_pr-0.6812
2025-06-11 11:26:48 - INFO - epoch-151, train_loss-1.0382, train_rmse-1.0189, valid_rmse-1.3928, valid_pr-0.6965
2025-06-11 11:26:51 - INFO - epoch-152, train_loss-0.9883, train_rmse-0.9941, valid_rmse-1.8520, valid_pr-0.6492
2025-06-11 11:26:55 - INFO - epoch-153, train_loss-1.0451, train_rmse-1.0223, valid_rmse-1.3645, valid_pr-0.7179
2025-06-11 11:26:58 - INFO - epoch-154, train_loss-0.9838, train_rmse-0.9919, valid_rmse-1.9597, valid_pr-0.6768
2025-06-11 11:27:01 - INFO - epoch-155, train_loss-0.9616, train_rmse-0.9806, valid_rmse-1.4339, valid_pr-0.6960
2025-06-11 11:27:05 - INFO - epoch-156, train_loss-0.9563, train_rmse-0.9779, valid_rmse-1.3530, valid_pr-0.6959
2025-06-11 11:27:08 - INFO - epoch-157, train_loss-0.9627, train_rmse-0.9811, valid_rmse-1.6329, valid_pr-0.5604
2025-06-11 11:27:11 - INFO - epoch-158, train_loss-0.9514, train_rmse-0.9754, valid_rmse-1.6278, valid_pr-0.6913
2025-06-11 11:27:15 - INFO - epoch-159, train_loss-0.9417, train_rmse-0.9704, valid_rmse-1.3280, valid_pr-0.7116
2025-06-11 11:27:18 - INFO - epoch-160, train_loss-0.9367, train_rmse-0.9679, valid_rmse-1.3898, valid_pr-0.6683
2025-06-11 11:27:22 - INFO - epoch-161, train_loss-0.9404, train_rmse-0.9697, valid_rmse-1.5785, valid_pr-0.6497
2025-06-11 11:27:25 - INFO - epoch-162, train_loss-0.9178, train_rmse-0.9580, valid_rmse-1.3750, valid_pr-0.7075
2025-06-11 11:27:28 - INFO - epoch-163, train_loss-0.9173, train_rmse-0.9578, valid_rmse-1.3473, valid_pr-0.6941
2025-06-11 11:27:32 - INFO - epoch-164, train_loss-0.9032, train_rmse-0.9504, valid_rmse-1.4436, valid_pr-0.6510
2025-06-11 11:27:35 - INFO - epoch-165, train_loss-0.9042, train_rmse-0.9509, valid_rmse-1.3376, valid_pr-0.7047
2025-06-11 11:27:38 - INFO - epoch-166, train_loss-0.8926, train_rmse-0.9448, valid_rmse-1.3802, valid_pr-0.7054
2025-06-11 11:27:41 - INFO - epoch-167, train_loss-0.9171, train_rmse-0.9577, valid_rmse-1.6890, valid_pr-0.5017
2025-06-11 11:27:45 - INFO - epoch-168, train_loss-0.8696, train_rmse-0.9325, valid_rmse-1.5208, valid_pr-0.6401
2025-06-11 11:27:48 - INFO - epoch-169, train_loss-0.8748, train_rmse-0.9353, valid_rmse-1.4071, valid_pr-0.6926
2025-06-11 11:27:52 - INFO - epoch-170, train_loss-0.8550, train_rmse-0.9247, valid_rmse-1.4450, valid_pr-0.6267
2025-06-11 11:27:55 - INFO - epoch-171, train_loss-0.8386, train_rmse-0.9157, valid_rmse-1.3865, valid_pr-0.6884
2025-06-11 11:27:58 - INFO - epoch-172, train_loss-0.8486, train_rmse-0.9212, valid_rmse-1.3835, valid_pr-0.6796
2025-06-11 11:28:01 - INFO - epoch-173, train_loss-0.8403, train_rmse-0.9167, valid_rmse-1.2949, valid_pr-0.7291
2025-06-11 11:28:05 - INFO - epoch-174, train_loss-0.8656, train_rmse-0.9304, valid_rmse-1.3562, valid_pr-0.6793
2025-06-11 11:28:08 - INFO - epoch-175, train_loss-0.8400, train_rmse-0.9165, valid_rmse-1.5293, valid_pr-0.6203
2025-06-11 11:28:11 - INFO - epoch-176, train_loss-0.8511, train_rmse-0.9225, valid_rmse-1.4903, valid_pr-0.6519
2025-06-11 11:28:15 - INFO - epoch-177, train_loss-0.8351, train_rmse-0.9139, valid_rmse-1.3672, valid_pr-0.7039
2025-06-11 11:28:18 - INFO - epoch-178, train_loss-0.8237, train_rmse-0.9076, valid_rmse-1.4270, valid_pr-0.6510
2025-06-11 11:28:22 - INFO - epoch-179, train_loss-0.7994, train_rmse-0.8941, valid_rmse-1.4244, valid_pr-0.6716
2025-06-11 11:28:25 - INFO - epoch-180, train_loss-0.7934, train_rmse-0.8907, valid_rmse-1.3607, valid_pr-0.7086
2025-06-11 11:28:28 - INFO - epoch-181, train_loss-0.8200, train_rmse-0.9055, valid_rmse-1.4591, valid_pr-0.6970
2025-06-11 11:28:32 - INFO - epoch-182, train_loss-0.8026, train_rmse-0.8959, valid_rmse-1.4397, valid_pr-0.6692
2025-06-11 11:28:35 - INFO - epoch-183, train_loss-0.8081, train_rmse-0.8989, valid_rmse-1.7078, valid_pr-0.6482
2025-06-11 11:28:38 - INFO - epoch-184, train_loss-0.7905, train_rmse-0.8891, valid_rmse-1.4431, valid_pr-0.6589
2025-06-11 11:28:42 - INFO - epoch-185, train_loss-0.7817, train_rmse-0.8841, valid_rmse-1.4056, valid_pr-0.6871
2025-06-11 11:28:45 - INFO - epoch-186, train_loss-0.7622, train_rmse-0.8730, valid_rmse-1.8962, valid_pr-0.6491
2025-06-11 11:28:48 - INFO - epoch-187, train_loss-0.7681, train_rmse-0.8764, valid_rmse-1.3255, valid_pr-0.7089
2025-06-11 11:28:52 - INFO - epoch-188, train_loss-0.7780, train_rmse-0.8820, valid_rmse-1.4650, valid_pr-0.6220
2025-06-11 11:28:55 - INFO - epoch-189, train_loss-0.7525, train_rmse-0.8675, valid_rmse-1.4474, valid_pr-0.6731
2025-06-11 11:28:58 - INFO - epoch-190, train_loss-0.7476, train_rmse-0.8646, valid_rmse-1.5070, valid_pr-0.6613
2025-06-11 11:29:02 - INFO - epoch-191, train_loss-0.7472, train_rmse-0.8644, valid_rmse-1.4512, valid_pr-0.6999
2025-06-11 11:29:05 - INFO - epoch-192, train_loss-0.7469, train_rmse-0.8642, valid_rmse-1.4007, valid_pr-0.7148
2025-06-11 11:29:09 - INFO - epoch-193, train_loss-0.7615, train_rmse-0.8726, valid_rmse-1.3396, valid_pr-0.7156
2025-06-11 11:29:12 - INFO - epoch-194, train_loss-0.7352, train_rmse-0.8574, valid_rmse-1.4804, valid_pr-0.6297
2025-06-11 11:29:15 - INFO - epoch-195, train_loss-0.7128, train_rmse-0.8443, valid_rmse-1.4763, valid_pr-0.6337
2025-06-11 11:29:19 - INFO - epoch-196, train_loss-0.6976, train_rmse-0.8352, valid_rmse-1.3725, valid_pr-0.6892
2025-06-11 11:29:22 - INFO - epoch-197, train_loss-0.7124, train_rmse-0.8441, valid_rmse-1.4669, valid_pr-0.6997
2025-06-11 11:29:25 - INFO - epoch-198, train_loss-0.7377, train_rmse-0.8589, valid_rmse-1.3434, valid_pr-0.7154
2025-06-11 11:29:29 - INFO - epoch-199, train_loss-0.7043, train_rmse-0.8392, valid_rmse-1.3790, valid_pr-0.7168
2025-06-11 11:29:32 - INFO - epoch-200, train_loss-0.7067, train_rmse-0.8407, valid_rmse-1.4298, valid_pr-0.6855
2025-06-11 11:29:35 - INFO - epoch-201, train_loss-0.7047, train_rmse-0.8395, valid_rmse-1.3590, valid_pr-0.7005
2025-06-11 11:29:39 - INFO - epoch-202, train_loss-0.7076, train_rmse-0.8412, valid_rmse-1.5295, valid_pr-0.6912
2025-06-11 11:29:42 - INFO - epoch-203, train_loss-0.6726, train_rmse-0.8201, valid_rmse-1.3950, valid_pr-0.6986
2025-06-11 11:29:45 - INFO - epoch-204, train_loss-0.6663, train_rmse-0.8162, valid_rmse-1.3633, valid_pr-0.7107
2025-06-11 11:29:49 - INFO - epoch-205, train_loss-0.6414, train_rmse-0.8009, valid_rmse-1.6309, valid_pr-0.5848
2025-06-11 11:29:52 - INFO - epoch-206, train_loss-0.6688, train_rmse-0.8178, valid_rmse-1.5348, valid_pr-0.6853
2025-06-11 11:29:55 - INFO - epoch-207, train_loss-0.6663, train_rmse-0.8163, valid_rmse-1.5010, valid_pr-0.6513
2025-06-11 11:29:59 - INFO - epoch-208, train_loss-0.6596, train_rmse-0.8121, valid_rmse-1.4048, valid_pr-0.6987
2025-06-11 11:30:02 - INFO - epoch-209, train_loss-0.6694, train_rmse-0.8181, valid_rmse-1.3445, valid_pr-0.6898
2025-06-11 11:30:05 - INFO - epoch-210, train_loss-0.6436, train_rmse-0.8022, valid_rmse-1.4305, valid_pr-0.6789
2025-06-11 11:30:09 - INFO - epoch-211, train_loss-0.6389, train_rmse-0.7993, valid_rmse-1.4344, valid_pr-0.6798
2025-06-11 11:30:12 - INFO - epoch-212, train_loss-0.6551, train_rmse-0.8094, valid_rmse-1.5708, valid_pr-0.5950
2025-06-11 11:30:15 - INFO - epoch-213, train_loss-0.6316, train_rmse-0.7948, valid_rmse-1.3728, valid_pr-0.6789
2025-06-11 11:30:19 - INFO - epoch-214, train_loss-0.6256, train_rmse-0.7909, valid_rmse-1.3319, valid_pr-0.7045
2025-06-11 11:30:22 - INFO - epoch-215, train_loss-0.6123, train_rmse-0.7825, valid_rmse-1.4664, valid_pr-0.6766
2025-06-11 11:30:25 - INFO - epoch-216, train_loss-0.6454, train_rmse-0.8034, valid_rmse-1.3511, valid_pr-0.6891
2025-06-11 11:30:29 - INFO - epoch-217, train_loss-0.6089, train_rmse-0.7804, valid_rmse-1.4783, valid_pr-0.6825
2025-06-11 11:30:32 - INFO - epoch-218, train_loss-0.5970, train_rmse-0.7727, valid_rmse-1.6976, valid_pr-0.6751
2025-06-11 11:30:35 - INFO - epoch-219, train_loss-0.6237, train_rmse-0.7897, valid_rmse-1.4279, valid_pr-0.6995
2025-06-11 11:30:39 - INFO - epoch-220, train_loss-0.6018, train_rmse-0.7758, valid_rmse-1.3874, valid_pr-0.6830
2025-06-11 11:30:42 - INFO - epoch-221, train_loss-0.6051, train_rmse-0.7779, valid_rmse-1.4147, valid_pr-0.6974
2025-06-11 11:30:46 - INFO - epoch-222, train_loss-0.6131, train_rmse-0.7830, valid_rmse-1.3816, valid_pr-0.7175
2025-06-11 11:30:49 - INFO - epoch-223, train_loss-0.5878, train_rmse-0.7667, valid_rmse-1.4048, valid_pr-0.6672
2025-06-11 11:30:52 - INFO - epoch-224, train_loss-0.5794, train_rmse-0.7612, valid_rmse-1.5209, valid_pr-0.7060
2025-06-11 11:30:56 - INFO - epoch-225, train_loss-0.6017, train_rmse-0.7757, valid_rmse-1.3912, valid_pr-0.6749
2025-06-11 11:30:59 - INFO - epoch-226, train_loss-0.6291, train_rmse-0.7932, valid_rmse-1.3426, valid_pr-0.6926
2025-06-11 11:31:02 - INFO - epoch-227, train_loss-0.5979, train_rmse-0.7732, valid_rmse-1.5970, valid_pr-0.7011
2025-06-11 11:31:05 - INFO - epoch-228, train_loss-0.5967, train_rmse-0.7725, valid_rmse-1.3907, valid_pr-0.6944
2025-06-11 11:31:09 - INFO - epoch-229, train_loss-0.5685, train_rmse-0.7540, valid_rmse-1.4344, valid_pr-0.6524
2025-06-11 11:31:12 - INFO - epoch-230, train_loss-0.5728, train_rmse-0.7568, valid_rmse-1.7415, valid_pr-0.6648
2025-06-11 11:31:15 - INFO - epoch-231, train_loss-0.5564, train_rmse-0.7459, valid_rmse-1.3809, valid_pr-0.7024
2025-06-11 11:31:19 - INFO - epoch-232, train_loss-0.5629, train_rmse-0.7503, valid_rmse-1.5327, valid_pr-0.6867
2025-06-11 11:31:22 - INFO - epoch-233, train_loss-0.5374, train_rmse-0.7330, valid_rmse-1.3808, valid_pr-0.7093
2025-06-11 11:31:25 - INFO - epoch-234, train_loss-0.5303, train_rmse-0.7282, valid_rmse-1.5032, valid_pr-0.6842
2025-06-11 11:31:29 - INFO - epoch-235, train_loss-0.5261, train_rmse-0.7253, valid_rmse-1.3319, valid_pr-0.7187
2025-06-11 11:31:32 - INFO - epoch-236, train_loss-0.5269, train_rmse-0.7259, valid_rmse-1.6570, valid_pr-0.6950
2025-06-11 11:31:35 - INFO - epoch-237, train_loss-0.5200, train_rmse-0.7211, valid_rmse-1.4467, valid_pr-0.6893
2025-06-11 11:31:39 - INFO - epoch-238, train_loss-0.5558, train_rmse-0.7455, valid_rmse-1.6682, valid_pr-0.6543
2025-06-11 11:31:42 - INFO - epoch-239, train_loss-0.5502, train_rmse-0.7418, valid_rmse-1.4377, valid_pr-0.6975
2025-06-11 11:31:45 - INFO - epoch-240, train_loss-0.5191, train_rmse-0.7205, valid_rmse-1.3736, valid_pr-0.7028
2025-06-11 11:31:49 - INFO - epoch-241, train_loss-0.5046, train_rmse-0.7104, valid_rmse-1.4416, valid_pr-0.7021
2025-06-11 11:31:52 - INFO - epoch-242, train_loss-0.5139, train_rmse-0.7169, valid_rmse-1.4420, valid_pr-0.6876
2025-06-11 11:31:55 - INFO - epoch-243, train_loss-0.5240, train_rmse-0.7239, valid_rmse-1.4019, valid_pr-0.6848
2025-06-11 11:31:58 - INFO - epoch-244, train_loss-0.5264, train_rmse-0.7255, valid_rmse-1.6158, valid_pr-0.6180
2025-06-11 11:32:02 - INFO - epoch-245, train_loss-0.5302, train_rmse-0.7282, valid_rmse-1.4615, valid_pr-0.6730
2025-06-11 11:32:05 - INFO - epoch-246, train_loss-0.5060, train_rmse-0.7113, valid_rmse-1.4513, valid_pr-0.6599
2025-06-11 11:32:08 - INFO - epoch-247, train_loss-0.5154, train_rmse-0.7179, valid_rmse-1.3226, valid_pr-0.6985
2025-06-11 11:32:11 - INFO - epoch-248, train_loss-0.5099, train_rmse-0.7141, valid_rmse-1.3530, valid_pr-0.7069
2025-06-11 11:32:15 - INFO - epoch-249, train_loss-0.4903, train_rmse-0.7002, valid_rmse-1.4423, valid_pr-0.6530
2025-06-11 11:32:18 - INFO - epoch-250, train_loss-0.4987, train_rmse-0.7062, valid_rmse-1.7112, valid_pr-0.6222
2025-06-11 11:32:21 - INFO - epoch-251, train_loss-0.4940, train_rmse-0.7029, valid_rmse-1.3679, valid_pr-0.6926
2025-06-11 11:32:25 - INFO - epoch-252, train_loss-0.4882, train_rmse-0.6987, valid_rmse-1.4244, valid_pr-0.6977
2025-06-11 11:32:28 - INFO - epoch-253, train_loss-0.4917, train_rmse-0.7012, valid_rmse-1.8918, valid_pr-0.6364
2025-06-11 11:32:31 - INFO - epoch-254, train_loss-0.4782, train_rmse-0.6915, valid_rmse-1.4266, valid_pr-0.6636
2025-06-11 11:32:35 - INFO - epoch-255, train_loss-0.4848, train_rmse-0.6963, valid_rmse-1.5415, valid_pr-0.7200
2025-06-11 11:32:38 - INFO - epoch-256, train_loss-0.4815, train_rmse-0.6939, valid_rmse-1.4309, valid_pr-0.6858
2025-06-11 11:32:41 - INFO - epoch-257, train_loss-0.4775, train_rmse-0.6910, valid_rmse-1.4319, valid_pr-0.6890
2025-06-11 11:32:44 - INFO - epoch-258, train_loss-0.4714, train_rmse-0.6866, valid_rmse-1.3389, valid_pr-0.7182
2025-06-11 11:32:48 - INFO - epoch-259, train_loss-0.4786, train_rmse-0.6918, valid_rmse-1.5102, valid_pr-0.7087
2025-06-11 11:32:51 - INFO - epoch-260, train_loss-0.4619, train_rmse-0.6796, valid_rmse-1.4042, valid_pr-0.6521
2025-06-11 11:32:54 - INFO - epoch-261, train_loss-0.4487, train_rmse-0.6698, valid_rmse-1.3458, valid_pr-0.6925
2025-06-11 11:32:58 - INFO - epoch-262, train_loss-0.4573, train_rmse-0.6762, valid_rmse-1.3545, valid_pr-0.7075
2025-06-11 11:33:01 - INFO - epoch-263, train_loss-0.4303, train_rmse-0.6560, valid_rmse-1.3368, valid_pr-0.7025
2025-06-11 11:33:04 - INFO - epoch-264, train_loss-0.4464, train_rmse-0.6681, valid_rmse-1.4623, valid_pr-0.6787
2025-06-11 11:33:07 - INFO - epoch-265, train_loss-0.4491, train_rmse-0.6701, valid_rmse-1.3533, valid_pr-0.7091
2025-06-11 11:33:11 - INFO - epoch-266, train_loss-0.4782, train_rmse-0.6915, valid_rmse-1.9455, valid_pr-0.6639
2025-06-11 11:33:14 - INFO - epoch-267, train_loss-0.4758, train_rmse-0.6898, valid_rmse-1.3604, valid_pr-0.7026
2025-06-11 11:33:17 - INFO - epoch-268, train_loss-0.4590, train_rmse-0.6775, valid_rmse-1.3453, valid_pr-0.7016
2025-06-11 11:33:21 - INFO - epoch-269, train_loss-0.4202, train_rmse-0.6483, valid_rmse-1.3525, valid_pr-0.7205
2025-06-11 11:33:24 - INFO - epoch-270, train_loss-0.4712, train_rmse-0.6864, valid_rmse-1.4192, valid_pr-0.6890
2025-06-11 11:33:28 - INFO - epoch-271, train_loss-0.4312, train_rmse-0.6567, valid_rmse-1.4599, valid_pr-0.6538
2025-06-11 11:33:31 - INFO - epoch-272, train_loss-0.4326, train_rmse-0.6577, valid_rmse-1.3530, valid_pr-0.6925
2025-06-11 11:33:34 - INFO - epoch-273, train_loss-0.4349, train_rmse-0.6595, valid_rmse-1.4601, valid_pr-0.6963
2025-06-11 11:33:38 - INFO - epoch-274, train_loss-0.4459, train_rmse-0.6678, valid_rmse-1.3326, valid_pr-0.7154
2025-06-11 11:33:38 - INFO - early stop in epoch 274
2025-06-11 11:33:38 - INFO - best_rmse: 1.2949
2025-06-11 11:33:40 - INFO - valid_rmse-1.2949, valid_pr-0.7291, test2013_rmse-1.4865, test2013_pr-0.7876, test2016_rmse-1.3923, test2016_pr-0.7782, test2019_rmse-1.4807, test2019_pr-0.6129,
