2025-07-15 16:38:30 - INFO - train_GIGN.py
2025-07-15 16:38:30 - INFO - train data: 11904
2025-07-15 16:38:30 - INFO - valid data: 1000
2025-07-15 16:38:30 - INFO - test2013 data: 107
2025-07-15 16:38:30 - INFO - test2016 data: 285
2025-07-15 16:38:30 - INFO - test2019 data: 4366
2025-07-15 16:38:38 - INFO - epoch-0, train_loss-40.3691, train_rmse-6.3537, valid_rmse-5.3179, valid_pr-0.4165
2025-07-15 16:38:42 - INFO - epoch-1, train_loss-24.3424, train_rmse-4.9338, valid_rmse-2.8972, valid_pr-0.5445
2025-07-15 16:38:47 - INFO - epoch-2, train_loss-7.2192, train_rmse-2.6869, valid_rmse-1.6849, valid_pr-0.5434
2025-07-15 16:38:52 - INFO - epoch-3, train_loss-3.2170, train_rmse-1.7936, valid_rmse-1.5909, valid_pr-0.5733
2025-07-15 16:38:57 - INFO - epoch-4, train_loss-2.9143, train_rmse-1.7071, valid_rmse-1.5857, valid_pr-0.5649
2025-07-15 16:39:02 - INFO - epoch-5, train_loss-2.7552, train_rmse-1.6599, valid_rmse-1.5025, valid_pr-0.6227
2025-07-15 16:39:07 - INFO - epoch-6, train_loss-2.7271, train_rmse-1.6514, valid_rmse-1.4345, valid_pr-0.6323
2025-07-15 16:39:12 - INFO - epoch-7, train_loss-2.6779, train_rmse-1.6364, valid_rmse-1.4649, valid_pr-0.6108
2025-07-15 16:39:17 - INFO - epoch-8, train_loss-2.5111, train_rmse-1.5847, valid_rmse-1.3772, valid_pr-0.6666
2025-07-15 16:39:22 - INFO - epoch-9, train_loss-2.4634, train_rmse-1.5695, valid_rmse-1.4102, valid_pr-0.6511
2025-07-15 16:39:27 - INFO - epoch-10, train_loss-2.3956, train_rmse-1.5478, valid_rmse-1.4669, valid_pr-0.6188
2025-07-15 16:39:32 - INFO - epoch-11, train_loss-2.4189, train_rmse-1.5553, valid_rmse-1.4164, valid_pr-0.6500
2025-07-15 16:39:37 - INFO - epoch-12, train_loss-2.3486, train_rmse-1.5325, valid_rmse-1.3526, valid_pr-0.6819
2025-07-15 16:39:42 - INFO - epoch-13, train_loss-2.2440, train_rmse-1.4980, valid_rmse-1.3356, valid_pr-0.6914
2025-07-15 16:39:47 - INFO - epoch-14, train_loss-2.1674, train_rmse-1.4722, valid_rmse-1.3964, valid_pr-0.6715
2025-07-15 16:39:52 - INFO - epoch-15, train_loss-2.1658, train_rmse-1.4717, valid_rmse-1.3387, valid_pr-0.6963
2025-07-15 16:39:58 - INFO - epoch-16, train_loss-2.0908, train_rmse-1.4460, valid_rmse-1.3183, valid_pr-0.7031
2025-07-15 16:40:03 - INFO - epoch-17, train_loss-2.0874, train_rmse-1.4448, valid_rmse-1.3513, valid_pr-0.6873
2025-07-15 16:40:08 - INFO - epoch-18, train_loss-2.0253, train_rmse-1.4231, valid_rmse-1.3006, valid_pr-0.7104
2025-07-15 16:40:13 - INFO - epoch-19, train_loss-1.9968, train_rmse-1.4131, valid_rmse-1.3240, valid_pr-0.7066
2025-07-15 16:40:18 - INFO - epoch-20, train_loss-1.9345, train_rmse-1.3909, valid_rmse-1.3141, valid_pr-0.7036
2025-07-15 16:40:23 - INFO - epoch-21, train_loss-1.9359, train_rmse-1.3914, valid_rmse-1.3114, valid_pr-0.7101
2025-07-15 16:40:28 - INFO - epoch-22, train_loss-1.8455, train_rmse-1.3585, valid_rmse-1.2807, valid_pr-0.7213
2025-07-15 16:40:33 - INFO - epoch-23, train_loss-1.8223, train_rmse-1.3499, valid_rmse-1.3085, valid_pr-0.7141
2025-07-15 16:40:38 - INFO - epoch-24, train_loss-1.7660, train_rmse-1.3289, valid_rmse-1.2981, valid_pr-0.7121
2025-07-15 16:40:43 - INFO - epoch-25, train_loss-1.7333, train_rmse-1.3166, valid_rmse-1.3584, valid_pr-0.7031
2025-07-15 16:40:48 - INFO - epoch-26, train_loss-1.6874, train_rmse-1.2990, valid_rmse-1.3375, valid_pr-0.6966
2025-07-15 16:40:53 - INFO - epoch-27, train_loss-1.6841, train_rmse-1.2977, valid_rmse-1.3062, valid_pr-0.7091
2025-07-15 16:40:58 - INFO - epoch-28, train_loss-1.5972, train_rmse-1.2638, valid_rmse-1.3361, valid_pr-0.6955
2025-07-15 16:41:03 - INFO - epoch-29, train_loss-1.5739, train_rmse-1.2545, valid_rmse-1.2724, valid_pr-0.7276
2025-07-15 16:41:08 - INFO - epoch-30, train_loss-1.5882, train_rmse-1.2602, valid_rmse-1.3263, valid_pr-0.7004
2025-07-15 16:41:13 - INFO - epoch-31, train_loss-1.5208, train_rmse-1.2332, valid_rmse-1.2895, valid_pr-0.7233
2025-07-15 16:41:18 - INFO - epoch-32, train_loss-1.5013, train_rmse-1.2253, valid_rmse-1.2721, valid_pr-0.7295
2025-07-15 16:41:23 - INFO - epoch-33, train_loss-1.4593, train_rmse-1.2080, valid_rmse-1.2706, valid_pr-0.7296
2025-07-15 16:41:28 - INFO - epoch-34, train_loss-1.4184, train_rmse-1.1910, valid_rmse-1.2863, valid_pr-0.7306
2025-07-15 16:41:33 - INFO - epoch-35, train_loss-1.4090, train_rmse-1.1870, valid_rmse-1.2753, valid_pr-0.7311
2025-07-15 16:41:39 - INFO - epoch-36, train_loss-1.3950, train_rmse-1.1811, valid_rmse-1.2919, valid_pr-0.7253
2025-07-15 16:41:44 - INFO - epoch-37, train_loss-1.3469, train_rmse-1.1606, valid_rmse-1.3272, valid_pr-0.7191
2025-07-15 16:41:49 - INFO - epoch-38, train_loss-1.3236, train_rmse-1.1505, valid_rmse-1.3379, valid_pr-0.7043
2025-07-15 16:41:54 - INFO - epoch-39, train_loss-1.2986, train_rmse-1.1395, valid_rmse-1.2703, valid_pr-0.7308
2025-07-15 16:41:59 - INFO - epoch-40, train_loss-1.2794, train_rmse-1.1311, valid_rmse-1.2768, valid_pr-0.7242
2025-07-15 16:42:04 - INFO - epoch-41, train_loss-1.1988, train_rmse-1.0949, valid_rmse-1.2863, valid_pr-0.7250
2025-07-15 16:42:09 - INFO - epoch-42, train_loss-1.2266, train_rmse-1.1075, valid_rmse-1.3265, valid_pr-0.7052
2025-07-15 16:42:14 - INFO - epoch-43, train_loss-1.1762, train_rmse-1.0845, valid_rmse-1.3060, valid_pr-0.7248
2025-07-15 16:42:19 - INFO - epoch-44, train_loss-1.1706, train_rmse-1.0819, valid_rmse-1.2815, valid_pr-0.7317
2025-07-15 16:42:24 - INFO - epoch-45, train_loss-1.1341, train_rmse-1.0649, valid_rmse-1.2950, valid_pr-0.7222
2025-07-15 16:42:29 - INFO - epoch-46, train_loss-1.0812, train_rmse-1.0398, valid_rmse-1.3168, valid_pr-0.7266
2025-07-15 16:42:35 - INFO - epoch-47, train_loss-1.0637, train_rmse-1.0314, valid_rmse-1.2956, valid_pr-0.7293
2025-07-15 16:42:39 - INFO - epoch-48, train_loss-1.0637, train_rmse-1.0314, valid_rmse-1.2728, valid_pr-0.7327
2025-07-15 16:42:44 - INFO - epoch-49, train_loss-1.0378, train_rmse-1.0187, valid_rmse-1.3115, valid_pr-0.7142
2025-07-15 16:42:50 - INFO - epoch-50, train_loss-1.0314, train_rmse-1.0156, valid_rmse-1.2871, valid_pr-0.7298
2025-07-15 16:42:55 - INFO - epoch-51, train_loss-0.9924, train_rmse-0.9962, valid_rmse-1.2997, valid_pr-0.7218
2025-07-15 16:43:00 - INFO - epoch-52, train_loss-0.9839, train_rmse-0.9919, valid_rmse-1.2858, valid_pr-0.7375
2025-07-15 16:43:05 - INFO - epoch-53, train_loss-0.9387, train_rmse-0.9688, valid_rmse-1.2629, valid_pr-0.7467
2025-07-15 16:43:10 - INFO - epoch-54, train_loss-0.9193, train_rmse-0.9588, valid_rmse-1.2875, valid_pr-0.7274
2025-07-15 16:43:15 - INFO - epoch-55, train_loss-0.9267, train_rmse-0.9627, valid_rmse-1.2556, valid_pr-0.7379
2025-07-15 16:43:19 - INFO - epoch-56, train_loss-0.8940, train_rmse-0.9455, valid_rmse-1.3092, valid_pr-0.7221
2025-07-15 16:43:25 - INFO - epoch-57, train_loss-0.8584, train_rmse-0.9265, valid_rmse-1.2826, valid_pr-0.7295
2025-07-15 16:43:30 - INFO - epoch-58, train_loss-0.8639, train_rmse-0.9295, valid_rmse-1.2567, valid_pr-0.7440
2025-07-15 16:43:35 - INFO - epoch-59, train_loss-0.8251, train_rmse-0.9084, valid_rmse-1.2833, valid_pr-0.7313
2025-07-15 16:43:40 - INFO - epoch-60, train_loss-0.8091, train_rmse-0.8995, valid_rmse-1.2898, valid_pr-0.7280
2025-07-15 16:43:45 - INFO - epoch-61, train_loss-0.7977, train_rmse-0.8931, valid_rmse-1.2512, valid_pr-0.7397
2025-07-15 16:43:50 - INFO - epoch-62, train_loss-0.7577, train_rmse-0.8704, valid_rmse-1.3113, valid_pr-0.7258
2025-07-15 16:43:55 - INFO - epoch-63, train_loss-0.7754, train_rmse-0.8805, valid_rmse-1.2703, valid_pr-0.7388
2025-07-15 16:44:00 - INFO - epoch-64, train_loss-0.7517, train_rmse-0.8670, valid_rmse-1.2852, valid_pr-0.7263
2025-07-15 16:44:05 - INFO - epoch-65, train_loss-0.7365, train_rmse-0.8582, valid_rmse-1.2766, valid_pr-0.7368
2025-07-15 16:44:10 - INFO - epoch-66, train_loss-0.7354, train_rmse-0.8576, valid_rmse-1.2711, valid_pr-0.7363
2025-07-15 16:44:15 - INFO - epoch-67, train_loss-0.7067, train_rmse-0.8406, valid_rmse-1.2641, valid_pr-0.7416
2025-07-15 16:44:20 - INFO - epoch-68, train_loss-0.7106, train_rmse-0.8430, valid_rmse-1.2831, valid_pr-0.7348
2025-07-15 16:44:25 - INFO - epoch-69, train_loss-0.6862, train_rmse-0.8284, valid_rmse-1.2628, valid_pr-0.7406
2025-07-15 16:44:30 - INFO - epoch-70, train_loss-0.7003, train_rmse-0.8368, valid_rmse-1.2606, valid_pr-0.7412
2025-07-15 16:44:35 - INFO - epoch-71, train_loss-0.6741, train_rmse-0.8210, valid_rmse-1.2898, valid_pr-0.7280
2025-07-15 16:44:40 - INFO - epoch-72, train_loss-0.6487, train_rmse-0.8054, valid_rmse-1.2514, valid_pr-0.7421
2025-07-15 16:44:45 - INFO - epoch-73, train_loss-0.6561, train_rmse-0.8100, valid_rmse-1.2777, valid_pr-0.7356
2025-07-15 16:44:50 - INFO - epoch-74, train_loss-0.6217, train_rmse-0.7885, valid_rmse-1.2766, valid_pr-0.7346
2025-07-15 16:44:55 - INFO - epoch-75, train_loss-0.6311, train_rmse-0.7944, valid_rmse-1.2426, valid_pr-0.7541
2025-07-15 16:45:00 - INFO - epoch-76, train_loss-0.6062, train_rmse-0.7786, valid_rmse-1.2550, valid_pr-0.7451
2025-07-15 16:45:05 - INFO - epoch-77, train_loss-0.5990, train_rmse-0.7739, valid_rmse-1.2472, valid_pr-0.7460
2025-07-15 16:45:10 - INFO - epoch-78, train_loss-0.5934, train_rmse-0.7703, valid_rmse-1.2571, valid_pr-0.7479
2025-07-15 16:45:15 - INFO - epoch-79, train_loss-0.5942, train_rmse-0.7709, valid_rmse-1.2598, valid_pr-0.7482
2025-07-15 16:45:20 - INFO - epoch-80, train_loss-0.5656, train_rmse-0.7521, valid_rmse-1.2509, valid_pr-0.7466
2025-07-15 16:45:25 - INFO - epoch-81, train_loss-0.5692, train_rmse-0.7545, valid_rmse-1.2383, valid_pr-0.7574
2025-07-15 16:45:30 - INFO - epoch-82, train_loss-0.5583, train_rmse-0.7472, valid_rmse-1.2668, valid_pr-0.7354
2025-07-15 16:45:35 - INFO - epoch-83, train_loss-0.5718, train_rmse-0.7562, valid_rmse-1.2765, valid_pr-0.7437
2025-07-15 16:45:40 - INFO - epoch-84, train_loss-0.5613, train_rmse-0.7492, valid_rmse-1.2631, valid_pr-0.7376
2025-07-15 16:45:46 - INFO - epoch-85, train_loss-0.5622, train_rmse-0.7498, valid_rmse-1.2843, valid_pr-0.7377
2025-07-15 16:45:50 - INFO - epoch-86, train_loss-0.5335, train_rmse-0.7304, valid_rmse-1.2578, valid_pr-0.7437
2025-07-15 16:45:55 - INFO - epoch-87, train_loss-0.5305, train_rmse-0.7284, valid_rmse-1.2849, valid_pr-0.7338
2025-07-15 16:46:00 - INFO - epoch-88, train_loss-0.5228, train_rmse-0.7231, valid_rmse-1.2512, valid_pr-0.7467
2025-07-15 16:46:06 - INFO - epoch-89, train_loss-0.5300, train_rmse-0.7280, valid_rmse-1.2935, valid_pr-0.7341
2025-07-15 16:46:11 - INFO - epoch-90, train_loss-0.5166, train_rmse-0.7187, valid_rmse-1.2186, valid_pr-0.7593
2025-07-15 16:46:16 - INFO - epoch-91, train_loss-0.4992, train_rmse-0.7066, valid_rmse-1.2647, valid_pr-0.7470
2025-07-15 16:46:21 - INFO - epoch-92, train_loss-0.4806, train_rmse-0.6932, valid_rmse-1.2324, valid_pr-0.7524
2025-07-15 16:46:26 - INFO - epoch-93, train_loss-0.4776, train_rmse-0.6911, valid_rmse-1.2508, valid_pr-0.7519
2025-07-15 16:46:31 - INFO - epoch-94, train_loss-0.4906, train_rmse-0.7004, valid_rmse-1.2441, valid_pr-0.7473
2025-07-15 16:46:36 - INFO - epoch-95, train_loss-0.4857, train_rmse-0.6969, valid_rmse-1.2455, valid_pr-0.7545
2025-07-15 16:46:41 - INFO - epoch-96, train_loss-0.4847, train_rmse-0.6962, valid_rmse-1.2729, valid_pr-0.7432
2025-07-15 16:46:46 - INFO - epoch-97, train_loss-0.4756, train_rmse-0.6897, valid_rmse-1.2574, valid_pr-0.7518
2025-07-15 16:46:51 - INFO - epoch-98, train_loss-0.4448, train_rmse-0.6670, valid_rmse-1.2661, valid_pr-0.7431
2025-07-15 16:46:56 - INFO - epoch-99, train_loss-0.4627, train_rmse-0.6802, valid_rmse-1.2555, valid_pr-0.7481
2025-07-15 16:47:01 - INFO - epoch-100, train_loss-0.4526, train_rmse-0.6727, valid_rmse-1.2581, valid_pr-0.7457
2025-07-15 16:47:06 - INFO - epoch-101, train_loss-0.4356, train_rmse-0.6600, valid_rmse-1.2445, valid_pr-0.7517
2025-07-15 16:47:11 - INFO - epoch-102, train_loss-0.4343, train_rmse-0.6590, valid_rmse-1.2369, valid_pr-0.7497
2025-07-15 16:47:16 - INFO - epoch-103, train_loss-0.4340, train_rmse-0.6588, valid_rmse-1.2402, valid_pr-0.7520
2025-07-15 16:47:21 - INFO - epoch-104, train_loss-0.4338, train_rmse-0.6586, valid_rmse-1.2671, valid_pr-0.7398
2025-07-15 16:47:26 - INFO - epoch-105, train_loss-0.4299, train_rmse-0.6556, valid_rmse-1.2316, valid_pr-0.7579
2025-07-15 16:47:31 - INFO - epoch-106, train_loss-0.4275, train_rmse-0.6539, valid_rmse-1.2125, valid_pr-0.7645
2025-07-15 16:47:36 - INFO - epoch-107, train_loss-0.4284, train_rmse-0.6545, valid_rmse-1.2552, valid_pr-0.7473
2025-07-15 16:47:41 - INFO - epoch-108, train_loss-0.4079, train_rmse-0.6386, valid_rmse-1.2426, valid_pr-0.7544
2025-07-15 16:47:46 - INFO - epoch-109, train_loss-0.4053, train_rmse-0.6367, valid_rmse-1.2253, valid_pr-0.7592
2025-07-15 16:47:51 - INFO - epoch-110, train_loss-0.4081, train_rmse-0.6388, valid_rmse-1.2658, valid_pr-0.7463
2025-07-15 16:47:56 - INFO - epoch-111, train_loss-0.4049, train_rmse-0.6364, valid_rmse-1.2517, valid_pr-0.7466
2025-07-15 16:48:01 - INFO - epoch-112, train_loss-0.4123, train_rmse-0.6421, valid_rmse-1.2458, valid_pr-0.7485
2025-07-15 16:48:06 - INFO - epoch-113, train_loss-0.3934, train_rmse-0.6272, valid_rmse-1.2492, valid_pr-0.7482
2025-07-15 16:48:11 - INFO - epoch-114, train_loss-0.3848, train_rmse-0.6203, valid_rmse-1.2437, valid_pr-0.7507
2025-07-15 16:48:16 - INFO - epoch-115, train_loss-0.4021, train_rmse-0.6342, valid_rmse-1.2669, valid_pr-0.7401
2025-07-15 16:48:21 - INFO - epoch-116, train_loss-0.3813, train_rmse-0.6175, valid_rmse-1.2629, valid_pr-0.7421
2025-07-15 16:48:26 - INFO - epoch-117, train_loss-0.3798, train_rmse-0.6163, valid_rmse-1.2385, valid_pr-0.7526
2025-07-15 16:48:31 - INFO - epoch-118, train_loss-0.3793, train_rmse-0.6158, valid_rmse-1.2517, valid_pr-0.7453
2025-07-15 16:48:36 - INFO - epoch-119, train_loss-0.3648, train_rmse-0.6040, valid_rmse-1.2375, valid_pr-0.7512
2025-07-15 16:48:41 - INFO - epoch-120, train_loss-0.3652, train_rmse-0.6043, valid_rmse-1.2449, valid_pr-0.7474
2025-07-15 16:48:46 - INFO - epoch-121, train_loss-0.3601, train_rmse-0.6001, valid_rmse-1.2513, valid_pr-0.7443
2025-07-15 16:48:50 - INFO - epoch-122, train_loss-0.3425, train_rmse-0.5853, valid_rmse-1.2350, valid_pr-0.7591
2025-07-15 16:48:55 - INFO - epoch-123, train_loss-0.3624, train_rmse-0.6020, valid_rmse-1.2380, valid_pr-0.7522
2025-07-15 16:49:00 - INFO - epoch-124, train_loss-0.3525, train_rmse-0.5938, valid_rmse-1.2550, valid_pr-0.7428
2025-07-15 16:49:05 - INFO - epoch-125, train_loss-0.3551, train_rmse-0.5959, valid_rmse-1.2344, valid_pr-0.7562
2025-07-15 16:49:11 - INFO - epoch-126, train_loss-0.3474, train_rmse-0.5894, valid_rmse-1.2256, valid_pr-0.7591
2025-07-15 16:49:16 - INFO - epoch-127, train_loss-0.3476, train_rmse-0.5896, valid_rmse-1.2327, valid_pr-0.7539
2025-07-15 16:49:21 - INFO - epoch-128, train_loss-0.3405, train_rmse-0.5835, valid_rmse-1.2359, valid_pr-0.7537
2025-07-15 16:49:26 - INFO - epoch-129, train_loss-0.3401, train_rmse-0.5832, valid_rmse-1.2171, valid_pr-0.7592
2025-07-15 16:49:30 - INFO - epoch-130, train_loss-0.3325, train_rmse-0.5766, valid_rmse-1.2410, valid_pr-0.7478
2025-07-15 16:49:35 - INFO - epoch-131, train_loss-0.3374, train_rmse-0.5808, valid_rmse-1.2305, valid_pr-0.7557
2025-07-15 16:49:40 - INFO - epoch-132, train_loss-0.3392, train_rmse-0.5824, valid_rmse-1.2312, valid_pr-0.7556
2025-07-15 16:49:45 - INFO - epoch-133, train_loss-0.3200, train_rmse-0.5657, valid_rmse-1.2237, valid_pr-0.7576
2025-07-15 16:49:50 - INFO - epoch-134, train_loss-0.3350, train_rmse-0.5788, valid_rmse-1.2426, valid_pr-0.7510
2025-07-15 16:49:55 - INFO - epoch-135, train_loss-0.3187, train_rmse-0.5645, valid_rmse-1.2294, valid_pr-0.7544
2025-07-15 16:49:59 - INFO - epoch-136, train_loss-0.3250, train_rmse-0.5700, valid_rmse-1.2478, valid_pr-0.7491
2025-07-15 16:50:05 - INFO - epoch-137, train_loss-0.3183, train_rmse-0.5642, valid_rmse-1.2524, valid_pr-0.7509
2025-07-15 16:50:10 - INFO - epoch-138, train_loss-0.3284, train_rmse-0.5730, valid_rmse-1.2175, valid_pr-0.7616
2025-07-15 16:50:15 - INFO - epoch-139, train_loss-0.3137, train_rmse-0.5601, valid_rmse-1.2059, valid_pr-0.7631
2025-07-15 16:50:19 - INFO - epoch-140, train_loss-0.3152, train_rmse-0.5614, valid_rmse-1.2295, valid_pr-0.7607
2025-07-15 16:50:24 - INFO - epoch-141, train_loss-0.3001, train_rmse-0.5478, valid_rmse-1.2187, valid_pr-0.7595
2025-07-15 16:50:29 - INFO - epoch-142, train_loss-0.3170, train_rmse-0.5630, valid_rmse-1.2027, valid_pr-0.7650
2025-07-15 16:50:34 - INFO - epoch-143, train_loss-0.3120, train_rmse-0.5586, valid_rmse-1.2346, valid_pr-0.7556
2025-07-15 16:50:39 - INFO - epoch-144, train_loss-0.3110, train_rmse-0.5577, valid_rmse-1.2380, valid_pr-0.7517
2025-07-15 16:50:44 - INFO - epoch-145, train_loss-0.2906, train_rmse-0.5390, valid_rmse-1.2102, valid_pr-0.7643
2025-07-15 16:50:49 - INFO - epoch-146, train_loss-0.3033, train_rmse-0.5507, valid_rmse-1.2408, valid_pr-0.7526
2025-07-15 16:50:54 - INFO - epoch-147, train_loss-0.2962, train_rmse-0.5442, valid_rmse-1.2623, valid_pr-0.7393
2025-07-15 16:50:59 - INFO - epoch-148, train_loss-0.3034, train_rmse-0.5508, valid_rmse-1.2221, valid_pr-0.7629
2025-07-15 16:51:04 - INFO - epoch-149, train_loss-0.3041, train_rmse-0.5514, valid_rmse-1.2428, valid_pr-0.7533
2025-07-15 16:51:09 - INFO - epoch-150, train_loss-0.2901, train_rmse-0.5386, valid_rmse-1.2210, valid_pr-0.7565
2025-07-15 16:51:14 - INFO - epoch-151, train_loss-0.2920, train_rmse-0.5403, valid_rmse-1.2289, valid_pr-0.7604
2025-07-15 16:51:19 - INFO - epoch-152, train_loss-0.2887, train_rmse-0.5373, valid_rmse-1.2180, valid_pr-0.7631
2025-07-15 16:51:24 - INFO - epoch-153, train_loss-0.2912, train_rmse-0.5396, valid_rmse-1.2468, valid_pr-0.7508
2025-07-15 16:51:29 - INFO - epoch-154, train_loss-0.2849, train_rmse-0.5337, valid_rmse-1.2532, valid_pr-0.7529
2025-07-15 16:51:34 - INFO - epoch-155, train_loss-0.2864, train_rmse-0.5351, valid_rmse-1.2345, valid_pr-0.7546
2025-07-15 16:51:38 - INFO - epoch-156, train_loss-0.2866, train_rmse-0.5353, valid_rmse-1.2110, valid_pr-0.7650
2025-07-15 16:51:43 - INFO - epoch-157, train_loss-0.2803, train_rmse-0.5294, valid_rmse-1.2241, valid_pr-0.7595
2025-07-15 16:51:48 - INFO - epoch-158, train_loss-0.2797, train_rmse-0.5288, valid_rmse-1.2200, valid_pr-0.7652
2025-07-15 16:51:54 - INFO - epoch-159, train_loss-0.2732, train_rmse-0.5227, valid_rmse-1.2226, valid_pr-0.7561
2025-07-15 16:51:59 - INFO - epoch-160, train_loss-0.2738, train_rmse-0.5233, valid_rmse-1.2254, valid_pr-0.7551
2025-07-15 16:52:03 - INFO - epoch-161, train_loss-0.2720, train_rmse-0.5216, valid_rmse-1.2510, valid_pr-0.7468
2025-07-15 16:52:08 - INFO - epoch-162, train_loss-0.2772, train_rmse-0.5265, valid_rmse-1.2287, valid_pr-0.7537
2025-07-15 16:52:13 - INFO - epoch-163, train_loss-0.2764, train_rmse-0.5257, valid_rmse-1.2232, valid_pr-0.7570
2025-07-15 16:52:18 - INFO - epoch-164, train_loss-0.2721, train_rmse-0.5216, valid_rmse-1.2096, valid_pr-0.7622
2025-07-15 16:52:23 - INFO - epoch-165, train_loss-0.2721, train_rmse-0.5216, valid_rmse-1.2242, valid_pr-0.7548
2025-07-15 16:52:28 - INFO - epoch-166, train_loss-0.2594, train_rmse-0.5093, valid_rmse-1.2285, valid_pr-0.7602
2025-07-15 16:52:33 - INFO - epoch-167, train_loss-0.2668, train_rmse-0.5166, valid_rmse-1.2125, valid_pr-0.7611
2025-07-15 16:52:38 - INFO - epoch-168, train_loss-0.2580, train_rmse-0.5080, valid_rmse-1.2227, valid_pr-0.7564
2025-07-15 16:52:43 - INFO - epoch-169, train_loss-0.2545, train_rmse-0.5045, valid_rmse-1.2261, valid_pr-0.7566
2025-07-15 16:52:49 - INFO - epoch-170, train_loss-0.2656, train_rmse-0.5154, valid_rmse-1.2035, valid_pr-0.7618
2025-07-15 16:52:54 - INFO - epoch-171, train_loss-0.2508, train_rmse-0.5008, valid_rmse-1.1965, valid_pr-0.7646
2025-07-15 16:52:59 - INFO - epoch-172, train_loss-0.2509, train_rmse-0.5009, valid_rmse-1.2338, valid_pr-0.7524
2025-07-15 16:53:04 - INFO - epoch-173, train_loss-0.2594, train_rmse-0.5093, valid_rmse-1.2110, valid_pr-0.7624
2025-07-15 16:53:09 - INFO - epoch-174, train_loss-0.2541, train_rmse-0.5041, valid_rmse-1.2057, valid_pr-0.7653
2025-07-15 16:53:14 - INFO - epoch-175, train_loss-0.2619, train_rmse-0.5117, valid_rmse-1.2061, valid_pr-0.7670
2025-07-15 16:53:19 - INFO - epoch-176, train_loss-0.2635, train_rmse-0.5133, valid_rmse-1.2158, valid_pr-0.7591
2025-07-15 16:53:24 - INFO - epoch-177, train_loss-0.2504, train_rmse-0.5004, valid_rmse-1.1995, valid_pr-0.7682
2025-07-15 16:53:29 - INFO - epoch-178, train_loss-0.2444, train_rmse-0.4944, valid_rmse-1.2016, valid_pr-0.7652
2025-07-15 16:53:34 - INFO - epoch-179, train_loss-0.2501, train_rmse-0.5001, valid_rmse-1.2197, valid_pr-0.7595
2025-07-15 16:53:39 - INFO - epoch-180, train_loss-0.2458, train_rmse-0.4958, valid_rmse-1.2066, valid_pr-0.7601
2025-07-15 16:53:44 - INFO - epoch-181, train_loss-0.2448, train_rmse-0.4948, valid_rmse-1.1937, valid_pr-0.7657
2025-07-15 16:53:49 - INFO - epoch-182, train_loss-0.2389, train_rmse-0.4887, valid_rmse-1.2419, valid_pr-0.7549
2025-07-15 16:53:54 - INFO - epoch-183, train_loss-0.2431, train_rmse-0.4930, valid_rmse-1.1905, valid_pr-0.7710
2025-07-15 16:53:59 - INFO - epoch-184, train_loss-0.2366, train_rmse-0.4864, valid_rmse-1.2184, valid_pr-0.7577
2025-07-15 16:54:04 - INFO - epoch-185, train_loss-0.2338, train_rmse-0.4836, valid_rmse-1.2023, valid_pr-0.7653
2025-07-15 16:54:09 - INFO - epoch-186, train_loss-0.2344, train_rmse-0.4841, valid_rmse-1.2361, valid_pr-0.7589
2025-07-15 16:54:14 - INFO - epoch-187, train_loss-0.2319, train_rmse-0.4816, valid_rmse-1.2336, valid_pr-0.7566
2025-07-15 16:54:19 - INFO - epoch-188, train_loss-0.2266, train_rmse-0.4760, valid_rmse-1.1990, valid_pr-0.7679
2025-07-15 16:54:24 - INFO - epoch-189, train_loss-0.2261, train_rmse-0.4755, valid_rmse-1.1898, valid_pr-0.7704
2025-07-15 16:54:29 - INFO - epoch-190, train_loss-0.2278, train_rmse-0.4773, valid_rmse-1.1961, valid_pr-0.7653
2025-07-15 16:54:34 - INFO - epoch-191, train_loss-0.2220, train_rmse-0.4711, valid_rmse-1.2021, valid_pr-0.7663
2025-07-15 16:54:39 - INFO - epoch-192, train_loss-0.2307, train_rmse-0.4803, valid_rmse-1.2032, valid_pr-0.7674
2025-07-15 16:54:44 - INFO - epoch-193, train_loss-0.2370, train_rmse-0.4869, valid_rmse-1.2042, valid_pr-0.7649
2025-07-15 16:54:49 - INFO - epoch-194, train_loss-0.2246, train_rmse-0.4740, valid_rmse-1.1926, valid_pr-0.7683
2025-07-15 16:54:54 - INFO - epoch-195, train_loss-0.2409, train_rmse-0.4908, valid_rmse-1.1784, valid_pr-0.7748
2025-07-15 16:54:59 - INFO - epoch-196, train_loss-0.2272, train_rmse-0.4766, valid_rmse-1.2100, valid_pr-0.7605
2025-07-15 16:55:05 - INFO - epoch-197, train_loss-0.2294, train_rmse-0.4790, valid_rmse-1.2001, valid_pr-0.7644
2025-07-15 16:55:10 - INFO - epoch-198, train_loss-0.2343, train_rmse-0.4841, valid_rmse-1.2195, valid_pr-0.7621
2025-07-15 16:55:15 - INFO - epoch-199, train_loss-0.2188, train_rmse-0.4678, valid_rmse-1.2221, valid_pr-0.7569
2025-07-15 16:55:20 - INFO - epoch-200, train_loss-0.2251, train_rmse-0.4745, valid_rmse-1.2229, valid_pr-0.7656
2025-07-15 16:55:25 - INFO - epoch-201, train_loss-0.2257, train_rmse-0.4751, valid_rmse-1.2153, valid_pr-0.7611
2025-07-15 16:55:30 - INFO - epoch-202, train_loss-0.2494, train_rmse-0.4994, valid_rmse-1.2320, valid_pr-0.7485
2025-07-15 16:55:35 - INFO - epoch-203, train_loss-0.2231, train_rmse-0.4723, valid_rmse-1.1843, valid_pr-0.7721
2025-07-15 16:55:40 - INFO - epoch-204, train_loss-0.2204, train_rmse-0.4695, valid_rmse-1.2095, valid_pr-0.7589
2025-07-15 16:55:45 - INFO - epoch-205, train_loss-0.2217, train_rmse-0.4708, valid_rmse-1.1828, valid_pr-0.7711
2025-07-15 16:55:50 - INFO - epoch-206, train_loss-0.2211, train_rmse-0.4703, valid_rmse-1.1873, valid_pr-0.7722
2025-07-15 16:55:55 - INFO - epoch-207, train_loss-0.2183, train_rmse-0.4673, valid_rmse-1.2068, valid_pr-0.7652
2025-07-15 16:56:00 - INFO - epoch-208, train_loss-0.2225, train_rmse-0.4717, valid_rmse-1.2054, valid_pr-0.7671
2025-07-15 16:56:05 - INFO - epoch-209, train_loss-0.2145, train_rmse-0.4631, valid_rmse-1.1973, valid_pr-0.7685
2025-07-15 16:56:10 - INFO - epoch-210, train_loss-0.2137, train_rmse-0.4623, valid_rmse-1.1956, valid_pr-0.7679
2025-07-15 16:56:15 - INFO - epoch-211, train_loss-0.2178, train_rmse-0.4667, valid_rmse-1.1929, valid_pr-0.7657
2025-07-15 16:56:20 - INFO - epoch-212, train_loss-0.2191, train_rmse-0.4680, valid_rmse-1.1905, valid_pr-0.7716
2025-07-15 16:56:25 - INFO - epoch-213, train_loss-0.2148, train_rmse-0.4634, valid_rmse-1.2061, valid_pr-0.7627
2025-07-15 16:56:30 - INFO - epoch-214, train_loss-0.2170, train_rmse-0.4658, valid_rmse-1.1969, valid_pr-0.7669
2025-07-15 16:56:35 - INFO - epoch-215, train_loss-0.2061, train_rmse-0.4540, valid_rmse-1.1998, valid_pr-0.7650
2025-07-15 16:56:40 - INFO - epoch-216, train_loss-0.2198, train_rmse-0.4689, valid_rmse-1.2124, valid_pr-0.7642
2025-07-15 16:56:45 - INFO - epoch-217, train_loss-0.2107, train_rmse-0.4590, valid_rmse-1.1868, valid_pr-0.7692
2025-07-15 16:56:50 - INFO - epoch-218, train_loss-0.2198, train_rmse-0.4688, valid_rmse-1.2134, valid_pr-0.7625
2025-07-15 16:56:56 - INFO - epoch-219, train_loss-0.2016, train_rmse-0.4490, valid_rmse-1.1909, valid_pr-0.7702
2025-07-15 16:57:01 - INFO - epoch-220, train_loss-0.1989, train_rmse-0.4460, valid_rmse-1.2130, valid_pr-0.7635
2025-07-15 16:57:06 - INFO - epoch-221, train_loss-0.2056, train_rmse-0.4534, valid_rmse-1.2030, valid_pr-0.7678
2025-07-15 16:57:11 - INFO - epoch-222, train_loss-0.2153, train_rmse-0.4640, valid_rmse-1.2179, valid_pr-0.7605
2025-07-15 16:57:16 - INFO - epoch-223, train_loss-0.1978, train_rmse-0.4447, valid_rmse-1.2112, valid_pr-0.7615
2025-07-15 16:57:21 - INFO - epoch-224, train_loss-0.2052, train_rmse-0.4530, valid_rmse-1.1779, valid_pr-0.7729
2025-07-15 16:57:26 - INFO - epoch-225, train_loss-0.2034, train_rmse-0.4510, valid_rmse-1.1985, valid_pr-0.7661
2025-07-15 16:57:31 - INFO - epoch-226, train_loss-0.1939, train_rmse-0.4403, valid_rmse-1.1891, valid_pr-0.7667
2025-07-15 16:57:36 - INFO - epoch-227, train_loss-0.2010, train_rmse-0.4483, valid_rmse-1.1898, valid_pr-0.7695
2025-07-15 16:57:41 - INFO - epoch-228, train_loss-0.1977, train_rmse-0.4446, valid_rmse-1.2059, valid_pr-0.7638
2025-07-15 16:57:46 - INFO - epoch-229, train_loss-0.2044, train_rmse-0.4521, valid_rmse-1.2104, valid_pr-0.7655
2025-07-15 16:57:51 - INFO - epoch-230, train_loss-0.2036, train_rmse-0.4512, valid_rmse-1.2039, valid_pr-0.7626
2025-07-15 16:57:56 - INFO - epoch-231, train_loss-0.2028, train_rmse-0.4504, valid_rmse-1.2191, valid_pr-0.7575
2025-07-15 16:58:01 - INFO - epoch-232, train_loss-0.2097, train_rmse-0.4579, valid_rmse-1.2108, valid_pr-0.7614
2025-07-15 16:58:06 - INFO - epoch-233, train_loss-0.1901, train_rmse-0.4360, valid_rmse-1.2105, valid_pr-0.7639
2025-07-15 16:58:11 - INFO - epoch-234, train_loss-0.2005, train_rmse-0.4477, valid_rmse-1.1934, valid_pr-0.7684
2025-07-15 16:58:16 - INFO - epoch-235, train_loss-0.1997, train_rmse-0.4469, valid_rmse-1.1826, valid_pr-0.7714
2025-07-15 16:58:21 - INFO - epoch-236, train_loss-0.2011, train_rmse-0.4484, valid_rmse-1.1901, valid_pr-0.7675
2025-07-15 16:58:26 - INFO - epoch-237, train_loss-0.1975, train_rmse-0.4444, valid_rmse-1.2125, valid_pr-0.7580
2025-07-15 16:58:31 - INFO - epoch-238, train_loss-0.1930, train_rmse-0.4393, valid_rmse-1.1929, valid_pr-0.7664
2025-07-15 16:58:36 - INFO - epoch-239, train_loss-0.1918, train_rmse-0.4380, valid_rmse-1.2205, valid_pr-0.7566
2025-07-15 16:58:41 - INFO - epoch-240, train_loss-0.2000, train_rmse-0.4473, valid_rmse-1.2140, valid_pr-0.7584
2025-07-15 16:58:46 - INFO - epoch-241, train_loss-0.1993, train_rmse-0.4464, valid_rmse-1.2168, valid_pr-0.7599
2025-07-15 16:58:51 - INFO - epoch-242, train_loss-0.1830, train_rmse-0.4278, valid_rmse-1.2303, valid_pr-0.7611
2025-07-15 16:58:56 - INFO - epoch-243, train_loss-0.1956, train_rmse-0.4423, valid_rmse-1.1966, valid_pr-0.7660
2025-07-15 16:59:01 - INFO - epoch-244, train_loss-0.2001, train_rmse-0.4473, valid_rmse-1.1985, valid_pr-0.7652
2025-07-15 16:59:06 - INFO - epoch-245, train_loss-0.1746, train_rmse-0.4179, valid_rmse-1.2061, valid_pr-0.7612
2025-07-15 16:59:11 - INFO - epoch-246, train_loss-0.1899, train_rmse-0.4358, valid_rmse-1.2294, valid_pr-0.7563
2025-07-15 16:59:16 - INFO - epoch-247, train_loss-0.1948, train_rmse-0.4414, valid_rmse-1.2008, valid_pr-0.7644
2025-07-15 16:59:21 - INFO - epoch-248, train_loss-0.1811, train_rmse-0.4256, valid_rmse-1.1928, valid_pr-0.7660
2025-07-15 16:59:26 - INFO - epoch-249, train_loss-0.1931, train_rmse-0.4394, valid_rmse-1.2001, valid_pr-0.7667
2025-07-15 16:59:31 - INFO - epoch-250, train_loss-0.1911, train_rmse-0.4371, valid_rmse-1.2097, valid_pr-0.7592
2025-07-15 16:59:36 - INFO - epoch-251, train_loss-0.1817, train_rmse-0.4263, valid_rmse-1.1900, valid_pr-0.7662
2025-07-15 16:59:41 - INFO - epoch-252, train_loss-0.1853, train_rmse-0.4304, valid_rmse-1.1970, valid_pr-0.7657
2025-07-15 16:59:46 - INFO - epoch-253, train_loss-0.1729, train_rmse-0.4158, valid_rmse-1.1855, valid_pr-0.7697
2025-07-15 16:59:51 - INFO - epoch-254, train_loss-0.1832, train_rmse-0.4281, valid_rmse-1.1986, valid_pr-0.7655
2025-07-15 16:59:56 - INFO - epoch-255, train_loss-0.1938, train_rmse-0.4403, valid_rmse-1.1953, valid_pr-0.7685
2025-07-15 17:00:01 - INFO - epoch-256, train_loss-0.1881, train_rmse-0.4337, valid_rmse-1.1949, valid_pr-0.7656
2025-07-15 17:00:06 - INFO - epoch-257, train_loss-0.1930, train_rmse-0.4393, valid_rmse-1.1847, valid_pr-0.7706
2025-07-15 17:00:11 - INFO - epoch-258, train_loss-0.1795, train_rmse-0.4237, valid_rmse-1.2006, valid_pr-0.7621
2025-07-15 17:00:16 - INFO - epoch-259, train_loss-0.1810, train_rmse-0.4255, valid_rmse-1.1970, valid_pr-0.7647
2025-07-15 17:00:21 - INFO - epoch-260, train_loss-0.1802, train_rmse-0.4245, valid_rmse-1.2002, valid_pr-0.7681
2025-07-15 17:00:26 - INFO - epoch-261, train_loss-0.1834, train_rmse-0.4282, valid_rmse-1.1819, valid_pr-0.7732
2025-07-15 17:00:31 - INFO - epoch-262, train_loss-0.1830, train_rmse-0.4277, valid_rmse-1.1807, valid_pr-0.7715
2025-07-15 17:00:36 - INFO - epoch-263, train_loss-0.1737, train_rmse-0.4167, valid_rmse-1.1976, valid_pr-0.7691
2025-07-15 17:00:41 - INFO - epoch-264, train_loss-0.1825, train_rmse-0.4272, valid_rmse-1.1839, valid_pr-0.7711
2025-07-15 17:00:46 - INFO - epoch-265, train_loss-0.1860, train_rmse-0.4313, valid_rmse-1.1692, valid_pr-0.7750
2025-07-15 17:00:51 - INFO - epoch-266, train_loss-0.1723, train_rmse-0.4151, valid_rmse-1.1926, valid_pr-0.7691
2025-07-15 17:00:56 - INFO - epoch-267, train_loss-0.1961, train_rmse-0.4428, valid_rmse-1.2032, valid_pr-0.7628
2025-07-15 17:01:02 - INFO - epoch-268, train_loss-0.1609, train_rmse-0.4011, valid_rmse-1.1962, valid_pr-0.7687
2025-07-15 17:01:07 - INFO - epoch-269, train_loss-0.1786, train_rmse-0.4226, valid_rmse-1.1806, valid_pr-0.7734
2025-07-15 17:01:12 - INFO - epoch-270, train_loss-0.1793, train_rmse-0.4234, valid_rmse-1.1836, valid_pr-0.7719
2025-07-15 17:01:17 - INFO - epoch-271, train_loss-0.1761, train_rmse-0.4196, valid_rmse-1.1824, valid_pr-0.7708
2025-07-15 17:01:22 - INFO - epoch-272, train_loss-0.1749, train_rmse-0.4182, valid_rmse-1.2065, valid_pr-0.7628
2025-07-15 17:01:27 - INFO - epoch-273, train_loss-0.1793, train_rmse-0.4234, valid_rmse-1.2096, valid_pr-0.7607
2025-07-15 17:01:32 - INFO - epoch-274, train_loss-0.1721, train_rmse-0.4149, valid_rmse-1.2089, valid_pr-0.7650
2025-07-15 17:01:37 - INFO - epoch-275, train_loss-0.1727, train_rmse-0.4155, valid_rmse-1.1990, valid_pr-0.7647
2025-07-15 17:01:42 - INFO - epoch-276, train_loss-0.1672, train_rmse-0.4089, valid_rmse-1.1801, valid_pr-0.7714
2025-07-15 17:01:47 - INFO - epoch-277, train_loss-0.1647, train_rmse-0.4058, valid_rmse-1.1950, valid_pr-0.7688
2025-07-15 17:01:52 - INFO - epoch-278, train_loss-0.1707, train_rmse-0.4132, valid_rmse-1.2183, valid_pr-0.7536
2025-07-15 17:01:57 - INFO - epoch-279, train_loss-0.1760, train_rmse-0.4196, valid_rmse-1.1926, valid_pr-0.7676
2025-07-15 17:02:02 - INFO - epoch-280, train_loss-0.1700, train_rmse-0.4124, valid_rmse-1.2091, valid_pr-0.7603
2025-07-15 17:02:07 - INFO - epoch-281, train_loss-0.1690, train_rmse-0.4112, valid_rmse-1.2107, valid_pr-0.7624
2025-07-15 17:02:12 - INFO - epoch-282, train_loss-0.1676, train_rmse-0.4094, valid_rmse-1.2120, valid_pr-0.7570
2025-07-15 17:02:17 - INFO - epoch-283, train_loss-0.1809, train_rmse-0.4253, valid_rmse-1.1870, valid_pr-0.7671
2025-07-15 17:02:22 - INFO - epoch-284, train_loss-0.1792, train_rmse-0.4234, valid_rmse-1.1940, valid_pr-0.7681
2025-07-15 17:02:27 - INFO - epoch-285, train_loss-0.1598, train_rmse-0.3998, valid_rmse-1.1877, valid_pr-0.7732
2025-07-15 17:02:32 - INFO - epoch-286, train_loss-0.1804, train_rmse-0.4247, valid_rmse-1.1938, valid_pr-0.7680
2025-07-15 17:02:37 - INFO - epoch-287, train_loss-0.1676, train_rmse-0.4093, valid_rmse-1.1913, valid_pr-0.7705
2025-07-15 17:02:42 - INFO - epoch-288, train_loss-0.1708, train_rmse-0.4133, valid_rmse-1.2068, valid_pr-0.7618
2025-07-15 17:02:47 - INFO - epoch-289, train_loss-0.1660, train_rmse-0.4074, valid_rmse-1.1920, valid_pr-0.7666
2025-07-15 17:02:52 - INFO - epoch-290, train_loss-0.1657, train_rmse-0.4071, valid_rmse-1.1967, valid_pr-0.7659
2025-07-15 17:02:57 - INFO - epoch-291, train_loss-0.1701, train_rmse-0.4125, valid_rmse-1.1781, valid_pr-0.7740
2025-07-15 17:03:02 - INFO - epoch-292, train_loss-0.1595, train_rmse-0.3993, valid_rmse-1.1924, valid_pr-0.7682
2025-07-15 17:03:07 - INFO - epoch-293, train_loss-0.1595, train_rmse-0.3994, valid_rmse-1.1816, valid_pr-0.7738
2025-07-15 17:03:12 - INFO - epoch-294, train_loss-0.1728, train_rmse-0.4157, valid_rmse-1.1811, valid_pr-0.7739
2025-07-15 17:03:17 - INFO - epoch-295, train_loss-0.1679, train_rmse-0.4098, valid_rmse-1.1859, valid_pr-0.7733
2025-07-15 17:03:23 - INFO - epoch-296, train_loss-0.1681, train_rmse-0.4100, valid_rmse-1.1846, valid_pr-0.7709
2025-07-15 17:03:28 - INFO - epoch-297, train_loss-0.1615, train_rmse-0.4018, valid_rmse-1.1861, valid_pr-0.7710
2025-07-15 17:03:33 - INFO - epoch-298, train_loss-0.1732, train_rmse-0.4162, valid_rmse-1.1646, valid_pr-0.7783
2025-07-15 17:03:38 - INFO - epoch-299, train_loss-0.1678, train_rmse-0.4097, valid_rmse-1.2009, valid_pr-0.7676
2025-07-15 17:03:43 - INFO - epoch-300, train_loss-0.1669, train_rmse-0.4085, valid_rmse-1.1968, valid_pr-0.7671
2025-07-15 17:03:48 - INFO - epoch-301, train_loss-0.1714, train_rmse-0.4141, valid_rmse-1.1810, valid_pr-0.7722
2025-07-15 17:03:53 - INFO - epoch-302, train_loss-0.1723, train_rmse-0.4150, valid_rmse-1.1834, valid_pr-0.7723
2025-07-15 17:03:58 - INFO - epoch-303, train_loss-0.1583, train_rmse-0.3978, valid_rmse-1.2005, valid_pr-0.7627
2025-07-15 17:04:03 - INFO - epoch-304, train_loss-0.1584, train_rmse-0.3980, valid_rmse-1.1709, valid_pr-0.7771
2025-07-15 17:04:08 - INFO - epoch-305, train_loss-0.1620, train_rmse-0.4025, valid_rmse-1.1942, valid_pr-0.7687
2025-07-15 17:04:13 - INFO - epoch-306, train_loss-0.1697, train_rmse-0.4120, valid_rmse-1.2024, valid_pr-0.7616
2025-07-15 17:04:18 - INFO - epoch-307, train_loss-0.1716, train_rmse-0.4142, valid_rmse-1.1866, valid_pr-0.7703
2025-07-15 17:04:23 - INFO - epoch-308, train_loss-0.1567, train_rmse-0.3958, valid_rmse-1.1979, valid_pr-0.7657
2025-07-15 17:04:28 - INFO - epoch-309, train_loss-0.1640, train_rmse-0.4050, valid_rmse-1.1872, valid_pr-0.7682
2025-07-15 17:04:33 - INFO - epoch-310, train_loss-0.1623, train_rmse-0.4029, valid_rmse-1.1828, valid_pr-0.7720
2025-07-15 17:04:38 - INFO - epoch-311, train_loss-0.1693, train_rmse-0.4115, valid_rmse-1.1976, valid_pr-0.7671
2025-07-15 17:04:43 - INFO - epoch-312, train_loss-0.1598, train_rmse-0.3998, valid_rmse-1.1739, valid_pr-0.7756
2025-07-15 17:04:48 - INFO - epoch-313, train_loss-0.1518, train_rmse-0.3896, valid_rmse-1.2057, valid_pr-0.7641
2025-07-15 17:04:53 - INFO - epoch-314, train_loss-0.1666, train_rmse-0.4082, valid_rmse-1.1855, valid_pr-0.7703
2025-07-15 17:04:58 - INFO - epoch-315, train_loss-0.1680, train_rmse-0.4099, valid_rmse-1.2077, valid_pr-0.7642
2025-07-15 17:05:03 - INFO - epoch-316, train_loss-0.1580, train_rmse-0.3975, valid_rmse-1.2091, valid_pr-0.7673
2025-07-15 17:05:08 - INFO - epoch-317, train_loss-0.1666, train_rmse-0.4082, valid_rmse-1.1892, valid_pr-0.7694
2025-07-15 17:05:13 - INFO - epoch-318, train_loss-0.1544, train_rmse-0.3929, valid_rmse-1.1940, valid_pr-0.7677
2025-07-15 17:05:18 - INFO - epoch-319, train_loss-0.1439, train_rmse-0.3793, valid_rmse-1.2077, valid_pr-0.7648
2025-07-15 17:05:23 - INFO - epoch-320, train_loss-0.1530, train_rmse-0.3911, valid_rmse-1.1914, valid_pr-0.7673
2025-07-15 17:05:28 - INFO - epoch-321, train_loss-0.1535, train_rmse-0.3918, valid_rmse-1.1832, valid_pr-0.7696
2025-07-15 17:05:33 - INFO - epoch-322, train_loss-0.1484, train_rmse-0.3852, valid_rmse-1.1745, valid_pr-0.7738
2025-07-15 17:05:38 - INFO - epoch-323, train_loss-0.1521, train_rmse-0.3900, valid_rmse-1.1922, valid_pr-0.7714
2025-07-15 17:05:43 - INFO - epoch-324, train_loss-0.1663, train_rmse-0.4078, valid_rmse-1.1771, valid_pr-0.7745
2025-07-15 17:05:48 - INFO - epoch-325, train_loss-0.1499, train_rmse-0.3871, valid_rmse-1.1764, valid_pr-0.7730
2025-07-15 17:05:53 - INFO - epoch-326, train_loss-0.1517, train_rmse-0.3895, valid_rmse-1.2088, valid_pr-0.7668
2025-07-15 17:05:58 - INFO - epoch-327, train_loss-0.1576, train_rmse-0.3970, valid_rmse-1.1957, valid_pr-0.7691
2025-07-15 17:06:03 - INFO - epoch-328, train_loss-0.1540, train_rmse-0.3924, valid_rmse-1.1908, valid_pr-0.7709
2025-07-15 17:06:08 - INFO - epoch-329, train_loss-0.1448, train_rmse-0.3805, valid_rmse-1.1745, valid_pr-0.7739
2025-07-15 17:06:13 - INFO - epoch-330, train_loss-0.1499, train_rmse-0.3872, valid_rmse-1.1839, valid_pr-0.7708
2025-07-15 17:06:18 - INFO - epoch-331, train_loss-0.1476, train_rmse-0.3841, valid_rmse-1.1766, valid_pr-0.7738
2025-07-15 17:06:23 - INFO - epoch-332, train_loss-0.1546, train_rmse-0.3932, valid_rmse-1.1887, valid_pr-0.7669
2025-07-15 17:06:28 - INFO - epoch-333, train_loss-0.1442, train_rmse-0.3797, valid_rmse-1.1884, valid_pr-0.7681
2025-07-15 17:06:33 - INFO - epoch-334, train_loss-0.1481, train_rmse-0.3849, valid_rmse-1.1853, valid_pr-0.7684
2025-07-15 17:06:38 - INFO - epoch-335, train_loss-0.1498, train_rmse-0.3870, valid_rmse-1.1896, valid_pr-0.7704
2025-07-15 17:06:44 - INFO - epoch-336, train_loss-0.1484, train_rmse-0.3852, valid_rmse-1.1876, valid_pr-0.7700
2025-07-15 17:06:49 - INFO - epoch-337, train_loss-0.1439, train_rmse-0.3793, valid_rmse-1.1978, valid_pr-0.7693
2025-07-15 17:06:54 - INFO - epoch-338, train_loss-0.1511, train_rmse-0.3887, valid_rmse-1.1834, valid_pr-0.7696
2025-07-15 17:06:59 - INFO - epoch-339, train_loss-0.1467, train_rmse-0.3830, valid_rmse-1.1687, valid_pr-0.7775
2025-07-15 17:07:04 - INFO - epoch-340, train_loss-0.1438, train_rmse-0.3792, valid_rmse-1.1898, valid_pr-0.7706
2025-07-15 17:07:09 - INFO - epoch-341, train_loss-0.1537, train_rmse-0.3920, valid_rmse-1.1801, valid_pr-0.7730
2025-07-15 17:07:14 - INFO - epoch-342, train_loss-0.1475, train_rmse-0.3841, valid_rmse-1.1906, valid_pr-0.7663
2025-07-15 17:07:19 - INFO - epoch-343, train_loss-0.1458, train_rmse-0.3818, valid_rmse-1.2184, valid_pr-0.7566
2025-07-15 17:07:24 - INFO - epoch-344, train_loss-0.1534, train_rmse-0.3917, valid_rmse-1.1947, valid_pr-0.7664
2025-07-15 17:07:29 - INFO - epoch-345, train_loss-0.1468, train_rmse-0.3831, valid_rmse-1.2047, valid_pr-0.7615
2025-07-15 17:07:34 - INFO - epoch-346, train_loss-0.1629, train_rmse-0.4036, valid_rmse-1.1914, valid_pr-0.7712
2025-07-15 17:07:40 - INFO - epoch-347, train_loss-0.1541, train_rmse-0.3926, valid_rmse-1.1993, valid_pr-0.7652
2025-07-15 17:07:45 - INFO - epoch-348, train_loss-0.1429, train_rmse-0.3780, valid_rmse-1.1878, valid_pr-0.7686
2025-07-15 17:07:50 - INFO - epoch-349, train_loss-0.1478, train_rmse-0.3845, valid_rmse-1.1849, valid_pr-0.7706
2025-07-15 17:07:55 - INFO - epoch-350, train_loss-0.1429, train_rmse-0.3781, valid_rmse-1.1876, valid_pr-0.7720
2025-07-15 17:08:00 - INFO - epoch-351, train_loss-0.1418, train_rmse-0.3765, valid_rmse-1.1951, valid_pr-0.7659
2025-07-15 17:08:05 - INFO - epoch-352, train_loss-0.1453, train_rmse-0.3812, valid_rmse-1.1846, valid_pr-0.7725
2025-07-15 17:08:10 - INFO - epoch-353, train_loss-0.1440, train_rmse-0.3794, valid_rmse-1.1855, valid_pr-0.7709
2025-07-15 17:08:15 - INFO - epoch-354, train_loss-0.1561, train_rmse-0.3951, valid_rmse-1.2095, valid_pr-0.7594
2025-07-15 17:08:20 - INFO - epoch-355, train_loss-0.1498, train_rmse-0.3870, valid_rmse-1.1794, valid_pr-0.7721
2025-07-15 17:08:25 - INFO - epoch-356, train_loss-0.1530, train_rmse-0.3911, valid_rmse-1.1933, valid_pr-0.7668
2025-07-15 17:08:30 - INFO - epoch-357, train_loss-0.1469, train_rmse-0.3833, valid_rmse-1.1873, valid_pr-0.7692
2025-07-15 17:08:36 - INFO - epoch-358, train_loss-0.1434, train_rmse-0.3787, valid_rmse-1.1827, valid_pr-0.7708
2025-07-15 17:08:41 - INFO - epoch-359, train_loss-0.1472, train_rmse-0.3837, valid_rmse-1.1829, valid_pr-0.7736
2025-07-15 17:08:46 - INFO - epoch-360, train_loss-0.1541, train_rmse-0.3926, valid_rmse-1.1917, valid_pr-0.7672
2025-07-15 17:08:51 - INFO - epoch-361, train_loss-0.1391, train_rmse-0.3729, valid_rmse-1.1908, valid_pr-0.7703
2025-07-15 17:08:56 - INFO - epoch-362, train_loss-0.1450, train_rmse-0.3808, valid_rmse-1.1834, valid_pr-0.7720
2025-07-15 17:09:01 - INFO - epoch-363, train_loss-0.1339, train_rmse-0.3659, valid_rmse-1.1773, valid_pr-0.7728
2025-07-15 17:09:06 - INFO - epoch-364, train_loss-0.1465, train_rmse-0.3828, valid_rmse-1.1816, valid_pr-0.7697
2025-07-15 17:09:11 - INFO - epoch-365, train_loss-0.1433, train_rmse-0.3785, valid_rmse-1.1756, valid_pr-0.7749
2025-07-15 17:09:16 - INFO - epoch-366, train_loss-0.1413, train_rmse-0.3759, valid_rmse-1.1813, valid_pr-0.7743
2025-07-15 17:09:21 - INFO - epoch-367, train_loss-0.1500, train_rmse-0.3872, valid_rmse-1.1817, valid_pr-0.7725
2025-07-15 17:09:26 - INFO - epoch-368, train_loss-0.1334, train_rmse-0.3652, valid_rmse-1.1909, valid_pr-0.7671
2025-07-15 17:09:31 - INFO - epoch-369, train_loss-0.1445, train_rmse-0.3801, valid_rmse-1.1835, valid_pr-0.7715
2025-07-15 17:09:36 - INFO - epoch-370, train_loss-0.1425, train_rmse-0.3775, valid_rmse-1.1812, valid_pr-0.7719
2025-07-15 17:09:41 - INFO - epoch-371, train_loss-0.1328, train_rmse-0.3644, valid_rmse-1.1698, valid_pr-0.7764
2025-07-15 17:09:47 - INFO - epoch-372, train_loss-0.1386, train_rmse-0.3723, valid_rmse-1.1732, valid_pr-0.7739
2025-07-15 17:09:52 - INFO - epoch-373, train_loss-0.1391, train_rmse-0.3729, valid_rmse-1.1702, valid_pr-0.7746
2025-07-15 17:09:57 - INFO - epoch-374, train_loss-0.1471, train_rmse-0.3835, valid_rmse-1.1822, valid_pr-0.7739
2025-07-15 17:10:02 - INFO - epoch-375, train_loss-0.1449, train_rmse-0.3806, valid_rmse-1.1984, valid_pr-0.7646
2025-07-15 17:10:07 - INFO - epoch-376, train_loss-0.1397, train_rmse-0.3737, valid_rmse-1.1973, valid_pr-0.7640
2025-07-15 17:10:12 - INFO - epoch-377, train_loss-0.1384, train_rmse-0.3720, valid_rmse-1.1804, valid_pr-0.7706
2025-07-15 17:10:17 - INFO - epoch-378, train_loss-0.1360, train_rmse-0.3687, valid_rmse-1.1718, valid_pr-0.7749
2025-07-15 17:10:22 - INFO - epoch-379, train_loss-0.1402, train_rmse-0.3744, valid_rmse-1.1985, valid_pr-0.7662
2025-07-15 17:10:27 - INFO - epoch-380, train_loss-0.1370, train_rmse-0.3701, valid_rmse-1.1832, valid_pr-0.7697
2025-07-15 17:10:33 - INFO - epoch-381, train_loss-0.1521, train_rmse-0.3900, valid_rmse-1.1690, valid_pr-0.7757
2025-07-15 17:10:38 - INFO - epoch-382, train_loss-0.1426, train_rmse-0.3776, valid_rmse-1.1852, valid_pr-0.7724
2025-07-15 17:10:43 - INFO - epoch-383, train_loss-0.1335, train_rmse-0.3654, valid_rmse-1.1839, valid_pr-0.7691
2025-07-15 17:10:48 - INFO - epoch-384, train_loss-0.1392, train_rmse-0.3730, valid_rmse-1.1899, valid_pr-0.7692
2025-07-15 17:10:53 - INFO - epoch-385, train_loss-0.1394, train_rmse-0.3734, valid_rmse-1.1834, valid_pr-0.7730
2025-07-15 17:10:58 - INFO - epoch-386, train_loss-0.1438, train_rmse-0.3792, valid_rmse-1.2015, valid_pr-0.7635
2025-07-15 17:11:03 - INFO - epoch-387, train_loss-0.1341, train_rmse-0.3662, valid_rmse-1.1833, valid_pr-0.7713
2025-07-15 17:11:08 - INFO - epoch-388, train_loss-0.1389, train_rmse-0.3727, valid_rmse-1.1803, valid_pr-0.7722
2025-07-15 17:11:13 - INFO - epoch-389, train_loss-0.1442, train_rmse-0.3798, valid_rmse-1.1853, valid_pr-0.7718
2025-07-15 17:11:18 - INFO - epoch-390, train_loss-0.1496, train_rmse-0.3867, valid_rmse-1.1723, valid_pr-0.7747
2025-07-15 17:11:23 - INFO - epoch-391, train_loss-0.1383, train_rmse-0.3719, valid_rmse-1.1525, valid_pr-0.7824
2025-07-15 17:11:28 - INFO - epoch-392, train_loss-0.1365, train_rmse-0.3695, valid_rmse-1.1739, valid_pr-0.7740
2025-07-15 17:11:33 - INFO - epoch-393, train_loss-0.1395, train_rmse-0.3735, valid_rmse-1.1668, valid_pr-0.7770
2025-07-15 17:11:38 - INFO - epoch-394, train_loss-0.1341, train_rmse-0.3661, valid_rmse-1.1699, valid_pr-0.7738
2025-07-15 17:11:43 - INFO - epoch-395, train_loss-0.1385, train_rmse-0.3722, valid_rmse-1.1745, valid_pr-0.7744
2025-07-15 17:11:48 - INFO - epoch-396, train_loss-0.1384, train_rmse-0.3720, valid_rmse-1.1785, valid_pr-0.7710
2025-07-15 17:11:53 - INFO - epoch-397, train_loss-0.1341, train_rmse-0.3662, valid_rmse-1.1828, valid_pr-0.7690
2025-07-15 17:11:58 - INFO - epoch-398, train_loss-0.1386, train_rmse-0.3723, valid_rmse-1.1849, valid_pr-0.7696
2025-07-15 17:12:03 - INFO - epoch-399, train_loss-0.1310, train_rmse-0.3619, valid_rmse-1.1903, valid_pr-0.7682
2025-07-15 17:12:08 - INFO - epoch-400, train_loss-0.1341, train_rmse-0.3662, valid_rmse-1.1948, valid_pr-0.7712
2025-07-15 17:12:13 - INFO - epoch-401, train_loss-0.1353, train_rmse-0.3679, valid_rmse-1.1971, valid_pr-0.7688
2025-07-15 17:12:18 - INFO - epoch-402, train_loss-0.1349, train_rmse-0.3673, valid_rmse-1.1882, valid_pr-0.7675
2025-07-15 17:12:23 - INFO - epoch-403, train_loss-0.1285, train_rmse-0.3584, valid_rmse-1.1933, valid_pr-0.7664
2025-07-15 17:12:28 - INFO - epoch-404, train_loss-0.1553, train_rmse-0.3941, valid_rmse-1.1766, valid_pr-0.7720
2025-07-15 17:12:34 - INFO - epoch-405, train_loss-0.1281, train_rmse-0.3579, valid_rmse-1.1663, valid_pr-0.7779
2025-07-15 17:12:39 - INFO - epoch-406, train_loss-0.1311, train_rmse-0.3621, valid_rmse-1.1634, valid_pr-0.7798
2025-07-15 17:12:44 - INFO - epoch-407, train_loss-0.1303, train_rmse-0.3610, valid_rmse-1.1810, valid_pr-0.7756
2025-07-15 17:12:49 - INFO - epoch-408, train_loss-0.1336, train_rmse-0.3656, valid_rmse-1.1763, valid_pr-0.7723
2025-07-15 17:12:54 - INFO - epoch-409, train_loss-0.1321, train_rmse-0.3634, valid_rmse-1.1995, valid_pr-0.7663
2025-07-15 17:12:59 - INFO - epoch-410, train_loss-0.1241, train_rmse-0.3523, valid_rmse-1.1774, valid_pr-0.7739
2025-07-15 17:13:04 - INFO - epoch-411, train_loss-0.1293, train_rmse-0.3596, valid_rmse-1.1970, valid_pr-0.7647
2025-07-15 17:13:09 - INFO - epoch-412, train_loss-0.1227, train_rmse-0.3502, valid_rmse-1.1898, valid_pr-0.7666
2025-07-15 17:13:14 - INFO - epoch-413, train_loss-0.1359, train_rmse-0.3687, valid_rmse-1.1803, valid_pr-0.7711
2025-07-15 17:13:19 - INFO - epoch-414, train_loss-0.1293, train_rmse-0.3595, valid_rmse-1.1675, valid_pr-0.7757
2025-07-15 17:13:24 - INFO - epoch-415, train_loss-0.1281, train_rmse-0.3579, valid_rmse-1.1792, valid_pr-0.7745
2025-07-15 17:13:29 - INFO - epoch-416, train_loss-0.1320, train_rmse-0.3633, valid_rmse-1.1763, valid_pr-0.7733
2025-07-15 17:13:34 - INFO - epoch-417, train_loss-0.1296, train_rmse-0.3599, valid_rmse-1.1862, valid_pr-0.7702
2025-07-15 17:13:39 - INFO - epoch-418, train_loss-0.1361, train_rmse-0.3689, valid_rmse-1.1935, valid_pr-0.7664
2025-07-15 17:13:44 - INFO - epoch-419, train_loss-0.1360, train_rmse-0.3688, valid_rmse-1.1949, valid_pr-0.7641
2025-07-15 17:13:49 - INFO - epoch-420, train_loss-0.1314, train_rmse-0.3625, valid_rmse-1.1800, valid_pr-0.7708
2025-07-15 17:13:54 - INFO - epoch-421, train_loss-0.1260, train_rmse-0.3549, valid_rmse-1.1785, valid_pr-0.7731
2025-07-15 17:13:59 - INFO - epoch-422, train_loss-0.1292, train_rmse-0.3594, valid_rmse-1.1955, valid_pr-0.7676
2025-07-15 17:14:04 - INFO - epoch-423, train_loss-0.1252, train_rmse-0.3539, valid_rmse-1.1947, valid_pr-0.7682
2025-07-15 17:14:09 - INFO - epoch-424, train_loss-0.1254, train_rmse-0.3541, valid_rmse-1.1957, valid_pr-0.7696
2025-07-15 17:14:14 - INFO - epoch-425, train_loss-0.1211, train_rmse-0.3480, valid_rmse-1.1804, valid_pr-0.7716
2025-07-15 17:14:19 - INFO - epoch-426, train_loss-0.1316, train_rmse-0.3628, valid_rmse-1.1881, valid_pr-0.7707
2025-07-15 17:14:24 - INFO - epoch-427, train_loss-0.1530, train_rmse-0.3911, valid_rmse-1.2038, valid_pr-0.7633
2025-07-15 17:14:29 - INFO - epoch-428, train_loss-0.1269, train_rmse-0.3562, valid_rmse-1.1798, valid_pr-0.7720
2025-07-15 17:14:35 - INFO - epoch-429, train_loss-0.1357, train_rmse-0.3683, valid_rmse-1.2066, valid_pr-0.7672
2025-07-15 17:14:40 - INFO - epoch-430, train_loss-0.1308, train_rmse-0.3616, valid_rmse-1.1970, valid_pr-0.7701
2025-07-15 17:14:45 - INFO - epoch-431, train_loss-0.1300, train_rmse-0.3605, valid_rmse-1.1760, valid_pr-0.7720
2025-07-15 17:14:50 - INFO - epoch-432, train_loss-0.1412, train_rmse-0.3758, valid_rmse-1.2063, valid_pr-0.7604
2025-07-15 17:14:55 - INFO - epoch-433, train_loss-0.1266, train_rmse-0.3557, valid_rmse-1.1852, valid_pr-0.7694
2025-07-15 17:15:00 - INFO - epoch-434, train_loss-0.1309, train_rmse-0.3618, valid_rmse-1.1858, valid_pr-0.7692
2025-07-15 17:15:05 - INFO - epoch-435, train_loss-0.1342, train_rmse-0.3663, valid_rmse-1.1845, valid_pr-0.7693
2025-07-15 17:15:10 - INFO - epoch-436, train_loss-0.1299, train_rmse-0.3605, valid_rmse-1.1738, valid_pr-0.7747
2025-07-15 17:15:15 - INFO - epoch-437, train_loss-0.1207, train_rmse-0.3475, valid_rmse-1.1687, valid_pr-0.7763
2025-07-15 17:15:20 - INFO - epoch-438, train_loss-0.1275, train_rmse-0.3570, valid_rmse-1.1761, valid_pr-0.7739
2025-07-15 17:15:25 - INFO - epoch-439, train_loss-0.1247, train_rmse-0.3532, valid_rmse-1.1764, valid_pr-0.7747
2025-07-15 17:15:30 - INFO - epoch-440, train_loss-0.1283, train_rmse-0.3582, valid_rmse-1.1728, valid_pr-0.7786
2025-07-15 17:15:35 - INFO - epoch-441, train_loss-0.1187, train_rmse-0.3446, valid_rmse-1.1767, valid_pr-0.7737
2025-07-15 17:15:41 - INFO - epoch-442, train_loss-0.1193, train_rmse-0.3454, valid_rmse-1.1830, valid_pr-0.7696
2025-07-15 17:15:46 - INFO - epoch-443, train_loss-0.1187, train_rmse-0.3445, valid_rmse-1.1767, valid_pr-0.7761
2025-07-15 17:15:51 - INFO - epoch-444, train_loss-0.1180, train_rmse-0.3434, valid_rmse-1.1754, valid_pr-0.7735
2025-07-15 17:15:56 - INFO - epoch-445, train_loss-0.1201, train_rmse-0.3465, valid_rmse-1.1932, valid_pr-0.7659
2025-07-15 17:16:01 - INFO - epoch-446, train_loss-0.1184, train_rmse-0.3442, valid_rmse-1.1879, valid_pr-0.7728
2025-07-15 17:16:06 - INFO - epoch-447, train_loss-0.1292, train_rmse-0.3595, valid_rmse-1.1671, valid_pr-0.7782
2025-07-15 17:16:10 - INFO - epoch-448, train_loss-0.1226, train_rmse-0.3502, valid_rmse-1.1826, valid_pr-0.7706
2025-07-15 17:16:15 - INFO - epoch-449, train_loss-0.1211, train_rmse-0.3481, valid_rmse-1.1913, valid_pr-0.7704
2025-07-15 17:16:20 - INFO - epoch-450, train_loss-0.1243, train_rmse-0.3526, valid_rmse-1.1742, valid_pr-0.7733
2025-07-15 17:16:25 - INFO - epoch-451, train_loss-0.1210, train_rmse-0.3479, valid_rmse-1.1708, valid_pr-0.7798
2025-07-15 17:16:30 - INFO - epoch-452, train_loss-0.1424, train_rmse-0.3773, valid_rmse-1.1741, valid_pr-0.7743
2025-07-15 17:16:35 - INFO - epoch-453, train_loss-0.1257, train_rmse-0.3545, valid_rmse-1.1753, valid_pr-0.7754
2025-07-15 17:16:40 - INFO - epoch-454, train_loss-0.1233, train_rmse-0.3511, valid_rmse-1.1818, valid_pr-0.7736
2025-07-15 17:16:45 - INFO - epoch-455, train_loss-0.1236, train_rmse-0.3516, valid_rmse-1.1810, valid_pr-0.7729
2025-07-15 17:16:50 - INFO - epoch-456, train_loss-0.1178, train_rmse-0.3433, valid_rmse-1.1713, valid_pr-0.7776
2025-07-15 17:16:55 - INFO - epoch-457, train_loss-0.1270, train_rmse-0.3564, valid_rmse-1.1639, valid_pr-0.7778
2025-07-15 17:17:00 - INFO - epoch-458, train_loss-0.1290, train_rmse-0.3592, valid_rmse-1.1854, valid_pr-0.7748
2025-07-15 17:17:05 - INFO - epoch-459, train_loss-0.1309, train_rmse-0.3618, valid_rmse-1.1940, valid_pr-0.7676
2025-07-15 17:17:10 - INFO - epoch-460, train_loss-0.1339, train_rmse-0.3659, valid_rmse-1.1736, valid_pr-0.7750
2025-07-15 17:17:15 - INFO - epoch-461, train_loss-0.1230, train_rmse-0.3507, valid_rmse-1.1764, valid_pr-0.7771
2025-07-15 17:17:21 - INFO - epoch-462, train_loss-0.1267, train_rmse-0.3560, valid_rmse-1.1775, valid_pr-0.7735
2025-07-15 17:17:26 - INFO - epoch-463, train_loss-0.1171, train_rmse-0.3422, valid_rmse-1.1781, valid_pr-0.7735
2025-07-15 17:17:31 - INFO - epoch-464, train_loss-0.1236, train_rmse-0.3515, valid_rmse-1.1803, valid_pr-0.7731
2025-07-15 17:17:36 - INFO - epoch-465, train_loss-0.1142, train_rmse-0.3379, valid_rmse-1.1828, valid_pr-0.7716
2025-07-15 17:17:41 - INFO - epoch-466, train_loss-0.1220, train_rmse-0.3493, valid_rmse-1.1813, valid_pr-0.7703
2025-07-15 17:17:46 - INFO - epoch-467, train_loss-0.1256, train_rmse-0.3544, valid_rmse-1.1877, valid_pr-0.7712
2025-07-15 17:17:51 - INFO - epoch-468, train_loss-0.1296, train_rmse-0.3599, valid_rmse-1.1670, valid_pr-0.7757
2025-07-15 17:17:56 - INFO - epoch-469, train_loss-0.1259, train_rmse-0.3549, valid_rmse-1.1709, valid_pr-0.7753
2025-07-15 17:18:01 - INFO - epoch-470, train_loss-0.1334, train_rmse-0.3653, valid_rmse-1.1897, valid_pr-0.7706
2025-07-15 17:18:06 - INFO - epoch-471, train_loss-0.1226, train_rmse-0.3502, valid_rmse-1.1716, valid_pr-0.7739
2025-07-15 17:18:11 - INFO - epoch-472, train_loss-0.1165, train_rmse-0.3413, valid_rmse-1.1841, valid_pr-0.7693
2025-07-15 17:18:16 - INFO - epoch-473, train_loss-0.1236, train_rmse-0.3516, valid_rmse-1.1802, valid_pr-0.7726
2025-07-15 17:18:21 - INFO - epoch-474, train_loss-0.1226, train_rmse-0.3502, valid_rmse-1.1800, valid_pr-0.7736
2025-07-15 17:18:25 - INFO - epoch-475, train_loss-0.1164, train_rmse-0.3412, valid_rmse-1.2006, valid_pr-0.7683
2025-07-15 17:18:30 - INFO - epoch-476, train_loss-0.1198, train_rmse-0.3462, valid_rmse-1.1869, valid_pr-0.7733
2025-07-15 17:18:35 - INFO - epoch-477, train_loss-0.1274, train_rmse-0.3570, valid_rmse-1.1880, valid_pr-0.7700
2025-07-15 17:18:40 - INFO - epoch-478, train_loss-0.1188, train_rmse-0.3447, valid_rmse-1.1923, valid_pr-0.7688
2025-07-15 17:18:45 - INFO - epoch-479, train_loss-0.1177, train_rmse-0.3431, valid_rmse-1.1776, valid_pr-0.7759
2025-07-15 17:18:50 - INFO - epoch-480, train_loss-0.1266, train_rmse-0.3558, valid_rmse-1.1867, valid_pr-0.7711
2025-07-15 17:18:55 - INFO - epoch-481, train_loss-0.1167, train_rmse-0.3416, valid_rmse-1.1856, valid_pr-0.7705
2025-07-15 17:19:01 - INFO - epoch-482, train_loss-0.1163, train_rmse-0.3410, valid_rmse-1.1681, valid_pr-0.7760
2025-07-15 17:19:06 - INFO - epoch-483, train_loss-0.1138, train_rmse-0.3373, valid_rmse-1.1752, valid_pr-0.7744
2025-07-15 17:19:11 - INFO - epoch-484, train_loss-0.1250, train_rmse-0.3535, valid_rmse-1.1790, valid_pr-0.7749
2025-07-15 17:19:16 - INFO - epoch-485, train_loss-0.1169, train_rmse-0.3419, valid_rmse-1.1938, valid_pr-0.7678
2025-07-15 17:19:20 - INFO - epoch-486, train_loss-0.1252, train_rmse-0.3538, valid_rmse-1.1741, valid_pr-0.7754
2025-07-15 17:19:25 - INFO - epoch-487, train_loss-0.1184, train_rmse-0.3440, valid_rmse-1.1775, valid_pr-0.7728
2025-07-15 17:19:30 - INFO - epoch-488, train_loss-0.1241, train_rmse-0.3523, valid_rmse-1.1650, valid_pr-0.7780
2025-07-15 17:19:35 - INFO - epoch-489, train_loss-0.1180, train_rmse-0.3435, valid_rmse-1.1582, valid_pr-0.7803
2025-07-15 17:19:40 - INFO - epoch-490, train_loss-0.1172, train_rmse-0.3423, valid_rmse-1.1712, valid_pr-0.7744
2025-07-15 17:19:44 - INFO - epoch-491, train_loss-0.1180, train_rmse-0.3435, valid_rmse-1.1631, valid_pr-0.7781
2025-07-15 17:19:49 - INFO - epoch-492, train_loss-0.1181, train_rmse-0.3436, valid_rmse-1.1632, valid_pr-0.7788
2025-07-15 17:19:49 - INFO - early stop in epoch 492
2025-07-15 17:19:49 - INFO - best_rmse: 1.1525
2025-07-15 17:19:52 - INFO - valid_rmse-1.1525, valid_pr-0.7824, test2013_rmse-1.4037, test2013_pr-0.8122, test2016_rmse-1.2191, test2016_pr-0.8294, test2019_rmse-1.3802, test2019_pr-0.6420,
