2025-06-06 15:30:27 - INFO - train_EGNN.py
2025-06-06 15:30:27 - INFO - train data: 11904
2025-06-06 15:30:27 - INFO - valid data: 1000
2025-06-06 15:30:27 - INFO - test2013 data: 107
2025-06-06 15:30:27 - INFO - test2016 data: 285
2025-06-06 15:30:27 - INFO - test2019 data: 4366
2025-06-06 15:30:35 - INFO - epoch-0, train_loss-39.5029, train_rmse-6.2851, valid_rmse-5.0522, valid_pr-0.4462
2025-06-06 15:30:43 - INFO - epoch-1, train_loss-24.3344, train_rmse-4.9330, valid_rmse-3.8471, valid_pr-0.4316
2025-06-06 15:30:50 - INFO - epoch-2, train_loss-7.4267, train_rmse-2.7252, valid_rmse-1.7011, valid_pr-0.4329
2025-06-06 15:30:58 - INFO - epoch-3, train_loss-3.5024, train_rmse-1.8715, valid_rmse-1.6456, valid_pr-0.5151
2025-06-06 15:31:06 - INFO - epoch-4, train_loss-3.2383, train_rmse-1.7995, valid_rmse-1.7178, valid_pr-0.5035
2025-06-06 15:31:14 - INFO - epoch-5, train_loss-3.1961, train_rmse-1.7878, valid_rmse-1.8565, valid_pr-0.4062
2025-06-06 15:31:22 - INFO - epoch-6, train_loss-3.0816, train_rmse-1.7554, valid_rmse-1.5663, valid_pr-0.5346
2025-06-06 15:31:29 - INFO - epoch-7, train_loss-3.0610, train_rmse-1.7496, valid_rmse-1.9999, valid_pr-0.2589
2025-06-06 15:31:37 - INFO - epoch-8, train_loss-3.0394, train_rmse-1.7434, valid_rmse-1.6035, valid_pr-0.5570
2025-06-06 15:31:45 - INFO - epoch-9, train_loss-2.9424, train_rmse-1.7153, valid_rmse-1.5807, valid_pr-0.5481
2025-06-06 15:31:53 - INFO - epoch-10, train_loss-2.8592, train_rmse-1.6909, valid_rmse-1.5546, valid_pr-0.5498
2025-06-06 15:32:01 - INFO - epoch-11, train_loss-2.8314, train_rmse-1.6827, valid_rmse-1.5387, valid_pr-0.5552
2025-06-06 15:32:09 - INFO - epoch-12, train_loss-2.8483, train_rmse-1.6877, valid_rmse-1.5852, valid_pr-0.5664
2025-06-06 15:32:17 - INFO - epoch-13, train_loss-2.7728, train_rmse-1.6652, valid_rmse-1.6125, valid_pr-0.5432
2025-06-06 15:32:24 - INFO - epoch-14, train_loss-2.7719, train_rmse-1.6649, valid_rmse-1.6310, valid_pr-0.5518
2025-06-06 15:32:32 - INFO - epoch-15, train_loss-2.7134, train_rmse-1.6473, valid_rmse-1.7052, valid_pr-0.5120
2025-06-06 15:32:40 - INFO - epoch-16, train_loss-2.6758, train_rmse-1.6358, valid_rmse-1.5057, valid_pr-0.5802
2025-06-06 15:32:48 - INFO - epoch-17, train_loss-2.6860, train_rmse-1.6389, valid_rmse-1.5760, valid_pr-0.5321
2025-06-06 15:32:56 - INFO - epoch-18, train_loss-2.6834, train_rmse-1.6381, valid_rmse-1.5725, valid_pr-0.5503
2025-06-06 15:33:03 - INFO - epoch-19, train_loss-2.6249, train_rmse-1.6202, valid_rmse-1.5112, valid_pr-0.5763
2025-06-06 15:33:11 - INFO - epoch-20, train_loss-2.6185, train_rmse-1.6182, valid_rmse-1.9548, valid_pr-0.3412
2025-06-06 15:33:19 - INFO - epoch-21, train_loss-2.5799, train_rmse-1.6062, valid_rmse-1.5136, valid_pr-0.5788
2025-06-06 15:33:27 - INFO - epoch-22, train_loss-2.6142, train_rmse-1.6168, valid_rmse-1.4795, valid_pr-0.6006
2025-06-06 15:33:35 - INFO - epoch-23, train_loss-2.5322, train_rmse-1.5913, valid_rmse-1.6544, valid_pr-0.5531
2025-06-06 15:33:43 - INFO - epoch-24, train_loss-2.4990, train_rmse-1.5808, valid_rmse-1.4729, valid_pr-0.6179
2025-06-06 15:33:51 - INFO - epoch-25, train_loss-2.4441, train_rmse-1.5633, valid_rmse-1.5076, valid_pr-0.5998
2025-06-06 15:33:58 - INFO - epoch-26, train_loss-2.4216, train_rmse-1.5562, valid_rmse-1.5093, valid_pr-0.5971
2025-06-06 15:34:06 - INFO - epoch-27, train_loss-2.4598, train_rmse-1.5684, valid_rmse-1.4541, valid_pr-0.6284
2025-06-06 15:34:14 - INFO - epoch-28, train_loss-2.3353, train_rmse-1.5282, valid_rmse-1.4496, valid_pr-0.6201
2025-06-06 15:34:22 - INFO - epoch-29, train_loss-2.3760, train_rmse-1.5414, valid_rmse-1.4696, valid_pr-0.6105
2025-06-06 15:34:30 - INFO - epoch-30, train_loss-2.3636, train_rmse-1.5374, valid_rmse-1.4897, valid_pr-0.6028
2025-06-06 15:34:38 - INFO - epoch-31, train_loss-2.3110, train_rmse-1.5202, valid_rmse-1.4521, valid_pr-0.6285
2025-06-06 15:34:46 - INFO - epoch-32, train_loss-2.2782, train_rmse-1.5094, valid_rmse-1.4784, valid_pr-0.6300
2025-06-06 15:34:53 - INFO - epoch-33, train_loss-2.2474, train_rmse-1.4991, valid_rmse-1.4084, valid_pr-0.6521
2025-06-06 15:35:01 - INFO - epoch-34, train_loss-2.2344, train_rmse-1.4948, valid_rmse-1.5288, valid_pr-0.5934
2025-06-06 15:35:09 - INFO - epoch-35, train_loss-2.1625, train_rmse-1.4705, valid_rmse-1.4240, valid_pr-0.6427
2025-06-06 15:35:17 - INFO - epoch-36, train_loss-2.1460, train_rmse-1.4649, valid_rmse-1.4427, valid_pr-0.6289
2025-06-06 15:35:25 - INFO - epoch-37, train_loss-2.1563, train_rmse-1.4684, valid_rmse-1.4669, valid_pr-0.6084
2025-06-06 15:35:33 - INFO - epoch-38, train_loss-2.1347, train_rmse-1.4610, valid_rmse-1.7117, valid_pr-0.6283
2025-06-06 15:35:40 - INFO - epoch-39, train_loss-2.0604, train_rmse-1.4354, valid_rmse-1.3980, valid_pr-0.6565
2025-06-06 15:35:48 - INFO - epoch-40, train_loss-2.0725, train_rmse-1.4396, valid_rmse-1.4133, valid_pr-0.6705
2025-06-06 15:35:56 - INFO - epoch-41, train_loss-2.0324, train_rmse-1.4256, valid_rmse-1.4288, valid_pr-0.6332
2025-06-06 15:36:04 - INFO - epoch-42, train_loss-2.0162, train_rmse-1.4199, valid_rmse-1.3603, valid_pr-0.6804
2025-06-06 15:36:12 - INFO - epoch-43, train_loss-1.9520, train_rmse-1.3971, valid_rmse-1.3802, valid_pr-0.6721
2025-06-06 15:36:20 - INFO - epoch-44, train_loss-1.8978, train_rmse-1.3776, valid_rmse-1.4007, valid_pr-0.6596
2025-06-06 15:36:27 - INFO - epoch-45, train_loss-1.8979, train_rmse-1.3776, valid_rmse-1.4011, valid_pr-0.6654
2025-06-06 15:36:35 - INFO - epoch-46, train_loss-1.8353, train_rmse-1.3547, valid_rmse-1.5269, valid_pr-0.6345
2025-06-06 15:36:43 - INFO - epoch-47, train_loss-1.7885, train_rmse-1.3373, valid_rmse-1.4801, valid_pr-0.6725
2025-06-06 15:36:51 - INFO - epoch-48, train_loss-1.7446, train_rmse-1.3208, valid_rmse-1.4844, valid_pr-0.6429
2025-06-06 15:36:59 - INFO - epoch-49, train_loss-1.7282, train_rmse-1.3146, valid_rmse-1.6666, valid_pr-0.6590
2025-06-06 15:37:07 - INFO - epoch-50, train_loss-1.6644, train_rmse-1.2901, valid_rmse-1.3540, valid_pr-0.6952
2025-06-06 15:37:15 - INFO - epoch-51, train_loss-1.6448, train_rmse-1.2825, valid_rmse-1.2976, valid_pr-0.7201
2025-06-06 15:37:23 - INFO - epoch-52, train_loss-1.5821, train_rmse-1.2578, valid_rmse-1.3368, valid_pr-0.7033
2025-06-06 15:37:30 - INFO - epoch-53, train_loss-1.5615, train_rmse-1.2496, valid_rmse-1.3265, valid_pr-0.6974
2025-06-06 15:37:38 - INFO - epoch-54, train_loss-1.4841, train_rmse-1.2182, valid_rmse-1.3575, valid_pr-0.6894
2025-06-06 15:37:46 - INFO - epoch-55, train_loss-1.4419, train_rmse-1.2008, valid_rmse-1.3059, valid_pr-0.7134
2025-06-06 15:37:54 - INFO - epoch-56, train_loss-1.3936, train_rmse-1.1805, valid_rmse-1.5662, valid_pr-0.6595
2025-06-06 15:38:02 - INFO - epoch-57, train_loss-1.3680, train_rmse-1.1696, valid_rmse-1.3551, valid_pr-0.7076
2025-06-06 15:38:10 - INFO - epoch-58, train_loss-1.3043, train_rmse-1.1420, valid_rmse-1.3093, valid_pr-0.7118
2025-06-06 15:38:17 - INFO - epoch-59, train_loss-1.2424, train_rmse-1.1146, valid_rmse-1.3225, valid_pr-0.6986
2025-06-06 15:38:25 - INFO - epoch-60, train_loss-1.1695, train_rmse-1.0814, valid_rmse-1.3923, valid_pr-0.6903
2025-06-06 15:38:33 - INFO - epoch-61, train_loss-1.1311, train_rmse-1.0635, valid_rmse-1.3802, valid_pr-0.6951
2025-06-06 15:38:41 - INFO - epoch-62, train_loss-1.0972, train_rmse-1.0475, valid_rmse-1.3390, valid_pr-0.7140
2025-06-06 15:38:49 - INFO - epoch-63, train_loss-1.0028, train_rmse-1.0014, valid_rmse-1.3259, valid_pr-0.7054
2025-06-06 15:38:57 - INFO - epoch-64, train_loss-0.9872, train_rmse-0.9936, valid_rmse-1.5584, valid_pr-0.6932
2025-06-06 15:39:04 - INFO - epoch-65, train_loss-0.9326, train_rmse-0.9657, valid_rmse-1.4197, valid_pr-0.7173
2025-06-06 15:39:12 - INFO - epoch-66, train_loss-0.8528, train_rmse-0.9235, valid_rmse-1.4307, valid_pr-0.7077
2025-06-06 15:39:20 - INFO - epoch-67, train_loss-0.8298, train_rmse-0.9109, valid_rmse-1.3306, valid_pr-0.7298
2025-06-06 15:39:28 - INFO - epoch-68, train_loss-0.7824, train_rmse-0.8845, valid_rmse-1.3037, valid_pr-0.7085
2025-06-06 15:39:36 - INFO - epoch-69, train_loss-0.7525, train_rmse-0.8674, valid_rmse-1.3239, valid_pr-0.7175
2025-06-06 15:39:44 - INFO - epoch-70, train_loss-0.6890, train_rmse-0.8301, valid_rmse-1.2943, valid_pr-0.7157
2025-06-06 15:39:51 - INFO - epoch-71, train_loss-0.6755, train_rmse-0.8219, valid_rmse-1.3365, valid_pr-0.7117
2025-06-06 15:39:59 - INFO - epoch-72, train_loss-0.6359, train_rmse-0.7974, valid_rmse-1.3201, valid_pr-0.7092
2025-06-06 15:40:07 - INFO - epoch-73, train_loss-0.6623, train_rmse-0.8138, valid_rmse-1.3440, valid_pr-0.7281
2025-06-06 15:40:15 - INFO - epoch-74, train_loss-0.5536, train_rmse-0.7441, valid_rmse-1.3181, valid_pr-0.7190
2025-06-06 15:40:23 - INFO - epoch-75, train_loss-0.5158, train_rmse-0.7182, valid_rmse-1.3060, valid_pr-0.7246
2025-06-06 15:40:31 - INFO - epoch-76, train_loss-0.5209, train_rmse-0.7217, valid_rmse-1.3799, valid_pr-0.7287
2025-06-06 15:40:38 - INFO - epoch-77, train_loss-0.4903, train_rmse-0.7002, valid_rmse-1.3501, valid_pr-0.7188
2025-06-06 15:40:46 - INFO - epoch-78, train_loss-0.4774, train_rmse-0.6909, valid_rmse-1.3010, valid_pr-0.7251
2025-06-06 15:40:54 - INFO - epoch-79, train_loss-0.4407, train_rmse-0.6639, valid_rmse-1.2895, valid_pr-0.7343
2025-06-06 15:41:02 - INFO - epoch-80, train_loss-0.4353, train_rmse-0.6598, valid_rmse-1.3336, valid_pr-0.7177
2025-06-06 15:41:10 - INFO - epoch-81, train_loss-0.4219, train_rmse-0.6495, valid_rmse-1.3479, valid_pr-0.7237
2025-06-06 15:41:18 - INFO - epoch-82, train_loss-0.4316, train_rmse-0.6570, valid_rmse-1.3361, valid_pr-0.7067
2025-06-06 15:41:26 - INFO - epoch-83, train_loss-0.4040, train_rmse-0.6356, valid_rmse-1.2814, valid_pr-0.7219
2025-06-06 15:41:33 - INFO - epoch-84, train_loss-0.3815, train_rmse-0.6176, valid_rmse-1.3307, valid_pr-0.7207
2025-06-06 15:41:41 - INFO - epoch-85, train_loss-0.3608, train_rmse-0.6007, valid_rmse-1.2922, valid_pr-0.7280
2025-06-06 15:41:49 - INFO - epoch-86, train_loss-0.3456, train_rmse-0.5879, valid_rmse-1.3107, valid_pr-0.7136
2025-06-06 15:41:57 - INFO - epoch-87, train_loss-0.3541, train_rmse-0.5950, valid_rmse-1.3199, valid_pr-0.7232
2025-06-06 15:42:05 - INFO - epoch-88, train_loss-0.3267, train_rmse-0.5716, valid_rmse-1.2859, valid_pr-0.7334
2025-06-06 15:42:13 - INFO - epoch-89, train_loss-0.3369, train_rmse-0.5804, valid_rmse-1.3267, valid_pr-0.7031
2025-06-06 15:42:21 - INFO - epoch-90, train_loss-0.3324, train_rmse-0.5765, valid_rmse-1.3078, valid_pr-0.7177
2025-06-06 15:42:28 - INFO - epoch-91, train_loss-0.3123, train_rmse-0.5589, valid_rmse-1.3310, valid_pr-0.7152
2025-06-06 15:42:36 - INFO - epoch-92, train_loss-0.3046, train_rmse-0.5519, valid_rmse-1.3370, valid_pr-0.7115
2025-06-06 15:42:44 - INFO - epoch-93, train_loss-0.3184, train_rmse-0.5643, valid_rmse-1.3652, valid_pr-0.6992
2025-06-06 15:42:52 - INFO - epoch-94, train_loss-0.3089, train_rmse-0.5558, valid_rmse-1.3506, valid_pr-0.7220
2025-06-06 15:43:00 - INFO - epoch-95, train_loss-0.2830, train_rmse-0.5320, valid_rmse-1.3266, valid_pr-0.7200
2025-06-06 15:43:08 - INFO - epoch-96, train_loss-0.2781, train_rmse-0.5274, valid_rmse-1.2833, valid_pr-0.7258
2025-06-06 15:43:15 - INFO - epoch-97, train_loss-0.2960, train_rmse-0.5441, valid_rmse-1.3517, valid_pr-0.7135
2025-06-06 15:43:23 - INFO - epoch-98, train_loss-0.2748, train_rmse-0.5243, valid_rmse-1.2547, valid_pr-0.7387
2025-06-06 15:43:31 - INFO - epoch-99, train_loss-0.2817, train_rmse-0.5307, valid_rmse-1.2877, valid_pr-0.7252
2025-06-06 15:43:39 - INFO - epoch-100, train_loss-0.2916, train_rmse-0.5400, valid_rmse-1.3061, valid_pr-0.7199
2025-06-06 15:43:47 - INFO - epoch-101, train_loss-0.2540, train_rmse-0.5040, valid_rmse-1.2729, valid_pr-0.7381
2025-06-06 15:43:55 - INFO - epoch-102, train_loss-0.2530, train_rmse-0.5030, valid_rmse-1.3491, valid_pr-0.7172
2025-06-06 15:44:02 - INFO - epoch-103, train_loss-0.2456, train_rmse-0.4955, valid_rmse-1.3031, valid_pr-0.7258
2025-06-06 15:44:10 - INFO - epoch-104, train_loss-0.2648, train_rmse-0.5146, valid_rmse-1.2962, valid_pr-0.7268
2025-06-06 15:44:18 - INFO - epoch-105, train_loss-0.2660, train_rmse-0.5157, valid_rmse-1.2724, valid_pr-0.7339
2025-06-06 15:44:26 - INFO - epoch-106, train_loss-0.2599, train_rmse-0.5098, valid_rmse-1.3127, valid_pr-0.7335
2025-06-06 15:44:34 - INFO - epoch-107, train_loss-0.2549, train_rmse-0.5049, valid_rmse-1.3144, valid_pr-0.7325
2025-06-06 15:44:42 - INFO - epoch-108, train_loss-0.2492, train_rmse-0.4992, valid_rmse-1.3250, valid_pr-0.7206
2025-06-06 15:44:49 - INFO - epoch-109, train_loss-0.2648, train_rmse-0.5146, valid_rmse-1.2848, valid_pr-0.7298
2025-06-06 15:44:57 - INFO - epoch-110, train_loss-0.2418, train_rmse-0.4917, valid_rmse-1.2578, valid_pr-0.7387
2025-06-06 15:45:05 - INFO - epoch-111, train_loss-0.2255, train_rmse-0.4748, valid_rmse-1.2659, valid_pr-0.7304
2025-06-06 15:45:13 - INFO - epoch-112, train_loss-0.2385, train_rmse-0.4883, valid_rmse-1.2968, valid_pr-0.7358
2025-06-06 15:45:21 - INFO - epoch-113, train_loss-0.2442, train_rmse-0.4941, valid_rmse-1.2719, valid_pr-0.7296
2025-06-06 15:45:29 - INFO - epoch-114, train_loss-0.2388, train_rmse-0.4887, valid_rmse-1.2609, valid_pr-0.7365
2025-06-06 15:45:37 - INFO - epoch-115, train_loss-0.2127, train_rmse-0.4612, valid_rmse-1.3703, valid_pr-0.7340
2025-06-06 15:45:45 - INFO - epoch-116, train_loss-0.2254, train_rmse-0.4748, valid_rmse-1.2954, valid_pr-0.7294
2025-06-06 15:45:53 - INFO - epoch-117, train_loss-0.2389, train_rmse-0.4888, valid_rmse-1.2599, valid_pr-0.7348
2025-06-06 15:46:01 - INFO - epoch-118, train_loss-0.2232, train_rmse-0.4724, valid_rmse-1.2548, valid_pr-0.7377
2025-06-06 15:46:08 - INFO - epoch-119, train_loss-0.2222, train_rmse-0.4714, valid_rmse-1.2678, valid_pr-0.7294
2025-06-06 15:46:16 - INFO - epoch-120, train_loss-0.2111, train_rmse-0.4594, valid_rmse-1.2583, valid_pr-0.7327
2025-06-06 15:46:24 - INFO - epoch-121, train_loss-0.2240, train_rmse-0.4733, valid_rmse-1.2589, valid_pr-0.7418
2025-06-06 15:46:32 - INFO - epoch-122, train_loss-0.2200, train_rmse-0.4691, valid_rmse-1.2745, valid_pr-0.7339
2025-06-06 15:46:40 - INFO - epoch-123, train_loss-0.1977, train_rmse-0.4447, valid_rmse-1.2477, valid_pr-0.7412
2025-06-06 15:46:47 - INFO - epoch-124, train_loss-0.2149, train_rmse-0.4636, valid_rmse-1.2871, valid_pr-0.7246
2025-06-06 15:46:55 - INFO - epoch-125, train_loss-0.2149, train_rmse-0.4636, valid_rmse-1.2820, valid_pr-0.7287
2025-06-06 15:47:03 - INFO - epoch-126, train_loss-0.1978, train_rmse-0.4447, valid_rmse-1.2714, valid_pr-0.7424
2025-06-06 15:47:11 - INFO - epoch-127, train_loss-0.2066, train_rmse-0.4545, valid_rmse-1.2957, valid_pr-0.7323
2025-06-06 15:47:19 - INFO - epoch-128, train_loss-0.2119, train_rmse-0.4603, valid_rmse-1.2986, valid_pr-0.7231
2025-06-06 15:47:27 - INFO - epoch-129, train_loss-0.2013, train_rmse-0.4487, valid_rmse-1.2854, valid_pr-0.7272
2025-06-06 15:47:35 - INFO - epoch-130, train_loss-0.1956, train_rmse-0.4422, valid_rmse-1.3313, valid_pr-0.7239
2025-06-06 15:47:42 - INFO - epoch-131, train_loss-0.1893, train_rmse-0.4351, valid_rmse-1.3019, valid_pr-0.7330
2025-06-06 15:47:50 - INFO - epoch-132, train_loss-0.2161, train_rmse-0.4649, valid_rmse-1.2926, valid_pr-0.7270
2025-06-06 15:47:58 - INFO - epoch-133, train_loss-0.2028, train_rmse-0.4504, valid_rmse-1.2433, valid_pr-0.7413
2025-06-06 15:48:06 - INFO - epoch-134, train_loss-0.1963, train_rmse-0.4430, valid_rmse-1.2490, valid_pr-0.7368
2025-06-06 15:48:14 - INFO - epoch-135, train_loss-0.1937, train_rmse-0.4401, valid_rmse-1.2621, valid_pr-0.7387
2025-06-06 15:48:21 - INFO - epoch-136, train_loss-0.2011, train_rmse-0.4484, valid_rmse-1.2606, valid_pr-0.7419
2025-06-06 15:48:29 - INFO - epoch-137, train_loss-0.1961, train_rmse-0.4428, valid_rmse-1.2558, valid_pr-0.7426
2025-06-06 15:48:37 - INFO - epoch-138, train_loss-0.2021, train_rmse-0.4495, valid_rmse-1.2657, valid_pr-0.7379
2025-06-06 15:48:45 - INFO - epoch-139, train_loss-0.1880, train_rmse-0.4336, valid_rmse-1.2380, valid_pr-0.7495
2025-06-06 15:48:53 - INFO - epoch-140, train_loss-0.2025, train_rmse-0.4500, valid_rmse-1.2625, valid_pr-0.7438
2025-06-06 15:49:01 - INFO - epoch-141, train_loss-0.1809, train_rmse-0.4253, valid_rmse-1.2950, valid_pr-0.7342
2025-06-06 15:49:08 - INFO - epoch-142, train_loss-0.1783, train_rmse-0.4223, valid_rmse-1.2470, valid_pr-0.7489
2025-06-06 15:49:16 - INFO - epoch-143, train_loss-0.1895, train_rmse-0.4354, valid_rmse-1.2398, valid_pr-0.7444
2025-06-06 15:49:24 - INFO - epoch-144, train_loss-0.1773, train_rmse-0.4210, valid_rmse-1.2636, valid_pr-0.7357
2025-06-06 15:49:32 - INFO - epoch-145, train_loss-0.2235, train_rmse-0.4727, valid_rmse-1.2678, valid_pr-0.7353
2025-06-06 15:49:40 - INFO - epoch-146, train_loss-0.1936, train_rmse-0.4400, valid_rmse-1.2648, valid_pr-0.7425
2025-06-06 15:49:47 - INFO - epoch-147, train_loss-0.1750, train_rmse-0.4183, valid_rmse-1.2452, valid_pr-0.7437
2025-06-06 15:49:55 - INFO - epoch-148, train_loss-0.1788, train_rmse-0.4229, valid_rmse-1.2561, valid_pr-0.7352
2025-06-06 15:50:03 - INFO - epoch-149, train_loss-0.1909, train_rmse-0.4369, valid_rmse-1.2596, valid_pr-0.7412
2025-06-06 15:50:11 - INFO - epoch-150, train_loss-0.1752, train_rmse-0.4186, valid_rmse-1.2503, valid_pr-0.7475
2025-06-06 15:50:19 - INFO - epoch-151, train_loss-0.1776, train_rmse-0.4214, valid_rmse-1.2469, valid_pr-0.7406
2025-06-06 15:50:27 - INFO - epoch-152, train_loss-0.1839, train_rmse-0.4288, valid_rmse-1.2224, valid_pr-0.7516
2025-06-06 15:50:34 - INFO - epoch-153, train_loss-0.1833, train_rmse-0.4282, valid_rmse-1.2498, valid_pr-0.7396
2025-06-06 15:50:42 - INFO - epoch-154, train_loss-0.1664, train_rmse-0.4080, valid_rmse-1.2356, valid_pr-0.7430
2025-06-06 15:50:50 - INFO - epoch-155, train_loss-0.1733, train_rmse-0.4163, valid_rmse-1.2449, valid_pr-0.7417
2025-06-06 15:50:58 - INFO - epoch-156, train_loss-0.1736, train_rmse-0.4166, valid_rmse-1.2707, valid_pr-0.7286
2025-06-06 15:51:06 - INFO - epoch-157, train_loss-0.1713, train_rmse-0.4139, valid_rmse-1.2246, valid_pr-0.7503
2025-06-06 15:51:14 - INFO - epoch-158, train_loss-0.1621, train_rmse-0.4026, valid_rmse-1.2234, valid_pr-0.7528
2025-06-06 15:51:21 - INFO - epoch-159, train_loss-0.1461, train_rmse-0.3823, valid_rmse-1.2319, valid_pr-0.7461
2025-06-06 15:51:29 - INFO - epoch-160, train_loss-0.1492, train_rmse-0.3863, valid_rmse-1.2393, valid_pr-0.7447
2025-06-06 15:51:37 - INFO - epoch-161, train_loss-0.1619, train_rmse-0.4024, valid_rmse-1.2405, valid_pr-0.7411
2025-06-06 15:51:45 - INFO - epoch-162, train_loss-0.1591, train_rmse-0.3989, valid_rmse-1.2381, valid_pr-0.7419
2025-06-06 15:51:53 - INFO - epoch-163, train_loss-0.2008, train_rmse-0.4481, valid_rmse-1.2639, valid_pr-0.7360
2025-06-06 15:52:01 - INFO - epoch-164, train_loss-0.1773, train_rmse-0.4211, valid_rmse-1.2348, valid_pr-0.7497
2025-06-06 15:52:08 - INFO - epoch-165, train_loss-0.1602, train_rmse-0.4002, valid_rmse-1.2672, valid_pr-0.7428
2025-06-06 15:52:16 - INFO - epoch-166, train_loss-0.1623, train_rmse-0.4028, valid_rmse-1.2293, valid_pr-0.7522
2025-06-06 15:52:24 - INFO - epoch-167, train_loss-0.1599, train_rmse-0.3998, valid_rmse-1.2660, valid_pr-0.7450
2025-06-06 15:52:32 - INFO - epoch-168, train_loss-0.1579, train_rmse-0.3974, valid_rmse-1.2541, valid_pr-0.7346
2025-06-06 15:52:40 - INFO - epoch-169, train_loss-0.1506, train_rmse-0.3881, valid_rmse-1.2317, valid_pr-0.7497
2025-06-06 15:52:47 - INFO - epoch-170, train_loss-0.1468, train_rmse-0.3832, valid_rmse-1.2302, valid_pr-0.7483
2025-06-06 15:52:55 - INFO - epoch-171, train_loss-0.1490, train_rmse-0.3861, valid_rmse-1.2162, valid_pr-0.7587
2025-06-06 15:53:03 - INFO - epoch-172, train_loss-0.1433, train_rmse-0.3786, valid_rmse-1.2529, valid_pr-0.7431
2025-06-06 15:53:11 - INFO - epoch-173, train_loss-0.1455, train_rmse-0.3814, valid_rmse-1.2415, valid_pr-0.7464
2025-06-06 15:53:19 - INFO - epoch-174, train_loss-0.1411, train_rmse-0.3756, valid_rmse-1.2607, valid_pr-0.7367
2025-06-06 15:53:26 - INFO - epoch-175, train_loss-0.1577, train_rmse-0.3971, valid_rmse-1.2391, valid_pr-0.7425
2025-06-06 15:53:34 - INFO - epoch-176, train_loss-0.1485, train_rmse-0.3853, valid_rmse-1.2892, valid_pr-0.7335
2025-06-06 15:53:42 - INFO - epoch-177, train_loss-0.1601, train_rmse-0.4001, valid_rmse-1.2342, valid_pr-0.7487
2025-06-06 15:53:50 - INFO - epoch-178, train_loss-0.1486, train_rmse-0.3854, valid_rmse-1.2196, valid_pr-0.7517
2025-06-06 15:53:58 - INFO - epoch-179, train_loss-0.1434, train_rmse-0.3787, valid_rmse-1.2241, valid_pr-0.7521
2025-06-06 15:54:06 - INFO - epoch-180, train_loss-0.1543, train_rmse-0.3929, valid_rmse-1.2499, valid_pr-0.7437
2025-06-06 15:54:14 - INFO - epoch-181, train_loss-0.1493, train_rmse-0.3863, valid_rmse-1.2372, valid_pr-0.7430
2025-06-06 15:54:22 - INFO - epoch-182, train_loss-0.1486, train_rmse-0.3855, valid_rmse-1.2349, valid_pr-0.7464
2025-06-06 15:54:29 - INFO - epoch-183, train_loss-0.1460, train_rmse-0.3821, valid_rmse-1.2476, valid_pr-0.7436
2025-06-06 15:54:37 - INFO - epoch-184, train_loss-0.1317, train_rmse-0.3629, valid_rmse-1.2225, valid_pr-0.7544
2025-06-06 15:54:45 - INFO - epoch-185, train_loss-0.1648, train_rmse-0.4060, valid_rmse-1.3453, valid_pr-0.7299
2025-06-06 15:54:53 - INFO - epoch-186, train_loss-0.1455, train_rmse-0.3814, valid_rmse-1.2399, valid_pr-0.7510
2025-06-06 15:55:00 - INFO - epoch-187, train_loss-0.1362, train_rmse-0.3690, valid_rmse-1.2467, valid_pr-0.7464
2025-06-06 15:55:08 - INFO - epoch-188, train_loss-0.1335, train_rmse-0.3653, valid_rmse-1.2402, valid_pr-0.7419
2025-06-06 15:55:16 - INFO - epoch-189, train_loss-0.1466, train_rmse-0.3829, valid_rmse-1.2388, valid_pr-0.7432
2025-06-06 15:55:24 - INFO - epoch-190, train_loss-0.1397, train_rmse-0.3737, valid_rmse-1.2422, valid_pr-0.7427
2025-06-06 15:55:32 - INFO - epoch-191, train_loss-0.1340, train_rmse-0.3661, valid_rmse-1.2362, valid_pr-0.7455
2025-06-06 15:55:40 - INFO - epoch-192, train_loss-0.1396, train_rmse-0.3737, valid_rmse-1.2254, valid_pr-0.7497
2025-06-06 15:55:48 - INFO - epoch-193, train_loss-0.1373, train_rmse-0.3705, valid_rmse-1.2417, valid_pr-0.7427
2025-06-06 15:55:55 - INFO - epoch-194, train_loss-0.1269, train_rmse-0.3562, valid_rmse-1.2573, valid_pr-0.7342
2025-06-06 15:56:03 - INFO - epoch-195, train_loss-0.1403, train_rmse-0.3746, valid_rmse-1.2225, valid_pr-0.7496
2025-06-06 15:56:11 - INFO - epoch-196, train_loss-0.1337, train_rmse-0.3656, valid_rmse-1.2192, valid_pr-0.7519
2025-06-06 15:56:19 - INFO - epoch-197, train_loss-0.1407, train_rmse-0.3751, valid_rmse-1.2474, valid_pr-0.7408
2025-06-06 15:56:27 - INFO - epoch-198, train_loss-0.1316, train_rmse-0.3628, valid_rmse-1.2507, valid_pr-0.7388
2025-06-06 15:56:34 - INFO - epoch-199, train_loss-0.1418, train_rmse-0.3766, valid_rmse-1.2303, valid_pr-0.7476
2025-06-06 15:56:42 - INFO - epoch-200, train_loss-0.1634, train_rmse-0.4042, valid_rmse-1.2393, valid_pr-0.7422
2025-06-06 15:56:50 - INFO - epoch-201, train_loss-0.1640, train_rmse-0.4049, valid_rmse-1.2562, valid_pr-0.7447
2025-06-06 15:56:58 - INFO - epoch-202, train_loss-0.1340, train_rmse-0.3661, valid_rmse-1.2415, valid_pr-0.7433
2025-06-06 15:57:06 - INFO - epoch-203, train_loss-0.1391, train_rmse-0.3730, valid_rmse-1.2309, valid_pr-0.7455
2025-06-06 15:57:13 - INFO - epoch-204, train_loss-0.1228, train_rmse-0.3505, valid_rmse-1.2234, valid_pr-0.7494
2025-06-06 15:57:21 - INFO - epoch-205, train_loss-0.1265, train_rmse-0.3557, valid_rmse-1.2465, valid_pr-0.7450
2025-06-06 15:57:29 - INFO - epoch-206, train_loss-0.1216, train_rmse-0.3487, valid_rmse-1.2345, valid_pr-0.7496
2025-06-06 15:57:37 - INFO - epoch-207, train_loss-0.1341, train_rmse-0.3662, valid_rmse-1.2172, valid_pr-0.7518
2025-06-06 15:57:44 - INFO - epoch-208, train_loss-0.1277, train_rmse-0.3574, valid_rmse-1.2354, valid_pr-0.7484
2025-06-06 15:57:52 - INFO - epoch-209, train_loss-0.1241, train_rmse-0.3523, valid_rmse-1.2263, valid_pr-0.7503
2025-06-06 15:58:00 - INFO - epoch-210, train_loss-0.1237, train_rmse-0.3517, valid_rmse-1.2340, valid_pr-0.7468
2025-06-06 15:58:08 - INFO - epoch-211, train_loss-0.1259, train_rmse-0.3549, valid_rmse-1.2160, valid_pr-0.7589
2025-06-06 15:58:16 - INFO - epoch-212, train_loss-0.1282, train_rmse-0.3581, valid_rmse-1.2240, valid_pr-0.7540
2025-06-06 15:58:23 - INFO - epoch-213, train_loss-0.1363, train_rmse-0.3692, valid_rmse-1.2468, valid_pr-0.7451
2025-06-06 15:58:31 - INFO - epoch-214, train_loss-0.1900, train_rmse-0.4359, valid_rmse-1.2981, valid_pr-0.7325
2025-06-06 15:58:39 - INFO - epoch-215, train_loss-0.1589, train_rmse-0.3986, valid_rmse-1.2412, valid_pr-0.7403
2025-06-06 15:58:47 - INFO - epoch-216, train_loss-0.1310, train_rmse-0.3619, valid_rmse-1.3182, valid_pr-0.7424
2025-06-06 15:58:55 - INFO - epoch-217, train_loss-0.1221, train_rmse-0.3495, valid_rmse-1.2307, valid_pr-0.7513
2025-06-06 15:59:03 - INFO - epoch-218, train_loss-0.1065, train_rmse-0.3263, valid_rmse-1.2290, valid_pr-0.7513
2025-06-06 15:59:11 - INFO - epoch-219, train_loss-0.1122, train_rmse-0.3349, valid_rmse-1.2453, valid_pr-0.7474
2025-06-06 15:59:18 - INFO - epoch-220, train_loss-0.1247, train_rmse-0.3532, valid_rmse-1.2245, valid_pr-0.7487
2025-06-06 15:59:26 - INFO - epoch-221, train_loss-0.1076, train_rmse-0.3280, valid_rmse-1.2340, valid_pr-0.7451
2025-06-06 15:59:34 - INFO - epoch-222, train_loss-0.1127, train_rmse-0.3357, valid_rmse-1.2197, valid_pr-0.7537
2025-06-06 15:59:42 - INFO - epoch-223, train_loss-0.1117, train_rmse-0.3343, valid_rmse-1.2179, valid_pr-0.7529
2025-06-06 15:59:50 - INFO - epoch-224, train_loss-0.1075, train_rmse-0.3279, valid_rmse-1.2242, valid_pr-0.7532
2025-06-06 15:59:58 - INFO - epoch-225, train_loss-0.1146, train_rmse-0.3386, valid_rmse-1.2185, valid_pr-0.7513
2025-06-06 16:00:06 - INFO - epoch-226, train_loss-0.1134, train_rmse-0.3367, valid_rmse-1.2268, valid_pr-0.7540
2025-06-06 16:00:13 - INFO - epoch-227, train_loss-0.1184, train_rmse-0.3442, valid_rmse-1.2289, valid_pr-0.7532
2025-06-06 16:00:21 - INFO - epoch-228, train_loss-0.1096, train_rmse-0.3311, valid_rmse-1.2476, valid_pr-0.7455
2025-06-06 16:00:29 - INFO - epoch-229, train_loss-0.1209, train_rmse-0.3478, valid_rmse-1.2566, valid_pr-0.7386
2025-06-06 16:00:37 - INFO - epoch-230, train_loss-0.1254, train_rmse-0.3541, valid_rmse-1.2234, valid_pr-0.7512
2025-06-06 16:00:45 - INFO - epoch-231, train_loss-0.1061, train_rmse-0.3257, valid_rmse-1.2240, valid_pr-0.7514
2025-06-06 16:00:52 - INFO - epoch-232, train_loss-0.1183, train_rmse-0.3440, valid_rmse-1.2302, valid_pr-0.7498
2025-06-06 16:01:00 - INFO - epoch-233, train_loss-0.1202, train_rmse-0.3467, valid_rmse-1.2507, valid_pr-0.7429
2025-06-06 16:01:08 - INFO - epoch-234, train_loss-0.1110, train_rmse-0.3332, valid_rmse-1.2342, valid_pr-0.7449
2025-06-06 16:01:16 - INFO - epoch-235, train_loss-0.1191, train_rmse-0.3451, valid_rmse-1.2564, valid_pr-0.7355
2025-06-06 16:01:24 - INFO - epoch-236, train_loss-0.1152, train_rmse-0.3395, valid_rmse-1.2324, valid_pr-0.7477
2025-06-06 16:01:32 - INFO - epoch-237, train_loss-0.1198, train_rmse-0.3462, valid_rmse-1.2360, valid_pr-0.7447
2025-06-06 16:01:40 - INFO - epoch-238, train_loss-0.1140, train_rmse-0.3376, valid_rmse-1.2190, valid_pr-0.7530
2025-06-06 16:01:48 - INFO - epoch-239, train_loss-0.1198, train_rmse-0.3461, valid_rmse-1.2193, valid_pr-0.7529
2025-06-06 16:01:56 - INFO - epoch-240, train_loss-0.1124, train_rmse-0.3353, valid_rmse-1.2356, valid_pr-0.7519
2025-06-06 16:02:03 - INFO - epoch-241, train_loss-0.1061, train_rmse-0.3257, valid_rmse-1.2158, valid_pr-0.7556
2025-06-06 16:02:11 - INFO - epoch-242, train_loss-0.1154, train_rmse-0.3396, valid_rmse-1.2349, valid_pr-0.7448
2025-06-06 16:02:19 - INFO - epoch-243, train_loss-0.1103, train_rmse-0.3322, valid_rmse-1.2335, valid_pr-0.7480
2025-06-06 16:02:27 - INFO - epoch-244, train_loss-0.1052, train_rmse-0.3244, valid_rmse-1.2412, valid_pr-0.7415
2025-06-06 16:02:35 - INFO - epoch-245, train_loss-0.1078, train_rmse-0.3283, valid_rmse-1.2346, valid_pr-0.7499
2025-06-06 16:02:42 - INFO - epoch-246, train_loss-0.1065, train_rmse-0.3263, valid_rmse-1.2424, valid_pr-0.7557
2025-06-06 16:02:50 - INFO - epoch-247, train_loss-0.1047, train_rmse-0.3235, valid_rmse-1.2419, valid_pr-0.7434
2025-06-06 16:02:58 - INFO - epoch-248, train_loss-0.1007, train_rmse-0.3173, valid_rmse-1.2581, valid_pr-0.7430
2025-06-06 16:03:06 - INFO - epoch-249, train_loss-0.1105, train_rmse-0.3324, valid_rmse-1.2360, valid_pr-0.7434
2025-06-06 16:03:14 - INFO - epoch-250, train_loss-0.1057, train_rmse-0.3250, valid_rmse-1.2286, valid_pr-0.7506
2025-06-06 16:03:21 - INFO - epoch-251, train_loss-0.1071, train_rmse-0.3272, valid_rmse-1.2281, valid_pr-0.7507
2025-06-06 16:03:29 - INFO - epoch-252, train_loss-0.1082, train_rmse-0.3289, valid_rmse-1.2411, valid_pr-0.7414
2025-06-06 16:03:37 - INFO - epoch-253, train_loss-0.1016, train_rmse-0.3188, valid_rmse-1.2297, valid_pr-0.7517
2025-06-06 16:03:45 - INFO - epoch-254, train_loss-0.0929, train_rmse-0.3048, valid_rmse-1.2381, valid_pr-0.7491
2025-06-06 16:03:53 - INFO - epoch-255, train_loss-0.1010, train_rmse-0.3178, valid_rmse-1.2316, valid_pr-0.7473
2025-06-06 16:04:00 - INFO - epoch-256, train_loss-0.1082, train_rmse-0.3289, valid_rmse-1.2483, valid_pr-0.7423
2025-06-06 16:04:08 - INFO - epoch-257, train_loss-0.1017, train_rmse-0.3190, valid_rmse-1.2280, valid_pr-0.7492
2025-06-06 16:04:16 - INFO - epoch-258, train_loss-0.1012, train_rmse-0.3182, valid_rmse-1.2881, valid_pr-0.7262
2025-06-06 16:04:24 - INFO - epoch-259, train_loss-0.1017, train_rmse-0.3189, valid_rmse-1.2191, valid_pr-0.7542
2025-06-06 16:04:32 - INFO - epoch-260, train_loss-0.1037, train_rmse-0.3220, valid_rmse-1.2532, valid_pr-0.7515
2025-06-06 16:04:39 - INFO - epoch-261, train_loss-0.1064, train_rmse-0.3262, valid_rmse-1.2370, valid_pr-0.7524
2025-06-06 16:04:47 - INFO - epoch-262, train_loss-0.1145, train_rmse-0.3384, valid_rmse-1.2251, valid_pr-0.7481
2025-06-06 16:04:55 - INFO - epoch-263, train_loss-0.1084, train_rmse-0.3293, valid_rmse-1.2207, valid_pr-0.7509
2025-06-06 16:05:03 - INFO - epoch-264, train_loss-0.1109, train_rmse-0.3331, valid_rmse-1.2466, valid_pr-0.7513
2025-06-06 16:05:11 - INFO - epoch-265, train_loss-0.1020, train_rmse-0.3194, valid_rmse-1.2096, valid_pr-0.7583
2025-06-06 16:05:19 - INFO - epoch-266, train_loss-0.1089, train_rmse-0.3299, valid_rmse-1.2500, valid_pr-0.7469
2025-06-06 16:05:27 - INFO - epoch-267, train_loss-0.1023, train_rmse-0.3199, valid_rmse-1.2069, valid_pr-0.7577
2025-06-06 16:05:35 - INFO - epoch-268, train_loss-0.0979, train_rmse-0.3128, valid_rmse-1.2195, valid_pr-0.7507
2025-06-06 16:05:42 - INFO - epoch-269, train_loss-0.0970, train_rmse-0.3115, valid_rmse-1.2155, valid_pr-0.7553
2025-06-06 16:05:50 - INFO - epoch-270, train_loss-0.0982, train_rmse-0.3134, valid_rmse-1.2280, valid_pr-0.7473
2025-06-06 16:05:58 - INFO - epoch-271, train_loss-0.0970, train_rmse-0.3114, valid_rmse-1.2127, valid_pr-0.7599
2025-06-06 16:06:06 - INFO - epoch-272, train_loss-0.0910, train_rmse-0.3017, valid_rmse-1.2267, valid_pr-0.7498
2025-06-06 16:06:14 - INFO - epoch-273, train_loss-0.0967, train_rmse-0.3109, valid_rmse-1.2270, valid_pr-0.7493
2025-06-06 16:06:22 - INFO - epoch-274, train_loss-0.1019, train_rmse-0.3192, valid_rmse-1.2379, valid_pr-0.7455
2025-06-06 16:06:30 - INFO - epoch-275, train_loss-0.1077, train_rmse-0.3282, valid_rmse-1.2300, valid_pr-0.7460
2025-06-06 16:06:37 - INFO - epoch-276, train_loss-0.0990, train_rmse-0.3147, valid_rmse-1.2377, valid_pr-0.7533
2025-06-06 16:06:45 - INFO - epoch-277, train_loss-0.1065, train_rmse-0.3263, valid_rmse-1.2166, valid_pr-0.7522
2025-06-06 16:06:53 - INFO - epoch-278, train_loss-0.1016, train_rmse-0.3188, valid_rmse-1.2403, valid_pr-0.7476
2025-06-06 16:07:01 - INFO - epoch-279, train_loss-0.1137, train_rmse-0.3373, valid_rmse-1.2427, valid_pr-0.7491
2025-06-06 16:07:09 - INFO - epoch-280, train_loss-0.1145, train_rmse-0.3384, valid_rmse-1.2261, valid_pr-0.7498
2025-06-06 16:07:16 - INFO - epoch-281, train_loss-0.0959, train_rmse-0.3097, valid_rmse-1.2178, valid_pr-0.7526
2025-06-06 16:07:24 - INFO - epoch-282, train_loss-0.0894, train_rmse-0.2990, valid_rmse-1.2335, valid_pr-0.7463
2025-06-06 16:07:32 - INFO - epoch-283, train_loss-0.1024, train_rmse-0.3199, valid_rmse-1.2379, valid_pr-0.7439
2025-06-06 16:07:40 - INFO - epoch-284, train_loss-0.1236, train_rmse-0.3515, valid_rmse-1.2240, valid_pr-0.7493
2025-06-06 16:07:48 - INFO - epoch-285, train_loss-0.1082, train_rmse-0.3290, valid_rmse-1.3150, valid_pr-0.7332
2025-06-06 16:07:55 - INFO - epoch-286, train_loss-0.1158, train_rmse-0.3403, valid_rmse-1.2389, valid_pr-0.7424
2025-06-06 16:08:03 - INFO - epoch-287, train_loss-0.1077, train_rmse-0.3281, valid_rmse-1.2383, valid_pr-0.7487
2025-06-06 16:08:11 - INFO - epoch-288, train_loss-0.1054, train_rmse-0.3246, valid_rmse-1.2412, valid_pr-0.7444
2025-06-06 16:08:19 - INFO - epoch-289, train_loss-0.1111, train_rmse-0.3333, valid_rmse-1.2382, valid_pr-0.7441
2025-06-06 16:08:27 - INFO - epoch-290, train_loss-0.0953, train_rmse-0.3087, valid_rmse-1.2262, valid_pr-0.7480
2025-06-06 16:08:34 - INFO - epoch-291, train_loss-0.0818, train_rmse-0.2861, valid_rmse-1.2255, valid_pr-0.7520
2025-06-06 16:08:42 - INFO - epoch-292, train_loss-0.0933, train_rmse-0.3054, valid_rmse-1.2152, valid_pr-0.7532
2025-06-06 16:08:50 - INFO - epoch-293, train_loss-0.0790, train_rmse-0.2810, valid_rmse-1.2215, valid_pr-0.7520
2025-06-06 16:08:58 - INFO - epoch-294, train_loss-0.0819, train_rmse-0.2862, valid_rmse-1.2131, valid_pr-0.7569
2025-06-06 16:09:06 - INFO - epoch-295, train_loss-0.0972, train_rmse-0.3118, valid_rmse-1.2244, valid_pr-0.7503
2025-06-06 16:09:14 - INFO - epoch-296, train_loss-0.0904, train_rmse-0.3007, valid_rmse-1.2178, valid_pr-0.7527
2025-06-06 16:09:21 - INFO - epoch-297, train_loss-0.0871, train_rmse-0.2951, valid_rmse-1.2146, valid_pr-0.7553
2025-06-06 16:09:29 - INFO - epoch-298, train_loss-0.0866, train_rmse-0.2942, valid_rmse-1.2530, valid_pr-0.7496
2025-06-06 16:09:37 - INFO - epoch-299, train_loss-0.1056, train_rmse-0.3250, valid_rmse-1.2351, valid_pr-0.7482
2025-06-06 16:09:45 - INFO - epoch-300, train_loss-0.0991, train_rmse-0.3149, valid_rmse-1.2755, valid_pr-0.7371
2025-06-06 16:09:53 - INFO - epoch-301, train_loss-0.1209, train_rmse-0.3478, valid_rmse-1.2470, valid_pr-0.7455
2025-06-06 16:10:01 - INFO - epoch-302, train_loss-0.1018, train_rmse-0.3190, valid_rmse-1.2370, valid_pr-0.7428
2025-06-06 16:10:09 - INFO - epoch-303, train_loss-0.0980, train_rmse-0.3131, valid_rmse-1.2241, valid_pr-0.7518
2025-06-06 16:10:17 - INFO - epoch-304, train_loss-0.0978, train_rmse-0.3128, valid_rmse-1.2458, valid_pr-0.7417
2025-06-06 16:10:24 - INFO - epoch-305, train_loss-0.0885, train_rmse-0.2975, valid_rmse-1.2267, valid_pr-0.7512
2025-06-06 16:10:32 - INFO - epoch-306, train_loss-0.0894, train_rmse-0.2991, valid_rmse-1.2378, valid_pr-0.7485
2025-06-06 16:10:40 - INFO - epoch-307, train_loss-0.0943, train_rmse-0.3071, valid_rmse-1.2236, valid_pr-0.7508
2025-06-06 16:10:48 - INFO - epoch-308, train_loss-0.0944, train_rmse-0.3073, valid_rmse-1.2194, valid_pr-0.7511
2025-06-06 16:10:56 - INFO - epoch-309, train_loss-0.0893, train_rmse-0.2988, valid_rmse-1.2317, valid_pr-0.7501
2025-06-06 16:11:04 - INFO - epoch-310, train_loss-0.0818, train_rmse-0.2859, valid_rmse-1.2304, valid_pr-0.7485
2025-06-06 16:11:11 - INFO - epoch-311, train_loss-0.0788, train_rmse-0.2806, valid_rmse-1.2176, valid_pr-0.7518
2025-06-06 16:11:19 - INFO - epoch-312, train_loss-0.0821, train_rmse-0.2865, valid_rmse-1.2310, valid_pr-0.7454
2025-06-06 16:11:27 - INFO - epoch-313, train_loss-0.0825, train_rmse-0.2872, valid_rmse-1.2175, valid_pr-0.7532
2025-06-06 16:11:35 - INFO - epoch-314, train_loss-0.0942, train_rmse-0.3069, valid_rmse-1.2229, valid_pr-0.7492
2025-06-06 16:11:43 - INFO - epoch-315, train_loss-0.0974, train_rmse-0.3120, valid_rmse-1.2315, valid_pr-0.7462
2025-06-06 16:11:51 - INFO - epoch-316, train_loss-0.0861, train_rmse-0.2934, valid_rmse-1.2257, valid_pr-0.7500
2025-06-06 16:11:59 - INFO - epoch-317, train_loss-0.0856, train_rmse-0.2925, valid_rmse-1.2346, valid_pr-0.7471
2025-06-06 16:12:07 - INFO - epoch-318, train_loss-0.0872, train_rmse-0.2953, valid_rmse-1.2307, valid_pr-0.7517
2025-06-06 16:12:15 - INFO - epoch-319, train_loss-0.0854, train_rmse-0.2923, valid_rmse-1.2233, valid_pr-0.7498
2025-06-06 16:12:23 - INFO - epoch-320, train_loss-0.0859, train_rmse-0.2931, valid_rmse-1.2459, valid_pr-0.7471
2025-06-06 16:12:31 - INFO - epoch-321, train_loss-0.0848, train_rmse-0.2913, valid_rmse-1.2302, valid_pr-0.7459
2025-06-06 16:12:38 - INFO - epoch-322, train_loss-0.0717, train_rmse-0.2678, valid_rmse-1.2242, valid_pr-0.7520
2025-06-06 16:12:46 - INFO - epoch-323, train_loss-0.0904, train_rmse-0.3007, valid_rmse-1.2492, valid_pr-0.7421
2025-06-06 16:12:54 - INFO - epoch-324, train_loss-0.1165, train_rmse-0.3414, valid_rmse-1.2256, valid_pr-0.7479
2025-06-06 16:13:02 - INFO - epoch-325, train_loss-0.1043, train_rmse-0.3229, valid_rmse-1.2277, valid_pr-0.7468
2025-06-06 16:13:10 - INFO - epoch-326, train_loss-0.0975, train_rmse-0.3122, valid_rmse-1.2416, valid_pr-0.7455
2025-06-06 16:13:18 - INFO - epoch-327, train_loss-0.0943, train_rmse-0.3072, valid_rmse-1.2473, valid_pr-0.7408
2025-06-06 16:13:26 - INFO - epoch-328, train_loss-0.1787, train_rmse-0.4227, valid_rmse-1.4499, valid_pr-0.6740
2025-06-06 16:13:34 - INFO - epoch-329, train_loss-1.0728, train_rmse-1.0358, valid_rmse-1.4741, valid_pr-0.6901
2025-06-06 16:13:41 - INFO - epoch-330, train_loss-0.5804, train_rmse-0.7618, valid_rmse-1.3067, valid_pr-0.7253
2025-06-06 16:13:49 - INFO - epoch-331, train_loss-0.2367, train_rmse-0.4865, valid_rmse-1.2606, valid_pr-0.7359
2025-06-06 16:13:57 - INFO - epoch-332, train_loss-0.1273, train_rmse-0.3568, valid_rmse-1.2479, valid_pr-0.7400
2025-06-06 16:14:05 - INFO - epoch-333, train_loss-0.0916, train_rmse-0.3026, valid_rmse-1.2476, valid_pr-0.7390
2025-06-06 16:14:13 - INFO - epoch-334, train_loss-0.0835, train_rmse-0.2890, valid_rmse-1.2473, valid_pr-0.7412
2025-06-06 16:14:21 - INFO - epoch-335, train_loss-0.0762, train_rmse-0.2761, valid_rmse-1.2401, valid_pr-0.7425
2025-06-06 16:14:29 - INFO - epoch-336, train_loss-0.0791, train_rmse-0.2812, valid_rmse-1.2518, valid_pr-0.7420
2025-06-06 16:14:36 - INFO - epoch-337, train_loss-0.0722, train_rmse-0.2687, valid_rmse-1.2485, valid_pr-0.7390
2025-06-06 16:14:44 - INFO - epoch-338, train_loss-0.0685, train_rmse-0.2618, valid_rmse-1.2421, valid_pr-0.7423
2025-06-06 16:14:52 - INFO - epoch-339, train_loss-0.0757, train_rmse-0.2752, valid_rmse-1.2432, valid_pr-0.7412
2025-06-06 16:15:00 - INFO - epoch-340, train_loss-0.0702, train_rmse-0.2650, valid_rmse-1.2376, valid_pr-0.7420
2025-06-06 16:15:08 - INFO - epoch-341, train_loss-0.0632, train_rmse-0.2513, valid_rmse-1.2391, valid_pr-0.7430
2025-06-06 16:15:15 - INFO - epoch-342, train_loss-0.0677, train_rmse-0.2601, valid_rmse-1.2432, valid_pr-0.7406
2025-06-06 16:15:23 - INFO - epoch-343, train_loss-0.0696, train_rmse-0.2638, valid_rmse-1.2380, valid_pr-0.7424
2025-06-06 16:15:31 - INFO - epoch-344, train_loss-0.0597, train_rmse-0.2443, valid_rmse-1.2431, valid_pr-0.7436
2025-06-06 16:15:39 - INFO - epoch-345, train_loss-0.0677, train_rmse-0.2603, valid_rmse-1.2286, valid_pr-0.7473
2025-06-06 16:15:47 - INFO - epoch-346, train_loss-0.0623, train_rmse-0.2497, valid_rmse-1.2212, valid_pr-0.7500
2025-06-06 16:15:55 - INFO - epoch-347, train_loss-0.0680, train_rmse-0.2607, valid_rmse-1.2316, valid_pr-0.7470
2025-06-06 16:16:02 - INFO - epoch-348, train_loss-0.0691, train_rmse-0.2629, valid_rmse-1.2337, valid_pr-0.7465
2025-06-06 16:16:10 - INFO - epoch-349, train_loss-0.0736, train_rmse-0.2714, valid_rmse-1.2536, valid_pr-0.7376
2025-06-06 16:16:18 - INFO - epoch-350, train_loss-0.0717, train_rmse-0.2679, valid_rmse-1.2460, valid_pr-0.7382
2025-06-06 16:16:26 - INFO - epoch-351, train_loss-0.0624, train_rmse-0.2498, valid_rmse-1.2543, valid_pr-0.7399
2025-06-06 16:16:34 - INFO - epoch-352, train_loss-0.0661, train_rmse-0.2572, valid_rmse-1.2463, valid_pr-0.7421
2025-06-06 16:16:42 - INFO - epoch-353, train_loss-0.0620, train_rmse-0.2491, valid_rmse-1.2402, valid_pr-0.7407
2025-06-06 16:16:49 - INFO - epoch-354, train_loss-0.0750, train_rmse-0.2738, valid_rmse-1.2376, valid_pr-0.7424
2025-06-06 16:16:57 - INFO - epoch-355, train_loss-0.0815, train_rmse-0.2855, valid_rmse-1.2491, valid_pr-0.7423
2025-06-06 16:17:05 - INFO - epoch-356, train_loss-0.0780, train_rmse-0.2792, valid_rmse-1.2351, valid_pr-0.7453
2025-06-06 16:17:13 - INFO - epoch-357, train_loss-0.0739, train_rmse-0.2718, valid_rmse-1.2474, valid_pr-0.7429
2025-06-06 16:17:21 - INFO - epoch-358, train_loss-0.0772, train_rmse-0.2779, valid_rmse-1.2480, valid_pr-0.7428
2025-06-06 16:17:29 - INFO - epoch-359, train_loss-0.0860, train_rmse-0.2932, valid_rmse-1.2422, valid_pr-0.7521
2025-06-06 16:17:36 - INFO - epoch-360, train_loss-0.0869, train_rmse-0.2948, valid_rmse-1.2418, valid_pr-0.7417
2025-06-06 16:17:44 - INFO - epoch-361, train_loss-0.0766, train_rmse-0.2767, valid_rmse-1.2443, valid_pr-0.7416
2025-06-06 16:17:52 - INFO - epoch-362, train_loss-0.0768, train_rmse-0.2772, valid_rmse-1.2273, valid_pr-0.7472
2025-06-06 16:18:00 - INFO - epoch-363, train_loss-0.0676, train_rmse-0.2600, valid_rmse-1.2419, valid_pr-0.7404
2025-06-06 16:18:08 - INFO - epoch-364, train_loss-0.0734, train_rmse-0.2710, valid_rmse-1.2527, valid_pr-0.7440
2025-06-06 16:18:16 - INFO - epoch-365, train_loss-0.0901, train_rmse-0.3002, valid_rmse-1.2386, valid_pr-0.7428
2025-06-06 16:18:24 - INFO - epoch-366, train_loss-0.0803, train_rmse-0.2834, valid_rmse-1.2297, valid_pr-0.7494
2025-06-06 16:18:31 - INFO - epoch-367, train_loss-0.0805, train_rmse-0.2837, valid_rmse-1.2390, valid_pr-0.7426
2025-06-06 16:18:39 - INFO - epoch-368, train_loss-0.0766, train_rmse-0.2767, valid_rmse-1.2260, valid_pr-0.7504
2025-06-06 16:18:39 - INFO - early stop in epoch 368
2025-06-06 16:18:39 - INFO - best_rmse: 1.2069
2025-06-06 16:18:42 - INFO - valid_rmse-1.2069, valid_pr-0.7577, test2013_rmse-1.5202, test2013_pr-0.7823, test2016_rmse-1.3162, test2016_pr-0.8146, test2019_rmse-1.3925, test2019_pr-0.6287,
