2025-06-09 12:19:25 - INFO - train_SchNet.py
2025-06-09 12:19:25 - INFO - train data: 11904
2025-06-09 12:19:25 - INFO - valid data: 1000
2025-06-09 12:19:25 - INFO - test2013 data: 107
2025-06-09 12:19:25 - INFO - test2016 data: 285
2025-06-09 12:19:25 - INFO - test2019 data: 4366
2025-06-09 12:19:35 - INFO - epoch-0, train_loss-41.9299, train_rmse-6.4753, valid_rmse-6.7722, valid_pr-0.5008
2025-06-09 12:19:44 - INFO - epoch-1, train_loss-31.7594, train_rmse-5.6355, valid_rmse-3.8702, valid_pr-0.3457
2025-06-09 12:19:54 - INFO - epoch-2, train_loss-15.7785, train_rmse-3.9722, valid_rmse-2.6458, valid_pr-0.4676
2025-06-09 12:20:04 - INFO - epoch-3, train_loss-5.9014, train_rmse-2.4293, valid_rmse-2.1451, valid_pr-0.5104
2025-06-09 12:20:13 - INFO - epoch-4, train_loss-3.5742, train_rmse-1.8906, valid_rmse-1.7540, valid_pr-0.4593
2025-06-09 12:20:23 - INFO - epoch-5, train_loss-3.1763, train_rmse-1.7822, valid_rmse-1.6357, valid_pr-0.5509
2025-06-09 12:20:33 - INFO - epoch-6, train_loss-3.1561, train_rmse-1.7765, valid_rmse-1.7238, valid_pr-0.5284
2025-06-09 12:20:42 - INFO - epoch-7, train_loss-3.1053, train_rmse-1.7622, valid_rmse-1.6436, valid_pr-0.5309
2025-06-09 12:20:52 - INFO - epoch-8, train_loss-3.0485, train_rmse-1.7460, valid_rmse-1.6960, valid_pr-0.5574
2025-06-09 12:21:01 - INFO - epoch-9, train_loss-2.9026, train_rmse-1.7037, valid_rmse-1.6424, valid_pr-0.5627
2025-06-09 12:21:11 - INFO - epoch-10, train_loss-2.8417, train_rmse-1.6857, valid_rmse-1.6749, valid_pr-0.5616
2025-06-09 12:21:21 - INFO - epoch-11, train_loss-2.8348, train_rmse-1.6837, valid_rmse-1.5483, valid_pr-0.5606
2025-06-09 12:21:30 - INFO - epoch-12, train_loss-2.8184, train_rmse-1.6788, valid_rmse-1.4904, valid_pr-0.5958
2025-06-09 12:21:40 - INFO - epoch-13, train_loss-2.7018, train_rmse-1.6437, valid_rmse-1.4933, valid_pr-0.5904
2025-06-09 12:21:49 - INFO - epoch-14, train_loss-2.7341, train_rmse-1.6535, valid_rmse-1.5254, valid_pr-0.6054
2025-06-09 12:21:59 - INFO - epoch-15, train_loss-2.6557, train_rmse-1.6296, valid_rmse-1.4936, valid_pr-0.6045
2025-06-09 12:22:08 - INFO - epoch-16, train_loss-2.5583, train_rmse-1.5995, valid_rmse-1.5464, valid_pr-0.6062
2025-06-09 12:22:18 - INFO - epoch-17, train_loss-2.5636, train_rmse-1.6011, valid_rmse-1.4708, valid_pr-0.6301
2025-06-09 12:22:28 - INFO - epoch-18, train_loss-2.4792, train_rmse-1.5746, valid_rmse-1.5071, valid_pr-0.6058
2025-06-09 12:22:37 - INFO - epoch-19, train_loss-2.4658, train_rmse-1.5703, valid_rmse-1.4511, valid_pr-0.6299
2025-06-09 12:22:47 - INFO - epoch-20, train_loss-2.4124, train_rmse-1.5532, valid_rmse-1.4756, valid_pr-0.6186
2025-06-09 12:22:56 - INFO - epoch-21, train_loss-2.3430, train_rmse-1.5307, valid_rmse-1.4774, valid_pr-0.6439
2025-06-09 12:23:06 - INFO - epoch-22, train_loss-2.3234, train_rmse-1.5243, valid_rmse-1.4327, valid_pr-0.6349
2025-06-09 12:23:15 - INFO - epoch-23, train_loss-2.2433, train_rmse-1.4978, valid_rmse-1.4030, valid_pr-0.6557
2025-06-09 12:23:25 - INFO - epoch-24, train_loss-2.2288, train_rmse-1.4929, valid_rmse-1.3965, valid_pr-0.6571
2025-06-09 12:23:35 - INFO - epoch-25, train_loss-2.1546, train_rmse-1.4679, valid_rmse-1.3888, valid_pr-0.6669
2025-06-09 12:23:44 - INFO - epoch-26, train_loss-2.1583, train_rmse-1.4691, valid_rmse-1.4565, valid_pr-0.6676
2025-06-09 12:23:54 - INFO - epoch-27, train_loss-2.0864, train_rmse-1.4444, valid_rmse-1.3996, valid_pr-0.6697
2025-06-09 12:24:04 - INFO - epoch-28, train_loss-2.0453, train_rmse-1.4301, valid_rmse-1.4132, valid_pr-0.6484
2025-06-09 12:24:13 - INFO - epoch-29, train_loss-1.9212, train_rmse-1.3861, valid_rmse-1.4099, valid_pr-0.6589
2025-06-09 12:24:23 - INFO - epoch-30, train_loss-1.9196, train_rmse-1.3855, valid_rmse-1.3620, valid_pr-0.6801
2025-06-09 12:24:33 - INFO - epoch-31, train_loss-1.8510, train_rmse-1.3605, valid_rmse-1.4259, valid_pr-0.6521
2025-06-09 12:24:42 - INFO - epoch-32, train_loss-1.8266, train_rmse-1.3515, valid_rmse-1.4098, valid_pr-0.6828
2025-06-09 12:24:52 - INFO - epoch-33, train_loss-1.7588, train_rmse-1.3262, valid_rmse-1.3589, valid_pr-0.6861
2025-06-09 12:25:02 - INFO - epoch-34, train_loss-1.6907, train_rmse-1.3003, valid_rmse-1.3625, valid_pr-0.6754
2025-06-09 12:25:11 - INFO - epoch-35, train_loss-1.6103, train_rmse-1.2690, valid_rmse-1.4210, valid_pr-0.6612
2025-06-09 12:25:21 - INFO - epoch-36, train_loss-1.5414, train_rmse-1.2415, valid_rmse-1.4374, valid_pr-0.6523
2025-06-09 12:25:31 - INFO - epoch-37, train_loss-1.5117, train_rmse-1.2295, valid_rmse-1.3962, valid_pr-0.6720
2025-06-09 12:25:40 - INFO - epoch-38, train_loss-1.4644, train_rmse-1.2101, valid_rmse-1.3484, valid_pr-0.6830
2025-06-09 12:25:50 - INFO - epoch-39, train_loss-1.3892, train_rmse-1.1786, valid_rmse-1.3500, valid_pr-0.6996
2025-06-09 12:26:00 - INFO - epoch-40, train_loss-1.3163, train_rmse-1.1473, valid_rmse-1.4410, valid_pr-0.6746
2025-06-09 12:26:09 - INFO - epoch-41, train_loss-1.2657, train_rmse-1.1250, valid_rmse-1.3720, valid_pr-0.6828
2025-06-09 12:26:19 - INFO - epoch-42, train_loss-1.2004, train_rmse-1.0956, valid_rmse-1.3371, valid_pr-0.6923
2025-06-09 12:26:28 - INFO - epoch-43, train_loss-1.1457, train_rmse-1.0704, valid_rmse-1.3772, valid_pr-0.6737
2025-06-09 12:26:38 - INFO - epoch-44, train_loss-1.1448, train_rmse-1.0699, valid_rmse-1.3381, valid_pr-0.6936
2025-06-09 12:26:48 - INFO - epoch-45, train_loss-1.0753, train_rmse-1.0370, valid_rmse-1.3820, valid_pr-0.6724
2025-06-09 12:26:57 - INFO - epoch-46, train_loss-1.0144, train_rmse-1.0072, valid_rmse-1.4189, valid_pr-0.6759
2025-06-09 12:27:07 - INFO - epoch-47, train_loss-0.9584, train_rmse-0.9790, valid_rmse-1.4446, valid_pr-0.6792
2025-06-09 12:27:17 - INFO - epoch-48, train_loss-0.9143, train_rmse-0.9562, valid_rmse-1.3689, valid_pr-0.6978
2025-06-09 12:27:26 - INFO - epoch-49, train_loss-0.8917, train_rmse-0.9443, valid_rmse-1.3770, valid_pr-0.6917
2025-06-09 12:27:36 - INFO - epoch-50, train_loss-0.8458, train_rmse-0.9196, valid_rmse-1.3531, valid_pr-0.6888
2025-06-09 12:27:45 - INFO - epoch-51, train_loss-0.8131, train_rmse-0.9017, valid_rmse-1.3487, valid_pr-0.6974
2025-06-09 12:27:55 - INFO - epoch-52, train_loss-0.7524, train_rmse-0.8674, valid_rmse-1.4093, valid_pr-0.6929
2025-06-09 12:28:05 - INFO - epoch-53, train_loss-0.7433, train_rmse-0.8622, valid_rmse-1.3868, valid_pr-0.6813
2025-06-09 12:28:14 - INFO - epoch-54, train_loss-0.6980, train_rmse-0.8355, valid_rmse-1.3950, valid_pr-0.6735
2025-06-09 12:28:24 - INFO - epoch-55, train_loss-0.6829, train_rmse-0.8264, valid_rmse-1.3503, valid_pr-0.6936
2025-06-09 12:28:34 - INFO - epoch-56, train_loss-0.6573, train_rmse-0.8107, valid_rmse-1.3814, valid_pr-0.6745
2025-06-09 12:28:43 - INFO - epoch-57, train_loss-0.6370, train_rmse-0.7981, valid_rmse-1.4047, valid_pr-0.6757
2025-06-09 12:28:53 - INFO - epoch-58, train_loss-0.6029, train_rmse-0.7765, valid_rmse-1.4496, valid_pr-0.6842
2025-06-09 12:29:03 - INFO - epoch-59, train_loss-0.5589, train_rmse-0.7476, valid_rmse-1.3848, valid_pr-0.6732
2025-06-09 12:29:12 - INFO - epoch-60, train_loss-0.5396, train_rmse-0.7346, valid_rmse-1.3722, valid_pr-0.6799
2025-06-09 12:29:22 - INFO - epoch-61, train_loss-0.5127, train_rmse-0.7160, valid_rmse-1.4249, valid_pr-0.6781
2025-06-09 12:29:32 - INFO - epoch-62, train_loss-0.5100, train_rmse-0.7142, valid_rmse-1.3735, valid_pr-0.6950
2025-06-09 12:29:41 - INFO - epoch-63, train_loss-0.4990, train_rmse-0.7064, valid_rmse-1.4937, valid_pr-0.6828
2025-06-09 12:29:51 - INFO - epoch-64, train_loss-0.4680, train_rmse-0.6841, valid_rmse-1.4665, valid_pr-0.6907
2025-06-09 12:30:01 - INFO - epoch-65, train_loss-0.4559, train_rmse-0.6752, valid_rmse-1.3575, valid_pr-0.6923
2025-06-09 12:30:10 - INFO - epoch-66, train_loss-0.4441, train_rmse-0.6664, valid_rmse-1.4101, valid_pr-0.6790
2025-06-09 12:30:20 - INFO - epoch-67, train_loss-0.4208, train_rmse-0.6487, valid_rmse-1.4789, valid_pr-0.6786
2025-06-09 12:30:30 - INFO - epoch-68, train_loss-0.4085, train_rmse-0.6392, valid_rmse-1.4032, valid_pr-0.6898
2025-06-09 12:30:39 - INFO - epoch-69, train_loss-0.3951, train_rmse-0.6286, valid_rmse-1.3571, valid_pr-0.6941
2025-06-09 12:30:49 - INFO - epoch-70, train_loss-0.3893, train_rmse-0.6239, valid_rmse-1.3885, valid_pr-0.6782
2025-06-09 12:30:58 - INFO - epoch-71, train_loss-0.3622, train_rmse-0.6018, valid_rmse-1.4563, valid_pr-0.6855
2025-06-09 12:31:08 - INFO - epoch-72, train_loss-0.3763, train_rmse-0.6134, valid_rmse-1.4816, valid_pr-0.6871
2025-06-09 12:31:18 - INFO - epoch-73, train_loss-0.3469, train_rmse-0.5889, valid_rmse-1.3814, valid_pr-0.6844
2025-06-09 12:31:27 - INFO - epoch-74, train_loss-0.3410, train_rmse-0.5839, valid_rmse-1.5321, valid_pr-0.6871
2025-06-09 12:31:37 - INFO - epoch-75, train_loss-0.3330, train_rmse-0.5771, valid_rmse-1.3984, valid_pr-0.6836
2025-06-09 12:31:46 - INFO - epoch-76, train_loss-0.3195, train_rmse-0.5653, valid_rmse-1.3736, valid_pr-0.6881
2025-06-09 12:31:56 - INFO - epoch-77, train_loss-0.3191, train_rmse-0.5649, valid_rmse-1.3885, valid_pr-0.6853
2025-06-09 12:32:06 - INFO - epoch-78, train_loss-0.3134, train_rmse-0.5598, valid_rmse-1.4114, valid_pr-0.6854
2025-06-09 12:32:15 - INFO - epoch-79, train_loss-0.3114, train_rmse-0.5581, valid_rmse-1.4664, valid_pr-0.6816
2025-06-09 12:32:25 - INFO - epoch-80, train_loss-0.2894, train_rmse-0.5380, valid_rmse-1.4100, valid_pr-0.6913
2025-06-09 12:32:35 - INFO - epoch-81, train_loss-0.2882, train_rmse-0.5368, valid_rmse-1.4719, valid_pr-0.6733
2025-06-09 12:32:44 - INFO - epoch-82, train_loss-0.2956, train_rmse-0.5437, valid_rmse-1.4131, valid_pr-0.6745
2025-06-09 12:32:54 - INFO - epoch-83, train_loss-0.2853, train_rmse-0.5341, valid_rmse-1.4050, valid_pr-0.6827
2025-06-09 12:33:04 - INFO - epoch-84, train_loss-0.2707, train_rmse-0.5203, valid_rmse-1.3718, valid_pr-0.6917
2025-06-09 12:33:13 - INFO - epoch-85, train_loss-0.2765, train_rmse-0.5258, valid_rmse-1.3804, valid_pr-0.6887
2025-06-09 12:33:23 - INFO - epoch-86, train_loss-0.2704, train_rmse-0.5200, valid_rmse-1.4031, valid_pr-0.6919
2025-06-09 12:33:33 - INFO - epoch-87, train_loss-0.2715, train_rmse-0.5210, valid_rmse-1.4864, valid_pr-0.6924
2025-06-09 12:33:42 - INFO - epoch-88, train_loss-0.2743, train_rmse-0.5238, valid_rmse-1.3873, valid_pr-0.6850
2025-06-09 12:33:52 - INFO - epoch-89, train_loss-0.2554, train_rmse-0.5054, valid_rmse-1.3785, valid_pr-0.6800
2025-06-09 12:34:02 - INFO - epoch-90, train_loss-0.2379, train_rmse-0.4877, valid_rmse-1.3751, valid_pr-0.6893
2025-06-09 12:34:11 - INFO - epoch-91, train_loss-0.2350, train_rmse-0.4847, valid_rmse-1.3937, valid_pr-0.6851
2025-06-09 12:34:21 - INFO - epoch-92, train_loss-0.2291, train_rmse-0.4786, valid_rmse-1.3866, valid_pr-0.6828
2025-06-09 12:34:31 - INFO - epoch-93, train_loss-0.2257, train_rmse-0.4751, valid_rmse-1.4202, valid_pr-0.6891
2025-06-09 12:34:40 - INFO - epoch-94, train_loss-0.2271, train_rmse-0.4765, valid_rmse-1.4252, valid_pr-0.6868
2025-06-09 12:34:50 - INFO - epoch-95, train_loss-0.2244, train_rmse-0.4737, valid_rmse-1.4169, valid_pr-0.6903
2025-06-09 12:34:59 - INFO - epoch-96, train_loss-0.2218, train_rmse-0.4710, valid_rmse-1.3860, valid_pr-0.6923
2025-06-09 12:35:09 - INFO - epoch-97, train_loss-0.2061, train_rmse-0.4540, valid_rmse-1.4788, valid_pr-0.6881
2025-06-09 12:35:19 - INFO - epoch-98, train_loss-0.2161, train_rmse-0.4649, valid_rmse-1.3776, valid_pr-0.6862
2025-06-09 12:35:28 - INFO - epoch-99, train_loss-0.2134, train_rmse-0.4620, valid_rmse-1.4014, valid_pr-0.6860
2025-06-09 12:35:38 - INFO - epoch-100, train_loss-0.2174, train_rmse-0.4662, valid_rmse-1.4363, valid_pr-0.6873
2025-06-09 12:35:48 - INFO - epoch-101, train_loss-0.2031, train_rmse-0.4507, valid_rmse-1.4111, valid_pr-0.6829
2025-06-09 12:35:57 - INFO - epoch-102, train_loss-0.1941, train_rmse-0.4406, valid_rmse-1.4142, valid_pr-0.6765
2025-06-09 12:36:07 - INFO - epoch-103, train_loss-0.2012, train_rmse-0.4486, valid_rmse-1.3626, valid_pr-0.6805
2025-06-09 12:36:16 - INFO - epoch-104, train_loss-0.1974, train_rmse-0.4443, valid_rmse-1.3734, valid_pr-0.6921
2025-06-09 12:36:26 - INFO - epoch-105, train_loss-0.1889, train_rmse-0.4346, valid_rmse-1.3769, valid_pr-0.6849
2025-06-09 12:36:36 - INFO - epoch-106, train_loss-0.1954, train_rmse-0.4420, valid_rmse-1.3766, valid_pr-0.6835
2025-06-09 12:36:45 - INFO - epoch-107, train_loss-0.1995, train_rmse-0.4466, valid_rmse-1.4249, valid_pr-0.6857
2025-06-09 12:36:55 - INFO - epoch-108, train_loss-0.2029, train_rmse-0.4505, valid_rmse-1.3997, valid_pr-0.6757
2025-06-09 12:37:04 - INFO - epoch-109, train_loss-0.1875, train_rmse-0.4330, valid_rmse-1.3854, valid_pr-0.6850
2025-06-09 12:37:14 - INFO - epoch-110, train_loss-0.1871, train_rmse-0.4325, valid_rmse-1.3778, valid_pr-0.6926
2025-06-09 12:37:24 - INFO - epoch-111, train_loss-0.1860, train_rmse-0.4313, valid_rmse-1.3400, valid_pr-0.6930
2025-06-09 12:37:33 - INFO - epoch-112, train_loss-0.1861, train_rmse-0.4314, valid_rmse-1.4200, valid_pr-0.6777
2025-06-09 12:37:43 - INFO - epoch-113, train_loss-0.1833, train_rmse-0.4281, valid_rmse-1.3599, valid_pr-0.6921
2025-06-09 12:37:53 - INFO - epoch-114, train_loss-0.1737, train_rmse-0.4168, valid_rmse-1.4108, valid_pr-0.6878
2025-06-09 12:38:02 - INFO - epoch-115, train_loss-0.1763, train_rmse-0.4199, valid_rmse-1.3825, valid_pr-0.6897
2025-06-09 12:38:12 - INFO - epoch-116, train_loss-0.1705, train_rmse-0.4129, valid_rmse-1.3764, valid_pr-0.6882
2025-06-09 12:38:21 - INFO - epoch-117, train_loss-0.1739, train_rmse-0.4170, valid_rmse-1.4319, valid_pr-0.6825
2025-06-09 12:38:31 - INFO - epoch-118, train_loss-0.1624, train_rmse-0.4030, valid_rmse-1.3594, valid_pr-0.6957
2025-06-09 12:38:41 - INFO - epoch-119, train_loss-0.1676, train_rmse-0.4094, valid_rmse-1.3776, valid_pr-0.6854
2025-06-09 12:38:50 - INFO - epoch-120, train_loss-0.1736, train_rmse-0.4167, valid_rmse-1.4286, valid_pr-0.6937
2025-06-09 12:39:00 - INFO - epoch-121, train_loss-0.1702, train_rmse-0.4126, valid_rmse-1.3720, valid_pr-0.6849
2025-06-09 12:39:10 - INFO - epoch-122, train_loss-0.1699, train_rmse-0.4122, valid_rmse-1.3688, valid_pr-0.6902
2025-06-09 12:39:19 - INFO - epoch-123, train_loss-0.1703, train_rmse-0.4126, valid_rmse-1.3625, valid_pr-0.6914
2025-06-09 12:39:29 - INFO - epoch-124, train_loss-0.1692, train_rmse-0.4113, valid_rmse-1.3737, valid_pr-0.6852
2025-06-09 12:39:39 - INFO - epoch-125, train_loss-0.1655, train_rmse-0.4068, valid_rmse-1.3557, valid_pr-0.6920
2025-06-09 12:39:48 - INFO - epoch-126, train_loss-0.1551, train_rmse-0.3939, valid_rmse-1.3518, valid_pr-0.6859
2025-06-09 12:39:58 - INFO - epoch-127, train_loss-0.1561, train_rmse-0.3950, valid_rmse-1.3624, valid_pr-0.6948
2025-06-09 12:40:08 - INFO - epoch-128, train_loss-0.1583, train_rmse-0.3979, valid_rmse-1.3669, valid_pr-0.6934
2025-06-09 12:40:17 - INFO - epoch-129, train_loss-0.1632, train_rmse-0.4040, valid_rmse-1.3889, valid_pr-0.6838
2025-06-09 12:40:27 - INFO - epoch-130, train_loss-0.1606, train_rmse-0.4007, valid_rmse-1.3533, valid_pr-0.6896
2025-06-09 12:40:36 - INFO - epoch-131, train_loss-0.1428, train_rmse-0.3779, valid_rmse-1.4026, valid_pr-0.6863
2025-06-09 12:40:46 - INFO - epoch-132, train_loss-0.1487, train_rmse-0.3856, valid_rmse-1.4328, valid_pr-0.6769
2025-06-09 12:40:56 - INFO - epoch-133, train_loss-0.1479, train_rmse-0.3846, valid_rmse-1.3926, valid_pr-0.6888
2025-06-09 12:41:05 - INFO - epoch-134, train_loss-0.1433, train_rmse-0.3786, valid_rmse-1.3593, valid_pr-0.6881
2025-06-09 12:41:15 - INFO - epoch-135, train_loss-0.1515, train_rmse-0.3892, valid_rmse-1.3628, valid_pr-0.6828
2025-06-09 12:41:24 - INFO - epoch-136, train_loss-0.1568, train_rmse-0.3959, valid_rmse-1.3784, valid_pr-0.6910
2025-06-09 12:41:34 - INFO - epoch-137, train_loss-0.1512, train_rmse-0.3888, valid_rmse-1.3636, valid_pr-0.6872
2025-06-09 12:41:43 - INFO - epoch-138, train_loss-0.1451, train_rmse-0.3810, valid_rmse-1.3823, valid_pr-0.6892
2025-06-09 12:41:53 - INFO - epoch-139, train_loss-0.1470, train_rmse-0.3833, valid_rmse-1.4213, valid_pr-0.6872
2025-06-09 12:42:03 - INFO - epoch-140, train_loss-0.1445, train_rmse-0.3802, valid_rmse-1.3586, valid_pr-0.6886
2025-06-09 12:42:12 - INFO - epoch-141, train_loss-0.1474, train_rmse-0.3840, valid_rmse-1.3553, valid_pr-0.6942
2025-06-09 12:42:22 - INFO - epoch-142, train_loss-0.1349, train_rmse-0.3673, valid_rmse-1.4196, valid_pr-0.6877
2025-06-09 12:42:32 - INFO - epoch-143, train_loss-0.1310, train_rmse-0.3619, valid_rmse-1.3758, valid_pr-0.6973
2025-06-09 12:42:32 - INFO - early stop in epoch 143
2025-06-09 12:42:32 - INFO - best_rmse: 1.3371
2025-06-09 12:42:35 - INFO - valid_rmse-1.3371, valid_pr-0.6923, test2013_rmse-1.6462, test2013_pr-0.7132, test2016_rmse-1.4778, test2016_pr-0.7392, test2019_rmse-1.5180, test2019_pr-0.5683,
