2025-06-11 15:42:20 - INFO - train_GAT_demo.py
2025-06-11 15:42:20 - INFO - train data: 11904
2025-06-11 15:42:20 - INFO - valid data: 1000
2025-06-11 15:42:20 - INFO - test2013 data: 107
2025-06-11 15:42:20 - INFO - test2016 data: 285
2025-06-11 15:42:20 - INFO - test2019 data: 4366
2025-06-11 15:42:24 - INFO - epoch-0, train_loss-39.9179, train_rmse-6.3181, valid_rmse-4.7910, valid_pr-0.3489
2025-06-11 15:42:28 - INFO - epoch-1, train_loss-24.9053, train_rmse-4.9905, valid_rmse-5.3009, valid_pr-0.2636
2025-06-11 15:42:32 - INFO - epoch-2, train_loss-8.0872, train_rmse-2.8438, valid_rmse-2.5576, valid_pr-0.2637
2025-06-11 15:42:35 - INFO - epoch-3, train_loss-3.7356, train_rmse-1.9328, valid_rmse-1.6719, valid_pr-0.4970
2025-06-11 15:42:39 - INFO - epoch-4, train_loss-3.4597, train_rmse-1.8600, valid_rmse-1.9360, valid_pr-0.5226
2025-06-11 15:42:43 - INFO - epoch-5, train_loss-3.3328, train_rmse-1.8256, valid_rmse-1.5585, valid_pr-0.5442
2025-06-11 15:42:47 - INFO - epoch-6, train_loss-3.2751, train_rmse-1.8097, valid_rmse-1.5952, valid_pr-0.5525
2025-06-11 15:42:51 - INFO - epoch-7, train_loss-3.1486, train_rmse-1.7744, valid_rmse-1.5425, valid_pr-0.5522
2025-06-11 15:42:54 - INFO - epoch-8, train_loss-3.1038, train_rmse-1.7618, valid_rmse-1.5529, valid_pr-0.5575
2025-06-11 15:42:58 - INFO - epoch-9, train_loss-3.0420, train_rmse-1.7441, valid_rmse-1.5427, valid_pr-0.5511
2025-06-11 15:43:02 - INFO - epoch-10, train_loss-2.9404, train_rmse-1.7147, valid_rmse-1.8596, valid_pr-0.5274
2025-06-11 15:43:06 - INFO - epoch-11, train_loss-2.9301, train_rmse-1.7118, valid_rmse-1.9147, valid_pr-0.4898
2025-06-11 15:43:10 - INFO - epoch-12, train_loss-2.8880, train_rmse-1.6994, valid_rmse-1.5318, valid_pr-0.5694
2025-06-11 15:43:13 - INFO - epoch-13, train_loss-2.8530, train_rmse-1.6891, valid_rmse-1.6822, valid_pr-0.4591
2025-06-11 15:43:17 - INFO - epoch-14, train_loss-2.7486, train_rmse-1.6579, valid_rmse-1.5242, valid_pr-0.5785
2025-06-11 15:43:21 - INFO - epoch-15, train_loss-2.7423, train_rmse-1.6560, valid_rmse-1.5090, valid_pr-0.5847
2025-06-11 15:43:25 - INFO - epoch-16, train_loss-2.7166, train_rmse-1.6482, valid_rmse-1.7462, valid_pr-0.4981
2025-06-11 15:43:29 - INFO - epoch-17, train_loss-2.6861, train_rmse-1.6389, valid_rmse-1.5326, valid_pr-0.5870
2025-06-11 15:43:32 - INFO - epoch-18, train_loss-2.6711, train_rmse-1.6344, valid_rmse-1.5301, valid_pr-0.5909
2025-06-11 15:43:36 - INFO - epoch-19, train_loss-2.6215, train_rmse-1.6191, valid_rmse-1.5065, valid_pr-0.5853
2025-06-11 15:43:40 - INFO - epoch-20, train_loss-2.6299, train_rmse-1.6217, valid_rmse-1.5362, valid_pr-0.5806
2025-06-11 15:43:44 - INFO - epoch-21, train_loss-2.5593, train_rmse-1.5998, valid_rmse-1.5617, valid_pr-0.5756
2025-06-11 15:43:48 - INFO - epoch-22, train_loss-2.5677, train_rmse-1.6024, valid_rmse-1.9628, valid_pr-0.3584
2025-06-11 15:43:51 - INFO - epoch-23, train_loss-2.5511, train_rmse-1.5972, valid_rmse-1.4819, valid_pr-0.6049
2025-06-11 15:43:55 - INFO - epoch-24, train_loss-2.5219, train_rmse-1.5880, valid_rmse-1.8112, valid_pr-0.5389
2025-06-11 15:43:59 - INFO - epoch-25, train_loss-2.4791, train_rmse-1.5745, valid_rmse-1.6275, valid_pr-0.6113
2025-06-11 15:44:03 - INFO - epoch-26, train_loss-2.4264, train_rmse-1.5577, valid_rmse-1.4892, valid_pr-0.6192
2025-06-11 15:44:07 - INFO - epoch-27, train_loss-2.4139, train_rmse-1.5537, valid_rmse-1.6100, valid_pr-0.4894
2025-06-11 15:44:11 - INFO - epoch-28, train_loss-2.3971, train_rmse-1.5483, valid_rmse-1.4499, valid_pr-0.6206
2025-06-11 15:44:15 - INFO - epoch-29, train_loss-2.3925, train_rmse-1.5468, valid_rmse-1.5373, valid_pr-0.6155
2025-06-11 15:44:19 - INFO - epoch-30, train_loss-2.3467, train_rmse-1.5319, valid_rmse-1.4972, valid_pr-0.5850
2025-06-11 15:44:22 - INFO - epoch-31, train_loss-2.2882, train_rmse-1.5127, valid_rmse-1.4466, valid_pr-0.6340
2025-06-11 15:44:26 - INFO - epoch-32, train_loss-2.2875, train_rmse-1.5125, valid_rmse-1.5214, valid_pr-0.5975
2025-06-11 15:44:30 - INFO - epoch-33, train_loss-2.3201, train_rmse-1.5232, valid_rmse-1.4710, valid_pr-0.6217
2025-06-11 15:44:34 - INFO - epoch-34, train_loss-2.2612, train_rmse-1.5037, valid_rmse-1.4663, valid_pr-0.6345
2025-06-11 15:44:38 - INFO - epoch-35, train_loss-2.2616, train_rmse-1.5039, valid_rmse-1.6643, valid_pr-0.5566
2025-06-11 15:44:42 - INFO - epoch-36, train_loss-2.2931, train_rmse-1.5143, valid_rmse-1.4771, valid_pr-0.6048
2025-06-11 15:44:45 - INFO - epoch-37, train_loss-2.1930, train_rmse-1.4809, valid_rmse-1.4987, valid_pr-0.6062
2025-06-11 15:44:49 - INFO - epoch-38, train_loss-2.1797, train_rmse-1.4764, valid_rmse-1.4336, valid_pr-0.6457
2025-06-11 15:44:53 - INFO - epoch-39, train_loss-2.1757, train_rmse-1.4750, valid_rmse-1.4385, valid_pr-0.6348
2025-06-11 15:44:57 - INFO - epoch-40, train_loss-2.1842, train_rmse-1.4779, valid_rmse-1.5011, valid_pr-0.5891
2025-06-11 15:45:01 - INFO - epoch-41, train_loss-2.1085, train_rmse-1.4521, valid_rmse-1.4968, valid_pr-0.6423
2025-06-11 15:45:04 - INFO - epoch-42, train_loss-2.1006, train_rmse-1.4493, valid_rmse-1.4142, valid_pr-0.6456
2025-06-11 15:45:08 - INFO - epoch-43, train_loss-2.1139, train_rmse-1.4539, valid_rmse-1.7300, valid_pr-0.5941
2025-06-11 15:45:12 - INFO - epoch-44, train_loss-2.0892, train_rmse-1.4454, valid_rmse-1.4763, valid_pr-0.6111
2025-06-11 15:45:16 - INFO - epoch-45, train_loss-2.0957, train_rmse-1.4477, valid_rmse-1.5178, valid_pr-0.6229
2025-06-11 15:45:20 - INFO - epoch-46, train_loss-2.0581, train_rmse-1.4346, valid_rmse-1.5186, valid_pr-0.6312
2025-06-11 15:45:23 - INFO - epoch-47, train_loss-2.1058, train_rmse-1.4511, valid_rmse-1.4512, valid_pr-0.6307
2025-06-11 15:45:27 - INFO - epoch-48, train_loss-2.0305, train_rmse-1.4250, valid_rmse-1.5619, valid_pr-0.5785
2025-06-11 15:45:31 - INFO - epoch-49, train_loss-2.0295, train_rmse-1.4246, valid_rmse-1.4904, valid_pr-0.5944
2025-06-11 15:45:35 - INFO - epoch-50, train_loss-2.0091, train_rmse-1.4174, valid_rmse-1.4537, valid_pr-0.6336
2025-06-11 15:45:38 - INFO - epoch-51, train_loss-2.0144, train_rmse-1.4193, valid_rmse-1.6041, valid_pr-0.5700
2025-06-11 15:45:42 - INFO - epoch-52, train_loss-1.9895, train_rmse-1.4105, valid_rmse-1.7083, valid_pr-0.5577
2025-06-11 15:45:46 - INFO - epoch-53, train_loss-1.9458, train_rmse-1.3949, valid_rmse-1.5640, valid_pr-0.6445
2025-06-11 15:45:50 - INFO - epoch-54, train_loss-1.9447, train_rmse-1.3945, valid_rmse-1.4056, valid_pr-0.6516
2025-06-11 15:45:54 - INFO - epoch-55, train_loss-1.9271, train_rmse-1.3882, valid_rmse-1.5104, valid_pr-0.6565
2025-06-11 15:45:57 - INFO - epoch-56, train_loss-1.9266, train_rmse-1.3880, valid_rmse-1.4457, valid_pr-0.6644
2025-06-11 15:46:01 - INFO - epoch-57, train_loss-1.9115, train_rmse-1.3826, valid_rmse-1.3883, valid_pr-0.6684
2025-06-11 15:46:05 - INFO - epoch-58, train_loss-1.8947, train_rmse-1.3765, valid_rmse-1.4930, valid_pr-0.6173
2025-06-11 15:46:09 - INFO - epoch-59, train_loss-1.8970, train_rmse-1.3773, valid_rmse-1.4651, valid_pr-0.6117
2025-06-11 15:46:13 - INFO - epoch-60, train_loss-1.8857, train_rmse-1.3732, valid_rmse-1.3663, valid_pr-0.6760
2025-06-11 15:46:17 - INFO - epoch-61, train_loss-1.8670, train_rmse-1.3664, valid_rmse-1.7358, valid_pr-0.5874
2025-06-11 15:46:21 - INFO - epoch-62, train_loss-1.8186, train_rmse-1.3486, valid_rmse-1.3483, valid_pr-0.6884
2025-06-11 15:46:25 - INFO - epoch-63, train_loss-1.8525, train_rmse-1.3611, valid_rmse-1.3643, valid_pr-0.6754
2025-06-11 15:46:29 - INFO - epoch-64, train_loss-1.7966, train_rmse-1.3404, valid_rmse-1.4108, valid_pr-0.6603
2025-06-11 15:46:33 - INFO - epoch-65, train_loss-1.7817, train_rmse-1.3348, valid_rmse-1.6466, valid_pr-0.5976
2025-06-11 15:46:37 - INFO - epoch-66, train_loss-1.7945, train_rmse-1.3396, valid_rmse-1.4218, valid_pr-0.6780
2025-06-11 15:46:40 - INFO - epoch-67, train_loss-1.7493, train_rmse-1.3226, valid_rmse-1.5002, valid_pr-0.6526
2025-06-11 15:46:44 - INFO - epoch-68, train_loss-1.7182, train_rmse-1.3108, valid_rmse-1.4389, valid_pr-0.6624
2025-06-11 15:46:48 - INFO - epoch-69, train_loss-1.7588, train_rmse-1.3262, valid_rmse-1.4033, valid_pr-0.6621
2025-06-11 15:46:52 - INFO - epoch-70, train_loss-1.7130, train_rmse-1.3088, valid_rmse-1.3479, valid_pr-0.6841
2025-06-11 15:46:56 - INFO - epoch-71, train_loss-1.7205, train_rmse-1.3117, valid_rmse-1.3846, valid_pr-0.6674
2025-06-11 15:47:00 - INFO - epoch-72, train_loss-1.6748, train_rmse-1.2941, valid_rmse-1.5217, valid_pr-0.6356
2025-06-11 15:47:04 - INFO - epoch-73, train_loss-1.6636, train_rmse-1.2898, valid_rmse-1.4702, valid_pr-0.6061
2025-06-11 15:47:07 - INFO - epoch-74, train_loss-1.6491, train_rmse-1.2842, valid_rmse-1.4849, valid_pr-0.6652
2025-06-11 15:47:11 - INFO - epoch-75, train_loss-1.6226, train_rmse-1.2738, valid_rmse-1.4060, valid_pr-0.6539
2025-06-11 15:47:15 - INFO - epoch-76, train_loss-1.6350, train_rmse-1.2787, valid_rmse-1.4375, valid_pr-0.6585
2025-06-11 15:47:19 - INFO - epoch-77, train_loss-1.6199, train_rmse-1.2728, valid_rmse-1.3849, valid_pr-0.6651
2025-06-11 15:47:23 - INFO - epoch-78, train_loss-1.5651, train_rmse-1.2510, valid_rmse-1.4175, valid_pr-0.6696
2025-06-11 15:47:27 - INFO - epoch-79, train_loss-1.5650, train_rmse-1.2510, valid_rmse-1.4033, valid_pr-0.6590
2025-06-11 15:47:31 - INFO - epoch-80, train_loss-1.5592, train_rmse-1.2487, valid_rmse-1.4520, valid_pr-0.6431
2025-06-11 15:47:35 - INFO - epoch-81, train_loss-1.5349, train_rmse-1.2389, valid_rmse-1.5008, valid_pr-0.6710
2025-06-11 15:47:38 - INFO - epoch-82, train_loss-1.5551, train_rmse-1.2470, valid_rmse-1.4095, valid_pr-0.6842
2025-06-11 15:47:42 - INFO - epoch-83, train_loss-1.5156, train_rmse-1.2311, valid_rmse-1.5585, valid_pr-0.6372
2025-06-11 15:47:46 - INFO - epoch-84, train_loss-1.5035, train_rmse-1.2262, valid_rmse-1.4258, valid_pr-0.6503
2025-06-11 15:47:50 - INFO - epoch-85, train_loss-1.4680, train_rmse-1.2116, valid_rmse-1.4126, valid_pr-0.6498
2025-06-11 15:47:54 - INFO - epoch-86, train_loss-1.4920, train_rmse-1.2215, valid_rmse-1.4418, valid_pr-0.6402
2025-06-11 15:47:58 - INFO - epoch-87, train_loss-1.4538, train_rmse-1.2057, valid_rmse-1.3935, valid_pr-0.6760
2025-06-11 15:48:01 - INFO - epoch-88, train_loss-1.4294, train_rmse-1.1956, valid_rmse-1.4467, valid_pr-0.6590
2025-06-11 15:48:05 - INFO - epoch-89, train_loss-1.4368, train_rmse-1.1987, valid_rmse-1.4775, valid_pr-0.6253
2025-06-11 15:48:09 - INFO - epoch-90, train_loss-1.4064, train_rmse-1.1859, valid_rmse-1.4582, valid_pr-0.6698
2025-06-11 15:48:13 - INFO - epoch-91, train_loss-1.3992, train_rmse-1.1829, valid_rmse-1.5410, valid_pr-0.6587
2025-06-11 15:48:17 - INFO - epoch-92, train_loss-1.3751, train_rmse-1.1726, valid_rmse-1.4745, valid_pr-0.6643
2025-06-11 15:48:20 - INFO - epoch-93, train_loss-1.3647, train_rmse-1.1682, valid_rmse-1.3727, valid_pr-0.6698
2025-06-11 15:48:24 - INFO - epoch-94, train_loss-1.3631, train_rmse-1.1675, valid_rmse-1.3713, valid_pr-0.6826
2025-06-11 15:48:28 - INFO - epoch-95, train_loss-1.3606, train_rmse-1.1664, valid_rmse-1.6261, valid_pr-0.6535
2025-06-11 15:48:32 - INFO - epoch-96, train_loss-1.3382, train_rmse-1.1568, valid_rmse-1.4010, valid_pr-0.6703
2025-06-11 15:48:35 - INFO - epoch-97, train_loss-1.3364, train_rmse-1.1560, valid_rmse-1.4980, valid_pr-0.6877
2025-06-11 15:48:39 - INFO - epoch-98, train_loss-1.3375, train_rmse-1.1565, valid_rmse-1.4031, valid_pr-0.6727
2025-06-11 15:48:43 - INFO - epoch-99, train_loss-1.2991, train_rmse-1.1398, valid_rmse-1.3473, valid_pr-0.6932
2025-06-11 15:48:47 - INFO - epoch-100, train_loss-1.2824, train_rmse-1.1324, valid_rmse-1.6265, valid_pr-0.6406
2025-06-11 15:48:50 - INFO - epoch-101, train_loss-1.2551, train_rmse-1.1203, valid_rmse-1.4356, valid_pr-0.6504
2025-06-11 15:48:54 - INFO - epoch-102, train_loss-1.2414, train_rmse-1.1142, valid_rmse-1.5169, valid_pr-0.6663
2025-06-11 15:48:58 - INFO - epoch-103, train_loss-1.2549, train_rmse-1.1202, valid_rmse-1.4085, valid_pr-0.6785
2025-06-11 15:49:02 - INFO - epoch-104, train_loss-1.2418, train_rmse-1.1144, valid_rmse-1.4030, valid_pr-0.6837
2025-06-11 15:49:06 - INFO - epoch-105, train_loss-1.2008, train_rmse-1.0958, valid_rmse-1.4103, valid_pr-0.6711
2025-06-11 15:49:09 - INFO - epoch-106, train_loss-1.2144, train_rmse-1.1020, valid_rmse-1.4942, valid_pr-0.6279
2025-06-11 15:49:13 - INFO - epoch-107, train_loss-1.2153, train_rmse-1.1024, valid_rmse-1.4613, valid_pr-0.6218
2025-06-11 15:49:17 - INFO - epoch-108, train_loss-1.1791, train_rmse-1.0859, valid_rmse-1.4992, valid_pr-0.6593
2025-06-11 15:49:21 - INFO - epoch-109, train_loss-1.1876, train_rmse-1.0898, valid_rmse-1.6250, valid_pr-0.6619
2025-06-11 15:49:25 - INFO - epoch-110, train_loss-1.1578, train_rmse-1.0760, valid_rmse-1.3812, valid_pr-0.6754
2025-06-11 15:49:28 - INFO - epoch-111, train_loss-1.1306, train_rmse-1.0633, valid_rmse-1.4228, valid_pr-0.6441
2025-06-11 15:49:32 - INFO - epoch-112, train_loss-1.1221, train_rmse-1.0593, valid_rmse-1.4389, valid_pr-0.6333
2025-06-11 15:49:36 - INFO - epoch-113, train_loss-1.1168, train_rmse-1.0568, valid_rmse-1.4403, valid_pr-0.6905
2025-06-11 15:49:40 - INFO - epoch-114, train_loss-1.1057, train_rmse-1.0515, valid_rmse-1.4319, valid_pr-0.6666
2025-06-11 15:49:44 - INFO - epoch-115, train_loss-1.0822, train_rmse-1.0403, valid_rmse-1.4707, valid_pr-0.6187
2025-06-11 15:49:47 - INFO - epoch-116, train_loss-1.0970, train_rmse-1.0474, valid_rmse-1.5671, valid_pr-0.6456
2025-06-11 15:49:51 - INFO - epoch-117, train_loss-1.0738, train_rmse-1.0363, valid_rmse-1.3960, valid_pr-0.6618
2025-06-11 15:49:55 - INFO - epoch-118, train_loss-1.0714, train_rmse-1.0351, valid_rmse-1.3841, valid_pr-0.6805
2025-06-11 15:49:59 - INFO - epoch-119, train_loss-1.0120, train_rmse-1.0060, valid_rmse-1.5293, valid_pr-0.6530
2025-06-11 15:50:03 - INFO - epoch-120, train_loss-1.0637, train_rmse-1.0314, valid_rmse-1.4001, valid_pr-0.6728
2025-06-11 15:50:06 - INFO - epoch-121, train_loss-1.0326, train_rmse-1.0162, valid_rmse-1.3965, valid_pr-0.6818
2025-06-11 15:50:10 - INFO - epoch-122, train_loss-1.0459, train_rmse-1.0227, valid_rmse-1.3980, valid_pr-0.6868
2025-06-11 15:50:14 - INFO - epoch-123, train_loss-1.0001, train_rmse-1.0001, valid_rmse-1.4601, valid_pr-0.6252
2025-06-11 15:50:18 - INFO - epoch-124, train_loss-0.9997, train_rmse-0.9998, valid_rmse-1.3529, valid_pr-0.6942
2025-06-11 15:50:22 - INFO - epoch-125, train_loss-0.9695, train_rmse-0.9846, valid_rmse-1.4992, valid_pr-0.6502
2025-06-11 15:50:26 - INFO - epoch-126, train_loss-1.0051, train_rmse-1.0025, valid_rmse-1.4827, valid_pr-0.6871
2025-06-11 15:50:30 - INFO - epoch-127, train_loss-0.9723, train_rmse-0.9860, valid_rmse-1.3580, valid_pr-0.6978
2025-06-11 15:50:34 - INFO - epoch-128, train_loss-0.9313, train_rmse-0.9650, valid_rmse-1.3583, valid_pr-0.6876
2025-06-11 15:50:37 - INFO - epoch-129, train_loss-0.9343, train_rmse-0.9666, valid_rmse-1.5050, valid_pr-0.6442
2025-06-11 15:50:41 - INFO - epoch-130, train_loss-0.9234, train_rmse-0.9610, valid_rmse-1.3976, valid_pr-0.6797
2025-06-11 15:50:45 - INFO - epoch-131, train_loss-0.9150, train_rmse-0.9566, valid_rmse-1.4214, valid_pr-0.6531
2025-06-11 15:50:49 - INFO - epoch-132, train_loss-0.9299, train_rmse-0.9643, valid_rmse-1.4381, valid_pr-0.6473
2025-06-11 15:50:53 - INFO - epoch-133, train_loss-0.8923, train_rmse-0.9446, valid_rmse-1.4034, valid_pr-0.6898
2025-06-11 15:50:57 - INFO - epoch-134, train_loss-0.8848, train_rmse-0.9406, valid_rmse-1.4555, valid_pr-0.6539
2025-06-11 15:51:01 - INFO - epoch-135, train_loss-0.9142, train_rmse-0.9561, valid_rmse-1.3797, valid_pr-0.6819
2025-06-11 15:51:04 - INFO - epoch-136, train_loss-0.8602, train_rmse-0.9275, valid_rmse-1.4117, valid_pr-0.6847
2025-06-11 15:51:08 - INFO - epoch-137, train_loss-0.8588, train_rmse-0.9267, valid_rmse-1.4922, valid_pr-0.6511
2025-06-11 15:51:12 - INFO - epoch-138, train_loss-0.8527, train_rmse-0.9234, valid_rmse-1.4685, valid_pr-0.6568
2025-06-11 15:51:16 - INFO - epoch-139, train_loss-0.8308, train_rmse-0.9115, valid_rmse-1.3733, valid_pr-0.6878
2025-06-11 15:51:20 - INFO - epoch-140, train_loss-0.8318, train_rmse-0.9120, valid_rmse-1.4186, valid_pr-0.6727
2025-06-11 15:51:23 - INFO - epoch-141, train_loss-0.8327, train_rmse-0.9125, valid_rmse-1.4469, valid_pr-0.6510
2025-06-11 15:51:27 - INFO - epoch-142, train_loss-0.8297, train_rmse-0.9109, valid_rmse-1.3646, valid_pr-0.6941
2025-06-11 15:51:31 - INFO - epoch-143, train_loss-0.8059, train_rmse-0.8977, valid_rmse-1.3836, valid_pr-0.6803
2025-06-11 15:51:35 - INFO - epoch-144, train_loss-0.8006, train_rmse-0.8948, valid_rmse-1.3703, valid_pr-0.6891
2025-06-11 15:51:39 - INFO - epoch-145, train_loss-0.8079, train_rmse-0.8988, valid_rmse-1.4142, valid_pr-0.6794
2025-06-11 15:51:43 - INFO - epoch-146, train_loss-0.7977, train_rmse-0.8931, valid_rmse-1.5478, valid_pr-0.6546
2025-06-11 15:51:47 - INFO - epoch-147, train_loss-0.7899, train_rmse-0.8887, valid_rmse-1.4581, valid_pr-0.6581
2025-06-11 15:51:50 - INFO - epoch-148, train_loss-0.7739, train_rmse-0.8797, valid_rmse-1.3724, valid_pr-0.6895
2025-06-11 15:51:54 - INFO - epoch-149, train_loss-0.7892, train_rmse-0.8884, valid_rmse-1.4348, valid_pr-0.6751
2025-06-11 15:51:58 - INFO - epoch-150, train_loss-0.7488, train_rmse-0.8653, valid_rmse-1.4504, valid_pr-0.6391
2025-06-11 15:52:02 - INFO - epoch-151, train_loss-0.7327, train_rmse-0.8560, valid_rmse-1.3883, valid_pr-0.6946
2025-06-11 15:52:06 - INFO - epoch-152, train_loss-0.7136, train_rmse-0.8448, valid_rmse-1.4560, valid_pr-0.6744
2025-06-11 15:52:10 - INFO - epoch-153, train_loss-0.7442, train_rmse-0.8627, valid_rmse-1.4663, valid_pr-0.6382
2025-06-11 15:52:13 - INFO - epoch-154, train_loss-0.7261, train_rmse-0.8521, valid_rmse-1.3691, valid_pr-0.6863
2025-06-11 15:52:17 - INFO - epoch-155, train_loss-0.7074, train_rmse-0.8411, valid_rmse-1.3857, valid_pr-0.6881
2025-06-11 15:52:21 - INFO - epoch-156, train_loss-0.6872, train_rmse-0.8290, valid_rmse-1.3984, valid_pr-0.6888
2025-06-11 15:52:25 - INFO - epoch-157, train_loss-0.6947, train_rmse-0.8335, valid_rmse-1.3782, valid_pr-0.6808
2025-06-11 15:52:28 - INFO - epoch-158, train_loss-0.6755, train_rmse-0.8219, valid_rmse-1.4157, valid_pr-0.6746
2025-06-11 15:52:32 - INFO - epoch-159, train_loss-0.6790, train_rmse-0.8240, valid_rmse-1.4891, valid_pr-0.6908
2025-06-11 15:52:36 - INFO - epoch-160, train_loss-0.6727, train_rmse-0.8202, valid_rmse-1.3715, valid_pr-0.6792
2025-06-11 15:52:40 - INFO - epoch-161, train_loss-0.6394, train_rmse-0.7996, valid_rmse-1.3702, valid_pr-0.6892
2025-06-11 15:52:44 - INFO - epoch-162, train_loss-0.6590, train_rmse-0.8118, valid_rmse-1.4760, valid_pr-0.6452
2025-06-11 15:52:48 - INFO - epoch-163, train_loss-0.6585, train_rmse-0.8115, valid_rmse-1.4002, valid_pr-0.7044
2025-06-11 15:52:52 - INFO - epoch-164, train_loss-0.6333, train_rmse-0.7958, valid_rmse-1.3958, valid_pr-0.6832
2025-06-11 15:52:55 - INFO - epoch-165, train_loss-0.6341, train_rmse-0.7963, valid_rmse-1.4549, valid_pr-0.6760
2025-06-11 15:52:59 - INFO - epoch-166, train_loss-0.6286, train_rmse-0.7928, valid_rmse-1.4258, valid_pr-0.6642
2025-06-11 15:53:03 - INFO - epoch-167, train_loss-0.6184, train_rmse-0.7864, valid_rmse-1.4206, valid_pr-0.6737
2025-06-11 15:53:07 - INFO - epoch-168, train_loss-0.6438, train_rmse-0.8024, valid_rmse-1.4155, valid_pr-0.6828
2025-06-11 15:53:11 - INFO - epoch-169, train_loss-0.6085, train_rmse-0.7800, valid_rmse-1.4126, valid_pr-0.6744
2025-06-11 15:53:15 - INFO - epoch-170, train_loss-0.6106, train_rmse-0.7814, valid_rmse-1.4057, valid_pr-0.6770
2025-06-11 15:53:18 - INFO - epoch-171, train_loss-0.6140, train_rmse-0.7836, valid_rmse-1.4340, valid_pr-0.6550
2025-06-11 15:53:22 - INFO - epoch-172, train_loss-0.5909, train_rmse-0.7687, valid_rmse-1.4657, valid_pr-0.6807
2025-06-11 15:53:26 - INFO - epoch-173, train_loss-0.5896, train_rmse-0.7678, valid_rmse-1.4605, valid_pr-0.6625
2025-06-11 15:53:30 - INFO - epoch-174, train_loss-0.5753, train_rmse-0.7585, valid_rmse-1.4368, valid_pr-0.6710
2025-06-11 15:53:34 - INFO - epoch-175, train_loss-0.5618, train_rmse-0.7495, valid_rmse-1.4760, valid_pr-0.6788
2025-06-11 15:53:38 - INFO - epoch-176, train_loss-0.5785, train_rmse-0.7606, valid_rmse-1.5186, valid_pr-0.6421
2025-06-11 15:53:41 - INFO - epoch-177, train_loss-0.5720, train_rmse-0.7563, valid_rmse-1.4238, valid_pr-0.6699
2025-06-11 15:53:45 - INFO - epoch-178, train_loss-0.5427, train_rmse-0.7367, valid_rmse-1.3795, valid_pr-0.6894
2025-06-11 15:53:49 - INFO - epoch-179, train_loss-0.5580, train_rmse-0.7470, valid_rmse-1.5129, valid_pr-0.6529
2025-06-11 15:53:53 - INFO - epoch-180, train_loss-0.5440, train_rmse-0.7376, valid_rmse-1.3801, valid_pr-0.6916
2025-06-11 15:53:56 - INFO - epoch-181, train_loss-0.5482, train_rmse-0.7404, valid_rmse-1.4702, valid_pr-0.6466
2025-06-11 15:54:00 - INFO - epoch-182, train_loss-0.5539, train_rmse-0.7442, valid_rmse-1.3763, valid_pr-0.6956
2025-06-11 15:54:04 - INFO - epoch-183, train_loss-0.5356, train_rmse-0.7319, valid_rmse-1.4130, valid_pr-0.6836
2025-06-11 15:54:08 - INFO - epoch-184, train_loss-0.5225, train_rmse-0.7228, valid_rmse-1.4015, valid_pr-0.6759
2025-06-11 15:54:12 - INFO - epoch-185, train_loss-0.5359, train_rmse-0.7321, valid_rmse-1.4611, valid_pr-0.6721
2025-06-11 15:54:16 - INFO - epoch-186, train_loss-0.5321, train_rmse-0.7295, valid_rmse-1.4179, valid_pr-0.6804
2025-06-11 15:54:19 - INFO - epoch-187, train_loss-0.5333, train_rmse-0.7302, valid_rmse-1.4014, valid_pr-0.6914
2025-06-11 15:54:23 - INFO - epoch-188, train_loss-0.5109, train_rmse-0.7148, valid_rmse-1.4178, valid_pr-0.6767
2025-06-11 15:54:27 - INFO - epoch-189, train_loss-0.5082, train_rmse-0.7129, valid_rmse-1.4608, valid_pr-0.6489
2025-06-11 15:54:31 - INFO - epoch-190, train_loss-0.5088, train_rmse-0.7133, valid_rmse-1.4726, valid_pr-0.6675
2025-06-11 15:54:35 - INFO - epoch-191, train_loss-0.4953, train_rmse-0.7037, valid_rmse-1.3921, valid_pr-0.6745
2025-06-11 15:54:39 - INFO - epoch-192, train_loss-0.5151, train_rmse-0.7177, valid_rmse-1.4070, valid_pr-0.6790
2025-06-11 15:54:43 - INFO - epoch-193, train_loss-0.4981, train_rmse-0.7057, valid_rmse-1.3828, valid_pr-0.6940
2025-06-11 15:54:46 - INFO - epoch-194, train_loss-0.4855, train_rmse-0.6968, valid_rmse-1.4281, valid_pr-0.6851
2025-06-11 15:54:50 - INFO - epoch-195, train_loss-0.4741, train_rmse-0.6885, valid_rmse-1.3939, valid_pr-0.6863
2025-06-11 15:54:54 - INFO - epoch-196, train_loss-0.4832, train_rmse-0.6952, valid_rmse-1.4023, valid_pr-0.6843
2025-06-11 15:54:58 - INFO - epoch-197, train_loss-0.4727, train_rmse-0.6875, valid_rmse-1.4054, valid_pr-0.6835
2025-06-11 15:55:02 - INFO - epoch-198, train_loss-0.4956, train_rmse-0.7040, valid_rmse-1.3904, valid_pr-0.6864
2025-06-11 15:55:06 - INFO - epoch-199, train_loss-0.4714, train_rmse-0.6866, valid_rmse-1.4988, valid_pr-0.6372
2025-06-11 15:55:09 - INFO - epoch-200, train_loss-0.4826, train_rmse-0.6947, valid_rmse-1.3889, valid_pr-0.6783
2025-06-11 15:55:09 - INFO - early stop in epoch 200
2025-06-11 15:55:09 - INFO - best_rmse: 1.3473
2025-06-11 15:55:12 - INFO - valid_rmse-1.3473, valid_pr-0.6932, test2013_rmse-1.4916, test2013_pr-0.7835, test2016_rmse-1.3271, test2016_pr-0.7958, test2019_rmse-1.4353, test2019_pr-0.6310,
