2025-06-06 18:04:05 - INFO - train_GNNDTI.py
2025-06-06 18:04:05 - INFO - train data: 11904
2025-06-06 18:04:05 - INFO - valid data: 1000
2025-06-06 18:04:05 - INFO - test2013 data: 107
2025-06-06 18:04:05 - INFO - test2016 data: 285
2025-06-06 18:04:05 - INFO - test2019 data: 4366
2025-06-06 18:04:28 - INFO - epoch-0, train_loss-32.6006, train_rmse-5.7097, valid_rmse-3.8652, valid_pr-0.0981
2025-06-06 18:04:53 - INFO - epoch-1, train_loss-7.7582, train_rmse-2.7853, valid_rmse-2.3709, valid_pr-0.1506
2025-06-06 18:05:17 - INFO - epoch-2, train_loss-4.3180, train_rmse-2.0780, valid_rmse-2.0598, valid_pr-0.2631
2025-06-06 18:05:43 - INFO - epoch-3, train_loss-3.7716, train_rmse-1.9421, valid_rmse-1.9385, valid_pr-0.3180
2025-06-06 18:06:06 - INFO - epoch-4, train_loss-3.5093, train_rmse-1.8733, valid_rmse-1.8700, valid_pr-0.3676
2025-06-06 18:06:31 - INFO - epoch-5, train_loss-3.2321, train_rmse-1.7978, valid_rmse-1.8054, valid_pr-0.3988
2025-06-06 18:06:55 - INFO - epoch-6, train_loss-3.3018, train_rmse-1.8171, valid_rmse-1.8302, valid_pr-0.3979
2025-06-06 18:07:19 - INFO - epoch-7, train_loss-3.2024, train_rmse-1.7895, valid_rmse-1.8652, valid_pr-0.3965
2025-06-06 18:07:43 - INFO - epoch-8, train_loss-3.1503, train_rmse-1.7749, valid_rmse-1.8215, valid_pr-0.4076
2025-06-06 18:08:08 - INFO - epoch-9, train_loss-3.0557, train_rmse-1.7481, valid_rmse-1.7866, valid_pr-0.4214
2025-06-06 18:08:32 - INFO - epoch-10, train_loss-3.0092, train_rmse-1.7347, valid_rmse-1.7862, valid_pr-0.4351
2025-06-06 18:08:57 - INFO - epoch-11, train_loss-2.9510, train_rmse-1.7179, valid_rmse-1.7542, valid_pr-0.4452
2025-06-06 18:09:22 - INFO - epoch-12, train_loss-2.8848, train_rmse-1.6985, valid_rmse-1.7221, valid_pr-0.4567
2025-06-06 18:09:46 - INFO - epoch-13, train_loss-2.8545, train_rmse-1.6895, valid_rmse-1.7187, valid_pr-0.4559
2025-06-06 18:10:10 - INFO - epoch-14, train_loss-2.8380, train_rmse-1.6846, valid_rmse-1.7031, valid_pr-0.4648
2025-06-06 18:10:34 - INFO - epoch-15, train_loss-2.8127, train_rmse-1.6771, valid_rmse-1.7040, valid_pr-0.4662
2025-06-06 18:10:59 - INFO - epoch-16, train_loss-2.7893, train_rmse-1.6701, valid_rmse-1.6889, valid_pr-0.4757
2025-06-06 18:11:24 - INFO - epoch-17, train_loss-2.7450, train_rmse-1.6568, valid_rmse-1.7180, valid_pr-0.4745
2025-06-06 18:11:48 - INFO - epoch-18, train_loss-2.7342, train_rmse-1.6536, valid_rmse-1.6712, valid_pr-0.4826
2025-06-06 18:12:11 - INFO - epoch-19, train_loss-2.7119, train_rmse-1.6468, valid_rmse-1.6800, valid_pr-0.4727
2025-06-06 18:12:35 - INFO - epoch-20, train_loss-2.6853, train_rmse-1.6387, valid_rmse-1.6574, valid_pr-0.4862
2025-06-06 18:12:59 - INFO - epoch-21, train_loss-2.6742, train_rmse-1.6353, valid_rmse-1.6718, valid_pr-0.4787
2025-06-06 18:13:24 - INFO - epoch-22, train_loss-2.7759, train_rmse-1.6661, valid_rmse-1.6750, valid_pr-0.4725
2025-06-06 18:13:48 - INFO - epoch-23, train_loss-2.7158, train_rmse-1.6480, valid_rmse-1.6577, valid_pr-0.4843
2025-06-06 18:14:13 - INFO - epoch-24, train_loss-2.6739, train_rmse-1.6352, valid_rmse-1.6470, valid_pr-0.4907
2025-06-06 18:14:37 - INFO - epoch-25, train_loss-2.6853, train_rmse-1.6387, valid_rmse-1.6359, valid_pr-0.4954
2025-06-06 18:15:00 - INFO - epoch-26, train_loss-2.6419, train_rmse-1.6254, valid_rmse-1.6308, valid_pr-0.4989
2025-06-06 18:15:25 - INFO - epoch-27, train_loss-2.6306, train_rmse-1.6219, valid_rmse-1.6464, valid_pr-0.4952
2025-06-06 18:15:50 - INFO - epoch-28, train_loss-2.6032, train_rmse-1.6135, valid_rmse-1.6434, valid_pr-0.4968
2025-06-06 18:16:14 - INFO - epoch-29, train_loss-2.5701, train_rmse-1.6032, valid_rmse-1.6239, valid_pr-0.5003
2025-06-06 18:16:39 - INFO - epoch-30, train_loss-2.5624, train_rmse-1.6007, valid_rmse-1.6271, valid_pr-0.5110
2025-06-06 18:17:03 - INFO - epoch-31, train_loss-2.5484, train_rmse-1.5964, valid_rmse-1.6227, valid_pr-0.5077
2025-06-06 18:17:29 - INFO - epoch-32, train_loss-2.5229, train_rmse-1.5884, valid_rmse-1.6057, valid_pr-0.5086
2025-06-06 18:17:53 - INFO - epoch-33, train_loss-2.5189, train_rmse-1.5871, valid_rmse-1.6055, valid_pr-0.5091
2025-06-06 18:18:18 - INFO - epoch-34, train_loss-2.4873, train_rmse-1.5771, valid_rmse-1.6054, valid_pr-0.5225
2025-06-06 18:18:42 - INFO - epoch-35, train_loss-2.4907, train_rmse-1.5782, valid_rmse-1.5953, valid_pr-0.5205
2025-06-06 18:19:07 - INFO - epoch-36, train_loss-2.4690, train_rmse-1.5713, valid_rmse-1.5887, valid_pr-0.5193
2025-06-06 18:19:32 - INFO - epoch-37, train_loss-2.4547, train_rmse-1.5667, valid_rmse-1.6230, valid_pr-0.5169
2025-06-06 18:19:56 - INFO - epoch-38, train_loss-2.4435, train_rmse-1.5632, valid_rmse-1.5817, valid_pr-0.5287
2025-06-06 18:20:19 - INFO - epoch-39, train_loss-2.4161, train_rmse-1.5544, valid_rmse-1.5889, valid_pr-0.5369
2025-06-06 18:20:44 - INFO - epoch-40, train_loss-2.4515, train_rmse-1.5657, valid_rmse-1.6182, valid_pr-0.5081
2025-06-06 18:21:08 - INFO - epoch-41, train_loss-2.4186, train_rmse-1.5552, valid_rmse-1.5739, valid_pr-0.5335
2025-06-06 18:21:31 - INFO - epoch-42, train_loss-2.4047, train_rmse-1.5507, valid_rmse-1.5747, valid_pr-0.5335
2025-06-06 18:21:56 - INFO - epoch-43, train_loss-2.3887, train_rmse-1.5455, valid_rmse-1.5655, valid_pr-0.5368
2025-06-06 18:22:20 - INFO - epoch-44, train_loss-2.3812, train_rmse-1.5431, valid_rmse-1.5656, valid_pr-0.5335
2025-06-06 18:22:46 - INFO - epoch-45, train_loss-2.3829, train_rmse-1.5437, valid_rmse-1.5845, valid_pr-0.5359
2025-06-06 18:23:10 - INFO - epoch-46, train_loss-2.3607, train_rmse-1.5365, valid_rmse-1.5636, valid_pr-0.5382
2025-06-06 18:23:35 - INFO - epoch-47, train_loss-2.3642, train_rmse-1.5376, valid_rmse-1.5821, valid_pr-0.5421
2025-06-06 18:24:01 - INFO - epoch-48, train_loss-2.3780, train_rmse-1.5421, valid_rmse-1.6182, valid_pr-0.5372
2025-06-06 18:24:23 - INFO - epoch-49, train_loss-2.3900, train_rmse-1.5460, valid_rmse-1.5511, valid_pr-0.5455
2025-06-06 18:24:48 - INFO - epoch-50, train_loss-2.3666, train_rmse-1.5384, valid_rmse-1.5774, valid_pr-0.5432
2025-06-06 18:25:13 - INFO - epoch-51, train_loss-2.3636, train_rmse-1.5374, valid_rmse-1.5573, valid_pr-0.5476
2025-06-06 18:25:36 - INFO - epoch-52, train_loss-2.3254, train_rmse-1.5249, valid_rmse-1.5467, valid_pr-0.5496
2025-06-06 18:26:01 - INFO - epoch-53, train_loss-2.3253, train_rmse-1.5249, valid_rmse-1.5491, valid_pr-0.5492
2025-06-06 18:26:26 - INFO - epoch-54, train_loss-2.3318, train_rmse-1.5270, valid_rmse-1.5523, valid_pr-0.5510
2025-06-06 18:26:49 - INFO - epoch-55, train_loss-2.3300, train_rmse-1.5264, valid_rmse-1.5402, valid_pr-0.5539
2025-06-06 18:27:14 - INFO - epoch-56, train_loss-2.3178, train_rmse-1.5224, valid_rmse-1.5304, valid_pr-0.5603
2025-06-06 18:27:39 - INFO - epoch-57, train_loss-2.3080, train_rmse-1.5192, valid_rmse-1.5352, valid_pr-0.5580
2025-06-06 18:28:03 - INFO - epoch-58, train_loss-2.3145, train_rmse-1.5213, valid_rmse-1.5520, valid_pr-0.5657
2025-06-06 18:28:28 - INFO - epoch-59, train_loss-2.2918, train_rmse-1.5139, valid_rmse-1.5389, valid_pr-0.5628
2025-06-06 18:28:52 - INFO - epoch-60, train_loss-2.2889, train_rmse-1.5129, valid_rmse-1.5383, valid_pr-0.5638
2025-06-06 18:29:17 - INFO - epoch-61, train_loss-2.3051, train_rmse-1.5183, valid_rmse-1.5388, valid_pr-0.5668
2025-06-06 18:29:41 - INFO - epoch-62, train_loss-2.2840, train_rmse-1.5113, valid_rmse-1.5195, valid_pr-0.5702
2025-06-06 18:30:04 - INFO - epoch-63, train_loss-2.2787, train_rmse-1.5095, valid_rmse-1.5257, valid_pr-0.5639
2025-06-06 18:30:29 - INFO - epoch-64, train_loss-2.2447, train_rmse-1.4982, valid_rmse-1.5326, valid_pr-0.5719
2025-06-06 18:30:54 - INFO - epoch-65, train_loss-2.2533, train_rmse-1.5011, valid_rmse-1.5172, valid_pr-0.5737
2025-06-06 18:31:18 - INFO - epoch-66, train_loss-2.2635, train_rmse-1.5045, valid_rmse-1.5261, valid_pr-0.5685
2025-06-06 18:31:42 - INFO - epoch-67, train_loss-2.2597, train_rmse-1.5032, valid_rmse-1.5210, valid_pr-0.5708
2025-06-06 18:32:08 - INFO - epoch-68, train_loss-2.2364, train_rmse-1.4955, valid_rmse-1.5268, valid_pr-0.5750
2025-06-06 18:32:33 - INFO - epoch-69, train_loss-2.2500, train_rmse-1.5000, valid_rmse-1.5404, valid_pr-0.5727
2025-06-06 18:32:57 - INFO - epoch-70, train_loss-2.2563, train_rmse-1.5021, valid_rmse-1.5038, valid_pr-0.5804
2025-06-06 18:33:21 - INFO - epoch-71, train_loss-2.2203, train_rmse-1.4901, valid_rmse-1.5146, valid_pr-0.5728
2025-06-06 18:33:46 - INFO - epoch-72, train_loss-2.2192, train_rmse-1.4897, valid_rmse-1.5056, valid_pr-0.5798
2025-06-06 18:34:09 - INFO - epoch-73, train_loss-2.2337, train_rmse-1.4945, valid_rmse-1.5048, valid_pr-0.5814
2025-06-06 18:34:33 - INFO - epoch-74, train_loss-2.2143, train_rmse-1.4880, valid_rmse-1.5155, valid_pr-0.5840
2025-06-06 18:34:57 - INFO - epoch-75, train_loss-2.2063, train_rmse-1.4854, valid_rmse-1.5164, valid_pr-0.5779
2025-06-06 18:35:22 - INFO - epoch-76, train_loss-2.2106, train_rmse-1.4868, valid_rmse-1.5076, valid_pr-0.5833
2025-06-06 18:35:47 - INFO - epoch-77, train_loss-2.1808, train_rmse-1.4768, valid_rmse-1.5325, valid_pr-0.5818
2025-06-06 18:36:11 - INFO - epoch-78, train_loss-2.2251, train_rmse-1.4917, valid_rmse-1.5194, valid_pr-0.5874
2025-06-06 18:36:35 - INFO - epoch-79, train_loss-2.1912, train_rmse-1.4803, valid_rmse-1.5100, valid_pr-0.5754
2025-06-06 18:37:00 - INFO - epoch-80, train_loss-2.1841, train_rmse-1.4779, valid_rmse-1.4940, valid_pr-0.5874
2025-06-06 18:37:24 - INFO - epoch-81, train_loss-2.1785, train_rmse-1.4760, valid_rmse-1.4910, valid_pr-0.5911
2025-06-06 18:37:49 - INFO - epoch-82, train_loss-2.1600, train_rmse-1.4697, valid_rmse-1.4899, valid_pr-0.5943
2025-06-06 18:38:14 - INFO - epoch-83, train_loss-2.1665, train_rmse-1.4719, valid_rmse-1.4781, valid_pr-0.5992
2025-06-06 18:38:38 - INFO - epoch-84, train_loss-2.1912, train_rmse-1.4803, valid_rmse-1.4991, valid_pr-0.5848
2025-06-06 18:39:01 - INFO - epoch-85, train_loss-2.1563, train_rmse-1.4684, valid_rmse-1.4829, valid_pr-0.5960
2025-06-06 18:39:27 - INFO - epoch-86, train_loss-2.1506, train_rmse-1.4665, valid_rmse-1.4893, valid_pr-0.5945
2025-06-06 18:39:51 - INFO - epoch-87, train_loss-2.1415, train_rmse-1.4634, valid_rmse-1.4811, valid_pr-0.5987
2025-06-06 18:40:15 - INFO - epoch-88, train_loss-2.1444, train_rmse-1.4644, valid_rmse-1.4870, valid_pr-0.6033
2025-06-06 18:40:40 - INFO - epoch-89, train_loss-2.2557, train_rmse-1.5019, valid_rmse-1.4860, valid_pr-0.5953
2025-06-06 18:41:05 - INFO - epoch-90, train_loss-2.1577, train_rmse-1.4689, valid_rmse-1.4807, valid_pr-0.5977
2025-06-06 18:41:30 - INFO - epoch-91, train_loss-2.1468, train_rmse-1.4652, valid_rmse-1.4802, valid_pr-0.5986
2025-06-06 18:41:54 - INFO - epoch-92, train_loss-2.1216, train_rmse-1.4566, valid_rmse-1.4833, valid_pr-0.6020
2025-06-06 18:42:18 - INFO - epoch-93, train_loss-2.1203, train_rmse-1.4561, valid_rmse-1.4943, valid_pr-0.6008
2025-06-06 18:42:43 - INFO - epoch-94, train_loss-2.1205, train_rmse-1.4562, valid_rmse-1.5095, valid_pr-0.6007
2025-06-06 18:43:07 - INFO - epoch-95, train_loss-2.1456, train_rmse-1.4648, valid_rmse-1.4877, valid_pr-0.5994
2025-06-06 18:43:30 - INFO - epoch-96, train_loss-2.1288, train_rmse-1.4590, valid_rmse-1.4705, valid_pr-0.6046
2025-06-06 18:43:55 - INFO - epoch-97, train_loss-2.0957, train_rmse-1.4476, valid_rmse-1.4730, valid_pr-0.6063
2025-06-06 18:44:20 - INFO - epoch-98, train_loss-2.1009, train_rmse-1.4495, valid_rmse-1.4639, valid_pr-0.6097
2025-06-06 18:44:45 - INFO - epoch-99, train_loss-2.0914, train_rmse-1.4462, valid_rmse-1.4659, valid_pr-0.6097
2025-06-06 18:45:09 - INFO - epoch-100, train_loss-2.1048, train_rmse-1.4508, valid_rmse-1.4786, valid_pr-0.5994
2025-06-06 18:45:33 - INFO - epoch-101, train_loss-2.0882, train_rmse-1.4450, valid_rmse-1.4630, valid_pr-0.6109
2025-06-06 18:45:58 - INFO - epoch-102, train_loss-2.0888, train_rmse-1.4453, valid_rmse-1.4528, valid_pr-0.6171
2025-06-06 18:46:23 - INFO - epoch-103, train_loss-2.0836, train_rmse-1.4435, valid_rmse-1.4594, valid_pr-0.6150
2025-06-06 18:46:49 - INFO - epoch-104, train_loss-2.0950, train_rmse-1.4474, valid_rmse-1.4631, valid_pr-0.6126
2025-06-06 18:47:14 - INFO - epoch-105, train_loss-2.0765, train_rmse-1.4410, valid_rmse-1.4518, valid_pr-0.6189
2025-06-06 18:47:39 - INFO - epoch-106, train_loss-2.0792, train_rmse-1.4419, valid_rmse-1.4683, valid_pr-0.6075
2025-06-06 18:48:05 - INFO - epoch-107, train_loss-2.0643, train_rmse-1.4368, valid_rmse-1.4554, valid_pr-0.6153
2025-06-06 18:48:29 - INFO - epoch-108, train_loss-2.0459, train_rmse-1.4304, valid_rmse-1.4504, valid_pr-0.6188
2025-06-06 18:48:54 - INFO - epoch-109, train_loss-2.0569, train_rmse-1.4342, valid_rmse-1.4494, valid_pr-0.6195
2025-06-06 18:49:18 - INFO - epoch-110, train_loss-2.0481, train_rmse-1.4311, valid_rmse-1.4582, valid_pr-0.6143
2025-06-06 18:49:43 - INFO - epoch-111, train_loss-2.0496, train_rmse-1.4317, valid_rmse-1.4671, valid_pr-0.6076
2025-06-06 18:50:07 - INFO - epoch-112, train_loss-2.0390, train_rmse-1.4279, valid_rmse-1.4512, valid_pr-0.6221
2025-06-06 18:50:34 - INFO - epoch-113, train_loss-2.0697, train_rmse-1.4387, valid_rmse-1.4528, valid_pr-0.6208
2025-06-06 18:50:57 - INFO - epoch-114, train_loss-2.0417, train_rmse-1.4289, valid_rmse-1.4413, valid_pr-0.6251
2025-06-06 18:51:22 - INFO - epoch-115, train_loss-2.0328, train_rmse-1.4257, valid_rmse-1.4693, valid_pr-0.6138
2025-06-06 18:51:47 - INFO - epoch-116, train_loss-2.0212, train_rmse-1.4217, valid_rmse-1.4348, valid_pr-0.6298
2025-06-06 18:52:12 - INFO - epoch-117, train_loss-2.0253, train_rmse-1.4231, valid_rmse-1.4418, valid_pr-0.6248
2025-06-06 18:52:38 - INFO - epoch-118, train_loss-2.0248, train_rmse-1.4230, valid_rmse-1.4992, valid_pr-0.6181
2025-06-06 18:53:04 - INFO - epoch-119, train_loss-2.0190, train_rmse-1.4209, valid_rmse-1.4666, valid_pr-0.6175
2025-06-06 18:53:30 - INFO - epoch-120, train_loss-2.0106, train_rmse-1.4179, valid_rmse-1.4465, valid_pr-0.6283
2025-06-06 18:53:55 - INFO - epoch-121, train_loss-2.0059, train_rmse-1.4163, valid_rmse-1.4615, valid_pr-0.6282
2025-06-06 18:54:20 - INFO - epoch-122, train_loss-2.0009, train_rmse-1.4145, valid_rmse-1.4463, valid_pr-0.6260
2025-06-06 18:54:44 - INFO - epoch-123, train_loss-2.0186, train_rmse-1.4208, valid_rmse-1.4826, valid_pr-0.6065
2025-06-06 18:55:10 - INFO - epoch-124, train_loss-2.0101, train_rmse-1.4178, valid_rmse-1.4625, valid_pr-0.6186
2025-06-06 18:55:34 - INFO - epoch-125, train_loss-2.0088, train_rmse-1.4173, valid_rmse-1.4444, valid_pr-0.6263
2025-06-06 18:55:58 - INFO - epoch-126, train_loss-1.9942, train_rmse-1.4122, valid_rmse-1.4421, valid_pr-0.6312
2025-06-06 18:56:23 - INFO - epoch-127, train_loss-1.9840, train_rmse-1.4086, valid_rmse-1.4376, valid_pr-0.6297
2025-06-06 18:56:48 - INFO - epoch-128, train_loss-1.9864, train_rmse-1.4094, valid_rmse-1.4312, valid_pr-0.6318
2025-06-06 18:57:11 - INFO - epoch-129, train_loss-1.9836, train_rmse-1.4084, valid_rmse-1.4388, valid_pr-0.6299
2025-06-06 18:57:35 - INFO - epoch-130, train_loss-1.9920, train_rmse-1.4114, valid_rmse-1.4435, valid_pr-0.6262
2025-06-06 18:57:58 - INFO - epoch-131, train_loss-2.0099, train_rmse-1.4177, valid_rmse-1.4306, valid_pr-0.6320
2025-06-06 18:58:22 - INFO - epoch-132, train_loss-1.9639, train_rmse-1.4014, valid_rmse-1.4567, valid_pr-0.6339
2025-06-06 18:58:46 - INFO - epoch-133, train_loss-1.9655, train_rmse-1.4020, valid_rmse-1.4245, valid_pr-0.6370
2025-06-06 18:59:11 - INFO - epoch-134, train_loss-1.9587, train_rmse-1.3995, valid_rmse-1.4303, valid_pr-0.6342
2025-06-06 18:59:36 - INFO - epoch-135, train_loss-1.9906, train_rmse-1.4109, valid_rmse-1.4978, valid_pr-0.6336
2025-06-06 19:00:00 - INFO - epoch-136, train_loss-1.9739, train_rmse-1.4049, valid_rmse-1.4909, valid_pr-0.6326
2025-06-06 19:00:24 - INFO - epoch-137, train_loss-1.9785, train_rmse-1.4066, valid_rmse-1.4291, valid_pr-0.6367
2025-06-06 19:00:48 - INFO - epoch-138, train_loss-1.9725, train_rmse-1.4044, valid_rmse-1.4566, valid_pr-0.6349
2025-06-06 19:01:12 - INFO - epoch-139, train_loss-1.9586, train_rmse-1.3995, valid_rmse-1.4448, valid_pr-0.6257
2025-06-06 19:01:36 - INFO - epoch-140, train_loss-1.9527, train_rmse-1.3974, valid_rmse-1.4217, valid_pr-0.6406
2025-06-06 19:02:00 - INFO - epoch-141, train_loss-1.9399, train_rmse-1.3928, valid_rmse-1.4248, valid_pr-0.6407
2025-06-06 19:02:24 - INFO - epoch-142, train_loss-1.9394, train_rmse-1.3926, valid_rmse-1.4253, valid_pr-0.6382
2025-06-06 19:02:48 - INFO - epoch-143, train_loss-1.9440, train_rmse-1.3943, valid_rmse-1.4368, valid_pr-0.6382
2025-06-06 19:03:11 - INFO - epoch-144, train_loss-1.9529, train_rmse-1.3975, valid_rmse-1.4202, valid_pr-0.6420
2025-06-06 19:03:36 - INFO - epoch-145, train_loss-1.9769, train_rmse-1.4060, valid_rmse-1.4265, valid_pr-0.6462
2025-06-06 19:03:59 - INFO - epoch-146, train_loss-1.9309, train_rmse-1.3896, valid_rmse-1.4153, valid_pr-0.6432
2025-06-06 19:04:23 - INFO - epoch-147, train_loss-1.9388, train_rmse-1.3924, valid_rmse-1.4146, valid_pr-0.6436
2025-06-06 19:04:47 - INFO - epoch-148, train_loss-1.9341, train_rmse-1.3907, valid_rmse-1.4057, valid_pr-0.6491
2025-06-06 19:05:12 - INFO - epoch-149, train_loss-1.9291, train_rmse-1.3889, valid_rmse-1.4167, valid_pr-0.6426
2025-06-06 19:05:36 - INFO - epoch-150, train_loss-1.9234, train_rmse-1.3869, valid_rmse-1.4907, valid_pr-0.6455
2025-06-06 19:06:00 - INFO - epoch-151, train_loss-1.9326, train_rmse-1.3902, valid_rmse-1.4203, valid_pr-0.6426
2025-06-06 19:06:24 - INFO - epoch-152, train_loss-1.9145, train_rmse-1.3837, valid_rmse-1.4159, valid_pr-0.6467
2025-06-06 19:06:48 - INFO - epoch-153, train_loss-1.9526, train_rmse-1.3974, valid_rmse-1.4309, valid_pr-0.6352
2025-06-06 19:07:12 - INFO - epoch-154, train_loss-1.9336, train_rmse-1.3905, valid_rmse-1.4123, valid_pr-0.6455
2025-06-06 19:07:37 - INFO - epoch-155, train_loss-1.9026, train_rmse-1.3794, valid_rmse-1.4174, valid_pr-0.6492
2025-06-06 19:08:02 - INFO - epoch-156, train_loss-1.9013, train_rmse-1.3789, valid_rmse-1.4046, valid_pr-0.6504
2025-06-06 19:08:26 - INFO - epoch-157, train_loss-1.9079, train_rmse-1.3813, valid_rmse-1.4043, valid_pr-0.6502
2025-06-06 19:08:50 - INFO - epoch-158, train_loss-1.9056, train_rmse-1.3804, valid_rmse-1.4228, valid_pr-0.6505
2025-06-06 19:09:14 - INFO - epoch-159, train_loss-1.8960, train_rmse-1.3769, valid_rmse-1.4074, valid_pr-0.6483
2025-06-06 19:09:38 - INFO - epoch-160, train_loss-1.9184, train_rmse-1.3851, valid_rmse-1.4034, valid_pr-0.6531
2025-06-06 19:10:04 - INFO - epoch-161, train_loss-1.9199, train_rmse-1.3856, valid_rmse-1.4041, valid_pr-0.6497
2025-06-06 19:10:28 - INFO - epoch-162, train_loss-1.8883, train_rmse-1.3742, valid_rmse-1.4125, valid_pr-0.6507
2025-06-06 19:10:53 - INFO - epoch-163, train_loss-1.8909, train_rmse-1.3751, valid_rmse-1.4200, valid_pr-0.6490
2025-06-06 19:11:17 - INFO - epoch-164, train_loss-1.8954, train_rmse-1.3767, valid_rmse-1.3917, valid_pr-0.6571
2025-06-06 19:11:42 - INFO - epoch-165, train_loss-1.8808, train_rmse-1.3714, valid_rmse-1.4024, valid_pr-0.6519
2025-06-06 19:12:06 - INFO - epoch-166, train_loss-1.8853, train_rmse-1.3730, valid_rmse-1.4059, valid_pr-0.6583
2025-06-06 19:12:29 - INFO - epoch-167, train_loss-1.9719, train_rmse-1.4042, valid_rmse-1.4141, valid_pr-0.6430
2025-06-06 19:12:54 - INFO - epoch-168, train_loss-1.9710, train_rmse-1.4039, valid_rmse-1.4614, valid_pr-0.6536
2025-06-06 19:13:18 - INFO - epoch-169, train_loss-1.8862, train_rmse-1.3734, valid_rmse-1.4140, valid_pr-0.6570
2025-06-06 19:13:43 - INFO - epoch-170, train_loss-1.8841, train_rmse-1.3726, valid_rmse-1.4124, valid_pr-0.6460
2025-06-06 19:14:08 - INFO - epoch-171, train_loss-1.8669, train_rmse-1.3663, valid_rmse-1.3892, valid_pr-0.6604
2025-06-06 19:14:32 - INFO - epoch-172, train_loss-1.8519, train_rmse-1.3609, valid_rmse-1.4156, valid_pr-0.6530
2025-06-06 19:14:56 - INFO - epoch-173, train_loss-1.8514, train_rmse-1.3607, valid_rmse-1.4172, valid_pr-0.6474
2025-06-06 19:15:21 - INFO - epoch-174, train_loss-1.8764, train_rmse-1.3698, valid_rmse-1.4354, valid_pr-0.6311
2025-06-06 19:15:45 - INFO - epoch-175, train_loss-1.9260, train_rmse-1.3878, valid_rmse-1.4090, valid_pr-0.6502
2025-06-06 19:16:10 - INFO - epoch-176, train_loss-1.9109, train_rmse-1.3823, valid_rmse-1.3882, valid_pr-0.6613
2025-06-06 19:16:35 - INFO - epoch-177, train_loss-1.8392, train_rmse-1.3562, valid_rmse-1.3883, valid_pr-0.6611
2025-06-06 19:16:59 - INFO - epoch-178, train_loss-1.8415, train_rmse-1.3570, valid_rmse-1.3825, valid_pr-0.6627
2025-06-06 19:17:24 - INFO - epoch-179, train_loss-1.8433, train_rmse-1.3577, valid_rmse-1.4064, valid_pr-0.6633
2025-06-06 19:17:48 - INFO - epoch-180, train_loss-1.8885, train_rmse-1.3742, valid_rmse-1.3884, valid_pr-0.6602
2025-06-06 19:18:13 - INFO - epoch-181, train_loss-1.8704, train_rmse-1.3676, valid_rmse-1.3894, valid_pr-0.6595
2025-06-06 19:18:38 - INFO - epoch-182, train_loss-1.8575, train_rmse-1.3629, valid_rmse-1.3892, valid_pr-0.6618
2025-06-06 19:19:02 - INFO - epoch-183, train_loss-1.8528, train_rmse-1.3612, valid_rmse-1.4122, valid_pr-0.6527
2025-06-06 19:19:26 - INFO - epoch-184, train_loss-1.8600, train_rmse-1.3638, valid_rmse-1.3879, valid_pr-0.6604
2025-06-06 19:19:50 - INFO - epoch-185, train_loss-1.8308, train_rmse-1.3531, valid_rmse-1.4031, valid_pr-0.6587
2025-06-06 19:20:15 - INFO - epoch-186, train_loss-1.8461, train_rmse-1.3587, valid_rmse-1.3762, valid_pr-0.6670
2025-06-06 19:20:40 - INFO - epoch-187, train_loss-1.8279, train_rmse-1.3520, valid_rmse-1.4073, valid_pr-0.6608
2025-06-06 19:21:04 - INFO - epoch-188, train_loss-1.8121, train_rmse-1.3461, valid_rmse-1.3949, valid_pr-0.6677
2025-06-06 19:21:28 - INFO - epoch-189, train_loss-1.8303, train_rmse-1.3529, valid_rmse-1.4298, valid_pr-0.6654
2025-06-06 19:21:52 - INFO - epoch-190, train_loss-1.8232, train_rmse-1.3502, valid_rmse-1.3773, valid_pr-0.6682
2025-06-06 19:22:16 - INFO - epoch-191, train_loss-1.8387, train_rmse-1.3560, valid_rmse-1.3831, valid_pr-0.6659
2025-06-06 19:22:42 - INFO - epoch-192, train_loss-1.8251, train_rmse-1.3510, valid_rmse-1.3788, valid_pr-0.6674
2025-06-06 19:23:06 - INFO - epoch-193, train_loss-1.8443, train_rmse-1.3581, valid_rmse-1.4027, valid_pr-0.6547
2025-06-06 19:23:32 - INFO - epoch-194, train_loss-1.8081, train_rmse-1.3447, valid_rmse-1.4050, valid_pr-0.6609
2025-06-06 19:23:56 - INFO - epoch-195, train_loss-1.8149, train_rmse-1.3472, valid_rmse-1.3731, valid_pr-0.6684
2025-06-06 19:24:21 - INFO - epoch-196, train_loss-1.7946, train_rmse-1.3396, valid_rmse-1.4240, valid_pr-0.6676
2025-06-06 19:24:46 - INFO - epoch-197, train_loss-1.8370, train_rmse-1.3554, valid_rmse-1.3881, valid_pr-0.6694
2025-06-06 19:25:10 - INFO - epoch-198, train_loss-1.7954, train_rmse-1.3399, valid_rmse-1.3905, valid_pr-0.6686
2025-06-06 19:25:35 - INFO - epoch-199, train_loss-1.8365, train_rmse-1.3552, valid_rmse-1.3987, valid_pr-0.6637
2025-06-06 19:25:59 - INFO - epoch-200, train_loss-1.8567, train_rmse-1.3626, valid_rmse-1.4165, valid_pr-0.6419
2025-06-06 19:26:24 - INFO - epoch-201, train_loss-1.8852, train_rmse-1.3730, valid_rmse-1.3959, valid_pr-0.6574
2025-06-06 19:26:49 - INFO - epoch-202, train_loss-1.8051, train_rmse-1.3436, valid_rmse-1.3907, valid_pr-0.6602
2025-06-06 19:27:13 - INFO - epoch-203, train_loss-1.8031, train_rmse-1.3428, valid_rmse-1.3926, valid_pr-0.6579
2025-06-06 19:27:38 - INFO - epoch-204, train_loss-1.8408, train_rmse-1.3568, valid_rmse-1.4297, valid_pr-0.6332
2025-06-06 19:28:03 - INFO - epoch-205, train_loss-1.8967, train_rmse-1.3772, valid_rmse-1.4069, valid_pr-0.6626
2025-06-06 19:28:27 - INFO - epoch-206, train_loss-1.8386, train_rmse-1.3560, valid_rmse-1.3834, valid_pr-0.6647
2025-06-06 19:28:51 - INFO - epoch-207, train_loss-1.8800, train_rmse-1.3711, valid_rmse-1.4044, valid_pr-0.6555
2025-06-06 19:29:15 - INFO - epoch-208, train_loss-1.9175, train_rmse-1.3847, valid_rmse-1.4543, valid_pr-0.6495
2025-06-06 19:29:40 - INFO - epoch-209, train_loss-1.8853, train_rmse-1.3731, valid_rmse-1.3866, valid_pr-0.6616
2025-06-06 19:30:05 - INFO - epoch-210, train_loss-1.8203, train_rmse-1.3492, valid_rmse-1.3817, valid_pr-0.6658
2025-06-06 19:30:30 - INFO - epoch-211, train_loss-1.8419, train_rmse-1.3572, valid_rmse-1.3999, valid_pr-0.6628
2025-06-06 19:30:54 - INFO - epoch-212, train_loss-1.8129, train_rmse-1.3464, valid_rmse-1.3673, valid_pr-0.6723
2025-06-06 19:31:19 - INFO - epoch-213, train_loss-1.7955, train_rmse-1.3400, valid_rmse-1.3904, valid_pr-0.6697
2025-06-06 19:31:45 - INFO - epoch-214, train_loss-1.7818, train_rmse-1.3349, valid_rmse-1.3677, valid_pr-0.6723
2025-06-06 19:32:10 - INFO - epoch-215, train_loss-1.7688, train_rmse-1.3299, valid_rmse-1.3560, valid_pr-0.6792
2025-06-06 19:32:34 - INFO - epoch-216, train_loss-1.7890, train_rmse-1.3375, valid_rmse-1.3777, valid_pr-0.6709
2025-06-06 19:32:59 - INFO - epoch-217, train_loss-1.7833, train_rmse-1.3354, valid_rmse-1.3823, valid_pr-0.6664
2025-06-06 19:33:23 - INFO - epoch-218, train_loss-1.7562, train_rmse-1.3252, valid_rmse-1.3625, valid_pr-0.6766
2025-06-06 19:33:49 - INFO - epoch-219, train_loss-2.0002, train_rmse-1.4143, valid_rmse-1.4268, valid_pr-0.6431
2025-06-06 19:34:13 - INFO - epoch-220, train_loss-1.8684, train_rmse-1.3669, valid_rmse-1.3936, valid_pr-0.6578
2025-06-06 19:34:38 - INFO - epoch-221, train_loss-1.8179, train_rmse-1.3483, valid_rmse-1.3928, valid_pr-0.6690
2025-06-06 19:35:03 - INFO - epoch-222, train_loss-1.7836, train_rmse-1.3355, valid_rmse-1.3617, valid_pr-0.6773
2025-06-06 19:35:28 - INFO - epoch-223, train_loss-1.8075, train_rmse-1.3444, valid_rmse-1.3848, valid_pr-0.6677
2025-06-06 19:35:52 - INFO - epoch-224, train_loss-1.8170, train_rmse-1.3479, valid_rmse-1.3695, valid_pr-0.6710
2025-06-06 19:36:16 - INFO - epoch-225, train_loss-1.8096, train_rmse-1.3452, valid_rmse-1.3633, valid_pr-0.6764
2025-06-06 19:36:40 - INFO - epoch-226, train_loss-1.7690, train_rmse-1.3300, valid_rmse-1.3694, valid_pr-0.6720
2025-06-06 19:37:05 - INFO - epoch-227, train_loss-1.7488, train_rmse-1.3224, valid_rmse-1.3740, valid_pr-0.6715
2025-06-06 19:37:30 - INFO - epoch-228, train_loss-1.7696, train_rmse-1.3303, valid_rmse-1.3732, valid_pr-0.6749
2025-06-06 19:37:54 - INFO - epoch-229, train_loss-1.7666, train_rmse-1.3291, valid_rmse-1.3599, valid_pr-0.6781
2025-06-06 19:38:19 - INFO - epoch-230, train_loss-1.7682, train_rmse-1.3297, valid_rmse-1.3593, valid_pr-0.6771
2025-06-06 19:38:44 - INFO - epoch-231, train_loss-1.7463, train_rmse-1.3215, valid_rmse-1.3639, valid_pr-0.6774
2025-06-06 19:39:08 - INFO - epoch-232, train_loss-1.7422, train_rmse-1.3199, valid_rmse-1.3568, valid_pr-0.6804
2025-06-06 19:39:32 - INFO - epoch-233, train_loss-1.7245, train_rmse-1.3132, valid_rmse-1.3581, valid_pr-0.6805
2025-06-06 19:39:56 - INFO - epoch-234, train_loss-1.7305, train_rmse-1.3155, valid_rmse-1.3541, valid_pr-0.6801
2025-06-06 19:40:21 - INFO - epoch-235, train_loss-1.7339, train_rmse-1.3168, valid_rmse-1.3830, valid_pr-0.6798
2025-06-06 19:40:44 - INFO - epoch-236, train_loss-1.7876, train_rmse-1.3370, valid_rmse-1.4012, valid_pr-0.6699
2025-06-06 19:41:09 - INFO - epoch-237, train_loss-1.7708, train_rmse-1.3307, valid_rmse-1.3597, valid_pr-0.6789
2025-06-06 19:41:33 - INFO - epoch-238, train_loss-1.7311, train_rmse-1.3157, valid_rmse-1.3676, valid_pr-0.6744
2025-06-06 19:41:57 - INFO - epoch-239, train_loss-1.7328, train_rmse-1.3164, valid_rmse-1.3745, valid_pr-0.6774
2025-06-06 19:42:21 - INFO - epoch-240, train_loss-1.7261, train_rmse-1.3138, valid_rmse-1.3521, valid_pr-0.6819
2025-06-06 19:42:45 - INFO - epoch-241, train_loss-1.7400, train_rmse-1.3191, valid_rmse-1.4292, valid_pr-0.6398
2025-06-06 19:43:10 - INFO - epoch-242, train_loss-1.8984, train_rmse-1.3778, valid_rmse-1.3695, valid_pr-0.6754
2025-06-06 19:43:34 - INFO - epoch-243, train_loss-1.7655, train_rmse-1.3287, valid_rmse-1.3665, valid_pr-0.6788
2025-06-06 19:43:59 - INFO - epoch-244, train_loss-1.7295, train_rmse-1.3151, valid_rmse-1.3593, valid_pr-0.6771
2025-06-06 19:44:24 - INFO - epoch-245, train_loss-1.7125, train_rmse-1.3086, valid_rmse-1.3547, valid_pr-0.6826
2025-06-06 19:44:49 - INFO - epoch-246, train_loss-1.7473, train_rmse-1.3219, valid_rmse-1.4026, valid_pr-0.6689
2025-06-06 19:45:14 - INFO - epoch-247, train_loss-1.7296, train_rmse-1.3151, valid_rmse-1.3861, valid_pr-0.6631
2025-06-06 19:45:40 - INFO - epoch-248, train_loss-1.7398, train_rmse-1.3190, valid_rmse-1.3554, valid_pr-0.6823
2025-06-06 19:46:05 - INFO - epoch-249, train_loss-1.6919, train_rmse-1.3007, valid_rmse-1.3607, valid_pr-0.6819
2025-06-06 19:46:29 - INFO - epoch-250, train_loss-1.6954, train_rmse-1.3021, valid_rmse-1.3745, valid_pr-0.6763
2025-06-06 19:46:54 - INFO - epoch-251, train_loss-1.6890, train_rmse-1.2996, valid_rmse-1.3554, valid_pr-0.6799
2025-06-06 19:47:18 - INFO - epoch-252, train_loss-1.6976, train_rmse-1.3029, valid_rmse-1.3776, valid_pr-0.6812
2025-06-06 19:47:41 - INFO - epoch-253, train_loss-1.6767, train_rmse-1.2949, valid_rmse-1.3530, valid_pr-0.6818
2025-06-06 19:48:06 - INFO - epoch-254, train_loss-1.7019, train_rmse-1.3046, valid_rmse-1.3583, valid_pr-0.6778
2025-06-06 19:48:31 - INFO - epoch-255, train_loss-1.7061, train_rmse-1.3062, valid_rmse-1.3963, valid_pr-0.6711
2025-06-06 19:48:55 - INFO - epoch-256, train_loss-1.6917, train_rmse-1.3006, valid_rmse-1.3521, valid_pr-0.6814
2025-06-06 19:49:19 - INFO - epoch-257, train_loss-1.6881, train_rmse-1.2993, valid_rmse-1.3618, valid_pr-0.6772
2025-06-06 19:49:43 - INFO - epoch-258, train_loss-1.7361, train_rmse-1.3176, valid_rmse-1.3588, valid_pr-0.6789
2025-06-06 19:50:08 - INFO - epoch-259, train_loss-1.6801, train_rmse-1.2962, valid_rmse-1.3545, valid_pr-0.6803
2025-06-06 19:50:33 - INFO - epoch-260, train_loss-1.7130, train_rmse-1.3088, valid_rmse-1.3543, valid_pr-0.6817
2025-06-06 19:50:57 - INFO - epoch-261, train_loss-1.6834, train_rmse-1.2975, valid_rmse-1.3565, valid_pr-0.6794
2025-06-06 19:51:21 - INFO - epoch-262, train_loss-1.7849, train_rmse-1.3360, valid_rmse-1.3651, valid_pr-0.6780
2025-06-06 19:51:46 - INFO - epoch-263, train_loss-1.7218, train_rmse-1.3122, valid_rmse-1.3605, valid_pr-0.6768
2025-06-06 19:52:11 - INFO - epoch-264, train_loss-1.6827, train_rmse-1.2972, valid_rmse-1.3519, valid_pr-0.6845
2025-06-06 19:52:37 - INFO - epoch-265, train_loss-1.7013, train_rmse-1.3043, valid_rmse-1.3652, valid_pr-0.6767
2025-06-06 19:53:01 - INFO - epoch-266, train_loss-1.7882, train_rmse-1.3372, valid_rmse-1.4283, valid_pr-0.6725
2025-06-06 19:53:26 - INFO - epoch-267, train_loss-1.7806, train_rmse-1.3344, valid_rmse-1.3683, valid_pr-0.6739
2025-06-06 19:53:50 - INFO - epoch-268, train_loss-1.7959, train_rmse-1.3401, valid_rmse-1.4012, valid_pr-0.6533
2025-06-06 19:54:16 - INFO - epoch-269, train_loss-1.9772, train_rmse-1.4061, valid_rmse-1.4232, valid_pr-0.6415
2025-06-06 19:54:41 - INFO - epoch-270, train_loss-2.0574, train_rmse-1.4344, valid_rmse-1.4466, valid_pr-0.6362
2025-06-06 19:55:05 - INFO - epoch-271, train_loss-1.9639, train_rmse-1.4014, valid_rmse-1.4323, valid_pr-0.6491
2025-06-06 19:55:30 - INFO - epoch-272, train_loss-1.9066, train_rmse-1.3808, valid_rmse-1.4084, valid_pr-0.6519
2025-06-06 19:55:53 - INFO - epoch-273, train_loss-1.8598, train_rmse-1.3637, valid_rmse-1.3927, valid_pr-0.6570
2025-06-06 19:56:17 - INFO - epoch-274, train_loss-1.8383, train_rmse-1.3558, valid_rmse-1.3890, valid_pr-0.6628
2025-06-06 19:56:41 - INFO - epoch-275, train_loss-1.7735, train_rmse-1.3317, valid_rmse-1.3705, valid_pr-0.6701
2025-06-06 19:57:05 - INFO - epoch-276, train_loss-1.7567, train_rmse-1.3254, valid_rmse-1.3851, valid_pr-0.6721
2025-06-06 19:57:31 - INFO - epoch-277, train_loss-1.7661, train_rmse-1.3289, valid_rmse-1.3620, valid_pr-0.6760
2025-06-06 19:57:57 - INFO - epoch-278, train_loss-1.7357, train_rmse-1.3175, valid_rmse-1.3627, valid_pr-0.6793
2025-06-06 19:58:21 - INFO - epoch-279, train_loss-1.7261, train_rmse-1.3138, valid_rmse-1.3760, valid_pr-0.6786
2025-06-06 19:58:45 - INFO - epoch-280, train_loss-1.7004, train_rmse-1.3040, valid_rmse-1.3542, valid_pr-0.6810
2025-06-06 19:59:10 - INFO - epoch-281, train_loss-1.7009, train_rmse-1.3042, valid_rmse-1.3655, valid_pr-0.6770
2025-06-06 19:59:35 - INFO - epoch-282, train_loss-1.6973, train_rmse-1.3028, valid_rmse-1.3572, valid_pr-0.6800
2025-06-06 19:59:59 - INFO - epoch-283, train_loss-1.6746, train_rmse-1.2941, valid_rmse-1.3618, valid_pr-0.6795
2025-06-06 20:00:23 - INFO - epoch-284, train_loss-1.6724, train_rmse-1.2932, valid_rmse-1.3541, valid_pr-0.6817
2025-06-06 20:00:48 - INFO - epoch-285, train_loss-1.6702, train_rmse-1.2924, valid_rmse-1.3509, valid_pr-0.6895
2025-06-06 20:01:12 - INFO - epoch-286, train_loss-1.6818, train_rmse-1.2969, valid_rmse-1.3634, valid_pr-0.6846
2025-06-06 20:01:36 - INFO - epoch-287, train_loss-1.6993, train_rmse-1.3036, valid_rmse-1.3534, valid_pr-0.6829
2025-06-06 20:02:00 - INFO - epoch-288, train_loss-1.6352, train_rmse-1.2787, valid_rmse-1.3476, valid_pr-0.6884
2025-06-06 20:02:24 - INFO - epoch-289, train_loss-1.6397, train_rmse-1.2805, valid_rmse-1.3480, valid_pr-0.6845
2025-06-06 20:02:48 - INFO - epoch-290, train_loss-1.6335, train_rmse-1.2781, valid_rmse-1.3465, valid_pr-0.6892
2025-06-06 20:03:11 - INFO - epoch-291, train_loss-1.6323, train_rmse-1.2776, valid_rmse-1.3744, valid_pr-0.6833
2025-06-06 20:03:33 - INFO - epoch-292, train_loss-1.6541, train_rmse-1.2861, valid_rmse-1.3984, valid_pr-0.6859
2025-06-06 20:03:58 - INFO - epoch-293, train_loss-1.6518, train_rmse-1.2852, valid_rmse-1.3528, valid_pr-0.6832
2025-06-06 20:04:23 - INFO - epoch-294, train_loss-1.6504, train_rmse-1.2847, valid_rmse-1.3471, valid_pr-0.6865
2025-06-06 20:04:48 - INFO - epoch-295, train_loss-1.6449, train_rmse-1.2825, valid_rmse-1.3525, valid_pr-0.6833
2025-06-06 20:05:12 - INFO - epoch-296, train_loss-1.6546, train_rmse-1.2863, valid_rmse-1.3407, valid_pr-0.6878
2025-06-06 20:05:37 - INFO - epoch-297, train_loss-1.6173, train_rmse-1.2717, valid_rmse-1.3462, valid_pr-0.6912
2025-06-06 20:06:03 - INFO - epoch-298, train_loss-1.6089, train_rmse-1.2684, valid_rmse-1.3333, valid_pr-0.6930
2025-06-06 20:06:27 - INFO - epoch-299, train_loss-1.5924, train_rmse-1.2619, valid_rmse-1.3463, valid_pr-0.6874
2025-06-06 20:06:52 - INFO - epoch-300, train_loss-1.6055, train_rmse-1.2671, valid_rmse-1.3458, valid_pr-0.6906
2025-06-06 20:07:16 - INFO - epoch-301, train_loss-1.6112, train_rmse-1.2693, valid_rmse-1.3309, valid_pr-0.6941
2025-06-06 20:07:41 - INFO - epoch-302, train_loss-1.5929, train_rmse-1.2621, valid_rmse-1.3391, valid_pr-0.6900
2025-06-06 20:08:06 - INFO - epoch-303, train_loss-1.6293, train_rmse-1.2764, valid_rmse-1.3710, valid_pr-0.6793
2025-06-06 20:08:31 - INFO - epoch-304, train_loss-1.6545, train_rmse-1.2863, valid_rmse-1.3478, valid_pr-0.6871
2025-06-06 20:08:56 - INFO - epoch-305, train_loss-1.6579, train_rmse-1.2876, valid_rmse-1.3599, valid_pr-0.6834
2025-06-06 20:09:20 - INFO - epoch-306, train_loss-1.6249, train_rmse-1.2747, valid_rmse-1.3435, valid_pr-0.6882
2025-06-06 20:09:44 - INFO - epoch-307, train_loss-1.6391, train_rmse-1.2803, valid_rmse-1.3486, valid_pr-0.6840
2025-06-06 20:10:09 - INFO - epoch-308, train_loss-1.6061, train_rmse-1.2673, valid_rmse-1.3437, valid_pr-0.6861
2025-06-06 20:10:35 - INFO - epoch-309, train_loss-1.5849, train_rmse-1.2589, valid_rmse-1.3434, valid_pr-0.6893
2025-06-06 20:10:59 - INFO - epoch-310, train_loss-1.6020, train_rmse-1.2657, valid_rmse-1.3522, valid_pr-0.6845
2025-06-06 20:11:24 - INFO - epoch-311, train_loss-1.7692, train_rmse-1.3301, valid_rmse-1.3982, valid_pr-0.6553
2025-06-06 20:11:48 - INFO - epoch-312, train_loss-1.7106, train_rmse-1.3079, valid_rmse-1.3926, valid_pr-0.6692
2025-06-06 20:12:12 - INFO - epoch-313, train_loss-1.6537, train_rmse-1.2860, valid_rmse-1.3941, valid_pr-0.6866
2025-06-06 20:12:38 - INFO - epoch-314, train_loss-1.6019, train_rmse-1.2656, valid_rmse-1.3626, valid_pr-0.6843
2025-06-06 20:13:01 - INFO - epoch-315, train_loss-1.7080, train_rmse-1.3069, valid_rmse-1.3436, valid_pr-0.6879
2025-06-06 20:13:26 - INFO - epoch-316, train_loss-1.5917, train_rmse-1.2616, valid_rmse-1.3320, valid_pr-0.6940
2025-06-06 20:13:51 - INFO - epoch-317, train_loss-1.5716, train_rmse-1.2536, valid_rmse-1.3759, valid_pr-0.6915
2025-06-06 20:14:15 - INFO - epoch-318, train_loss-1.5723, train_rmse-1.2539, valid_rmse-1.3365, valid_pr-0.6934
2025-06-06 20:14:38 - INFO - epoch-319, train_loss-1.5732, train_rmse-1.2543, valid_rmse-1.3502, valid_pr-0.6929
2025-06-06 20:15:04 - INFO - epoch-320, train_loss-1.5982, train_rmse-1.2642, valid_rmse-1.3483, valid_pr-0.6924
2025-06-06 20:15:28 - INFO - epoch-321, train_loss-1.5812, train_rmse-1.2575, valid_rmse-1.3321, valid_pr-0.7003
2025-06-06 20:15:54 - INFO - epoch-322, train_loss-1.5462, train_rmse-1.2435, valid_rmse-1.3166, valid_pr-0.7035
2025-06-06 20:16:19 - INFO - epoch-323, train_loss-1.5429, train_rmse-1.2421, valid_rmse-1.3403, valid_pr-0.6900
2025-06-06 20:16:44 - INFO - epoch-324, train_loss-1.5883, train_rmse-1.2603, valid_rmse-1.3570, valid_pr-0.6852
2025-06-06 20:17:08 - INFO - epoch-325, train_loss-1.6037, train_rmse-1.2664, valid_rmse-1.3347, valid_pr-0.6930
2025-06-06 20:17:32 - INFO - epoch-326, train_loss-1.5541, train_rmse-1.2466, valid_rmse-1.3356, valid_pr-0.6917
2025-06-06 20:17:57 - INFO - epoch-327, train_loss-1.5337, train_rmse-1.2384, valid_rmse-1.3305, valid_pr-0.6945
2025-06-06 20:18:22 - INFO - epoch-328, train_loss-1.5286, train_rmse-1.2364, valid_rmse-1.3496, valid_pr-0.6974
2025-06-06 20:18:45 - INFO - epoch-329, train_loss-1.5564, train_rmse-1.2476, valid_rmse-1.3545, valid_pr-0.6823
2025-06-06 20:19:11 - INFO - epoch-330, train_loss-1.5520, train_rmse-1.2458, valid_rmse-1.3282, valid_pr-0.6953
2025-06-06 20:19:36 - INFO - epoch-331, train_loss-1.5150, train_rmse-1.2308, valid_rmse-1.3319, valid_pr-0.6963
2025-06-06 20:20:01 - INFO - epoch-332, train_loss-1.5390, train_rmse-1.2406, valid_rmse-1.3357, valid_pr-0.6919
2025-06-06 20:20:25 - INFO - epoch-333, train_loss-1.5250, train_rmse-1.2349, valid_rmse-1.3345, valid_pr-0.6956
2025-06-06 20:20:50 - INFO - epoch-334, train_loss-1.5248, train_rmse-1.2348, valid_rmse-1.3710, valid_pr-0.6912
2025-06-06 20:21:14 - INFO - epoch-335, train_loss-1.5266, train_rmse-1.2355, valid_rmse-1.3820, valid_pr-0.6884
2025-06-06 20:21:37 - INFO - epoch-336, train_loss-1.5434, train_rmse-1.2423, valid_rmse-1.3264, valid_pr-0.6980
2025-06-06 20:22:00 - INFO - epoch-337, train_loss-1.5139, train_rmse-1.2304, valid_rmse-1.3403, valid_pr-0.6905
2025-06-06 20:22:26 - INFO - epoch-338, train_loss-1.5703, train_rmse-1.2531, valid_rmse-1.3365, valid_pr-0.6948
2025-06-06 20:22:51 - INFO - epoch-339, train_loss-1.8129, train_rmse-1.3464, valid_rmse-1.5699, valid_pr-0.5398
2025-06-06 20:23:15 - INFO - epoch-340, train_loss-2.2420, train_rmse-1.4973, valid_rmse-1.4465, valid_pr-0.6238
2025-06-06 20:23:40 - INFO - epoch-341, train_loss-1.9982, train_rmse-1.4136, valid_rmse-1.4112, valid_pr-0.6465
2025-06-06 20:24:05 - INFO - epoch-342, train_loss-1.9363, train_rmse-1.3915, valid_rmse-1.4131, valid_pr-0.6496
2025-06-06 20:24:30 - INFO - epoch-343, train_loss-1.8815, train_rmse-1.3717, valid_rmse-1.3663, valid_pr-0.6727
2025-06-06 20:24:55 - INFO - epoch-344, train_loss-1.8053, train_rmse-1.3436, valid_rmse-1.3636, valid_pr-0.6768
2025-06-06 20:25:19 - INFO - epoch-345, train_loss-1.7417, train_rmse-1.3197, valid_rmse-1.3713, valid_pr-0.6773
2025-06-06 20:25:42 - INFO - epoch-346, train_loss-1.7012, train_rmse-1.3043, valid_rmse-1.3992, valid_pr-0.6785
2025-06-06 20:26:07 - INFO - epoch-347, train_loss-1.6646, train_rmse-1.2902, valid_rmse-1.3646, valid_pr-0.6802
2025-06-06 20:26:32 - INFO - epoch-348, train_loss-1.6493, train_rmse-1.2843, valid_rmse-1.3710, valid_pr-0.6851
2025-06-06 20:26:56 - INFO - epoch-349, train_loss-1.6226, train_rmse-1.2738, valid_rmse-1.3528, valid_pr-0.6837
2025-06-06 20:27:21 - INFO - epoch-350, train_loss-1.6045, train_rmse-1.2667, valid_rmse-1.3401, valid_pr-0.6927
2025-06-06 20:27:47 - INFO - epoch-351, train_loss-1.6002, train_rmse-1.2650, valid_rmse-1.3405, valid_pr-0.6922
2025-06-06 20:28:11 - INFO - epoch-352, train_loss-1.5989, train_rmse-1.2645, valid_rmse-1.3704, valid_pr-0.6849
2025-06-06 20:28:36 - INFO - epoch-353, train_loss-1.5874, train_rmse-1.2599, valid_rmse-1.3419, valid_pr-0.6915
2025-06-06 20:29:00 - INFO - epoch-354, train_loss-1.6781, train_rmse-1.2954, valid_rmse-1.4136, valid_pr-0.6652
2025-06-06 20:29:24 - INFO - epoch-355, train_loss-1.7109, train_rmse-1.3080, valid_rmse-1.3405, valid_pr-0.6885
2025-06-06 20:29:49 - INFO - epoch-356, train_loss-1.7264, train_rmse-1.3139, valid_rmse-1.3562, valid_pr-0.6835
2025-06-06 20:30:14 - INFO - epoch-357, train_loss-1.6753, train_rmse-1.2943, valid_rmse-1.3684, valid_pr-0.6927
2025-06-06 20:30:37 - INFO - epoch-358, train_loss-1.6196, train_rmse-1.2726, valid_rmse-1.3239, valid_pr-0.6975
2025-06-06 20:31:02 - INFO - epoch-359, train_loss-1.5649, train_rmse-1.2510, valid_rmse-1.3563, valid_pr-0.6929
2025-06-06 20:31:28 - INFO - epoch-360, train_loss-1.5462, train_rmse-1.2434, valid_rmse-1.3228, valid_pr-0.7004
2025-06-06 20:31:53 - INFO - epoch-361, train_loss-1.5421, train_rmse-1.2418, valid_rmse-1.3526, valid_pr-0.7005
2025-06-06 20:32:18 - INFO - epoch-362, train_loss-1.5318, train_rmse-1.2376, valid_rmse-1.3407, valid_pr-0.6995
2025-06-06 20:32:41 - INFO - epoch-363, train_loss-1.5345, train_rmse-1.2387, valid_rmse-1.3210, valid_pr-0.7043
2025-06-06 20:33:06 - INFO - epoch-364, train_loss-1.5233, train_rmse-1.2342, valid_rmse-1.3256, valid_pr-0.6970
2025-06-06 20:33:29 - INFO - epoch-365, train_loss-1.5144, train_rmse-1.2306, valid_rmse-1.3388, valid_pr-0.6925
2025-06-06 20:33:54 - INFO - epoch-366, train_loss-1.4891, train_rmse-1.2203, valid_rmse-1.3280, valid_pr-0.6955
2025-06-06 20:34:19 - INFO - epoch-367, train_loss-1.5082, train_rmse-1.2281, valid_rmse-1.3129, valid_pr-0.7060
2025-06-06 20:34:44 - INFO - epoch-368, train_loss-1.5182, train_rmse-1.2321, valid_rmse-1.3400, valid_pr-0.7025
2025-06-06 20:35:09 - INFO - epoch-369, train_loss-1.5128, train_rmse-1.2300, valid_rmse-1.3317, valid_pr-0.6991
2025-06-06 20:35:34 - INFO - epoch-370, train_loss-1.4693, train_rmse-1.2122, valid_rmse-1.3422, valid_pr-0.6966
2025-06-06 20:35:58 - INFO - epoch-371, train_loss-1.4703, train_rmse-1.2125, valid_rmse-1.3412, valid_pr-0.7048
2025-06-06 20:36:25 - INFO - epoch-372, train_loss-1.4712, train_rmse-1.2129, valid_rmse-1.3261, valid_pr-0.6994
2025-06-06 20:36:49 - INFO - epoch-373, train_loss-1.4804, train_rmse-1.2167, valid_rmse-1.3331, valid_pr-0.6973
2025-06-06 20:37:14 - INFO - epoch-374, train_loss-1.4681, train_rmse-1.2116, valid_rmse-1.3266, valid_pr-0.6989
2025-06-06 20:37:38 - INFO - epoch-375, train_loss-1.4461, train_rmse-1.2026, valid_rmse-1.3428, valid_pr-0.6931
2025-06-06 20:38:03 - INFO - epoch-376, train_loss-1.4760, train_rmse-1.2149, valid_rmse-1.3419, valid_pr-0.7025
2025-06-06 20:38:27 - INFO - epoch-377, train_loss-1.4573, train_rmse-1.2072, valid_rmse-1.3496, valid_pr-0.6959
2025-06-06 20:38:51 - INFO - epoch-378, train_loss-1.4498, train_rmse-1.2041, valid_rmse-1.3210, valid_pr-0.7042
2025-06-06 20:39:15 - INFO - epoch-379, train_loss-1.4704, train_rmse-1.2126, valid_rmse-1.3348, valid_pr-0.7023
2025-06-06 20:39:39 - INFO - epoch-380, train_loss-1.4370, train_rmse-1.1987, valid_rmse-1.3279, valid_pr-0.6998
2025-06-06 20:40:05 - INFO - epoch-381, train_loss-1.4638, train_rmse-1.2099, valid_rmse-1.3214, valid_pr-0.7031
2025-06-06 20:40:30 - INFO - epoch-382, train_loss-1.7023, train_rmse-1.3047, valid_rmse-1.3552, valid_pr-0.6915
2025-06-06 20:40:54 - INFO - epoch-383, train_loss-1.5740, train_rmse-1.2546, valid_rmse-1.3235, valid_pr-0.6996
2025-06-06 20:41:19 - INFO - epoch-384, train_loss-1.4993, train_rmse-1.2245, valid_rmse-1.3421, valid_pr-0.6939
2025-06-06 20:41:44 - INFO - epoch-385, train_loss-1.5045, train_rmse-1.2266, valid_rmse-1.3499, valid_pr-0.7014
2025-06-06 20:42:09 - INFO - epoch-386, train_loss-1.4464, train_rmse-1.2027, valid_rmse-1.3585, valid_pr-0.6998
2025-06-06 20:42:34 - INFO - epoch-387, train_loss-1.4472, train_rmse-1.2030, valid_rmse-1.3357, valid_pr-0.6965
2025-06-06 20:42:59 - INFO - epoch-388, train_loss-1.4985, train_rmse-1.2241, valid_rmse-1.3115, valid_pr-0.7043
2025-06-06 20:43:24 - INFO - epoch-389, train_loss-1.4468, train_rmse-1.2028, valid_rmse-1.3137, valid_pr-0.7066
2025-06-06 20:43:48 - INFO - epoch-390, train_loss-1.4539, train_rmse-1.2058, valid_rmse-1.3202, valid_pr-0.7015
2025-06-06 20:44:13 - INFO - epoch-391, train_loss-1.4241, train_rmse-1.1933, valid_rmse-1.3534, valid_pr-0.7093
2025-06-06 20:44:37 - INFO - epoch-392, train_loss-1.4348, train_rmse-1.1978, valid_rmse-1.3279, valid_pr-0.7050
2025-06-06 20:45:02 - INFO - epoch-393, train_loss-1.4125, train_rmse-1.1885, valid_rmse-1.3366, valid_pr-0.7048
2025-06-06 20:45:27 - INFO - epoch-394, train_loss-1.4125, train_rmse-1.1885, valid_rmse-1.3116, valid_pr-0.7059
2025-06-06 20:45:52 - INFO - epoch-395, train_loss-1.4167, train_rmse-1.1902, valid_rmse-1.3228, valid_pr-0.7053
2025-06-06 20:46:16 - INFO - epoch-396, train_loss-1.4104, train_rmse-1.1876, valid_rmse-1.3321, valid_pr-0.6982
2025-06-06 20:46:41 - INFO - epoch-397, train_loss-1.4263, train_rmse-1.1943, valid_rmse-1.3134, valid_pr-0.7098
2025-06-06 20:47:06 - INFO - epoch-398, train_loss-1.4176, train_rmse-1.1906, valid_rmse-1.3476, valid_pr-0.7095
2025-06-06 20:47:30 - INFO - epoch-399, train_loss-1.4280, train_rmse-1.1950, valid_rmse-1.3271, valid_pr-0.7048
2025-06-06 20:47:53 - INFO - epoch-400, train_loss-1.4941, train_rmse-1.2223, valid_rmse-1.3148, valid_pr-0.7117
2025-06-06 20:48:17 - INFO - epoch-401, train_loss-1.4480, train_rmse-1.2033, valid_rmse-1.3172, valid_pr-0.7027
2025-06-06 20:48:40 - INFO - epoch-402, train_loss-1.4529, train_rmse-1.2054, valid_rmse-1.3139, valid_pr-0.7030
2025-06-06 20:49:05 - INFO - epoch-403, train_loss-1.4259, train_rmse-1.1941, valid_rmse-1.3173, valid_pr-0.7023
2025-06-06 20:49:30 - INFO - epoch-404, train_loss-1.3801, train_rmse-1.1748, valid_rmse-1.3011, valid_pr-0.7101
2025-06-06 20:49:54 - INFO - epoch-405, train_loss-1.4112, train_rmse-1.1880, valid_rmse-1.3204, valid_pr-0.7009
2025-06-06 20:50:20 - INFO - epoch-406, train_loss-1.3845, train_rmse-1.1766, valid_rmse-1.3317, valid_pr-0.6997
2025-06-06 20:50:44 - INFO - epoch-407, train_loss-1.4209, train_rmse-1.1920, valid_rmse-1.3174, valid_pr-0.7026
2025-06-06 20:51:08 - INFO - epoch-408, train_loss-1.4046, train_rmse-1.1852, valid_rmse-1.3110, valid_pr-0.7079
2025-06-06 20:51:33 - INFO - epoch-409, train_loss-1.3958, train_rmse-1.1814, valid_rmse-1.3461, valid_pr-0.7057
2025-06-06 20:51:56 - INFO - epoch-410, train_loss-1.3643, train_rmse-1.1680, valid_rmse-1.3155, valid_pr-0.7077
2025-06-06 20:52:21 - INFO - epoch-411, train_loss-1.3802, train_rmse-1.1748, valid_rmse-1.3321, valid_pr-0.7084
2025-06-06 20:52:44 - INFO - epoch-412, train_loss-1.4270, train_rmse-1.1946, valid_rmse-1.2992, valid_pr-0.7139
2025-06-06 20:53:08 - INFO - epoch-413, train_loss-1.3830, train_rmse-1.1760, valid_rmse-1.3115, valid_pr-0.7062
2025-06-06 20:53:33 - INFO - epoch-414, train_loss-1.3610, train_rmse-1.1666, valid_rmse-1.3273, valid_pr-0.7041
2025-06-06 20:53:58 - INFO - epoch-415, train_loss-1.3698, train_rmse-1.1704, valid_rmse-1.3149, valid_pr-0.7075
2025-06-06 20:54:21 - INFO - epoch-416, train_loss-1.3774, train_rmse-1.1736, valid_rmse-1.3306, valid_pr-0.6987
2025-06-06 20:54:46 - INFO - epoch-417, train_loss-1.3718, train_rmse-1.1713, valid_rmse-1.3197, valid_pr-0.7023
2025-06-06 20:55:11 - INFO - epoch-418, train_loss-1.3616, train_rmse-1.1669, valid_rmse-1.3205, valid_pr-0.7035
2025-06-06 20:55:35 - INFO - epoch-419, train_loss-1.4188, train_rmse-1.1911, valid_rmse-1.3159, valid_pr-0.7056
2025-06-06 20:56:00 - INFO - epoch-420, train_loss-1.3403, train_rmse-1.1577, valid_rmse-1.3255, valid_pr-0.7017
2025-06-06 20:56:24 - INFO - epoch-421, train_loss-1.3512, train_rmse-1.1624, valid_rmse-1.3292, valid_pr-0.7067
2025-06-06 20:56:47 - INFO - epoch-422, train_loss-1.3388, train_rmse-1.1571, valid_rmse-1.3168, valid_pr-0.7063
2025-06-06 20:57:13 - INFO - epoch-423, train_loss-1.3488, train_rmse-1.1614, valid_rmse-1.3189, valid_pr-0.7057
2025-06-06 20:57:37 - INFO - epoch-424, train_loss-1.3733, train_rmse-1.1719, valid_rmse-1.3290, valid_pr-0.7010
2025-06-06 20:58:00 - INFO - epoch-425, train_loss-1.4680, train_rmse-1.2116, valid_rmse-1.3632, valid_pr-0.6929
2025-06-06 20:58:24 - INFO - epoch-426, train_loss-1.3372, train_rmse-1.1564, valid_rmse-1.3346, valid_pr-0.7046
2025-06-06 20:58:48 - INFO - epoch-427, train_loss-1.3566, train_rmse-1.1647, valid_rmse-1.3138, valid_pr-0.7115
2025-06-06 20:59:13 - INFO - epoch-428, train_loss-1.3626, train_rmse-1.1673, valid_rmse-1.3387, valid_pr-0.6998
2025-06-06 20:59:37 - INFO - epoch-429, train_loss-1.3349, train_rmse-1.1554, valid_rmse-1.3557, valid_pr-0.7015
2025-06-06 21:00:00 - INFO - epoch-430, train_loss-1.3602, train_rmse-1.1663, valid_rmse-1.3095, valid_pr-0.7077
2025-06-06 21:00:23 - INFO - epoch-431, train_loss-1.3292, train_rmse-1.1529, valid_rmse-1.3218, valid_pr-0.7079
2025-06-06 21:00:48 - INFO - epoch-432, train_loss-1.3160, train_rmse-1.1472, valid_rmse-1.3031, valid_pr-0.7138
2025-06-06 21:01:13 - INFO - epoch-433, train_loss-1.3057, train_rmse-1.1427, valid_rmse-1.3203, valid_pr-0.7081
2025-06-06 21:01:38 - INFO - epoch-434, train_loss-1.3180, train_rmse-1.1480, valid_rmse-1.3109, valid_pr-0.7080
2025-06-06 21:02:02 - INFO - epoch-435, train_loss-1.3241, train_rmse-1.1507, valid_rmse-1.3132, valid_pr-0.7043
2025-06-06 21:02:26 - INFO - epoch-436, train_loss-1.3043, train_rmse-1.1421, valid_rmse-1.3271, valid_pr-0.6995
2025-06-06 21:02:50 - INFO - epoch-437, train_loss-1.3118, train_rmse-1.1454, valid_rmse-1.3139, valid_pr-0.7098
2025-06-06 21:03:16 - INFO - epoch-438, train_loss-1.3190, train_rmse-1.1485, valid_rmse-1.3572, valid_pr-0.7035
2025-06-06 21:03:40 - INFO - epoch-439, train_loss-1.3313, train_rmse-1.1538, valid_rmse-1.3177, valid_pr-0.7060
2025-06-06 21:04:04 - INFO - epoch-440, train_loss-1.2911, train_rmse-1.1363, valid_rmse-1.3739, valid_pr-0.6979
2025-06-06 21:04:27 - INFO - epoch-441, train_loss-1.2916, train_rmse-1.1365, valid_rmse-1.3088, valid_pr-0.7081
2025-06-06 21:04:53 - INFO - epoch-442, train_loss-1.3182, train_rmse-1.1481, valid_rmse-1.3280, valid_pr-0.6991
2025-06-06 21:05:18 - INFO - epoch-443, train_loss-1.3155, train_rmse-1.1470, valid_rmse-1.3086, valid_pr-0.7123
2025-06-06 21:05:41 - INFO - epoch-444, train_loss-1.2836, train_rmse-1.1329, valid_rmse-1.3148, valid_pr-0.7071
2025-06-06 21:06:06 - INFO - epoch-445, train_loss-1.2946, train_rmse-1.1378, valid_rmse-1.3159, valid_pr-0.7063
2025-06-06 21:06:28 - INFO - epoch-446, train_loss-1.2753, train_rmse-1.1293, valid_rmse-1.3751, valid_pr-0.6991
2025-06-06 21:06:53 - INFO - epoch-447, train_loss-1.3146, train_rmse-1.1466, valid_rmse-1.3212, valid_pr-0.7036
2025-06-06 21:07:18 - INFO - epoch-448, train_loss-1.2845, train_rmse-1.1334, valid_rmse-1.3433, valid_pr-0.7064
2025-06-06 21:07:43 - INFO - epoch-449, train_loss-1.2812, train_rmse-1.1319, valid_rmse-1.3103, valid_pr-0.7094
2025-06-06 21:08:08 - INFO - epoch-450, train_loss-1.2840, train_rmse-1.1332, valid_rmse-1.3100, valid_pr-0.7135
2025-06-06 21:08:32 - INFO - epoch-451, train_loss-1.2673, train_rmse-1.1258, valid_rmse-1.3338, valid_pr-0.6978
2025-06-06 21:08:57 - INFO - epoch-452, train_loss-1.2623, train_rmse-1.1235, valid_rmse-1.3340, valid_pr-0.7041
2025-06-06 21:09:21 - INFO - epoch-453, train_loss-1.2882, train_rmse-1.1350, valid_rmse-1.3066, valid_pr-0.7095
2025-06-06 21:09:45 - INFO - epoch-454, train_loss-1.2481, train_rmse-1.1172, valid_rmse-1.3230, valid_pr-0.7034
2025-06-06 21:10:10 - INFO - epoch-455, train_loss-1.3300, train_rmse-1.1533, valid_rmse-1.3296, valid_pr-0.6979
2025-06-06 21:10:35 - INFO - epoch-456, train_loss-1.3943, train_rmse-1.1808, valid_rmse-1.3310, valid_pr-0.7053
2025-06-06 21:11:00 - INFO - epoch-457, train_loss-1.2808, train_rmse-1.1317, valid_rmse-1.3126, valid_pr-0.7104
2025-06-06 21:11:25 - INFO - epoch-458, train_loss-1.2858, train_rmse-1.1339, valid_rmse-1.4003, valid_pr-0.7017
2025-06-06 21:11:50 - INFO - epoch-459, train_loss-1.2812, train_rmse-1.1319, valid_rmse-1.3137, valid_pr-0.7089
2025-06-06 21:12:14 - INFO - epoch-460, train_loss-1.2416, train_rmse-1.1143, valid_rmse-1.3048, valid_pr-0.7119
2025-06-06 21:12:39 - INFO - epoch-461, train_loss-1.2535, train_rmse-1.1196, valid_rmse-1.3162, valid_pr-0.7069
2025-06-06 21:13:03 - INFO - epoch-462, train_loss-1.3008, train_rmse-1.1405, valid_rmse-1.3065, valid_pr-0.7135
2025-06-06 21:13:28 - INFO - epoch-463, train_loss-1.2438, train_rmse-1.1152, valid_rmse-1.3306, valid_pr-0.7090
2025-06-06 21:13:52 - INFO - epoch-464, train_loss-1.2398, train_rmse-1.1135, valid_rmse-1.3133, valid_pr-0.7108
2025-06-06 21:14:17 - INFO - epoch-465, train_loss-1.2614, train_rmse-1.1231, valid_rmse-1.3104, valid_pr-0.7091
2025-06-06 21:14:40 - INFO - epoch-466, train_loss-1.2348, train_rmse-1.1112, valid_rmse-1.3162, valid_pr-0.7057
2025-06-06 21:15:04 - INFO - epoch-467, train_loss-1.2592, train_rmse-1.1221, valid_rmse-1.3150, valid_pr-0.7084
2025-06-06 21:15:28 - INFO - epoch-468, train_loss-1.2373, train_rmse-1.1124, valid_rmse-1.3222, valid_pr-0.7083
2025-06-06 21:15:53 - INFO - epoch-469, train_loss-1.2512, train_rmse-1.1186, valid_rmse-1.3226, valid_pr-0.7079
2025-06-06 21:16:17 - INFO - epoch-470, train_loss-1.2037, train_rmse-1.0971, valid_rmse-1.3162, valid_pr-0.7075
2025-06-06 21:16:41 - INFO - epoch-471, train_loss-1.2928, train_rmse-1.1370, valid_rmse-1.3456, valid_pr-0.6951
2025-06-06 21:17:05 - INFO - epoch-472, train_loss-1.2477, train_rmse-1.1170, valid_rmse-1.3207, valid_pr-0.7045
2025-06-06 21:17:29 - INFO - epoch-473, train_loss-1.2360, train_rmse-1.1118, valid_rmse-1.3189, valid_pr-0.7042
2025-06-06 21:17:53 - INFO - epoch-474, train_loss-1.2117, train_rmse-1.1008, valid_rmse-1.3316, valid_pr-0.7079
2025-06-06 21:18:17 - INFO - epoch-475, train_loss-1.2452, train_rmse-1.1159, valid_rmse-1.3231, valid_pr-0.7024
2025-06-06 21:18:42 - INFO - epoch-476, train_loss-1.2048, train_rmse-1.0976, valid_rmse-1.3291, valid_pr-0.7049
2025-06-06 21:19:07 - INFO - epoch-477, train_loss-1.2516, train_rmse-1.1188, valid_rmse-1.3332, valid_pr-0.6993
2025-06-06 21:19:31 - INFO - epoch-478, train_loss-1.2043, train_rmse-1.0974, valid_rmse-1.3486, valid_pr-0.6968
2025-06-06 21:19:55 - INFO - epoch-479, train_loss-1.2207, train_rmse-1.1048, valid_rmse-1.3356, valid_pr-0.7027
2025-06-06 21:20:21 - INFO - epoch-480, train_loss-1.2218, train_rmse-1.1053, valid_rmse-1.3292, valid_pr-0.7044
2025-06-06 21:20:45 - INFO - epoch-481, train_loss-1.2301, train_rmse-1.1091, valid_rmse-1.3150, valid_pr-0.7064
2025-06-06 21:21:11 - INFO - epoch-482, train_loss-1.1837, train_rmse-1.0880, valid_rmse-1.3160, valid_pr-0.7084
2025-06-06 21:21:36 - INFO - epoch-483, train_loss-1.1864, train_rmse-1.0892, valid_rmse-1.3013, valid_pr-0.7119
2025-06-06 21:22:01 - INFO - epoch-484, train_loss-1.1977, train_rmse-1.0944, valid_rmse-1.3219, valid_pr-0.7073
2025-06-06 21:22:26 - INFO - epoch-485, train_loss-1.3516, train_rmse-1.1626, valid_rmse-1.3062, valid_pr-0.7087
2025-06-06 21:22:51 - INFO - epoch-486, train_loss-1.2122, train_rmse-1.1010, valid_rmse-1.3472, valid_pr-0.7032
2025-06-06 21:23:15 - INFO - epoch-487, train_loss-1.1953, train_rmse-1.0933, valid_rmse-1.3789, valid_pr-0.7023
2025-06-06 21:23:38 - INFO - epoch-488, train_loss-1.2156, train_rmse-1.1026, valid_rmse-1.3189, valid_pr-0.7065
2025-06-06 21:24:01 - INFO - epoch-489, train_loss-1.1767, train_rmse-1.0847, valid_rmse-1.3111, valid_pr-0.7110
2025-06-06 21:24:26 - INFO - epoch-490, train_loss-1.1823, train_rmse-1.0873, valid_rmse-1.3056, valid_pr-0.7104
2025-06-06 21:24:50 - INFO - epoch-491, train_loss-1.1721, train_rmse-1.0826, valid_rmse-1.3488, valid_pr-0.7025
2025-06-06 21:25:13 - INFO - epoch-492, train_loss-1.2007, train_rmse-1.0957, valid_rmse-1.3197, valid_pr-0.7083
2025-06-06 21:25:38 - INFO - epoch-493, train_loss-1.1623, train_rmse-1.0781, valid_rmse-1.3395, valid_pr-0.7014
2025-06-06 21:26:03 - INFO - epoch-494, train_loss-1.1621, train_rmse-1.0780, valid_rmse-1.3538, valid_pr-0.6972
2025-06-06 21:26:28 - INFO - epoch-495, train_loss-1.1752, train_rmse-1.0841, valid_rmse-1.3006, valid_pr-0.7131
2025-06-06 21:26:53 - INFO - epoch-496, train_loss-1.1644, train_rmse-1.0791, valid_rmse-1.3336, valid_pr-0.6977
2025-06-06 21:27:17 - INFO - epoch-497, train_loss-1.1675, train_rmse-1.0805, valid_rmse-1.3409, valid_pr-0.7100
2025-06-06 21:27:41 - INFO - epoch-498, train_loss-1.1637, train_rmse-1.0788, valid_rmse-1.3149, valid_pr-0.7076
2025-06-06 21:28:06 - INFO - epoch-499, train_loss-1.1509, train_rmse-1.0728, valid_rmse-1.3168, valid_pr-0.7051
2025-06-06 21:28:30 - INFO - epoch-500, train_loss-1.1664, train_rmse-1.0800, valid_rmse-1.3237, valid_pr-0.7125
2025-06-06 21:28:55 - INFO - epoch-501, train_loss-1.1479, train_rmse-1.0714, valid_rmse-1.3283, valid_pr-0.7072
2025-06-06 21:29:19 - INFO - epoch-502, train_loss-1.1703, train_rmse-1.0818, valid_rmse-1.3545, valid_pr-0.7067
2025-06-06 21:29:43 - INFO - epoch-503, train_loss-1.1717, train_rmse-1.0824, valid_rmse-1.3858, valid_pr-0.7062
2025-06-06 21:30:09 - INFO - epoch-504, train_loss-1.1707, train_rmse-1.0820, valid_rmse-1.3111, valid_pr-0.7099
2025-06-06 21:30:35 - INFO - epoch-505, train_loss-1.1238, train_rmse-1.0601, valid_rmse-1.3312, valid_pr-0.7024
2025-06-06 21:30:59 - INFO - epoch-506, train_loss-1.1378, train_rmse-1.0667, valid_rmse-1.3507, valid_pr-0.7078
2025-06-06 21:31:23 - INFO - epoch-507, train_loss-1.1421, train_rmse-1.0687, valid_rmse-1.3296, valid_pr-0.7019
2025-06-06 21:31:48 - INFO - epoch-508, train_loss-1.1567, train_rmse-1.0755, valid_rmse-1.3388, valid_pr-0.7110
2025-06-06 21:32:13 - INFO - epoch-509, train_loss-1.1454, train_rmse-1.0702, valid_rmse-1.3123, valid_pr-0.7079
2025-06-06 21:32:38 - INFO - epoch-510, train_loss-1.1342, train_rmse-1.0650, valid_rmse-1.3127, valid_pr-0.7113
2025-06-06 21:33:02 - INFO - epoch-511, train_loss-1.1564, train_rmse-1.0754, valid_rmse-1.3124, valid_pr-0.7093
2025-06-06 21:33:27 - INFO - epoch-512, train_loss-1.1267, train_rmse-1.0615, valid_rmse-1.3123, valid_pr-0.7085
2025-06-06 21:33:51 - INFO - epoch-513, train_loss-1.1239, train_rmse-1.0602, valid_rmse-1.3418, valid_pr-0.6985
2025-06-06 21:33:51 - INFO - early stop in epoch 513
2025-06-06 21:33:51 - INFO - best_rmse: 1.2992
2025-06-06 21:34:02 - INFO - valid_rmse-1.3004, valid_pr-0.7134, test2013_rmse-1.4252, test2013_pr-0.8046, test2016_rmse-1.3597, test2016_pr-0.7844, test2019_rmse-1.4247, test2019_pr-0.6320,
