2025-06-06 16:18:43 - INFO - train_EGNN.py
2025-06-06 16:18:43 - INFO - train data: 11904
2025-06-06 16:18:43 - INFO - valid data: 1000
2025-06-06 16:18:43 - INFO - test2013 data: 107
2025-06-06 16:18:43 - INFO - test2016 data: 285
2025-06-06 16:18:43 - INFO - test2019 data: 4366
2025-06-06 16:18:51 - INFO - epoch-0, train_loss-39.2851, train_rmse-6.2678, valid_rmse-6.2620, valid_pr-0.4644
2025-06-06 16:18:59 - INFO - epoch-1, train_loss-24.2878, train_rmse-4.9283, valid_rmse-7.7194, valid_pr--0.1851
2025-06-06 16:19:06 - INFO - epoch-2, train_loss-7.6845, train_rmse-2.7721, valid_rmse-1.8790, valid_pr-0.4387
2025-06-06 16:19:14 - INFO - epoch-3, train_loss-3.6777, train_rmse-1.9177, valid_rmse-1.7990, valid_pr-0.4268
2025-06-06 16:19:22 - INFO - epoch-4, train_loss-3.4083, train_rmse-1.8462, valid_rmse-1.6143, valid_pr-0.4966
2025-06-06 16:19:30 - INFO - epoch-5, train_loss-3.2554, train_rmse-1.8043, valid_rmse-1.8345, valid_pr-0.4777
2025-06-06 16:19:38 - INFO - epoch-6, train_loss-3.2730, train_rmse-1.8091, valid_rmse-1.6758, valid_pr-0.4855
2025-06-06 16:19:45 - INFO - epoch-7, train_loss-3.1157, train_rmse-1.7651, valid_rmse-1.8268, valid_pr-0.5088
2025-06-06 16:19:53 - INFO - epoch-8, train_loss-3.0419, train_rmse-1.7441, valid_rmse-1.5772, valid_pr-0.5383
2025-06-06 16:20:01 - INFO - epoch-9, train_loss-2.9891, train_rmse-1.7289, valid_rmse-1.5998, valid_pr-0.5345
2025-06-06 16:20:09 - INFO - epoch-10, train_loss-2.9650, train_rmse-1.7219, valid_rmse-1.5625, valid_pr-0.5423
2025-06-06 16:20:17 - INFO - epoch-11, train_loss-2.8902, train_rmse-1.7001, valid_rmse-1.6057, valid_pr-0.5279
2025-06-06 16:20:24 - INFO - epoch-12, train_loss-2.9325, train_rmse-1.7124, valid_rmse-1.5437, valid_pr-0.5523
2025-06-06 16:20:32 - INFO - epoch-13, train_loss-2.8367, train_rmse-1.6843, valid_rmse-1.5414, valid_pr-0.5701
2025-06-06 16:20:40 - INFO - epoch-14, train_loss-2.8031, train_rmse-1.6742, valid_rmse-1.5398, valid_pr-0.5630
2025-06-06 16:20:48 - INFO - epoch-15, train_loss-2.8107, train_rmse-1.6765, valid_rmse-1.5240, valid_pr-0.5659
2025-06-06 16:20:56 - INFO - epoch-16, train_loss-2.7244, train_rmse-1.6506, valid_rmse-1.5238, valid_pr-0.5878
2025-06-06 16:21:04 - INFO - epoch-17, train_loss-2.7102, train_rmse-1.6463, valid_rmse-2.0110, valid_pr-0.2030
2025-06-06 16:21:11 - INFO - epoch-18, train_loss-2.7128, train_rmse-1.6471, valid_rmse-1.5507, valid_pr-0.5649
2025-06-06 16:21:19 - INFO - epoch-19, train_loss-2.6789, train_rmse-1.6367, valid_rmse-1.6065, valid_pr-0.5294
2025-06-06 16:21:27 - INFO - epoch-20, train_loss-2.6557, train_rmse-1.6296, valid_rmse-1.5676, valid_pr-0.5510
2025-06-06 16:21:35 - INFO - epoch-21, train_loss-2.6318, train_rmse-1.6223, valid_rmse-1.6572, valid_pr-0.4884
2025-06-06 16:21:43 - INFO - epoch-22, train_loss-2.5963, train_rmse-1.6113, valid_rmse-1.5089, valid_pr-0.5803
2025-06-06 16:21:50 - INFO - epoch-23, train_loss-2.5875, train_rmse-1.6086, valid_rmse-1.5064, valid_pr-0.5802
2025-06-06 16:21:58 - INFO - epoch-24, train_loss-2.5455, train_rmse-1.5955, valid_rmse-1.5008, valid_pr-0.5862
2025-06-06 16:22:06 - INFO - epoch-25, train_loss-2.5387, train_rmse-1.5933, valid_rmse-1.5460, valid_pr-0.5814
2025-06-06 16:22:14 - INFO - epoch-26, train_loss-2.5332, train_rmse-1.5916, valid_rmse-1.4722, valid_pr-0.6040
2025-06-06 16:22:22 - INFO - epoch-27, train_loss-2.4617, train_rmse-1.5690, valid_rmse-1.6439, valid_pr-0.5399
2025-06-06 16:22:29 - INFO - epoch-28, train_loss-2.4470, train_rmse-1.5643, valid_rmse-1.5688, valid_pr-0.5826
2025-06-06 16:22:37 - INFO - epoch-29, train_loss-2.3991, train_rmse-1.5489, valid_rmse-1.5057, valid_pr-0.5883
2025-06-06 16:22:45 - INFO - epoch-30, train_loss-2.3842, train_rmse-1.5441, valid_rmse-1.4462, valid_pr-0.6262
2025-06-06 16:22:53 - INFO - epoch-31, train_loss-2.3832, train_rmse-1.5437, valid_rmse-1.5042, valid_pr-0.6018
2025-06-06 16:23:01 - INFO - epoch-32, train_loss-2.3827, train_rmse-1.5436, valid_rmse-1.4585, valid_pr-0.6134
2025-06-06 16:23:09 - INFO - epoch-33, train_loss-2.3373, train_rmse-1.5288, valid_rmse-1.4690, valid_pr-0.6200
2025-06-06 16:23:17 - INFO - epoch-34, train_loss-2.3091, train_rmse-1.5196, valid_rmse-1.5252, valid_pr-0.6188
2025-06-06 16:23:25 - INFO - epoch-35, train_loss-2.2666, train_rmse-1.5055, valid_rmse-1.4786, valid_pr-0.6145
2025-06-06 16:23:32 - INFO - epoch-36, train_loss-2.2878, train_rmse-1.5126, valid_rmse-1.5367, valid_pr-0.5806
2025-06-06 16:23:40 - INFO - epoch-37, train_loss-2.2610, train_rmse-1.5036, valid_rmse-1.4243, valid_pr-0.6363
2025-06-06 16:23:48 - INFO - epoch-38, train_loss-2.2368, train_rmse-1.4956, valid_rmse-1.4733, valid_pr-0.6055
2025-06-06 16:23:56 - INFO - epoch-39, train_loss-2.1974, train_rmse-1.4824, valid_rmse-1.4255, valid_pr-0.6412
2025-06-06 16:24:04 - INFO - epoch-40, train_loss-2.1923, train_rmse-1.4806, valid_rmse-1.4328, valid_pr-0.6374
2025-06-06 16:24:12 - INFO - epoch-41, train_loss-2.1479, train_rmse-1.4656, valid_rmse-1.4161, valid_pr-0.6440
2025-06-06 16:24:19 - INFO - epoch-42, train_loss-2.1424, train_rmse-1.4637, valid_rmse-1.4725, valid_pr-0.6401
2025-06-06 16:24:27 - INFO - epoch-43, train_loss-2.1338, train_rmse-1.4607, valid_rmse-1.4283, valid_pr-0.6343
2025-06-06 16:24:35 - INFO - epoch-44, train_loss-2.0845, train_rmse-1.4438, valid_rmse-1.6131, valid_pr-0.6248
2025-06-06 16:24:43 - INFO - epoch-45, train_loss-2.1040, train_rmse-1.4505, valid_rmse-1.5718, valid_pr-0.6116
2025-06-06 16:24:51 - INFO - epoch-46, train_loss-2.0492, train_rmse-1.4315, valid_rmse-1.4589, valid_pr-0.6542
2025-06-06 16:24:59 - INFO - epoch-47, train_loss-2.0348, train_rmse-1.4265, valid_rmse-1.3947, valid_pr-0.6559
2025-06-06 16:25:07 - INFO - epoch-48, train_loss-1.9931, train_rmse-1.4118, valid_rmse-1.5111, valid_pr-0.6130
2025-06-06 16:25:14 - INFO - epoch-49, train_loss-1.9459, train_rmse-1.3950, valid_rmse-1.3631, valid_pr-0.6767
2025-06-06 16:25:22 - INFO - epoch-50, train_loss-1.8991, train_rmse-1.3781, valid_rmse-1.4195, valid_pr-0.6736
2025-06-06 16:25:30 - INFO - epoch-51, train_loss-1.9166, train_rmse-1.3844, valid_rmse-1.5482, valid_pr-0.6457
2025-06-06 16:25:38 - INFO - epoch-52, train_loss-1.9099, train_rmse-1.3820, valid_rmse-1.4906, valid_pr-0.6335
2025-06-06 16:25:46 - INFO - epoch-53, train_loss-1.8067, train_rmse-1.3441, valid_rmse-1.4681, valid_pr-0.6650
2025-06-06 16:25:54 - INFO - epoch-54, train_loss-1.7795, train_rmse-1.3340, valid_rmse-1.3650, valid_pr-0.6783
2025-06-06 16:26:01 - INFO - epoch-55, train_loss-1.7420, train_rmse-1.3199, valid_rmse-1.3362, valid_pr-0.6903
2025-06-06 16:26:09 - INFO - epoch-56, train_loss-1.7172, train_rmse-1.3104, valid_rmse-1.3729, valid_pr-0.6815
2025-06-06 16:26:17 - INFO - epoch-57, train_loss-1.6582, train_rmse-1.2877, valid_rmse-1.3358, valid_pr-0.6929
2025-06-06 16:26:25 - INFO - epoch-58, train_loss-1.6170, train_rmse-1.2716, valid_rmse-1.3813, valid_pr-0.6931
2025-06-06 16:26:33 - INFO - epoch-59, train_loss-1.6441, train_rmse-1.2822, valid_rmse-1.3348, valid_pr-0.6983
2025-06-06 16:26:41 - INFO - epoch-60, train_loss-1.5590, train_rmse-1.2486, valid_rmse-1.3322, valid_pr-0.7064
2025-06-06 16:26:48 - INFO - epoch-61, train_loss-1.4744, train_rmse-1.2142, valid_rmse-1.3196, valid_pr-0.7052
2025-06-06 16:26:56 - INFO - epoch-62, train_loss-1.4354, train_rmse-1.1981, valid_rmse-1.3041, valid_pr-0.7183
2025-06-06 16:27:04 - INFO - epoch-63, train_loss-1.3951, train_rmse-1.1812, valid_rmse-1.4142, valid_pr-0.7082
2025-06-06 16:27:12 - INFO - epoch-64, train_loss-1.3853, train_rmse-1.1770, valid_rmse-1.3301, valid_pr-0.7093
2025-06-06 16:27:20 - INFO - epoch-65, train_loss-1.3061, train_rmse-1.1428, valid_rmse-1.3361, valid_pr-0.7106
2025-06-06 16:27:28 - INFO - epoch-66, train_loss-1.2580, train_rmse-1.1216, valid_rmse-1.3809, valid_pr-0.6896
2025-06-06 16:27:35 - INFO - epoch-67, train_loss-1.1820, train_rmse-1.0872, valid_rmse-1.4136, valid_pr-0.6903
2025-06-06 16:27:43 - INFO - epoch-68, train_loss-1.1209, train_rmse-1.0587, valid_rmse-1.3477, valid_pr-0.6919
2025-06-06 16:27:51 - INFO - epoch-69, train_loss-1.0703, train_rmse-1.0345, valid_rmse-1.4953, valid_pr-0.6767
2025-06-06 16:27:59 - INFO - epoch-70, train_loss-1.0177, train_rmse-1.0088, valid_rmse-1.4470, valid_pr-0.7071
2025-06-06 16:28:07 - INFO - epoch-71, train_loss-1.0063, train_rmse-1.0031, valid_rmse-1.3855, valid_pr-0.6759
2025-06-06 16:28:15 - INFO - epoch-72, train_loss-0.9679, train_rmse-0.9838, valid_rmse-1.3864, valid_pr-0.7152
2025-06-06 16:28:23 - INFO - epoch-73, train_loss-0.8713, train_rmse-0.9334, valid_rmse-1.4184, valid_pr-0.6900
2025-06-06 16:28:30 - INFO - epoch-74, train_loss-0.8395, train_rmse-0.9163, valid_rmse-1.3012, valid_pr-0.7305
2025-06-06 16:28:38 - INFO - epoch-75, train_loss-0.8020, train_rmse-0.8955, valid_rmse-1.3956, valid_pr-0.7140
2025-06-06 16:28:46 - INFO - epoch-76, train_loss-0.7564, train_rmse-0.8697, valid_rmse-1.3170, valid_pr-0.7224
2025-06-06 16:28:54 - INFO - epoch-77, train_loss-0.7138, train_rmse-0.8449, valid_rmse-1.3328, valid_pr-0.7232
2025-06-06 16:29:02 - INFO - epoch-78, train_loss-0.6652, train_rmse-0.8156, valid_rmse-1.3475, valid_pr-0.7154
2025-06-06 16:29:09 - INFO - epoch-79, train_loss-0.6321, train_rmse-0.7951, valid_rmse-1.3336, valid_pr-0.6986
2025-06-06 16:29:17 - INFO - epoch-80, train_loss-0.6130, train_rmse-0.7829, valid_rmse-1.3326, valid_pr-0.7205
2025-06-06 16:29:25 - INFO - epoch-81, train_loss-0.5718, train_rmse-0.7561, valid_rmse-1.3360, valid_pr-0.7230
2025-06-06 16:29:33 - INFO - epoch-82, train_loss-0.5544, train_rmse-0.7446, valid_rmse-1.3294, valid_pr-0.7087
2025-06-06 16:29:41 - INFO - epoch-83, train_loss-0.5302, train_rmse-0.7282, valid_rmse-1.3739, valid_pr-0.7094
2025-06-06 16:29:49 - INFO - epoch-84, train_loss-0.5117, train_rmse-0.7154, valid_rmse-1.3106, valid_pr-0.7243
2025-06-06 16:29:56 - INFO - epoch-85, train_loss-0.4807, train_rmse-0.6933, valid_rmse-1.3372, valid_pr-0.7197
2025-06-06 16:30:04 - INFO - epoch-86, train_loss-0.4452, train_rmse-0.6672, valid_rmse-1.3662, valid_pr-0.7170
2025-06-06 16:30:12 - INFO - epoch-87, train_loss-0.4395, train_rmse-0.6630, valid_rmse-1.3674, valid_pr-0.7181
2025-06-06 16:30:20 - INFO - epoch-88, train_loss-0.4284, train_rmse-0.6545, valid_rmse-1.3594, valid_pr-0.7117
2025-06-06 16:30:28 - INFO - epoch-89, train_loss-0.4336, train_rmse-0.6585, valid_rmse-1.4150, valid_pr-0.7247
2025-06-06 16:30:36 - INFO - epoch-90, train_loss-0.4080, train_rmse-0.6388, valid_rmse-1.3165, valid_pr-0.7106
2025-06-06 16:30:44 - INFO - epoch-91, train_loss-0.4056, train_rmse-0.6369, valid_rmse-1.3285, valid_pr-0.7104
2025-06-06 16:30:52 - INFO - epoch-92, train_loss-0.3991, train_rmse-0.6318, valid_rmse-1.3351, valid_pr-0.7283
2025-06-06 16:31:00 - INFO - epoch-93, train_loss-0.3845, train_rmse-0.6201, valid_rmse-1.3648, valid_pr-0.7107
2025-06-06 16:31:08 - INFO - epoch-94, train_loss-0.3767, train_rmse-0.6138, valid_rmse-1.2990, valid_pr-0.7348
2025-06-06 16:31:15 - INFO - epoch-95, train_loss-0.3514, train_rmse-0.5928, valid_rmse-1.3449, valid_pr-0.7212
2025-06-06 16:31:23 - INFO - epoch-96, train_loss-0.3495, train_rmse-0.5911, valid_rmse-1.3311, valid_pr-0.7151
2025-06-06 16:31:31 - INFO - epoch-97, train_loss-0.3456, train_rmse-0.5879, valid_rmse-1.3261, valid_pr-0.7268
2025-06-06 16:31:39 - INFO - epoch-98, train_loss-0.3166, train_rmse-0.5627, valid_rmse-1.3408, valid_pr-0.7169
2025-06-06 16:31:47 - INFO - epoch-99, train_loss-0.3021, train_rmse-0.5496, valid_rmse-1.3076, valid_pr-0.7241
2025-06-06 16:31:55 - INFO - epoch-100, train_loss-0.3105, train_rmse-0.5573, valid_rmse-1.2869, valid_pr-0.7285
2025-06-06 16:32:02 - INFO - epoch-101, train_loss-0.2964, train_rmse-0.5444, valid_rmse-1.3025, valid_pr-0.7245
2025-06-06 16:32:10 - INFO - epoch-102, train_loss-0.3041, train_rmse-0.5515, valid_rmse-1.2811, valid_pr-0.7278
2025-06-06 16:32:18 - INFO - epoch-103, train_loss-0.2855, train_rmse-0.5343, valid_rmse-1.3041, valid_pr-0.7278
2025-06-06 16:32:26 - INFO - epoch-104, train_loss-0.2886, train_rmse-0.5372, valid_rmse-1.3093, valid_pr-0.7170
2025-06-06 16:32:34 - INFO - epoch-105, train_loss-0.2958, train_rmse-0.5438, valid_rmse-1.3658, valid_pr-0.7196
2025-06-06 16:32:42 - INFO - epoch-106, train_loss-0.2794, train_rmse-0.5285, valid_rmse-1.3048, valid_pr-0.7200
2025-06-06 16:32:49 - INFO - epoch-107, train_loss-0.2861, train_rmse-0.5349, valid_rmse-1.2738, valid_pr-0.7300
2025-06-06 16:32:57 - INFO - epoch-108, train_loss-0.2847, train_rmse-0.5336, valid_rmse-1.3230, valid_pr-0.7240
2025-06-06 16:33:05 - INFO - epoch-109, train_loss-0.2848, train_rmse-0.5336, valid_rmse-1.3102, valid_pr-0.7210
2025-06-06 16:33:13 - INFO - epoch-110, train_loss-0.2763, train_rmse-0.5257, valid_rmse-1.2905, valid_pr-0.7225
2025-06-06 16:33:21 - INFO - epoch-111, train_loss-0.2762, train_rmse-0.5256, valid_rmse-1.3043, valid_pr-0.7313
2025-06-06 16:33:29 - INFO - epoch-112, train_loss-0.2652, train_rmse-0.5150, valid_rmse-1.3188, valid_pr-0.7241
2025-06-06 16:33:36 - INFO - epoch-113, train_loss-0.2747, train_rmse-0.5241, valid_rmse-1.3131, valid_pr-0.7142
2025-06-06 16:33:44 - INFO - epoch-114, train_loss-0.2554, train_rmse-0.5054, valid_rmse-1.2995, valid_pr-0.7221
2025-06-06 16:33:52 - INFO - epoch-115, train_loss-0.2506, train_rmse-0.5006, valid_rmse-1.2948, valid_pr-0.7214
2025-06-06 16:34:00 - INFO - epoch-116, train_loss-0.2624, train_rmse-0.5122, valid_rmse-1.3314, valid_pr-0.7192
2025-06-06 16:34:08 - INFO - epoch-117, train_loss-0.2708, train_rmse-0.5203, valid_rmse-1.3040, valid_pr-0.7166
2025-06-06 16:34:15 - INFO - epoch-118, train_loss-0.2710, train_rmse-0.5206, valid_rmse-1.3218, valid_pr-0.7237
2025-06-06 16:34:23 - INFO - epoch-119, train_loss-0.2707, train_rmse-0.5203, valid_rmse-1.2593, valid_pr-0.7363
2025-06-06 16:34:31 - INFO - epoch-120, train_loss-0.2602, train_rmse-0.5101, valid_rmse-1.2999, valid_pr-0.7152
2025-06-06 16:34:39 - INFO - epoch-121, train_loss-0.2416, train_rmse-0.4915, valid_rmse-1.2970, valid_pr-0.7230
2025-06-06 16:34:47 - INFO - epoch-122, train_loss-0.2472, train_rmse-0.4972, valid_rmse-1.2835, valid_pr-0.7231
2025-06-06 16:34:55 - INFO - epoch-123, train_loss-0.2339, train_rmse-0.4836, valid_rmse-1.3066, valid_pr-0.7085
2025-06-06 16:35:02 - INFO - epoch-124, train_loss-0.2375, train_rmse-0.4874, valid_rmse-1.2744, valid_pr-0.7260
2025-06-06 16:35:11 - INFO - epoch-125, train_loss-0.2299, train_rmse-0.4795, valid_rmse-1.2842, valid_pr-0.7243
2025-06-06 16:35:18 - INFO - epoch-126, train_loss-0.2132, train_rmse-0.4617, valid_rmse-1.2713, valid_pr-0.7339
2025-06-06 16:35:26 - INFO - epoch-127, train_loss-0.2164, train_rmse-0.4651, valid_rmse-1.3006, valid_pr-0.7202
2025-06-06 16:35:34 - INFO - epoch-128, train_loss-0.2225, train_rmse-0.4717, valid_rmse-1.2765, valid_pr-0.7290
2025-06-06 16:35:42 - INFO - epoch-129, train_loss-0.2176, train_rmse-0.4665, valid_rmse-1.2828, valid_pr-0.7264
2025-06-06 16:35:50 - INFO - epoch-130, train_loss-0.2218, train_rmse-0.4710, valid_rmse-1.2821, valid_pr-0.7354
2025-06-06 16:35:58 - INFO - epoch-131, train_loss-0.2218, train_rmse-0.4709, valid_rmse-1.2712, valid_pr-0.7300
2025-06-06 16:36:05 - INFO - epoch-132, train_loss-0.2093, train_rmse-0.4575, valid_rmse-1.2814, valid_pr-0.7361
2025-06-06 16:36:13 - INFO - epoch-133, train_loss-0.2094, train_rmse-0.4576, valid_rmse-1.2795, valid_pr-0.7289
2025-06-06 16:36:21 - INFO - epoch-134, train_loss-0.2206, train_rmse-0.4697, valid_rmse-1.2694, valid_pr-0.7294
2025-06-06 16:36:29 - INFO - epoch-135, train_loss-0.2244, train_rmse-0.4737, valid_rmse-1.2551, valid_pr-0.7405
2025-06-06 16:36:37 - INFO - epoch-136, train_loss-0.2092, train_rmse-0.4573, valid_rmse-1.2682, valid_pr-0.7305
2025-06-06 16:36:45 - INFO - epoch-137, train_loss-0.2088, train_rmse-0.4570, valid_rmse-1.3152, valid_pr-0.7345
2025-06-06 16:36:52 - INFO - epoch-138, train_loss-0.2135, train_rmse-0.4621, valid_rmse-1.2609, valid_pr-0.7350
2025-06-06 16:37:00 - INFO - epoch-139, train_loss-0.2195, train_rmse-0.4685, valid_rmse-1.2696, valid_pr-0.7350
2025-06-06 16:37:08 - INFO - epoch-140, train_loss-0.2022, train_rmse-0.4496, valid_rmse-1.2813, valid_pr-0.7379
2025-06-06 16:37:16 - INFO - epoch-141, train_loss-0.1991, train_rmse-0.4462, valid_rmse-1.2716, valid_pr-0.7349
2025-06-06 16:37:24 - INFO - epoch-142, train_loss-0.2020, train_rmse-0.4495, valid_rmse-1.2836, valid_pr-0.7318
2025-06-06 16:37:32 - INFO - epoch-143, train_loss-0.2061, train_rmse-0.4540, valid_rmse-1.2640, valid_pr-0.7432
2025-06-06 16:37:40 - INFO - epoch-144, train_loss-0.1966, train_rmse-0.4434, valid_rmse-1.2802, valid_pr-0.7291
2025-06-06 16:37:47 - INFO - epoch-145, train_loss-0.1937, train_rmse-0.4401, valid_rmse-1.2667, valid_pr-0.7294
2025-06-06 16:37:55 - INFO - epoch-146, train_loss-0.1931, train_rmse-0.4394, valid_rmse-1.2583, valid_pr-0.7364
2025-06-06 16:38:03 - INFO - epoch-147, train_loss-0.1852, train_rmse-0.4303, valid_rmse-1.3047, valid_pr-0.7347
2025-06-06 16:38:11 - INFO - epoch-148, train_loss-0.1991, train_rmse-0.4462, valid_rmse-1.2678, valid_pr-0.7338
2025-06-06 16:38:19 - INFO - epoch-149, train_loss-0.1980, train_rmse-0.4450, valid_rmse-1.2593, valid_pr-0.7350
2025-06-06 16:38:27 - INFO - epoch-150, train_loss-0.2109, train_rmse-0.4592, valid_rmse-1.2814, valid_pr-0.7264
2025-06-06 16:38:35 - INFO - epoch-151, train_loss-0.2002, train_rmse-0.4475, valid_rmse-1.2943, valid_pr-0.7254
2025-06-06 16:38:43 - INFO - epoch-152, train_loss-0.1952, train_rmse-0.4418, valid_rmse-1.2723, valid_pr-0.7433
2025-06-06 16:38:50 - INFO - epoch-153, train_loss-0.1812, train_rmse-0.4256, valid_rmse-1.2544, valid_pr-0.7392
2025-06-06 16:38:58 - INFO - epoch-154, train_loss-0.1717, train_rmse-0.4144, valid_rmse-1.2550, valid_pr-0.7371
2025-06-06 16:39:06 - INFO - epoch-155, train_loss-0.1743, train_rmse-0.4175, valid_rmse-1.2707, valid_pr-0.7380
2025-06-06 16:39:14 - INFO - epoch-156, train_loss-0.1800, train_rmse-0.4243, valid_rmse-1.2641, valid_pr-0.7296
2025-06-06 16:39:22 - INFO - epoch-157, train_loss-0.1775, train_rmse-0.4213, valid_rmse-1.2766, valid_pr-0.7362
2025-06-06 16:39:30 - INFO - epoch-158, train_loss-0.1729, train_rmse-0.4158, valid_rmse-1.2642, valid_pr-0.7364
2025-06-06 16:39:38 - INFO - epoch-159, train_loss-0.1847, train_rmse-0.4297, valid_rmse-1.2867, valid_pr-0.7254
2025-06-06 16:39:46 - INFO - epoch-160, train_loss-0.1785, train_rmse-0.4225, valid_rmse-1.2980, valid_pr-0.7322
2025-06-06 16:39:54 - INFO - epoch-161, train_loss-0.1818, train_rmse-0.4264, valid_rmse-1.2899, valid_pr-0.7400
2025-06-06 16:40:01 - INFO - epoch-162, train_loss-0.1743, train_rmse-0.4175, valid_rmse-1.2523, valid_pr-0.7368
2025-06-06 16:40:09 - INFO - epoch-163, train_loss-0.1819, train_rmse-0.4265, valid_rmse-1.2896, valid_pr-0.7282
2025-06-06 16:40:17 - INFO - epoch-164, train_loss-0.1826, train_rmse-0.4273, valid_rmse-1.2824, valid_pr-0.7450
2025-06-06 16:40:25 - INFO - epoch-165, train_loss-0.1769, train_rmse-0.4206, valid_rmse-1.2661, valid_pr-0.7373
2025-06-06 16:40:33 - INFO - epoch-166, train_loss-0.1795, train_rmse-0.4237, valid_rmse-1.3125, valid_pr-0.7332
2025-06-06 16:40:41 - INFO - epoch-167, train_loss-0.1842, train_rmse-0.4292, valid_rmse-1.2978, valid_pr-0.7244
2025-06-06 16:40:49 - INFO - epoch-168, train_loss-0.1658, train_rmse-0.4072, valid_rmse-1.2679, valid_pr-0.7319
2025-06-06 16:40:56 - INFO - epoch-169, train_loss-0.1652, train_rmse-0.4065, valid_rmse-1.2652, valid_pr-0.7393
2025-06-06 16:41:04 - INFO - epoch-170, train_loss-0.1688, train_rmse-0.4108, valid_rmse-1.3067, valid_pr-0.7305
2025-06-06 16:41:12 - INFO - epoch-171, train_loss-0.1659, train_rmse-0.4073, valid_rmse-1.2569, valid_pr-0.7471
2025-06-06 16:41:20 - INFO - epoch-172, train_loss-0.1695, train_rmse-0.4117, valid_rmse-1.2597, valid_pr-0.7371
2025-06-06 16:41:28 - INFO - epoch-173, train_loss-0.1711, train_rmse-0.4137, valid_rmse-1.2851, valid_pr-0.7346
2025-06-06 16:41:36 - INFO - epoch-174, train_loss-0.1720, train_rmse-0.4147, valid_rmse-1.2878, valid_pr-0.7383
2025-06-06 16:41:44 - INFO - epoch-175, train_loss-0.1554, train_rmse-0.3942, valid_rmse-1.2508, valid_pr-0.7404
2025-06-06 16:41:52 - INFO - epoch-176, train_loss-0.1758, train_rmse-0.4193, valid_rmse-1.2587, valid_pr-0.7357
2025-06-06 16:42:00 - INFO - epoch-177, train_loss-0.1702, train_rmse-0.4126, valid_rmse-1.2731, valid_pr-0.7406
2025-06-06 16:42:07 - INFO - epoch-178, train_loss-0.1691, train_rmse-0.4113, valid_rmse-1.2793, valid_pr-0.7376
2025-06-06 16:42:15 - INFO - epoch-179, train_loss-0.1535, train_rmse-0.3918, valid_rmse-1.2624, valid_pr-0.7328
2025-06-06 16:42:23 - INFO - epoch-180, train_loss-0.1606, train_rmse-0.4007, valid_rmse-1.2969, valid_pr-0.7302
2025-06-06 16:42:31 - INFO - epoch-181, train_loss-0.1519, train_rmse-0.3898, valid_rmse-1.2439, valid_pr-0.7478
2025-06-06 16:42:39 - INFO - epoch-182, train_loss-0.1349, train_rmse-0.3673, valid_rmse-1.2637, valid_pr-0.7405
2025-06-06 16:42:46 - INFO - epoch-183, train_loss-0.1403, train_rmse-0.3745, valid_rmse-1.2388, valid_pr-0.7448
2025-06-06 16:42:54 - INFO - epoch-184, train_loss-0.1455, train_rmse-0.3814, valid_rmse-1.2784, valid_pr-0.7348
2025-06-06 16:43:02 - INFO - epoch-185, train_loss-0.1535, train_rmse-0.3917, valid_rmse-1.2501, valid_pr-0.7398
2025-06-06 16:43:10 - INFO - epoch-186, train_loss-0.1562, train_rmse-0.3952, valid_rmse-1.2659, valid_pr-0.7377
2025-06-06 16:43:17 - INFO - epoch-187, train_loss-0.1548, train_rmse-0.3934, valid_rmse-1.2534, valid_pr-0.7346
2025-06-06 16:43:25 - INFO - epoch-188, train_loss-0.1608, train_rmse-0.4010, valid_rmse-1.2692, valid_pr-0.7362
2025-06-06 16:43:33 - INFO - epoch-189, train_loss-0.1442, train_rmse-0.3797, valid_rmse-1.2928, valid_pr-0.7431
2025-06-06 16:43:41 - INFO - epoch-190, train_loss-0.1396, train_rmse-0.3736, valid_rmse-1.2534, valid_pr-0.7396
2025-06-06 16:43:49 - INFO - epoch-191, train_loss-0.1487, train_rmse-0.3856, valid_rmse-1.2815, valid_pr-0.7390
2025-06-06 16:43:57 - INFO - epoch-192, train_loss-0.1527, train_rmse-0.3907, valid_rmse-1.2575, valid_pr-0.7365
2025-06-06 16:44:05 - INFO - epoch-193, train_loss-0.1509, train_rmse-0.3885, valid_rmse-1.2396, valid_pr-0.7432
2025-06-06 16:44:12 - INFO - epoch-194, train_loss-0.1442, train_rmse-0.3797, valid_rmse-1.2735, valid_pr-0.7338
2025-06-06 16:44:20 - INFO - epoch-195, train_loss-0.1475, train_rmse-0.3840, valid_rmse-1.2442, valid_pr-0.7445
2025-06-06 16:44:28 - INFO - epoch-196, train_loss-0.1538, train_rmse-0.3922, valid_rmse-1.2942, valid_pr-0.7338
2025-06-06 16:44:36 - INFO - epoch-197, train_loss-0.1484, train_rmse-0.3853, valid_rmse-1.2462, valid_pr-0.7379
2025-06-06 16:44:44 - INFO - epoch-198, train_loss-0.1405, train_rmse-0.3748, valid_rmse-1.2501, valid_pr-0.7412
2025-06-06 16:44:52 - INFO - epoch-199, train_loss-0.1355, train_rmse-0.3681, valid_rmse-1.2352, valid_pr-0.7467
2025-06-06 16:45:02 - INFO - epoch-200, train_loss-0.1434, train_rmse-0.3787, valid_rmse-1.2640, valid_pr-0.7406
2025-06-06 16:45:12 - INFO - epoch-201, train_loss-0.1323, train_rmse-0.3638, valid_rmse-1.2474, valid_pr-0.7433
2025-06-06 16:45:20 - INFO - epoch-202, train_loss-0.1578, train_rmse-0.3972, valid_rmse-1.2520, valid_pr-0.7397
2025-06-06 16:45:28 - INFO - epoch-203, train_loss-0.1443, train_rmse-0.3798, valid_rmse-1.2422, valid_pr-0.7406
2025-06-06 16:45:36 - INFO - epoch-204, train_loss-0.1345, train_rmse-0.3668, valid_rmse-1.2468, valid_pr-0.7448
2025-06-06 16:45:44 - INFO - epoch-205, train_loss-0.1475, train_rmse-0.3840, valid_rmse-1.2458, valid_pr-0.7454
2025-06-06 16:45:52 - INFO - epoch-206, train_loss-0.1404, train_rmse-0.3746, valid_rmse-1.2567, valid_pr-0.7407
2025-06-06 16:46:00 - INFO - epoch-207, train_loss-0.1343, train_rmse-0.3665, valid_rmse-1.2356, valid_pr-0.7442
2025-06-06 16:46:08 - INFO - epoch-208, train_loss-0.1380, train_rmse-0.3715, valid_rmse-1.2584, valid_pr-0.7427
2025-06-06 16:46:16 - INFO - epoch-209, train_loss-0.1474, train_rmse-0.3840, valid_rmse-1.2296, valid_pr-0.7480
2025-06-06 16:46:24 - INFO - epoch-210, train_loss-0.1370, train_rmse-0.3702, valid_rmse-1.2830, valid_pr-0.7358
2025-06-06 16:46:32 - INFO - epoch-211, train_loss-0.1281, train_rmse-0.3579, valid_rmse-1.2522, valid_pr-0.7377
2025-06-06 16:46:40 - INFO - epoch-212, train_loss-0.1330, train_rmse-0.3646, valid_rmse-1.2356, valid_pr-0.7445
2025-06-06 16:46:48 - INFO - epoch-213, train_loss-0.1348, train_rmse-0.3671, valid_rmse-1.2416, valid_pr-0.7434
2025-06-06 16:46:56 - INFO - epoch-214, train_loss-0.1294, train_rmse-0.3598, valid_rmse-1.2526, valid_pr-0.7475
2025-06-06 16:47:04 - INFO - epoch-215, train_loss-0.1360, train_rmse-0.3688, valid_rmse-1.2381, valid_pr-0.7438
2025-06-06 16:47:12 - INFO - epoch-216, train_loss-0.1357, train_rmse-0.3684, valid_rmse-1.2766, valid_pr-0.7369
2025-06-06 16:47:20 - INFO - epoch-217, train_loss-0.1264, train_rmse-0.3556, valid_rmse-1.2462, valid_pr-0.7401
2025-06-06 16:47:28 - INFO - epoch-218, train_loss-0.1298, train_rmse-0.3602, valid_rmse-1.2446, valid_pr-0.7465
2025-06-06 16:47:36 - INFO - epoch-219, train_loss-0.1248, train_rmse-0.3533, valid_rmse-1.2515, valid_pr-0.7376
2025-06-06 16:47:44 - INFO - epoch-220, train_loss-0.1295, train_rmse-0.3598, valid_rmse-1.2496, valid_pr-0.7382
2025-06-06 16:47:52 - INFO - epoch-221, train_loss-0.1195, train_rmse-0.3457, valid_rmse-1.2651, valid_pr-0.7301
2025-06-06 16:48:00 - INFO - epoch-222, train_loss-0.1155, train_rmse-0.3398, valid_rmse-1.2351, valid_pr-0.7441
2025-06-06 16:48:08 - INFO - epoch-223, train_loss-0.1128, train_rmse-0.3358, valid_rmse-1.2718, valid_pr-0.7309
2025-06-06 16:48:16 - INFO - epoch-224, train_loss-0.1331, train_rmse-0.3648, valid_rmse-1.2687, valid_pr-0.7334
2025-06-06 16:48:24 - INFO - epoch-225, train_loss-0.1279, train_rmse-0.3576, valid_rmse-1.2738, valid_pr-0.7289
2025-06-06 16:48:32 - INFO - epoch-226, train_loss-0.1344, train_rmse-0.3665, valid_rmse-1.2349, valid_pr-0.7450
2025-06-06 16:48:41 - INFO - epoch-227, train_loss-0.1267, train_rmse-0.3560, valid_rmse-1.2533, valid_pr-0.7350
2025-06-06 16:48:49 - INFO - epoch-228, train_loss-0.1210, train_rmse-0.3478, valid_rmse-1.2705, valid_pr-0.7384
2025-06-06 16:48:57 - INFO - epoch-229, train_loss-0.1184, train_rmse-0.3440, valid_rmse-1.2658, valid_pr-0.7344
2025-06-06 16:49:05 - INFO - epoch-230, train_loss-0.1172, train_rmse-0.3424, valid_rmse-1.2443, valid_pr-0.7435
2025-06-06 16:49:13 - INFO - epoch-231, train_loss-0.1243, train_rmse-0.3525, valid_rmse-1.2135, valid_pr-0.7546
2025-06-06 16:49:21 - INFO - epoch-232, train_loss-0.1229, train_rmse-0.3506, valid_rmse-1.2466, valid_pr-0.7429
2025-06-06 16:49:29 - INFO - epoch-233, train_loss-0.1200, train_rmse-0.3464, valid_rmse-1.2916, valid_pr-0.7321
2025-06-06 16:49:37 - INFO - epoch-234, train_loss-0.1167, train_rmse-0.3417, valid_rmse-1.2585, valid_pr-0.7391
2025-06-06 16:49:45 - INFO - epoch-235, train_loss-0.1117, train_rmse-0.3342, valid_rmse-1.2533, valid_pr-0.7410
2025-06-06 16:49:53 - INFO - epoch-236, train_loss-0.1169, train_rmse-0.3419, valid_rmse-1.2350, valid_pr-0.7443
2025-06-06 16:50:01 - INFO - epoch-237, train_loss-0.1037, train_rmse-0.3220, valid_rmse-1.2299, valid_pr-0.7498
2025-06-06 16:50:09 - INFO - epoch-238, train_loss-0.1134, train_rmse-0.3368, valid_rmse-1.2355, valid_pr-0.7454
2025-06-06 16:50:17 - INFO - epoch-239, train_loss-0.1184, train_rmse-0.3440, valid_rmse-1.2455, valid_pr-0.7389
2025-06-06 16:50:25 - INFO - epoch-240, train_loss-0.1220, train_rmse-0.3492, valid_rmse-1.2548, valid_pr-0.7401
2025-06-06 16:50:33 - INFO - epoch-241, train_loss-0.1184, train_rmse-0.3441, valid_rmse-1.2411, valid_pr-0.7464
2025-06-06 16:50:40 - INFO - epoch-242, train_loss-0.1190, train_rmse-0.3450, valid_rmse-1.2465, valid_pr-0.7427
2025-06-06 16:50:48 - INFO - epoch-243, train_loss-0.1194, train_rmse-0.3456, valid_rmse-1.2582, valid_pr-0.7393
2025-06-06 16:50:56 - INFO - epoch-244, train_loss-0.1252, train_rmse-0.3539, valid_rmse-1.2582, valid_pr-0.7428
2025-06-06 16:51:04 - INFO - epoch-245, train_loss-0.1175, train_rmse-0.3428, valid_rmse-1.2340, valid_pr-0.7440
2025-06-06 16:51:12 - INFO - epoch-246, train_loss-0.1150, train_rmse-0.3391, valid_rmse-1.2394, valid_pr-0.7423
2025-06-06 16:51:20 - INFO - epoch-247, train_loss-0.1177, train_rmse-0.3431, valid_rmse-1.2918, valid_pr-0.7355
2025-06-06 16:51:28 - INFO - epoch-248, train_loss-0.1150, train_rmse-0.3391, valid_rmse-1.2629, valid_pr-0.7380
2025-06-06 16:51:35 - INFO - epoch-249, train_loss-0.1159, train_rmse-0.3405, valid_rmse-1.2519, valid_pr-0.7473
2025-06-06 16:51:43 - INFO - epoch-250, train_loss-0.1107, train_rmse-0.3328, valid_rmse-1.2239, valid_pr-0.7515
2025-06-06 16:51:51 - INFO - epoch-251, train_loss-0.1099, train_rmse-0.3315, valid_rmse-1.2383, valid_pr-0.7491
2025-06-06 16:51:59 - INFO - epoch-252, train_loss-0.1181, train_rmse-0.3437, valid_rmse-1.2252, valid_pr-0.7493
2025-06-06 16:52:07 - INFO - epoch-253, train_loss-0.1039, train_rmse-0.3224, valid_rmse-1.2373, valid_pr-0.7472
2025-06-06 16:52:15 - INFO - epoch-254, train_loss-0.1128, train_rmse-0.3359, valid_rmse-1.2507, valid_pr-0.7412
2025-06-06 16:52:22 - INFO - epoch-255, train_loss-0.1232, train_rmse-0.3509, valid_rmse-1.2515, valid_pr-0.7377
2025-06-06 16:52:30 - INFO - epoch-256, train_loss-0.1131, train_rmse-0.3363, valid_rmse-1.2280, valid_pr-0.7471
2025-06-06 16:52:38 - INFO - epoch-257, train_loss-0.1105, train_rmse-0.3324, valid_rmse-1.2165, valid_pr-0.7536
2025-06-06 16:52:46 - INFO - epoch-258, train_loss-0.1076, train_rmse-0.3281, valid_rmse-1.2815, valid_pr-0.7431
2025-06-06 16:52:54 - INFO - epoch-259, train_loss-0.1110, train_rmse-0.3332, valid_rmse-1.2485, valid_pr-0.7434
2025-06-06 16:53:02 - INFO - epoch-260, train_loss-0.1105, train_rmse-0.3324, valid_rmse-1.2649, valid_pr-0.7421
2025-06-06 16:53:10 - INFO - epoch-261, train_loss-0.1057, train_rmse-0.3252, valid_rmse-1.2447, valid_pr-0.7459
2025-06-06 16:53:18 - INFO - epoch-262, train_loss-0.1160, train_rmse-0.3406, valid_rmse-1.2484, valid_pr-0.7430
2025-06-06 16:53:26 - INFO - epoch-263, train_loss-0.1077, train_rmse-0.3282, valid_rmse-1.2396, valid_pr-0.7486
2025-06-06 16:53:34 - INFO - epoch-264, train_loss-0.1033, train_rmse-0.3214, valid_rmse-1.2393, valid_pr-0.7438
2025-06-06 16:53:41 - INFO - epoch-265, train_loss-0.1034, train_rmse-0.3215, valid_rmse-1.2425, valid_pr-0.7403
2025-06-06 16:53:49 - INFO - epoch-266, train_loss-0.1130, train_rmse-0.3362, valid_rmse-1.2578, valid_pr-0.7471
2025-06-06 16:53:57 - INFO - epoch-267, train_loss-0.1172, train_rmse-0.3423, valid_rmse-1.2548, valid_pr-0.7455
2025-06-06 16:54:05 - INFO - epoch-268, train_loss-0.1108, train_rmse-0.3329, valid_rmse-1.2338, valid_pr-0.7460
2025-06-06 16:54:13 - INFO - epoch-269, train_loss-0.1090, train_rmse-0.3301, valid_rmse-1.2350, valid_pr-0.7461
2025-06-06 16:54:21 - INFO - epoch-270, train_loss-0.1115, train_rmse-0.3339, valid_rmse-1.2534, valid_pr-0.7370
2025-06-06 16:54:29 - INFO - epoch-271, train_loss-0.1030, train_rmse-0.3209, valid_rmse-1.2315, valid_pr-0.7478
2025-06-06 16:54:37 - INFO - epoch-272, train_loss-0.1036, train_rmse-0.3218, valid_rmse-1.2300, valid_pr-0.7464
2025-06-06 16:54:45 - INFO - epoch-273, train_loss-0.1055, train_rmse-0.3247, valid_rmse-1.2206, valid_pr-0.7504
2025-06-06 16:54:53 - INFO - epoch-274, train_loss-0.1052, train_rmse-0.3243, valid_rmse-1.2339, valid_pr-0.7465
2025-06-06 16:55:01 - INFO - epoch-275, train_loss-0.1048, train_rmse-0.3237, valid_rmse-1.2473, valid_pr-0.7406
2025-06-06 16:55:10 - INFO - epoch-276, train_loss-0.0985, train_rmse-0.3139, valid_rmse-1.2348, valid_pr-0.7476
2025-06-06 16:55:18 - INFO - epoch-277, train_loss-0.1017, train_rmse-0.3189, valid_rmse-1.2480, valid_pr-0.7479
2025-06-06 16:55:26 - INFO - epoch-278, train_loss-0.0998, train_rmse-0.3159, valid_rmse-1.2678, valid_pr-0.7330
2025-06-06 16:55:40 - INFO - epoch-279, train_loss-0.0983, train_rmse-0.3136, valid_rmse-1.2450, valid_pr-0.7385
2025-06-06 16:55:48 - INFO - epoch-280, train_loss-0.1042, train_rmse-0.3228, valid_rmse-1.2404, valid_pr-0.7439
2025-06-06 16:55:57 - INFO - epoch-281, train_loss-0.1035, train_rmse-0.3218, valid_rmse-1.2411, valid_pr-0.7462
2025-06-06 16:56:05 - INFO - epoch-282, train_loss-0.0937, train_rmse-0.3060, valid_rmse-1.2432, valid_pr-0.7419
2025-06-06 16:56:13 - INFO - epoch-283, train_loss-0.0938, train_rmse-0.3062, valid_rmse-1.2205, valid_pr-0.7505
2025-06-06 16:56:22 - INFO - epoch-284, train_loss-0.0930, train_rmse-0.3049, valid_rmse-1.2438, valid_pr-0.7428
2025-06-06 16:56:30 - INFO - epoch-285, train_loss-0.0972, train_rmse-0.3118, valid_rmse-1.2494, valid_pr-0.7407
2025-06-06 16:56:38 - INFO - epoch-286, train_loss-0.1089, train_rmse-0.3301, valid_rmse-1.2601, valid_pr-0.7416
2025-06-06 16:56:47 - INFO - epoch-287, train_loss-0.1202, train_rmse-0.3467, valid_rmse-1.2480, valid_pr-0.7383
2025-06-06 16:56:55 - INFO - epoch-288, train_loss-0.1009, train_rmse-0.3177, valid_rmse-1.2300, valid_pr-0.7468
2025-06-06 16:57:04 - INFO - epoch-289, train_loss-0.0912, train_rmse-0.3020, valid_rmse-1.2565, valid_pr-0.7449
2025-06-06 16:57:12 - INFO - epoch-290, train_loss-0.0985, train_rmse-0.3139, valid_rmse-1.2314, valid_pr-0.7462
2025-06-06 16:57:20 - INFO - epoch-291, train_loss-0.1057, train_rmse-0.3251, valid_rmse-1.2578, valid_pr-0.7364
2025-06-06 16:57:29 - INFO - epoch-292, train_loss-0.1094, train_rmse-0.3308, valid_rmse-1.2660, valid_pr-0.7307
2025-06-06 16:57:37 - INFO - epoch-293, train_loss-0.1008, train_rmse-0.3175, valid_rmse-1.2588, valid_pr-0.7332
2025-06-06 16:57:45 - INFO - epoch-294, train_loss-0.0991, train_rmse-0.3148, valid_rmse-1.2545, valid_pr-0.7342
2025-06-06 16:57:53 - INFO - epoch-295, train_loss-0.0984, train_rmse-0.3138, valid_rmse-1.2548, valid_pr-0.7372
2025-06-06 16:58:02 - INFO - epoch-296, train_loss-0.0974, train_rmse-0.3121, valid_rmse-1.2620, valid_pr-0.7411
2025-06-06 16:58:10 - INFO - epoch-297, train_loss-0.1030, train_rmse-0.3210, valid_rmse-1.2411, valid_pr-0.7410
2025-06-06 16:58:18 - INFO - epoch-298, train_loss-0.0943, train_rmse-0.3072, valid_rmse-1.2611, valid_pr-0.7329
2025-06-06 16:58:26 - INFO - epoch-299, train_loss-0.0994, train_rmse-0.3153, valid_rmse-1.2391, valid_pr-0.7432
2025-06-06 16:58:35 - INFO - epoch-300, train_loss-0.1083, train_rmse-0.3291, valid_rmse-1.2432, valid_pr-0.7406
2025-06-06 16:58:43 - INFO - epoch-301, train_loss-0.0951, train_rmse-0.3083, valid_rmse-1.2483, valid_pr-0.7425
2025-06-06 16:58:51 - INFO - epoch-302, train_loss-0.0959, train_rmse-0.3096, valid_rmse-1.2412, valid_pr-0.7443
2025-06-06 16:59:00 - INFO - epoch-303, train_loss-0.0828, train_rmse-0.2878, valid_rmse-1.2500, valid_pr-0.7364
2025-06-06 16:59:08 - INFO - epoch-304, train_loss-0.0936, train_rmse-0.3059, valid_rmse-1.2502, valid_pr-0.7360
2025-06-06 16:59:16 - INFO - epoch-305, train_loss-0.0937, train_rmse-0.3061, valid_rmse-1.2449, valid_pr-0.7410
2025-06-06 16:59:25 - INFO - epoch-306, train_loss-0.0983, train_rmse-0.3136, valid_rmse-1.2542, valid_pr-0.7379
2025-06-06 16:59:33 - INFO - epoch-307, train_loss-0.0970, train_rmse-0.3115, valid_rmse-1.2515, valid_pr-0.7362
2025-06-06 16:59:41 - INFO - epoch-308, train_loss-0.0869, train_rmse-0.2949, valid_rmse-1.2370, valid_pr-0.7449
2025-06-06 16:59:49 - INFO - epoch-309, train_loss-0.0980, train_rmse-0.3131, valid_rmse-1.2654, valid_pr-0.7401
2025-06-06 16:59:57 - INFO - epoch-310, train_loss-0.0935, train_rmse-0.3058, valid_rmse-1.2397, valid_pr-0.7436
2025-06-06 17:00:05 - INFO - epoch-311, train_loss-0.0912, train_rmse-0.3020, valid_rmse-1.2405, valid_pr-0.7461
2025-06-06 17:00:13 - INFO - epoch-312, train_loss-0.1135, train_rmse-0.3369, valid_rmse-1.2902, valid_pr-0.7343
2025-06-06 17:00:21 - INFO - epoch-313, train_loss-0.1011, train_rmse-0.3180, valid_rmse-1.2471, valid_pr-0.7408
2025-06-06 17:00:29 - INFO - epoch-314, train_loss-0.0923, train_rmse-0.3038, valid_rmse-1.2487, valid_pr-0.7411
2025-06-06 17:00:37 - INFO - epoch-315, train_loss-0.0863, train_rmse-0.2937, valid_rmse-1.2398, valid_pr-0.7460
2025-06-06 17:00:45 - INFO - epoch-316, train_loss-0.0999, train_rmse-0.3161, valid_rmse-1.2703, valid_pr-0.7385
2025-06-06 17:00:53 - INFO - epoch-317, train_loss-0.0959, train_rmse-0.3096, valid_rmse-1.2375, valid_pr-0.7446
2025-06-06 17:01:01 - INFO - epoch-318, train_loss-0.0952, train_rmse-0.3086, valid_rmse-1.2413, valid_pr-0.7416
2025-06-06 17:01:09 - INFO - epoch-319, train_loss-0.0876, train_rmse-0.2960, valid_rmse-1.2408, valid_pr-0.7473
2025-06-06 17:01:18 - INFO - epoch-320, train_loss-0.0934, train_rmse-0.3056, valid_rmse-1.2522, valid_pr-0.7406
2025-06-06 17:01:26 - INFO - epoch-321, train_loss-0.0958, train_rmse-0.3094, valid_rmse-1.2587, valid_pr-0.7383
2025-06-06 17:01:34 - INFO - epoch-322, train_loss-0.0950, train_rmse-0.3082, valid_rmse-1.2222, valid_pr-0.7497
2025-06-06 17:01:42 - INFO - epoch-323, train_loss-0.0869, train_rmse-0.2947, valid_rmse-1.2539, valid_pr-0.7423
2025-06-06 17:01:50 - INFO - epoch-324, train_loss-0.1012, train_rmse-0.3181, valid_rmse-1.2560, valid_pr-0.7491
2025-06-06 17:01:58 - INFO - epoch-325, train_loss-0.0971, train_rmse-0.3117, valid_rmse-1.2469, valid_pr-0.7437
2025-06-06 17:02:06 - INFO - epoch-326, train_loss-0.1067, train_rmse-0.3267, valid_rmse-1.2498, valid_pr-0.7439
2025-06-06 17:02:14 - INFO - epoch-327, train_loss-0.0956, train_rmse-0.3093, valid_rmse-1.2437, valid_pr-0.7428
2025-06-06 17:02:22 - INFO - epoch-328, train_loss-0.0906, train_rmse-0.3009, valid_rmse-1.2516, valid_pr-0.7425
2025-06-06 17:02:29 - INFO - epoch-329, train_loss-0.0793, train_rmse-0.2816, valid_rmse-1.2763, valid_pr-0.7422
2025-06-06 17:02:37 - INFO - epoch-330, train_loss-0.0957, train_rmse-0.3094, valid_rmse-1.2697, valid_pr-0.7308
2025-06-06 17:02:45 - INFO - epoch-331, train_loss-0.0971, train_rmse-0.3117, valid_rmse-1.2857, valid_pr-0.7302
2025-06-06 17:02:53 - INFO - epoch-332, train_loss-0.1133, train_rmse-0.3367, valid_rmse-1.2755, valid_pr-0.7300
2025-06-06 17:02:53 - INFO - early stop in epoch 332
2025-06-06 17:02:53 - INFO - best_rmse: 1.2135
2025-06-06 17:02:57 - INFO - valid_rmse-1.2135, valid_pr-0.7546, test2013_rmse-1.4799, test2013_pr-0.7936, test2016_rmse-1.2791, test2016_pr-0.8197, test2019_rmse-1.3839, test2019_pr-0.6396,
