2025-06-04 11:43:10 - INFO - train_HoloGNN.py
2025-06-04 11:43:10 - INFO - train data: 11904
2025-06-04 11:43:10 - INFO - valid data: 1000
2025-06-04 11:43:10 - INFO - test2013 data: 107
2025-06-04 11:43:10 - INFO - test2016 data: 285
2025-06-04 11:43:10 - INFO - test2019 data: 4366
2025-06-04 11:43:22 - INFO - epoch-0, train_loss-32.5956, train_rmse-5.7093, valid_rmse-4.2343, valid_pr-0.5008
2025-06-04 11:43:26 - INFO - Validation : valid_rmse-4.2343, valid_pr-0.5008, 
test2013_rmse-4.2705, test2013_pr-0.5932, test2016_rmse-4.2841, test2016_pr-0.6428, test2019_rmse-4.1206, test2019_pr-0.5287
2025-06-04 11:43:39 - INFO - epoch-1, train_loss-6.0716, train_rmse-2.4641, valid_rmse-1.6847, valid_pr-0.4981
2025-06-04 11:43:42 - INFO - Validation : valid_rmse-1.6847, valid_pr-0.4981, 
test2013_rmse-1.6995, test2013_pr-0.6976, test2016_rmse-1.6660, test2016_pr-0.6506, test2019_rmse-1.6240, test2019_pr-0.5286
2025-06-04 11:43:55 - INFO - epoch-2, train_loss-3.0642, train_rmse-1.7505, valid_rmse-1.4934, valid_pr-0.5894
2025-06-04 11:43:59 - INFO - Validation : valid_rmse-1.4934, valid_pr-0.5894, 
test2013_rmse-1.6319, test2013_pr-0.7548, test2016_rmse-1.5420, test2016_pr-0.7341, test2019_rmse-1.4338, test2019_pr-0.5965
2025-06-04 11:44:11 - INFO - epoch-3, train_loss-2.8651, train_rmse-1.6926, valid_rmse-1.5818, valid_pr-0.5414
2025-06-04 11:44:24 - INFO - epoch-4, train_loss-2.7784, train_rmse-1.6669, valid_rmse-1.5742, valid_pr-0.6178
2025-06-04 11:44:37 - INFO - epoch-5, train_loss-2.6731, train_rmse-1.6350, valid_rmse-1.4154, valid_pr-0.6455
2025-06-04 11:44:41 - INFO - Validation : valid_rmse-1.4154, valid_pr-0.6455, 
test2013_rmse-1.6391, test2013_pr-0.7531, test2016_rmse-1.4695, test2016_pr-0.7638, test2019_rmse-1.3849, test2019_pr-0.6303
2025-06-04 11:44:58 - INFO - epoch-6, train_loss-2.5589, train_rmse-1.5997, valid_rmse-1.4554, valid_pr-0.6176
2025-06-04 11:45:21 - INFO - epoch-7, train_loss-2.5703, train_rmse-1.6032, valid_rmse-1.3982, valid_pr-0.6616
2025-06-04 11:45:29 - INFO - Validation : valid_rmse-1.3982, valid_pr-0.6616, 
test2013_rmse-1.5866, test2013_pr-0.7724, test2016_rmse-1.4109, test2016_pr-0.7833, test2019_rmse-1.4219, test2019_pr-0.6223
2025-06-04 11:45:53 - INFO - epoch-8, train_loss-2.4806, train_rmse-1.5750, valid_rmse-1.3696, valid_pr-0.6728
2025-06-04 11:46:02 - INFO - Validation : valid_rmse-1.3696, valid_pr-0.6728, 
test2013_rmse-1.5651, test2013_pr-0.7653, test2016_rmse-1.3960, test2016_pr-0.7761, test2019_rmse-1.3673, test2019_pr-0.6544
2025-06-04 11:46:27 - INFO - epoch-9, train_loss-2.3821, train_rmse-1.5434, valid_rmse-1.4006, valid_pr-0.6712
2025-06-04 11:46:52 - INFO - epoch-10, train_loss-2.3700, train_rmse-1.5395, valid_rmse-1.3975, valid_pr-0.6595
2025-06-04 11:47:16 - INFO - epoch-11, train_loss-2.2814, train_rmse-1.5104, valid_rmse-1.3863, valid_pr-0.6644
2025-06-04 11:47:40 - INFO - epoch-12, train_loss-2.2326, train_rmse-1.4942, valid_rmse-1.4040, valid_pr-0.6799
2025-06-04 11:48:04 - INFO - epoch-13, train_loss-2.1569, train_rmse-1.4686, valid_rmse-1.3561, valid_pr-0.6887
2025-06-04 11:48:13 - INFO - Validation : valid_rmse-1.3561, valid_pr-0.6887, 
test2013_rmse-1.4942, test2013_pr-0.7847, test2016_rmse-1.3689, test2016_pr-0.7881, test2019_rmse-1.4086, test2019_pr-0.6329
2025-06-04 11:48:38 - INFO - epoch-14, train_loss-2.1110, train_rmse-1.4529, valid_rmse-1.3425, valid_pr-0.6866
2025-06-04 11:48:47 - INFO - Validation : valid_rmse-1.3425, valid_pr-0.6866, 
test2013_rmse-1.5379, test2013_pr-0.7591, test2016_rmse-1.4135, test2016_pr-0.7658, test2019_rmse-1.4244, test2019_pr-0.6192
2025-06-04 11:49:11 - INFO - epoch-15, train_loss-2.0538, train_rmse-1.4331, valid_rmse-1.3497, valid_pr-0.6946
2025-06-04 11:49:35 - INFO - epoch-16, train_loss-2.0194, train_rmse-1.4211, valid_rmse-1.3180, valid_pr-0.7006
2025-06-04 11:49:44 - INFO - Validation : valid_rmse-1.3180, valid_pr-0.7006, 
test2013_rmse-1.4768, test2013_pr-0.7984, test2016_rmse-1.3308, test2016_pr-0.7996, test2019_rmse-1.3924, test2019_pr-0.6410
2025-06-04 11:50:08 - INFO - epoch-17, train_loss-1.9590, train_rmse-1.3996, valid_rmse-1.2919, valid_pr-0.7159
2025-06-04 11:50:17 - INFO - Validation : valid_rmse-1.2919, valid_pr-0.7159, 
test2013_rmse-1.4574, test2013_pr-0.7967, test2016_rmse-1.3176, test2016_pr-0.8032, test2019_rmse-1.3843, test2019_pr-0.6419
2025-06-04 11:50:43 - INFO - epoch-18, train_loss-1.9167, train_rmse-1.3845, valid_rmse-1.3316, valid_pr-0.7037
2025-06-04 11:51:08 - INFO - epoch-19, train_loss-1.8830, train_rmse-1.3722, valid_rmse-1.3077, valid_pr-0.7076
2025-06-04 11:51:34 - INFO - epoch-20, train_loss-1.8296, train_rmse-1.3526, valid_rmse-1.2912, valid_pr-0.7191
2025-06-04 11:51:44 - INFO - Validation : valid_rmse-1.2912, valid_pr-0.7191, 
test2013_rmse-1.4843, test2013_pr-0.7810, test2016_rmse-1.3169, test2016_pr-0.7976, test2019_rmse-1.3992, test2019_pr-0.6460
2025-06-04 11:52:10 - INFO - epoch-21, train_loss-1.7936, train_rmse-1.3393, valid_rmse-1.2946, valid_pr-0.7232
2025-06-04 11:52:35 - INFO - epoch-22, train_loss-1.7636, train_rmse-1.3280, valid_rmse-1.3161, valid_pr-0.7059
2025-06-04 11:52:59 - INFO - epoch-23, train_loss-1.7054, train_rmse-1.3059, valid_rmse-1.2746, valid_pr-0.7270
2025-06-04 11:53:08 - INFO - Validation : valid_rmse-1.2746, valid_pr-0.7270, 
test2013_rmse-1.4699, test2013_pr-0.7972, test2016_rmse-1.3397, test2016_pr-0.8048, test2019_rmse-1.3662, test2019_pr-0.6544
2025-06-04 11:53:33 - INFO - epoch-24, train_loss-1.6542, train_rmse-1.2862, valid_rmse-1.3822, valid_pr-0.7097
2025-06-04 11:53:56 - INFO - epoch-25, train_loss-1.5768, train_rmse-1.2557, valid_rmse-1.3398, valid_pr-0.7181
2025-06-04 11:54:20 - INFO - epoch-26, train_loss-1.5864, train_rmse-1.2595, valid_rmse-1.2466, valid_pr-0.7378
2025-06-04 11:54:29 - INFO - Validation : valid_rmse-1.2466, valid_pr-0.7378, 
test2013_rmse-1.4132, test2013_pr-0.8076, test2016_rmse-1.2659, test2016_pr-0.8201, test2019_rmse-1.3740, test2019_pr-0.6490
2025-06-04 11:54:54 - INFO - epoch-27, train_loss-1.5044, train_rmse-1.2265, valid_rmse-1.2775, valid_pr-0.7344
2025-06-04 11:55:19 - INFO - epoch-28, train_loss-1.4846, train_rmse-1.2184, valid_rmse-1.3297, valid_pr-0.7000
2025-06-04 11:55:42 - INFO - epoch-29, train_loss-1.4144, train_rmse-1.1893, valid_rmse-1.3322, valid_pr-0.7077
2025-06-04 11:56:09 - INFO - epoch-30, train_loss-1.3877, train_rmse-1.1780, valid_rmse-1.2720, valid_pr-0.7327
2025-06-04 11:56:36 - INFO - epoch-31, train_loss-1.3405, train_rmse-1.1578, valid_rmse-1.2853, valid_pr-0.7331
2025-06-04 11:57:01 - INFO - epoch-32, train_loss-1.3082, train_rmse-1.1437, valid_rmse-1.2579, valid_pr-0.7394
2025-06-04 11:57:27 - INFO - epoch-33, train_loss-1.3002, train_rmse-1.1403, valid_rmse-1.2628, valid_pr-0.7403
2025-06-04 11:57:49 - INFO - epoch-34, train_loss-1.2703, train_rmse-1.1271, valid_rmse-1.2739, valid_pr-0.7303
2025-06-04 11:58:01 - INFO - epoch-35, train_loss-1.2153, train_rmse-1.1024, valid_rmse-1.2964, valid_pr-0.7266
2025-06-04 11:58:14 - INFO - epoch-36, train_loss-1.1704, train_rmse-1.0818, valid_rmse-1.2697, valid_pr-0.7373
2025-06-04 11:58:26 - INFO - epoch-37, train_loss-1.1524, train_rmse-1.0735, valid_rmse-1.2749, valid_pr-0.7450
2025-06-04 11:58:39 - INFO - epoch-38, train_loss-1.0940, train_rmse-1.0460, valid_rmse-1.3037, valid_pr-0.7280
2025-06-04 11:58:51 - INFO - epoch-39, train_loss-1.0751, train_rmse-1.0369, valid_rmse-1.2872, valid_pr-0.7404
2025-06-04 11:59:04 - INFO - epoch-40, train_loss-1.0556, train_rmse-1.0274, valid_rmse-1.2783, valid_pr-0.7380
2025-06-04 11:59:16 - INFO - epoch-41, train_loss-0.9907, train_rmse-0.9953, valid_rmse-1.2348, valid_pr-0.7587
2025-06-04 11:59:20 - INFO - Validation : valid_rmse-1.2348, valid_pr-0.7587, 
test2013_rmse-1.3393, test2013_pr-0.8285, test2016_rmse-1.2195, test2016_pr-0.8308, test2019_rmse-1.4202, test2019_pr-0.6488
2025-06-04 11:59:32 - INFO - epoch-42, train_loss-1.0126, train_rmse-1.0063, valid_rmse-1.2816, valid_pr-0.7417
2025-06-04 11:59:45 - INFO - epoch-43, train_loss-0.9611, train_rmse-0.9803, valid_rmse-1.2778, valid_pr-0.7376
2025-06-04 11:59:57 - INFO - epoch-44, train_loss-0.9445, train_rmse-0.9718, valid_rmse-1.2265, valid_pr-0.7563
2025-06-04 12:00:01 - INFO - Validation : valid_rmse-1.2265, valid_pr-0.7563, 
test2013_rmse-1.3873, test2013_pr-0.8114, test2016_rmse-1.2369, test2016_pr-0.8223, test2019_rmse-1.4288, test2019_pr-0.6400
2025-06-04 12:00:13 - INFO - epoch-45, train_loss-0.9190, train_rmse-0.9587, valid_rmse-1.2307, valid_pr-0.7502
2025-06-04 12:00:26 - INFO - epoch-46, train_loss-0.8585, train_rmse-0.9265, valid_rmse-1.2987, valid_pr-0.7244
2025-06-04 12:00:38 - INFO - epoch-47, train_loss-0.8386, train_rmse-0.9157, valid_rmse-1.2790, valid_pr-0.7353
2025-06-04 12:00:50 - INFO - epoch-48, train_loss-0.8358, train_rmse-0.9142, valid_rmse-1.2158, valid_pr-0.7583
2025-06-04 12:00:54 - INFO - Validation : valid_rmse-1.2158, valid_pr-0.7583, 
test2013_rmse-1.3695, test2013_pr-0.8246, test2016_rmse-1.2579, test2016_pr-0.8175, test2019_rmse-1.4047, test2019_pr-0.6456
2025-06-04 12:01:06 - INFO - epoch-49, train_loss-0.8101, train_rmse-0.9000, valid_rmse-1.2573, valid_pr-0.7432
2025-06-04 12:01:19 - INFO - epoch-50, train_loss-0.7876, train_rmse-0.8875, valid_rmse-1.2620, valid_pr-0.7454
2025-06-04 12:01:31 - INFO - epoch-51, train_loss-0.7594, train_rmse-0.8714, valid_rmse-1.2910, valid_pr-0.7438
2025-06-04 12:01:43 - INFO - epoch-52, train_loss-0.7593, train_rmse-0.8714, valid_rmse-1.2555, valid_pr-0.7466
2025-06-04 12:01:56 - INFO - epoch-53, train_loss-0.7389, train_rmse-0.8596, valid_rmse-1.3006, valid_pr-0.7335
2025-06-04 12:02:08 - INFO - epoch-54, train_loss-0.7452, train_rmse-0.8633, valid_rmse-1.2810, valid_pr-0.7402
2025-06-04 12:02:21 - INFO - epoch-55, train_loss-0.7093, train_rmse-0.8422, valid_rmse-1.2684, valid_pr-0.7377
2025-06-04 12:02:33 - INFO - epoch-56, train_loss-0.6816, train_rmse-0.8256, valid_rmse-1.2553, valid_pr-0.7564
2025-06-04 12:02:47 - INFO - epoch-57, train_loss-0.6729, train_rmse-0.8203, valid_rmse-1.2917, valid_pr-0.7482
2025-06-04 12:03:09 - INFO - epoch-58, train_loss-0.6652, train_rmse-0.8156, valid_rmse-1.2721, valid_pr-0.7450
2025-06-04 12:03:36 - INFO - epoch-59, train_loss-0.6451, train_rmse-0.8032, valid_rmse-1.2458, valid_pr-0.7518
2025-06-04 12:04:03 - INFO - epoch-60, train_loss-0.6405, train_rmse-0.8003, valid_rmse-1.2957, valid_pr-0.7403
2025-06-04 12:04:30 - INFO - epoch-61, train_loss-0.5995, train_rmse-0.7743, valid_rmse-1.2828, valid_pr-0.7420
2025-06-04 12:04:56 - INFO - epoch-62, train_loss-0.6046, train_rmse-0.7776, valid_rmse-1.2773, valid_pr-0.7483
2025-06-04 12:05:21 - INFO - epoch-63, train_loss-0.6081, train_rmse-0.7798, valid_rmse-1.2424, valid_pr-0.7531
2025-06-04 12:05:47 - INFO - epoch-64, train_loss-0.5950, train_rmse-0.7713, valid_rmse-1.2500, valid_pr-0.7543
2025-06-04 12:06:11 - INFO - epoch-65, train_loss-0.5921, train_rmse-0.7695, valid_rmse-1.2307, valid_pr-0.7574
2025-06-04 12:06:35 - INFO - epoch-66, train_loss-0.5828, train_rmse-0.7634, valid_rmse-1.2545, valid_pr-0.7556
2025-06-04 12:06:59 - INFO - epoch-67, train_loss-0.5569, train_rmse-0.7463, valid_rmse-1.2429, valid_pr-0.7577
2025-06-04 12:07:22 - INFO - epoch-68, train_loss-0.5470, train_rmse-0.7396, valid_rmse-1.2609, valid_pr-0.7472
2025-06-04 12:07:45 - INFO - epoch-69, train_loss-0.5289, train_rmse-0.7273, valid_rmse-1.2665, valid_pr-0.7442
2025-06-04 12:08:08 - INFO - epoch-70, train_loss-0.5294, train_rmse-0.7276, valid_rmse-1.2600, valid_pr-0.7485
2025-06-04 12:08:31 - INFO - epoch-71, train_loss-0.5291, train_rmse-0.7274, valid_rmse-1.2467, valid_pr-0.7494
2025-06-04 12:08:54 - INFO - epoch-72, train_loss-0.5209, train_rmse-0.7218, valid_rmse-1.2467, valid_pr-0.7490
2025-06-04 12:09:17 - INFO - epoch-73, train_loss-0.5308, train_rmse-0.7285, valid_rmse-1.2358, valid_pr-0.7572
2025-06-04 12:09:40 - INFO - epoch-74, train_loss-0.5100, train_rmse-0.7141, valid_rmse-1.2586, valid_pr-0.7513
2025-06-04 12:10:04 - INFO - epoch-75, train_loss-0.4954, train_rmse-0.7039, valid_rmse-1.3011, valid_pr-0.7410
2025-06-04 12:10:27 - INFO - epoch-76, train_loss-0.4813, train_rmse-0.6938, valid_rmse-1.2368, valid_pr-0.7554
2025-06-04 12:10:50 - INFO - epoch-77, train_loss-0.4867, train_rmse-0.6976, valid_rmse-1.2577, valid_pr-0.7533
2025-06-04 12:11:14 - INFO - epoch-78, train_loss-0.4722, train_rmse-0.6872, valid_rmse-1.2494, valid_pr-0.7578
2025-06-04 12:11:39 - INFO - epoch-79, train_loss-0.4818, train_rmse-0.6941, valid_rmse-1.2487, valid_pr-0.7557
2025-06-04 12:12:02 - INFO - epoch-80, train_loss-0.4643, train_rmse-0.6814, valid_rmse-1.2199, valid_pr-0.7546
2025-06-04 12:12:26 - INFO - epoch-81, train_loss-0.4596, train_rmse-0.6779, valid_rmse-1.2526, valid_pr-0.7469
2025-06-04 12:12:50 - INFO - epoch-82, train_loss-0.4442, train_rmse-0.6665, valid_rmse-1.2384, valid_pr-0.7502
2025-06-04 12:13:14 - INFO - epoch-83, train_loss-0.4580, train_rmse-0.6768, valid_rmse-1.2516, valid_pr-0.7488
2025-06-04 12:13:39 - INFO - epoch-84, train_loss-0.4261, train_rmse-0.6528, valid_rmse-1.2854, valid_pr-0.7445
2025-06-04 12:14:03 - INFO - epoch-85, train_loss-0.4389, train_rmse-0.6625, valid_rmse-1.2852, valid_pr-0.7318
2025-06-04 12:14:28 - INFO - epoch-86, train_loss-0.4182, train_rmse-0.6467, valid_rmse-1.2781, valid_pr-0.7386
2025-06-04 12:14:54 - INFO - epoch-87, train_loss-0.4195, train_rmse-0.6477, valid_rmse-1.2220, valid_pr-0.7558
2025-06-04 12:15:19 - INFO - epoch-88, train_loss-0.4236, train_rmse-0.6508, valid_rmse-1.2409, valid_pr-0.7507
2025-06-04 12:15:44 - INFO - epoch-89, train_loss-0.4150, train_rmse-0.6442, valid_rmse-1.2314, valid_pr-0.7561
2025-06-04 12:16:10 - INFO - epoch-90, train_loss-0.4264, train_rmse-0.6530, valid_rmse-1.2291, valid_pr-0.7565
2025-06-04 12:16:38 - INFO - epoch-91, train_loss-0.4005, train_rmse-0.6328, valid_rmse-1.2628, valid_pr-0.7544
2025-06-04 12:17:04 - INFO - epoch-92, train_loss-0.4056, train_rmse-0.6369, valid_rmse-1.2640, valid_pr-0.7608
2025-06-04 12:17:31 - INFO - epoch-93, train_loss-0.4089, train_rmse-0.6394, valid_rmse-1.2354, valid_pr-0.7561
2025-06-04 12:18:00 - INFO - epoch-94, train_loss-0.3978, train_rmse-0.6307, valid_rmse-1.2375, valid_pr-0.7559
2025-06-04 12:18:27 - INFO - epoch-95, train_loss-0.3929, train_rmse-0.6268, valid_rmse-1.2814, valid_pr-0.7394
2025-06-04 12:18:55 - INFO - epoch-96, train_loss-0.3937, train_rmse-0.6274, valid_rmse-1.2749, valid_pr-0.7434
2025-06-04 12:19:21 - INFO - epoch-97, train_loss-0.3861, train_rmse-0.6214, valid_rmse-1.2279, valid_pr-0.7568
2025-06-04 12:19:49 - INFO - epoch-98, train_loss-0.3838, train_rmse-0.6196, valid_rmse-1.2501, valid_pr-0.7513
2025-06-04 12:20:17 - INFO - epoch-99, train_loss-0.3939, train_rmse-0.6276, valid_rmse-1.2452, valid_pr-0.7540
2025-06-04 12:20:44 - INFO - epoch-100, train_loss-0.3645, train_rmse-0.6037, valid_rmse-1.2713, valid_pr-0.7378
2025-06-04 12:21:12 - INFO - epoch-101, train_loss-0.3779, train_rmse-0.6147, valid_rmse-1.2293, valid_pr-0.7599
2025-06-04 12:21:40 - INFO - epoch-102, train_loss-0.3749, train_rmse-0.6123, valid_rmse-1.2424, valid_pr-0.7530
2025-06-04 12:22:08 - INFO - epoch-103, train_loss-0.3701, train_rmse-0.6083, valid_rmse-1.2632, valid_pr-0.7507
2025-06-04 12:22:35 - INFO - epoch-104, train_loss-0.3812, train_rmse-0.6175, valid_rmse-1.2643, valid_pr-0.7540
2025-06-04 12:23:01 - INFO - epoch-105, train_loss-0.3570, train_rmse-0.5975, valid_rmse-1.2292, valid_pr-0.7612
2025-06-04 12:23:29 - INFO - epoch-106, train_loss-0.3618, train_rmse-0.6015, valid_rmse-1.2563, valid_pr-0.7497
2025-06-04 12:23:55 - INFO - epoch-107, train_loss-0.3407, train_rmse-0.5837, valid_rmse-1.2212, valid_pr-0.7544
2025-06-04 12:24:23 - INFO - epoch-108, train_loss-0.3439, train_rmse-0.5864, valid_rmse-1.2306, valid_pr-0.7570
2025-06-04 12:24:50 - INFO - epoch-109, train_loss-0.3648, train_rmse-0.6040, valid_rmse-1.2762, valid_pr-0.7506
2025-06-04 12:25:15 - INFO - epoch-110, train_loss-0.3410, train_rmse-0.5840, valid_rmse-1.2398, valid_pr-0.7521
2025-06-04 12:25:41 - INFO - epoch-111, train_loss-0.3395, train_rmse-0.5826, valid_rmse-1.2220, valid_pr-0.7617
2025-06-04 12:26:09 - INFO - epoch-112, train_loss-0.3349, train_rmse-0.5787, valid_rmse-1.2449, valid_pr-0.7556
2025-06-04 12:26:35 - INFO - epoch-113, train_loss-0.3356, train_rmse-0.5793, valid_rmse-1.2059, valid_pr-0.7653
2025-06-04 12:26:46 - INFO - Validation : valid_rmse-1.2059, valid_pr-0.7653, 
test2013_rmse-1.3987, test2013_pr-0.8119, test2016_rmse-1.2553, test2016_pr-0.8167, test2019_rmse-1.3900, test2019_pr-0.6442
2025-06-04 12:27:12 - INFO - epoch-114, train_loss-0.3339, train_rmse-0.5778, valid_rmse-1.1974, valid_pr-0.7708
2025-06-04 12:27:23 - INFO - Validation : valid_rmse-1.1974, valid_pr-0.7708, 
test2013_rmse-1.4306, test2013_pr-0.7945, test2016_rmse-1.2382, test2016_pr-0.8221, test2019_rmse-1.3979, test2019_pr-0.6460
2025-06-04 12:27:48 - INFO - epoch-115, train_loss-0.3195, train_rmse-0.5652, valid_rmse-1.2138, valid_pr-0.7630
2025-06-04 12:28:14 - INFO - epoch-116, train_loss-0.3322, train_rmse-0.5764, valid_rmse-1.2378, valid_pr-0.7598
2025-06-04 12:28:41 - INFO - epoch-117, train_loss-0.3350, train_rmse-0.5788, valid_rmse-1.2224, valid_pr-0.7550
2025-06-04 12:29:08 - INFO - epoch-118, train_loss-0.3468, train_rmse-0.5889, valid_rmse-1.2256, valid_pr-0.7576
2025-06-04 12:29:35 - INFO - epoch-119, train_loss-0.3229, train_rmse-0.5682, valid_rmse-1.2131, valid_pr-0.7617
2025-06-04 12:30:01 - INFO - epoch-120, train_loss-0.3284, train_rmse-0.5731, valid_rmse-1.2386, valid_pr-0.7640
2025-06-04 12:30:28 - INFO - epoch-121, train_loss-0.3366, train_rmse-0.5802, valid_rmse-1.2226, valid_pr-0.7649
2025-06-04 12:30:55 - INFO - epoch-122, train_loss-0.3245, train_rmse-0.5697, valid_rmse-1.1972, valid_pr-0.7695
2025-06-04 12:31:06 - INFO - Validation : valid_rmse-1.1972, valid_pr-0.7695, 
test2013_rmse-1.3411, test2013_pr-0.8262, test2016_rmse-1.2076, test2016_pr-0.8311, test2019_rmse-1.3966, test2019_pr-0.6412
2025-06-04 12:31:33 - INFO - epoch-123, train_loss-0.3343, train_rmse-0.5782, valid_rmse-1.1999, valid_pr-0.7699
2025-06-04 12:31:59 - INFO - epoch-124, train_loss-0.3228, train_rmse-0.5681, valid_rmse-1.1914, valid_pr-0.7709
2025-06-04 12:32:10 - INFO - Validation : valid_rmse-1.1914, valid_pr-0.7709, 
test2013_rmse-1.3475, test2013_pr-0.8291, test2016_rmse-1.1932, test2016_pr-0.8374, test2019_rmse-1.3939, test2019_pr-0.6416
2025-06-04 12:32:37 - INFO - epoch-125, train_loss-0.3038, train_rmse-0.5511, valid_rmse-1.2182, valid_pr-0.7616
2025-06-04 12:33:06 - INFO - epoch-126, train_loss-0.3066, train_rmse-0.5537, valid_rmse-1.2064, valid_pr-0.7675
2025-06-04 12:33:33 - INFO - epoch-127, train_loss-0.3216, train_rmse-0.5671, valid_rmse-1.2064, valid_pr-0.7653
2025-06-04 12:34:01 - INFO - epoch-128, train_loss-0.3024, train_rmse-0.5499, valid_rmse-1.2010, valid_pr-0.7656
2025-06-04 12:34:29 - INFO - epoch-129, train_loss-0.3049, train_rmse-0.5522, valid_rmse-1.1936, valid_pr-0.7747
2025-06-04 12:34:57 - INFO - epoch-130, train_loss-0.2914, train_rmse-0.5398, valid_rmse-1.2461, valid_pr-0.7523
2025-06-04 12:35:24 - INFO - epoch-131, train_loss-0.3056, train_rmse-0.5528, valid_rmse-1.2257, valid_pr-0.7590
2025-06-04 12:35:48 - INFO - epoch-132, train_loss-0.3080, train_rmse-0.5550, valid_rmse-1.2208, valid_pr-0.7572
2025-06-04 12:36:06 - INFO - epoch-133, train_loss-0.2847, train_rmse-0.5336, valid_rmse-1.2374, valid_pr-0.7613
2025-06-04 12:36:20 - INFO - epoch-134, train_loss-0.2931, train_rmse-0.5414, valid_rmse-1.2737, valid_pr-0.7436
2025-06-04 12:36:34 - INFO - epoch-135, train_loss-0.2940, train_rmse-0.5422, valid_rmse-1.2408, valid_pr-0.7567
2025-06-04 12:36:46 - INFO - epoch-136, train_loss-0.2844, train_rmse-0.5333, valid_rmse-1.2016, valid_pr-0.7723
2025-06-04 12:36:58 - INFO - epoch-137, train_loss-0.2960, train_rmse-0.5441, valid_rmse-1.2426, valid_pr-0.7688
2025-06-04 12:37:11 - INFO - epoch-138, train_loss-0.2869, train_rmse-0.5356, valid_rmse-1.2304, valid_pr-0.7604
2025-06-04 12:37:23 - INFO - epoch-139, train_loss-0.3012, train_rmse-0.5489, valid_rmse-1.2353, valid_pr-0.7574
2025-06-04 12:37:35 - INFO - epoch-140, train_loss-0.3021, train_rmse-0.5497, valid_rmse-1.2307, valid_pr-0.7596
2025-06-04 12:37:47 - INFO - epoch-141, train_loss-0.2786, train_rmse-0.5278, valid_rmse-1.2400, valid_pr-0.7569
2025-06-04 12:37:59 - INFO - epoch-142, train_loss-0.2895, train_rmse-0.5381, valid_rmse-1.2212, valid_pr-0.7576
2025-06-04 12:38:11 - INFO - epoch-143, train_loss-0.2870, train_rmse-0.5358, valid_rmse-1.1737, valid_pr-0.7772
2025-06-04 12:38:15 - INFO - Validation : valid_rmse-1.1737, valid_pr-0.7772, 
test2013_rmse-1.3662, test2013_pr-0.8222, test2016_rmse-1.1676, test2016_pr-0.8459, test2019_rmse-1.3823, test2019_pr-0.6471
2025-06-04 12:38:27 - INFO - epoch-144, train_loss-0.2767, train_rmse-0.5260, valid_rmse-1.2282, valid_pr-0.7547
2025-06-04 12:38:39 - INFO - epoch-145, train_loss-0.2814, train_rmse-0.5305, valid_rmse-1.2186, valid_pr-0.7583
2025-06-04 12:38:51 - INFO - epoch-146, train_loss-0.2778, train_rmse-0.5270, valid_rmse-1.1863, valid_pr-0.7694
2025-06-04 12:39:03 - INFO - epoch-147, train_loss-0.2810, train_rmse-0.5301, valid_rmse-1.2024, valid_pr-0.7696
2025-06-04 12:39:15 - INFO - epoch-148, train_loss-0.2658, train_rmse-0.5155, valid_rmse-1.1763, valid_pr-0.7769
2025-06-04 12:39:28 - INFO - epoch-149, train_loss-0.2787, train_rmse-0.5279, valid_rmse-1.2090, valid_pr-0.7638
2025-06-04 12:39:40 - INFO - epoch-150, train_loss-0.2798, train_rmse-0.5289, valid_rmse-1.1939, valid_pr-0.7657
2025-06-04 12:39:52 - INFO - epoch-151, train_loss-0.2738, train_rmse-0.5232, valid_rmse-1.1979, valid_pr-0.7659
2025-06-04 12:40:04 - INFO - epoch-152, train_loss-0.2731, train_rmse-0.5226, valid_rmse-1.2247, valid_pr-0.7660
2025-06-04 12:40:16 - INFO - epoch-153, train_loss-0.2787, train_rmse-0.5279, valid_rmse-1.1854, valid_pr-0.7742
2025-06-04 12:40:29 - INFO - epoch-154, train_loss-0.2789, train_rmse-0.5281, valid_rmse-1.1858, valid_pr-0.7716
2025-06-04 12:40:41 - INFO - epoch-155, train_loss-0.2592, train_rmse-0.5092, valid_rmse-1.2188, valid_pr-0.7670
2025-06-04 12:40:53 - INFO - epoch-156, train_loss-0.2590, train_rmse-0.5089, valid_rmse-1.2271, valid_pr-0.7608
2025-06-04 12:41:05 - INFO - epoch-157, train_loss-0.2783, train_rmse-0.5276, valid_rmse-1.2362, valid_pr-0.7651
2025-06-04 12:41:18 - INFO - epoch-158, train_loss-0.2561, train_rmse-0.5061, valid_rmse-1.2110, valid_pr-0.7665
2025-06-04 12:41:30 - INFO - epoch-159, train_loss-0.2637, train_rmse-0.5136, valid_rmse-1.1818, valid_pr-0.7761
2025-06-04 12:41:42 - INFO - epoch-160, train_loss-0.2628, train_rmse-0.5126, valid_rmse-1.2212, valid_pr-0.7640
2025-06-04 12:41:54 - INFO - epoch-161, train_loss-0.2457, train_rmse-0.4957, valid_rmse-1.1759, valid_pr-0.7784
2025-06-04 12:42:07 - INFO - epoch-162, train_loss-0.2431, train_rmse-0.4930, valid_rmse-1.1918, valid_pr-0.7722
2025-06-04 12:42:19 - INFO - epoch-163, train_loss-0.2686, train_rmse-0.5183, valid_rmse-1.1847, valid_pr-0.7750
2025-06-04 12:42:31 - INFO - epoch-164, train_loss-0.2618, train_rmse-0.5117, valid_rmse-1.1902, valid_pr-0.7675
2025-06-04 12:42:43 - INFO - epoch-165, train_loss-0.2490, train_rmse-0.4990, valid_rmse-1.2162, valid_pr-0.7639
2025-06-04 12:42:55 - INFO - epoch-166, train_loss-0.2442, train_rmse-0.4942, valid_rmse-1.2006, valid_pr-0.7647
2025-06-04 12:43:08 - INFO - epoch-167, train_loss-0.2542, train_rmse-0.5042, valid_rmse-1.1755, valid_pr-0.7739
2025-06-04 12:43:20 - INFO - epoch-168, train_loss-0.2507, train_rmse-0.5007, valid_rmse-1.1865, valid_pr-0.7692
2025-06-04 12:43:32 - INFO - epoch-169, train_loss-0.2563, train_rmse-0.5063, valid_rmse-1.1905, valid_pr-0.7679
2025-06-04 12:43:44 - INFO - epoch-170, train_loss-0.2522, train_rmse-0.5022, valid_rmse-1.1884, valid_pr-0.7735
2025-06-04 12:43:57 - INFO - epoch-171, train_loss-0.2538, train_rmse-0.5037, valid_rmse-1.1910, valid_pr-0.7732
2025-06-04 12:44:09 - INFO - epoch-172, train_loss-0.2532, train_rmse-0.5032, valid_rmse-1.1989, valid_pr-0.7704
2025-06-04 12:44:21 - INFO - epoch-173, train_loss-0.2394, train_rmse-0.4893, valid_rmse-1.2303, valid_pr-0.7580
2025-06-04 12:44:33 - INFO - epoch-174, train_loss-0.2392, train_rmse-0.4890, valid_rmse-1.2294, valid_pr-0.7577
2025-06-04 12:44:45 - INFO - epoch-175, train_loss-0.2581, train_rmse-0.5080, valid_rmse-1.2059, valid_pr-0.7612
2025-06-04 12:44:58 - INFO - epoch-176, train_loss-0.2516, train_rmse-0.5016, valid_rmse-1.1719, valid_pr-0.7756
2025-06-04 12:45:01 - INFO - Validation : valid_rmse-1.1719, valid_pr-0.7756, 
test2013_rmse-1.3852, test2013_pr-0.8187, test2016_rmse-1.2224, test2016_pr-0.8305, test2019_rmse-1.3702, test2019_pr-0.6510
2025-06-04 12:45:13 - INFO - epoch-177, train_loss-0.2550, train_rmse-0.5050, valid_rmse-1.2069, valid_pr-0.7697
2025-06-04 12:45:25 - INFO - epoch-178, train_loss-0.2328, train_rmse-0.4825, valid_rmse-1.2049, valid_pr-0.7628
2025-06-04 12:45:38 - INFO - epoch-179, train_loss-0.2344, train_rmse-0.4842, valid_rmse-1.2469, valid_pr-0.7616
2025-06-04 12:45:50 - INFO - epoch-180, train_loss-0.2409, train_rmse-0.4908, valid_rmse-1.1878, valid_pr-0.7705
2025-06-04 12:46:02 - INFO - epoch-181, train_loss-0.2323, train_rmse-0.4819, valid_rmse-1.2004, valid_pr-0.7684
2025-06-04 12:46:14 - INFO - epoch-182, train_loss-0.2374, train_rmse-0.4872, valid_rmse-1.1807, valid_pr-0.7743
2025-06-04 12:46:26 - INFO - epoch-183, train_loss-0.2335, train_rmse-0.4833, valid_rmse-1.2084, valid_pr-0.7651
2025-06-04 12:46:39 - INFO - epoch-184, train_loss-0.2395, train_rmse-0.4894, valid_rmse-1.2114, valid_pr-0.7689
2025-06-04 12:46:51 - INFO - epoch-185, train_loss-0.2473, train_rmse-0.4973, valid_rmse-1.1997, valid_pr-0.7649
2025-06-04 12:47:03 - INFO - epoch-186, train_loss-0.2368, train_rmse-0.4866, valid_rmse-1.1897, valid_pr-0.7703
2025-06-04 12:47:15 - INFO - epoch-187, train_loss-0.2353, train_rmse-0.4851, valid_rmse-1.1943, valid_pr-0.7694
2025-06-04 12:47:28 - INFO - epoch-188, train_loss-0.2262, train_rmse-0.4756, valid_rmse-1.1848, valid_pr-0.7705
2025-06-04 12:47:40 - INFO - epoch-189, train_loss-0.2220, train_rmse-0.4711, valid_rmse-1.1896, valid_pr-0.7720
2025-06-04 12:47:52 - INFO - epoch-190, train_loss-0.2251, train_rmse-0.4744, valid_rmse-1.1744, valid_pr-0.7757
2025-06-04 12:48:04 - INFO - epoch-191, train_loss-0.2304, train_rmse-0.4800, valid_rmse-1.1990, valid_pr-0.7649
2025-06-04 12:48:16 - INFO - epoch-192, train_loss-0.2214, train_rmse-0.4706, valid_rmse-1.1759, valid_pr-0.7736
2025-06-04 12:48:29 - INFO - epoch-193, train_loss-0.2433, train_rmse-0.4932, valid_rmse-1.2035, valid_pr-0.7693
2025-06-04 12:48:41 - INFO - epoch-194, train_loss-0.2412, train_rmse-0.4911, valid_rmse-1.1921, valid_pr-0.7752
2025-06-04 12:48:53 - INFO - epoch-195, train_loss-0.2259, train_rmse-0.4753, valid_rmse-1.1946, valid_pr-0.7702
2025-06-04 12:49:05 - INFO - epoch-196, train_loss-0.2211, train_rmse-0.4702, valid_rmse-1.2034, valid_pr-0.7765
2025-06-04 12:49:18 - INFO - epoch-197, train_loss-0.2328, train_rmse-0.4825, valid_rmse-1.1729, valid_pr-0.7748
2025-06-04 12:49:30 - INFO - epoch-198, train_loss-0.2309, train_rmse-0.4805, valid_rmse-1.1825, valid_pr-0.7713
2025-06-04 12:49:42 - INFO - epoch-199, train_loss-0.2222, train_rmse-0.4714, valid_rmse-1.1907, valid_pr-0.7717
2025-06-04 12:49:54 - INFO - epoch-200, train_loss-0.2283, train_rmse-0.4778, valid_rmse-1.1750, valid_pr-0.7735
2025-06-04 12:50:07 - INFO - epoch-201, train_loss-0.2251, train_rmse-0.4745, valid_rmse-1.2169, valid_pr-0.7621
2025-06-04 12:50:19 - INFO - epoch-202, train_loss-0.2268, train_rmse-0.4763, valid_rmse-1.1795, valid_pr-0.7720
2025-06-04 12:50:31 - INFO - epoch-203, train_loss-0.2192, train_rmse-0.4682, valid_rmse-1.2031, valid_pr-0.7715
2025-06-04 12:50:43 - INFO - epoch-204, train_loss-0.2381, train_rmse-0.4879, valid_rmse-1.1703, valid_pr-0.7769
2025-06-04 12:50:47 - INFO - Validation : valid_rmse-1.1703, valid_pr-0.7769, 
test2013_rmse-1.4465, test2013_pr-0.7932, test2016_rmse-1.2419, test2016_pr-0.8216, test2019_rmse-1.3751, test2019_pr-0.6490
2025-06-04 12:50:59 - INFO - epoch-205, train_loss-0.2316, train_rmse-0.4813, valid_rmse-1.2209, valid_pr-0.7655
2025-06-04 12:51:11 - INFO - epoch-206, train_loss-0.2168, train_rmse-0.4657, valid_rmse-1.1923, valid_pr-0.7699
2025-06-04 12:51:23 - INFO - epoch-207, train_loss-0.2247, train_rmse-0.4741, valid_rmse-1.1793, valid_pr-0.7743
2025-06-04 12:51:35 - INFO - epoch-208, train_loss-0.2160, train_rmse-0.4647, valid_rmse-1.1776, valid_pr-0.7766
2025-06-04 12:51:48 - INFO - epoch-209, train_loss-0.2311, train_rmse-0.4807, valid_rmse-1.2043, valid_pr-0.7632
2025-06-04 12:52:00 - INFO - epoch-210, train_loss-0.2266, train_rmse-0.4760, valid_rmse-1.1770, valid_pr-0.7733
2025-06-04 12:52:12 - INFO - epoch-211, train_loss-0.2233, train_rmse-0.4725, valid_rmse-1.1764, valid_pr-0.7748
2025-06-04 12:52:24 - INFO - epoch-212, train_loss-0.2303, train_rmse-0.4798, valid_rmse-1.1759, valid_pr-0.7738
2025-06-04 12:52:37 - INFO - epoch-213, train_loss-0.2043, train_rmse-0.4520, valid_rmse-1.1873, valid_pr-0.7713
2025-06-04 12:52:49 - INFO - epoch-214, train_loss-0.2221, train_rmse-0.4713, valid_rmse-1.1846, valid_pr-0.7733
2025-06-04 12:53:01 - INFO - epoch-215, train_loss-0.2110, train_rmse-0.4594, valid_rmse-1.1931, valid_pr-0.7704
2025-06-04 12:53:13 - INFO - epoch-216, train_loss-0.2109, train_rmse-0.4592, valid_rmse-1.1711, valid_pr-0.7746
2025-06-04 12:53:25 - INFO - epoch-217, train_loss-0.2136, train_rmse-0.4622, valid_rmse-1.1887, valid_pr-0.7706
2025-06-04 12:53:38 - INFO - epoch-218, train_loss-0.2106, train_rmse-0.4590, valid_rmse-1.1759, valid_pr-0.7725
2025-06-04 12:53:50 - INFO - epoch-219, train_loss-0.2134, train_rmse-0.4620, valid_rmse-1.2025, valid_pr-0.7656
2025-06-04 12:54:02 - INFO - epoch-220, train_loss-0.2097, train_rmse-0.4579, valid_rmse-1.1665, valid_pr-0.7787
2025-06-04 12:54:06 - INFO - Validation : valid_rmse-1.1665, valid_pr-0.7787, 
test2013_rmse-1.3726, test2013_pr-0.8222, test2016_rmse-1.2079, test2016_pr-0.8344, test2019_rmse-1.3716, test2019_pr-0.6495
2025-06-04 12:54:18 - INFO - epoch-221, train_loss-0.2041, train_rmse-0.4518, valid_rmse-1.1742, valid_pr-0.7761
2025-06-04 12:54:30 - INFO - epoch-222, train_loss-0.2075, train_rmse-0.4556, valid_rmse-1.1851, valid_pr-0.7696
2025-06-04 12:54:42 - INFO - epoch-223, train_loss-0.2042, train_rmse-0.4519, valid_rmse-1.2082, valid_pr-0.7626
2025-06-04 12:54:55 - INFO - epoch-224, train_loss-0.2224, train_rmse-0.4716, valid_rmse-1.2795, valid_pr-0.7418
2025-06-04 12:55:07 - INFO - epoch-225, train_loss-0.2060, train_rmse-0.4539, valid_rmse-1.2170, valid_pr-0.7657
2025-06-04 12:55:19 - INFO - epoch-226, train_loss-0.2074, train_rmse-0.4554, valid_rmse-1.1785, valid_pr-0.7724
2025-06-04 12:55:31 - INFO - epoch-227, train_loss-0.2068, train_rmse-0.4548, valid_rmse-1.1892, valid_pr-0.7712
2025-06-04 12:55:43 - INFO - epoch-228, train_loss-0.2228, train_rmse-0.4720, valid_rmse-1.1695, valid_pr-0.7749
2025-06-04 12:55:55 - INFO - epoch-229, train_loss-0.2133, train_rmse-0.4618, valid_rmse-1.2359, valid_pr-0.7544
2025-06-04 12:56:08 - INFO - epoch-230, train_loss-0.2111, train_rmse-0.4595, valid_rmse-1.1979, valid_pr-0.7641
2025-06-04 12:56:20 - INFO - epoch-231, train_loss-0.2117, train_rmse-0.4601, valid_rmse-1.1831, valid_pr-0.7735
2025-06-04 12:56:32 - INFO - epoch-232, train_loss-0.2197, train_rmse-0.4687, valid_rmse-1.2190, valid_pr-0.7607
2025-06-04 12:56:44 - INFO - epoch-233, train_loss-0.2074, train_rmse-0.4554, valid_rmse-1.1589, valid_pr-0.7806
2025-06-04 12:56:48 - INFO - Validation : valid_rmse-1.1589, valid_pr-0.7806, 
test2013_rmse-1.3704, test2013_pr-0.8227, test2016_rmse-1.1986, test2016_pr-0.8383, test2019_rmse-1.3587, test2019_pr-0.6584
2025-06-04 12:57:00 - INFO - epoch-234, train_loss-0.1987, train_rmse-0.4458, valid_rmse-1.1771, valid_pr-0.7752
2025-06-04 12:57:12 - INFO - epoch-235, train_loss-0.2264, train_rmse-0.4759, valid_rmse-1.2101, valid_pr-0.7603
2025-06-04 12:57:25 - INFO - epoch-236, train_loss-0.2015, train_rmse-0.4489, valid_rmse-1.1709, valid_pr-0.7763
2025-06-04 12:57:37 - INFO - epoch-237, train_loss-0.2080, train_rmse-0.4561, valid_rmse-1.1792, valid_pr-0.7747
2025-06-04 12:57:49 - INFO - epoch-238, train_loss-0.2228, train_rmse-0.4720, valid_rmse-1.1678, valid_pr-0.7778
2025-06-04 12:58:01 - INFO - epoch-239, train_loss-0.1935, train_rmse-0.4398, valid_rmse-1.1688, valid_pr-0.7762
2025-06-04 12:58:13 - INFO - epoch-240, train_loss-0.2111, train_rmse-0.4594, valid_rmse-1.1653, valid_pr-0.7783
2025-06-04 12:58:26 - INFO - epoch-241, train_loss-0.2047, train_rmse-0.4524, valid_rmse-1.1666, valid_pr-0.7763
2025-06-04 12:58:38 - INFO - epoch-242, train_loss-0.2016, train_rmse-0.4489, valid_rmse-1.1993, valid_pr-0.7650
2025-06-04 12:58:50 - INFO - epoch-243, train_loss-0.2148, train_rmse-0.4635, valid_rmse-1.1578, valid_pr-0.7800
2025-06-04 12:58:53 - INFO - Validation : valid_rmse-1.1578, valid_pr-0.7800, 
test2013_rmse-1.3754, test2013_pr-0.8245, test2016_rmse-1.1933, test2016_pr-0.8426, test2019_rmse-1.3580, test2019_pr-0.6543
2025-06-04 12:59:06 - INFO - epoch-244, train_loss-0.2085, train_rmse-0.4566, valid_rmse-1.1756, valid_pr-0.7723
2025-06-04 12:59:18 - INFO - epoch-245, train_loss-0.2044, train_rmse-0.4521, valid_rmse-1.1926, valid_pr-0.7735
2025-06-04 12:59:30 - INFO - epoch-246, train_loss-0.2100, train_rmse-0.4583, valid_rmse-1.1761, valid_pr-0.7768
2025-06-04 12:59:42 - INFO - epoch-247, train_loss-0.1850, train_rmse-0.4301, valid_rmse-1.1619, valid_pr-0.7802
2025-06-04 12:59:55 - INFO - epoch-248, train_loss-0.1980, train_rmse-0.4450, valid_rmse-1.1852, valid_pr-0.7763
2025-06-04 13:00:07 - INFO - epoch-249, train_loss-0.2046, train_rmse-0.4523, valid_rmse-1.1678, valid_pr-0.7786
2025-06-04 13:00:19 - INFO - epoch-250, train_loss-0.1960, train_rmse-0.4427, valid_rmse-1.1601, valid_pr-0.7807
2025-06-04 13:00:31 - INFO - epoch-251, train_loss-0.2185, train_rmse-0.4675, valid_rmse-1.1871, valid_pr-0.7709
2025-06-04 13:00:43 - INFO - epoch-252, train_loss-0.1983, train_rmse-0.4453, valid_rmse-1.1669, valid_pr-0.7791
2025-06-04 13:00:55 - INFO - epoch-253, train_loss-0.1990, train_rmse-0.4461, valid_rmse-1.1728, valid_pr-0.7763
2025-06-04 13:01:08 - INFO - epoch-254, train_loss-0.1967, train_rmse-0.4435, valid_rmse-1.1668, valid_pr-0.7776
2025-06-04 13:01:20 - INFO - epoch-255, train_loss-0.1980, train_rmse-0.4450, valid_rmse-1.2079, valid_pr-0.7673
2025-06-04 13:01:32 - INFO - epoch-256, train_loss-0.2092, train_rmse-0.4574, valid_rmse-1.1768, valid_pr-0.7740
2025-06-04 13:01:44 - INFO - epoch-257, train_loss-0.2001, train_rmse-0.4473, valid_rmse-1.1653, valid_pr-0.7779
2025-06-04 13:01:56 - INFO - epoch-258, train_loss-0.1996, train_rmse-0.4468, valid_rmse-1.1630, valid_pr-0.7801
2025-06-04 13:02:09 - INFO - epoch-259, train_loss-0.1934, train_rmse-0.4398, valid_rmse-1.1796, valid_pr-0.7751
2025-06-04 13:02:21 - INFO - epoch-260, train_loss-0.2009, train_rmse-0.4482, valid_rmse-1.1605, valid_pr-0.7786
2025-06-04 13:02:33 - INFO - epoch-261, train_loss-0.2043, train_rmse-0.4520, valid_rmse-1.1851, valid_pr-0.7729
2025-06-04 13:02:45 - INFO - epoch-262, train_loss-0.2005, train_rmse-0.4477, valid_rmse-1.2054, valid_pr-0.7641
2025-06-04 13:02:58 - INFO - epoch-263, train_loss-0.2084, train_rmse-0.4566, valid_rmse-1.1596, valid_pr-0.7809
2025-06-04 13:03:10 - INFO - epoch-264, train_loss-0.1963, train_rmse-0.4430, valid_rmse-1.1812, valid_pr-0.7752
2025-06-04 13:03:22 - INFO - epoch-265, train_loss-0.1960, train_rmse-0.4428, valid_rmse-1.1649, valid_pr-0.7759
2025-06-04 13:03:34 - INFO - epoch-266, train_loss-0.2005, train_rmse-0.4477, valid_rmse-1.1788, valid_pr-0.7748
2025-06-04 13:03:46 - INFO - epoch-267, train_loss-0.1932, train_rmse-0.4396, valid_rmse-1.1920, valid_pr-0.7719
2025-06-04 13:03:58 - INFO - epoch-268, train_loss-0.1921, train_rmse-0.4383, valid_rmse-1.1765, valid_pr-0.7750
2025-06-04 13:04:11 - INFO - epoch-269, train_loss-0.1934, train_rmse-0.4398, valid_rmse-1.1758, valid_pr-0.7736
2025-06-04 13:04:23 - INFO - epoch-270, train_loss-0.1899, train_rmse-0.4358, valid_rmse-1.1966, valid_pr-0.7674
2025-06-04 13:04:35 - INFO - epoch-271, train_loss-0.1998, train_rmse-0.4470, valid_rmse-1.1735, valid_pr-0.7734
2025-06-04 13:04:47 - INFO - epoch-272, train_loss-0.1872, train_rmse-0.4327, valid_rmse-1.1718, valid_pr-0.7768
2025-06-04 13:05:00 - INFO - epoch-273, train_loss-0.2168, train_rmse-0.4656, valid_rmse-1.1646, valid_pr-0.7788
2025-06-04 13:05:12 - INFO - epoch-274, train_loss-0.1818, train_rmse-0.4264, valid_rmse-1.1758, valid_pr-0.7783
2025-06-04 13:05:24 - INFO - epoch-275, train_loss-0.1898, train_rmse-0.4356, valid_rmse-1.1749, valid_pr-0.7755
2025-06-04 13:05:36 - INFO - epoch-276, train_loss-0.1837, train_rmse-0.4286, valid_rmse-1.1712, valid_pr-0.7756
2025-06-04 13:05:48 - INFO - epoch-277, train_loss-0.1723, train_rmse-0.4151, valid_rmse-1.1675, valid_pr-0.7784
2025-06-04 13:06:01 - INFO - epoch-278, train_loss-0.1868, train_rmse-0.4322, valid_rmse-1.1536, valid_pr-0.7819
2025-06-04 13:06:04 - INFO - Validation : valid_rmse-1.1536, valid_pr-0.7819, 
test2013_rmse-1.3946, test2013_pr-0.8223, test2016_rmse-1.2142, test2016_pr-0.8342, test2019_rmse-1.3601, test2019_pr-0.6527
2025-06-04 13:06:16 - INFO - epoch-279, train_loss-0.1991, train_rmse-0.4462, valid_rmse-1.1570, valid_pr-0.7808
2025-06-04 13:06:28 - INFO - epoch-280, train_loss-0.2036, train_rmse-0.4512, valid_rmse-1.1580, valid_pr-0.7811
2025-06-04 13:06:41 - INFO - epoch-281, train_loss-0.1883, train_rmse-0.4339, valid_rmse-1.1787, valid_pr-0.7770
2025-06-04 13:06:53 - INFO - epoch-282, train_loss-0.2030, train_rmse-0.4505, valid_rmse-1.1694, valid_pr-0.7802
2025-06-04 13:07:05 - INFO - epoch-283, train_loss-0.1909, train_rmse-0.4369, valid_rmse-1.1695, valid_pr-0.7760
2025-06-04 13:07:17 - INFO - epoch-284, train_loss-0.1880, train_rmse-0.4336, valid_rmse-1.1599, valid_pr-0.7841
2025-06-04 13:07:29 - INFO - epoch-285, train_loss-0.1847, train_rmse-0.4297, valid_rmse-1.1785, valid_pr-0.7737
2025-06-04 13:07:42 - INFO - epoch-286, train_loss-0.1938, train_rmse-0.4402, valid_rmse-1.1505, valid_pr-0.7830
2025-06-04 13:07:45 - INFO - Validation : valid_rmse-1.1505, valid_pr-0.7830, 
test2013_rmse-1.3771, test2013_pr-0.8245, test2016_rmse-1.2171, test2016_pr-0.8319, test2019_rmse-1.3530, test2019_pr-0.6564
2025-06-04 13:07:57 - INFO - epoch-287, train_loss-0.1787, train_rmse-0.4227, valid_rmse-1.1735, valid_pr-0.7766
2025-06-04 13:08:09 - INFO - epoch-288, train_loss-0.1810, train_rmse-0.4254, valid_rmse-1.1768, valid_pr-0.7722
2025-06-04 13:08:21 - INFO - epoch-289, train_loss-0.1895, train_rmse-0.4353, valid_rmse-1.1638, valid_pr-0.7790
2025-06-04 13:08:34 - INFO - epoch-290, train_loss-0.1895, train_rmse-0.4354, valid_rmse-1.1879, valid_pr-0.7674
2025-06-04 13:08:46 - INFO - epoch-291, train_loss-0.1855, train_rmse-0.4307, valid_rmse-1.1613, valid_pr-0.7789
2025-06-04 13:08:58 - INFO - epoch-292, train_loss-0.1847, train_rmse-0.4297, valid_rmse-1.1768, valid_pr-0.7754
2025-06-04 13:09:10 - INFO - epoch-293, train_loss-0.1809, train_rmse-0.4253, valid_rmse-1.1570, valid_pr-0.7816
2025-06-04 13:09:22 - INFO - epoch-294, train_loss-0.1857, train_rmse-0.4309, valid_rmse-1.1636, valid_pr-0.7793
2025-06-04 13:09:34 - INFO - epoch-295, train_loss-0.1949, train_rmse-0.4415, valid_rmse-1.1704, valid_pr-0.7767
2025-06-04 13:09:47 - INFO - epoch-296, train_loss-0.1911, train_rmse-0.4372, valid_rmse-1.1432, valid_pr-0.7868
2025-06-04 13:09:50 - INFO - Validation : valid_rmse-1.1432, valid_pr-0.7868, 
test2013_rmse-1.4007, test2013_pr-0.8108, test2016_rmse-1.2128, test2016_pr-0.8318, test2019_rmse-1.3537, test2019_pr-0.6581
2025-06-04 13:10:02 - INFO - epoch-297, train_loss-0.1695, train_rmse-0.4117, valid_rmse-1.1652, valid_pr-0.7778
2025-06-04 13:10:15 - INFO - epoch-298, train_loss-0.1957, train_rmse-0.4424, valid_rmse-1.2004, valid_pr-0.7678
2025-06-04 13:10:27 - INFO - epoch-299, train_loss-0.1802, train_rmse-0.4245, valid_rmse-1.1828, valid_pr-0.7723
2025-06-04 13:10:39 - INFO - epoch-300, train_loss-0.1860, train_rmse-0.4313, valid_rmse-1.1617, valid_pr-0.7804
2025-06-04 13:10:51 - INFO - epoch-301, train_loss-0.1859, train_rmse-0.4312, valid_rmse-1.1920, valid_pr-0.7719
2025-06-04 13:11:04 - INFO - epoch-302, train_loss-0.1880, train_rmse-0.4336, valid_rmse-1.1885, valid_pr-0.7682
2025-06-04 13:11:16 - INFO - epoch-303, train_loss-0.1844, train_rmse-0.4294, valid_rmse-1.1654, valid_pr-0.7780
2025-06-04 13:11:28 - INFO - epoch-304, train_loss-0.1787, train_rmse-0.4228, valid_rmse-1.1683, valid_pr-0.7775
2025-06-04 13:11:40 - INFO - epoch-305, train_loss-0.1873, train_rmse-0.4327, valid_rmse-1.1976, valid_pr-0.7673
2025-06-04 13:11:53 - INFO - epoch-306, train_loss-0.1858, train_rmse-0.4311, valid_rmse-1.1793, valid_pr-0.7743
2025-06-04 13:12:05 - INFO - epoch-307, train_loss-0.1649, train_rmse-0.4061, valid_rmse-1.1815, valid_pr-0.7715
2025-06-04 13:12:17 - INFO - epoch-308, train_loss-0.1902, train_rmse-0.4361, valid_rmse-1.1492, valid_pr-0.7835
2025-06-04 13:12:29 - INFO - epoch-309, train_loss-0.1870, train_rmse-0.4325, valid_rmse-1.1601, valid_pr-0.7806
2025-06-04 13:12:41 - INFO - epoch-310, train_loss-0.1714, train_rmse-0.4140, valid_rmse-1.1891, valid_pr-0.7704
2025-06-04 13:12:54 - INFO - epoch-311, train_loss-0.1835, train_rmse-0.4284, valid_rmse-1.1540, valid_pr-0.7809
2025-06-04 13:13:06 - INFO - epoch-312, train_loss-0.1775, train_rmse-0.4213, valid_rmse-1.1619, valid_pr-0.7809
2025-06-04 13:13:18 - INFO - epoch-313, train_loss-0.1739, train_rmse-0.4171, valid_rmse-1.1752, valid_pr-0.7741
2025-06-04 13:13:30 - INFO - epoch-314, train_loss-0.1701, train_rmse-0.4125, valid_rmse-1.1381, valid_pr-0.7888
2025-06-04 13:13:34 - INFO - Validation : valid_rmse-1.1381, valid_pr-0.7888, 
test2013_rmse-1.4099, test2013_pr-0.8100, test2016_rmse-1.2168, test2016_pr-0.8330, test2019_rmse-1.3495, test2019_pr-0.6595
2025-06-04 13:13:46 - INFO - epoch-315, train_loss-0.1891, train_rmse-0.4348, valid_rmse-1.1704, valid_pr-0.7753
2025-06-04 13:13:58 - INFO - epoch-316, train_loss-0.1894, train_rmse-0.4352, valid_rmse-1.1843, valid_pr-0.7732
2025-06-04 13:14:11 - INFO - epoch-317, train_loss-0.1752, train_rmse-0.4186, valid_rmse-1.1764, valid_pr-0.7720
2025-06-04 13:14:23 - INFO - epoch-318, train_loss-0.1786, train_rmse-0.4226, valid_rmse-1.1709, valid_pr-0.7753
2025-06-04 13:14:35 - INFO - epoch-319, train_loss-0.1810, train_rmse-0.4255, valid_rmse-1.1641, valid_pr-0.7774
2025-06-04 13:14:48 - INFO - epoch-320, train_loss-0.1898, train_rmse-0.4357, valid_rmse-1.1610, valid_pr-0.7792
2025-06-04 13:15:00 - INFO - epoch-321, train_loss-0.1666, train_rmse-0.4082, valid_rmse-1.1790, valid_pr-0.7761
2025-06-04 13:15:12 - INFO - epoch-322, train_loss-0.1702, train_rmse-0.4125, valid_rmse-1.1708, valid_pr-0.7756
2025-06-04 13:15:25 - INFO - epoch-323, train_loss-0.1764, train_rmse-0.4201, valid_rmse-1.1743, valid_pr-0.7762
2025-06-04 13:15:37 - INFO - epoch-324, train_loss-0.1762, train_rmse-0.4198, valid_rmse-1.1551, valid_pr-0.7813
2025-06-04 13:15:49 - INFO - epoch-325, train_loss-0.1712, train_rmse-0.4137, valid_rmse-1.1630, valid_pr-0.7782
2025-06-04 13:16:01 - INFO - epoch-326, train_loss-0.1661, train_rmse-0.4076, valid_rmse-1.1619, valid_pr-0.7791
2025-06-04 13:16:13 - INFO - epoch-327, train_loss-0.1810, train_rmse-0.4255, valid_rmse-1.1687, valid_pr-0.7751
2025-06-04 13:16:26 - INFO - epoch-328, train_loss-0.1850, train_rmse-0.4301, valid_rmse-1.1575, valid_pr-0.7813
2025-06-04 13:16:38 - INFO - epoch-329, train_loss-0.1801, train_rmse-0.4244, valid_rmse-1.1672, valid_pr-0.7801
2025-06-04 13:16:50 - INFO - epoch-330, train_loss-0.1767, train_rmse-0.4204, valid_rmse-1.1640, valid_pr-0.7768
2025-06-04 13:17:03 - INFO - epoch-331, train_loss-0.1670, train_rmse-0.4086, valid_rmse-1.1631, valid_pr-0.7796
2025-06-04 13:17:15 - INFO - epoch-332, train_loss-0.1737, train_rmse-0.4167, valid_rmse-1.1494, valid_pr-0.7836
2025-06-04 13:17:27 - INFO - epoch-333, train_loss-0.1901, train_rmse-0.4360, valid_rmse-1.1504, valid_pr-0.7835
2025-06-04 13:17:39 - INFO - epoch-334, train_loss-0.1862, train_rmse-0.4316, valid_rmse-1.1525, valid_pr-0.7824
2025-06-04 13:17:51 - INFO - epoch-335, train_loss-0.1802, train_rmse-0.4245, valid_rmse-1.1467, valid_pr-0.7845
2025-06-04 13:18:04 - INFO - epoch-336, train_loss-0.1664, train_rmse-0.4079, valid_rmse-1.1636, valid_pr-0.7806
2025-06-04 13:18:16 - INFO - epoch-337, train_loss-0.1740, train_rmse-0.4172, valid_rmse-1.1494, valid_pr-0.7861
2025-06-04 13:18:28 - INFO - epoch-338, train_loss-0.1697, train_rmse-0.4119, valid_rmse-1.1715, valid_pr-0.7778
2025-06-04 13:18:40 - INFO - epoch-339, train_loss-0.1829, train_rmse-0.4277, valid_rmse-1.1573, valid_pr-0.7815
2025-06-04 13:18:53 - INFO - epoch-340, train_loss-0.1783, train_rmse-0.4222, valid_rmse-1.1683, valid_pr-0.7755
2025-06-04 13:19:05 - INFO - epoch-341, train_loss-0.1824, train_rmse-0.4270, valid_rmse-1.1768, valid_pr-0.7791
2025-06-04 13:19:17 - INFO - epoch-342, train_loss-0.1745, train_rmse-0.4177, valid_rmse-1.1440, valid_pr-0.7884
2025-06-04 13:19:29 - INFO - epoch-343, train_loss-0.1791, train_rmse-0.4232, valid_rmse-1.1626, valid_pr-0.7782
2025-06-04 13:19:42 - INFO - epoch-344, train_loss-0.1611, train_rmse-0.4013, valid_rmse-1.1615, valid_pr-0.7787
2025-06-04 13:19:54 - INFO - epoch-345, train_loss-0.1709, train_rmse-0.4134, valid_rmse-1.1574, valid_pr-0.7841
2025-06-04 13:20:06 - INFO - epoch-346, train_loss-0.1688, train_rmse-0.4108, valid_rmse-1.1481, valid_pr-0.7834
2025-06-04 13:20:18 - INFO - epoch-347, train_loss-0.1667, train_rmse-0.4082, valid_rmse-1.1633, valid_pr-0.7792
2025-06-04 13:20:30 - INFO - epoch-348, train_loss-0.1745, train_rmse-0.4177, valid_rmse-1.1627, valid_pr-0.7785
2025-06-04 13:20:43 - INFO - epoch-349, train_loss-0.1884, train_rmse-0.4340, valid_rmse-1.1609, valid_pr-0.7796
2025-06-04 13:20:55 - INFO - epoch-350, train_loss-0.1592, train_rmse-0.3991, valid_rmse-1.1768, valid_pr-0.7768
2025-06-04 13:21:07 - INFO - epoch-351, train_loss-0.1629, train_rmse-0.4036, valid_rmse-1.1610, valid_pr-0.7811
2025-06-04 13:21:20 - INFO - epoch-352, train_loss-0.1781, train_rmse-0.4220, valid_rmse-1.1976, valid_pr-0.7645
2025-06-04 13:21:32 - INFO - epoch-353, train_loss-0.1518, train_rmse-0.3896, valid_rmse-1.1733, valid_pr-0.7768
2025-06-04 13:21:44 - INFO - epoch-354, train_loss-0.1593, train_rmse-0.3992, valid_rmse-1.1673, valid_pr-0.7778
2025-06-04 13:21:56 - INFO - epoch-355, train_loss-0.1687, train_rmse-0.4107, valid_rmse-1.1636, valid_pr-0.7810
2025-06-04 13:22:08 - INFO - epoch-356, train_loss-0.1628, train_rmse-0.4035, valid_rmse-1.1605, valid_pr-0.7830
2025-06-04 13:22:21 - INFO - epoch-357, train_loss-0.1604, train_rmse-0.4005, valid_rmse-1.1653, valid_pr-0.7767
2025-06-04 13:22:33 - INFO - epoch-358, train_loss-0.1751, train_rmse-0.4185, valid_rmse-1.1628, valid_pr-0.7790
2025-06-04 13:22:45 - INFO - epoch-359, train_loss-0.1649, train_rmse-0.4061, valid_rmse-1.1543, valid_pr-0.7824
2025-06-04 13:22:57 - INFO - epoch-360, train_loss-0.1711, train_rmse-0.4136, valid_rmse-1.1859, valid_pr-0.7688
2025-06-04 13:23:10 - INFO - epoch-361, train_loss-0.1746, train_rmse-0.4179, valid_rmse-1.1775, valid_pr-0.7723
2025-06-04 13:23:22 - INFO - epoch-362, train_loss-0.1614, train_rmse-0.4017, valid_rmse-1.1707, valid_pr-0.7756
2025-06-04 13:23:34 - INFO - epoch-363, train_loss-0.1842, train_rmse-0.4292, valid_rmse-1.1643, valid_pr-0.7786
2025-06-04 13:23:46 - INFO - epoch-364, train_loss-0.1535, train_rmse-0.3918, valid_rmse-1.1493, valid_pr-0.7836
2025-06-04 13:23:59 - INFO - epoch-365, train_loss-0.1721, train_rmse-0.4148, valid_rmse-1.1705, valid_pr-0.7741
2025-06-04 13:24:11 - INFO - epoch-366, train_loss-0.1657, train_rmse-0.4070, valid_rmse-1.1450, valid_pr-0.7846
2025-06-04 13:24:23 - INFO - epoch-367, train_loss-0.1716, train_rmse-0.4143, valid_rmse-1.1779, valid_pr-0.7749
2025-06-04 13:24:35 - INFO - epoch-368, train_loss-0.1792, train_rmse-0.4233, valid_rmse-1.1850, valid_pr-0.7811
2025-06-04 13:24:47 - INFO - epoch-369, train_loss-0.1695, train_rmse-0.4117, valid_rmse-1.1642, valid_pr-0.7790
2025-06-04 13:25:00 - INFO - epoch-370, train_loss-0.1590, train_rmse-0.3988, valid_rmse-1.1573, valid_pr-0.7803
2025-06-04 13:25:12 - INFO - epoch-371, train_loss-0.1639, train_rmse-0.4049, valid_rmse-1.1490, valid_pr-0.7837
2025-06-04 13:25:24 - INFO - epoch-372, train_loss-0.1708, train_rmse-0.4132, valid_rmse-1.1596, valid_pr-0.7796
2025-06-04 13:25:36 - INFO - epoch-373, train_loss-0.1781, train_rmse-0.4220, valid_rmse-1.1556, valid_pr-0.7816
2025-06-04 13:25:49 - INFO - epoch-374, train_loss-0.1741, train_rmse-0.4173, valid_rmse-1.1665, valid_pr-0.7764
2025-06-04 13:26:01 - INFO - epoch-375, train_loss-0.1717, train_rmse-0.4143, valid_rmse-1.1771, valid_pr-0.7728
2025-06-04 13:26:13 - INFO - epoch-376, train_loss-0.1608, train_rmse-0.4010, valid_rmse-1.1591, valid_pr-0.7797
2025-06-04 13:26:25 - INFO - epoch-377, train_loss-0.1622, train_rmse-0.4027, valid_rmse-1.1581, valid_pr-0.7789
2025-06-04 13:26:37 - INFO - epoch-378, train_loss-0.1746, train_rmse-0.4179, valid_rmse-1.1574, valid_pr-0.7796
2025-06-04 13:26:50 - INFO - epoch-379, train_loss-0.1644, train_rmse-0.4054, valid_rmse-1.1622, valid_pr-0.7776
2025-06-04 13:27:02 - INFO - epoch-380, train_loss-0.1657, train_rmse-0.4071, valid_rmse-1.1654, valid_pr-0.7771
2025-06-04 13:27:14 - INFO - epoch-381, train_loss-0.1604, train_rmse-0.4005, valid_rmse-1.1592, valid_pr-0.7811
2025-06-04 13:27:26 - INFO - epoch-382, train_loss-0.1642, train_rmse-0.4053, valid_rmse-1.1640, valid_pr-0.7781
2025-06-04 13:27:39 - INFO - epoch-383, train_loss-0.1596, train_rmse-0.3995, valid_rmse-1.1434, valid_pr-0.7857
2025-06-04 13:27:51 - INFO - epoch-384, train_loss-0.1532, train_rmse-0.3914, valid_rmse-1.1485, valid_pr-0.7851
2025-06-04 13:28:03 - INFO - epoch-385, train_loss-0.1561, train_rmse-0.3950, valid_rmse-1.1549, valid_pr-0.7802
2025-06-04 13:28:15 - INFO - epoch-386, train_loss-0.1668, train_rmse-0.4085, valid_rmse-1.1744, valid_pr-0.7746
2025-06-04 13:28:28 - INFO - epoch-387, train_loss-0.1715, train_rmse-0.4141, valid_rmse-1.1930, valid_pr-0.7732
2025-06-04 13:28:40 - INFO - epoch-388, train_loss-0.1616, train_rmse-0.4020, valid_rmse-1.1869, valid_pr-0.7717
2025-06-04 13:28:52 - INFO - epoch-389, train_loss-0.1670, train_rmse-0.4087, valid_rmse-1.1551, valid_pr-0.7806
2025-06-04 13:29:04 - INFO - epoch-390, train_loss-0.1751, train_rmse-0.4184, valid_rmse-1.1613, valid_pr-0.7782
2025-06-04 13:29:17 - INFO - epoch-391, train_loss-0.1565, train_rmse-0.3956, valid_rmse-1.1507, valid_pr-0.7822
2025-06-04 13:29:29 - INFO - epoch-392, train_loss-0.1637, train_rmse-0.4046, valid_rmse-1.1614, valid_pr-0.7787
2025-06-04 13:29:41 - INFO - epoch-393, train_loss-0.1597, train_rmse-0.3997, valid_rmse-1.1728, valid_pr-0.7756
2025-06-04 13:29:53 - INFO - epoch-394, train_loss-0.1553, train_rmse-0.3940, valid_rmse-1.1651, valid_pr-0.7773
2025-06-04 13:30:05 - INFO - epoch-395, train_loss-0.1619, train_rmse-0.4024, valid_rmse-1.1791, valid_pr-0.7714
2025-06-04 13:30:18 - INFO - epoch-396, train_loss-0.1587, train_rmse-0.3984, valid_rmse-1.1691, valid_pr-0.7769
2025-06-04 13:30:30 - INFO - epoch-397, train_loss-0.1719, train_rmse-0.4146, valid_rmse-1.1488, valid_pr-0.7849
2025-06-04 13:30:42 - INFO - epoch-398, train_loss-0.1714, train_rmse-0.4140, valid_rmse-1.1420, valid_pr-0.7860
2025-06-04 13:30:54 - INFO - epoch-399, train_loss-0.1647, train_rmse-0.4058, valid_rmse-1.1450, valid_pr-0.7860
2025-06-04 13:31:06 - INFO - epoch-400, train_loss-0.1507, train_rmse-0.3881, valid_rmse-1.1715, valid_pr-0.7752
2025-06-04 13:31:19 - INFO - epoch-401, train_loss-0.1563, train_rmse-0.3954, valid_rmse-1.1752, valid_pr-0.7734
2025-06-04 13:31:31 - INFO - epoch-402, train_loss-0.1592, train_rmse-0.3990, valid_rmse-1.1620, valid_pr-0.7776
2025-06-04 13:31:43 - INFO - epoch-403, train_loss-0.1694, train_rmse-0.4116, valid_rmse-1.1523, valid_pr-0.7819
2025-06-04 13:31:55 - INFO - epoch-404, train_loss-0.1626, train_rmse-0.4033, valid_rmse-1.1437, valid_pr-0.7867
2025-06-04 13:32:08 - INFO - epoch-405, train_loss-0.1609, train_rmse-0.4011, valid_rmse-1.1611, valid_pr-0.7786
2025-06-04 13:32:20 - INFO - epoch-406, train_loss-0.1606, train_rmse-0.4008, valid_rmse-1.1548, valid_pr-0.7813
2025-06-04 13:32:32 - INFO - epoch-407, train_loss-0.1607, train_rmse-0.4008, valid_rmse-1.1601, valid_pr-0.7818
2025-06-04 13:32:44 - INFO - epoch-408, train_loss-0.1521, train_rmse-0.3899, valid_rmse-1.1614, valid_pr-0.7821
2025-06-04 13:32:56 - INFO - epoch-409, train_loss-0.1619, train_rmse-0.4023, valid_rmse-1.1714, valid_pr-0.7740
2025-06-04 13:33:09 - INFO - epoch-410, train_loss-0.1704, train_rmse-0.4128, valid_rmse-1.1626, valid_pr-0.7773
2025-06-04 13:33:21 - INFO - epoch-411, train_loss-0.1565, train_rmse-0.3956, valid_rmse-1.1696, valid_pr-0.7745
2025-06-04 13:33:33 - INFO - epoch-412, train_loss-0.1627, train_rmse-0.4034, valid_rmse-1.1622, valid_pr-0.7773
2025-06-04 13:33:46 - INFO - epoch-413, train_loss-0.1523, train_rmse-0.3902, valid_rmse-1.1695, valid_pr-0.7751
2025-06-04 13:33:58 - INFO - epoch-414, train_loss-0.1638, train_rmse-0.4047, valid_rmse-1.1663, valid_pr-0.7758
2025-06-04 13:34:10 - INFO - epoch-415, train_loss-0.1689, train_rmse-0.4110, valid_rmse-1.1631, valid_pr-0.7771
2025-06-04 13:34:10 - INFO - early stop in epoch 415
2025-06-04 13:34:10 - INFO - best_rmse: 1.1381
2025-06-04 13:34:14 - INFO - valid_rmse-1.1381, valid_pr-0.7888, test2013_rmse-1.4099, test2013_pr-0.8100, test2016_rmse-1.2168, test2016_pr-0.8330, test2019_rmse-1.3495, test2019_pr-0.6595,
