2025-06-09 18:17:47 - INFO - train_IGN.py
2025-06-09 18:17:47 - INFO - train data: 11904
2025-06-09 18:17:47 - INFO - valid data: 1000
2025-06-09 18:17:47 - INFO - test2013 data: 107
2025-06-09 18:17:47 - INFO - test2016 data: 285
2025-06-09 18:17:47 - INFO - test2019 data: 4366
2025-06-09 18:17:54 - INFO - epoch-0, train_loss-39.9727, train_rmse-6.3224, valid_rmse-5.6685, valid_pr-0.5127
2025-06-09 18:18:00 - INFO - epoch-1, train_loss-26.7530, train_rmse-5.1723, valid_rmse-4.2460, valid_pr-0.5307
2025-06-09 18:18:07 - INFO - epoch-2, train_loss-9.6361, train_rmse-3.1042, valid_rmse-2.0470, valid_pr-0.4464
2025-06-09 18:18:13 - INFO - epoch-3, train_loss-3.6415, train_rmse-1.9083, valid_rmse-1.5582, valid_pr-0.5628
2025-06-09 18:18:20 - INFO - epoch-4, train_loss-3.0870, train_rmse-1.7570, valid_rmse-1.8003, valid_pr-0.4657
2025-06-09 18:18:26 - INFO - epoch-5, train_loss-2.9996, train_rmse-1.7319, valid_rmse-1.6189, valid_pr-0.5234
2025-06-09 18:18:33 - INFO - epoch-6, train_loss-2.8740, train_rmse-1.6953, valid_rmse-1.4968, valid_pr-0.6007
2025-06-09 18:18:40 - INFO - epoch-7, train_loss-2.7775, train_rmse-1.6666, valid_rmse-1.5281, valid_pr-0.5914
2025-06-09 18:18:46 - INFO - epoch-8, train_loss-2.6149, train_rmse-1.6171, valid_rmse-1.4599, valid_pr-0.6137
2025-06-09 18:18:52 - INFO - epoch-9, train_loss-2.6518, train_rmse-1.6284, valid_rmse-1.4118, valid_pr-0.6471
2025-06-09 18:18:58 - INFO - epoch-10, train_loss-2.4878, train_rmse-1.5773, valid_rmse-1.4931, valid_pr-0.6500
2025-06-09 18:19:05 - INFO - epoch-11, train_loss-2.5167, train_rmse-1.5864, valid_rmse-1.4200, valid_pr-0.6459
2025-06-09 18:19:11 - INFO - epoch-12, train_loss-2.4296, train_rmse-1.5587, valid_rmse-1.5271, valid_pr-0.5739
2025-06-09 18:19:17 - INFO - epoch-13, train_loss-2.3974, train_rmse-1.5484, valid_rmse-1.4305, valid_pr-0.6408
2025-06-09 18:19:24 - INFO - epoch-14, train_loss-2.3296, train_rmse-1.5263, valid_rmse-1.4174, valid_pr-0.6508
2025-06-09 18:19:30 - INFO - epoch-15, train_loss-2.3016, train_rmse-1.5171, valid_rmse-1.3856, valid_pr-0.6612
2025-06-09 18:19:36 - INFO - epoch-16, train_loss-2.2732, train_rmse-1.5077, valid_rmse-1.4203, valid_pr-0.6533
2025-06-09 18:19:42 - INFO - epoch-17, train_loss-2.2497, train_rmse-1.4999, valid_rmse-1.4493, valid_pr-0.6553
2025-06-09 18:19:48 - INFO - epoch-18, train_loss-2.1767, train_rmse-1.4754, valid_rmse-1.4162, valid_pr-0.6505
2025-06-09 18:19:55 - INFO - epoch-19, train_loss-2.1472, train_rmse-1.4653, valid_rmse-1.3793, valid_pr-0.6648
2025-06-09 18:20:01 - INFO - epoch-20, train_loss-2.0914, train_rmse-1.4462, valid_rmse-1.4201, valid_pr-0.6572
2025-06-09 18:20:07 - INFO - epoch-21, train_loss-2.0223, train_rmse-1.4221, valid_rmse-1.4068, valid_pr-0.6534
2025-06-09 18:20:14 - INFO - epoch-22, train_loss-1.9679, train_rmse-1.4028, valid_rmse-1.4401, valid_pr-0.6404
2025-06-09 18:20:20 - INFO - epoch-23, train_loss-1.9402, train_rmse-1.3929, valid_rmse-1.3733, valid_pr-0.6706
2025-06-09 18:20:26 - INFO - epoch-24, train_loss-1.9172, train_rmse-1.3846, valid_rmse-1.3759, valid_pr-0.6839
2025-06-09 18:20:33 - INFO - epoch-25, train_loss-1.8689, train_rmse-1.3671, valid_rmse-1.3982, valid_pr-0.6674
2025-06-09 18:20:39 - INFO - epoch-26, train_loss-1.8597, train_rmse-1.3637, valid_rmse-1.4336, valid_pr-0.6511
2025-06-09 18:20:45 - INFO - epoch-27, train_loss-1.8043, train_rmse-1.3432, valid_rmse-1.3535, valid_pr-0.6934
2025-06-09 18:20:51 - INFO - epoch-28, train_loss-1.7975, train_rmse-1.3407, valid_rmse-1.4375, valid_pr-0.6613
2025-06-09 18:20:58 - INFO - epoch-29, train_loss-1.7361, train_rmse-1.3176, valid_rmse-1.3639, valid_pr-0.6801
2025-06-09 18:21:04 - INFO - epoch-30, train_loss-1.7127, train_rmse-1.3087, valid_rmse-1.4670, valid_pr-0.6265
2025-06-09 18:21:10 - INFO - epoch-31, train_loss-1.6250, train_rmse-1.2748, valid_rmse-1.3849, valid_pr-0.6772
2025-06-09 18:21:17 - INFO - epoch-32, train_loss-1.6069, train_rmse-1.2676, valid_rmse-1.4326, valid_pr-0.6817
2025-06-09 18:21:23 - INFO - epoch-33, train_loss-1.6174, train_rmse-1.2718, valid_rmse-1.3934, valid_pr-0.6731
2025-06-09 18:21:29 - INFO - epoch-34, train_loss-1.5860, train_rmse-1.2594, valid_rmse-1.3665, valid_pr-0.6875
2025-06-09 18:21:36 - INFO - epoch-35, train_loss-1.5740, train_rmse-1.2546, valid_rmse-1.3425, valid_pr-0.6960
2025-06-09 18:21:42 - INFO - epoch-36, train_loss-1.5034, train_rmse-1.2261, valid_rmse-1.3373, valid_pr-0.6945
2025-06-09 18:21:48 - INFO - epoch-37, train_loss-1.4736, train_rmse-1.2139, valid_rmse-1.3955, valid_pr-0.6716
2025-06-09 18:21:54 - INFO - epoch-38, train_loss-1.4638, train_rmse-1.2099, valid_rmse-1.3731, valid_pr-0.6968
2025-06-09 18:22:00 - INFO - epoch-39, train_loss-1.4090, train_rmse-1.1870, valid_rmse-1.3673, valid_pr-0.6792
2025-06-09 18:22:06 - INFO - epoch-40, train_loss-1.4059, train_rmse-1.1857, valid_rmse-1.3345, valid_pr-0.7063
2025-06-09 18:22:13 - INFO - epoch-41, train_loss-1.3861, train_rmse-1.1773, valid_rmse-1.3275, valid_pr-0.7059
2025-06-09 18:22:19 - INFO - epoch-42, train_loss-1.3216, train_rmse-1.1496, valid_rmse-1.3444, valid_pr-0.7009
2025-06-09 18:22:25 - INFO - epoch-43, train_loss-1.2523, train_rmse-1.1191, valid_rmse-1.3671, valid_pr-0.6894
2025-06-09 18:22:31 - INFO - epoch-44, train_loss-1.2673, train_rmse-1.1257, valid_rmse-1.3530, valid_pr-0.6948
2025-06-09 18:22:38 - INFO - epoch-45, train_loss-1.2353, train_rmse-1.1114, valid_rmse-1.3389, valid_pr-0.6947
2025-06-09 18:22:44 - INFO - epoch-46, train_loss-1.2034, train_rmse-1.0970, valid_rmse-1.3652, valid_pr-0.6907
2025-06-09 18:22:50 - INFO - epoch-47, train_loss-1.1937, train_rmse-1.0926, valid_rmse-1.3977, valid_pr-0.6899
2025-06-09 18:22:56 - INFO - epoch-48, train_loss-1.1099, train_rmse-1.0535, valid_rmse-1.3622, valid_pr-0.6973
2025-06-09 18:23:03 - INFO - epoch-49, train_loss-1.1434, train_rmse-1.0693, valid_rmse-1.3480, valid_pr-0.6942
2025-06-09 18:23:09 - INFO - epoch-50, train_loss-1.0944, train_rmse-1.0461, valid_rmse-1.3321, valid_pr-0.6954
2025-06-09 18:23:15 - INFO - epoch-51, train_loss-1.0967, train_rmse-1.0472, valid_rmse-1.3441, valid_pr-0.7009
2025-06-09 18:23:22 - INFO - epoch-52, train_loss-1.0426, train_rmse-1.0211, valid_rmse-1.4288, valid_pr-0.6549
2025-06-09 18:23:28 - INFO - epoch-53, train_loss-1.0345, train_rmse-1.0171, valid_rmse-1.3347, valid_pr-0.6976
2025-06-09 18:23:34 - INFO - epoch-54, train_loss-0.9745, train_rmse-0.9872, valid_rmse-1.3520, valid_pr-0.7172
2025-06-09 18:23:40 - INFO - epoch-55, train_loss-0.9730, train_rmse-0.9864, valid_rmse-1.3403, valid_pr-0.7043
2025-06-09 18:23:46 - INFO - epoch-56, train_loss-0.9661, train_rmse-0.9829, valid_rmse-1.2893, valid_pr-0.7216
2025-06-09 18:23:53 - INFO - epoch-57, train_loss-0.9393, train_rmse-0.9692, valid_rmse-1.3503, valid_pr-0.7038
2025-06-09 18:23:59 - INFO - epoch-58, train_loss-0.9233, train_rmse-0.9609, valid_rmse-1.3747, valid_pr-0.7019
2025-06-09 18:24:05 - INFO - epoch-59, train_loss-0.9053, train_rmse-0.9514, valid_rmse-1.3356, valid_pr-0.7111
2025-06-09 18:24:11 - INFO - epoch-60, train_loss-0.8810, train_rmse-0.9386, valid_rmse-1.3489, valid_pr-0.6935
2025-06-09 18:24:18 - INFO - epoch-61, train_loss-0.8430, train_rmse-0.9182, valid_rmse-1.3227, valid_pr-0.7123
2025-06-09 18:24:24 - INFO - epoch-62, train_loss-0.8464, train_rmse-0.9200, valid_rmse-1.3241, valid_pr-0.7110
2025-06-09 18:24:30 - INFO - epoch-63, train_loss-0.8154, train_rmse-0.9030, valid_rmse-1.3737, valid_pr-0.6955
2025-06-09 18:24:37 - INFO - epoch-64, train_loss-0.8240, train_rmse-0.9078, valid_rmse-1.3670, valid_pr-0.7046
2025-06-09 18:24:43 - INFO - epoch-65, train_loss-0.7781, train_rmse-0.8821, valid_rmse-1.3095, valid_pr-0.7101
2025-06-09 18:24:49 - INFO - epoch-66, train_loss-0.7511, train_rmse-0.8667, valid_rmse-1.3121, valid_pr-0.7146
2025-06-09 18:24:55 - INFO - epoch-67, train_loss-0.7541, train_rmse-0.8684, valid_rmse-1.3013, valid_pr-0.7227
2025-06-09 18:25:02 - INFO - epoch-68, train_loss-0.7434, train_rmse-0.8622, valid_rmse-1.3189, valid_pr-0.7149
2025-06-09 18:25:08 - INFO - epoch-69, train_loss-0.7195, train_rmse-0.8482, valid_rmse-1.3553, valid_pr-0.6958
2025-06-09 18:25:14 - INFO - epoch-70, train_loss-0.6949, train_rmse-0.8336, valid_rmse-1.3467, valid_pr-0.6981
2025-06-09 18:25:20 - INFO - epoch-71, train_loss-0.6974, train_rmse-0.8351, valid_rmse-1.3378, valid_pr-0.7087
2025-06-09 18:25:27 - INFO - epoch-72, train_loss-0.6815, train_rmse-0.8256, valid_rmse-1.3300, valid_pr-0.7174
2025-06-09 18:25:33 - INFO - epoch-73, train_loss-0.6569, train_rmse-0.8105, valid_rmse-1.3384, valid_pr-0.7116
2025-06-09 18:25:39 - INFO - epoch-74, train_loss-0.6448, train_rmse-0.8030, valid_rmse-1.3432, valid_pr-0.7144
2025-06-09 18:25:45 - INFO - epoch-75, train_loss-0.6173, train_rmse-0.7857, valid_rmse-1.3535, valid_pr-0.7040
2025-06-09 18:25:51 - INFO - epoch-76, train_loss-0.6316, train_rmse-0.7948, valid_rmse-1.3190, valid_pr-0.7066
2025-06-09 18:25:57 - INFO - epoch-77, train_loss-0.6353, train_rmse-0.7970, valid_rmse-1.3048, valid_pr-0.7198
2025-06-09 18:26:04 - INFO - epoch-78, train_loss-0.5964, train_rmse-0.7723, valid_rmse-1.3325, valid_pr-0.7101
2025-06-09 18:26:10 - INFO - epoch-79, train_loss-0.6019, train_rmse-0.7758, valid_rmse-1.3118, valid_pr-0.7226
2025-06-09 18:26:16 - INFO - epoch-80, train_loss-0.5862, train_rmse-0.7656, valid_rmse-1.2929, valid_pr-0.7184
2025-06-09 18:26:22 - INFO - epoch-81, train_loss-0.5799, train_rmse-0.7615, valid_rmse-1.3163, valid_pr-0.7176
2025-06-09 18:26:28 - INFO - epoch-82, train_loss-0.5889, train_rmse-0.7674, valid_rmse-1.3201, valid_pr-0.7155
2025-06-09 18:26:34 - INFO - epoch-83, train_loss-0.5710, train_rmse-0.7557, valid_rmse-1.3128, valid_pr-0.7141
2025-06-09 18:26:41 - INFO - epoch-84, train_loss-0.5316, train_rmse-0.7291, valid_rmse-1.2847, valid_pr-0.7260
2025-06-09 18:26:47 - INFO - epoch-85, train_loss-0.5271, train_rmse-0.7260, valid_rmse-1.3304, valid_pr-0.7155
2025-06-09 18:26:53 - INFO - epoch-86, train_loss-0.5178, train_rmse-0.7196, valid_rmse-1.3130, valid_pr-0.7241
2025-06-09 18:27:00 - INFO - epoch-87, train_loss-0.5275, train_rmse-0.7263, valid_rmse-1.3223, valid_pr-0.7096
2025-06-09 18:27:07 - INFO - epoch-88, train_loss-0.5326, train_rmse-0.7298, valid_rmse-1.3158, valid_pr-0.7138
2025-06-09 18:27:13 - INFO - epoch-89, train_loss-0.5116, train_rmse-0.7153, valid_rmse-1.3291, valid_pr-0.7222
2025-06-09 18:27:19 - INFO - epoch-90, train_loss-0.5017, train_rmse-0.7083, valid_rmse-1.2982, valid_pr-0.7266
2025-06-09 18:27:26 - INFO - epoch-91, train_loss-0.5097, train_rmse-0.7139, valid_rmse-1.3198, valid_pr-0.7163
2025-06-09 18:27:32 - INFO - epoch-92, train_loss-0.5128, train_rmse-0.7161, valid_rmse-1.3136, valid_pr-0.7244
2025-06-09 18:27:38 - INFO - epoch-93, train_loss-0.4945, train_rmse-0.7032, valid_rmse-1.3076, valid_pr-0.7227
2025-06-09 18:27:45 - INFO - epoch-94, train_loss-0.4689, train_rmse-0.6848, valid_rmse-1.3239, valid_pr-0.7153
2025-06-09 18:27:51 - INFO - epoch-95, train_loss-0.4729, train_rmse-0.6876, valid_rmse-1.3087, valid_pr-0.7150
2025-06-09 18:27:58 - INFO - epoch-96, train_loss-0.4631, train_rmse-0.6805, valid_rmse-1.3559, valid_pr-0.7177
2025-06-09 18:28:04 - INFO - epoch-97, train_loss-0.4472, train_rmse-0.6688, valid_rmse-1.3015, valid_pr-0.7223
2025-06-09 18:28:11 - INFO - epoch-98, train_loss-0.4542, train_rmse-0.6739, valid_rmse-1.2740, valid_pr-0.7281
2025-06-09 18:28:17 - INFO - epoch-99, train_loss-0.4516, train_rmse-0.6720, valid_rmse-1.3209, valid_pr-0.7253
2025-06-09 18:28:24 - INFO - epoch-100, train_loss-0.4454, train_rmse-0.6674, valid_rmse-1.2806, valid_pr-0.7324
2025-06-09 18:28:30 - INFO - epoch-101, train_loss-0.4251, train_rmse-0.6520, valid_rmse-1.2818, valid_pr-0.7327
2025-06-09 18:28:37 - INFO - epoch-102, train_loss-0.4136, train_rmse-0.6431, valid_rmse-1.3185, valid_pr-0.7267
2025-06-09 18:28:43 - INFO - epoch-103, train_loss-0.4385, train_rmse-0.6622, valid_rmse-1.3104, valid_pr-0.7130
2025-06-09 18:28:50 - INFO - epoch-104, train_loss-0.4205, train_rmse-0.6484, valid_rmse-1.2878, valid_pr-0.7331
2025-06-09 18:28:56 - INFO - epoch-105, train_loss-0.4017, train_rmse-0.6338, valid_rmse-1.2837, valid_pr-0.7297
2025-06-09 18:29:02 - INFO - epoch-106, train_loss-0.4132, train_rmse-0.6428, valid_rmse-1.3371, valid_pr-0.7073
2025-06-09 18:29:08 - INFO - epoch-107, train_loss-0.4170, train_rmse-0.6458, valid_rmse-1.2964, valid_pr-0.7235
2025-06-09 18:29:15 - INFO - epoch-108, train_loss-0.3980, train_rmse-0.6309, valid_rmse-1.3181, valid_pr-0.7228
2025-06-09 18:29:21 - INFO - epoch-109, train_loss-0.3887, train_rmse-0.6234, valid_rmse-1.2975, valid_pr-0.7299
2025-06-09 18:29:27 - INFO - epoch-110, train_loss-0.3829, train_rmse-0.6188, valid_rmse-1.3055, valid_pr-0.7161
2025-06-09 18:29:33 - INFO - epoch-111, train_loss-0.3928, train_rmse-0.6267, valid_rmse-1.3258, valid_pr-0.7174
2025-06-09 18:29:40 - INFO - epoch-112, train_loss-0.3836, train_rmse-0.6194, valid_rmse-1.2968, valid_pr-0.7299
2025-06-09 18:29:46 - INFO - epoch-113, train_loss-0.3806, train_rmse-0.6170, valid_rmse-1.2937, valid_pr-0.7226
2025-06-09 18:29:52 - INFO - epoch-114, train_loss-0.3712, train_rmse-0.6093, valid_rmse-1.3021, valid_pr-0.7199
2025-06-09 18:29:58 - INFO - epoch-115, train_loss-0.3745, train_rmse-0.6119, valid_rmse-1.2868, valid_pr-0.7312
2025-06-09 18:30:04 - INFO - epoch-116, train_loss-0.3680, train_rmse-0.6066, valid_rmse-1.3088, valid_pr-0.7227
2025-06-09 18:30:11 - INFO - epoch-117, train_loss-0.3572, train_rmse-0.5977, valid_rmse-1.3150, valid_pr-0.7241
2025-06-09 18:30:17 - INFO - epoch-118, train_loss-0.3671, train_rmse-0.6059, valid_rmse-1.3368, valid_pr-0.7300
2025-06-09 18:30:23 - INFO - epoch-119, train_loss-0.3442, train_rmse-0.5867, valid_rmse-1.3127, valid_pr-0.7168
2025-06-09 18:30:29 - INFO - epoch-120, train_loss-0.3539, train_rmse-0.5949, valid_rmse-1.2806, valid_pr-0.7276
2025-06-09 18:30:35 - INFO - epoch-121, train_loss-0.3576, train_rmse-0.5980, valid_rmse-1.3371, valid_pr-0.7194
2025-06-09 18:30:41 - INFO - epoch-122, train_loss-0.3572, train_rmse-0.5977, valid_rmse-1.3136, valid_pr-0.7300
2025-06-09 18:30:48 - INFO - epoch-123, train_loss-0.3407, train_rmse-0.5837, valid_rmse-1.2823, valid_pr-0.7349
2025-06-09 18:30:54 - INFO - epoch-124, train_loss-0.3492, train_rmse-0.5909, valid_rmse-1.3057, valid_pr-0.7238
2025-06-09 18:31:00 - INFO - epoch-125, train_loss-0.3338, train_rmse-0.5778, valid_rmse-1.2882, valid_pr-0.7246
2025-06-09 18:31:06 - INFO - epoch-126, train_loss-0.3299, train_rmse-0.5744, valid_rmse-1.2961, valid_pr-0.7265
2025-06-09 18:31:12 - INFO - epoch-127, train_loss-0.3301, train_rmse-0.5746, valid_rmse-1.3260, valid_pr-0.7266
2025-06-09 18:31:18 - INFO - epoch-128, train_loss-0.3257, train_rmse-0.5707, valid_rmse-1.2886, valid_pr-0.7330
2025-06-09 18:31:25 - INFO - epoch-129, train_loss-0.3325, train_rmse-0.5766, valid_rmse-1.2822, valid_pr-0.7337
2025-06-09 18:31:31 - INFO - epoch-130, train_loss-0.3141, train_rmse-0.5605, valid_rmse-1.2836, valid_pr-0.7259
2025-06-09 18:31:37 - INFO - epoch-131, train_loss-0.3338, train_rmse-0.5778, valid_rmse-1.2882, valid_pr-0.7312
2025-06-09 18:31:43 - INFO - epoch-132, train_loss-0.3265, train_rmse-0.5714, valid_rmse-1.2973, valid_pr-0.7289
2025-06-09 18:31:50 - INFO - epoch-133, train_loss-0.3268, train_rmse-0.5717, valid_rmse-1.2823, valid_pr-0.7281
2025-06-09 18:31:56 - INFO - epoch-134, train_loss-0.3266, train_rmse-0.5715, valid_rmse-1.3077, valid_pr-0.7215
2025-06-09 18:32:02 - INFO - epoch-135, train_loss-0.3100, train_rmse-0.5568, valid_rmse-1.2832, valid_pr-0.7364
2025-06-09 18:32:08 - INFO - epoch-136, train_loss-0.3175, train_rmse-0.5635, valid_rmse-1.3113, valid_pr-0.7150
2025-06-09 18:32:14 - INFO - epoch-137, train_loss-0.3210, train_rmse-0.5666, valid_rmse-1.3229, valid_pr-0.7192
2025-06-09 18:32:21 - INFO - epoch-138, train_loss-0.2996, train_rmse-0.5473, valid_rmse-1.2824, valid_pr-0.7311
2025-06-09 18:32:27 - INFO - epoch-139, train_loss-0.2996, train_rmse-0.5473, valid_rmse-1.2871, valid_pr-0.7257
2025-06-09 18:32:33 - INFO - epoch-140, train_loss-0.2994, train_rmse-0.5472, valid_rmse-1.3067, valid_pr-0.7297
2025-06-09 18:32:40 - INFO - epoch-141, train_loss-0.2903, train_rmse-0.5388, valid_rmse-1.3191, valid_pr-0.7189
2025-06-09 18:32:46 - INFO - epoch-142, train_loss-0.2867, train_rmse-0.5354, valid_rmse-1.2977, valid_pr-0.7219
2025-06-09 18:32:52 - INFO - epoch-143, train_loss-0.2851, train_rmse-0.5340, valid_rmse-1.3008, valid_pr-0.7230
2025-06-09 18:32:58 - INFO - epoch-144, train_loss-0.2940, train_rmse-0.5422, valid_rmse-1.3222, valid_pr-0.7192
2025-06-09 18:33:05 - INFO - epoch-145, train_loss-0.2873, train_rmse-0.5360, valid_rmse-1.3243, valid_pr-0.7154
2025-06-09 18:33:11 - INFO - epoch-146, train_loss-0.2764, train_rmse-0.5257, valid_rmse-1.3008, valid_pr-0.7260
2025-06-09 18:33:17 - INFO - epoch-147, train_loss-0.2722, train_rmse-0.5217, valid_rmse-1.2774, valid_pr-0.7282
2025-06-09 18:33:24 - INFO - epoch-148, train_loss-0.2940, train_rmse-0.5422, valid_rmse-1.3077, valid_pr-0.7224
2025-06-09 18:33:30 - INFO - epoch-149, train_loss-0.2925, train_rmse-0.5408, valid_rmse-1.2827, valid_pr-0.7263
2025-06-09 18:33:36 - INFO - epoch-150, train_loss-0.2768, train_rmse-0.5261, valid_rmse-1.2987, valid_pr-0.7269
2025-06-09 18:33:42 - INFO - epoch-151, train_loss-0.2786, train_rmse-0.5278, valid_rmse-1.3029, valid_pr-0.7218
2025-06-09 18:33:49 - INFO - epoch-152, train_loss-0.2675, train_rmse-0.5172, valid_rmse-1.3134, valid_pr-0.7120
2025-06-09 18:33:55 - INFO - epoch-153, train_loss-0.2768, train_rmse-0.5261, valid_rmse-1.3038, valid_pr-0.7302
2025-06-09 18:34:01 - INFO - epoch-154, train_loss-0.2605, train_rmse-0.5104, valid_rmse-1.3151, valid_pr-0.7354
2025-06-09 18:34:08 - INFO - epoch-155, train_loss-0.2522, train_rmse-0.5022, valid_rmse-1.2819, valid_pr-0.7357
2025-06-09 18:34:14 - INFO - epoch-156, train_loss-0.2635, train_rmse-0.5133, valid_rmse-1.2818, valid_pr-0.7278
2025-06-09 18:34:20 - INFO - epoch-157, train_loss-0.2692, train_rmse-0.5188, valid_rmse-1.3221, valid_pr-0.7155
2025-06-09 18:34:26 - INFO - epoch-158, train_loss-0.2532, train_rmse-0.5032, valid_rmse-1.2933, valid_pr-0.7244
2025-06-09 18:34:32 - INFO - epoch-159, train_loss-0.2471, train_rmse-0.4971, valid_rmse-1.2816, valid_pr-0.7313
2025-06-09 18:34:38 - INFO - epoch-160, train_loss-0.2573, train_rmse-0.5073, valid_rmse-1.2887, valid_pr-0.7233
2025-06-09 18:34:45 - INFO - epoch-161, train_loss-0.2550, train_rmse-0.5050, valid_rmse-1.2720, valid_pr-0.7330
2025-06-09 18:34:51 - INFO - epoch-162, train_loss-0.2556, train_rmse-0.5056, valid_rmse-1.2683, valid_pr-0.7341
2025-06-09 18:34:57 - INFO - epoch-163, train_loss-0.2675, train_rmse-0.5172, valid_rmse-1.2875, valid_pr-0.7287
2025-06-09 18:35:03 - INFO - epoch-164, train_loss-0.2475, train_rmse-0.4974, valid_rmse-1.2862, valid_pr-0.7296
2025-06-09 18:35:10 - INFO - epoch-165, train_loss-0.2465, train_rmse-0.4965, valid_rmse-1.2504, valid_pr-0.7425
2025-06-09 18:35:16 - INFO - epoch-166, train_loss-0.2343, train_rmse-0.4840, valid_rmse-1.2814, valid_pr-0.7310
2025-06-09 18:35:22 - INFO - epoch-167, train_loss-0.2454, train_rmse-0.4954, valid_rmse-1.2872, valid_pr-0.7263
2025-06-09 18:35:28 - INFO - epoch-168, train_loss-0.2579, train_rmse-0.5078, valid_rmse-1.2969, valid_pr-0.7180
2025-06-09 18:35:35 - INFO - epoch-169, train_loss-0.2440, train_rmse-0.4939, valid_rmse-1.2856, valid_pr-0.7350
2025-06-09 18:35:41 - INFO - epoch-170, train_loss-0.2553, train_rmse-0.5053, valid_rmse-1.2657, valid_pr-0.7369
2025-06-09 18:35:47 - INFO - epoch-171, train_loss-0.2456, train_rmse-0.4956, valid_rmse-1.2724, valid_pr-0.7306
2025-06-09 18:35:53 - INFO - epoch-172, train_loss-0.2528, train_rmse-0.5028, valid_rmse-1.3056, valid_pr-0.7217
2025-06-09 18:35:59 - INFO - epoch-173, train_loss-0.2458, train_rmse-0.4958, valid_rmse-1.2632, valid_pr-0.7373
2025-06-09 18:36:06 - INFO - epoch-174, train_loss-0.2344, train_rmse-0.4841, valid_rmse-1.3031, valid_pr-0.7176
2025-06-09 18:36:12 - INFO - epoch-175, train_loss-0.2391, train_rmse-0.4890, valid_rmse-1.2909, valid_pr-0.7250
2025-06-09 18:36:18 - INFO - epoch-176, train_loss-0.2418, train_rmse-0.4917, valid_rmse-1.2983, valid_pr-0.7327
2025-06-09 18:36:24 - INFO - epoch-177, train_loss-0.2386, train_rmse-0.4885, valid_rmse-1.2696, valid_pr-0.7314
2025-06-09 18:36:31 - INFO - epoch-178, train_loss-0.2395, train_rmse-0.4893, valid_rmse-1.2940, valid_pr-0.7337
2025-06-09 18:36:37 - INFO - epoch-179, train_loss-0.2342, train_rmse-0.4839, valid_rmse-1.3130, valid_pr-0.7273
2025-06-09 18:36:43 - INFO - epoch-180, train_loss-0.2314, train_rmse-0.4810, valid_rmse-1.2875, valid_pr-0.7219
2025-06-09 18:36:50 - INFO - epoch-181, train_loss-0.2402, train_rmse-0.4901, valid_rmse-1.2580, valid_pr-0.7430
2025-06-09 18:36:56 - INFO - epoch-182, train_loss-0.2261, train_rmse-0.4755, valid_rmse-1.2885, valid_pr-0.7340
2025-06-09 18:37:03 - INFO - epoch-183, train_loss-0.2182, train_rmse-0.4671, valid_rmse-1.2892, valid_pr-0.7228
2025-06-09 18:37:09 - INFO - epoch-184, train_loss-0.2384, train_rmse-0.4883, valid_rmse-1.2854, valid_pr-0.7262
2025-06-09 18:37:15 - INFO - epoch-185, train_loss-0.2366, train_rmse-0.4864, valid_rmse-1.2836, valid_pr-0.7298
2025-06-09 18:37:22 - INFO - epoch-186, train_loss-0.2221, train_rmse-0.4713, valid_rmse-1.2745, valid_pr-0.7351
2025-06-09 18:37:28 - INFO - epoch-187, train_loss-0.2289, train_rmse-0.4785, valid_rmse-1.2859, valid_pr-0.7292
2025-06-09 18:37:34 - INFO - epoch-188, train_loss-0.2083, train_rmse-0.4565, valid_rmse-1.3155, valid_pr-0.7220
2025-06-09 18:37:40 - INFO - epoch-189, train_loss-0.2114, train_rmse-0.4598, valid_rmse-1.2927, valid_pr-0.7315
2025-06-09 18:37:47 - INFO - epoch-190, train_loss-0.2265, train_rmse-0.4759, valid_rmse-1.2884, valid_pr-0.7224
2025-06-09 18:37:53 - INFO - epoch-191, train_loss-0.2235, train_rmse-0.4727, valid_rmse-1.2886, valid_pr-0.7347
2025-06-09 18:37:59 - INFO - epoch-192, train_loss-0.2310, train_rmse-0.4807, valid_rmse-1.2715, valid_pr-0.7309
2025-06-09 18:38:06 - INFO - epoch-193, train_loss-0.2236, train_rmse-0.4728, valid_rmse-1.2857, valid_pr-0.7363
2025-06-09 18:38:12 - INFO - epoch-194, train_loss-0.2276, train_rmse-0.4771, valid_rmse-1.3019, valid_pr-0.7316
2025-06-09 18:38:19 - INFO - epoch-195, train_loss-0.2253, train_rmse-0.4747, valid_rmse-1.2888, valid_pr-0.7283
2025-06-09 18:38:25 - INFO - epoch-196, train_loss-0.2225, train_rmse-0.4717, valid_rmse-1.2752, valid_pr-0.7291
2025-06-09 18:38:31 - INFO - epoch-197, train_loss-0.2093, train_rmse-0.4574, valid_rmse-1.2988, valid_pr-0.7252
2025-06-09 18:38:38 - INFO - epoch-198, train_loss-0.2092, train_rmse-0.4574, valid_rmse-1.3355, valid_pr-0.7180
2025-06-09 18:38:44 - INFO - epoch-199, train_loss-0.2230, train_rmse-0.4722, valid_rmse-1.2541, valid_pr-0.7411
2025-06-09 18:38:51 - INFO - epoch-200, train_loss-0.2204, train_rmse-0.4695, valid_rmse-1.2959, valid_pr-0.7363
2025-06-09 18:38:57 - INFO - epoch-201, train_loss-0.2138, train_rmse-0.4624, valid_rmse-1.2601, valid_pr-0.7342
2025-06-09 18:39:04 - INFO - epoch-202, train_loss-0.2092, train_rmse-0.4573, valid_rmse-1.3036, valid_pr-0.7381
2025-06-09 18:39:10 - INFO - epoch-203, train_loss-0.2084, train_rmse-0.4565, valid_rmse-1.2933, valid_pr-0.7298
2025-06-09 18:39:17 - INFO - epoch-204, train_loss-0.2125, train_rmse-0.4610, valid_rmse-1.2820, valid_pr-0.7276
2025-06-09 18:39:23 - INFO - epoch-205, train_loss-0.2089, train_rmse-0.4570, valid_rmse-1.2845, valid_pr-0.7310
2025-06-09 18:39:29 - INFO - epoch-206, train_loss-0.2088, train_rmse-0.4570, valid_rmse-1.2886, valid_pr-0.7264
2025-06-09 18:39:36 - INFO - epoch-207, train_loss-0.2146, train_rmse-0.4633, valid_rmse-1.2682, valid_pr-0.7346
2025-06-09 18:39:42 - INFO - epoch-208, train_loss-0.2124, train_rmse-0.4609, valid_rmse-1.2825, valid_pr-0.7310
2025-06-09 18:39:48 - INFO - epoch-209, train_loss-0.2084, train_rmse-0.4565, valid_rmse-1.2784, valid_pr-0.7333
2025-06-09 18:39:54 - INFO - epoch-210, train_loss-0.2072, train_rmse-0.4552, valid_rmse-1.2733, valid_pr-0.7420
2025-06-09 18:40:01 - INFO - epoch-211, train_loss-0.2168, train_rmse-0.4657, valid_rmse-1.3122, valid_pr-0.7248
2025-06-09 18:40:07 - INFO - epoch-212, train_loss-0.2015, train_rmse-0.4489, valid_rmse-1.2725, valid_pr-0.7278
2025-06-09 18:40:13 - INFO - epoch-213, train_loss-0.1929, train_rmse-0.4393, valid_rmse-1.2860, valid_pr-0.7356
2025-06-09 18:40:19 - INFO - epoch-214, train_loss-0.1991, train_rmse-0.4462, valid_rmse-1.2715, valid_pr-0.7395
2025-06-09 18:40:26 - INFO - epoch-215, train_loss-0.1981, train_rmse-0.4451, valid_rmse-1.3019, valid_pr-0.7370
2025-06-09 18:40:32 - INFO - epoch-216, train_loss-0.2071, train_rmse-0.4551, valid_rmse-1.2723, valid_pr-0.7322
2025-06-09 18:40:38 - INFO - epoch-217, train_loss-0.1913, train_rmse-0.4374, valid_rmse-1.3277, valid_pr-0.7222
2025-06-09 18:40:44 - INFO - epoch-218, train_loss-0.1968, train_rmse-0.4436, valid_rmse-1.2583, valid_pr-0.7419
2025-06-09 18:40:51 - INFO - epoch-219, train_loss-0.1982, train_rmse-0.4452, valid_rmse-1.2640, valid_pr-0.7349
2025-06-09 18:40:57 - INFO - epoch-220, train_loss-0.1875, train_rmse-0.4331, valid_rmse-1.2746, valid_pr-0.7372
2025-06-09 18:41:03 - INFO - epoch-221, train_loss-0.1908, train_rmse-0.4368, valid_rmse-1.2551, valid_pr-0.7365
2025-06-09 18:41:09 - INFO - epoch-222, train_loss-0.1945, train_rmse-0.4410, valid_rmse-1.2970, valid_pr-0.7325
2025-06-09 18:41:16 - INFO - epoch-223, train_loss-0.1886, train_rmse-0.4343, valid_rmse-1.2859, valid_pr-0.7297
2025-06-09 18:41:22 - INFO - epoch-224, train_loss-0.1940, train_rmse-0.4405, valid_rmse-1.2852, valid_pr-0.7262
2025-06-09 18:41:28 - INFO - epoch-225, train_loss-0.1912, train_rmse-0.4373, valid_rmse-1.2825, valid_pr-0.7300
2025-06-09 18:41:34 - INFO - epoch-226, train_loss-0.1943, train_rmse-0.4407, valid_rmse-1.2991, valid_pr-0.7232
2025-06-09 18:41:41 - INFO - epoch-227, train_loss-0.1892, train_rmse-0.4350, valid_rmse-1.2930, valid_pr-0.7294
2025-06-09 18:41:47 - INFO - epoch-228, train_loss-0.1810, train_rmse-0.4255, valid_rmse-1.2712, valid_pr-0.7323
2025-06-09 18:41:53 - INFO - epoch-229, train_loss-0.1826, train_rmse-0.4273, valid_rmse-1.2615, valid_pr-0.7424
2025-06-09 18:41:59 - INFO - epoch-230, train_loss-0.1857, train_rmse-0.4309, valid_rmse-1.2788, valid_pr-0.7347
2025-06-09 18:42:06 - INFO - epoch-231, train_loss-0.1861, train_rmse-0.4314, valid_rmse-1.2875, valid_pr-0.7281
2025-06-09 18:42:12 - INFO - epoch-232, train_loss-0.1899, train_rmse-0.4358, valid_rmse-1.2952, valid_pr-0.7305
2025-06-09 18:42:18 - INFO - epoch-233, train_loss-0.1784, train_rmse-0.4223, valid_rmse-1.2705, valid_pr-0.7406
2025-06-09 18:42:24 - INFO - epoch-234, train_loss-0.1899, train_rmse-0.4358, valid_rmse-1.2949, valid_pr-0.7285
2025-06-09 18:42:31 - INFO - epoch-235, train_loss-0.1862, train_rmse-0.4315, valid_rmse-1.2926, valid_pr-0.7419
2025-06-09 18:42:37 - INFO - epoch-236, train_loss-0.1955, train_rmse-0.4421, valid_rmse-1.2633, valid_pr-0.7356
2025-06-09 18:42:43 - INFO - epoch-237, train_loss-0.1825, train_rmse-0.4273, valid_rmse-1.2586, valid_pr-0.7407
2025-06-09 18:42:49 - INFO - epoch-238, train_loss-0.1927, train_rmse-0.4389, valid_rmse-1.2741, valid_pr-0.7329
2025-06-09 18:42:56 - INFO - epoch-239, train_loss-0.1823, train_rmse-0.4269, valid_rmse-1.2630, valid_pr-0.7386
2025-06-09 18:43:02 - INFO - epoch-240, train_loss-0.1725, train_rmse-0.4153, valid_rmse-1.2812, valid_pr-0.7336
2025-06-09 18:43:08 - INFO - epoch-241, train_loss-0.1859, train_rmse-0.4312, valid_rmse-1.2646, valid_pr-0.7424
2025-06-09 18:43:15 - INFO - epoch-242, train_loss-0.1815, train_rmse-0.4260, valid_rmse-1.2896, valid_pr-0.7298
2025-06-09 18:43:21 - INFO - epoch-243, train_loss-0.1933, train_rmse-0.4397, valid_rmse-1.2753, valid_pr-0.7296
2025-06-09 18:43:27 - INFO - epoch-244, train_loss-0.1894, train_rmse-0.4352, valid_rmse-1.2817, valid_pr-0.7349
2025-06-09 18:43:33 - INFO - epoch-245, train_loss-0.1709, train_rmse-0.4134, valid_rmse-1.2643, valid_pr-0.7369
2025-06-09 18:43:39 - INFO - epoch-246, train_loss-0.1686, train_rmse-0.4106, valid_rmse-1.2808, valid_pr-0.7374
2025-06-09 18:43:46 - INFO - epoch-247, train_loss-0.1785, train_rmse-0.4225, valid_rmse-1.2873, valid_pr-0.7298
2025-06-09 18:43:52 - INFO - epoch-248, train_loss-0.1754, train_rmse-0.4188, valid_rmse-1.3362, valid_pr-0.7297
2025-06-09 18:43:58 - INFO - epoch-249, train_loss-0.1839, train_rmse-0.4288, valid_rmse-1.2825, valid_pr-0.7366
2025-06-09 18:44:04 - INFO - epoch-250, train_loss-0.1669, train_rmse-0.4085, valid_rmse-1.2948, valid_pr-0.7244
2025-06-09 18:44:11 - INFO - epoch-251, train_loss-0.1829, train_rmse-0.4276, valid_rmse-1.2781, valid_pr-0.7366
2025-06-09 18:44:17 - INFO - epoch-252, train_loss-0.1800, train_rmse-0.4243, valid_rmse-1.2976, valid_pr-0.7308
2025-06-09 18:44:23 - INFO - epoch-253, train_loss-0.1671, train_rmse-0.4088, valid_rmse-1.2868, valid_pr-0.7292
2025-06-09 18:44:30 - INFO - epoch-254, train_loss-0.1756, train_rmse-0.4190, valid_rmse-1.2730, valid_pr-0.7330
2025-06-09 18:44:36 - INFO - epoch-255, train_loss-0.1880, train_rmse-0.4336, valid_rmse-1.2616, valid_pr-0.7462
2025-06-09 18:44:42 - INFO - epoch-256, train_loss-0.1828, train_rmse-0.4275, valid_rmse-1.2663, valid_pr-0.7399
2025-06-09 18:44:48 - INFO - epoch-257, train_loss-0.1669, train_rmse-0.4085, valid_rmse-1.2785, valid_pr-0.7364
2025-06-09 18:44:55 - INFO - epoch-258, train_loss-0.1752, train_rmse-0.4185, valid_rmse-1.2405, valid_pr-0.7491
2025-06-09 18:45:01 - INFO - epoch-259, train_loss-0.1649, train_rmse-0.4060, valid_rmse-1.2774, valid_pr-0.7368
2025-06-09 18:45:07 - INFO - epoch-260, train_loss-0.1545, train_rmse-0.3930, valid_rmse-1.2872, valid_pr-0.7309
2025-06-09 18:45:14 - INFO - epoch-261, train_loss-0.1652, train_rmse-0.4065, valid_rmse-1.2823, valid_pr-0.7367
2025-06-09 18:45:20 - INFO - epoch-262, train_loss-0.1595, train_rmse-0.3993, valid_rmse-1.2644, valid_pr-0.7336
2025-06-09 18:45:26 - INFO - epoch-263, train_loss-0.1680, train_rmse-0.4098, valid_rmse-1.2671, valid_pr-0.7342
2025-06-09 18:45:32 - INFO - epoch-264, train_loss-0.1685, train_rmse-0.4105, valid_rmse-1.2472, valid_pr-0.7446
2025-06-09 18:45:39 - INFO - epoch-265, train_loss-0.1731, train_rmse-0.4160, valid_rmse-1.2630, valid_pr-0.7356
2025-06-09 18:45:45 - INFO - epoch-266, train_loss-0.1732, train_rmse-0.4161, valid_rmse-1.2758, valid_pr-0.7358
2025-06-09 18:45:51 - INFO - epoch-267, train_loss-0.1655, train_rmse-0.4068, valid_rmse-1.2561, valid_pr-0.7426
2025-06-09 18:45:57 - INFO - epoch-268, train_loss-0.1649, train_rmse-0.4060, valid_rmse-1.2765, valid_pr-0.7331
2025-06-09 18:46:03 - INFO - epoch-269, train_loss-0.1643, train_rmse-0.4054, valid_rmse-1.2824, valid_pr-0.7410
2025-06-09 18:46:10 - INFO - epoch-270, train_loss-0.1645, train_rmse-0.4056, valid_rmse-1.2607, valid_pr-0.7454
2025-06-09 18:46:16 - INFO - epoch-271, train_loss-0.1612, train_rmse-0.4014, valid_rmse-1.2443, valid_pr-0.7461
2025-06-09 18:46:22 - INFO - epoch-272, train_loss-0.1591, train_rmse-0.3989, valid_rmse-1.2682, valid_pr-0.7404
2025-06-09 18:46:29 - INFO - epoch-273, train_loss-0.1633, train_rmse-0.4041, valid_rmse-1.2689, valid_pr-0.7430
2025-06-09 18:46:35 - INFO - epoch-274, train_loss-0.1577, train_rmse-0.3971, valid_rmse-1.2564, valid_pr-0.7419
2025-06-09 18:46:42 - INFO - epoch-275, train_loss-0.1583, train_rmse-0.3979, valid_rmse-1.2717, valid_pr-0.7377
2025-06-09 18:46:48 - INFO - epoch-276, train_loss-0.1676, train_rmse-0.4094, valid_rmse-1.2696, valid_pr-0.7357
2025-06-09 18:46:54 - INFO - epoch-277, train_loss-0.1681, train_rmse-0.4100, valid_rmse-1.2721, valid_pr-0.7305
2025-06-09 18:47:00 - INFO - epoch-278, train_loss-0.1609, train_rmse-0.4012, valid_rmse-1.2555, valid_pr-0.7429
2025-06-09 18:47:07 - INFO - epoch-279, train_loss-0.1606, train_rmse-0.4008, valid_rmse-1.2762, valid_pr-0.7356
2025-06-09 18:47:13 - INFO - epoch-280, train_loss-0.1647, train_rmse-0.4058, valid_rmse-1.2597, valid_pr-0.7396
2025-06-09 18:47:19 - INFO - epoch-281, train_loss-0.1648, train_rmse-0.4060, valid_rmse-1.2783, valid_pr-0.7385
2025-06-09 18:47:26 - INFO - epoch-282, train_loss-0.1541, train_rmse-0.3926, valid_rmse-1.2524, valid_pr-0.7378
2025-06-09 18:47:32 - INFO - epoch-283, train_loss-0.1573, train_rmse-0.3966, valid_rmse-1.2609, valid_pr-0.7355
2025-06-09 18:47:38 - INFO - epoch-284, train_loss-0.1574, train_rmse-0.3968, valid_rmse-1.2957, valid_pr-0.7304
2025-06-09 18:47:45 - INFO - epoch-285, train_loss-0.1562, train_rmse-0.3952, valid_rmse-1.2811, valid_pr-0.7283
2025-06-09 18:47:51 - INFO - epoch-286, train_loss-0.1477, train_rmse-0.3844, valid_rmse-1.2369, valid_pr-0.7467
2025-06-09 18:47:58 - INFO - epoch-287, train_loss-0.1502, train_rmse-0.3875, valid_rmse-1.2467, valid_pr-0.7411
2025-06-09 18:48:04 - INFO - epoch-288, train_loss-0.1499, train_rmse-0.3872, valid_rmse-1.2702, valid_pr-0.7390
2025-06-09 18:48:10 - INFO - epoch-289, train_loss-0.1508, train_rmse-0.3883, valid_rmse-1.2525, valid_pr-0.7419
2025-06-09 18:48:17 - INFO - epoch-290, train_loss-0.1605, train_rmse-0.4006, valid_rmse-1.2661, valid_pr-0.7466
2025-06-09 18:48:23 - INFO - epoch-291, train_loss-0.1520, train_rmse-0.3898, valid_rmse-1.2702, valid_pr-0.7375
2025-06-09 18:48:30 - INFO - epoch-292, train_loss-0.1525, train_rmse-0.3905, valid_rmse-1.2693, valid_pr-0.7409
2025-06-09 18:48:36 - INFO - epoch-293, train_loss-0.1512, train_rmse-0.3888, valid_rmse-1.2608, valid_pr-0.7410
2025-06-09 18:48:42 - INFO - epoch-294, train_loss-0.1653, train_rmse-0.4065, valid_rmse-1.2767, valid_pr-0.7302
2025-06-09 18:48:49 - INFO - epoch-295, train_loss-0.1476, train_rmse-0.3843, valid_rmse-1.2620, valid_pr-0.7398
2025-06-09 18:48:55 - INFO - epoch-296, train_loss-0.1515, train_rmse-0.3892, valid_rmse-1.2571, valid_pr-0.7415
2025-06-09 18:49:02 - INFO - epoch-297, train_loss-0.1500, train_rmse-0.3873, valid_rmse-1.2586, valid_pr-0.7369
2025-06-09 18:49:08 - INFO - epoch-298, train_loss-0.1481, train_rmse-0.3849, valid_rmse-1.2547, valid_pr-0.7422
2025-06-09 18:49:15 - INFO - epoch-299, train_loss-0.1684, train_rmse-0.4104, valid_rmse-1.2837, valid_pr-0.7263
2025-06-09 18:49:21 - INFO - epoch-300, train_loss-0.1545, train_rmse-0.3931, valid_rmse-1.2712, valid_pr-0.7338
2025-06-09 18:49:28 - INFO - epoch-301, train_loss-0.1539, train_rmse-0.3922, valid_rmse-1.2574, valid_pr-0.7450
2025-06-09 18:49:34 - INFO - epoch-302, train_loss-0.1567, train_rmse-0.3959, valid_rmse-1.2509, valid_pr-0.7422
2025-06-09 18:49:41 - INFO - epoch-303, train_loss-0.1526, train_rmse-0.3907, valid_rmse-1.3115, valid_pr-0.7300
2025-06-09 18:49:47 - INFO - epoch-304, train_loss-0.1576, train_rmse-0.3970, valid_rmse-1.2742, valid_pr-0.7301
2025-06-09 18:49:53 - INFO - epoch-305, train_loss-0.1496, train_rmse-0.3868, valid_rmse-1.2841, valid_pr-0.7418
2025-06-09 18:50:00 - INFO - epoch-306, train_loss-0.1517, train_rmse-0.3895, valid_rmse-1.2724, valid_pr-0.7335
2025-06-09 18:50:07 - INFO - epoch-307, train_loss-0.1453, train_rmse-0.3812, valid_rmse-1.2669, valid_pr-0.7386
2025-06-09 18:50:13 - INFO - epoch-308, train_loss-0.1505, train_rmse-0.3880, valid_rmse-1.2591, valid_pr-0.7393
2025-06-09 18:50:19 - INFO - epoch-309, train_loss-0.1515, train_rmse-0.3892, valid_rmse-1.2736, valid_pr-0.7341
2025-06-09 18:50:25 - INFO - epoch-310, train_loss-0.1510, train_rmse-0.3885, valid_rmse-1.2810, valid_pr-0.7379
2025-06-09 18:50:32 - INFO - epoch-311, train_loss-0.1465, train_rmse-0.3827, valid_rmse-1.2801, valid_pr-0.7336
2025-06-09 18:50:38 - INFO - epoch-312, train_loss-0.1515, train_rmse-0.3893, valid_rmse-1.2578, valid_pr-0.7415
2025-06-09 18:50:44 - INFO - epoch-313, train_loss-0.1423, train_rmse-0.3773, valid_rmse-1.2488, valid_pr-0.7431
2025-06-09 18:50:51 - INFO - epoch-314, train_loss-0.1450, train_rmse-0.3808, valid_rmse-1.2772, valid_pr-0.7433
2025-06-09 18:50:57 - INFO - epoch-315, train_loss-0.1433, train_rmse-0.3785, valid_rmse-1.2709, valid_pr-0.7421
2025-06-09 18:51:03 - INFO - epoch-316, train_loss-0.1527, train_rmse-0.3907, valid_rmse-1.2441, valid_pr-0.7509
2025-06-09 18:51:09 - INFO - epoch-317, train_loss-0.1477, train_rmse-0.3843, valid_rmse-1.2620, valid_pr-0.7420
2025-06-09 18:51:16 - INFO - epoch-318, train_loss-0.1577, train_rmse-0.3971, valid_rmse-1.2525, valid_pr-0.7393
2025-06-09 18:51:22 - INFO - epoch-319, train_loss-0.1499, train_rmse-0.3872, valid_rmse-1.2755, valid_pr-0.7379
2025-06-09 18:51:28 - INFO - epoch-320, train_loss-0.1508, train_rmse-0.3883, valid_rmse-1.3027, valid_pr-0.7412
2025-06-09 18:51:34 - INFO - epoch-321, train_loss-0.1443, train_rmse-0.3799, valid_rmse-1.2485, valid_pr-0.7431
2025-06-09 18:51:41 - INFO - epoch-322, train_loss-0.1525, train_rmse-0.3904, valid_rmse-1.2546, valid_pr-0.7395
2025-06-09 18:51:47 - INFO - epoch-323, train_loss-0.1498, train_rmse-0.3870, valid_rmse-1.2931, valid_pr-0.7409
2025-06-09 18:51:53 - INFO - epoch-324, train_loss-0.1531, train_rmse-0.3913, valid_rmse-1.2535, valid_pr-0.7455
2025-06-09 18:52:00 - INFO - epoch-325, train_loss-0.1421, train_rmse-0.3770, valid_rmse-1.2647, valid_pr-0.7346
2025-06-09 18:52:06 - INFO - epoch-326, train_loss-0.1550, train_rmse-0.3938, valid_rmse-1.2638, valid_pr-0.7390
2025-06-09 18:52:12 - INFO - epoch-327, train_loss-0.1504, train_rmse-0.3879, valid_rmse-1.2476, valid_pr-0.7422
2025-06-09 18:52:18 - INFO - epoch-328, train_loss-0.1384, train_rmse-0.3720, valid_rmse-1.2649, valid_pr-0.7403
2025-06-09 18:52:24 - INFO - epoch-329, train_loss-0.1454, train_rmse-0.3814, valid_rmse-1.2657, valid_pr-0.7418
2025-06-09 18:52:31 - INFO - epoch-330, train_loss-0.1493, train_rmse-0.3864, valid_rmse-1.2714, valid_pr-0.7397
2025-06-09 18:52:37 - INFO - epoch-331, train_loss-0.1383, train_rmse-0.3718, valid_rmse-1.2582, valid_pr-0.7408
2025-06-09 18:52:43 - INFO - epoch-332, train_loss-0.1506, train_rmse-0.3881, valid_rmse-1.2506, valid_pr-0.7421
2025-06-09 18:52:50 - INFO - epoch-333, train_loss-0.1446, train_rmse-0.3802, valid_rmse-1.2454, valid_pr-0.7453
2025-06-09 18:52:56 - INFO - epoch-334, train_loss-0.1410, train_rmse-0.3755, valid_rmse-1.2304, valid_pr-0.7496
2025-06-09 18:53:02 - INFO - epoch-335, train_loss-0.1564, train_rmse-0.3954, valid_rmse-1.2629, valid_pr-0.7384
2025-06-09 18:53:08 - INFO - epoch-336, train_loss-0.1504, train_rmse-0.3878, valid_rmse-1.2458, valid_pr-0.7487
2025-06-09 18:53:14 - INFO - epoch-337, train_loss-0.1405, train_rmse-0.3749, valid_rmse-1.2554, valid_pr-0.7451
2025-06-09 18:53:21 - INFO - epoch-338, train_loss-0.1357, train_rmse-0.3684, valid_rmse-1.2449, valid_pr-0.7499
2025-06-09 18:53:27 - INFO - epoch-339, train_loss-0.1482, train_rmse-0.3850, valid_rmse-1.2608, valid_pr-0.7419
2025-06-09 18:53:33 - INFO - epoch-340, train_loss-0.1406, train_rmse-0.3750, valid_rmse-1.2542, valid_pr-0.7387
2025-06-09 18:53:39 - INFO - epoch-341, train_loss-0.1374, train_rmse-0.3706, valid_rmse-1.2641, valid_pr-0.7394
2025-06-09 18:53:46 - INFO - epoch-342, train_loss-0.1505, train_rmse-0.3880, valid_rmse-1.2279, valid_pr-0.7514
2025-06-09 18:53:52 - INFO - epoch-343, train_loss-0.1373, train_rmse-0.3705, valid_rmse-1.2586, valid_pr-0.7423
2025-06-09 18:53:58 - INFO - epoch-344, train_loss-0.1422, train_rmse-0.3771, valid_rmse-1.2435, valid_pr-0.7451
2025-06-09 18:54:05 - INFO - epoch-345, train_loss-0.1353, train_rmse-0.3679, valid_rmse-1.2473, valid_pr-0.7453
2025-06-09 18:54:11 - INFO - epoch-346, train_loss-0.1429, train_rmse-0.3780, valid_rmse-1.2468, valid_pr-0.7458
2025-06-09 18:54:17 - INFO - epoch-347, train_loss-0.1424, train_rmse-0.3774, valid_rmse-1.2427, valid_pr-0.7442
2025-06-09 18:54:24 - INFO - epoch-348, train_loss-0.1384, train_rmse-0.3720, valid_rmse-1.2515, valid_pr-0.7470
2025-06-09 18:54:30 - INFO - epoch-349, train_loss-0.1363, train_rmse-0.3692, valid_rmse-1.2612, valid_pr-0.7469
2025-06-09 18:54:36 - INFO - epoch-350, train_loss-0.1430, train_rmse-0.3781, valid_rmse-1.2465, valid_pr-0.7402
2025-06-09 18:54:43 - INFO - epoch-351, train_loss-0.1373, train_rmse-0.3706, valid_rmse-1.2734, valid_pr-0.7389
2025-06-09 18:54:49 - INFO - epoch-352, train_loss-0.1381, train_rmse-0.3717, valid_rmse-1.2855, valid_pr-0.7447
2025-06-09 18:54:55 - INFO - epoch-353, train_loss-0.1339, train_rmse-0.3659, valid_rmse-1.2706, valid_pr-0.7421
2025-06-09 18:55:01 - INFO - epoch-354, train_loss-0.1319, train_rmse-0.3632, valid_rmse-1.2539, valid_pr-0.7434
2025-06-09 18:55:07 - INFO - epoch-355, train_loss-0.1353, train_rmse-0.3679, valid_rmse-1.2583, valid_pr-0.7428
2025-06-09 18:55:14 - INFO - epoch-356, train_loss-0.1400, train_rmse-0.3741, valid_rmse-1.2835, valid_pr-0.7373
2025-06-09 18:55:20 - INFO - epoch-357, train_loss-0.1382, train_rmse-0.3717, valid_rmse-1.2697, valid_pr-0.7407
2025-06-09 18:55:26 - INFO - epoch-358, train_loss-0.1382, train_rmse-0.3717, valid_rmse-1.2573, valid_pr-0.7418
2025-06-09 18:55:32 - INFO - epoch-359, train_loss-0.1346, train_rmse-0.3668, valid_rmse-1.2653, valid_pr-0.7359
2025-06-09 18:55:38 - INFO - epoch-360, train_loss-0.1494, train_rmse-0.3866, valid_rmse-1.2410, valid_pr-0.7478
2025-06-09 18:55:45 - INFO - epoch-361, train_loss-0.1295, train_rmse-0.3599, valid_rmse-1.2556, valid_pr-0.7448
2025-06-09 18:55:51 - INFO - epoch-362, train_loss-0.1285, train_rmse-0.3585, valid_rmse-1.2574, valid_pr-0.7444
2025-06-09 18:55:57 - INFO - epoch-363, train_loss-0.1346, train_rmse-0.3669, valid_rmse-1.2475, valid_pr-0.7466
2025-06-09 18:56:03 - INFO - epoch-364, train_loss-0.1378, train_rmse-0.3712, valid_rmse-1.2466, valid_pr-0.7445
2025-06-09 18:56:10 - INFO - epoch-365, train_loss-0.1377, train_rmse-0.3711, valid_rmse-1.2479, valid_pr-0.7486
2025-06-09 18:56:16 - INFO - epoch-366, train_loss-0.1355, train_rmse-0.3681, valid_rmse-1.2332, valid_pr-0.7487
2025-06-09 18:56:22 - INFO - epoch-367, train_loss-0.1356, train_rmse-0.3683, valid_rmse-1.2437, valid_pr-0.7441
2025-06-09 18:56:29 - INFO - epoch-368, train_loss-0.1346, train_rmse-0.3669, valid_rmse-1.2480, valid_pr-0.7491
2025-06-09 18:56:35 - INFO - epoch-369, train_loss-0.1399, train_rmse-0.3741, valid_rmse-1.2295, valid_pr-0.7509
2025-06-09 18:56:41 - INFO - epoch-370, train_loss-0.1394, train_rmse-0.3734, valid_rmse-1.2424, valid_pr-0.7444
2025-06-09 18:56:48 - INFO - epoch-371, train_loss-0.1298, train_rmse-0.3603, valid_rmse-1.2332, valid_pr-0.7524
2025-06-09 18:56:54 - INFO - epoch-372, train_loss-0.1323, train_rmse-0.3637, valid_rmse-1.2585, valid_pr-0.7470
2025-06-09 18:57:00 - INFO - epoch-373, train_loss-0.1385, train_rmse-0.3721, valid_rmse-1.2432, valid_pr-0.7431
2025-06-09 18:57:07 - INFO - epoch-374, train_loss-0.1290, train_rmse-0.3592, valid_rmse-1.2358, valid_pr-0.7505
2025-06-09 18:57:13 - INFO - epoch-375, train_loss-0.1224, train_rmse-0.3499, valid_rmse-1.2512, valid_pr-0.7426
2025-06-09 18:57:19 - INFO - epoch-376, train_loss-0.1363, train_rmse-0.3692, valid_rmse-1.2626, valid_pr-0.7396
2025-06-09 18:57:25 - INFO - epoch-377, train_loss-0.1344, train_rmse-0.3667, valid_rmse-1.2550, valid_pr-0.7451
2025-06-09 18:57:32 - INFO - epoch-378, train_loss-0.1355, train_rmse-0.3681, valid_rmse-1.2366, valid_pr-0.7491
2025-06-09 18:57:38 - INFO - epoch-379, train_loss-0.1321, train_rmse-0.3635, valid_rmse-1.2548, valid_pr-0.7395
2025-06-09 18:57:44 - INFO - epoch-380, train_loss-0.1310, train_rmse-0.3619, valid_rmse-1.2556, valid_pr-0.7422
2025-06-09 18:57:50 - INFO - epoch-381, train_loss-0.1251, train_rmse-0.3537, valid_rmse-1.2837, valid_pr-0.7388
2025-06-09 18:57:57 - INFO - epoch-382, train_loss-0.1292, train_rmse-0.3595, valid_rmse-1.2402, valid_pr-0.7458
2025-06-09 18:58:03 - INFO - epoch-383, train_loss-0.1291, train_rmse-0.3593, valid_rmse-1.2701, valid_pr-0.7395
2025-06-09 18:58:09 - INFO - epoch-384, train_loss-0.1291, train_rmse-0.3593, valid_rmse-1.2606, valid_pr-0.7367
2025-06-09 18:58:15 - INFO - epoch-385, train_loss-0.1291, train_rmse-0.3592, valid_rmse-1.2548, valid_pr-0.7435
2025-06-09 18:58:22 - INFO - epoch-386, train_loss-0.1329, train_rmse-0.3646, valid_rmse-1.2565, valid_pr-0.7415
2025-06-09 18:58:28 - INFO - epoch-387, train_loss-0.1387, train_rmse-0.3724, valid_rmse-1.2863, valid_pr-0.7380
2025-06-09 18:58:34 - INFO - epoch-388, train_loss-0.1387, train_rmse-0.3725, valid_rmse-1.2571, valid_pr-0.7467
2025-06-09 18:58:41 - INFO - epoch-389, train_loss-0.1406, train_rmse-0.3750, valid_rmse-1.2598, valid_pr-0.7383
2025-06-09 18:58:47 - INFO - epoch-390, train_loss-0.1294, train_rmse-0.3597, valid_rmse-1.2472, valid_pr-0.7433
2025-06-09 18:58:54 - INFO - epoch-391, train_loss-0.1269, train_rmse-0.3562, valid_rmse-1.2494, valid_pr-0.7412
2025-06-09 18:59:00 - INFO - epoch-392, train_loss-0.1274, train_rmse-0.3570, valid_rmse-1.2713, valid_pr-0.7372
2025-06-09 18:59:06 - INFO - epoch-393, train_loss-0.1252, train_rmse-0.3538, valid_rmse-1.2417, valid_pr-0.7456
2025-06-09 18:59:13 - INFO - epoch-394, train_loss-0.1335, train_rmse-0.3654, valid_rmse-1.2582, valid_pr-0.7422
2025-06-09 18:59:19 - INFO - epoch-395, train_loss-0.1348, train_rmse-0.3671, valid_rmse-1.2770, valid_pr-0.7372
2025-06-09 18:59:25 - INFO - epoch-396, train_loss-0.1237, train_rmse-0.3517, valid_rmse-1.2825, valid_pr-0.7420
2025-06-09 18:59:32 - INFO - epoch-397, train_loss-0.1310, train_rmse-0.3619, valid_rmse-1.2458, valid_pr-0.7450
2025-06-09 18:59:38 - INFO - epoch-398, train_loss-0.1301, train_rmse-0.3607, valid_rmse-1.2615, valid_pr-0.7448
2025-06-09 18:59:45 - INFO - epoch-399, train_loss-0.1328, train_rmse-0.3645, valid_rmse-1.2527, valid_pr-0.7445
2025-06-09 18:59:51 - INFO - epoch-400, train_loss-0.1371, train_rmse-0.3703, valid_rmse-1.2388, valid_pr-0.7440
2025-06-09 18:59:57 - INFO - epoch-401, train_loss-0.1292, train_rmse-0.3594, valid_rmse-1.2669, valid_pr-0.7423
2025-06-09 19:00:04 - INFO - epoch-402, train_loss-0.1246, train_rmse-0.3530, valid_rmse-1.2412, valid_pr-0.7474
2025-06-09 19:00:11 - INFO - epoch-403, train_loss-0.1247, train_rmse-0.3531, valid_rmse-1.2454, valid_pr-0.7452
2025-06-09 19:00:17 - INFO - epoch-404, train_loss-0.1282, train_rmse-0.3580, valid_rmse-1.2391, valid_pr-0.7481
2025-06-09 19:00:24 - INFO - epoch-405, train_loss-0.1309, train_rmse-0.3618, valid_rmse-1.2593, valid_pr-0.7416
2025-06-09 19:00:30 - INFO - epoch-406, train_loss-0.1284, train_rmse-0.3584, valid_rmse-1.2485, valid_pr-0.7458
2025-06-09 19:00:37 - INFO - epoch-407, train_loss-0.1292, train_rmse-0.3595, valid_rmse-1.2409, valid_pr-0.7467
2025-06-09 19:00:43 - INFO - epoch-408, train_loss-0.1261, train_rmse-0.3551, valid_rmse-1.2522, valid_pr-0.7534
2025-06-09 19:00:49 - INFO - epoch-409, train_loss-0.1278, train_rmse-0.3575, valid_rmse-1.2537, valid_pr-0.7462
2025-06-09 19:00:55 - INFO - epoch-410, train_loss-0.1284, train_rmse-0.3584, valid_rmse-1.2482, valid_pr-0.7451
2025-06-09 19:01:02 - INFO - epoch-411, train_loss-0.1272, train_rmse-0.3567, valid_rmse-1.2402, valid_pr-0.7497
2025-06-09 19:01:08 - INFO - epoch-412, train_loss-0.1315, train_rmse-0.3626, valid_rmse-1.2416, valid_pr-0.7462
2025-06-09 19:01:14 - INFO - epoch-413, train_loss-0.1154, train_rmse-0.3396, valid_rmse-1.2449, valid_pr-0.7512
2025-06-09 19:01:20 - INFO - epoch-414, train_loss-0.1240, train_rmse-0.3522, valid_rmse-1.2401, valid_pr-0.7490
2025-06-09 19:01:27 - INFO - epoch-415, train_loss-0.1216, train_rmse-0.3487, valid_rmse-1.2491, valid_pr-0.7444
2025-06-09 19:01:33 - INFO - epoch-416, train_loss-0.1260, train_rmse-0.3550, valid_rmse-1.2820, valid_pr-0.7419
2025-06-09 19:01:39 - INFO - epoch-417, train_loss-0.1287, train_rmse-0.3588, valid_rmse-1.2328, valid_pr-0.7510
2025-06-09 19:01:46 - INFO - epoch-418, train_loss-0.1283, train_rmse-0.3582, valid_rmse-1.2440, valid_pr-0.7539
2025-06-09 19:01:52 - INFO - epoch-419, train_loss-0.1150, train_rmse-0.3392, valid_rmse-1.2448, valid_pr-0.7488
2025-06-09 19:01:58 - INFO - epoch-420, train_loss-0.1145, train_rmse-0.3383, valid_rmse-1.2477, valid_pr-0.7487
2025-06-09 19:02:04 - INFO - epoch-421, train_loss-0.1196, train_rmse-0.3458, valid_rmse-1.2582, valid_pr-0.7455
2025-06-09 19:02:11 - INFO - epoch-422, train_loss-0.1191, train_rmse-0.3451, valid_rmse-1.2253, valid_pr-0.7550
2025-06-09 19:02:17 - INFO - epoch-423, train_loss-0.1164, train_rmse-0.3412, valid_rmse-1.2369, valid_pr-0.7471
2025-06-09 19:02:23 - INFO - epoch-424, train_loss-0.1265, train_rmse-0.3556, valid_rmse-1.2567, valid_pr-0.7458
2025-06-09 19:02:30 - INFO - epoch-425, train_loss-0.1220, train_rmse-0.3493, valid_rmse-1.2506, valid_pr-0.7416
2025-06-09 19:02:36 - INFO - epoch-426, train_loss-0.1229, train_rmse-0.3505, valid_rmse-1.2525, valid_pr-0.7453
2025-06-09 19:02:42 - INFO - epoch-427, train_loss-0.1252, train_rmse-0.3538, valid_rmse-1.2710, valid_pr-0.7432
2025-06-09 19:02:48 - INFO - epoch-428, train_loss-0.1340, train_rmse-0.3661, valid_rmse-1.2348, valid_pr-0.7504
2025-06-09 19:02:55 - INFO - epoch-429, train_loss-0.1200, train_rmse-0.3465, valid_rmse-1.2472, valid_pr-0.7444
2025-06-09 19:03:01 - INFO - epoch-430, train_loss-0.1233, train_rmse-0.3511, valid_rmse-1.2469, valid_pr-0.7470
2025-06-09 19:03:07 - INFO - epoch-431, train_loss-0.1219, train_rmse-0.3492, valid_rmse-1.2599, valid_pr-0.7411
2025-06-09 19:03:13 - INFO - epoch-432, train_loss-0.1279, train_rmse-0.3577, valid_rmse-1.2500, valid_pr-0.7479
2025-06-09 19:03:19 - INFO - epoch-433, train_loss-0.1263, train_rmse-0.3554, valid_rmse-1.2752, valid_pr-0.7360
2025-06-09 19:03:25 - INFO - epoch-434, train_loss-0.1309, train_rmse-0.3618, valid_rmse-1.2536, valid_pr-0.7410
2025-06-09 19:03:31 - INFO - epoch-435, train_loss-0.1342, train_rmse-0.3664, valid_rmse-1.2328, valid_pr-0.7470
2025-06-09 19:03:38 - INFO - epoch-436, train_loss-0.1261, train_rmse-0.3551, valid_rmse-1.2520, valid_pr-0.7479
2025-06-09 19:03:44 - INFO - epoch-437, train_loss-0.1188, train_rmse-0.3446, valid_rmse-1.2570, valid_pr-0.7391
2025-06-09 19:03:50 - INFO - epoch-438, train_loss-0.1298, train_rmse-0.3603, valid_rmse-1.2408, valid_pr-0.7470
2025-06-09 19:03:56 - INFO - epoch-439, train_loss-0.1213, train_rmse-0.3482, valid_rmse-1.2646, valid_pr-0.7347
2025-06-09 19:04:02 - INFO - epoch-440, train_loss-0.1241, train_rmse-0.3523, valid_rmse-1.2571, valid_pr-0.7430
2025-06-09 19:04:09 - INFO - epoch-441, train_loss-0.1177, train_rmse-0.3431, valid_rmse-1.2472, valid_pr-0.7471
2025-06-09 19:04:15 - INFO - epoch-442, train_loss-0.1159, train_rmse-0.3405, valid_rmse-1.2415, valid_pr-0.7465
2025-06-09 19:04:21 - INFO - epoch-443, train_loss-0.1230, train_rmse-0.3508, valid_rmse-1.2650, valid_pr-0.7426
2025-06-09 19:04:27 - INFO - epoch-444, train_loss-0.1199, train_rmse-0.3463, valid_rmse-1.2464, valid_pr-0.7469
2025-06-09 19:04:34 - INFO - epoch-445, train_loss-0.1238, train_rmse-0.3519, valid_rmse-1.2498, valid_pr-0.7483
2025-06-09 19:04:40 - INFO - epoch-446, train_loss-0.1359, train_rmse-0.3687, valid_rmse-1.2501, valid_pr-0.7454
2025-06-09 19:04:46 - INFO - epoch-447, train_loss-0.1334, train_rmse-0.3652, valid_rmse-1.2608, valid_pr-0.7473
2025-06-09 19:04:52 - INFO - epoch-448, train_loss-0.1224, train_rmse-0.3498, valid_rmse-1.2720, valid_pr-0.7442
2025-06-09 19:04:59 - INFO - epoch-449, train_loss-0.1191, train_rmse-0.3450, valid_rmse-1.2284, valid_pr-0.7491
2025-06-09 19:05:05 - INFO - epoch-450, train_loss-0.1153, train_rmse-0.3396, valid_rmse-1.2545, valid_pr-0.7380
2025-06-09 19:05:11 - INFO - epoch-451, train_loss-0.1150, train_rmse-0.3391, valid_rmse-1.2490, valid_pr-0.7488
2025-06-09 19:05:17 - INFO - epoch-452, train_loss-0.1245, train_rmse-0.3528, valid_rmse-1.2556, valid_pr-0.7393
2025-06-09 19:05:24 - INFO - epoch-453, train_loss-0.1120, train_rmse-0.3347, valid_rmse-1.2622, valid_pr-0.7420
2025-06-09 19:05:30 - INFO - epoch-454, train_loss-0.1365, train_rmse-0.3695, valid_rmse-1.2295, valid_pr-0.7484
2025-06-09 19:05:36 - INFO - epoch-455, train_loss-0.1253, train_rmse-0.3540, valid_rmse-1.2753, valid_pr-0.7394
2025-06-09 19:05:42 - INFO - epoch-456, train_loss-0.1249, train_rmse-0.3533, valid_rmse-1.2732, valid_pr-0.7385
2025-06-09 19:05:49 - INFO - epoch-457, train_loss-0.1152, train_rmse-0.3394, valid_rmse-1.2565, valid_pr-0.7378
2025-06-09 19:05:55 - INFO - epoch-458, train_loss-0.1131, train_rmse-0.3364, valid_rmse-1.2522, valid_pr-0.7431
2025-06-09 19:06:01 - INFO - epoch-459, train_loss-0.1214, train_rmse-0.3484, valid_rmse-1.2528, valid_pr-0.7422
2025-06-09 19:06:07 - INFO - epoch-460, train_loss-0.1074, train_rmse-0.3277, valid_rmse-1.2600, valid_pr-0.7359
2025-06-09 19:06:13 - INFO - epoch-461, train_loss-0.1231, train_rmse-0.3509, valid_rmse-1.3013, valid_pr-0.7360
2025-06-09 19:06:19 - INFO - epoch-462, train_loss-0.1266, train_rmse-0.3558, valid_rmse-1.2441, valid_pr-0.7437
2025-06-09 19:06:26 - INFO - epoch-463, train_loss-0.1145, train_rmse-0.3384, valid_rmse-1.2573, valid_pr-0.7415
2025-06-09 19:06:32 - INFO - epoch-464, train_loss-0.1189, train_rmse-0.3448, valid_rmse-1.2623, valid_pr-0.7437
2025-06-09 19:06:38 - INFO - epoch-465, train_loss-0.1218, train_rmse-0.3490, valid_rmse-1.2478, valid_pr-0.7451
2025-06-09 19:06:44 - INFO - epoch-466, train_loss-0.1199, train_rmse-0.3463, valid_rmse-1.2533, valid_pr-0.7459
2025-06-09 19:06:51 - INFO - epoch-467, train_loss-0.1286, train_rmse-0.3587, valid_rmse-1.2722, valid_pr-0.7407
2025-06-09 19:06:57 - INFO - epoch-468, train_loss-0.1194, train_rmse-0.3456, valid_rmse-1.2261, valid_pr-0.7512
2025-06-09 19:07:03 - INFO - epoch-469, train_loss-0.1220, train_rmse-0.3492, valid_rmse-1.2472, valid_pr-0.7451
2025-06-09 19:07:10 - INFO - epoch-470, train_loss-0.1127, train_rmse-0.3358, valid_rmse-1.2504, valid_pr-0.7469
2025-06-09 19:07:16 - INFO - epoch-471, train_loss-0.1167, train_rmse-0.3416, valid_rmse-1.2417, valid_pr-0.7519
2025-06-09 19:07:22 - INFO - epoch-472, train_loss-0.1097, train_rmse-0.3312, valid_rmse-1.2191, valid_pr-0.7539
2025-06-09 19:07:28 - INFO - epoch-473, train_loss-0.1084, train_rmse-0.3293, valid_rmse-1.2421, valid_pr-0.7454
2025-06-09 19:07:35 - INFO - epoch-474, train_loss-0.1124, train_rmse-0.3352, valid_rmse-1.2517, valid_pr-0.7403
2025-06-09 19:07:41 - INFO - epoch-475, train_loss-0.1242, train_rmse-0.3524, valid_rmse-1.2671, valid_pr-0.7431
2025-06-09 19:07:48 - INFO - epoch-476, train_loss-0.1205, train_rmse-0.3471, valid_rmse-1.2612, valid_pr-0.7450
2025-06-09 19:07:54 - INFO - epoch-477, train_loss-0.1085, train_rmse-0.3293, valid_rmse-1.2623, valid_pr-0.7397
2025-06-09 19:08:00 - INFO - epoch-478, train_loss-0.1146, train_rmse-0.3385, valid_rmse-1.2468, valid_pr-0.7432
2025-06-09 19:08:07 - INFO - epoch-479, train_loss-0.1134, train_rmse-0.3368, valid_rmse-1.2657, valid_pr-0.7414
2025-06-09 19:08:13 - INFO - epoch-480, train_loss-0.1152, train_rmse-0.3394, valid_rmse-1.2898, valid_pr-0.7419
2025-06-09 19:08:19 - INFO - epoch-481, train_loss-0.1078, train_rmse-0.3284, valid_rmse-1.2513, valid_pr-0.7428
2025-06-09 19:08:25 - INFO - epoch-482, train_loss-0.1226, train_rmse-0.3502, valid_rmse-1.2469, valid_pr-0.7437
2025-06-09 19:08:32 - INFO - epoch-483, train_loss-0.1084, train_rmse-0.3293, valid_rmse-1.2569, valid_pr-0.7428
2025-06-09 19:08:38 - INFO - epoch-484, train_loss-0.1134, train_rmse-0.3367, valid_rmse-1.2613, valid_pr-0.7451
2025-06-09 19:08:44 - INFO - epoch-485, train_loss-0.1159, train_rmse-0.3405, valid_rmse-1.2412, valid_pr-0.7423
2025-06-09 19:08:51 - INFO - epoch-486, train_loss-0.1227, train_rmse-0.3503, valid_rmse-1.2286, valid_pr-0.7510
2025-06-09 19:08:57 - INFO - epoch-487, train_loss-0.1146, train_rmse-0.3385, valid_rmse-1.2534, valid_pr-0.7452
2025-06-09 19:09:04 - INFO - epoch-488, train_loss-0.1122, train_rmse-0.3349, valid_rmse-1.2362, valid_pr-0.7484
2025-06-09 19:09:10 - INFO - epoch-489, train_loss-0.1146, train_rmse-0.3386, valid_rmse-1.2552, valid_pr-0.7413
2025-06-09 19:09:16 - INFO - epoch-490, train_loss-0.1271, train_rmse-0.3565, valid_rmse-1.2429, valid_pr-0.7484
2025-06-09 19:09:23 - INFO - epoch-491, train_loss-0.1131, train_rmse-0.3363, valid_rmse-1.2550, valid_pr-0.7437
2025-06-09 19:09:29 - INFO - epoch-492, train_loss-0.1104, train_rmse-0.3322, valid_rmse-1.2424, valid_pr-0.7470
2025-06-09 19:09:36 - INFO - epoch-493, train_loss-0.1199, train_rmse-0.3463, valid_rmse-1.2691, valid_pr-0.7442
2025-06-09 19:09:42 - INFO - epoch-494, train_loss-0.1174, train_rmse-0.3427, valid_rmse-1.2488, valid_pr-0.7443
2025-06-09 19:09:49 - INFO - epoch-495, train_loss-0.1151, train_rmse-0.3392, valid_rmse-1.2374, valid_pr-0.7444
2025-06-09 19:09:55 - INFO - epoch-496, train_loss-0.1078, train_rmse-0.3283, valid_rmse-1.2283, valid_pr-0.7480
2025-06-09 19:10:02 - INFO - epoch-497, train_loss-0.1145, train_rmse-0.3384, valid_rmse-1.2596, valid_pr-0.7416
2025-06-09 19:10:08 - INFO - epoch-498, train_loss-0.1156, train_rmse-0.3400, valid_rmse-1.2273, valid_pr-0.7520
2025-06-09 19:10:15 - INFO - epoch-499, train_loss-0.1136, train_rmse-0.3370, valid_rmse-1.2281, valid_pr-0.7501
2025-06-09 19:10:21 - INFO - epoch-500, train_loss-0.1153, train_rmse-0.3395, valid_rmse-1.2498, valid_pr-0.7467
2025-06-09 19:10:28 - INFO - epoch-501, train_loss-0.1186, train_rmse-0.3443, valid_rmse-1.2603, valid_pr-0.7482
2025-06-09 19:10:34 - INFO - epoch-502, train_loss-0.1188, train_rmse-0.3447, valid_rmse-1.2368, valid_pr-0.7482
2025-06-09 19:10:41 - INFO - epoch-503, train_loss-0.1217, train_rmse-0.3488, valid_rmse-1.2477, valid_pr-0.7472
2025-06-09 19:10:47 - INFO - epoch-504, train_loss-0.1225, train_rmse-0.3500, valid_rmse-1.2426, valid_pr-0.7481
2025-06-09 19:10:53 - INFO - epoch-505, train_loss-0.1185, train_rmse-0.3443, valid_rmse-1.2460, valid_pr-0.7466
2025-06-09 19:11:00 - INFO - epoch-506, train_loss-0.1060, train_rmse-0.3256, valid_rmse-1.2551, valid_pr-0.7482
2025-06-09 19:11:06 - INFO - epoch-507, train_loss-0.1229, train_rmse-0.3506, valid_rmse-1.2449, valid_pr-0.7469
2025-06-09 19:11:12 - INFO - epoch-508, train_loss-0.1131, train_rmse-0.3363, valid_rmse-1.2345, valid_pr-0.7502
2025-06-09 19:11:18 - INFO - epoch-509, train_loss-0.1045, train_rmse-0.3233, valid_rmse-1.2274, valid_pr-0.7523
2025-06-09 19:11:25 - INFO - epoch-510, train_loss-0.1123, train_rmse-0.3351, valid_rmse-1.2186, valid_pr-0.7536
2025-06-09 19:11:31 - INFO - epoch-511, train_loss-0.1100, train_rmse-0.3316, valid_rmse-1.2149, valid_pr-0.7566
2025-06-09 19:11:37 - INFO - epoch-512, train_loss-0.1066, train_rmse-0.3265, valid_rmse-1.2344, valid_pr-0.7503
2025-06-09 19:11:44 - INFO - epoch-513, train_loss-0.1097, train_rmse-0.3312, valid_rmse-1.2351, valid_pr-0.7494
2025-06-09 19:11:50 - INFO - epoch-514, train_loss-0.1084, train_rmse-0.3293, valid_rmse-1.2505, valid_pr-0.7498
2025-06-09 19:11:56 - INFO - epoch-515, train_loss-0.1276, train_rmse-0.3572, valid_rmse-1.2325, valid_pr-0.7511
2025-06-09 19:12:03 - INFO - epoch-516, train_loss-0.1098, train_rmse-0.3314, valid_rmse-1.2579, valid_pr-0.7412
2025-06-09 19:12:09 - INFO - epoch-517, train_loss-0.1166, train_rmse-0.3415, valid_rmse-1.2408, valid_pr-0.7450
2025-06-09 19:12:15 - INFO - epoch-518, train_loss-0.1069, train_rmse-0.3269, valid_rmse-1.2357, valid_pr-0.7473
2025-06-09 19:12:22 - INFO - epoch-519, train_loss-0.1116, train_rmse-0.3340, valid_rmse-1.2461, valid_pr-0.7436
2025-06-09 19:12:28 - INFO - epoch-520, train_loss-0.1017, train_rmse-0.3189, valid_rmse-1.2533, valid_pr-0.7481
2025-06-09 19:12:34 - INFO - epoch-521, train_loss-0.1088, train_rmse-0.3298, valid_rmse-1.2394, valid_pr-0.7481
2025-06-09 19:12:41 - INFO - epoch-522, train_loss-0.1156, train_rmse-0.3400, valid_rmse-1.2598, valid_pr-0.7471
2025-06-09 19:12:47 - INFO - epoch-523, train_loss-0.1036, train_rmse-0.3218, valid_rmse-1.2473, valid_pr-0.7454
2025-06-09 19:12:53 - INFO - epoch-524, train_loss-0.1065, train_rmse-0.3263, valid_rmse-1.2433, valid_pr-0.7504
2025-06-09 19:12:59 - INFO - epoch-525, train_loss-0.1007, train_rmse-0.3173, valid_rmse-1.2414, valid_pr-0.7436
2025-06-09 19:13:06 - INFO - epoch-526, train_loss-0.1125, train_rmse-0.3354, valid_rmse-1.2344, valid_pr-0.7482
2025-06-09 19:13:12 - INFO - epoch-527, train_loss-0.1075, train_rmse-0.3279, valid_rmse-1.2515, valid_pr-0.7466
2025-06-09 19:13:18 - INFO - epoch-528, train_loss-0.1123, train_rmse-0.3352, valid_rmse-1.2430, valid_pr-0.7464
2025-06-09 19:13:24 - INFO - epoch-529, train_loss-0.1063, train_rmse-0.3260, valid_rmse-1.2529, valid_pr-0.7445
2025-06-09 19:13:31 - INFO - epoch-530, train_loss-0.1138, train_rmse-0.3373, valid_rmse-1.2450, valid_pr-0.7476
2025-06-09 19:13:37 - INFO - epoch-531, train_loss-0.1082, train_rmse-0.3289, valid_rmse-1.2452, valid_pr-0.7470
2025-06-09 19:13:43 - INFO - epoch-532, train_loss-0.1082, train_rmse-0.3290, valid_rmse-1.2318, valid_pr-0.7482
2025-06-09 19:13:49 - INFO - epoch-533, train_loss-0.1203, train_rmse-0.3469, valid_rmse-1.2389, valid_pr-0.7456
2025-06-09 19:13:55 - INFO - epoch-534, train_loss-0.1082, train_rmse-0.3289, valid_rmse-1.2473, valid_pr-0.7462
2025-06-09 19:14:02 - INFO - epoch-535, train_loss-0.1105, train_rmse-0.3324, valid_rmse-1.2261, valid_pr-0.7510
2025-06-09 19:14:08 - INFO - epoch-536, train_loss-0.1074, train_rmse-0.3277, valid_rmse-1.2453, valid_pr-0.7447
2025-06-09 19:14:14 - INFO - epoch-537, train_loss-0.1122, train_rmse-0.3349, valid_rmse-1.2388, valid_pr-0.7500
2025-06-09 19:14:20 - INFO - epoch-538, train_loss-0.1062, train_rmse-0.3258, valid_rmse-1.2385, valid_pr-0.7462
2025-06-09 19:14:27 - INFO - epoch-539, train_loss-0.1130, train_rmse-0.3362, valid_rmse-1.2547, valid_pr-0.7440
2025-06-09 19:14:33 - INFO - epoch-540, train_loss-0.1106, train_rmse-0.3325, valid_rmse-1.2309, valid_pr-0.7494
2025-06-09 19:14:39 - INFO - epoch-541, train_loss-0.1102, train_rmse-0.3319, valid_rmse-1.2373, valid_pr-0.7466
2025-06-09 19:14:45 - INFO - epoch-542, train_loss-0.1071, train_rmse-0.3273, valid_rmse-1.2466, valid_pr-0.7430
2025-06-09 19:14:51 - INFO - epoch-543, train_loss-0.1050, train_rmse-0.3240, valid_rmse-1.2380, valid_pr-0.7490
2025-06-09 19:14:58 - INFO - epoch-544, train_loss-0.1056, train_rmse-0.3249, valid_rmse-1.2508, valid_pr-0.7462
2025-06-09 19:15:04 - INFO - epoch-545, train_loss-0.0983, train_rmse-0.3135, valid_rmse-1.2722, valid_pr-0.7407
2025-06-09 19:15:10 - INFO - epoch-546, train_loss-0.1096, train_rmse-0.3310, valid_rmse-1.2476, valid_pr-0.7457
2025-06-09 19:15:16 - INFO - epoch-547, train_loss-0.0974, train_rmse-0.3121, valid_rmse-1.2488, valid_pr-0.7453
2025-06-09 19:15:22 - INFO - epoch-548, train_loss-0.1107, train_rmse-0.3326, valid_rmse-1.2507, valid_pr-0.7507
2025-06-09 19:15:29 - INFO - epoch-549, train_loss-0.1116, train_rmse-0.3341, valid_rmse-1.2344, valid_pr-0.7504
2025-06-09 19:15:35 - INFO - epoch-550, train_loss-0.1043, train_rmse-0.3230, valid_rmse-1.2453, valid_pr-0.7449
2025-06-09 19:15:41 - INFO - epoch-551, train_loss-0.1005, train_rmse-0.3171, valid_rmse-1.2606, valid_pr-0.7379
2025-06-09 19:15:47 - INFO - epoch-552, train_loss-0.1085, train_rmse-0.3295, valid_rmse-1.2513, valid_pr-0.7433
2025-06-09 19:15:54 - INFO - epoch-553, train_loss-0.1113, train_rmse-0.3336, valid_rmse-1.2559, valid_pr-0.7468
2025-06-09 19:16:00 - INFO - epoch-554, train_loss-0.1008, train_rmse-0.3175, valid_rmse-1.2502, valid_pr-0.7398
2025-06-09 19:16:06 - INFO - epoch-555, train_loss-0.1064, train_rmse-0.3262, valid_rmse-1.2448, valid_pr-0.7483
2025-06-09 19:16:13 - INFO - epoch-556, train_loss-0.1091, train_rmse-0.3304, valid_rmse-1.2597, valid_pr-0.7404
2025-06-09 19:16:19 - INFO - epoch-557, train_loss-0.1055, train_rmse-0.3248, valid_rmse-1.2710, valid_pr-0.7407
2025-06-09 19:16:25 - INFO - epoch-558, train_loss-0.1017, train_rmse-0.3188, valid_rmse-1.2560, valid_pr-0.7434
2025-06-09 19:16:31 - INFO - epoch-559, train_loss-0.1170, train_rmse-0.3421, valid_rmse-1.2374, valid_pr-0.7483
2025-06-09 19:16:37 - INFO - epoch-560, train_loss-0.0994, train_rmse-0.3153, valid_rmse-1.2388, valid_pr-0.7479
2025-06-09 19:16:44 - INFO - epoch-561, train_loss-0.0992, train_rmse-0.3150, valid_rmse-1.2523, valid_pr-0.7477
2025-06-09 19:16:50 - INFO - epoch-562, train_loss-0.1075, train_rmse-0.3279, valid_rmse-1.2250, valid_pr-0.7522
2025-06-09 19:16:56 - INFO - epoch-563, train_loss-0.1163, train_rmse-0.3410, valid_rmse-1.2630, valid_pr-0.7422
2025-06-09 19:17:03 - INFO - epoch-564, train_loss-0.1070, train_rmse-0.3272, valid_rmse-1.2315, valid_pr-0.7480
2025-06-09 19:17:09 - INFO - epoch-565, train_loss-0.1077, train_rmse-0.3282, valid_rmse-1.2605, valid_pr-0.7403
2025-06-09 19:17:15 - INFO - epoch-566, train_loss-0.1112, train_rmse-0.3335, valid_rmse-1.2377, valid_pr-0.7469
2025-06-09 19:17:21 - INFO - epoch-567, train_loss-0.0995, train_rmse-0.3155, valid_rmse-1.2441, valid_pr-0.7444
2025-06-09 19:17:28 - INFO - epoch-568, train_loss-0.1038, train_rmse-0.3221, valid_rmse-1.2374, valid_pr-0.7468
2025-06-09 19:17:34 - INFO - epoch-569, train_loss-0.1086, train_rmse-0.3295, valid_rmse-1.2357, valid_pr-0.7517
2025-06-09 19:17:40 - INFO - epoch-570, train_loss-0.1111, train_rmse-0.3333, valid_rmse-1.2425, valid_pr-0.7435
2025-06-09 19:17:47 - INFO - epoch-571, train_loss-0.1048, train_rmse-0.3237, valid_rmse-1.2466, valid_pr-0.7464
2025-06-09 19:17:53 - INFO - epoch-572, train_loss-0.1105, train_rmse-0.3325, valid_rmse-1.2429, valid_pr-0.7479
2025-06-09 19:17:59 - INFO - epoch-573, train_loss-0.1046, train_rmse-0.3234, valid_rmse-1.2418, valid_pr-0.7472
2025-06-09 19:18:05 - INFO - epoch-574, train_loss-0.1091, train_rmse-0.3303, valid_rmse-1.2603, valid_pr-0.7434
2025-06-09 19:18:11 - INFO - epoch-575, train_loss-0.1068, train_rmse-0.3268, valid_rmse-1.2432, valid_pr-0.7484
2025-06-09 19:18:18 - INFO - epoch-576, train_loss-0.1018, train_rmse-0.3191, valid_rmse-1.2477, valid_pr-0.7415
2025-06-09 19:18:24 - INFO - epoch-577, train_loss-0.1049, train_rmse-0.3238, valid_rmse-1.2383, valid_pr-0.7482
2025-06-09 19:18:31 - INFO - epoch-578, train_loss-0.1057, train_rmse-0.3251, valid_rmse-1.2700, valid_pr-0.7379
2025-06-09 19:18:37 - INFO - epoch-579, train_loss-0.1000, train_rmse-0.3162, valid_rmse-1.2461, valid_pr-0.7451
2025-06-09 19:18:43 - INFO - epoch-580, train_loss-0.1092, train_rmse-0.3304, valid_rmse-1.2592, valid_pr-0.7444
2025-06-09 19:18:49 - INFO - epoch-581, train_loss-0.1109, train_rmse-0.3331, valid_rmse-1.2619, valid_pr-0.7417
2025-06-09 19:18:56 - INFO - epoch-582, train_loss-0.1063, train_rmse-0.3260, valid_rmse-1.2511, valid_pr-0.7450
2025-06-09 19:19:02 - INFO - epoch-583, train_loss-0.1048, train_rmse-0.3238, valid_rmse-1.2480, valid_pr-0.7434
2025-06-09 19:19:08 - INFO - epoch-584, train_loss-0.1051, train_rmse-0.3242, valid_rmse-1.2564, valid_pr-0.7438
2025-06-09 19:19:15 - INFO - epoch-585, train_loss-0.1079, train_rmse-0.3285, valid_rmse-1.2468, valid_pr-0.7431
2025-06-09 19:19:21 - INFO - epoch-586, train_loss-0.1052, train_rmse-0.3244, valid_rmse-1.2426, valid_pr-0.7473
2025-06-09 19:19:27 - INFO - epoch-587, train_loss-0.0941, train_rmse-0.3068, valid_rmse-1.2507, valid_pr-0.7433
2025-06-09 19:19:34 - INFO - epoch-588, train_loss-0.1069, train_rmse-0.3270, valid_rmse-1.2711, valid_pr-0.7441
2025-06-09 19:19:40 - INFO - epoch-589, train_loss-0.1046, train_rmse-0.3234, valid_rmse-1.2337, valid_pr-0.7470
2025-06-09 19:19:47 - INFO - epoch-590, train_loss-0.1056, train_rmse-0.3249, valid_rmse-1.2456, valid_pr-0.7456
2025-06-09 19:19:53 - INFO - epoch-591, train_loss-0.1081, train_rmse-0.3287, valid_rmse-1.2471, valid_pr-0.7464
2025-06-09 19:20:00 - INFO - epoch-592, train_loss-0.1027, train_rmse-0.3205, valid_rmse-1.2433, valid_pr-0.7447
2025-06-09 19:20:06 - INFO - epoch-593, train_loss-0.1119, train_rmse-0.3345, valid_rmse-1.2501, valid_pr-0.7428
2025-06-09 19:20:13 - INFO - epoch-594, train_loss-0.1089, train_rmse-0.3299, valid_rmse-1.2573, valid_pr-0.7445
2025-06-09 19:20:19 - INFO - epoch-595, train_loss-0.1037, train_rmse-0.3220, valid_rmse-1.2570, valid_pr-0.7448
2025-06-09 19:20:26 - INFO - epoch-596, train_loss-0.1039, train_rmse-0.3224, valid_rmse-1.2437, valid_pr-0.7454
2025-06-09 19:20:32 - INFO - epoch-597, train_loss-0.1112, train_rmse-0.3335, valid_rmse-1.2487, valid_pr-0.7455
2025-06-09 19:20:39 - INFO - epoch-598, train_loss-0.1095, train_rmse-0.3309, valid_rmse-1.2466, valid_pr-0.7450
2025-06-09 19:20:45 - INFO - epoch-599, train_loss-0.1053, train_rmse-0.3245, valid_rmse-1.2487, valid_pr-0.7434
2025-06-09 19:20:52 - INFO - epoch-600, train_loss-0.0989, train_rmse-0.3145, valid_rmse-1.2470, valid_pr-0.7490
2025-06-09 19:20:58 - INFO - epoch-601, train_loss-0.1093, train_rmse-0.3306, valid_rmse-1.2319, valid_pr-0.7485
2025-06-09 19:21:05 - INFO - epoch-602, train_loss-0.0997, train_rmse-0.3158, valid_rmse-1.2634, valid_pr-0.7398
2025-06-09 19:21:11 - INFO - epoch-603, train_loss-0.1018, train_rmse-0.3191, valid_rmse-1.2381, valid_pr-0.7518
2025-06-09 19:21:17 - INFO - epoch-604, train_loss-0.1019, train_rmse-0.3192, valid_rmse-1.2309, valid_pr-0.7527
2025-06-09 19:21:23 - INFO - epoch-605, train_loss-0.1054, train_rmse-0.3246, valid_rmse-1.2365, valid_pr-0.7520
2025-06-09 19:21:29 - INFO - epoch-606, train_loss-0.1090, train_rmse-0.3302, valid_rmse-1.2485, valid_pr-0.7523
2025-06-09 19:21:36 - INFO - epoch-607, train_loss-0.1025, train_rmse-0.3202, valid_rmse-1.2335, valid_pr-0.7507
2025-06-09 19:21:42 - INFO - epoch-608, train_loss-0.0991, train_rmse-0.3148, valid_rmse-1.2240, valid_pr-0.7506
2025-06-09 19:21:48 - INFO - epoch-609, train_loss-0.0999, train_rmse-0.3160, valid_rmse-1.2421, valid_pr-0.7468
2025-06-09 19:21:54 - INFO - epoch-610, train_loss-0.0958, train_rmse-0.3095, valid_rmse-1.2491, valid_pr-0.7451
2025-06-09 19:22:01 - INFO - epoch-611, train_loss-0.0956, train_rmse-0.3093, valid_rmse-1.2346, valid_pr-0.7507
2025-06-09 19:22:07 - INFO - epoch-612, train_loss-0.1098, train_rmse-0.3313, valid_rmse-1.2405, valid_pr-0.7504
2025-06-09 19:22:07 - INFO - early stop in epoch 612
2025-06-09 19:22:07 - INFO - best_rmse: 1.2149
2025-06-09 19:22:11 - INFO - valid_rmse-1.2149, valid_pr-0.7566, test2013_rmse-1.5312, test2013_pr-0.7604, test2016_rmse-1.2987, test2016_pr-0.8084, test2019_rmse-1.4089, test2019_pr-0.6331,
